1000, 3560, 0, 0
1000, 1589, 1, 0
2000, 3586, 0, 0
2000, 1499, 1, 0
3000, 3448, 0, 0
3000, 1482, 1, 0
4000, 3446, 0, 0
4000, 1426, 1, 0
5000, 3534, 0, 0
5000, 1456, 1, 0
6000, 3640, 0, 0
6000, 1599, 1, 0
7000, 3602, 0, 0
7000, 1569, 1, 0
8000, 3602, 0, 0
8000, 1558, 1, 0
9000, 3638, 0, 0
9000, 1484, 1, 0
10000, 3514, 0, 0
10000, 1560, 1, 0
11000, 4822, 0, 0
11000, 2059, 1, 0
12000, 3638, 0, 0
12000, 1497, 1, 0
13000, 3520, 0, 0
13000, 1574, 1, 0
14000, 3535, 0, 0
14000, 1562, 1, 0
15000, 3441, 0, 0
15000, 1457, 1, 0
16000, 3607, 0, 0
16000, 1459, 1, 0
17000, 4255, 0, 0
17000, 1715, 1, 0
18000, 3606, 0, 0
18000, 1504, 1, 0
19000, 3677, 0, 0
19000, 1611, 1, 0
20000, 4070, 0, 0
20000, 1796, 1, 0
21000, 3546, 0, 0
21000, 1494, 1, 0
22000, 3526, 0, 0
22000, 1586, 1, 0
23000, 3702, 0, 0
23000, 1612, 1, 0
24000, 3586, 0, 0
24000, 1519, 1, 0
25000, 3560, 0, 0
25000, 1511, 1, 0
26000, 3727, 0, 0
26000, 1602, 1, 0
27000, 3725, 0, 0
27000, 1523, 1, 0
28000, 3738, 0, 0
28000, 1577, 1, 0
29000, 3437, 0, 0
29000, 1583, 1, 0
30000, 4267, 0, 0
30000, 1820, 1, 0
31000, 3693, 0, 0
31000, 1574, 1, 0
32000, 3713, 0, 0
32000, 1564, 1, 0
33000, 3529, 0, 0
33000, 1546, 1, 0
34000, 3561, 0, 0
34000, 1546, 1, 0
35000, 3820, 0, 0
35000, 1577, 1, 0
36000, 3721, 0, 0
36000, 1591, 1, 0
37000, 3720, 0, 0
37000, 1588, 1, 0
38000, 3602, 0, 0
38000, 1620, 1, 0
39000, 5389, 0, 0
39000, 2256, 1, 0
40000, 3684, 0, 0
40000, 1537, 1, 0
41000, 3560, 0, 0
41000, 1527, 1, 0
42000, 3546, 0, 0
42000, 1620, 1, 0
43000, 4609, 0, 0
43000, 1952, 1, 0
44000, 4799, 0, 0
44000, 2088, 1, 0
45000, 3613, 0, 0
45000, 1622, 1, 0
46000, 3606, 0, 0
46000, 1552, 1, 0
47000, 3739, 0, 0
47000, 1678, 1, 0
48000, 3555, 0, 0
48000, 1543, 1, 0
49000, 4053, 0, 0
49000, 1790, 1, 0
50000, 4702, 0, 0
50000, 1967, 1, 0
51000, 5989, 0, 0
51000, 2581, 1, 0
52000, 10191, 0, 0
52000, 4461, 1, 0
53000, 3543, 0, 0
53000, 1581, 1, 0
54000, 5458, 0, 0
54000, 2360, 1, 0
55000, 3591, 0, 0
55000, 1542, 1, 0
56000, 3435, 0, 0
56000, 1485, 1, 0
57000, 3569, 0, 0
57000, 1481, 1, 0
58000, 3618, 0, 0
58000, 1513, 1, 0
59000, 3732, 0, 0
59000, 1548, 1, 0
60000, 3515, 0, 0
60000, 1544, 1, 0
61000, 3607, 0, 0
61000, 1522, 1, 0
62000, 3594, 0, 0
62000, 1456, 1, 0
63000, 3578, 0, 0
63000, 1557, 1, 0
64000, 3618, 0, 0
64000, 1576, 1, 0
65000, 4042, 0, 0
65000, 1710, 1, 0
66000, 7978, 0, 0
66000, 3487, 1, 0
67000, 3762, 0, 0
67000, 1513, 1, 0
68000, 3501, 0, 0
68000, 1617, 1, 0
69000, 5410, 0, 0
69000, 2347, 1, 0
70000, 3539, 0, 0
70000, 1553, 1, 0
71000, 3719, 0, 0
71000, 1611, 1, 0
72000, 3551, 0, 0
72000, 1611, 1, 0
73000, 3609, 0, 0
73000, 1481, 1, 0
74000, 8465, 0, 0
74000, 3578, 1, 0
75000, 7872, 0, 0
75000, 3349, 1, 0
76000, 3572, 0, 0
76000, 1487, 1, 0
77000, 3564, 0, 0
77000, 1542, 1, 0
78000, 3618, 0, 0
78000, 1614, 1, 0
79000, 3725, 0, 0
79000, 1555, 1, 0
80000, 3505, 0, 0
80000, 1506, 1, 0
81000, 3571, 0, 0
81000, 1513, 1, 0
82000, 3683, 0, 0
82000, 1627, 1, 0
83000, 3582, 0, 0
83000, 1575, 1, 0
84000, 3539, 0, 0
84000, 1598, 1, 0
85000, 3537, 0, 0
85000, 1538, 1, 0
86000, 3498, 0, 0
86000, 1552, 1, 0
87000, 3604, 0, 0
87000, 1592, 1, 0
88000, 3631, 0, 0
88000, 1488, 1, 0
89000, 3629, 0, 0
89000, 1569, 1, 0
90000, 3654, 0, 0
90000, 1586, 1, 0
91000, 3615, 0, 0
91000, 1535, 1, 0
92000, 3501, 0, 0
92000, 1526, 1, 0
93000, 3628, 0, 0
93000, 1537, 1, 0
94001, 3486, 0, 0
94001, 1638, 1, 0
95000, 3781, 0, 0
95000, 1528, 1, 0
96000, 3917, 0, 0
96000, 1685, 1, 0
97000, 7415, 0, 0
97000, 3042, 1, 0
98000, 3907, 0, 0
98000, 1638, 1, 0
99000, 4507, 0, 0
99000, 2038, 1, 0
100000, 3569, 0, 0
100000, 1508, 1, 0
101000, 3622, 0, 0
101000, 1483, 1, 0
102000, 3591, 0, 0
102000, 1528, 1, 0
103000, 3893, 0, 0
103000, 1678, 1, 0
104000, 3640, 0, 0
104000, 1600, 1, 0
105001, 3602, 0, 0
105001, 1484, 1, 0
106000, 3594, 0, 0
106000, 1551, 1, 0
107000, 3671, 0, 0
107000, 1548, 1, 0
108000, 3586, 0, 0
108000, 1537, 1, 0
109000, 3556, 0, 0
109000, 1497, 1, 0
110000, 3682, 0, 0
110000, 1475, 1, 0
111000, 3499, 0, 0
111000, 1564, 1, 0
112000, 4903, 0, 0
112000, 2110, 1, 0
113000, 7088, 0, 0
113000, 2914, 1, 0
114000, 3489, 0, 0
114000, 1532, 1, 0
115000, 3943, 0, 0
115000, 1676, 1, 0
116000, 3431, 0, 0
116000, 1490, 1, 0
117000, 8832, 0, 0
117000, 3779, 1, 0
118000, 3491, 0, 0
118000, 1531, 1, 0
119000, 3618, 0, 0
119000, 1546, 1, 0
120000, 4829, 0, 0
120000, 2008, 1, 0
121000, 3565, 0, 0
121000, 1534, 1, 0
122000, 3540, 0, 0
122000, 1524, 1, 0
123000, 5876, 0, 0
123000, 2570, 1, 0
124000, 11174, 0, 0
124000, 4905, 1, 0
125000, 3575, 0, 0
125000, 1497, 1, 0
126000, 3596, 0, 0
126000, 1547, 1, 0
127000, 3702, 0, 0
127000, 1588, 1, 0
128000, 3569, 0, 0
128000, 1518, 1, 0
129000, 3542, 0, 0
129000, 1514, 1, 0
130000, 3543, 0, 0
130000, 1487, 1, 0
131000, 3754, 0, 0
131000, 1562, 1, 0
132000, 3673, 0, 0
132000, 1632, 1, 0
133000, 3498, 0, 0
133000, 1563, 1, 0
134000, 3477, 0, 0
134000, 1563, 1, 0
135000, 8403, 0, 0
135000, 3700, 1, 0
136000, 9302, 0, 0
136000, 4019, 1, 0
137000, 3576, 0, 0
137000, 1519, 1, 0
138000, 3517, 0, 0
138000, 1480, 1, 0
139000, 3648, 0, 0
139000, 1641, 1, 0
140001, 3460, 0, 0
140001, 1487, 1, 0
141000, 4137, 0, 0
141000, 1859, 1, 0
142000, 6215, 0, 0
142000, 2630, 1, 0
143000, 3789, 0, 0
143000, 1533, 1, 0
144000, 3568, 0, 0
144000, 1554, 1, 0
145000, 3625, 0, 0
145000, 1513, 1, 0
146001, 3627, 0, 0
146001, 1582, 1, 0
147000, 4067, 0, 0
147000, 1716, 1, 0
148000, 3705, 0, 0
148000, 1601, 1, 0
149000, 3585, 0, 0
149000, 1554, 1, 0
150000, 3578, 0, 0
150000, 1519, 1, 0
151000, 3575, 0, 0
151000, 1489, 1, 0
152000, 4215, 0, 0
152000, 1799, 1, 0
153000, 3552, 0, 0
153000, 1534, 1, 0
154000, 3754, 0, 0
154000, 1505, 1, 0
155000, 3712, 0, 0
155000, 1495, 1, 0
156000, 4015, 0, 0
156000, 1681, 1, 0
157000, 3533, 0, 0
157000, 1514, 1, 0
158000, 3522, 0, 0
158000, 1504, 1, 0
159000, 3658, 0, 0
159000, 1542, 1, 0
160000, 3545, 0, 0
160000, 1516, 1, 0
161000, 3997, 0, 0
161000, 1709, 1, 0
162000, 3562, 0, 0
162000, 1521, 1, 0
163000, 3733, 0, 0
163000, 1592, 1, 0
164000, 3606, 0, 0
164000, 1562, 1, 0
165000, 3544, 0, 0
165000, 1485, 1, 0
166000, 3468, 0, 0
166000, 1513, 1, 0
167000, 4372, 0, 0
167000, 1869, 1, 0
168000, 3658, 0, 0
168000, 1507, 1, 0
169000, 3360, 0, 0
169000, 1455, 1, 0
170000, 3438, 0, 0
170000, 1544, 1, 0
171000, 5411, 0, 0
171000, 2276, 1, 0
172000, 4163, 0, 0
172000, 1814, 1, 0
173000, 4860, 0, 0
173000, 2146, 1, 0
174000, 7659, 0, 0
174000, 3146, 1, 0
175000, 7832, 0, 0
175000, 3311, 1, 0
176000, 3856, 0, 0
176000, 1640, 1, 0
177000, 3412, 0, 0
177000, 1413, 1, 0
178000, 4219, 0, 0
178000, 1871, 1, 0
179000, 3803, 0, 0
179000, 1662, 1, 0
180000, 3596, 0, 0
180000, 1567, 1, 0
181000, 5261, 0, 0
181000, 2210, 1, 0
182000, 4607, 0, 0
182000, 1924, 1, 0
183000, 4367, 0, 0
183000, 1885, 1, 0
184000, 3637, 0, 0
184000, 1529, 1, 0
185000, 3383, 0, 0
185000, 1447, 1, 0
186000, 3312, 0, 0
186000, 1501, 1, 0
187000, 3823, 0, 0
187000, 1674, 1, 0
188000, 4910, 0, 0
188000, 2051, 1, 0
189000, 3461, 0, 0
189000, 1436, 1, 0
190000, 3374, 0, 0
190000, 1488, 1, 0
191000, 4006, 0, 0
191000, 1639, 1, 0
192000, 5837, 0, 0
192000, 2530, 1, 0
193000, 5623, 0, 0
193000, 2399, 1, 0
194000, 5663, 0, 0
194000, 2361, 1, 0
195000, 3803, 0, 0
195000, 1711, 1, 0
196000, 4147, 0, 0
196000, 1748, 1, 0
197000, 3395, 0, 0
197000, 1478, 1, 0
198000, 3341, 0, 0
198000, 1513, 1, 0
199000, 3942, 0, 0
199000, 1668, 1, 0
200000, 3658, 0, 0
200000, 1535, 1, 0
201000, 4735, 0, 0
201000, 2042, 1, 0
202000, 7354, 0, 0
202000, 3116, 1, 0
203000, 4520, 0, 0
203000, 1971, 1, 0
204000, 4329, 0, 0
204000, 1829, 1, 0
205000, 4206, 0, 0
205000, 1787, 1, 0
206000, 6500, 0, 0
206000, 2856, 1, 0
207000, 4964, 0, 0
207000, 2142, 1, 0
208000, 4098, 0, 0
208000, 1689, 1, 0
209000, 4088, 0, 0
209000, 1669, 1, 0
210000, 4646, 0, 0
210000, 2048, 1, 0
211000, 4684, 0, 0
211000, 2045, 1, 0
212000, 4008, 0, 0
212000, 1789, 1, 0
213000, 4279, 0, 0
213000, 1908, 1, 0
214000, 4300, 0, 0
214000, 1829, 1, 0
215000, 4511, 0, 0
215000, 1959, 1, 0
216000, 5374, 0, 0
216000, 2367, 1, 0
217000, 4668, 0, 0
217000, 1938, 1, 0
218000, 5850, 0, 0
218000, 2474, 1, 0
219000, 4220, 0, 0
219000, 1886, 1, 0
220000, 12172, 0, 0
220000, 5211, 1, 0
221000, 4260, 0, 0
221000, 1886, 1, 0
222000, 4000, 0, 0
222000, 1631, 1, 0
223000, 4751, 0, 0
223000, 2016, 1, 0
224000, 4467, 0, 0
224000, 1946, 1, 0
225000, 4028, 0, 0
225000, 1716, 1, 0
226000, 4115, 0, 0
226000, 1760, 1, 0
227000, 4438, 0, 0
227000, 1943, 1, 0
228000, 4219, 0, 0
228000, 1855, 1, 0
229000, 4024, 0, 0
229000, 1692, 1, 0
230000, 3864, 0, 0
230000, 1632, 1, 0
231000, 4459, 0, 0
231000, 1800, 1, 0
232000, 4552, 0, 0
232000, 1908, 1, 0
233000, 3968, 0, 0
233000, 1659, 1, 0
234000, 3977, 0, 0
234000, 1737, 1, 0
235000, 4458, 0, 0
235000, 1839, 1, 0
236000, 5495, 0, 0
236000, 2417, 1, 0
237000, 6285, 0, 0
237000, 2632, 1, 0
238000, 3885, 0, 0
238000, 1715, 1, 0
239000, 5637, 0, 0
239000, 2328, 1, 0
240000, 4300, 0, 0
240000, 1824, 1, 0
241000, 4006, 0, 0
241000, 1758, 1, 0
242000, 7509, 0, 0
242000, 3267, 1, 0
243000, 4799, 0, 0
243000, 2035, 1, 0
244000, 4157, 0, 0
244000, 1774, 1, 0
245000, 4157, 0, 0
245000, 1657, 1, 0
246000, 4712, 0, 0
246000, 2019, 1, 0
247000, 4868, 0, 0
247000, 2071, 1, 0
248000, 4267, 0, 0
248000, 1835, 1, 0
249000, 5570, 0, 0
249000, 2509, 1, 0
250000, 3898, 0, 0
250000, 1695, 1, 0
251000, 6314, 0, 0
251000, 2547, 1, 0
252001, 4683, 0, 0
252001, 2064, 1, 0
253000, 3912, 0, 0
253000, 1700, 1, 0
254000, 4189, 0, 0
254000, 1864, 1, 0
255000, 5896, 0, 0
255000, 2465, 1, 0
256000, 4506, 0, 0
256000, 1917, 1, 0
257000, 3902, 0, 0
257000, 1680, 1, 0
258000, 3920, 0, 0
258000, 1730, 1, 0
259000, 4383, 0, 0
259000, 1978, 1, 0
260001, 4431, 0, 0
260001, 1868, 1, 0
261000, 4025, 0, 0
261000, 1707, 1, 0
262000, 4478, 0, 0
262000, 1891, 1, 0
263000, 4854, 0, 0
263000, 2060, 1, 0
264000, 3886, 0, 0
264000, 1676, 1, 0
265000, 3979, 0, 0
265000, 1767, 1, 0
266000, 3913, 0, 0
266000, 1723, 1, 0
267000, 5857, 0, 0
267000, 2472, 1, 0
268000, 4109, 0, 0
268000, 1786, 1, 0
269000, 3787, 0, 0
269000, 1680, 1, 0
270000, 7287, 0, 0
270000, 3040, 1, 0
271000, 4601, 0, 0
271000, 1984, 1, 0
272000, 4492, 0, 0
272000, 1966, 1, 0
273000, 3976, 0, 0
273000, 1721, 1, 0
274000, 4004, 0, 0
274000, 1786, 1, 0
275000, 4551, 0, 0
275000, 1921, 1, 0
276000, 4087, 0, 0
276000, 1700, 1, 0
277000, 4852, 0, 0
277000, 2092, 1, 0
278000, 4399, 0, 0
278000, 1853, 1, 0
279001, 5280, 0, 0
279001, 2242, 1, 0
280000, 4690, 0, 0
280000, 1981, 1, 0
281000, 4297, 0, 0
281000, 1841, 1, 0
282000, 3702, 0, 0
282000, 1596, 1, 0
283000, 4457, 0, 0
283000, 1941, 1, 0
284000, 4071, 0, 0
284000, 1759, 1, 0
285000, 4077, 0, 0
285000, 1731, 1, 0
286000, 3962, 0, 0
286000, 1595, 1, 0
287000, 9222, 0, 0
287000, 4009, 1, 0
288000, 4633, 0, 0
288000, 1955, 1, 0
289000, 4386, 0, 0
289000, 1873, 1, 0
290000, 4620, 0, 0
290000, 1982, 1, 0
291000, 4422, 0, 0
291000, 1933, 1, 0
292000, 4288, 0, 0
292000, 1804, 1, 0
293000, 4253, 0, 0
293000, 1844, 1, 0
294000, 4327, 0, 0
294000, 1943, 1, 0
295000, 5112, 0, 0
295000, 2106, 1, 0
296000, 4183, 0, 0
296000, 1752, 1, 0
297000, 4298, 0, 0
297000, 1816, 1, 0
298000, 7389, 0, 0
298000, 3242, 1, 0
299000, 7406, 0, 0
299000, 3159, 1, 0
300000, 4247, 0, 0
300000, 1925, 1, 0
301000, 8466, 0, 0
301000, 3792, 1, 0
302000, 4209, 0, 0
302000, 1842, 1, 0
303000, 4578, 0, 0
303000, 1963, 1, 0
304000, 4588, 0, 0
304000, 1930, 1, 0
305000, 4113, 0, 0
305000, 1828, 1, 0
306000, 4685, 0, 0
306000, 2014, 1, 0
307000, 4565, 0, 0
307000, 1925, 1, 0
308000, 4444, 0, 0
308000, 2033, 1, 0
309000, 3690, 0, 0
309000, 1507, 1, 0
310000, 3766, 0, 0
310000, 1659, 1, 0
311000, 4250, 0, 0
311000, 1768, 1, 0
312000, 4958, 0, 0
312000, 2180, 1, 0
313000, 3930, 0, 0
313000, 1722, 1, 0
314000, 3764, 0, 0
314000, 1599, 1, 0
315000, 4536, 0, 0
315000, 1931, 1, 0
316000, 4147, 0, 0
316000, 1773, 1, 0
317000, 6908, 0, 0
317000, 3075, 1, 0
318000, 4008, 0, 0
318000, 1672, 1, 0
319000, 5147, 0, 0
319000, 2195, 1, 0
320000, 3935, 0, 0
320000, 1682, 1, 0
321000, 4346, 0, 0
321000, 1864, 1, 0
322000, 4026, 0, 0
322000, 1734, 1, 0
323000, 4738, 0, 0
323000, 1944, 1, 0
324001, 4313, 0, 0
324001, 1829, 1, 0
325000, 7471, 0, 0
325000, 3019, 1, 0
326000, 7106, 0, 0
326000, 2970, 1, 0
327000, 4456, 0, 0
327000, 1959, 1, 0
328000, 3903, 0, 0
328000, 1638, 1, 0
329000, 3734, 0, 0
329000, 1596, 1, 0
330000, 3752, 0, 0
330000, 1543, 1, 0
331000, 4159, 0, 0
331000, 1884, 1, 0
332000, 4743, 0, 0
332000, 2033, 1, 0
333000, 3939, 0, 0
333000, 1674, 1, 0
334000, 4599, 0, 0
334000, 1999, 1, 0
335000, 5008, 0, 0
335000, 2202, 1, 0
336000, 4058, 0, 0
336000, 1728, 1, 0
337000, 4348, 0, 0
337000, 1933, 1, 0
338000, 4046, 0, 0
338000, 1726, 1, 0
339000, 4138, 0, 0
339000, 1785, 1, 0
340001, 6455, 0, 0
340001, 2789, 1, 0
341000, 3787, 0, 0
341000, 1659, 1, 0
342000, 3695, 0, 0
342000, 1635, 1, 0
343000, 4069, 0, 0
343000, 1756, 1, 0
344000, 4254, 0, 0
344000, 1895, 1, 0
345000, 4260, 0, 0
345000, 1895, 1, 0
346000, 4630, 0, 0
346000, 1879, 1, 0
347000, 4689, 0, 0
347000, 2048, 1, 0
348000, 4513, 0, 0
348000, 1993, 1, 0
349000, 3728, 0, 0
349000, 1607, 1, 0
350000, 3472, 0, 0
350000, 1450, 1, 0
351000, 11332, 0, 0
351000, 4858, 1, 0
352000, 4533, 0, 0
352000, 1950, 1, 0
353000, 3953, 0, 0
353000, 1725, 1, 0
354000, 4546, 0, 0
354000, 1822, 1, 0
355000, 7561, 0, 0
355000, 3304, 1, 0
356000, 8198, 0, 0
356000, 3436, 1, 0
357000, 4544, 0, 0
357000, 1993, 1, 0
358000, 3599, 0, 0
358000, 1601, 1, 0
359000, 4628, 0, 0
359000, 2069, 1, 0
360000, 4395, 0, 0
360000, 1855, 1, 0
361000, 4197, 0, 0
361000, 1802, 1, 0
362000, 4369, 0, 0
362000, 1884, 1, 0
363000, 3813, 0, 0
363000, 1619, 1, 0
364000, 4693, 0, 0
364000, 1999, 1, 0
365000, 4379, 0, 0
365000, 1862, 1, 0
366000, 8214, 0, 0
366000, 3508, 1, 0
367000, 5202, 0, 0
367000, 2230, 1, 0
368000, 12161, 0, 0
368000, 5120, 1, 0
369000, 5296, 0, 0
369000, 2205, 1, 0
370000, 6678, 0, 0
370000, 2890, 1, 0
371000, 5183, 0, 0
371000, 2268, 1, 0
372000, 4888, 0, 0
372000, 2106, 1, 0
373000, 4300, 0, 0
373000, 1806, 1, 0
374000, 7875, 0, 0
374000, 3327, 1, 0
375000, 4618, 0, 0
375000, 1900, 1, 0
376000, 4521, 0, 0
376000, 2000, 1, 0
377000, 4605, 0, 0
377000, 1930, 1, 0
378000, 3985, 0, 0
378000, 1658, 1, 0
379000, 4954, 0, 0
379000, 2071, 1, 0
380000, 4064, 0, 0
380000, 1901, 1, 0
381000, 9005, 0, 0
381000, 3922, 1, 0
382000, 4455, 0, 0
382000, 1755, 1, 0
383000, 6636, 0, 0
383000, 2777, 1, 0
384000, 4401, 0, 0
384000, 1864, 1, 0
385000, 4790, 0, 0
385000, 1968, 1, 0
386000, 5246, 0, 0
386000, 2205, 1, 0
387000, 4848, 0, 0
387000, 2120, 1, 0
388000, 5346, 0, 0
388000, 2336, 1, 0
389000, 4724, 0, 0
389000, 2086, 1, 0
390000, 4270, 0, 0
390000, 1840, 1, 0
391000, 4829, 0, 0
391000, 1990, 1, 0
392000, 4229, 0, 0
392000, 1897, 1, 0
393001, 5286, 0, 0
393001, 2330, 1, 0
394000, 4160, 0, 0
394000, 1701, 1, 0
395000, 4311, 0, 0
395000, 1840, 1, 0
396000, 12567, 0, 0
396000, 5548, 1, 0
397000, 5036, 0, 0
397000, 2102, 1, 0
398000, 11105, 0, 0
398000, 4769, 1, 0
399000, 9813, 0, 0
399000, 4092, 1, 0
400000, 4364, 0, 0
400000, 1844, 1, 0
401000, 4465, 0, 0
401000, 1862, 1, 0
402000, 4383, 0, 0
402000, 1966, 1, 0
403000, 4997, 0, 0
403000, 2073, 1, 0
404000, 4512, 0, 0
404000, 1880, 1, 0
405000, 4270, 0, 0
405000, 1810, 1, 0
406000, 3927, 0, 0
406000, 1697, 1, 0
407000, 4315, 0, 0
407000, 1913, 1, 0
408000, 4566, 0, 0
408000, 1928, 1, 0
409000, 3899, 0, 0
409000, 1673, 1, 0
410000, 4121, 0, 0
410000, 1805, 1, 0
411000, 5192, 0, 0
411000, 2213, 1, 0
412000, 4333, 0, 0
412000, 1875, 1, 0
413000, 4772, 0, 0
413000, 2054, 1, 0
414000, 3996, 0, 0
414000, 1599, 1, 0
415000, 7821, 0, 0
415000, 3285, 1, 0
416001, 3990, 0, 0
416001, 1756, 1, 0
417000, 4560, 0, 0
417000, 1877, 1, 0
418000, 4078, 0, 0
418000, 1703, 1, 0
419000, 5645, 0, 0
419000, 2451, 1, 0
420000, 3803, 0, 0
420000, 1623, 1, 0
421000, 3941, 0, 0
421000, 1774, 1, 0
422000, 4641, 0, 0
422000, 1986, 1, 0
423000, 4366, 0, 0
423000, 1954, 1, 0
424000, 4926, 0, 0
424000, 2067, 1, 0
425000, 3670, 0, 0
425000, 1634, 1, 0
426000, 4717, 0, 0
426000, 1957, 1, 0
427000, 4428, 0, 0
427000, 1809, 1, 0
428000, 5831, 0, 0
428000, 2466, 1, 0
429000, 6547, 0, 0
429000, 2706, 1, 0
430000, 3866, 0, 0
430000, 1782, 1, 0
431000, 4498, 0, 0
431000, 1984, 1, 0
432000, 4825, 0, 0
432000, 2041, 1, 0
433000, 4291, 0, 0
433000, 1898, 1, 0
434000, 7331, 0, 0
434000, 3163, 1, 0
435000, 5158, 0, 0
435000, 2147, 1, 0
436000, 4234, 0, 0
436000, 1879, 1, 0
437000, 4176, 0, 0
437000, 1770, 1, 0
438000, 4042, 0, 0
438000, 1623, 1, 0
439000, 4193, 0, 0
439000, 1879, 1, 0
440000, 3877, 0, 0
440000, 1698, 1, 0
441000, 4038, 0, 0
441000, 1654, 1, 0
442000, 4206, 0, 0
442000, 1846, 1, 0
443000, 4065, 0, 0
443000, 1832, 1, 0
444000, 5160, 0, 0
444000, 2323, 1, 0
445000, 4166, 0, 0
445000, 1837, 1, 0
446000, 3879, 0, 0
446000, 1646, 1, 0
447000, 3794, 0, 0
447000, 1624, 1, 0
448000, 3796, 0, 0
448000, 1589, 1, 0
449000, 3309, 0, 0
449000, 1455, 1, 0
450000, 4153, 0, 0
450000, 1793, 1, 0
451000, 4398, 0, 0
451000, 1859, 1, 0
452000, 3584, 0, 0
452000, 1575, 1, 0
453000, 3658, 0, 0
453000, 1528, 1, 0
454000, 3432, 0, 0
454000, 1425, 1, 0
455000, 3940, 0, 0
455000, 1696, 1, 0
456000, 4110, 0, 0
456000, 1811, 1, 0
457000, 3651, 0, 0
457000, 1555, 1, 0
458000, 3620, 0, 0
458000, 1518, 1, 0
459000, 4012, 0, 0
459000, 1655, 1, 0
460000, 4019, 0, 0
460000, 1697, 1, 0
461000, 4197, 0, 0
461000, 1812, 1, 0
462000, 4644, 0, 0
462000, 1958, 1, 0
463000, 4873, 0, 0
463000, 2075, 1, 0
464000, 4300, 0, 0
464000, 1901, 1, 0
465000, 3991, 0, 0
465000, 1716, 1, 0
466000, 3873, 0, 0
466000, 1650, 1, 0
467000, 5114, 0, 0
467000, 2141, 1, 0
468000, 5668, 0, 0
468000, 2434, 1, 0
469001, 5751, 0, 0
469001, 2529, 1, 0
470000, 4235, 0, 0
470000, 1864, 1, 0
471000, 4578, 0, 0
471000, 1931, 1, 0
472000, 3616, 0, 0
472000, 1636, 1, 0
473000, 3912, 0, 0
473000, 1596, 1, 0
474000, 3540, 0, 0
474000, 1575, 1, 0
475000, 5204, 0, 0
475000, 2291, 1, 0
476000, 7730, 0, 0
476000, 3331, 1, 0
477000, 3518, 0, 0
477000, 1507, 1, 0
478000, 4083, 0, 0
478000, 1816, 1, 0
479000, 4459, 0, 0
479000, 1849, 1, 0
480001, 3311, 0, 0
480001, 1505, 1, 0
481000, 3926, 0, 0
481000, 1638, 1, 0
482000, 4662, 0, 0
482000, 1953, 1, 0
483000, 5856, 0, 0
483000, 2411, 1, 0
484000, 4672, 0, 0
484000, 2046, 1, 0
485000, 9516, 0, 0
485000, 4132, 1, 0
486000, 3933, 0, 0
486000, 1754, 1, 0
487000, 5150, 0, 0
487000, 2190, 1, 0
488000, 3937, 0, 0
488000, 1818, 1, 0
489000, 4497, 0, 0
489000, 1867, 1, 0
490000, 3886, 0, 0
490000, 1653, 1, 0
491000, 4670, 0, 0
491000, 1991, 1, 0
492000, 3757, 0, 0
492000, 1600, 1, 0
493000, 4107, 0, 0
493000, 1807, 1, 0
494000, 4291, 0, 0
494000, 1838, 1, 0
495000, 4716, 0, 0
495000, 2121, 1, 0
496000, 3824, 0, 0
496000, 1698, 1, 0
497000, 3626, 0, 0
497000, 1556, 1, 0
498000, 4162, 0, 0
498000, 1791, 1, 0
499000, 4387, 0, 0
499000, 1874, 1, 0
500000, 5106, 0, 0
500000, 2082, 1, 0
501000, 4251, 0, 0
501000, 1879, 1, 0
502000, 4426, 0, 0
502000, 1870, 1, 0
503000, 4875, 0, 0
503000, 2037, 1, 0
504000, 7640, 0, 0
504000, 3199, 1, 0
505000, 6051, 0, 0
505000, 2566, 1, 0
506000, 4048, 0, 0
506000, 1765, 1, 0
507000, 4520, 0, 0
507000, 1933, 1, 0
508000, 4582, 0, 0
508000, 1965, 1, 0
509000, 4226, 0, 0
509000, 1760, 1, 0
510000, 3888, 0, 0
510000, 1636, 1, 0
511000, 20639, 0, 0
511000, 8855, 1, 0
512000, 4379, 0, 0
512000, 1862, 1, 0
513000, 4404, 0, 0
513000, 1884, 1, 0
514000, 4375, 0, 0
514000, 1938, 1, 0
515000, 4842, 0, 0
515000, 2060, 1, 0
516000, 3917, 0, 0
516000, 1705, 1, 0
517000, 3891, 0, 0
517000, 1672, 1, 0
518000, 3992, 0, 0
518000, 1669, 1, 0
519000, 4771, 0, 0
519000, 2061, 1, 0
520000, 4500, 0, 0
520000, 1985, 1, 0
521000, 5008, 0, 0
521000, 2117, 1, 0
522000, 4516, 0, 0
522000, 1969, 1, 0
523000, 4763, 0, 0
523000, 2034, 1, 0
524000, 5163, 0, 0
524000, 2256, 1, 0
525000, 4800, 0, 0
525000, 2083, 1, 0
526000, 5024, 0, 0
526000, 2089, 1, 0
527000, 5252, 0, 0
527000, 2164, 1, 0
528000, 5097, 0, 0
528000, 2120, 1, 0
529000, 5352, 0, 0
529000, 2229, 1, 0
530000, 4542, 0, 0
530000, 1919, 1, 0
531000, 4897, 0, 0
531000, 2117, 1, 0
532000, 4132, 0, 0
532000, 1768, 1, 0
533000, 4411, 0, 0
533000, 1895, 1, 0
534000, 4445, 0, 0
534000, 1986, 1, 0
535000, 5873, 0, 0
535000, 2468, 1, 0
536000, 4123, 0, 0
536000, 1836, 1, 0
537000, 6186, 0, 0
537000, 2721, 1, 0
538000, 4896, 0, 0
538000, 2001, 1, 0
539000, 4151, 0, 0
539000, 1787, 1, 0
540000, 3973, 0, 0
540000, 1796, 1, 0
541000, 4111, 0, 0
541000, 1757, 1, 0
542000, 4633, 0, 0
542000, 1993, 1, 0
543000, 4998, 0, 0
543000, 2165, 1, 0
544000, 9187, 0, 0
544000, 3877, 1, 0
545000, 4862, 0, 0
545000, 2015, 1, 0
546000, 4725, 0, 0
546000, 2017, 1, 0
547000, 5204, 0, 0
547000, 2191, 1, 0
548000, 4454, 0, 0
548000, 1902, 1, 0
549000, 6271, 0, 0
549000, 2688, 1, 0
550000, 4682, 0, 0
550000, 2030, 1, 0
551000, 4836, 0, 0
551000, 2119, 1, 0
552000, 4478, 0, 0
552000, 1968, 1, 0
553000, 7575, 0, 0
553000, 3240, 1, 0
554000, 18903, 0, 0
554000, 8038, 1, 0
555000, 5033, 0, 0
555000, 2133, 1, 0
556000, 4370, 0, 0
556000, 1895, 1, 0
557000, 4234, 0, 0
557000, 1821, 1, 0
558000, 4003, 0, 0
558000, 1726, 1, 0
559000, 6156, 0, 0
559000, 2649, 1, 0
560000, 4462, 0, 0
560000, 1954, 1, 0
561000, 4638, 0, 0
561000, 1931, 1, 0
562000, 4314, 0, 0
562000, 1855, 1, 0
563000, 4892, 0, 0
563000, 2038, 1, 0
564000, 5573, 0, 0
564000, 2413, 1, 0
565000, 4381, 0, 0
565000, 1822, 1, 0
566000, 3979, 0, 0
566000, 1596, 1, 0
567000, 4959, 0, 0
567000, 2064, 1, 0
568000, 4923, 0, 0
568000, 2146, 1, 0
569000, 4531, 0, 0
569000, 2030, 1, 0
570000, 3953, 0, 0
570000, 1653, 1, 0
571000, 4939, 0, 0
571000, 2143, 1, 0
572000, 3899, 0, 0
572000, 1754, 1, 0
573000, 3584, 0, 0
573000, 1507, 1, 0
574000, 3784, 0, 0
574000, 1638, 1, 0
575000, 4238, 0, 0
575000, 1839, 1, 0
576000, 4015, 0, 0
576000, 1599, 1, 0
577000, 4195, 0, 0
577000, 1847, 1, 0
578000, 4137, 0, 0
578000, 1751, 1, 0
579000, 5440, 0, 0
579000, 2261, 1, 0
580000, 4140, 0, 0
580000, 1776, 1, 0
581000, 5313, 0, 0
581000, 2137, 1, 0
582000, 4805, 0, 0
582000, 2026, 1, 0
583000, 5305, 0, 0
583000, 2261, 1, 0
584000, 4340, 0, 0
584000, 1813, 1, 0
585000, 4264, 0, 0
585000, 1858, 1, 0
586000, 4409, 0, 0
586000, 1756, 1, 0
587000, 4917, 0, 0
587000, 2122, 1, 0
588000, 3856, 0, 0
588000, 1770, 1, 0
589000, 3504, 0, 0
589000, 1515, 1, 0
590000, 4651, 0, 0
590000, 1928, 1, 0
591000, 4844, 0, 0
591000, 2093, 1, 0
592000, 3964, 0, 0
592000, 1744, 1, 0
593000, 3852, 0, 0
593000, 1706, 1, 0
594000, 3761, 0, 0
594000, 1629, 1, 0
595000, 4829, 0, 0
595000, 2078, 1, 0
596000, 3748, 0, 0
596000, 1696, 1, 0
597000, 3985, 0, 0
597000, 1729, 1, 0
598000, 3958, 0, 0
598000, 1632, 1, 0
599000, 4463, 0, 0
599000, 1882, 1, 0
600000, 3780, 0, 0
600000, 1622, 1, 0
601000, 4423, 0, 0
601000, 2020, 1, 0
602000, 4160, 0, 0
602000, 1810, 1, 0
603000, 5951, 0, 0
603000, 2465, 1, 0
604000, 13993, 0, 0
604000, 5932, 1, 0
605001, 4683, 0, 0
605001, 2000, 1, 0
606000, 6362, 0, 0
606000, 2763, 1, 0
607000, 4881, 0, 0
607000, 2149, 1, 0
608000, 4317, 0, 0
608000, 1734, 1, 0
609000, 5118, 0, 0
609000, 2088, 1, 0
610000, 4483, 0, 0
610000, 1807, 1, 0
611000, 5911, 0, 0
611000, 2472, 1, 0
612000, 8179, 0, 0
612000, 3482, 1, 0
613000, 6976, 0, 0
613000, 2834, 1, 0
614000, 4209, 0, 0
614000, 1771, 1, 0
615000, 4285, 0, 0
615000, 1870, 1, 0
616000, 4059, 0, 0
616000, 1758, 1, 0
617000, 4212, 0, 0
617000, 1841, 1, 0
618000, 4213, 0, 0
618000, 1775, 1, 0
619001, 12049, 0, 0
619001, 5200, 1, 0
620000, 3999, 0, 0
620000, 1762, 1, 0
621000, 4107, 0, 0
621000, 1792, 1, 0
622000, 4290, 0, 0
622000, 1826, 1, 0
623000, 4316, 0, 0
623000, 1876, 1, 0
624000, 3969, 0, 0
624000, 1776, 1, 0
625000, 4030, 0, 0
625000, 1702, 1, 0
626000, 4733, 0, 0
626000, 1999, 1, 0
627000, 6320, 0, 0
627000, 2642, 1, 0
628000, 6414, 0, 0
628000, 2763, 1, 0
629000, 4018, 0, 0
629000, 1814, 1, 0
630000, 3995, 0, 0
630000, 1811, 1, 0
631000, 4361, 0, 0
631000, 1795, 1, 0
632000, 4043, 0, 0
632000, 1870, 1, 0
633000, 3999, 0, 0
633000, 1686, 1, 0
634000, 3986, 0, 0
634000, 1677, 1, 0
635000, 5016, 0, 0
635000, 2235, 1, 0
636000, 4585, 0, 0
636000, 1922, 1, 0
637000, 4244, 0, 0
637000, 1785, 1, 0
638000, 4140, 0, 0
638000, 1730, 1, 0
639000, 4152, 0, 0
639000, 1823, 1, 0
640000, 3414, 0, 0
640000, 1380, 1, 0
641000, 3547, 0, 0
641000, 1550, 1, 0
642000, 3375, 0, 0
642000, 1427, 1, 0
643000, 5014, 0, 0
643000, 2105, 1, 0
644000, 6191, 0, 0
644000, 2699, 1, 0
645000, 3366, 0, 0
645000, 1459, 1, 0
646000, 3360, 0, 0
646000, 1517, 1, 0
647000, 4184, 0, 0
647000, 1881, 1, 0
648000, 4319, 0, 0
648000, 1805, 1, 0
649001, 3944, 0, 0
649001, 1679, 1, 0
650000, 3552, 0, 0
650000, 1680, 1, 0
651000, 4397, 0, 0
651000, 1869, 1, 0
652000, 3709, 0, 0
652000, 1647, 1, 0
653000, 4270, 0, 0
653000, 1752, 1, 0
654000, 3437, 0, 0
654000, 1467, 1, 0
655000, 3869, 0, 0
655000, 1627, 1, 0
656000, 3744, 0, 0
656000, 1587, 1, 0
657000, 3334, 0, 0
657000, 1481, 1, 0
658000, 3342, 0, 0
658000, 1515, 1, 0
659000, 3889, 0, 0
659000, 1811, 1, 0
660000, 3898, 0, 0
660000, 1614, 1, 0
661000, 3527, 0, 0
661000, 1469, 1, 0
662000, 3400, 0, 0
662000, 1504, 1, 0
663000, 3879, 0, 0
663000, 1666, 1, 0
664000, 3669, 0, 0
664000, 1578, 1, 0
665000, 3415, 0, 0
665000, 1530, 1, 0
666000, 3366, 0, 0
666000, 1396, 1, 0
667000, 3994, 0, 0
667000, 1682, 1, 0
668000, 3429, 0, 0
668000, 1393, 1, 0
669001, 3407, 0, 0
669001, 1481, 1, 0
670000, 3505, 0, 0
670000, 1513, 1, 0
671000, 4004, 0, 0
671000, 1771, 1, 0
672000, 3840, 0, 0
672000, 1559, 1, 0
673000, 3406, 0, 0
673000, 1460, 1, 0
674000, 3365, 0, 0
674000, 1452, 1, 0
675000, 5062, 0, 0
675000, 2086, 1, 0
676000, 4248, 0, 0
676000, 1805, 1, 0
677000, 6242, 0, 0
677000, 2713, 1, 0
678000, 5879, 0, 0
678000, 2535, 1, 0
679000, 4566, 0, 0
679000, 1939, 1, 0
680001, 3565, 0, 0
680001, 1532, 1, 0
681000, 3413, 0, 0
681000, 1406, 1, 0
682000, 3415, 0, 0
682000, 1487, 1, 0
683000, 3830, 0, 0
683000, 1708, 1, 0
684000, 3710, 0, 0
684000, 1552, 1, 0
685000, 4064, 0, 0
685000, 1783, 1, 0
686000, 3391, 0, 0
686000, 1467, 1, 0
687000, 4073, 0, 0
687000, 1706, 1, 0
688001, 3461, 0, 0
688001, 1461, 1, 0
689000, 3335, 0, 0
689000, 1531, 1, 0
690000, 3330, 0, 0
690000, 1495, 1, 0
691000, 4348, 0, 0
691000, 1912, 1, 0
692000, 3465, 0, 0
692000, 1497, 1, 0
693000, 4882, 0, 0
693000, 2020, 1, 0
694000, 4098, 0, 0
694000, 1792, 1, 0
695000, 4199, 0, 0
695000, 1879, 1, 0
696000, 3502, 0, 0
696000, 1468, 1, 0
697000, 3429, 0, 0
697000, 1527, 1, 0
698000, 3364, 0, 0
698000, 1477, 1, 0
699000, 3821, 0, 0
699000, 1648, 1, 0
700000, 4760, 0, 0
700000, 1976, 1, 0
701000, 4242, 0, 0
701000, 1759, 1, 0
702000, 3426, 0, 0
702000, 1458, 1, 0
703000, 3908, 0, 0
703000, 1648, 1, 0
704000, 3778, 0, 0
704000, 1628, 1, 0
705000, 3544, 0, 0
705000, 1538, 1, 0
706000, 4442, 0, 0
706000, 1883, 1, 0
707001, 6134, 0, 0
707001, 2638, 1, 0
708000, 3405, 0, 0
708000, 1480, 1, 0
709000, 3357, 0, 0
709000, 1457, 1, 0
710000, 3494, 0, 0
710000, 1507, 1, 0
711000, 4398, 0, 0
711000, 1852, 1, 0
712000, 3836, 0, 0
712000, 1582, 1, 0
713000, 4838, 0, 0
713000, 2043, 1, 0
714000, 3406, 0, 0
714000, 1422, 1, 0
715000, 4594, 0, 0
715000, 1993, 1, 0
716000, 3427, 0, 0
716000, 1556, 1, 0
717000, 3354, 0, 0
717000, 1491, 1, 0
718000, 3418, 0, 0
718000, 1406, 1, 0
719000, 4087, 0, 0
719000, 1835, 1, 0
720000, 3551, 0, 0
720000, 1596, 1, 0
721000, 3518, 0, 0
721000, 1469, 1, 0
722000, 3461, 0, 0
722000, 1569, 1, 0
723000, 4203, 0, 0
723000, 1829, 1, 0
724000, 3918, 0, 0
724000, 1646, 1, 0
725000, 4252, 0, 0
725000, 1755, 1, 0
726000, 3440, 0, 0
726000, 1452, 1, 0
727000, 4182, 0, 0
727000, 1808, 1, 0
728000, 4943, 0, 0
728000, 2193, 1, 0
729000, 4180, 0, 0
729000, 1817, 1, 0
730000, 3458, 0, 0
730000, 1463, 1, 0
731000, 4533, 0, 0
731000, 1928, 1, 0
732000, 3992, 0, 0
732000, 1716, 1, 0
733000, 4043, 0, 0
733000, 1718, 1, 0
734000, 3474, 0, 0
734000, 1522, 1, 0
735000, 4134, 0, 0
735000, 1724, 1, 0
736000, 3779, 0, 0
736000, 1555, 1, 0
737000, 3870, 0, 0
737000, 1615, 1, 0
738000, 3812, 0, 0
738000, 1663, 1, 0
739000, 4292, 0, 0
739000, 1846, 1, 0
740000, 3725, 0, 0
740000, 1546, 1, 0
741000, 3791, 0, 0
741000, 1615, 1, 0
742000, 4374, 0, 0
742000, 1730, 1, 0
743000, 4636, 0, 0
743000, 2018, 1, 0
744000, 3861, 0, 0
744000, 1630, 1, 0
745000, 3612, 0, 0
745000, 1545, 1, 0
746000, 3593, 0, 0
746000, 1520, 1, 0
747000, 4083, 0, 0
747000, 1775, 1, 0
748000, 4125, 0, 0
748000, 1848, 1, 0
749000, 3372, 0, 0
749000, 1427, 1, 0
750000, 3492, 0, 0
750000, 1470, 1, 0
751000, 4539, 0, 0
751000, 1975, 1, 0
752000, 4576, 0, 0
752000, 2076, 1, 0
753001, 3578, 0, 0
753001, 1540, 1, 0
754000, 3431, 0, 0
754000, 1479, 1, 0
755000, 4357, 0, 0
755000, 1847, 1, 0
756000, 3619, 0, 0
756000, 1535, 1, 0
757000, 3911, 0, 0
757000, 1689, 1, 0
758000, 3846, 0, 0
758000, 1637, 1, 0
759000, 3973, 0, 0
759000, 1747, 1, 0
760000, 4908, 0, 0
760000, 2082, 1, 0
761000, 3347, 0, 0
761000, 1484, 1, 0
762000, 3431, 0, 0
762000, 1450, 1, 0
763000, 3793, 0, 0
763000, 1624, 1, 0
764000, 3876, 0, 0
764000, 1693, 1, 0
765000, 3503, 0, 0
765000, 1547, 1, 0
766000, 3572, 0, 0
766000, 1486, 1, 0
767000, 4089, 0, 0
767000, 1803, 1, 0
768000, 3373, 0, 0
768000, 1514, 1, 0
769000, 3386, 0, 0
769000, 1464, 1, 0
770000, 3816, 0, 0
770000, 1613, 1, 0
771000, 3939, 0, 0
771000, 1637, 1, 0
772000, 3785, 0, 0
772000, 1563, 1, 0
773000, 4609, 0, 0
773000, 1924, 1, 0
774000, 4540, 0, 0
774000, 1952, 1, 0
775000, 3656, 0, 0
775000, 1676, 1, 0
776000, 3778, 0, 0
776000, 1556, 1, 0
777000, 4123, 0, 0
777000, 1793, 1, 0
778000, 3523, 0, 0
778000, 1517, 1, 0
779000, 4183, 0, 0
779000, 1764, 1, 0
780000, 4029, 0, 0
780000, 1664, 1, 0
781000, 3412, 0, 0
781000, 1493, 1, 0
782000, 3648, 0, 0
782000, 1576, 1, 0
783000, 4622, 0, 0
783000, 2012, 1, 0
784000, 7456, 0, 0
784000, 3217, 1, 0
785000, 6532, 0, 0
785000, 2780, 1, 0
786000, 3869, 0, 0
786000, 1693, 1, 0
787000, 4384, 0, 0
787000, 1743, 1, 0
788000, 5038, 0, 0
788000, 2065, 1, 0
789000, 4198, 0, 0
789000, 1827, 1, 0
790000, 4622, 0, 0
790000, 2014, 1, 0
791000, 8830, 0, 0
791000, 3646, 1, 0
792000, 3893, 0, 0
792000, 1753, 1, 0
793000, 3896, 0, 0
793000, 1649, 1, 0
794000, 4509, 0, 0
794000, 1974, 1, 0
795000, 5591, 0, 0
795000, 2395, 1, 0
796000, 4155, 0, 0
796000, 1735, 1, 0
797000, 3906, 0, 0
797000, 1716, 1, 0
798000, 4074, 0, 0
798000, 1769, 1, 0
799000, 4337, 0, 0
799000, 1817, 1, 0
800000, 4362, 0, 0
800000, 1814, 1, 0
801000, 4961, 0, 0
801000, 2154, 1, 0
802000, 3837, 0, 0
802000, 1752, 1, 0
803000, 6145, 0, 0
803000, 2723, 1, 0
804000, 4563, 0, 0
804000, 2019, 1, 0
805000, 3947, 0, 0
805000, 1728, 1, 0
806000, 3876, 0, 0
806000, 1697, 1, 0
807000, 4292, 0, 0
807000, 1801, 1, 0
808000, 4224, 0, 0
808000, 1815, 1, 0
809000, 5733, 0, 0
809000, 2392, 1, 0
810000, 6763, 0, 0
810000, 2855, 1, 0
811000, 4902, 0, 0
811000, 2061, 1, 0
812000, 3521, 0, 0
812000, 1550, 1, 0
813000, 3379, 0, 0
813000, 1441, 1, 0
814000, 3820, 0, 0
814000, 1724, 1, 0
815000, 3859, 0, 0
815000, 1661, 1, 0
816000, 4620, 0, 0
816000, 2047, 1, 0
817000, 3431, 0, 0
817000, 1446, 1, 0
818000, 3450, 0, 0
818000, 1433, 1, 0
819000, 4640, 0, 0
819000, 2086, 1, 0
820000, 4154, 0, 0
820000, 1789, 1, 0
821000, 4185, 0, 0
821000, 1785, 1, 0
822000, 3950, 0, 0
822000, 1650, 1, 0
823000, 4546, 0, 0
823000, 1923, 1, 0
824000, 3970, 0, 0
824000, 1649, 1, 0
825000, 4131, 0, 0
825000, 1702, 1, 0
826000, 3924, 0, 0
826000, 1678, 1, 0
827000, 4456, 0, 0
827000, 1942, 1, 0
828000, 3934, 0, 0
828000, 1706, 1, 0
829000, 4096, 0, 0
829000, 1755, 1, 0
830000, 3949, 0, 0
830000, 1703, 1, 0
831000, 4192, 0, 0
831000, 1720, 1, 0
832000, 4212, 0, 0
832000, 1784, 1, 0
833000, 6914, 0, 0
833000, 2904, 1, 0
834000, 4072, 0, 0
834000, 1722, 1, 0
835000, 4313, 0, 0
835000, 1843, 1, 0
836000, 4367, 0, 0
836000, 1935, 1, 0
837000, 4080, 0, 0
837000, 1725, 1, 0
838000, 4014, 0, 0
838000, 1702, 1, 0
839000, 4545, 0, 0
839000, 2071, 1, 0
840000, 4265, 0, 0
840000, 1856, 1, 0
841000, 4354, 0, 0
841000, 1818, 1, 0
842000, 4726, 0, 0
842000, 2021, 1, 0
843000, 4841, 0, 0
843000, 2067, 1, 0
844000, 4431, 0, 0
844000, 1917, 1, 0
845000, 3857, 0, 0
845000, 1727, 1, 0
846000, 3593, 0, 0
846000, 1516, 1, 0
847000, 4425, 0, 0
847000, 1830, 1, 0
848000, 3560, 0, 0
848000, 1487, 1, 0
849000, 5927, 0, 0
849000, 2526, 1, 0
850000, 3398, 0, 0
850000, 1458, 1, 0
851000, 5302, 0, 0
851000, 2229, 1, 0
852000, 4625, 0, 0
852000, 1951, 1, 0
853000, 4363, 0, 0
853000, 1842, 1, 0
854000, 4354, 0, 0
854000, 1845, 1, 0
855000, 3846, 0, 0
855000, 1622, 1, 0
856000, 3647, 0, 0
856000, 1593, 1, 0
857000, 3319, 0, 0
857000, 1493, 1, 0
858000, 3321, 0, 0
858000, 1456, 1, 0
859000, 4382, 0, 0
859000, 1866, 1, 0
860000, 4292, 0, 0
860000, 1794, 1, 0
861000, 4268, 0, 0
861000, 1912, 1, 0
862000, 4422, 0, 0
862000, 1926, 1, 0
863000, 4000, 0, 0
863000, 1698, 1, 0
864000, 3648, 0, 0
864000, 1523, 1, 0
865000, 3458, 0, 0
865000, 1473, 1, 0
866000, 3458, 0, 0
866000, 1521, 1, 0
867000, 4989, 0, 0
867000, 2173, 1, 0
868000, 3987, 0, 0
868000, 1684, 1, 0
869000, 3831, 0, 0
869000, 1632, 1, 0
870000, 3893, 0, 0
870000, 1686, 1, 0
871000, 4330, 0, 0
871000, 1894, 1, 0
872000, 4539, 0, 0
872000, 1977, 1, 0
873000, 5254, 0, 0
873000, 2270, 1, 0
874000, 4598, 0, 0
874000, 2045, 1, 0
875000, 4216, 0, 0
875000, 1870, 1, 0
876000, 6070, 0, 0
876000, 2576, 1, 0
877000, 3975, 0, 0
877000, 1781, 1, 0
878000, 4169, 0, 0
878000, 1906, 1, 0
879000, 4540, 0, 0
879000, 1889, 1, 0
880000, 4092, 0, 0
880000, 1790, 1, 0
881000, 4001, 0, 0
881000, 1686, 1, 0
882000, 3835, 0, 0
882000, 1673, 1, 0
883000, 6792, 0, 0
883000, 2995, 1, 0
884000, 4188, 0, 0
884000, 1779, 1, 0
885000, 4406, 0, 0
885000, 1886, 1, 0
886000, 3440, 0, 0
886000, 1404, 1, 0
887000, 3973, 0, 0
887000, 1757, 1, 0
888000, 4785, 0, 0
888000, 2097, 1, 0
889000, 5770, 0, 0
889000, 2496, 1, 0
890000, 7326, 0, 0
890000, 3109, 1, 0
891000, 7077, 0, 0
891000, 3017, 1, 0
892000, 3829, 0, 0
892000, 1665, 1, 0
893000, 4342, 0, 0
893000, 1866, 1, 0
894000, 3374, 0, 0
894000, 1470, 1, 0
895000, 3731, 0, 0
895000, 1589, 1, 0
896000, 4071, 0, 0
896000, 1679, 1, 0
897000, 4357, 0, 0
897000, 1946, 1, 0
898000, 4103, 0, 0
898000, 1746, 1, 0
899000, 4637, 0, 0
899000, 2036, 1, 0
900000, 4078, 0, 0
900000, 1756, 1, 0
901000, 4190, 0, 0
901000, 1806, 1, 0
902000, 4344, 0, 0
902000, 1862, 1, 0
903000, 4854, 0, 0
903000, 2118, 1, 0
904000, 4009, 0, 0
904000, 1716, 1, 0
905000, 8945, 0, 0
905000, 3809, 1, 0
906000, 3602, 0, 0
906000, 1552, 1, 0
907000, 3952, 0, 0
907000, 1723, 1, 0
908000, 3774, 0, 0
908000, 1686, 1, 0
909000, 6610, 0, 0
909000, 2944, 1, 0
910000, 4642, 0, 0
910000, 2005, 1, 0
911000, 4142, 0, 0
911000, 1808, 1, 0
912000, 3414, 0, 0
912000, 1448, 1, 0
913000, 3402, 0, 0
913000, 1457, 1, 0
914000, 5965, 0, 0
914000, 2607, 1, 0
915000, 3911, 0, 0
915000, 1640, 1, 0
916000, 3792, 0, 0
916000, 1572, 1, 0
917000, 3482, 0, 0
917000, 1545, 1, 0
918000, 3731, 0, 0
918000, 1578, 1, 0
919000, 3854, 0, 0
919000, 1663, 1, 0
920000, 4104, 0, 0
920000, 1738, 1, 0
921000, 3807, 0, 0
921000, 1611, 1, 0
922000, 3441, 0, 0
922000, 1395, 1, 0
923000, 4325, 0, 0
923000, 1746, 1, 0
924000, 3286, 0, 0
924000, 1473, 1, 0
925000, 3630, 0, 0
925000, 1574, 1, 0
926000, 4131, 0, 0
926000, 1762, 1, 0
927000, 4003, 0, 0
927000, 1685, 1, 0
928000, 6415, 0, 0
928000, 2661, 1, 0
929000, 3339, 0, 0
929000, 1515, 1, 0
930000, 4140, 0, 0
930000, 1830, 1, 0
931000, 3828, 0, 0
931000, 1680, 1, 0
932000, 4161, 0, 0
932000, 1859, 1, 0
933000, 7936, 0, 0
933000, 3309, 1, 0
934000, 3716, 0, 0
934000, 1618, 1, 0
935000, 4153, 0, 0
935000, 1746, 1, 0
936000, 3518, 0, 0
936000, 1503, 1, 0
937000, 4008, 0, 0
937000, 1725, 1, 0
938000, 4015, 0, 0
938000, 1776, 1, 0
939000, 4697, 0, 0
939000, 2051, 1, 0
940000, 4098, 0, 0
940000, 1688, 1, 0
941000, 3419, 0, 0
941000, 1462, 1, 0
942000, 3478, 0, 0
942000, 1458, 1, 0
943000, 3987, 0, 0
943000, 1759, 1, 0
944000, 3583, 0, 0
944000, 1450, 1, 0
945000, 3327, 0, 0
945000, 1484, 1, 0
946000, 3333, 0, 0
946000, 1469, 1, 0
947000, 6959, 0, 0
947000, 3024, 1, 0
948000, 3628, 0, 0
948000, 1598, 1, 0
949000, 3486, 0, 0
949000, 1542, 1, 0
950000, 4028, 0, 0
950000, 1709, 1, 0
951000, 4100, 0, 0
951000, 1805, 1, 0
952000, 4044, 0, 0
952000, 1707, 1, 0
953000, 3498, 0, 0
953000, 1437, 1, 0
954000, 3363, 0, 0
954000, 1472, 1, 0
955000, 4810, 0, 0
955000, 2115, 1, 0
956000, 3694, 0, 0
956000, 1632, 1, 0
957000, 3397, 0, 0
957000, 1485, 1, 0
958000, 4859, 0, 0
958000, 2061, 1, 0
959000, 5002, 0, 0
959000, 2077, 1, 0
960000, 6138, 0, 0
960000, 2532, 1, 0
961000, 5156, 0, 0
961000, 2270, 1, 0
962000, 3407, 0, 0
962000, 1497, 1, 0
963000, 4045, 0, 0
963000, 1678, 1, 0
964000, 3723, 0, 0
964000, 1560, 1, 0
965000, 3406, 0, 0
965000, 1428, 1, 0
966000, 3449, 0, 0
966000, 1477, 1, 0
967000, 4087, 0, 0
967000, 1789, 1, 0
968000, 3650, 0, 0
968000, 1548, 1, 0
969000, 3375, 0, 0
969000, 1474, 1, 0
970000, 3748, 0, 0
970000, 1669, 1, 0
971001, 4060, 0, 0
971001, 1768, 1, 0
972000, 3761, 0, 0
972000, 1614, 1, 0
973000, 4275, 0, 0
973000, 1849, 1, 0
974000, 3462, 0, 0
974000, 1433, 1, 0
975000, 3920, 0, 0
975000, 1679, 1, 0
976000, 3714, 0, 0
976000, 1652, 1, 0
977000, 5125, 0, 0
977000, 2175, 1, 0
978000, 5056, 0, 0
978000, 2123, 1, 0
979000, 4050, 0, 0
979000, 1699, 1, 0
980000, 3610, 0, 0
980000, 1539, 1, 0
981000, 3994, 0, 0
981000, 1732, 1, 0
982000, 3707, 0, 0
982000, 1563, 1, 0
983000, 3951, 0, 0
983000, 1715, 1, 0
984000, 3728, 0, 0
984000, 1555, 1, 0
985000, 3995, 0, 0
985000, 1740, 1, 0
986000, 5114, 0, 0
986000, 2228, 1, 0
987000, 4731, 0, 0
987000, 2025, 1, 0
988000, 3535, 0, 0
988000, 1518, 1, 0
989000, 4222, 0, 0
989000, 1792, 1, 0
990000, 4401, 0, 0
990000, 1879, 1, 0
991000, 4365, 0, 0
991000, 1779, 1, 0
992000, 3960, 0, 0
992000, 1856, 1, 0
993000, 3906, 0, 0
993000, 1713, 1, 0
994000, 4057, 0, 0
994000, 1734, 1, 0
995000, 4688, 0, 0
995000, 2041, 1, 0
996000, 7044, 0, 0
996000, 3043, 1, 0
997000, 4580, 0, 0
997000, 1947, 1, 0
998000, 4457, 0, 0
998000, 1860, 1, 0
999000, 4137, 0, 0
999000, 1874, 1, 0
1000000, 8453, 0, 0
1000000, 3609, 1, 0
1001000, 7679, 0, 0
1001000, 3195, 1, 0
1002000, 3950, 0, 0
1002000, 1650, 1, 0
1003000, 4488, 0, 0
1003000, 1900, 1, 0
1004000, 4115, 0, 0
1004000, 1815, 1, 0
1005000, 3945, 0, 0
1005000, 1647, 1, 0
1006000, 3937, 0, 0
1006000, 1705, 1, 0
1007000, 6466, 0, 0
1007000, 2662, 1, 0
1008000, 6928, 0, 0
1008000, 2922, 1, 0
1009000, 4589, 0, 0
1009000, 1952, 1, 0
1010000, 4895, 0, 0
1010000, 2042, 1, 0
1011000, 4658, 0, 0
1011000, 2027, 1, 0
1012000, 4325, 0, 0
1012000, 1758, 1, 0
1013000, 6363, 0, 0
1013000, 2673, 1, 0
1014000, 3751, 0, 0
1014000, 1708, 1, 0
1015000, 6500, 0, 0
1015000, 2780, 1, 0
1016000, 4240, 0, 0
1016000, 1863, 1, 0
1017000, 4220, 0, 0
1017000, 1826, 1, 0
1018000, 3834, 0, 0
1018000, 1628, 1, 0
1019000, 9456, 0, 0
1019000, 4097, 1, 0
1020000, 4572, 0, 0
1020000, 1934, 1, 0
1021000, 4045, 0, 0
1021000, 1760, 1, 0
1022000, 3957, 0, 0
1022000, 1646, 1, 0
1023000, 5759, 0, 0
1023000, 2504, 1, 0
1024000, 6733, 0, 0
1024000, 2856, 1, 0
1025000, 4354, 0, 0
1025000, 1823, 1, 0
1026000, 4055, 0, 0
1026000, 1660, 1, 0
1027000, 4632, 0, 0
1027000, 2051, 1, 0
1028000, 4202, 0, 0
1028000, 1833, 1, 0
1029000, 3996, 0, 0
1029000, 1653, 1, 0
1030000, 3889, 0, 0
1030000, 1741, 1, 0
1031000, 4756, 0, 0
1031000, 2063, 1, 0
1032000, 4431, 0, 0
1032000, 1981, 1, 0
1033000, 3924, 0, 0
1033000, 1692, 1, 0
1034000, 5938, 0, 0
1034000, 2562, 1, 0
1035000, 4678, 0, 0
1035000, 2069, 1, 0
1036000, 3962, 0, 0
1036000, 1726, 1, 0
1037000, 4011, 0, 0
1037000, 1609, 1, 0
1038000, 4651, 0, 0
1038000, 1990, 1, 0
1039000, 4567, 0, 0
1039000, 1940, 1, 0
1040000, 4314, 0, 0
1040000, 1791, 1, 0
1041000, 5523, 0, 0
1041000, 2239, 1, 0
1042000, 4102, 0, 0
1042000, 1744, 1, 0
1043000, 4837, 0, 0
1043000, 2145, 1, 0
1044000, 4288, 0, 0
1044000, 1804, 1, 0
1045000, 4126, 0, 0
1045000, 1685, 1, 0
1046000, 3934, 0, 0
1046000, 1721, 1, 0
1047000, 4040, 0, 0
1047000, 1666, 1, 0
1048000, 3904, 0, 0
1048000, 1649, 1, 0
1049000, 6615, 0, 0
1049000, 2839, 1, 0
1050000, 8195, 0, 0
1050000, 3466, 1, 0
1051000, 4101, 0, 0
1051000, 1809, 1, 0
1052000, 3659, 0, 0
1052000, 1582, 1, 0
1053000, 4409, 0, 0
1053000, 1850, 1, 0
1054000, 4213, 0, 0
1054000, 1748, 1, 0
1055000, 6720, 0, 0
1055000, 2873, 1, 0
1056000, 7916, 0, 0
1056000, 3270, 1, 0
1057000, 5137, 0, 0
1057000, 2149, 1, 0
1058000, 3373, 0, 0
1058000, 1414, 1, 0
1059000, 4251, 0, 0
1059000, 1847, 1, 0
1060000, 6312, 0, 0
1060000, 2835, 1, 0
1061000, 3479, 0, 0
1061000, 1428, 1, 0
1062000, 3517, 0, 0
1062000, 1565, 1, 0
1063000, 4103, 0, 0
1063000, 1719, 1, 0
1064000, 4130, 0, 0
1064000, 1726, 1, 0
1065000, 3726, 0, 0
1065000, 1631, 1, 0
1066000, 4371, 0, 0
1066000, 1919, 1, 0
1067000, 4846, 0, 0
1067000, 2043, 1, 0
1068001, 3410, 0, 0
1068001, 1569, 1, 0
1069000, 3361, 0, 0
1069000, 1445, 1, 0
1070001, 4184, 0, 0
1070001, 1803, 1, 0
1071000, 4030, 0, 0
1071000, 1796, 1, 0
1072000, 4025, 0, 0
1072000, 1728, 1, 0
1073000, 3569, 0, 0
1073000, 1513, 1, 0
1074000, 3629, 0, 0
1074000, 1611, 1, 0
1075000, 4308, 0, 0
1075000, 1856, 1, 0
1076000, 4210, 0, 0
1076000, 1857, 1, 0
1077000, 3404, 0, 0
1077000, 1437, 1, 0
1078000, 3660, 0, 0
1078000, 1570, 1, 0
1079000, 3693, 0, 0
1079000, 1633, 1, 0
1080000, 3720, 0, 0
1080000, 1511, 1, 0
1081000, 3667, 0, 0
1081000, 1591, 1, 0
1082000, 3623, 0, 0
1082000, 1575, 1, 0
1083000, 3841, 0, 0
1083000, 1642, 1, 0
1084000, 3840, 0, 0
1084000, 1608, 1, 0
1085001, 3629, 0, 0
1085001, 1542, 1, 0
1086000, 7292, 0, 0
1086000, 3199, 1, 0
1087001, 5383, 0, 0
1087001, 2348, 1, 0
1088000, 3802, 0, 0
1088000, 1668, 1, 0
1089000, 3651, 0, 0
1089000, 1627, 1, 0
1090000, 4352, 0, 0
1090000, 1801, 1, 0
1091001, 4074, 0, 0
1091001, 1756, 1, 0
1092000, 4295, 0, 0
1092000, 1787, 1, 0
1093000, 3395, 0, 0
1093000, 1481, 1, 0
1094000, 3863, 0, 0
1094000, 1657, 1, 0
1095000, 4317, 0, 0
1095000, 1847, 1, 0
1096000, 3388, 0, 0
1096000, 1471, 1, 0
1097000, 3608, 0, 0
1097000, 1548, 1, 0
1098000, 3985, 0, 0
1098000, 1776, 1, 0
1099000, 4086, 0, 0
1099000, 1753, 1, 0
1100000, 3445, 0, 0
1100000, 1474, 1, 0
1101000, 3586, 0, 0
1101000, 1585, 1, 0
1102000, 3902, 0, 0
1102000, 1745, 1, 0
1103000, 6107, 0, 0
1103000, 2507, 1, 0
1104000, 5061, 0, 0
1104000, 2118, 1, 0
1105000, 3497, 0, 0
1105000, 1454, 1, 0
1106000, 3483, 0, 0
1106000, 1466, 1, 0
1107000, 5390, 0, 0
1107000, 2264, 1, 0
1108000, 4430, 0, 0
1108000, 1865, 1, 0
1109000, 3473, 0, 0
1109000, 1466, 1, 0
1110000, 3813, 0, 0
1110000, 1668, 1, 0
1111000, 6542, 0, 0
1111000, 2836, 1, 0
1112000, 6495, 0, 0
1112000, 2699, 1, 0
1113000, 3409, 0, 0
1113000, 1466, 1, 0
1114000, 4782, 0, 0
1114000, 1981, 1, 0
1115000, 3551, 0, 0
1115000, 1423, 1, 0
1116000, 3347, 0, 0
1116000, 1449, 1, 0
1117000, 3633, 0, 0
1117000, 1502, 1, 0
1118000, 4506, 0, 0
1118000, 1870, 1, 0
1119000, 4237, 0, 0
1119000, 1736, 1, 0
1120000, 3436, 0, 0
1120000, 1461, 1, 0
1121000, 3973, 0, 0
1121000, 1707, 1, 0
1122000, 4392, 0, 0
1122000, 1848, 1, 0
1123000, 4601, 0, 0
1123000, 2039, 1, 0
1124000, 4523, 0, 0
1124000, 1968, 1, 0
1125000, 11010, 0, 0
1125000, 4727, 1, 0
1126000, 5047, 0, 0
1126000, 2177, 1, 0
1127000, 4931, 0, 0
1127000, 2055, 1, 0
1128000, 3984, 0, 0
1128000, 1679, 1, 0
1129000, 4112, 0, 0
1129000, 1739, 1, 0
1130000, 4321, 0, 0
1130000, 1884, 1, 0
1131000, 4196, 0, 0
1131000, 1861, 1, 0
1132000, 4239, 0, 0
1132000, 1849, 1, 0
1133000, 3954, 0, 0
1133000, 1702, 1, 0
1134000, 8483, 0, 0
1134000, 3623, 1, 0
1135000, 5434, 0, 0
1135000, 2396, 1, 0
1136000, 5410, 0, 0
1136000, 2212, 1, 0
1137000, 3846, 0, 0
1137000, 1713, 1, 0
1138000, 3989, 0, 0
1138000, 1714, 1, 0
1139000, 4700, 0, 0
1139000, 2034, 1, 0
1140000, 4020, 0, 0
1140000, 1684, 1, 0
1141000, 3968, 0, 0
1141000, 1601, 1, 0
1142000, 3844, 0, 0
1142000, 1689, 1, 0
1143000, 4740, 0, 0
1143000, 2068, 1, 0
1144000, 4067, 0, 0
1144000, 1768, 1, 0
1145000, 3985, 0, 0
1145000, 1689, 1, 0
1146000, 4200, 0, 0
1146000, 1809, 1, 0
1147000, 4788, 0, 0
1147000, 2019, 1, 0
1148000, 5202, 0, 0
1148000, 2294, 1, 0
1149000, 5824, 0, 0
1149000, 2527, 1, 0
1150000, 5219, 0, 0
1150000, 2135, 1, 0
1151000, 4679, 0, 0
1151000, 2018, 1, 0
1152000, 3626, 0, 0
1152000, 1621, 1, 0
1153000, 3327, 0, 0
1153000, 1464, 1, 0
1154000, 3465, 0, 0
1154000, 1481, 1, 0
1155000, 3939, 0, 0
1155000, 1676, 1, 0
1156000, 3864, 0, 0
1156000, 1721, 1, 0
1157000, 3330, 0, 0
1157000, 1438, 1, 0
1158000, 3679, 0, 0
1158000, 1684, 1, 0
1159000, 3840, 0, 0
1159000, 1670, 1, 0
1160000, 4264, 0, 0
1160000, 1879, 1, 0
1161000, 3837, 0, 0
1161000, 1697, 1, 0
1162000, 3888, 0, 0
1162000, 1727, 1, 0
1163000, 4222, 0, 0
1163000, 1820, 1, 0
1164000, 3414, 0, 0
1164000, 1467, 1, 0
1165000, 3473, 0, 0
1165000, 1433, 1, 0
1166000, 4072, 0, 0
1166000, 1730, 1, 0
1167000, 4096, 0, 0
1167000, 1772, 1, 0
1168000, 3433, 0, 0
1168000, 1541, 1, 0
1169000, 3399, 0, 0
1169000, 1405, 1, 0
1170000, 3549, 0, 0
1170000, 1550, 1, 0
1171000, 4024, 0, 0
1171000, 1704, 1, 0
1172000, 3767, 0, 0
1172000, 1487, 1, 0
1173000, 3350, 0, 0
1173000, 1497, 1, 0
1174000, 6230, 0, 0
1174000, 2766, 1, 0
1175000, 4576, 0, 0
1175000, 1865, 1, 0
1176000, 3421, 0, 0
1176000, 1511, 1, 0
1177000, 3400, 0, 0
1177000, 1533, 1, 0
1178000, 4203, 0, 0
1178000, 1739, 1, 0
1179000, 3968, 0, 0
1179000, 1617, 1, 0
1180000, 3563, 0, 0
1180000, 1569, 1, 0
1181000, 3374, 0, 0
1181000, 1446, 1, 0
1182000, 4026, 0, 0
1182000, 1718, 1, 0
1183000, 4750, 0, 0
1183000, 2095, 1, 0
1184000, 4069, 0, 0
1184000, 1745, 1, 0
1185000, 3365, 0, 0
1185000, 1452, 1, 0
1186000, 3433, 0, 0
1186000, 1483, 1, 0
1187000, 3803, 0, 0
1187000, 1515, 1, 0
1188000, 3970, 0, 0
1188000, 1594, 1, 0
1189000, 3463, 0, 0
1189000, 1478, 1, 0
1190000, 3410, 0, 0
1190000, 1494, 1, 0
1191000, 6780, 0, 0
1191000, 2787, 1, 0
1192000, 6586, 0, 0
1192000, 2944, 1, 0
1193000, 4206, 0, 0
1193000, 1868, 1, 0
1194000, 3473, 0, 0
1194000, 1457, 1, 0
1195000, 4339, 0, 0
1195000, 1803, 1, 0
1196000, 3311, 0, 0
1196000, 1508, 1, 0
1197000, 3470, 0, 0
1197000, 1460, 1, 0
1198000, 4883, 0, 0
1198000, 2064, 1, 0
1199000, 4752, 0, 0
1199000, 2051, 1, 0
