1000, 14216, 0, 0
1000, 6348, 1, 0
2000, 16744, 0, 0
2000, 6992, 1, 0
3000, 14560, 0, 0
3000, 6180, 1, 0
4000, 14728, 0, 0
4000, 6108, 1, 0
5001, 14869, 0, 0
5001, 6313, 1, 0
6000, 14408, 0, 0
6000, 6296, 1, 0
7001, 15108, 0, 0
7001, 6477, 1, 0
8000, 18892, 0, 0
8000, 7956, 1, 0
9000, 14344, 0, 0
9000, 6360, 1, 0
10000, 25820, 0, 0
10000, 10952, 1, 0
11000, 29032, 0, 0
11000, 12440, 1, 0
12000, 25364, 0, 0
12000, 11056, 1, 0
13000, 14448, 0, 0
13000, 5844, 1, 0
14000, 17532, 0, 0
14000, 7064, 1, 0
15000, 15032, 0, 0
15000, 6308, 1, 0
16000, 15048, 0, 0
16000, 6508, 1, 0
17000, 15220, 0, 0
17000, 6812, 1, 0
18000, 14524, 0, 0
18000, 6116, 1, 0
19000, 14232, 0, 0
19000, 6436, 1, 0
20000, 13784, 0, 0
20000, 5976, 1, 0
21000, 14372, 0, 0
21000, 6064, 1, 0
22000, 13972, 0, 0
22000, 5912, 1, 0
23000, 13900, 0, 0
23000, 5980, 1, 0
24001, 19920, 0, 0
24001, 8103, 1, 0
25000, 15448, 0, 0
25000, 6668, 1, 0
26000, 23712, 0, 0
26000, 10568, 1, 0
27000, 16800, 0, 0
27000, 7124, 1, 0
28000, 15468, 0, 0
28000, 6536, 1, 0
29000, 14284, 0, 0
29000, 6248, 1, 0
30000, 13548, 0, 0
30000, 6000, 1, 0
31000, 14516, 0, 0
31000, 5984, 1, 0
32000, 14240, 0, 0
32000, 5856, 1, 0
33000, 14068, 0, 0
33000, 6176, 1, 0
34000, 13588, 0, 0
34000, 6120, 1, 0
35000, 13548, 0, 0
35000, 5732, 1, 0
36000, 16856, 0, 0
36000, 7116, 1, 0
37000, 15580, 0, 0
37000, 6648, 1, 0
38000, 14476, 0, 0
38000, 6276, 1, 0
39000, 14572, 0, 0
39000, 6280, 1, 0
40001, 14557, 0, 0
40001, 6389, 1, 0
41000, 14968, 0, 0
41000, 6464, 1, 0
42000, 14360, 0, 0
42000, 6416, 1, 0
43000, 14208, 0, 0
43000, 6148, 1, 0
44000, 14780, 0, 0
44000, 6540, 1, 0
45000, 28460, 0, 0
45000, 12340, 1, 0
46000, 30704, 0, 0
46000, 12876, 1, 0
47000, 23460, 0, 0
47000, 10496, 1, 0
48000, 14312, 0, 0
48000, 6556, 1, 0
49000, 17144, 0, 0
49000, 7200, 1, 0
50000, 15252, 0, 0
50000, 6752, 1, 0
51000, 13956, 0, 0
51000, 6084, 1, 0
52000, 15136, 0, 0
52000, 6444, 1, 0
53000, 13984, 0, 0
53000, 6136, 1, 0
54000, 14996, 0, 0
54000, 6300, 1, 0
55000, 15036, 0, 0
55000, 6300, 1, 0
56000, 20084, 0, 0
56000, 8288, 1, 0
57000, 14124, 0, 0
57000, 6144, 1, 0
58000, 18956, 0, 0
58000, 8060, 1, 0
59000, 28696, 0, 0
59000, 12028, 1, 0
60000, 14924, 0, 0
60000, 6460, 1, 0
61000, 14084, 0, 0
61000, 6140, 1, 0
62000, 14088, 0, 0
62000, 6268, 1, 0
63000, 15196, 0, 0
63000, 6476, 1, 0
64000, 37320, 0, 0
64000, 16136, 1, 0
65000, 13184, 0, 0
65000, 5652, 1, 0
66000, 14540, 0, 0
66000, 6384, 1, 0
67000, 14292, 0, 0
67000, 6144, 1, 0
68000, 14084, 0, 0
68000, 6464, 1, 0
69000, 18020, 0, 0
69000, 7392, 1, 0
70000, 13712, 0, 0
70000, 5784, 1, 0
71000, 15712, 0, 0
71000, 6796, 1, 0
72000, 42056, 0, 0
72000, 17872, 1, 0
73000, 14348, 0, 0
73000, 5784, 1, 0
74000, 13524, 0, 0
74000, 6128, 1, 0
75001, 14153, 0, 0
75001, 6101, 1, 0
76000, 14508, 0, 0
76000, 6056, 1, 0
77000, 14232, 0, 0
77000, 6104, 1, 0
78000, 17424, 0, 0
78000, 7476, 1, 0
79000, 21168, 0, 0
79000, 9460, 1, 0
80000, 15004, 0, 0
80000, 6684, 1, 0
81000, 13788, 0, 0
81000, 6180, 1, 0
82000, 16228, 0, 0
82000, 7116, 1, 0
83000, 15732, 0, 0
83000, 6848, 1, 0
84000, 14476, 0, 0
84000, 5964, 1, 0
85000, 34512, 0, 0
85000, 14800, 1, 0
86001, 14349, 0, 0
86001, 6309, 1, 0
87000, 14356, 0, 0
87000, 6056, 1, 0
88000, 13748, 0, 0
88000, 6452, 1, 0
89000, 15580, 0, 0
89000, 6400, 1, 0
90000, 13992, 0, 0
90000, 6064, 1, 0
91000, 15220, 0, 0
91000, 6328, 1, 0
92000, 15060, 0, 0
92000, 6060, 1, 0
93000, 15284, 0, 0
93000, 6476, 1, 0
94000, 15100, 0, 0
94000, 6596, 1, 0
95000, 14388, 0, 0
95000, 6088, 1, 0
96000, 14444, 0, 0
96000, 6356, 1, 0
97000, 14556, 0, 0
97000, 5944, 1, 0
98000, 14028, 0, 0
98000, 5896, 1, 0
99001, 13774, 0, 0
99001, 6169, 1, 0
100000, 14584, 0, 0
100000, 6272, 1, 0
101000, 14124, 0, 0
101000, 5976, 1, 0
102000, 14328, 0, 0
102000, 5960, 1, 0
103000, 14396, 0, 0
103000, 6088, 1, 0
104000, 15028, 0, 0
104000, 6364, 1, 0
105000, 14904, 0, 0
105000, 6200, 1, 0
106000, 13928, 0, 0
106000, 5760, 1, 0
107000, 14148, 0, 0
107000, 6400, 1, 0
108000, 15692, 0, 0
108000, 6604, 1, 0
109000, 14328, 0, 0
109000, 6208, 1, 0
110000, 14600, 0, 0
110000, 5824, 1, 0
111000, 14128, 0, 0
111000, 6096, 1, 0
112001, 14189, 0, 0
112001, 6081, 1, 0
113000, 14984, 0, 0
113000, 6408, 1, 0
114000, 14360, 0, 0
114000, 6348, 1, 0
115000, 15196, 0, 0
115000, 6508, 1, 0
116000, 20776, 0, 0
116000, 8880, 1, 0
117000, 17524, 0, 0
117000, 7360, 1, 0
118000, 14844, 0, 0
118000, 6320, 1, 0
119000, 14676, 0, 0
119000, 6192, 1, 0
120000, 23944, 0, 0
120000, 10548, 1, 0
121000, 16992, 0, 0
121000, 7032, 1, 0
122000, 14452, 0, 0
122000, 6808, 1, 0
123000, 20192, 0, 0
123000, 8732, 1, 0
124000, 24088, 0, 0
124000, 10200, 1, 0
125000, 19272, 0, 0
125000, 8348, 1, 0
126000, 20512, 0, 0
126000, 8788, 1, 0
127000, 21188, 0, 0
127000, 9016, 1, 0
128000, 19908, 0, 0
128000, 8180, 1, 0
129000, 14532, 0, 0
129000, 6512, 1, 0
130000, 18032, 0, 0
130000, 8152, 1, 0
131000, 19848, 0, 0
131000, 9092, 1, 0
132000, 20200, 0, 0
132000, 8368, 1, 0
133000, 16788, 0, 0
133000, 7592, 1, 0
134000, 14220, 0, 0
134000, 6120, 1, 0
135000, 16816, 0, 0
135000, 7108, 1, 0
136000, 15280, 0, 0
136000, 6408, 1, 0
137000, 14720, 0, 0
137000, 6548, 1, 0
138000, 20700, 0, 0
138000, 8988, 1, 0
139000, 14652, 0, 0
139000, 6584, 1, 0
140000, 14296, 0, 0
140000, 6212, 1, 0
141000, 14320, 0, 0
141000, 5976, 1, 0
142000, 14620, 0, 0
142000, 5888, 1, 0
143000, 14400, 0, 0
143000, 6112, 1, 0
144000, 14956, 0, 0
144000, 6220, 1, 0
145001, 15852, 0, 0
145001, 7008, 1, 0
146000, 22672, 0, 0
146000, 9456, 1, 0
147000, 18460, 0, 0
147000, 8216, 1, 0
148000, 15048, 0, 0
148000, 6376, 1, 0
149000, 15280, 0, 0
149000, 6336, 1, 0
150000, 14040, 0, 0
150000, 6080, 1, 0
151000, 14728, 0, 0
151000, 6380, 1, 0
152000, 16356, 0, 0
152000, 6540, 1, 0
153000, 14672, 0, 0
153000, 5900, 1, 0
154000, 15452, 0, 0
154000, 6420, 1, 0
155000, 14548, 0, 0
155000, 6296, 1, 0
156000, 18720, 0, 0
156000, 8012, 1, 0
157000, 25736, 0, 0
157000, 10932, 1, 0
158001, 18101, 0, 0
158001, 7776, 1, 0
159000, 14172, 0, 0
159000, 5984, 1, 0
160000, 14704, 0, 0
160000, 6264, 1, 0
161000, 14584, 0, 0
161000, 6472, 1, 0
162000, 14972, 0, 0
162000, 6140, 1, 0
163000, 17092, 0, 0
163000, 7352, 1, 0
164000, 14404, 0, 0
164000, 6104, 1, 0
165000, 15896, 0, 0
165000, 6688, 1, 0
166000, 14876, 0, 0
166000, 6480, 1, 0
167000, 14292, 0, 0
167000, 6272, 1, 0
168000, 14928, 0, 0
168000, 6356, 1, 0
169000, 14284, 0, 0
169000, 6184, 1, 0
170000, 14872, 0, 0
170000, 6732, 1, 0
171000, 24456, 0, 0
171000, 10140, 1, 0
172000, 14872, 0, 0
172000, 6012, 1, 0
173000, 14928, 0, 0
173000, 6484, 1, 0
174000, 17748, 0, 0
174000, 7360, 1, 0
175000, 15872, 0, 0
175000, 6628, 1, 0
176000, 15308, 0, 0
176000, 6628, 1, 0
177000, 15060, 0, 0
177000, 6524, 1, 0
178000, 14628, 0, 0
178000, 6504, 1, 0
179000, 17740, 0, 0
179000, 7628, 1, 0
180000, 15248, 0, 0
180000, 6496, 1, 0
181000, 15216, 0, 0
181000, 6316, 1, 0
182000, 14396, 0, 0
182000, 6236, 1, 0
183000, 15052, 0, 0
183000, 6316, 1, 0
184000, 16768, 0, 0
184000, 7040, 1, 0
185000, 14448, 0, 0
185000, 6560, 1, 0
186000, 14504, 0, 0
186000, 6356, 1, 0
187000, 16444, 0, 0
187000, 6952, 1, 0
188000, 17408, 0, 0
188000, 7120, 1, 0
189000, 14068, 0, 0
189000, 6240, 1, 0
190000, 19644, 0, 0
190000, 8112, 1, 0
191001, 14129, 0, 0
191001, 6161, 1, 0
192000, 20612, 0, 0
192000, 8744, 1, 0
193000, 15020, 0, 0
193000, 6388, 1, 0
194000, 14448, 0, 0
194000, 6016, 1, 0
195000, 14736, 0, 0
195000, 6648, 1, 0
196000, 14824, 0, 0
196000, 6232, 1, 0
197000, 14240, 0, 0
197000, 6192, 1, 0
198000, 14504, 0, 0
198000, 6576, 1, 0
199000, 14068, 0, 0
199000, 5860, 1, 0
200000, 15780, 0, 0
200000, 6728, 1, 0
201000, 18996, 0, 0
201000, 8188, 1, 0
202000, 14452, 0, 0
202000, 6004, 1, 0
203000, 14540, 0, 0
203000, 6080, 1, 0
204000, 14600, 0, 0
204000, 6480, 1, 0
205000, 14720, 0, 0
205000, 6244, 1, 0
206001, 14381, 0, 0
206001, 6121, 1, 0
207000, 14188, 0, 0
207000, 6132, 1, 0
208001, 16475, 0, 0
208001, 7116, 1, 0
209000, 14396, 0, 0
209000, 6328, 1, 0
210000, 14244, 0, 0
210000, 6152, 1, 0
211000, 19400, 0, 0
211000, 8084, 1, 0
212000, 15268, 0, 0
212000, 6152, 1, 0
213000, 14172, 0, 0
213000, 6368, 1, 0
214000, 14924, 0, 0
214000, 6404, 1, 0
215000, 15688, 0, 0
215000, 7076, 1, 0
216000, 15956, 0, 0
216000, 6980, 1, 0
217000, 14352, 0, 0
217000, 6460, 1, 0
218001, 14481, 0, 0
218001, 6109, 1, 0
219000, 14316, 0, 0
219000, 6368, 1, 0
220001, 21066, 0, 0
220001, 9178, 1, 0
221000, 16924, 0, 0
221000, 7008, 1, 0
222000, 14264, 0, 0
222000, 6108, 1, 0
223000, 14616, 0, 0
223000, 6064, 1, 0
224000, 14760, 0, 0
224000, 6632, 1, 0
225000, 15084, 0, 0
225000, 6488, 1, 0
226000, 14532, 0, 0
226000, 6420, 1, 0
227000, 14260, 0, 0
227000, 5932, 1, 0
228000, 14300, 0, 0
228000, 6264, 1, 0
229000, 15244, 0, 0
229000, 6388, 1, 0
230000, 14648, 0, 0
230000, 6132, 1, 0
231000, 15312, 0, 0
231000, 6336, 1, 0
232000, 14240, 0, 0
232000, 6464, 1, 0
233000, 13788, 0, 0
233000, 5704, 1, 0
234000, 14296, 0, 0
234000, 6152, 1, 0
235000, 14812, 0, 0
235000, 6600, 1, 0
236000, 14736, 0, 0
236000, 6408, 1, 0
237000, 15084, 0, 0
237000, 6548, 1, 0
238000, 14956, 0, 0
238000, 6104, 1, 0
239000, 25896, 0, 0
239000, 10684, 1, 0
240000, 25368, 0, 0
240000, 10744, 1, 0
241000, 16732, 0, 0
241000, 7184, 1, 0
242000, 15796, 0, 0
242000, 6736, 1, 0
243000, 14272, 0, 0
243000, 5932, 1, 0
244001, 14681, 0, 0
244001, 6401, 1, 0
245000, 14852, 0, 0
245000, 6056, 1, 0
246001, 14245, 0, 0
246001, 6209, 1, 0
247000, 14856, 0, 0
247000, 6480, 1, 0
248001, 15904, 0, 0
248001, 6741, 1, 0
249000, 14292, 0, 0
249000, 5840, 1, 0
250001, 15036, 0, 0
250001, 6509, 1, 0
251000, 13980, 0, 0
251000, 6108, 1, 0
252001, 14673, 0, 0
252001, 6565, 1, 0
253000, 23916, 0, 0
253000, 10140, 1, 0
254000, 15572, 0, 0
254000, 6536, 1, 0
255000, 17264, 0, 0
255000, 6928, 1, 0
256000, 19528, 0, 0
256000, 8224, 1, 0
257000, 15904, 0, 0
257000, 6912, 1, 0
258000, 13996, 0, 0
258000, 5912, 1, 0
259000, 17640, 0, 0
259000, 7680, 1, 0
260000, 16496, 0, 0
260000, 7496, 1, 0
261000, 14568, 0, 0
261000, 6404, 1, 0
262000, 14544, 0, 0
262000, 5716, 1, 0
263001, 29450, 0, 0
263001, 12727, 1, 0
264000, 32848, 0, 0
264000, 14472, 1, 0
265001, 15484, 0, 0
265001, 6365, 1, 0
266000, 14824, 0, 0
266000, 6244, 1, 0
267000, 16708, 0, 0
267000, 7020, 1, 0
268000, 17816, 0, 0
268000, 7908, 1, 0
269000, 20700, 0, 0
269000, 9188, 1, 0
270000, 14656, 0, 0
270000, 6472, 1, 0
271000, 14064, 0, 0
271000, 6004, 1, 0
272000, 15252, 0, 0
272000, 6532, 1, 0
273000, 14416, 0, 0
273000, 5908, 1, 0
274001, 15396, 0, 0
274001, 6489, 1, 0
275000, 14372, 0, 0
275000, 6108, 1, 0
276000, 14540, 0, 0
276000, 6632, 1, 0
277000, 14852, 0, 0
277000, 6320, 1, 0
278000, 14512, 0, 0
278000, 6588, 1, 0
279000, 21984, 0, 0
279000, 9144, 1, 0
280000, 14808, 0, 0
280000, 6344, 1, 0
281000, 14740, 0, 0
281000, 6400, 1, 0
282000, 14136, 0, 0
282000, 6020, 1, 0
283000, 14308, 0, 0
283000, 6140, 1, 0
284000, 17108, 0, 0
284000, 7288, 1, 0
285000, 16352, 0, 0
285000, 7140, 1, 0
286000, 14484, 0, 0
286000, 6200, 1, 0
287000, 14928, 0, 0
287000, 6624, 1, 0
288000, 14836, 0, 0
288000, 6244, 1, 0
289000, 14972, 0, 0
289000, 6612, 1, 0
290000, 14440, 0, 0
290000, 5972, 1, 0
291000, 14460, 0, 0
291000, 6216, 1, 0
292000, 14752, 0, 0
292000, 6140, 1, 0
293000, 14420, 0, 0
293000, 6268, 1, 0
294000, 15008, 0, 0
294000, 6252, 1, 0
295000, 15164, 0, 0
295000, 6492, 1, 0
296000, 15260, 0, 0
296000, 6504, 1, 0
297000, 14688, 0, 0
297000, 6216, 1, 0
298000, 16196, 0, 0
298000, 7192, 1, 0
299000, 15016, 0, 0
299000, 6456, 1, 0
300000, 14640, 0, 0
300000, 6296, 1, 0
301000, 15980, 0, 0
301000, 6380, 1, 0
302000, 14580, 0, 0
302000, 6232, 1, 0
303000, 14424, 0, 0
303000, 6364, 1, 0
304000, 14596, 0, 0
304000, 6260, 1, 0
305001, 15144, 0, 0
305001, 6341, 1, 0
306000, 17052, 0, 0
306000, 7324, 1, 0
307001, 14845, 0, 0
307001, 6277, 1, 0
308000, 19820, 0, 0
308000, 8700, 1, 0
309001, 14833, 0, 0
309001, 6357, 1, 0
310000, 31128, 0, 0
310000, 13692, 1, 0
311001, 22417, 0, 0
311001, 9462, 1, 0
312000, 26476, 0, 0
312000, 11016, 1, 0
313000, 36916, 0, 0
313000, 16208, 1, 0
314000, 15796, 0, 0
314000, 6796, 1, 0
315000, 14576, 0, 0
315000, 6028, 1, 0
316000, 14500, 0, 0
316000, 6320, 1, 0
317000, 14380, 0, 0
317000, 6460, 1, 0
318000, 14672, 0, 0
318000, 6348, 1, 0
319000, 13692, 0, 0
319000, 6472, 1, 0
320000, 14380, 0, 0
320000, 6240, 1, 0
321000, 14004, 0, 0
321000, 5912, 1, 0
322000, 15212, 0, 0
322000, 6592, 1, 0
323000, 16232, 0, 0
323000, 7012, 1, 0
324000, 14760, 0, 0
324000, 6228, 1, 0
325000, 17064, 0, 0
325000, 7500, 1, 0
326000, 40688, 0, 0
326000, 17612, 1, 0
327000, 14348, 0, 0
327000, 6244, 1, 0
328001, 14985, 0, 0
328001, 6213, 1, 0
329000, 14584, 0, 0
329000, 6136, 1, 0
330001, 13918, 0, 0
330001, 6365, 1, 0
331000, 14260, 0, 0
331000, 6212, 1, 0
332000, 15968, 0, 0
332000, 6740, 1, 0
333000, 44572, 0, 0
333000, 19268, 1, 0
334000, 32864, 0, 0
334000, 14164, 1, 0
335000, 19860, 0, 0
335000, 8500, 1, 0
336001, 30209, 0, 0
336001, 12879, 1, 0
337000, 16216, 0, 0
337000, 6900, 1, 0
338000, 19064, 0, 0
338000, 8076, 1, 0
339000, 19908, 0, 0
339000, 8360, 1, 0
340001, 14961, 0, 0
340001, 6029, 1, 0
341000, 14796, 0, 0
341000, 5900, 1, 0
342001, 16759, 0, 0
342001, 7192, 1, 0
343000, 16928, 0, 0
343000, 7180, 1, 0
344000, 14696, 0, 0
344000, 6252, 1, 0
345000, 14644, 0, 0
345000, 6176, 1, 0
346000, 14244, 0, 0
346000, 6104, 1, 0
347000, 14932, 0, 0
347000, 6096, 1, 0
348000, 14956, 0, 0
348000, 6888, 1, 0
349000, 15104, 0, 0
349000, 6412, 1, 0
350001, 38693, 0, 0
350001, 16667, 1, 0
351000, 14060, 0, 0
351000, 6108, 1, 0
352001, 14505, 0, 0
352001, 6301, 1, 0
353000, 21068, 0, 0
353000, 9100, 1, 0
354001, 33858, 0, 0
354001, 14917, 1, 0
355000, 21848, 0, 0
355000, 9320, 1, 0
356001, 14377, 0, 0
356001, 6253, 1, 0
357000, 14552, 0, 0
357000, 6504, 1, 0
358001, 16123, 0, 0
358001, 6925, 1, 0
359000, 15088, 0, 0
359000, 6544, 1, 0
360001, 14625, 0, 0
360001, 6529, 1, 0
361000, 14984, 0, 0
361000, 6568, 1, 0
362000, 15108, 0, 0
362000, 6144, 1, 0
363000, 14292, 0, 0
363000, 6084, 1, 0
364000, 15876, 0, 0
364000, 7168, 1, 0
365000, 14964, 0, 0
365000, 6536, 1, 0
366000, 14120, 0, 0
366000, 6068, 1, 0
367000, 17672, 0, 0
367000, 7440, 1, 0
368000, 20304, 0, 0
368000, 8612, 1, 0
369000, 17512, 0, 0
369000, 7652, 1, 0
370000, 19824, 0, 0
370000, 8408, 1, 0
371000, 18404, 0, 0
371000, 7752, 1, 0
372000, 26112, 0, 0
372000, 10972, 1, 0
373000, 14924, 0, 0
373000, 6548, 1, 0
374000, 14384, 0, 0
374000, 6000, 1, 0
375000, 21568, 0, 0
375000, 9136, 1, 0
376000, 22212, 0, 0
376000, 9748, 1, 0
377000, 18760, 0, 0
377000, 8372, 1, 0
378001, 19064, 0, 0
378001, 8431, 1, 0
379000, 16052, 0, 0
379000, 6672, 1, 0
380001, 22229, 0, 0
380001, 9678, 1, 0
381000, 14832, 0, 0
381000, 6152, 1, 0
382001, 16375, 0, 0
382001, 6901, 1, 0
383000, 15372, 0, 0
383000, 6608, 1, 0
384001, 15600, 0, 0
384001, 6781, 1, 0
385000, 18956, 0, 0
385000, 8092, 1, 0
386000, 25324, 0, 0
386000, 10884, 1, 0
387000, 14676, 0, 0
387000, 6160, 1, 0
388000, 14412, 0, 0
388000, 6300, 1, 0
389000, 14760, 0, 0
389000, 6140, 1, 0
390000, 16632, 0, 0
390000, 6696, 1, 0
391000, 15440, 0, 0
391000, 6460, 1, 0
392000, 15872, 0, 0
392000, 6824, 1, 0
393000, 14120, 0, 0
393000, 6476, 1, 0
394000, 17288, 0, 0
394000, 7300, 1, 0
395000, 15760, 0, 0
395000, 6820, 1, 0
396000, 16988, 0, 0
396000, 7196, 1, 0
397000, 18036, 0, 0
397000, 7680, 1, 0
398000, 18452, 0, 0
398000, 7620, 1, 0
399000, 14540, 0, 0
399000, 6108, 1, 0
400000, 51856, 0, 0
400000, 22112, 1, 0
401000, 23428, 0, 0
401000, 9892, 1, 0
402000, 14400, 0, 0
402000, 6532, 1, 0
403000, 20208, 0, 0
403000, 8920, 1, 0
404000, 19180, 0, 0
404000, 8200, 1, 0
405000, 22988, 0, 0
405000, 9324, 1, 0
406000, 22072, 0, 0
406000, 9120, 1, 0
407000, 14188, 0, 0
407000, 6072, 1, 0
408000, 22048, 0, 0
408000, 9064, 1, 0
409000, 14808, 0, 0
409000, 6280, 1, 0
410000, 25876, 0, 0
410000, 11292, 1, 0
411000, 30380, 0, 0
411000, 13300, 1, 0
412000, 14804, 0, 0
412000, 6708, 1, 0
413000, 14636, 0, 0
413000, 5908, 1, 0
414000, 14416, 0, 0
414000, 6068, 1, 0
415000, 14272, 0, 0
415000, 6460, 1, 0
416000, 14300, 0, 0
416000, 6420, 1, 0
417000, 14752, 0, 0
417000, 6076, 1, 0
418000, 14228, 0, 0
418000, 5968, 1, 0
419000, 16984, 0, 0
419000, 7324, 1, 0
420000, 24584, 0, 0
420000, 11112, 1, 0
421000, 14268, 0, 0
421001, 6232, 1, 0
422000, 14452, 0, 0
422000, 5980, 1, 0
423001, 15100, 0, 0
423001, 6157, 1, 0
424000, 14672, 0, 0
424000, 6356, 1, 0
425001, 14949, 0, 0
425001, 6393, 1, 0
426000, 14324, 0, 0
426000, 6156, 1, 0
427000, 14628, 0, 0
427000, 6316, 1, 0
428000, 20660, 0, 0
428000, 8428, 1, 0
429000, 14648, 0, 0
429000, 6120, 1, 0
430000, 15584, 0, 0
430000, 6576, 1, 0
431000, 18020, 0, 0
431000, 8024, 1, 0
432000, 16100, 0, 0
432000, 6684, 1, 0
433000, 16092, 0, 0
433000, 6948, 1, 0
434000, 16648, 0, 0
434000, 6968, 1, 0
435000, 14048, 0, 0
435000, 5916, 1, 0
436000, 16316, 0, 0
436000, 6968, 1, 0
437000, 33928, 0, 0
437000, 14544, 1, 0
438001, 17670, 0, 0
438001, 7716, 1, 0
439000, 14872, 0, 0
439000, 6452, 1, 0
440000, 20292, 0, 0
440000, 8632, 1, 0
441000, 18924, 0, 0
441000, 8212, 1, 0
442000, 18464, 0, 0
442000, 7872, 1, 0
443000, 20096, 0, 0
443000, 8164, 1, 0
444000, 31136, 0, 0
444000, 13248, 1, 0
445000, 16680, 0, 0
445000, 7212, 1, 0
446000, 17504, 0, 0
446000, 7276, 1, 0
447000, 14464, 0, 0
447000, 6120, 1, 0
448000, 14612, 0, 0
448000, 6344, 1, 0
449000, 16808, 0, 0
449000, 7028, 1, 0
450000, 22292, 0, 0
450000, 10020, 1, 0
451000, 18556, 0, 0
451000, 7968, 1, 0
452000, 16948, 0, 0
452000, 7532, 1, 0
453000, 24664, 0, 0
453000, 10624, 1, 0
454000, 23248, 0, 0
454000, 9684, 1, 0
455000, 15280, 0, 0
455000, 6104, 1, 0
456000, 21028, 0, 0
456000, 8972, 1, 0
457000, 28160, 0, 0
457000, 11536, 1, 0
458000, 13944, 0, 0
458000, 6512, 1, 0
459000, 14636, 0, 0
459000, 6572, 1, 0
460001, 14633, 0, 0
460001, 6341, 1, 0
461000, 14960, 0, 0
461000, 6416, 1, 0
462001, 13958, 0, 0
462001, 6057, 1, 0
463000, 14344, 0, 0
463000, 6128, 1, 0
464000, 20208, 0, 0
464000, 8704, 1, 0
465000, 35472, 0, 0
465000, 15400, 1, 0
466001, 20552, 0, 0
466001, 8344, 1, 0
467000, 17084, 0, 0
467000, 7308, 1, 0
468001, 16707, 0, 0
468001, 7420, 1, 0
469000, 16356, 0, 0
469000, 6924, 1, 0
470000, 16296, 0, 0
470000, 6976, 1, 0
471000, 20720, 0, 0
471000, 9108, 1, 0
472000, 30056, 0, 0
472000, 13496, 1, 0
473000, 14988, 0, 0
473000, 6444, 1, 0
474000, 14284, 0, 0
474000, 6296, 1, 0
475000, 15360, 0, 0
475000, 6464, 1, 0
476000, 24116, 0, 0
476000, 10288, 1, 0
477000, 17528, 0, 0
477000, 7724, 1, 0
478000, 16552, 0, 0
478000, 6892, 1, 0
479000, 17540, 0, 0
479000, 7704, 1, 0
480000, 14448, 0, 0
480000, 6000, 1, 0
481000, 18884, 0, 0
481000, 7996, 1, 0
482000, 26700, 0, 0
482000, 11544, 1, 0
483000, 27528, 0, 0
483000, 11780, 1, 0
484000, 47524, 0, 0
484000, 19892, 1, 0
485000, 42768, 0, 0
485000, 18260, 1, 0
486000, 31400, 0, 0
486000, 13604, 1, 0
487000, 23780, 0, 0
487000, 10112, 1, 0
488000, 41388, 0, 0
488000, 17720, 1, 0
489000, 32168, 0, 0
489000, 14168, 1, 0
490000, 25360, 0, 0
490000, 10892, 1, 0
491000, 19864, 0, 0
491000, 8528, 1, 0
492000, 15236, 0, 0
492000, 6552, 1, 0
493000, 14888, 0, 0
493000, 6632, 1, 0
494000, 23248, 0, 0
494000, 9760, 1, 0
495000, 14580, 0, 0
495000, 6508, 1, 0
496000, 16440, 0, 0
496000, 7176, 1, 0
497000, 28540, 0, 0
497000, 12256, 1, 0
498000, 16916, 0, 0
498000, 7448, 1, 0
499000, 14704, 0, 0
499000, 6212, 1, 0
500001, 17614, 0, 0
500001, 7360, 1, 0
501000, 21056, 0, 0
501000, 8812, 1, 0
502001, 16955, 0, 0
502001, 7064, 1, 0
503000, 17056, 0, 0
503000, 7560, 1, 0
504000, 15156, 0, 0
504000, 6556, 1, 0
505000, 25688, 0, 0
505000, 11352, 1, 0
506000, 15260, 0, 0
506000, 6548, 1, 0
507000, 48224, 0, 0
507000, 20768, 1, 0
508000, 37528, 0, 0
508000, 16064, 1, 0
509000, 27600, 0, 0
509000, 11948, 1, 0
510000, 27932, 0, 0
510000, 12340, 1, 0
511000, 38252, 0, 0
511000, 16872, 1, 0
512000, 19844, 0, 0
512000, 8452, 1, 0
513000, 28204, 0, 0
513000, 11620, 1, 0
514000, 20724, 0, 0
514000, 9088, 1, 0
515000, 14652, 0, 0
515000, 6200, 1, 0
516000, 16736, 0, 0
516000, 6800, 1, 0
517000, 21668, 0, 0
517000, 9288, 1, 0
518000, 16040, 0, 0
518000, 6712, 1, 0
519000, 15428, 0, 0
519000, 6448, 1, 0
520001, 14777, 0, 0
520001, 6437, 1, 0
521000, 14232, 0, 0
521000, 6200, 1, 0
522000, 19600, 0, 0
522000, 8072, 1, 0
523000, 31204, 0, 0
523000, 13300, 1, 0
524000, 34844, 0, 0
524000, 15040, 1, 0
525000, 20636, 0, 0
525000, 8652, 1, 0
526000, 32888, 0, 0
526000, 14112, 1, 0
527000, 14400, 0, 0
527000, 6452, 1, 0
528000, 13988, 0, 0
528000, 5792, 1, 0
529000, 19732, 0, 0
529000, 8460, 1, 0
530000, 14416, 0, 0
530000, 6376, 1, 0
531000, 16404, 0, 0
531000, 6984, 1, 0
532000, 18260, 0, 0
532000, 7848, 1, 0
533001, 15276, 0, 0
533001, 6725, 1, 0
534000, 14488, 0, 0
534000, 6048, 1, 0
535001, 14349, 0, 0
535001, 6149, 1, 0
536000, 22896, 0, 0
536000, 9980, 1, 0
537000, 16328, 0, 0
537000, 6952, 1, 0
538000, 17024, 0, 0
538000, 7420, 1, 0
539000, 30556, 0, 0
539000, 13060, 1, 0
540000, 23260, 0, 0
540000, 10072, 1, 0
541001, 19516, 0, 0
541001, 8359, 1, 0
542000, 24736, 0, 0
542000, 10272, 1, 0
543000, 39068, 0, 0
543000, 16216, 1, 0
544000, 14584, 0, 0
544000, 5980, 1, 0
545000, 13620, 0, 0
545000, 6076, 1, 0
546000, 22440, 0, 0
546000, 9380, 1, 0
547000, 25256, 0, 0
547000, 10988, 1, 0
548000, 31096, 0, 0
548000, 13764, 1, 0
549000, 23672, 0, 0
549000, 10028, 1, 0
550000, 23756, 0, 0
550000, 10356, 1, 0
551000, 14556, 0, 0
551000, 6336, 1, 0
552000, 15204, 0, 0
552000, 6120, 1, 0
553000, 14376, 0, 0
553000, 6392, 1, 0
554000, 14204, 0, 0
554000, 6364, 1, 0
555000, 15076, 0, 0
555000, 6484, 1, 0
556001, 45794, 0, 0
556001, 19644, 1, 0
557000, 15424, 0, 0
557000, 6420, 1, 0
558000, 15176, 0, 0
558000, 6540, 1, 0
559000, 14488, 0, 0
559000, 5960, 1, 0
560001, 14837, 0, 0
560001, 6601, 1, 0
561000, 14860, 0, 0
561000, 5992, 1, 0
562001, 17094, 0, 0
562001, 7260, 1, 0
563000, 17744, 0, 0
563000, 7548, 1, 0
564001, 26693, 0, 0
564001, 11428, 1, 0
565000, 27844, 0, 0
565000, 12012, 1, 0
566000, 18972, 0, 0
566000, 8572, 1, 0
567000, 14128, 0, 0
567000, 5956, 1, 0
568000, 18108, 0, 0
568000, 7872, 1, 0
569000, 16008, 0, 0
569000, 7088, 1, 0
570000, 15708, 0, 0
570000, 6700, 1, 0
571000, 16240, 0, 0
571000, 6864, 1, 0
572000, 21524, 0, 0
572000, 8860, 1, 0
573000, 24260, 0, 0
573000, 10352, 1, 0
574001, 29510, 0, 0
574001, 12575, 1, 0
575000, 15048, 0, 0
575000, 6520, 1, 0
576000, 24848, 0, 0
576000, 10748, 1, 0
577000, 45252, 0, 0
577000, 19292, 1, 0
578000, 29712, 0, 0
578000, 12604, 1, 0
579000, 24544, 0, 0
579000, 10372, 1, 0
580000, 22764, 0, 0
580000, 9708, 1, 0
581000, 33656, 0, 0
581000, 13848, 1, 0
582000, 41524, 0, 0
582000, 18192, 1, 0
583000, 15016, 0, 0
583000, 6336, 1, 0
584000, 19116, 0, 0
584000, 8316, 1, 0
585000, 28416, 0, 0
585000, 12376, 1, 0
586000, 34620, 0, 0
586000, 14916, 1, 0
587000, 22032, 0, 0
587000, 9104, 1, 0
588000, 14484, 0, 0
588000, 6256, 1, 0
589000, 24996, 0, 0
589000, 10528, 1, 0
590000, 18480, 0, 0
590000, 7744, 1, 0
591000, 14012, 0, 0
591000, 5980, 1, 0
592000, 18600, 0, 0
592000, 7444, 1, 0
593000, 22744, 0, 0
593000, 9408, 1, 0
594000, 15084, 0, 0
594000, 6644, 1, 0
595000, 30412, 0, 0
595000, 12836, 1, 0
596000, 46212, 0, 0
596000, 19652, 1, 0
597000, 33120, 0, 0
597000, 14396, 1, 0
598000, 14324, 0, 0
598000, 5948, 1, 0
599000, 31064, 0, 0
599000, 13624, 1, 0
600000, 18504, 0, 0
600000, 8328, 1, 0
601000, 14692, 0, 0
601000, 6148, 1, 0
602000, 16096, 0, 0
602000, 6964, 1, 0
603000, 20120, 0, 0
603000, 9100, 1, 0
604000, 14720, 0, 0
604000, 6204, 1, 0
605000, 19380, 0, 0
605000, 8400, 1, 0
606000, 31528, 0, 0
606000, 13448, 1, 0
607000, 26076, 0, 0
607000, 11588, 1, 0
608000, 24192, 0, 0
608000, 9884, 1, 0
609000, 37252, 0, 0
609000, 15528, 1, 0
610000, 31596, 0, 0
610000, 13816, 1, 0
611000, 27332, 0, 0
611000, 11752, 1, 0
612000, 41216, 0, 0
612000, 17452, 1, 0
613000, 45900, 0, 0
613000, 18716, 1, 0
614000, 40580, 0, 0
614000, 17176, 1, 0
615000, 24552, 0, 0
615000, 10172, 1, 0
616000, 19120, 0, 0
616000, 7864, 1, 0
617000, 19848, 0, 0
617000, 8448, 1, 0
618000, 33380, 0, 0
618000, 14196, 1, 0
619000, 15440, 0, 0
619000, 6912, 1, 0
620001, 14621, 0, 0
620001, 6465, 1, 0
621000, 16376, 0, 0
621000, 6856, 1, 0
622001, 24003, 0, 0
622001, 10281, 1, 0
623000, 14164, 0, 0
623000, 6236, 1, 0
624000, 14448, 0, 0
624000, 6296, 1, 0
625000, 15532, 0, 0
625000, 6712, 1, 0
626000, 15124, 0, 0
626000, 6520, 1, 0
627000, 17720, 0, 0
627000, 7768, 1, 0
628000, 15164, 0, 0
628000, 6756, 1, 0
629000, 17852, 0, 0
629000, 7476, 1, 0
630000, 16320, 0, 0
630000, 6744, 1, 0
631000, 18612, 0, 0
631000, 7884, 1, 0
632000, 15672, 0, 0
632000, 6652, 1, 0
633000, 15640, 0, 0
633000, 7156, 1, 0
634000, 14820, 0, 0
634000, 6440, 1, 0
635000, 14128, 0, 0
635000, 6244, 1, 0
636000, 14428, 0, 0
636000, 5980, 1, 0
637000, 21860, 0, 0
637000, 9876, 1, 0
638000, 14468, 0, 0
638000, 6184, 1, 0
639000, 14548, 0, 0
639000, 6148, 1, 0
640000, 16352, 0, 0
640000, 7236, 1, 0
641000, 15828, 0, 0
641000, 6692, 1, 0
642000, 14692, 0, 0
642000, 6164, 1, 0
643000, 14492, 0, 0
643000, 6232, 1, 0
644000, 14804, 0, 0
644000, 6060, 1, 0
645000, 15044, 0, 0
645000, 6320, 1, 0
646000, 13972, 0, 0
646000, 6068, 1, 0
647000, 17208, 0, 0
647000, 7384, 1, 0
648000, 14884, 0, 0
648000, 6116, 1, 0
649000, 14808, 0, 0
649000, 6476, 1, 0
650000, 16832, 0, 0
650000, 7376, 1, 0
651000, 18628, 0, 0
651000, 8076, 1, 0
652000, 14644, 0, 0
652000, 6504, 1, 0
653000, 13784, 0, 0
653000, 6248, 1, 0
654000, 14484, 0, 0
654000, 6232, 1, 0
655000, 14728, 0, 0
655000, 6160, 1, 0
656000, 14484, 0, 0
656000, 6732, 1, 0
657000, 14760, 0, 0
657000, 6188, 1, 0
658000, 14484, 0, 0
658000, 6584, 1, 0
659000, 14172, 0, 0
659000, 6052, 1, 0
660001, 14841, 0, 0
660001, 6065, 1, 0
661000, 14892, 0, 0
661000, 6216, 1, 0
662001, 14477, 0, 0
662001, 6229, 1, 0
663000, 14332, 0, 0
663000, 6116, 1, 0
664001, 22477, 0, 0
664001, 10109, 1, 0
665000, 29088, 0, 0
665000, 12804, 1, 0
666001, 17138, 0, 0
666001, 7180, 1, 0
667000, 19224, 0, 0
667000, 8372, 1, 0
668001, 14633, 0, 0
668001, 6237, 1, 0
669000, 14952, 0, 0
669000, 6568, 1, 0
670001, 28231, 0, 0
670001, 11872, 1, 0
671000, 16968, 0, 0
671000, 7212, 1, 0
672000, 28760, 0, 0
672000, 12180, 1, 0
673000, 14888, 0, 0
673000, 6796, 1, 0
674000, 17332, 0, 0
674000, 7188, 1, 0
675000, 17840, 0, 0
675000, 7468, 1, 0
676000, 15596, 0, 0
676000, 6692, 1, 0
677000, 14780, 0, 0
677000, 6148, 1, 0
678000, 14904, 0, 0
678000, 6316, 1, 0
679000, 14732, 0, 0
679000, 6516, 1, 0
680000, 15408, 0, 0
680000, 6496, 1, 0
681000, 22312, 0, 0
681000, 9632, 1, 0
682000, 23072, 0, 0
682000, 9676, 1, 0
683000, 14804, 0, 0
683000, 6412, 1, 0
684000, 15048, 0, 0
684000, 6324, 1, 0
685001, 14517, 0, 0
685001, 6457, 1, 0
686000, 13868, 0, 0
686000, 5956, 1, 0
687001, 14181, 0, 0
687001, 6069, 1, 0
688000, 25176, 0, 0
688000, 10940, 1, 0
689000, 23204, 0, 0
689000, 9840, 1, 0
690000, 17660, 0, 0
690000, 7828, 1, 0
691000, 15956, 0, 0
691000, 7152, 1, 0
692000, 16596, 0, 0
692000, 7292, 1, 0
693000, 21740, 0, 0
693000, 9248, 1, 0
694000, 21652, 0, 0
694000, 9180, 1, 0
695000, 14112, 0, 0
695000, 6504, 1, 0
696001, 16651, 0, 0
696001, 6997, 1, 0
697000, 16656, 0, 0
697000, 7252, 1, 0
698001, 14269, 0, 0
698001, 6209, 1, 0
699000, 14412, 0, 0
699000, 6248, 1, 0
700001, 24639, 0, 0
700001, 10309, 1, 0
701000, 14620, 0, 0
701000, 5972, 1, 0
702000, 16128, 0, 0
702000, 6952, 1, 0
703000, 17284, 0, 0
703000, 7332, 1, 0
704000, 17268, 0, 0
704000, 7420, 1, 0
705000, 14484, 0, 0
705000, 6284, 1, 0
706000, 14816, 0, 0
706000, 6316, 1, 0
707000, 16900, 0, 0
707000, 7256, 1, 0
708000, 14840, 0, 0
708000, 6348, 1, 0
709000, 14696, 0, 0
709000, 6480, 1, 0
710000, 14372, 0, 0
710000, 6124, 1, 0
711001, 14716, 0, 0
711001, 6264, 1, 0
712000, 15628, 0, 0
712000, 6312, 1, 0
713001, 14825, 0, 0
713001, 6337, 1, 0
714000, 14564, 0, 0
714000, 6148, 1, 0
715000, 14980, 0, 0
715000, 6396, 1, 0
716000, 14428, 0, 0
716000, 6352, 1, 0
717000, 14804, 0, 0
717000, 6600, 1, 0
718000, 13976, 0, 0
718000, 6096, 1, 0
719000, 14236, 0, 0
719000, 6032, 1, 0
720000, 24448, 0, 0
720000, 11040, 1, 0
721000, 15344, 0, 0
721000, 6436, 1, 0
722001, 14089, 0, 0
722001, 6325, 1, 0
723000, 18492, 0, 0
723000, 8140, 1, 0
724001, 14745, 0, 0
724001, 6133, 1, 0
725000, 17384, 0, 0
725000, 7092, 1, 0
726001, 14585, 0, 0
726001, 6269, 1, 0
727000, 22492, 0, 0
727000, 9744, 1, 0
728001, 17262, 0, 0
728001, 7712, 1, 0
729000, 14740, 0, 0
729000, 6336, 1, 0
730001, 14785, 0, 0
730001, 6285, 1, 0
731000, 14308, 0, 0
731000, 6080, 1, 0
732001, 14425, 0, 0
732001, 6233, 1, 0
733000, 16368, 0, 0
733000, 6868, 1, 0
734000, 14012, 0, 0
734000, 6156, 1, 0
735000, 14340, 0, 0
735000, 5940, 1, 0
736000, 14748, 0, 0
736000, 6148, 1, 0
737000, 14724, 0, 0
737000, 6032, 1, 0
738000, 16568, 0, 0
738000, 7276, 1, 0
739000, 15612, 0, 0
739000, 6696, 1, 0
740001, 17482, 0, 0
740001, 7328, 1, 0
741000, 14436, 0, 0
741000, 6132, 1, 0
742001, 15276, 0, 0
742001, 5998, 1, 0
743000, 14760, 0, 0
743000, 6560, 1, 0
744001, 18533, 0, 0
744001, 7816, 1, 0
745000, 19860, 0, 0
745000, 8340, 1, 0
746000, 14432, 0, 0
746000, 6172, 1, 0
747000, 15256, 0, 0
747000, 6556, 1, 0
748000, 15340, 0, 0
748000, 6800, 1, 0
749000, 18120, 0, 0
749000, 7740, 1, 0
750000, 14056, 0, 0
750000, 6216, 1, 0
751000, 15616, 0, 0
751000, 6620, 1, 0
752000, 17176, 0, 0
752000, 7748, 1, 0
753000, 14516, 0, 0
753000, 6332, 1, 0
754000, 15484, 0, 0
754000, 6688, 1, 0
755000, 15896, 0, 0
755000, 6700, 1, 0
756000, 14824, 0, 0
756000, 6240, 1, 0
757000, 14716, 0, 0
757000, 6372, 1, 0
758000, 14076, 0, 0
758000, 5976, 1, 0
759000, 13912, 0, 0
759000, 6056, 1, 0
760000, 21056, 0, 0
760000, 9032, 1, 0
761000, 26440, 0, 0
761000, 11484, 1, 0
762000, 28932, 0, 0
762000, 12408, 1, 0
763001, 18741, 0, 0
763001, 8339, 1, 0
764000, 16348, 0, 0
764000, 6784, 1, 0
765000, 20976, 0, 0
765000, 9264, 1, 0
766000, 14520, 0, 0
766000, 6448, 1, 0
767001, 32435, 0, 0
767001, 13746, 1, 0
768000, 26424, 0, 0
768000, 10964, 1, 0
769001, 30569, 0, 0
769001, 12927, 1, 0
770000, 19008, 0, 0
770000, 8472, 1, 0
771001, 15360, 0, 0
771001, 6477, 1, 0
772000, 14972, 0, 0
772000, 6616, 1, 0
773001, 15096, 0, 0
773001, 6289, 1, 0
774000, 14800, 0, 0
774000, 6336, 1, 0
775001, 14917, 0, 0
775001, 6257, 1, 0
776000, 16076, 0, 0
776000, 6844, 1, 0
777001, 19548, 0, 0
777001, 8703, 1, 0
778000, 15188, 0, 0
778000, 6508, 1, 0
779000, 17684, 0, 0
779000, 7500, 1, 0
780000, 14976, 0, 0
780000, 6572, 1, 0
781001, 14293, 0, 0
781001, 5870, 1, 0
782000, 14400, 0, 0
782000, 6256, 1, 0
783001, 14957, 0, 0
783001, 6241, 1, 0
784000, 16140, 0, 0
784000, 6560, 1, 0
785000, 17420, 0, 0
785000, 7448, 1, 0
786000, 17156, 0, 0
786000, 7180, 1, 0
787000, 15136, 0, 0
787000, 6484, 1, 0
788000, 19504, 0, 0
788000, 7992, 1, 0
789000, 14424, 0, 0
789000, 6348, 1, 0
790000, 26984, 0, 0
790000, 11644, 1, 0
791000, 14696, 0, 0
791000, 6656, 1, 0
792000, 14756, 0, 0
792000, 5952, 1, 0
793000, 14348, 0, 0
793000, 6352, 1, 0
794001, 16087, 0, 0
794001, 6645, 1, 0
795000, 30360, 0, 0
795000, 13296, 1, 0
796000, 19572, 0, 0
796000, 8100, 1, 0
797000, 18408, 0, 0
797000, 7888, 1, 0
798000, 13976, 0, 0
798000, 6028, 1, 0
799000, 25444, 0, 0
799000, 11528, 1, 0
800000, 16008, 0, 0
800000, 6980, 1, 0
801000, 17636, 0, 0
801000, 7784, 1, 0
802000, 37388, 0, 0
802000, 16396, 1, 0
803001, 31656, 0, 0
803001, 13374, 1, 0
804000, 30916, 0, 0
804000, 12936, 1, 0
805000, 25956, 0, 0
805000, 10932, 1, 0
806000, 17256, 0, 0
806000, 7376, 1, 0
807000, 26360, 0, 0
807000, 11604, 1, 0
808000, 14524, 0, 0
808000, 6384, 1, 0
809000, 31896, 0, 0
809000, 13888, 1, 0
810000, 34800, 0, 0
810000, 15024, 1, 0
811000, 17468, 0, 0
811000, 7512, 1, 0
812000, 14612, 0, 0
812000, 6356, 1, 0
813000, 14800, 0, 0
813000, 6388, 1, 0
814000, 14300, 0, 0
814000, 5828, 1, 0
815000, 14968, 0, 0
815000, 6308, 1, 0
816001, 14549, 0, 0
816001, 6097, 1, 0
817000, 15248, 0, 0
817000, 6392, 1, 0
818001, 14909, 0, 0
818001, 6257, 1, 0
819000, 15384, 0, 0
819000, 6652, 1, 0
820000, 15108, 0, 0
820000, 6760, 1, 0
821000, 14536, 0, 0
821000, 5948, 1, 0
822000, 13716, 0, 0
822000, 6008, 1, 0
823000, 22128, 0, 0
823000, 9356, 1, 0
824000, 17244, 0, 0
824000, 7144, 1, 0
825000, 19884, 0, 0
825000, 8308, 1, 0
826000, 16092, 0, 0
826000, 7000, 1, 0
827001, 15640, 0, 0
827001, 6473, 1, 0
828000, 15372, 0, 0
828000, 6532, 1, 0
829001, 14997, 0, 0
829001, 6685, 1, 0
830000, 22456, 0, 0
830000, 9496, 1, 0
831001, 14429, 0, 0
831001, 6193, 1, 0
832000, 14072, 0, 0
832000, 6560, 1, 0
833000, 14636, 0, 0
833000, 6180, 1, 0
834000, 15004, 0, 0
834000, 6364, 1, 0
835000, 22292, 0, 0
835000, 9508, 1, 0
836000, 21668, 0, 0
836000, 9332, 1, 0
837000, 13908, 0, 0
837000, 5972, 1, 0
838000, 15372, 0, 0
838000, 6864, 1, 0
839000, 17488, 0, 0
839000, 7484, 1, 0
840000, 16900, 0, 0
840000, 6924, 1, 0
841000, 15196, 0, 0
841000, 6408, 1, 0
842000, 13912, 0, 0
842000, 5896, 1, 0
843000, 14948, 0, 0
843000, 6356, 1, 0
844000, 20176, 0, 0
844000, 8748, 1, 0
845000, 15316, 0, 0
845000, 6124, 1, 0
846000, 14344, 0, 0
846000, 6192, 1, 0
847000, 14028, 0, 0
847000, 5960, 1, 0
848000, 16984, 0, 0
848001, 7304, 1, 0
849000, 22648, 0, 0
849000, 9500, 1, 0
850001, 20179, 0, 0
850001, 8979, 1, 0
851000, 15356, 0, 0
851000, 6728, 1, 0
852001, 26921, 0, 0
852001, 11428, 1, 0
853000, 14388, 0, 0
853000, 6032, 1, 0
854001, 13722, 0, 0
854001, 6309, 1, 0
855000, 15332, 0, 0
855000, 6632, 1, 0
856001, 18121, 0, 0
856001, 7748, 1, 0
857000, 17612, 0, 0
857000, 7256, 1, 0
858001, 14192, 0, 0
858001, 6236, 1, 0
859000, 15172, 0, 0
859000, 6748, 1, 0
860001, 14545, 0, 0
860001, 6149, 1, 0
861000, 30556, 0, 0
861000, 13008, 1, 0
862000, 16232, 0, 0
862000, 7072, 1, 0
863000, 28292, 0, 0
863000, 12224, 1, 0
864000, 15168, 0, 0
864000, 6684, 1, 0
865000, 15316, 0, 0
865000, 6604, 1, 0
866000, 13704, 0, 0
866000, 6136, 1, 0
867000, 13752, 0, 0
867000, 6080, 1, 0
868000, 14572, 0, 0
868000, 6208, 1, 0
869000, 14400, 0, 0
869000, 6184, 1, 0
870000, 14256, 0, 0
870000, 6428, 1, 0
871000, 14532, 0, 0
871000, 6596, 1, 0
872000, 14160, 0, 0
872000, 6124, 1, 0
873000, 14660, 0, 0
873000, 6180, 1, 0
874000, 16632, 0, 0
874000, 7164, 1, 0
875000, 14856, 0, 0
875000, 6152, 1, 0
876000, 14812, 0, 0
876000, 6644, 1, 0
877001, 16876, 0, 0
877001, 7440, 1, 0
878000, 14428, 0, 0
878000, 6244, 1, 0
879001, 14785, 0, 0
879001, 6261, 1, 0
880000, 16052, 0, 0
880000, 6512, 1, 0
881001, 14301, 0, 0
881001, 6309, 1, 0
882000, 14792, 0, 0
882000, 6648, 1, 0
883001, 15840, 0, 0
883001, 6837, 1, 0
884000, 13948, 0, 0
884000, 6032, 1, 0
885000, 14628, 0, 0
885000, 6164, 1, 0
886000, 15012, 0, 0
886000, 6132, 1, 0
887000, 15176, 0, 0
887000, 6660, 1, 0
888000, 15004, 0, 0
888000, 6360, 1, 0
889001, 14969, 0, 0
889001, 6649, 1, 0
890000, 14584, 0, 0
890000, 6268, 1, 0
891001, 16047, 0, 0
891001, 6981, 1, 0
892000, 26500, 0, 0
892000, 11208, 1, 0
893001, 14989, 0, 0
893001, 6417, 1, 0
894000, 14088, 0, 0
894000, 6256, 1, 0
895001, 14621, 0, 0
895001, 6201, 1, 0
896000, 14808, 0, 0
896000, 6356, 1, 0
897001, 14353, 0, 0
897001, 6261, 1, 0
898000, 13924, 0, 0
898000, 6076, 1, 0
899001, 14765, 0, 0
899001, 6349, 1, 0
900000, 15188, 0, 0
900000, 6608, 1, 0
901001, 14565, 0, 0
901001, 6381, 1, 0
902000, 21216, 0, 0
902000, 9016, 1, 0
903000, 14536, 0, 0
903000, 6316, 1, 0
904000, 14824, 0, 0
904000, 6176, 1, 0
905000, 14444, 0, 0
905000, 6164, 1, 0
906000, 13860, 0, 0
906000, 6112, 1, 0
907000, 15276, 0, 0
907000, 6628, 1, 0
908000, 14304, 0, 0
908000, 6356, 1, 0
909000, 15156, 0, 0
909000, 6904, 1, 0
910001, 15000, 0, 0
910001, 6289, 1, 0
911000, 14224, 0, 0
911000, 6316, 1, 0
912001, 14285, 0, 0
912001, 6265, 1, 0
913000, 18292, 0, 0
913000, 7744, 1, 0
914000, 14348, 0, 0
914000, 6436, 1, 0
915000, 14056, 0, 0
915000, 5824, 1, 0
916000, 20672, 0, 0
916000, 8624, 1, 0
917000, 14768, 0, 0
917000, 6384, 1, 0
918000, 19700, 0, 0
918000, 8424, 1, 0
919000, 17112, 0, 0
919000, 7384, 1, 0
920000, 14972, 0, 0
920000, 6300, 1, 0
921000, 22156, 0, 0
921000, 9428, 1, 0
922000, 45460, 0, 0
922000, 19060, 1, 0
923000, 14304, 0, 0
923000, 6332, 1, 0
924000, 15724, 0, 0
924000, 6420, 1, 0
925000, 15456, 0, 0
925000, 6472, 1, 0
926000, 14932, 0, 0
926000, 6284, 1, 0
927000, 14560, 0, 0
927000, 6468, 1, 0
928000, 14848, 0, 0
928000, 6548, 1, 0
929000, 14012, 0, 0
929000, 6204, 1, 0
930000, 14696, 0, 0
930000, 6500, 1, 0
931000, 14248, 0, 0
931000, 6232, 1, 0
932000, 14376, 0, 0
932000, 5972, 1, 0
933000, 14932, 0, 0
933000, 6232, 1, 0
934000, 14384, 0, 0
934000, 6296, 1, 0
935000, 15180, 0, 0
935000, 6324, 1, 0
936000, 15928, 0, 0
936000, 6916, 1, 0
937001, 14605, 0, 0
937001, 6273, 1, 0
938000, 14052, 0, 0
938000, 6100, 1, 0
939001, 14617, 0, 0
939001, 6449, 1, 0
940000, 18648, 0, 0
940000, 7788, 1, 0
941000, 15232, 0, 0
941001, 6440, 1, 0
942000, 14972, 0, 0
942000, 6344, 1, 0
943000, 13804, 0, 0
943000, 6052, 1, 0
944000, 16952, 0, 0
944000, 6952, 1, 0
945000, 14824, 0, 0
945000, 6672, 1, 0
946000, 25876, 0, 0
946000, 11448, 1, 0
947000, 20272, 0, 0
947000, 8468, 1, 0
948000, 14856, 0, 0
948000, 6828, 1, 0
949000, 25936, 0, 0
949000, 11308, 1, 0
950000, 19676, 0, 0
950000, 8372, 1, 0
951000, 14380, 0, 0
951000, 6092, 1, 0
952000, 14924, 0, 0
952000, 6188, 1, 0
953000, 14320, 0, 0
953000, 6372, 1, 0
954000, 15704, 0, 0
954000, 6876, 1, 0
955000, 14620, 0, 0
955000, 6400, 1, 0
956000, 22876, 0, 0
956000, 9732, 1, 0
957000, 14632, 0, 0
957000, 6372, 1, 0
958000, 14932, 0, 0
958000, 6056, 1, 0
959000, 14352, 0, 0
959000, 6024, 1, 0
960000, 14548, 0, 0
960000, 6160, 1, 0
961000, 14356, 0, 0
961000, 6244, 1, 0
962000, 14496, 0, 0
962000, 6372, 1, 0
963000, 15060, 0, 0
963000, 6248, 1, 0
964000, 14836, 0, 0
964000, 6196, 1, 0
965000, 14596, 0, 0
965000, 6156, 1, 0
966000, 14224, 0, 0
966000, 6064, 1, 0
967000, 13836, 0, 0
967000, 6080, 1, 0
968000, 20224, 0, 0
968000, 8616, 1, 0
969000, 30836, 0, 0
969000, 13548, 1, 0
970000, 35556, 0, 0
970000, 15356, 1, 0
971000, 14492, 0, 0
971000, 6320, 1, 0
972000, 20920, 0, 0
972000, 8740, 1, 0
973000, 14672, 0, 0
973000, 6552, 1, 0
974000, 14640, 0, 0
974000, 6200, 1, 0
975000, 23192, 0, 0
975000, 9756, 1, 0
976000, 14888, 0, 0
976000, 6148, 1, 0
977000, 15612, 0, 0
977000, 6776, 1, 0
978000, 14748, 0, 0
978000, 6320, 1, 0
979000, 14572, 0, 0
979000, 6208, 1, 0
980000, 17004, 0, 0
980000, 7416, 1, 0
981000, 16980, 0, 0
981000, 6964, 1, 0
982000, 33992, 0, 0
982000, 14816, 1, 0
983000, 28276, 0, 0
983000, 12124, 1, 0
984000, 17960, 0, 0
984000, 7748, 1, 0
985000, 13900, 0, 0
985000, 5984, 1, 0
986000, 14316, 0, 0
986000, 5964, 1, 0
987000, 14460, 0, 0
987000, 5884, 1, 0
988000, 17028, 0, 0
988000, 7976, 1, 0
989000, 14216, 0, 0
989000, 6208, 1, 0
990001, 19976, 0, 0
990001, 8519, 1, 0
991000, 18012, 0, 0
991000, 7820, 1, 0
992001, 26329, 0, 0
992001, 11484, 1, 0
993000, 14616, 0, 0
993000, 6136, 1, 0
994001, 14368, 0, 0
994001, 5920, 1, 0
995000, 14584, 0, 0
995000, 6452, 1, 0
996000, 14736, 0, 0
996000, 6444, 1, 0
997000, 14632, 0, 0
997000, 6308, 1, 0
998000, 14792, 0, 0
998000, 6396, 1, 0
999000, 21396, 0, 0
999000, 8756, 1, 0
1000000, 15076, 0, 0
1000000, 6572, 1, 0
1001000, 14540, 0, 0
1001000, 6020, 1, 0
1002000, 15012, 0, 0
1002000, 6376, 1, 0
1003000, 14628, 0, 0
1003000, 6328, 1, 0
1004000, 20900, 0, 0
1004000, 8972, 1, 0
1005000, 28432, 0, 0
1005000, 11736, 1, 0
1006000, 17600, 0, 0
1006000, 7164, 1, 0
1007000, 16180, 0, 0
1007000, 7024, 1, 0
1008000, 19000, 0, 0
1008000, 8072, 1, 0
1009000, 28484, 0, 0
1009000, 12084, 1, 0
1010000, 18652, 0, 0
1010000, 7884, 1, 0
1011000, 18612, 0, 0
1011000, 7608, 1, 0
1012000, 15976, 0, 0
1012000, 6876, 1, 0
1013000, 18700, 0, 0
1013000, 8144, 1, 0
1014000, 14256, 0, 0
1014000, 6408, 1, 0
1015000, 14632, 0, 0
1015000, 6260, 1, 0
1016000, 14580, 0, 0
1016000, 6260, 1, 0
1017000, 20348, 0, 0
1017000, 8884, 1, 0
1018000, 16912, 0, 0
1018000, 6936, 1, 0
1019000, 18912, 0, 0
1019000, 8432, 1, 0
1020000, 20828, 0, 0
1020000, 9016, 1, 0
1021000, 19348, 0, 0
1021000, 8300, 1, 0
1022000, 32096, 0, 0
1022000, 13600, 1, 0
1023000, 14336, 0, 0
1023000, 6328, 1, 0
1024000, 20120, 0, 0
1024000, 8492, 1, 0
1025000, 18204, 0, 0
1025000, 7564, 1, 0
1026000, 42608, 0, 0
1026000, 18152, 1, 0
1027000, 30324, 0, 0
1027000, 12940, 1, 0
1028000, 20604, 0, 0
1028000, 9332, 1, 0
1029000, 20996, 0, 0
1029000, 9000, 1, 0
1030000, 26968, 0, 0
1030000, 11752, 1, 0
1031000, 33128, 0, 0
1031000, 14588, 1, 0
1032000, 24864, 0, 0
1032000, 10724, 1, 0
1033000, 20552, 0, 0
1033000, 8316, 1, 0
1034000, 21412, 0, 0
1034000, 9072, 1, 0
1035000, 21352, 0, 0
1035000, 8896, 1, 0
1036000, 18752, 0, 0
1036000, 7788, 1, 0
1037000, 18428, 0, 0
1037000, 7796, 1, 0
1038000, 18076, 0, 0
1038000, 7640, 1, 0
1039000, 15316, 0, 0
1039000, 6712, 1, 0
1040000, 23040, 0, 0
1040000, 9560, 1, 0
1041000, 39708, 0, 0
1041000, 16892, 1, 0
1042000, 19276, 0, 0
1042000, 8236, 1, 0
1043000, 31376, 0, 0
1043000, 13456, 1, 0
1044000, 20984, 0, 0
1044000, 8820, 1, 0
1045000, 16200, 0, 0
1045000, 7032, 1, 0
1046000, 19080, 0, 0
1046000, 8212, 1, 0
1047001, 14545, 0, 0
1047001, 6281, 1, 0
1048000, 22036, 0, 0
1048000, 8832, 1, 0
1049001, 15104, 0, 0
1049001, 6549, 1, 0
1050000, 15672, 0, 0
1050000, 6648, 1, 0
1051001, 22197, 0, 0
1051001, 9314, 1, 0
1052000, 15568, 0, 0
1052000, 6372, 1, 0
1053000, 15308, 0, 0
1053000, 6356, 1, 0
1054000, 28568, 0, 0
1054000, 12696, 1, 0
1055001, 14589, 0, 0
1055001, 6357, 1, 0
1056000, 23848, 0, 0
1056000, 10268, 1, 0
1057001, 16247, 0, 0
1057001, 6893, 1, 0
1058000, 14884, 0, 0
1058000, 6224, 1, 0
1059001, 15280, 0, 0
1059001, 6597, 1, 0
1060000, 14460, 0, 0
1060000, 6260, 1, 0
1061001, 15736, 0, 0
1061001, 7016, 1, 0
1062000, 21068, 0, 0
1062000, 9036, 1, 0
1063000, 14740, 0, 0
1063000, 6580, 1, 0
1064000, 14792, 0, 0
1064000, 6356, 1, 0
1065001, 18357, 0, 0
1065001, 8099, 1, 0
1066000, 19260, 0, 0
1066000, 8372, 1, 0
1067000, 15516, 0, 0
1067000, 6584, 1, 0
1068000, 14844, 0, 0
1068000, 6476, 1, 0
1069000, 21304, 0, 0
1069000, 9236, 1, 0
1070000, 14488, 0, 0
1070000, 6264, 1, 0
1071000, 15492, 0, 0
1071000, 6684, 1, 0
1072000, 14804, 0, 0
1072000, 6464, 1, 0
1073000, 26984, 0, 0
1073000, 11236, 1, 0
1074000, 14872, 0, 0
1074000, 6468, 1, 0
1075000, 14480, 0, 0
1075000, 6308, 1, 0
1076001, 14513, 0, 0
1076001, 6129, 1, 0
1077000, 14020, 0, 0
1077000, 6008, 1, 0
1078000, 21604, 0, 0
1078000, 9236, 1, 0
1079000, 14228, 0, 0
1079000, 6212, 1, 0
1080000, 16724, 0, 0
1080000, 7376, 1, 0
1081000, 15624, 0, 0
1081000, 6844, 1, 0
1082000, 16312, 0, 0
1082000, 7116, 1, 0
1083000, 26304, 0, 0
1083000, 11204, 1, 0
1084000, 15248, 0, 0
1084000, 6596, 1, 0
1085000, 17976, 0, 0
1085000, 7516, 1, 0
1086000, 14636, 0, 0
1086000, 6392, 1, 0
1087000, 14904, 0, 0
1087000, 6384, 1, 0
1088000, 15804, 0, 0
1088000, 6668, 1, 0
1089000, 14916, 0, 0
1089000, 6484, 1, 0
1090000, 14052, 0, 0
1090000, 6060, 1, 0
1091000, 14636, 0, 0
1091000, 6532, 1, 0
1092000, 18632, 0, 0
1092000, 7964, 1, 0
1093000, 15748, 0, 0
1093000, 6860, 1, 0
1094000, 24212, 0, 0
1094000, 10856, 1, 0
1095000, 22648, 0, 0
1095000, 9268, 1, 0
1096000, 22488, 0, 0
1096000, 9388, 1, 0
1097001, 21974, 0, 0
1097001, 9174, 1, 0
1098000, 25512, 0, 0
1098000, 10528, 1, 0
1099000, 16904, 0, 0
1099000, 7208, 1, 0
1100000, 15236, 0, 0
1100000, 6500, 1, 0
1101000, 17364, 0, 0
1101000, 7560, 1, 0
1102000, 22588, 0, 0
1102000, 9776, 1, 0
1103000, 23828, 0, 0
1103000, 9876, 1, 0
1104000, 19856, 0, 0
1104000, 8504, 1, 0
1105000, 14364, 0, 0
1105000, 6048, 1, 0
1106000, 18232, 0, 0
1106000, 7336, 1, 0
1107000, 14352, 0, 0
1107000, 6208, 1, 0
1108000, 16652, 0, 0
1108000, 6968, 1, 0
1109000, 25360, 0, 0
1109000, 10492, 1, 0
1110000, 14848, 0, 0
1110000, 6144, 1, 0
1111000, 13836, 0, 0
1111000, 5800, 1, 0
1112000, 14956, 0, 0
1112000, 6608, 1, 0
1113000, 25156, 0, 0
1113000, 10808, 1, 0
1114000, 23944, 0, 0
1114000, 10364, 1, 0
1115001, 25898, 0, 0
1115001, 10969, 1, 0
1116000, 18320, 0, 0
1116000, 7952, 1, 0
1117001, 20188, 0, 0
1117001, 8884, 1, 0
1118000, 19952, 0, 0
1118000, 8116, 1, 0
1119000, 36232, 0, 0
1119000, 15476, 1, 0
1120000, 50604, 0, 0
1120000, 22052, 1, 0
1121000, 39688, 0, 0
1121000, 16884, 1, 0
1122000, 35484, 0, 0
1122000, 15512, 1, 0
1123000, 40028, 0, 0
1123000, 17108, 1, 0
1124000, 16720, 0, 0
1124000, 7248, 1, 0
1125000, 15928, 0, 0
1125000, 6764, 1, 0
1126000, 14660, 0, 0
1126000, 6228, 1, 0
1127000, 36152, 0, 0
1127000, 15492, 1, 0
1128000, 22152, 0, 0
1128000, 9408, 1, 0
1129000, 14676, 0, 0
1129000, 6312, 1, 0
1130000, 16524, 0, 0
1130000, 7088, 1, 0
1131000, 14984, 0, 0
1131000, 6372, 1, 0
1132000, 14916, 0, 0
1132000, 6376, 1, 0
1133000, 14468, 0, 0
1133000, 6500, 1, 0
1134000, 14032, 0, 0
1134000, 6032, 1, 0
1135000, 14464, 0, 0
1135000, 6156, 1, 0
1136000, 14968, 0, 0
1136000, 5976, 1, 0
1137000, 14348, 0, 0
1137000, 6284, 1, 0
1138000, 19000, 0, 0
1138000, 8472, 1, 0
1139000, 21504, 0, 0
1139000, 9336, 1, 0
1140000, 14536, 0, 0
1140000, 6088, 1, 0
1141000, 14656, 0, 0
1141000, 6460, 1, 0
1142001, 14349, 0, 0
1142001, 6229, 1, 0
1143000, 14520, 0, 0
1143000, 6616, 1, 0
1144001, 14085, 0, 0
1144001, 6289, 1, 0
1145000, 15032, 0, 0
1145000, 6544, 1, 0
1146001, 19236, 0, 0
1146001, 8395, 1, 0
1147000, 21104, 0, 0
1147000, 9332, 1, 0
1148001, 16275, 0, 0
1148001, 7008, 1, 0
1149000, 14076, 0, 0
1149000, 6172, 1, 0
1150001, 13982, 0, 0
1150001, 5870, 1, 0
1151000, 14216, 0, 0
1151000, 5900, 1, 0
1152001, 17178, 0, 0
1152001, 7468, 1, 0
1153000, 17476, 0, 0
1153000, 7604, 1, 0
1154000, 14120, 0, 0
1154000, 6044, 1, 0
1155000, 14300, 0, 0
1155000, 6088, 1, 0
1156000, 14420, 0, 0
1156000, 5936, 1, 0
1157000, 15592, 0, 0
1157000, 6540, 1, 0
1158000, 15228, 0, 0
1158000, 6760, 1, 0
1159000, 14688, 0, 0
1159000, 6436, 1, 0
1160000, 14552, 0, 0
1160000, 6340, 1, 0
1161001, 21206, 0, 0
1161001, 8911, 1, 0
1162000, 14000, 0, 0
1162000, 6344, 1, 0
1163000, 16352, 0, 0
1163000, 6736, 1, 0
1164000, 16328, 0, 0
1164000, 6696, 1, 0
1165000, 14704, 0, 0
1165000, 6492, 1, 0
1166000, 14972, 0, 0
1166000, 6404, 1, 0
1167000, 14596, 0, 0
1167000, 6192, 1, 0
1168000, 15860, 0, 0
1168000, 6984, 1, 0
1169000, 17524, 0, 0
1169000, 7580, 1, 0
1170000, 14416, 0, 0
1170000, 6212, 1, 0
1171000, 14216, 0, 0
1171000, 6116, 1, 0
1172000, 17704, 0, 0
1172000, 7040, 1, 0
1173000, 15092, 0, 0
1173000, 6164, 1, 0
1174000, 18500, 0, 0
1174000, 7820, 1, 0
1175000, 15868, 0, 0
1175000, 6840, 1, 0
1176000, 17144, 0, 0
1176000, 7056, 1, 0
1177000, 18460, 0, 0
1177000, 8116, 1, 0
1178000, 15484, 0, 0
1178000, 6740, 1, 0
1179000, 19868, 0, 0
1179000, 8916, 1, 0
1180000, 15088, 0, 0
1180000, 6276, 1, 0
1181000, 15436, 0, 0
1181000, 6752, 1, 0
1182001, 14729, 0, 0
1182001, 6373, 1, 0
1183000, 19764, 0, 0
1183000, 8264, 1, 0
1184000, 18844, 0, 0
1184000, 7980, 1, 0
1185000, 27720, 0, 0
1185000, 11620, 1, 0
1186000, 19796, 0, 0
1186000, 8408, 1, 0
1187000, 14524, 0, 0
1187000, 6172, 1, 0
1188000, 15064, 0, 0
1188000, 6604, 1, 0
1189000, 18872, 0, 0
1189000, 7992, 1, 0
1190000, 15644, 0, 0
1190000, 6548, 1, 0
1191000, 14984, 0, 0
1191000, 6676, 1, 0
1192000, 15432, 0, 0
1192000, 6904, 1, 0
1193001, 30745, 0, 0
1193001, 13122, 1, 0
1194000, 14588, 0, 0
1194000, 6040, 1, 0
1195000, 14360, 0, 0
1195000, 6300, 1, 0
1196000, 15256, 0, 0
1196000, 6408, 1, 0
1197000, 16232, 0, 0
1197000, 7312, 1, 0
1198000, 15704, 0, 0
1198000, 6504, 1, 0
1199000, 14904, 0, 0
1199000, 6128, 1, 0
