1000, 202360, 0, 0
1000, 165998, 1, 0
2000, 166845, 1, 0
2000, 164245, 0, 0
3000, 166788, 1, 0
3000, 199263, 0, 0
4000, 163039, 1, 0
4000, 199121, 0, 0
5000, 196052, 0, 0
5000, 161257, 1, 0
6000, 198682, 0, 0
6000, 169506, 1, 0
7000, 190145, 0, 0
7000, 162394, 1, 0
8000, 142665, 0, 0
8001, 154055, 1, 0
9000, 201461, 0, 0
9000, 162574, 1, 0
10000, 114879, 0, 0
10000, 88747, 1, 0
11000, 103745, 0, 0
11000, 73193, 1, 0
12000, 114502, 0, 0
12000, 92683, 1, 0
13000, 169556, 1, 0
13000, 203109, 0, 0
14000, 159886, 1, 0
14000, 159869, 0, 0
15000, 194005, 0, 0
15000, 160229, 1, 0
16000, 158837, 1, 0
16000, 192547, 0, 0
17000, 186810, 0, 0
17000, 159546, 1, 0
18000, 201212, 0, 0
18000, 165988, 1, 0
19000, 171880, 1, 0
19000, 198689, 0, 0
20000, 194584, 1, 0
20000, 201490, 0, 0
21000, 195586, 0, 0
21000, 185023, 1, 0
22000, 200831, 0, 0
22000, 191340, 1, 0
23000, 205879, 0, 0
23000, 179619, 1, 0
24000, 122940, 1, 0
24000, 147278, 0, 0
25000, 187283, 0, 0
25000, 155028, 1, 0
26000, 83354, 1, 0
26000, 128234, 0, 0
27000, 158400, 0, 0
27000, 177097, 1, 0
28000, 179687, 0, 0
28000, 174985, 1, 0
29000, 197230, 0, 0
29000, 180075, 1, 0
30000, 204816, 0, 0
30000, 192631, 1, 0
31000, 197089, 0, 0
31000, 181441, 1, 0
32000, 199041, 0, 0
32000, 187619, 1, 0
33000, 197136, 0, 0
33000, 189378, 1, 0
34000, 207476, 0, 0
34002, 182330, 1, 0
35000, 213086, 0, 0
35000, 183947, 1, 0
36000, 145138, 1, 0
36000, 172439, 0, 0
37000, 186903, 0, 0
37000, 154178, 1, 0
38000, 197465, 0, 0
38000, 172006, 1, 0
39000, 178457, 1, 0
39000, 194078, 0, 0
40000, 196820, 0, 0
40000, 165689, 1, 0
41000, 193848, 0, 0
41000, 157237, 1, 0
42000, 198894, 0, 0
42000, 166247, 1, 0
43000, 203006, 0, 0
43000, 169558, 1, 0
44000, 196419, 0, 0
44000, 157149, 1, 0
45000, 80256, 1, 0
45000, 102752, 0, 0
46000, 96752, 0, 0
46001, 73159, 1, 0
47000, 131971, 0, 0
47001, 78107, 1, 0
48000, 200503, 0, 0
48001, 161391, 1, 0
49000, 150070, 1, 0
49000, 166395, 0, 0
50000, 158979, 1, 0
50000, 186891, 0, 0
51000, 205665, 0, 0
51000, 172583, 1, 0
52000, 192549, 0, 0
52000, 157322, 1, 0
53000, 168691, 1, 0
53000, 206766, 0, 0
54000, 186885, 0, 0
54000, 176785, 1, 0
55000, 189276, 0, 0
55000, 170898, 1, 0
56000, 117237, 1, 0
56001, 147594, 0, 0
57000, 199986, 0, 0
57000, 181609, 1, 0
58000, 127321, 1, 0
58000, 153279, 0, 0
59000, 67865, 1, 0
59000, 108266, 0, 0
60000, 196097, 0, 0
60000, 155094, 1, 0
61000, 169157, 1, 0
61000, 205487, 0, 0
62000, 201431, 0, 0
62000, 174832, 1, 0
63000, 188454, 0, 0
63001, 166868, 1, 0
64000, 80715, 0, 0
64000, 57730, 1, 0
65000, 214259, 0, 0
65000, 195562, 1, 0
66000, 203490, 0, 0
66000, 151113, 1, 0
67000, 180640, 1, 0
67000, 197928, 0, 0
68000, 196942, 0, 0
68002, 180663, 1, 0
69000, 162944, 0, 0
69001, 134388, 1, 0
70000, 208792, 0, 0
70001, 185386, 1, 0
71000, 184198, 0, 0
71000, 154713, 1, 0
72000, 79142, 0, 0
72002, 32883, 1, 0
73000, 202126, 0, 0
73000, 180700, 1, 0
74000, 204715, 0, 0
74000, 190824, 1, 0
75000, 200533, 0, 0
75000, 180273, 1, 0
76000, 194238, 0, 0
76001, 185542, 1, 0
77000, 198832, 0, 0
77001, 182576, 1, 0
78000, 167316, 0, 0
78000, 135540, 1, 0
79000, 132079, 0, 0
79000, 118583, 1, 0
80000, 169395, 1, 0
80000, 186823, 0, 0
81000, 182940, 1, 0
81000, 203748, 0, 0
82000, 182462, 1, 0
82000, 162295, 0, 0
83000, 172853, 0, 0
83001, 174278, 1, 0
84000, 176201, 1, 0
84000, 198277, 0, 0
85000, 73040, 1, 0
85000, 82581, 0, 0
86000, 166560, 1, 0
86000, 200148, 0, 0
87000, 166298, 1, 0
87000, 203180, 0, 0
88000, 167595, 1, 0
88000, 206316, 0, 0
89000, 188936, 0, 0
89000, 152916, 1, 0
90000, 206687, 0, 0
90000, 169650, 1, 0
91000, 191964, 0, 0
91000, 159240, 1, 0
92000, 194058, 0, 0
92000, 165001, 1, 0
93000, 190971, 0, 0
93001, 156760, 1, 0
94000, 192048, 0, 0
94000, 156087, 1, 0
95000, 165281, 1, 0
95000, 202997, 0, 0
96000, 197136, 0, 0
96000, 168885, 1, 0
97000, 199332, 0, 0
97000, 172663, 1, 0
98000, 206652, 0, 0
98000, 173532, 1, 0
99000, 205817, 0, 0
99000, 175513, 1, 0
100000, 200799, 0, 0
100002, 159022, 1, 0
101000, 169214, 1, 0
101000, 205977, 0, 0
102000, 169140, 1, 0
102000, 203555, 0, 0
103000, 202536, 0, 0
103001, 165837, 1, 0
104000, 166513, 1, 0
104001, 190654, 0, 0
105000, 165522, 1, 0
105000, 194484, 0, 0
106000, 210163, 0, 0
106000, 172635, 1, 0
107000, 200808, 0, 0
107000, 168966, 1, 0
108000, 184583, 0, 0
108000, 156524, 1, 0
109000, 202438, 0, 0
109001, 164831, 1, 0
110000, 167724, 1, 0
110000, 202160, 0, 0
111000, 168554, 1, 0
111000, 204874, 0, 0
112000, 204365, 0, 0
112000, 168211, 1, 0
113000, 192679, 0, 0
113002, 161997, 1, 0
114000, 170736, 1, 0
114000, 197615, 0, 0
115000, 168765, 1, 0
115000, 185819, 0, 0
116000, 119942, 0, 0
116000, 159859, 1, 0
117000, 170084, 1, 0
117000, 152095, 0, 0
118000, 196637, 0, 0
118000, 159716, 1, 0
119000, 200148, 0, 0
119000, 160539, 1, 0
120000, 143434, 1, 0
120000, 100668, 0, 0
121000, 162147, 0, 0
121000, 165405, 1, 0
122000, 163593, 1, 0
122000, 194274, 0, 0
123000, 138968, 1, 0
123000, 134487, 0, 0
124000, 107238, 0, 0
124000, 131799, 1, 0
125000, 155685, 1, 0
125000, 136109, 0, 0
126000, 130381, 0, 0
126000, 142800, 1, 0
127000, 116777, 0, 0
127001, 159069, 1, 0
128000, 132978, 0, 0
128000, 155308, 1, 0
129000, 170652, 1, 0
129000, 193611, 0, 0
130000, 145525, 0, 0
130000, 158839, 1, 0
131000, 165522, 1, 0
131000, 121510, 0, 0
132000, 148573, 1, 0
132000, 132578, 0, 0
133000, 162999, 0, 0
133000, 156996, 1, 0
134000, 204016, 0, 0
134001, 167613, 1, 0
135000, 168513, 0, 0
135000, 154347, 1, 0
136000, 190090, 0, 0
136001, 159407, 1, 0
137000, 194968, 0, 0
137000, 162039, 1, 0
138000, 128903, 0, 0
138000, 140824, 1, 0
139000, 192883, 0, 0
139000, 166726, 1, 0
140000, 203716, 0, 0
140000, 163339, 1, 0
141000, 167721, 1, 0
141000, 204347, 0, 0
142000, 201365, 0, 0
142000, 166675, 1, 0
143000, 201437, 0, 0
143000, 167998, 1, 0
144000, 196950, 0, 0
144000, 158516, 1, 0
145000, 179121, 0, 0
145003, 155458, 1, 0
146000, 139796, 1, 0
146000, 114901, 0, 0
147000, 146299, 0, 0
147000, 148480, 1, 0
148000, 195897, 0, 0
148003, 154607, 1, 0
149000, 190575, 0, 0
149002, 160523, 1, 0
150000, 205867, 0, 0
150000, 170232, 1, 0
151000, 195430, 0, 0
151001, 164153, 1, 0
152000, 179537, 0, 0
152000, 152707, 1, 0
153000, 201258, 0, 0
153000, 164654, 1, 0
154000, 190020, 0, 0
154000, 155790, 1, 0
155000, 161046, 1, 0
155000, 200232, 0, 0
156000, 146975, 0, 0
156001, 147154, 1, 0
157000, 90974, 0, 0
157000, 144379, 1, 0
158000, 147060, 0, 0
158000, 161141, 1, 0
159000, 205133, 0, 0
159000, 169755, 1, 0
160000, 159807, 1, 0
160000, 199237, 0, 0
161000, 198919, 0, 0
161000, 159531, 1, 0
162000, 196880, 0, 0
162000, 160036, 1, 0
163000, 152066, 0, 0
163000, 177987, 1, 0
164000, 203098, 0, 0
164000, 163806, 1, 0
165000, 179145, 0, 0
165000, 161479, 1, 0
166000, 169487, 1, 0
166000, 189643, 0, 0
167000, 201279, 0, 0
167000, 167555, 1, 0
168000, 195672, 0, 0
168000, 158816, 1, 0
169000, 202608, 0, 0
169000, 166896, 1, 0
170000, 193698, 0, 0
170000, 155837, 1, 0
171000, 114243, 0, 0
171002, 115188, 1, 0
172000, 162852, 1, 0
172000, 198096, 0, 0
173000, 194366, 0, 0
173000, 158342, 1, 0
174000, 145747, 0, 0
174001, 178891, 1, 0
175000, 179680, 0, 0
175001, 162248, 1, 0
176000, 159257, 1, 0
176000, 187599, 0, 0
177000, 194831, 0, 0
177000, 153479, 1, 0
178000, 199143, 0, 0
178000, 155930, 1, 0
179000, 164859, 0, 0
179000, 131461, 1, 0
180000, 159006, 1, 0
180000, 189956, 0, 0
181000, 187700, 0, 0
181000, 169074, 1, 0
182000, 201359, 0, 0
182000, 164497, 1, 0
183000, 194000, 0, 0
183000, 160436, 1, 0
184000, 176339, 0, 0
184000, 138463, 1, 0
185000, 198587, 0, 0
185000, 161789, 1, 0
186000, 163840, 1, 0
186000, 198950, 0, 0
187000, 164089, 0, 0
187001, 175005, 1, 0
188000, 169383, 0, 0
188000, 138437, 1, 0
189000, 170149, 1, 0
189000, 203452, 0, 0
190000, 149037, 0, 0
190000, 123043, 1, 0
191000, 177125, 1, 0
191000, 200028, 0, 0
192000, 142364, 1, 0
192001, 130266, 0, 0
193000, 196392, 0, 0
193000, 153935, 1, 0
194000, 199045, 0, 0
194000, 174268, 1, 0
195000, 196275, 0, 0
195000, 156393, 1, 0
196000, 195935, 0, 0
196000, 164304, 1, 0
197000, 202596, 0, 0
197000, 166879, 1, 0
198000, 197707, 0, 0
198000, 162117, 1, 0
199000, 171663, 1, 0
199000, 207042, 0, 0
200000, 183009, 0, 0
200000, 155321, 1, 0
201000, 152273, 1, 0
201000, 140919, 0, 0
202000, 199765, 0, 0
202000, 172570, 1, 0
203000, 170346, 1, 0
203000, 198327, 0, 0
204000, 198147, 0, 0
204000, 160342, 1, 0
205000, 165891, 1, 0
205000, 196115, 0, 0
206000, 201931, 0, 0
206000, 166604, 1, 0
207000, 204128, 0, 0
207000, 167706, 1, 0
208000, 171216, 0, 0
208000, 155618, 1, 0
209000, 199669, 0, 0
209000, 165859, 1, 0
210000, 200902, 0, 0
210000, 171857, 1, 0
211000, 152911, 0, 0
211000, 119419, 1, 0
212000, 157138, 1, 0
212000, 194091, 0, 0
213000, 202614, 0, 0
213000, 166217, 1, 0
214000, 189425, 0, 0
214000, 170506, 1, 0
215000, 172992, 0, 0
215000, 171021, 1, 0
216000, 174374, 0, 0
216000, 163210, 1, 0
217000, 198963, 0, 0
217002, 165523, 1, 0
218000, 201692, 0, 0
218000, 164430, 1, 0
219000, 164346, 1, 0
219000, 201212, 0, 0
220000, 138002, 1, 0
220000, 126389, 0, 0
221000, 157641, 1, 0
221000, 166048, 0, 0
222000, 202930, 0, 0
222001, 168544, 1, 0
223000, 165351, 1, 0
223000, 200248, 0, 0
224000, 158398, 1, 0
224000, 195199, 0, 0
225000, 189349, 0, 0
225000, 164880, 1, 0
226000, 197782, 0, 0
226000, 163626, 1, 0
227000, 170888, 1, 0
227000, 204251, 0, 0
228000, 201629, 0, 0
228000, 166252, 1, 0
229000, 189968, 0, 0
229000, 161797, 1, 0
230000, 167656, 1, 0
230000, 197634, 0, 0
231000, 193861, 0, 0
231000, 152295, 1, 0
232000, 200827, 0, 0
232000, 164405, 1, 0
233000, 211005, 0, 0
233001, 176624, 1, 0
234000, 202045, 0, 0
234000, 167936, 1, 0
235000, 162521, 1, 0
235000, 192713, 0, 0
236000, 162475, 1, 0
236000, 195860, 0, 0
237000, 194527, 0, 0
237000, 152471, 1, 0
238000, 196849, 0, 0
238001, 160889, 1, 0
239000, 102087, 0, 0
239000, 119628, 1, 0
240000, 114858, 0, 0
240000, 93659, 1, 0
241000, 161742, 0, 0
241000, 168693, 1, 0
242000, 170892, 1, 0
242000, 175017, 0, 0
243000, 207088, 0, 0
243000, 163440, 1, 0
244000, 198121, 0, 0
244000, 159112, 1, 0
245000, 160436, 1, 0
245000, 198905, 0, 0
246000, 202863, 0, 0
246000, 166408, 1, 0
247000, 157315, 1, 0
247000, 195909, 0, 0
248000, 180820, 0, 0
248000, 156330, 1, 0
249000, 205218, 0, 0
249000, 168855, 1, 0
250000, 193766, 0, 0
250001, 156149, 1, 0
251000, 174440, 1, 0
251000, 204226, 0, 0
252000, 196386, 0, 0
252000, 159515, 1, 0
253000, 137914, 1, 0
253000, 105899, 0, 0
254000, 183558, 0, 0
254001, 162046, 1, 0
255000, 170966, 0, 0
255000, 141705, 1, 0
256000, 142427, 0, 0
256001, 138013, 1, 0
257000, 174883, 0, 0
257000, 165345, 1, 0
258000, 206367, 0, 0
258000, 174435, 1, 0
259000, 141797, 0, 0
259000, 182687, 1, 0
260000, 159811, 0, 0
260000, 170411, 1, 0
261000, 192692, 0, 0
261000, 174154, 1, 0
262000, 201751, 0, 0
262000, 172186, 1, 0
263000, 94977, 0, 0
263002, 88720, 1, 0
264000, 66065, 0, 0
264000, 122049, 1, 0
265000, 185944, 0, 0
265001, 163954, 1, 0
266000, 193392, 0, 0
266000, 169045, 1, 0
267000, 161056, 0, 0
267001, 173683, 1, 0
268000, 155596, 1, 0
268000, 151211, 0, 0
269000, 125036, 0, 0
269001, 145464, 1, 0
270000, 197201, 0, 0
270001, 161287, 1, 0
271000, 170541, 1, 0
271000, 206101, 0, 0
272000, 157379, 1, 0
272000, 190600, 0, 0
273000, 168030, 1, 0
273000, 203278, 0, 0
274000, 183443, 0, 0
274001, 168658, 1, 0
275000, 167288, 1, 0
275000, 201962, 0, 0
276000, 198118, 0, 0
276001, 157883, 1, 0
277000, 158712, 1, 0
277000, 197282, 0, 0
278000, 190013, 0, 0
278000, 175809, 1, 0
279000, 149906, 1, 0
279000, 116029, 0, 0
280000, 192207, 0, 0
280000, 168513, 1, 0
281000, 196198, 0, 0
281001, 162391, 1, 0
282000, 204024, 0, 0
282000, 172940, 1, 0
283000, 202278, 0, 0
283001, 168500, 1, 0
284000, 163633, 0, 0
284000, 154225, 1, 0
285000, 171215, 0, 0
285000, 158546, 1, 0
286000, 198844, 0, 0
286000, 167807, 1, 0
287000, 164242, 1, 0
287000, 190181, 0, 0
288000, 196454, 0, 0
288000, 162518, 1, 0
289000, 188728, 0, 0
289000, 166426, 1, 0
290000, 201431, 0, 0
290000, 169549, 1, 0
291000, 202659, 0, 0
291000, 160242, 1, 0
292000, 199480, 0, 0
292002, 160241, 1, 0
293000, 200653, 0, 0
293000, 164739, 1, 0
294000, 194580, 0, 0
294002, 160116, 1, 0
295000, 154687, 1, 0
295000, 193220, 0, 0
296000, 193644, 0, 0
296000, 150172, 1, 0
297000, 199092, 0, 0
297000, 162226, 1, 0
298000, 160643, 0, 0
298000, 181246, 1, 0
299000, 193857, 0, 0
299000, 158601, 1, 0
300000, 167850, 1, 0
300000, 195646, 0, 0
301000, 182781, 0, 0
301001, 158962, 1, 0
302000, 199958, 0, 0
302000, 162505, 1, 0
303000, 199092, 0, 0
303000, 166407, 1, 0
304000, 201553, 0, 0
304001, 157283, 1, 0
305000, 156382, 1, 0
305000, 194075, 0, 0
306000, 160645, 0, 0
306000, 161185, 1, 0
307000, 192696, 0, 0
307002, 168758, 1, 0
308000, 132710, 0, 0
308000, 148394, 1, 0
309000, 197414, 0, 0
309000, 157487, 1, 0
310000, 103432, 1, 0
310000, 80883, 0, 0
311000, 116028, 0, 0
311000, 137747, 1, 0
312000, 105604, 0, 0
312000, 103034, 1, 0
313000, 57767, 0, 0
313000, 111990, 1, 0
314000, 181431, 0, 0
314002, 156695, 1, 0
315000, 201439, 0, 0
315000, 164272, 1, 0
316000, 201126, 0, 0
316003, 160347, 1, 0
317000, 200678, 0, 0
317000, 160969, 1, 0
318000, 165377, 1, 0
318000, 196364, 0, 0
319000, 208166, 0, 0
319002, 165727, 1, 0
320000, 201607, 0, 0
320001, 164334, 1, 0
321000, 208383, 0, 0
321000, 169491, 1, 0
322000, 189528, 0, 0
322001, 158939, 1, 0
323000, 170470, 0, 0
323000, 164735, 1, 0
324000, 197617, 0, 0
324000, 162373, 1, 0
325000, 182678, 1, 0
325000, 148434, 0, 0
326000, 61470, 0, 0
326000, 81889, 1, 0
327000, 200120, 0, 0
327000, 166540, 1, 0
328000, 163180, 1, 0
328000, 194525, 0, 0
329000, 198327, 0, 0
329001, 167686, 1, 0
330000, 204104, 0, 0
330000, 170190, 1, 0
331000, 171844, 1, 0
331000, 200077, 0, 0
332000, 179831, 0, 0
332000, 156308, 1, 0
333000, 89266, 1, 0
333000, 50262, 0, 0
334000, 71827, 0, 0
334000, 111960, 1, 0
335000, 139589, 0, 0
335000, 136026, 1, 0
336000, 83069, 0, 0
336000, 111308, 1, 0
337000, 173330, 0, 0
337000, 161007, 1, 0
338000, 150574, 1, 0
338000, 142014, 0, 0
339000, 130098, 0, 0
339000, 158410, 1, 0
340000, 198202, 0, 0
340001, 159677, 1, 0
341000, 200350, 0, 0
341000, 162806, 1, 0
342000, 168138, 1, 0
342000, 161256, 0, 0
343000, 153214, 0, 0
343000, 182493, 1, 0
344000, 197061, 0, 0
344000, 165075, 1, 0
345000, 197998, 0, 0
345000, 166836, 1, 0
346000, 169079, 1, 0
346000, 202837, 0, 0
347000, 194877, 0, 0
347000, 166521, 1, 0
348000, 188597, 0, 0
348000, 160048, 1, 0
349000, 192155, 0, 0
349000, 160596, 1, 0
350000, 69718, 0, 0
350000, 74316, 1, 0
351000, 170648, 1, 0
351000, 204824, 0, 0
352000, 175220, 1, 0
352000, 193713, 0, 0
353000, 130097, 0, 0
353000, 129951, 1, 0
354000, 102199, 1, 0
354000, 71410, 0, 0
355000, 153379, 1, 0
355000, 113828, 0, 0
356000, 197021, 0, 0
356000, 173745, 1, 0
357000, 194531, 0, 0
357001, 167663, 1, 0
358000, 171320, 0, 0
358000, 166918, 1, 0
359000, 188060, 0, 0
359000, 165976, 1, 0
360000, 161043, 1, 0
360000, 196429, 0, 0
361000, 189581, 0, 0
361000, 164967, 1, 0
362000, 166318, 1, 0
362000, 192251, 0, 0
363000, 203052, 0, 0
363001, 167692, 1, 0
364000, 179574, 0, 0
364000, 150786, 1, 0
365000, 194351, 0, 0
365000, 155846, 1, 0
366000, 206169, 0, 0
366000, 167267, 1, 0
367000, 152093, 0, 0
367000, 164622, 1, 0
368000, 131000, 0, 0
368000, 147552, 1, 0
369000, 143112, 0, 0
369000, 182031, 1, 0
370000, 124709, 0, 0
370000, 170667, 1, 0
371000, 177279, 1, 0
371000, 137282, 0, 0
372000, 142521, 1, 0
372000, 90126, 0, 0
373000, 160738, 1, 0
373000, 192656, 0, 0
374000, 204010, 0, 0
374000, 165665, 1, 0
375000, 121516, 0, 0
375000, 142919, 1, 0
376000, 154490, 1, 0
376000, 108491, 0, 0
377000, 140418, 0, 0
377000, 151667, 1, 0
378000, 144418, 0, 0
378000, 137210, 1, 0
379000, 177914, 0, 0
379000, 160065, 1, 0
380000, 113187, 0, 0
380000, 144840, 1, 0
381000, 192459, 0, 0
381001, 173276, 1, 0
382000, 164466, 0, 0
382000, 176282, 1, 0
383000, 188312, 0, 0
383000, 155946, 1, 0
384000, 188612, 0, 0
384000, 145321, 1, 0
385000, 154066, 0, 0
385000, 123426, 1, 0
386000, 96288, 0, 0
386000, 136558, 1, 0
387000, 195122, 0, 0
387000, 172436, 1, 0
388000, 162366, 1, 0
388000, 201428, 0, 0
389000, 197841, 0, 0
389000, 164066, 1, 0
390000, 169832, 0, 0
390000, 163487, 1, 0
391000, 181481, 0, 0
391001, 172700, 1, 0
392000, 157067, 1, 0
392000, 179586, 0, 0
393000, 202619, 0, 0
393001, 164735, 1, 0
394000, 171243, 0, 0
394000, 132387, 1, 0
395000, 175057, 0, 0
395000, 170116, 1, 0
396000, 165646, 0, 0
396001, 154146, 1, 0
397000, 131644, 1, 0
397000, 161916, 0, 0
398000, 160337, 0, 0
398000, 126031, 1, 0
399000, 199736, 0, 0
399000, 166356, 1, 0
400000, 56350, 1, 0
400000, 52109, 0, 0
401000, 118520, 0, 0
401000, 116277, 1, 0
402000, 192679, 0, 0
402000, 174660, 1, 0
403000, 123117, 0, 0
403000, 159938, 1, 0
404000, 154317, 0, 0
404000, 117643, 1, 0
405000, 96510, 1, 0
405000, 131925, 0, 0
406000, 132860, 0, 0
406000, 108835, 1, 0
407000, 204769, 0, 0
407000, 167386, 1, 0
408000, 143284, 1, 0
408000, 119048, 0, 0
409000, 196753, 0, 0
409001, 161414, 1, 0
410000, 85894, 1, 0
410000, 114622, 0, 0
411000, 108336, 1, 0
411000, 81989, 0, 0
412000, 194996, 0, 0
412000, 154794, 1, 0
413000, 201600, 0, 0
413000, 165407, 1, 0
414000, 202128, 0, 0
414000, 166308, 1, 0
415000, 199838, 0, 0
415000, 165554, 1, 0
416000, 200226, 0, 0
416000, 165277, 1, 0
417000, 199658, 0, 0
417000, 161649, 1, 0
418000, 204723, 0, 0
418000, 168760, 1, 0
419000, 155946, 0, 0
419001, 172158, 1, 0
420000, 107478, 0, 0
420000, 115266, 1, 0
421000, 168284, 1, 0
421000, 201941, 0, 0
422000, 202240, 0, 0
422000, 167480, 1, 0
423000, 195627, 0, 0
423000, 158682, 1, 0
424000, 196030, 0, 0
424000, 165302, 1, 0
425000, 171860, 1, 0
425000, 188627, 0, 0
426000, 201386, 0, 0
426000, 168663, 1, 0
427000, 197913, 0, 0
427001, 163322, 1, 0
428000, 131474, 0, 0
428000, 144216, 1, 0
429000, 197395, 0, 0
429000, 167758, 1, 0
430000, 159576, 1, 0
430000, 185100, 0, 0
431000, 179061, 1, 0
431000, 136458, 0, 0
432000, 175236, 0, 0
432000, 165074, 1, 0
433000, 179868, 0, 0
433000, 149141, 1, 0
434000, 155913, 1, 0
434000, 170624, 0, 0
435000, 173282, 1, 0
435000, 205937, 0, 0
436000, 176401, 0, 0
436000, 151754, 1, 0
437000, 74972, 0, 0
437001, 94703, 1, 0
438000, 148905, 0, 0
438000, 166687, 1, 0
439000, 164643, 1, 0
439000, 191635, 0, 0
440000, 129207, 0, 0
440000, 150463, 1, 0
441000, 165808, 1, 0
441000, 134707, 0, 0
442000, 150702, 1, 0
442000, 148208, 0, 0
443000, 139344, 1, 0
443000, 139167, 0, 0
444000, 72890, 0, 0
444000, 125355, 1, 0
445000, 170620, 0, 0
445000, 149782, 1, 0
446000, 160026, 0, 0
446000, 154167, 1, 0
447000, 202160, 0, 0
447000, 164242, 1, 0
448000, 161807, 1, 0
448000, 198364, 0, 0
449000, 160094, 0, 0
449001, 173598, 1, 0
450000, 119936, 0, 0
450000, 125051, 1, 0
451000, 158375, 1, 0
451000, 143348, 0, 0
452000, 157427, 0, 0
452000, 165861, 1, 0
453000, 104386, 0, 0
453000, 127337, 1, 0
454000, 111906, 0, 0
454000, 136280, 1, 0
455000, 193353, 0, 0
455000, 160378, 1, 0
456000, 115916, 1, 0
456000, 137316, 0, 0
457000, 97819, 0, 0
457000, 101694, 1, 0
458000, 166262, 1, 0
458000, 203524, 0, 0
459000, 196258, 0, 0
459000, 160229, 1, 0
460000, 197122, 0, 0
460001, 163850, 1, 0
461000, 193410, 0, 0
461000, 160587, 1, 0
462000, 173529, 1, 0
462000, 205611, 0, 0
463000, 203200, 0, 0
463002, 164780, 1, 0
464000, 131635, 0, 0
464000, 145167, 1, 0
465000, 61214, 0, 0
465000, 114837, 1, 0
466000, 122655, 0, 0
466000, 166829, 1, 0
467000, 176888, 1, 0
467000, 153177, 0, 0
468000, 164050, 1, 0
468000, 161742, 0, 0
469000, 172085, 0, 0
469001, 160440, 1, 0
470000, 158766, 1, 0
470000, 172677, 0, 0
471000, 145741, 1, 0
471000, 125539, 0, 0
472000, 80346, 0, 0
472000, 113902, 1, 0
473000, 194282, 0, 0
473000, 157978, 1, 0
474000, 165492, 1, 0
474000, 201636, 0, 0
475000, 159386, 1, 0
475000, 188588, 0, 0
476000, 143049, 1, 0
476000, 101227, 0, 0
477000, 157257, 0, 0
477000, 151478, 1, 0
478000, 158003, 1, 0
478000, 171344, 0, 0
479000, 156331, 0, 0
479000, 153591, 1, 0
480000, 202430, 0, 0
480000, 167046, 1, 0
481000, 147231, 0, 0
481001, 143285, 1, 0
482000, 87794, 0, 0
482000, 136717, 1, 0
483000, 91724, 0, 0
483000, 119529, 1, 0
484000, 62160, 0, 0
484000, 49405, 1, 0
485000, 67971, 0, 0
485000, 56691, 1, 0
486000, 75676, 1, 0
486000, 92125, 0, 0
487000, 121751, 0, 0
487000, 103032, 1, 0
488000, 60472, 0, 0
488000, 81386, 1, 0
489000, 98103, 1, 0
489000, 79423, 0, 0
490000, 123073, 1, 0
490000, 102394, 0, 0
491000, 138371, 0, 0
491000, 138217, 1, 0
492000, 190740, 0, 0
492001, 155641, 1, 0
493000, 167832, 1, 0
493000, 188580, 0, 0
494000, 123760, 0, 0
494001, 106217, 1, 0
495000, 190032, 0, 0
495000, 174957, 1, 0
496000, 163300, 0, 0
496000, 171415, 1, 0
497000, 99803, 0, 0
497000, 88435, 1, 0
498000, 162540, 0, 0
498000, 157474, 1, 0
499000, 199539, 0, 0
499000, 160577, 1, 0
500000, 167102, 0, 0
500001, 133467, 1, 0
501000, 135444, 1, 0
501000, 129128, 0, 0
502000, 162369, 0, 0
502000, 162789, 1, 0
503000, 161582, 0, 0
503002, 154293, 1, 0
504000, 188559, 0, 0
504000, 163113, 1, 0
505000, 114664, 0, 0
505000, 86654, 1, 0
506000, 169395, 1, 0
506000, 184033, 0, 0
507000, 53039, 0, 0
507000, 67206, 1, 0
508000, 106535, 1, 0
508000, 59528, 0, 0
509000, 92227, 0, 0
509000, 115408, 1, 0
510000, 95489, 0, 0
510000, 102558, 1, 0
511000, 58844, 0, 0
511000, 100263, 1, 0
512000, 122723, 1, 0
512000, 145485, 0, 0
513000, 102301, 0, 0
513000, 90148, 1, 0
514000, 128000, 0, 0
514000, 138818, 1, 0
515000, 199965, 0, 0
515001, 160726, 1, 0
516000, 167148, 0, 0
516000, 165516, 1, 0
517000, 119068, 0, 0
517000, 144241, 1, 0
518000, 172920, 0, 0
518000, 171084, 1, 0
519000, 184671, 0, 0
519001, 166704, 1, 0
520000, 195419, 0, 0
520002, 161285, 1, 0
521000, 161769, 1, 0
521000, 205250, 0, 0
522000, 141972, 0, 0
522000, 139509, 1, 0
523000, 69295, 1, 0
523000, 96365, 0, 0
524000, 72353, 0, 0
524000, 94038, 1, 0
525000, 112745, 1, 0
525000, 143264, 0, 0
526000, 82777, 0, 0
526001, 86311, 1, 0
527000, 199535, 0, 0
527000, 163564, 1, 0
528000, 208886, 0, 0
528000, 171678, 1, 0
529000, 144942, 0, 0
529000, 126949, 1, 0
530000, 199689, 0, 0
530001, 163906, 1, 0
531000, 174433, 0, 0
531000, 154023, 1, 0
532000, 133890, 1, 0
532000, 156685, 0, 0
533000, 188555, 0, 0
533000, 154396, 1, 0
534000, 201003, 0, 0
534000, 167610, 1, 0
535000, 202648, 0, 0
535000, 165140, 1, 0
536000, 127748, 0, 0
536002, 100247, 1, 0
537000, 163386, 0, 0
537001, 178119, 1, 0
538000, 169577, 0, 0
538000, 141302, 1, 0
539000, 75712, 1, 0
539000, 95980, 0, 0
540000, 103281, 0, 0
540001, 150086, 1, 0
541000, 136526, 0, 0
541000, 150287, 1, 0
542000, 128772, 1, 0
542000, 105678, 0, 0
543000, 60672, 0, 0
543001, 97200, 1, 0
544000, 201703, 0, 0
544001, 165075, 1, 0
545000, 209891, 0, 0
545000, 174359, 1, 0
546000, 140361, 1, 0
546000, 115792, 0, 0
547000, 143956, 1, 0
547000, 92519, 0, 0
548000, 93788, 1, 0
548000, 84771, 0, 0
549000, 110841, 0, 0
549000, 130483, 1, 0
550000, 137004, 1, 0
550001, 105323, 0, 0
551000, 195212, 0, 0
551001, 169920, 1, 0
552000, 193877, 0, 0
552002, 160699, 1, 0
553000, 198819, 0, 0
553000, 167027, 1, 0
554000, 202318, 0, 0
554000, 165752, 1, 0
555000, 164855, 1, 0
555000, 189238, 0, 0
556000, 47096, 0, 0
556000, 91647, 1, 0
557000, 188945, 0, 0
557000, 157457, 1, 0
558000, 167285, 1, 0
558000, 186243, 0, 0
559000, 198371, 0, 0
559000, 175519, 1, 0
560000, 191446, 0, 0
560000, 163669, 1, 0
561000, 198886, 0, 0
561000, 162180, 1, 0
562000, 155601, 0, 0
562000, 171830, 1, 0
563000, 151880, 0, 0
563000, 161868, 1, 0
564000, 101404, 0, 0
564000, 107300, 1, 0
565000, 89984, 0, 0
565000, 119566, 1, 0
566000, 136350, 0, 0
566001, 155300, 1, 0
567000, 204151, 0, 0
567000, 173477, 1, 0
568000, 163474, 0, 0
568000, 122798, 1, 0
569000, 172253, 0, 0
569000, 163801, 1, 0
570000, 176321, 0, 0
570000, 171529, 1, 0
571000, 171726, 0, 0
571000, 164325, 1, 0
572000, 136655, 0, 0
572000, 111807, 1, 0
573000, 114198, 0, 0
573000, 111124, 1, 0
574000, 102456, 0, 0
574002, 72476, 1, 0
575000, 171781, 1, 0
575000, 185962, 0, 0
576000, 113303, 0, 0
576000, 103478, 1, 0
577000, 88826, 1, 0
577000, 49557, 0, 0
578000, 77641, 0, 0
578000, 128831, 1, 0
579000, 97618, 0, 0
579000, 146279, 1, 0
580000, 108277, 0, 0
580000, 149365, 1, 0
581000, 69667, 0, 0
581000, 115286, 1, 0
582000, 49890, 0, 0
582000, 103590, 1, 0
583000, 192660, 0, 0
583000, 162634, 1, 0
584000, 137366, 0, 0
584000, 155769, 1, 0
585000, 85747, 0, 0
585000, 121238, 1, 0
586000, 66151, 0, 0
586000, 110638, 1, 0
587000, 120159, 0, 0
587000, 140611, 1, 0
588000, 200636, 0, 0
588000, 163336, 1, 0
589000, 120366, 0, 0
589000, 87749, 1, 0
590000, 126277, 1, 0
590000, 159239, 0, 0
591000, 206552, 0, 0
591000, 171954, 1, 0
592000, 147732, 0, 0
592000, 157413, 1, 0
593000, 108761, 0, 0
593000, 152454, 1, 0
594000, 183633, 0, 0
594000, 172771, 1, 0
595000, 99317, 1, 0
595000, 87389, 0, 0
596000, 42331, 0, 0
596000, 102371, 1, 0
597000, 76619, 0, 0
597000, 97941, 1, 0
598000, 205096, 0, 0
598000, 166757, 1, 0
599000, 120615, 1, 0
599000, 73797, 0, 0
600000, 139860, 0, 0
600001, 159530, 1, 0
601000, 199478, 0, 0
601000, 162041, 1, 0
602000, 158778, 1, 0
602000, 175528, 0, 0
603000, 126233, 0, 0
603000, 150964, 1, 0
604000, 197574, 0, 0
604000, 164433, 1, 0
605000, 138501, 0, 0
605000, 147857, 1, 0
606000, 114324, 1, 0
606000, 75862, 0, 0
607000, 96108, 0, 0
607000, 121464, 1, 0
608000, 107439, 1, 0
608000, 118957, 0, 0
609000, 65740, 1, 0
609000, 78384, 0, 0
610000, 72739, 0, 0
610000, 119264, 1, 0
611000, 94982, 0, 0
611000, 114395, 1, 0
612000, 108829, 1, 0
612000, 49915, 0, 0
613000, 67308, 0, 0
613000, 44675, 1, 0
614000, 64246, 0, 0
614000, 77451, 1, 0
615000, 119719, 0, 0
615000, 97462, 1, 0
616000, 139719, 0, 0
616000, 158639, 1, 0
617000, 149951, 1, 0
617000, 133949, 0, 0
618000, 85605, 0, 0
618000, 75616, 1, 0
619000, 184409, 0, 0
619000, 155990, 1, 0
620000, 198719, 0, 0
620000, 157959, 1, 0
621000, 163145, 1, 0
621000, 171130, 0, 0
622000, 105443, 0, 0
622000, 135502, 1, 0
623000, 204072, 0, 0
623000, 165752, 1, 0
624000, 167891, 1, 0
624000, 198497, 0, 0
625000, 158922, 1, 0
625000, 184083, 0, 0
626000, 155494, 1, 0
626000, 192769, 0, 0
627000, 145523, 0, 0
627000, 171833, 1, 0
628000, 155580, 1, 0
628000, 189776, 0, 0
629000, 156939, 0, 0
629000, 150759, 1, 0
630000, 172975, 0, 0
630000, 162929, 1, 0
631000, 142416, 0, 0
631001, 160794, 1, 0
632000, 185093, 0, 0
632000, 154074, 1, 0
633000, 183535, 0, 0
633000, 148534, 1, 0
634000, 196859, 0, 0
634000, 156972, 1, 0
635000, 205365, 0, 0
635001, 164090, 1, 0
636000, 203513, 0, 0
636000, 165460, 1, 0
637000, 103019, 1, 0
637000, 133140, 0, 0
638000, 196129, 0, 0
638000, 174095, 1, 0
639000, 198483, 0, 0
639000, 168811, 1, 0
640000, 170811, 0, 0
640000, 156446, 1, 0
641000, 182320, 0, 0
641001, 156241, 1, 0
642000, 194515, 0, 0
642000, 171767, 1, 0
643000, 198454, 0, 0
643001, 168530, 1, 0
644000, 162960, 1, 0
644000, 198453, 0, 0
645000, 191813, 0, 0
645000, 164641, 1, 0
646000, 205959, 0, 0
646001, 171722, 1, 0
647000, 151216, 1, 0
647000, 163510, 0, 0
648000, 197087, 0, 0
648000, 162651, 1, 0
649000, 159895, 1, 0
649000, 195293, 0, 0
650000, 152025, 1, 0
650000, 167053, 0, 0
651000, 139080, 0, 0
651000, 162769, 1, 0
652000, 195952, 0, 0
652000, 162928, 1, 0
653000, 207581, 0, 0
653000, 168725, 1, 0
654000, 201377, 0, 0
654001, 162725, 1, 0
655000, 194608, 0, 0
655000, 169822, 1, 0
656000, 198768, 0, 0
656000, 155612, 1, 0
657000, 162429, 1, 0
657000, 197886, 0, 0
658000, 167461, 1, 0
658000, 194812, 0, 0
659000, 166469, 1, 0
659000, 205745, 0, 0
660000, 200269, 0, 0
660000, 157959, 1, 0
661000, 197861, 0, 0
661000, 157975, 1, 0
662000, 199775, 0, 0
662001, 165228, 1, 0
663000, 202507, 0, 0
663000, 166146, 1, 0
664000, 124064, 0, 0
664000, 112759, 1, 0
665000, 101189, 0, 0
665002, 76785, 1, 0
666000, 169890, 0, 0
666000, 141283, 1, 0
667000, 155280, 0, 0
667000, 116799, 1, 0
668000, 199469, 0, 0
668000, 161414, 1, 0
669000, 190200, 0, 0
669000, 164321, 1, 0
670000, 81048, 1, 0
670000, 104867, 0, 0
671000, 169309, 0, 0
671000, 146507, 1, 0
672000, 98630, 0, 0
672000, 90690, 1, 0
673000, 189407, 0, 0
673001, 162753, 1, 0
674000, 136200, 1, 0
674000, 169983, 0, 0
675000, 159704, 0, 0
675000, 145173, 1, 0
676000, 153096, 1, 0
676000, 186264, 0, 0
677000, 198836, 0, 0
677001, 161287, 1, 0
678000, 195378, 0, 0
678001, 160310, 1, 0
679000, 195309, 0, 0
679000, 160938, 1, 0
680000, 188913, 0, 0
680001, 156603, 1, 0
681000, 132428, 0, 0
681000, 100215, 1, 0
682000, 128225, 0, 0
682000, 101373, 1, 0
683000, 195255, 0, 0
683000, 161520, 1, 0
684000, 193566, 0, 0
684000, 160396, 1, 0
685000, 197858, 0, 0
685001, 162787, 1, 0
686000, 207526, 0, 0
686000, 174063, 1, 0
687000, 203389, 0, 0
687000, 171375, 1, 0
688000, 116858, 0, 0
688000, 90472, 1, 0
689000, 129232, 0, 0
689001, 96235, 1, 0
690000, 170445, 0, 0
690000, 121268, 1, 0
691000, 179417, 0, 0
691000, 147663, 1, 0
692000, 175414, 0, 0
692000, 139811, 1, 0
693000, 136075, 0, 0
693000, 104658, 1, 0
694000, 108255, 1, 0
694000, 135606, 0, 0
695000, 165139, 1, 0
695000, 202058, 0, 0
696000, 176328, 0, 0
696000, 141812, 1, 0
697000, 141082, 1, 0
697000, 174065, 0, 0
698000, 202737, 0, 0
698001, 165885, 1, 0
699000, 197813, 0, 0
699000, 171203, 1, 0
700000, 120300, 0, 0
700000, 93656, 1, 0
701000, 198853, 0, 0
701000, 169637, 1, 0
702000, 145572, 1, 0
702000, 180602, 0, 0
703000, 131169, 1, 0
703000, 172095, 0, 0
704000, 138129, 1, 0
704000, 168027, 0, 0
705000, 166110, 1, 0
705000, 199149, 0, 0
706000, 162359, 1, 0
706000, 195723, 0, 0
707000, 171111, 0, 0
707000, 142349, 1, 0
708000, 196781, 0, 0
708000, 158618, 1, 0
709000, 194661, 0, 0
709000, 165004, 1, 0
710000, 202512, 0, 0
710001, 164897, 1, 0
711000, 163680, 1, 0
711000, 197384, 0, 0
712000, 188108, 0, 0
712001, 156723, 1, 0
713000, 197306, 0, 0
713000, 158372, 1, 0
714000, 199353, 0, 0
714002, 166116, 1, 0
715000, 192325, 0, 0
715000, 162900, 1, 0
716000, 199409, 0, 0
716000, 165855, 1, 0
717000, 160433, 1, 0
717000, 193905, 0, 0
718000, 205381, 0, 0
718001, 172694, 1, 0
719000, 204187, 0, 0
719002, 168311, 1, 0
720000, 89906, 1, 0
720000, 120257, 0, 0
721000, 191520, 0, 0
721000, 153471, 1, 0
722000, 168156, 1, 0
722000, 202876, 0, 0
723000, 145884, 1, 0
723000, 148125, 0, 0
724000, 199163, 0, 0
724000, 161162, 1, 0
725000, 168611, 0, 0
725000, 140985, 1, 0
726000, 161621, 1, 0
726000, 199457, 0, 0
727000, 136097, 0, 0
727000, 93466, 1, 0
728000, 172073, 0, 0
728000, 127173, 1, 0
729000, 196405, 0, 0
729001, 162850, 1, 0
730000, 159949, 1, 0
730000, 197650, 0, 0
731000, 204001, 0, 0
731000, 165219, 1, 0
732000, 161706, 1, 0
732000, 202190, 0, 0
733000, 178719, 0, 0
733000, 145610, 1, 0
734000, 166355, 1, 0
734001, 207048, 0, 0
735000, 205546, 0, 0
735001, 164260, 1, 0
736000, 199351, 0, 0
736000, 160814, 1, 0
737000, 199368, 0, 0
737000, 164387, 1, 0
738000, 176652, 0, 0
738000, 137775, 1, 0
739000, 181604, 0, 0
739000, 162362, 1, 0
740000, 171102, 0, 0
740000, 130840, 1, 0
741000, 199756, 0, 0
741000, 169199, 1, 0
742000, 194541, 0, 0
742000, 159434, 1, 0
743000, 196112, 0, 0
743000, 157300, 1, 0
744000, 148409, 1, 0
744000, 149230, 0, 0
745000, 148316, 0, 0
745001, 118552, 1, 0
746000, 202202, 0, 0
746000, 163178, 1, 0
747000, 187984, 0, 0
747000, 161582, 1, 0
748000, 188866, 0, 0
748001, 151290, 1, 0
749000, 156763, 0, 0
749000, 141093, 1, 0
750000, 205598, 0, 0
750000, 166342, 1, 0
751000, 149720, 1, 0
751000, 188374, 0, 0
752000, 145892, 1, 0
752000, 163036, 0, 0
753000, 199318, 0, 0
753000, 163271, 1, 0
754000, 184230, 0, 0
754000, 160297, 1, 0
755000, 182690, 0, 0
755000, 153174, 1, 0
756000, 165340, 1, 0
756000, 195078, 0, 0
757000, 194689, 0, 0
757000, 166716, 1, 0
758000, 206934, 0, 0
758000, 169099, 1, 0
759000, 169417, 1, 0
759000, 208190, 0, 0
760000, 129473, 1, 0
760000, 131159, 0, 0
761000, 101883, 0, 0
761000, 110661, 1, 0
762000, 104474, 0, 0
762000, 75240, 1, 0
763000, 159583, 0, 0
763000, 116600, 1, 0
764000, 157649, 1, 0
764000, 174718, 0, 0
765000, 116579, 1, 0
765000, 137352, 0, 0
766000, 196552, 0, 0
766000, 165800, 1, 0
767000, 92555, 0, 0
767000, 69108, 1, 0
768000, 113668, 0, 0
768000, 85032, 1, 0
769000, 98501, 0, 0
769001, 72237, 1, 0
770000, 155146, 0, 0
770000, 117379, 1, 0
771000, 189980, 0, 0
771000, 155557, 1, 0
772000, 156073, 1, 0
772000, 193342, 0, 0
773000, 159992, 1, 0
773000, 194213, 0, 0
774000, 193071, 0, 0
774000, 165903, 1, 0
775000, 155684, 1, 0
775000, 198022, 0, 0
776000, 182398, 0, 0
776000, 146534, 1, 0
777000, 142997, 0, 0
777000, 130265, 1, 0
778000, 149847, 1, 0
778000, 194443, 0, 0
779000, 167347, 0, 0
779000, 129495, 1, 0
780000, 194588, 0, 0
780001, 154442, 1, 0
781000, 168203, 1, 0
781000, 205252, 0, 0
782000, 202330, 0, 0
782000, 161648, 1, 0
783000, 195109, 0, 0
783000, 161337, 1, 0
784000, 155838, 1, 0
784000, 180103, 0, 0
785000, 165668, 0, 0
785000, 139386, 1, 0
786000, 172515, 0, 0
786000, 136374, 1, 0
787000, 191965, 0, 0
787001, 157278, 1, 0
788000, 152375, 0, 0
788001, 120255, 1, 0
789000, 200183, 0, 0
789000, 163341, 1, 0
790000, 111474, 0, 0
790000, 79816, 1, 0
791000, 195106, 0, 0
791001, 158454, 1, 0
792000, 200633, 0, 0
792001, 162556, 1, 0
793000, 163263, 1, 0
793000, 201340, 0, 0
794000, 183173, 0, 0
794000, 149091, 1, 0
795000, 111178, 1, 0
795000, 81069, 0, 0
796000, 152476, 0, 0
796000, 117755, 1, 0
797000, 125435, 1, 0
797000, 159356, 0, 0
798000, 206678, 0, 0
798000, 170487, 1, 0
799000, 116191, 0, 0
799000, 86276, 1, 0
800000, 184786, 0, 0
800002, 139787, 1, 0
801000, 140505, 1, 0
801000, 160541, 0, 0
802000, 83923, 0, 0
802000, 47909, 1, 0
803000, 95806, 0, 0
803001, 67107, 1, 0
804000, 98463, 0, 0
804000, 68567, 1, 0
805000, 83844, 1, 0
805000, 115898, 0, 0
806000, 169687, 0, 0
806000, 135876, 1, 0
807000, 83132, 1, 0
807000, 112377, 0, 0
808000, 162095, 1, 0
808000, 199335, 0, 0
809000, 96448, 0, 0
809000, 63429, 1, 0
810000, 90973, 0, 0
810000, 51888, 1, 0
811000, 132961, 1, 0
811000, 168184, 0, 0
812000, 160965, 1, 0
812000, 198831, 0, 0
813000, 158854, 1, 0
813000, 196652, 0, 0
814000, 171468, 1, 0
814000, 204433, 0, 0
815000, 193445, 0, 0
815001, 161152, 1, 0
816000, 158838, 1, 0
816000, 203422, 0, 0
817000, 151877, 1, 0
817000, 193459, 0, 0
818000, 200410, 0, 0
818001, 149380, 1, 0
819000, 185480, 0, 0
819001, 161472, 1, 0
820000, 161737, 1, 0
820000, 187344, 0, 0
821000, 202451, 0, 0
821001, 165370, 1, 0
822000, 209750, 0, 0
822001, 172151, 1, 0
823000, 104904, 1, 0
823000, 134614, 0, 0
824000, 133218, 1, 0
824000, 172865, 0, 0
825000, 141004, 0, 0
825000, 136081, 1, 0
826000, 179502, 0, 0
826000, 148562, 1, 0
827000, 186306, 0, 0
827002, 156019, 1, 0
828000, 189197, 0, 0
828000, 156276, 1, 0
829000, 191577, 0, 0
829000, 157948, 1, 0
830000, 118179, 0, 0
830000, 134184, 1, 0
831000, 201433, 0, 0
831001, 164605, 1, 0
832000, 167663, 1, 0
832000, 200638, 0, 0
833000, 199387, 0, 0
833000, 161630, 1, 0
834000, 195921, 0, 0
834000, 156227, 1, 0
835000, 133823, 0, 0
835000, 98796, 1, 0
836000, 109131, 1, 0
836000, 134686, 0, 0
837000, 208075, 0, 0
837000, 171230, 1, 0
838000, 186210, 0, 0
838001, 155988, 1, 0
839000, 150927, 1, 0
839000, 159826, 0, 0
840000, 141238, 1, 0
840000, 174966, 0, 0
841000, 193635, 0, 0
841001, 153508, 1, 0
842000, 208505, 0, 0
842000, 172719, 1, 0
843000, 196440, 0, 0
843001, 155110, 1, 0
844000, 142096, 0, 0
844000, 123949, 1, 0
845000, 195493, 0, 0
845000, 152707, 1, 0
846000, 202623, 0, 0
846000, 164621, 1, 0
847000, 206730, 0, 0
847003, 171516, 1, 0
848000, 174809, 0, 0
848000, 131421, 1, 0
849000, 133317, 0, 0
849000, 95904, 1, 0
850000, 141144, 0, 0
850000, 121149, 1, 0
851000, 188436, 0, 0
851000, 151267, 1, 0
852000, 102338, 0, 0
852000, 103728, 1, 0
853000, 202620, 0, 0
853001, 166651, 1, 0
854000, 206845, 0, 0
854001, 170962, 1, 0
855000, 193878, 0, 0
855000, 144188, 1, 0
856000, 168004, 0, 0
856000, 118978, 1, 0
857000, 129709, 1, 0
857000, 169710, 0, 0
858000, 203687, 0, 0
858000, 165925, 1, 0
859000, 190285, 0, 0
859000, 153802, 1, 0
860000, 200945, 0, 0
860000, 162987, 1, 0
861000, 100227, 0, 0
861000, 68151, 1, 0
862000, 180087, 0, 0
862000, 142139, 1, 0
863000, 110859, 1, 0
863000, 92009, 0, 0
864000, 190993, 0, 0
864000, 153807, 1, 0
865000, 189332, 0, 0
865000, 156117, 1, 0
866000, 209465, 0, 0
866000, 170871, 1, 0
867000, 218805, 0, 0
867000, 149514, 1, 0
868000, 200170, 0, 0
868001, 162390, 1, 0
869000, 201955, 0, 0
869001, 165113, 1, 0
870000, 201463, 0, 0
870000, 163703, 1, 0
871000, 197929, 0, 0
871000, 159857, 1, 0
872000, 205021, 0, 0
872000, 166384, 1, 0
873000, 199482, 0, 0
873000, 163159, 1, 0
874000, 175294, 0, 0
874000, 140919, 1, 0
875000, 168046, 1, 0
875000, 194704, 0, 0
876000, 195417, 0, 0
876000, 155918, 1, 0
877000, 154258, 1, 0
877000, 164774, 0, 0
878000, 201164, 0, 0
878000, 164145, 1, 0
879000, 164369, 1, 0
879000, 195942, 0, 0
880000, 183071, 0, 0
880001, 152089, 1, 0
881000, 163883, 1, 0
881000, 202101, 0, 0
882000, 191960, 0, 0
882000, 163036, 1, 0
883000, 157066, 1, 0
883000, 179807, 0, 0
884000, 178362, 1, 0
884000, 203612, 0, 0
885000, 164072, 1, 0
885000, 199254, 0, 0
886000, 157403, 1, 0
886000, 197979, 0, 0
887000, 189826, 0, 0
887000, 157124, 1, 0
888000, 193951, 0, 0
888000, 160781, 1, 0
889000, 193575, 0, 0
889000, 155636, 1, 0
890000, 199751, 0, 0
890000, 161577, 1, 0
891000, 181077, 0, 0
891001, 145942, 1, 0
892000, 100803, 0, 0
892000, 114311, 1, 0
893000, 193042, 0, 0
893000, 160335, 1, 0
894000, 205400, 0, 0
894000, 164234, 1, 0
895000, 202093, 0, 0
895000, 157077, 1, 0
896000, 197019, 0, 0
896000, 158685, 1, 0
897000, 202677, 0, 0
897000, 162422, 1, 0
898000, 204985, 0, 0
898000, 174750, 1, 0
899000, 196476, 0, 0
899000, 161468, 1, 0
900000, 189042, 0, 0
900001, 159874, 1, 0
901000, 159474, 1, 0
901000, 199467, 0, 0
902000, 116805, 1, 0
902000, 135941, 0, 0
903000, 202476, 0, 0
903000, 155635, 1, 0
904000, 199965, 0, 0
904000, 156849, 1, 0
905000, 202501, 0, 0
905002, 162047, 1, 0
906000, 206749, 0, 0
906000, 172649, 1, 0
907000, 187993, 0, 0
907001, 158942, 1, 0
908000, 201510, 0, 0
908001, 164569, 1, 0
909000, 190299, 0, 0
909000, 151967, 1, 0
910000, 194872, 0, 0
910000, 160120, 1, 0
911000, 202494, 0, 0
911000, 164926, 1, 0
912000, 202900, 0, 0
912000, 164133, 1, 0
913000, 150407, 0, 0
913001, 151642, 1, 0
914000, 196775, 0, 0
914000, 170792, 1, 0
915000, 205392, 0, 0
915000, 177770, 1, 0
916000, 140507, 0, 0
916000, 121699, 1, 0
917000, 196279, 0, 0
917000, 163087, 1, 0
918000, 149906, 0, 0
918000, 115537, 1, 0
919000, 171134, 0, 0
919001, 136701, 1, 0
920000, 190464, 0, 0
920000, 169393, 1, 0
921000, 126751, 0, 0
921000, 120807, 1, 0
922000, 54108, 1, 0
922000, 64053, 0, 0
923000, 198113, 0, 0
923001, 171734, 1, 0
924000, 187604, 0, 0
924000, 153237, 1, 0
925000, 187797, 0, 0
925000, 158889, 1, 0
926000, 162089, 1, 0
926000, 194892, 0, 0
927000, 198572, 0, 0
927000, 160933, 1, 0
928000, 192806, 0, 0
928000, 161907, 1, 0
929000, 167788, 1, 0
929000, 205748, 0, 0
930000, 197004, 0, 0
930000, 158971, 1, 0
931000, 167016, 1, 0
931000, 202702, 0, 0
932000, 204630, 0, 0
932000, 163941, 1, 0
933000, 197942, 0, 0
933001, 156858, 1, 0
934000, 201128, 0, 0
934000, 163737, 1, 0
935000, 196047, 0, 0
935000, 152094, 1, 0
936000, 181044, 0, 0
936000, 151223, 1, 0
937000, 197884, 0, 0
937000, 164552, 1, 0
938000, 206612, 0, 0
938000, 166637, 1, 0
939000, 199278, 0, 0
939000, 157147, 1, 0
940000, 158658, 0, 0
940000, 124758, 1, 0
941000, 189916, 0, 0
941000, 160936, 1, 0
942000, 193270, 0, 0
942000, 163249, 1, 0
943000, 170858, 1, 0
943000, 209433, 0, 0
944000, 170718, 0, 0
944000, 147958, 1, 0
945000, 194361, 0, 0
945000, 157774, 1, 0
946000, 110694, 0, 0
946000, 94263, 1, 0
947000, 140980, 0, 0
947001, 126218, 1, 0
948000, 193800, 0, 0
948000, 153225, 1, 0
949000, 113934, 0, 0
949000, 86525, 1, 0
950000, 116308, 1, 0
950000, 149971, 0, 0
951000, 164490, 1, 0
951000, 203528, 0, 0
952000, 197723, 0, 0
952000, 158253, 1, 0
953000, 161600, 1, 0
953000, 202479, 0, 0
954000, 184065, 0, 0
954000, 150130, 1, 0
955000, 197411, 0, 0
955000, 161724, 1, 0
956000, 128062, 0, 0
956001, 102847, 1, 0
957000, 198174, 0, 0
957000, 162011, 1, 0
958000, 157946, 1, 0
958000, 199145, 0, 0
959000, 167760, 1, 0
959000, 203220, 0, 0
960000, 164758, 1, 0
960000, 200163, 0, 0
961000, 202800, 0, 0
961000, 163250, 1, 0
962000, 200160, 0, 0
962002, 160894, 1, 0
963000, 198075, 0, 0
963000, 152493, 1, 0
964000, 197424, 0, 0
964000, 161177, 1, 0
965000, 159829, 1, 0
965000, 201840, 0, 0
966000, 168879, 1, 0
966000, 203596, 0, 0
967000, 208423, 0, 0
967000, 169635, 1, 0
968000, 145127, 0, 0
968000, 114849, 1, 0
969000, 97319, 0, 0
969000, 70596, 1, 0
970000, 87483, 1, 0
970000, 73270, 0, 0
971000, 195828, 0, 0
971000, 174646, 1, 0
972000, 134196, 0, 0
972000, 129661, 1, 0
973000, 158059, 1, 0
973000, 197004, 0, 0
974000, 202228, 0, 0
974000, 155513, 1, 0
975000, 80196, 1, 0
975000, 135566, 0, 0
976000, 159859, 1, 0
976000, 197861, 0, 0
977000, 151668, 1, 0
977000, 185818, 0, 0
978000, 196076, 0, 0
978001, 163581, 1, 0
979000, 203357, 0, 0
979000, 154989, 1, 0
980000, 165717, 0, 0
980001, 149757, 1, 0
981000, 137050, 1, 0
981000, 175929, 0, 0
982000, 90988, 0, 0
982000, 58711, 1, 0
983000, 96527, 0, 0
983000, 102056, 1, 0
984000, 158397, 0, 0
984001, 139330, 1, 0
985000, 209306, 0, 0
985000, 169014, 1, 0
986000, 203582, 0, 0
986000, 168778, 1, 0
987000, 203149, 0, 0
987000, 167340, 1, 0
988000, 149672, 1, 0
988000, 160485, 0, 0
989000, 164280, 1, 0
989000, 204496, 0, 0
990000, 148739, 0, 0
990001, 112423, 1, 0
991000, 162965, 0, 0
991000, 125641, 1, 0
992000, 113493, 0, 0
992000, 82192, 1, 0
993000, 201931, 0, 0
993000, 158924, 1, 0
994000, 174827, 1, 0
994000, 201031, 0, 0
995000, 198396, 0, 0
995000, 159958, 1, 0
996000, 199703, 0, 0
996000, 153315, 1, 0
997000, 198316, 0, 0
997000, 162218, 1, 0
998000, 193687, 0, 0
998002, 165630, 1, 0
999000, 135433, 0, 0
999000, 121181, 1, 0
1000000, 160120, 1, 0
1000000, 190921, 0, 0
1001000, 200639, 0, 0
1001000, 167748, 1, 0
1002000, 194406, 0, 0
1002000, 159470, 1, 0
1003000, 195822, 0, 0
1003000, 167004, 1, 0
1004000, 140562, 0, 0
1004000, 112401, 1, 0
1005000, 102642, 0, 0
1005000, 88001, 1, 0
1006000, 138386, 1, 0
1006000, 167201, 0, 0
1007000, 173029, 0, 0
1007000, 159226, 1, 0
1008000, 135836, 1, 0
1008000, 149109, 0, 0
1009000, 107678, 1, 0
1009000, 92997, 0, 0
1010000, 156635, 0, 0
1010000, 130190, 1, 0
1011000, 161081, 0, 0
1011000, 125301, 1, 0
1012000, 183619, 0, 0
1012000, 146270, 1, 0
1013000, 158986, 0, 0
1013000, 120864, 1, 0
1014000, 201436, 0, 0
1014000, 164715, 1, 0
1015000, 196988, 0, 0
1015000, 165585, 1, 0
1016000, 203677, 0, 0
1016001, 152963, 1, 0
1017000, 113401, 1, 0
1017000, 143588, 0, 0
1018000, 172146, 0, 0
1018000, 148247, 1, 0
1019000, 119803, 1, 0
1019000, 154531, 0, 0
1020000, 139865, 0, 0
1020000, 115227, 1, 0
1021000, 112625, 1, 0
1021000, 155018, 0, 0
1022000, 77816, 0, 0
1022000, 106904, 1, 0
1023000, 200616, 0, 0
1023000, 163802, 1, 0
1024000, 116299, 1, 0
1024000, 146544, 0, 0
1025000, 161461, 0, 0
1025000, 131128, 1, 0
1026000, 67293, 0, 0
1026000, 59938, 1, 0
1027000, 92344, 0, 0
1027000, 88777, 1, 0
1028000, 104630, 1, 0
1028000, 144092, 0, 0
1029000, 138968, 0, 0
1029000, 111418, 1, 0
1030000, 113595, 0, 0
1030001, 75626, 1, 0
1031000, 86694, 0, 0
1031000, 74391, 1, 0
1032000, 119967, 0, 0
1032000, 89323, 1, 0
1033000, 117933, 1, 0
1033000, 143909, 0, 0
1034000, 136068, 0, 0
1034000, 114776, 1, 0
1035000, 112395, 1, 0
1035000, 138012, 0, 0
1036000, 156212, 0, 0
1036000, 129960, 1, 0
1037000, 156035, 0, 0
1037000, 134335, 1, 0
1038000, 158963, 0, 0
1038000, 139572, 1, 0
1039000, 189537, 0, 0
1039001, 152365, 1, 0
1040000, 100326, 1, 0
1040000, 130208, 0, 0
1041000, 52921, 1, 0
1041000, 76664, 0, 0
1042000, 154982, 0, 0
1042003, 116299, 1, 0
1043000, 83665, 0, 0
1043000, 97333, 1, 0
1044000, 117457, 1, 0
1044000, 138940, 0, 0
1045000, 182558, 0, 0
1045000, 139928, 1, 0
1046000, 114850, 1, 0
1046000, 158201, 0, 0
1047000, 199732, 0, 0
1047000, 162327, 1, 0
1048000, 137427, 0, 0
1048000, 101774, 1, 0
1049000, 150908, 1, 0
1049000, 194571, 0, 0
1050000, 188802, 0, 0
1050000, 146436, 1, 0
1051000, 122266, 1, 0
1051000, 126677, 0, 0
1052000, 196538, 0, 0
1052001, 135404, 1, 0
1053000, 204469, 0, 0
1053000, 124757, 1, 0
1054000, 97206, 0, 0
1054000, 91189, 1, 0
1055000, 199127, 0, 0
1055000, 160761, 1, 0
1056000, 119969, 0, 0
1056000, 105993, 1, 0
1057000, 155602, 1, 0
1057000, 175886, 0, 0
1058000, 194245, 0, 0
1058001, 165236, 1, 0
1059000, 189114, 0, 0
1059001, 155191, 1, 0
1060000, 201211, 0, 0
1060000, 161920, 1, 0
1061000, 179477, 0, 0
1061000, 156402, 1, 0
1062000, 134260, 0, 0
1062000, 121604, 1, 0
1063000, 198235, 0, 0
1063000, 152662, 1, 0
1064000, 196718, 0, 0
1064000, 161041, 1, 0
1065000, 159241, 0, 0
1065001, 124482, 1, 0
1066000, 151693, 0, 0
1066000, 119778, 1, 0
1067000, 184793, 0, 0
1067000, 160660, 1, 0
1068000, 194852, 0, 0
1068001, 159589, 1, 0
1069000, 136413, 0, 0
1069001, 110756, 1, 0
1070000, 200018, 0, 0
1070000, 164768, 1, 0
1071000, 187018, 0, 0
1071000, 153830, 1, 0
1072000, 155120, 1, 0
1072000, 197806, 0, 0
1073000, 98674, 0, 0
1073000, 113697, 1, 0
1074000, 196654, 0, 0
1074001, 155901, 1, 0
1075000, 200646, 0, 0
1075000, 162303, 1, 0
1076000, 164508, 1, 0
1076000, 200892, 0, 0
1077000, 206822, 0, 0
1077000, 169350, 1, 0
1078000, 101052, 1, 0
1078000, 138454, 0, 0
1079000, 205197, 0, 0
1079000, 161955, 1, 0
1080000, 178759, 0, 0
1080000, 127801, 1, 0
1081000, 181341, 0, 0
1081001, 160202, 1, 0
1082000, 141279, 1, 0
1082000, 179634, 0, 0
1083000, 118544, 1, 0
1083000, 99440, 0, 0
1084000, 189290, 0, 0
1084001, 157455, 1, 0
1085000, 133650, 1, 0
1085000, 162648, 0, 0
1086000, 198920, 0, 0
1086000, 159059, 1, 0
1087000, 195246, 0, 0
1087000, 159799, 1, 0
1088000, 125252, 1, 0
1088000, 195490, 0, 0
1089000, 195260, 0, 0
1089000, 156898, 1, 0
1090000, 206577, 0, 0
1090000, 168233, 1, 0
1091000, 194357, 0, 0
1091000, 165650, 1, 0
1092000, 161107, 0, 0
1092000, 119208, 1, 0
1093000, 147933, 1, 0
1093000, 185116, 0, 0
1094000, 123113, 0, 0
1094000, 88494, 1, 0
1095000, 125300, 0, 0
1095000, 118656, 1, 0
1096000, 95352, 1, 0
1096000, 135549, 0, 0
1097000, 98130, 1, 0
1097000, 137535, 0, 0
1098000, 119096, 0, 0
1098000, 85758, 1, 0
1099000, 173079, 0, 0
1099001, 137854, 1, 0
1100000, 155342, 1, 0
1100000, 191694, 0, 0
1101000, 169300, 0, 0
1101000, 130223, 1, 0
1102000, 116210, 1, 0
1102000, 124669, 0, 0
1103000, 123192, 0, 0
1103000, 102816, 1, 0
1104000, 151085, 0, 0
1104000, 111046, 1, 0
1105000, 204595, 0, 0
1105000, 162852, 1, 0
1106000, 101770, 1, 0
1106000, 174219, 0, 0
1107000, 207998, 0, 0
1107000, 149418, 1, 0
1108000, 182894, 0, 0
1108000, 126353, 1, 0
1109000, 128975, 0, 0
1109001, 61597, 1, 0
1110000, 202003, 0, 0
1110000, 151017, 1, 0
1111000, 205693, 0, 0
1111000, 184498, 1, 0
1112000, 195388, 0, 0
1112000, 151457, 1, 0
1113000, 78244, 1, 0
1113000, 122361, 0, 0
1114000, 108576, 1, 0
1114000, 118992, 0, 0
1115000, 122609, 1, 0
1115000, 100127, 0, 0
1116000, 119416, 1, 0
1116000, 162909, 0, 0
1117000, 162463, 0, 0
1117000, 72892, 1, 0
1118000, 149990, 0, 0
1118000, 117485, 1, 0
1119000, 93629, 0, 0
1119000, 34096, 1, 0
1120000, 66260, 0, 0
1120000, 25738, 1, 0
1121000, 81157, 0, 0
1121001, 41872, 1, 0
1122000, 77123, 0, 0
1122000, 79075, 1, 0
1123000, 76702, 0, 0
1123000, 51022, 1, 0
1124000, 174944, 0, 0
1124001, 137912, 1, 0
1125000, 187707, 0, 0
1125000, 140204, 1, 0
1126000, 155611, 1, 0
1126000, 201453, 0, 0
1127000, 82711, 0, 0
1127000, 61482, 1, 0
1128000, 129970, 0, 0
1128001, 111416, 1, 0
1129000, 198232, 0, 0
1129000, 162021, 1, 0
1130000, 127573, 1, 0
1130000, 182933, 0, 0
1131000, 145653, 1, 0
1131000, 200294, 0, 0
1132000, 194894, 0, 0
1132000, 160144, 1, 0
1133000, 159981, 1, 0
1133000, 199768, 0, 0
1134000, 206477, 0, 0
1134000, 169844, 1, 0
1135000, 201832, 0, 0
1135001, 163744, 1, 0
1136000, 158201, 1, 0
1136000, 199379, 0, 0
1137000, 202514, 0, 0
1137002, 162974, 1, 0
1138000, 125790, 1, 0
1138000, 151050, 0, 0
1139000, 94471, 1, 0
1139000, 141866, 0, 0
1140000, 203559, 0, 0
1140000, 158619, 1, 0
1141000, 201876, 0, 0
1141000, 150398, 1, 0
1142000, 201050, 0, 0
1142000, 166698, 1, 0
1143000, 164995, 1, 0
1143000, 194908, 0, 0
1144000, 202414, 0, 0
1144000, 170087, 1, 0
1145000, 146493, 1, 0
1145000, 197480, 0, 0
1146000, 159949, 0, 0
1146000, 102337, 1, 0
1147000, 140883, 0, 0
1147000, 102542, 1, 0
1148000, 141781, 1, 0
1148000, 179987, 0, 0
1149000, 167163, 1, 0
1149000, 205521, 0, 0
1150000, 168745, 1, 0
1150000, 209597, 0, 0
1151000, 163941, 1, 0
1151000, 207941, 0, 0
1152000, 174117, 0, 0
1152000, 127210, 1, 0
1153000, 170415, 0, 0
1153000, 128205, 1, 0
1154000, 202938, 0, 0
1154001, 174377, 1, 0
1155000, 202451, 0, 0
1155000, 169627, 1, 0
1156000, 203706, 0, 0
1156000, 166571, 1, 0
1157000, 196507, 0, 0
1157000, 132234, 1, 0
1158000, 212447, 0, 0
1158000, 100101, 1, 0
1159000, 159117, 1, 0
1159000, 197438, 0, 0
1160000, 209400, 0, 0
1160000, 137646, 1, 0
1161000, 142774, 0, 0
1161001, 101929, 1, 0
1162000, 207641, 0, 0
1162000, 159778, 1, 0
1163000, 174676, 0, 0
1163000, 158379, 1, 0
1164000, 179373, 0, 0
1164000, 150170, 1, 0
1165000, 196212, 0, 0
1165000, 160875, 1, 0
1166000, 204264, 0, 0
1166000, 135676, 1, 0
1167000, 212847, 0, 0
1167000, 130585, 1, 0
1168000, 223309, 0, 0
1168001, 53147, 1, 0
1169000, 186294, 0, 0
1169001, 85719, 1, 0
1170000, 209366, 0, 0
1170000, 145684, 1, 0
1171000, 162559, 1, 0
1171000, 206158, 0, 0
1172000, 183122, 0, 0
1172000, 97314, 1, 0
1173000, 164945, 1, 0
1173000, 192758, 0, 0
1174000, 160486, 0, 0
1174000, 124465, 1, 0
1175000, 188603, 0, 0
1175000, 134969, 1, 0
1176000, 176727, 0, 0
1176001, 127061, 1, 0
1177000, 169833, 0, 0
1177000, 96924, 1, 0
1178000, 202289, 0, 0
1178000, 117386, 1, 0
1179000, 154620, 0, 0
1179000, 94895, 1, 0
1180000, 196770, 0, 0
1180001, 153856, 1, 0
1181000, 191315, 0, 0
1181000, 143405, 1, 0
1182000, 136635, 1, 0
1182000, 207027, 0, 0
1183000, 163167, 0, 0
1183000, 83292, 1, 0
1184000, 163216, 0, 0
1184001, 105666, 1, 0
1185000, 120878, 0, 0
1185000, 49891, 1, 0
1186000, 146105, 0, 0
1186000, 122913, 1, 0
1187000, 154080, 1, 0
1187000, 204661, 0, 0
1188000, 190826, 0, 0
1188000, 159711, 1, 0
1189000, 157455, 0, 0
1189000, 121208, 1, 0
1190000, 184904, 0, 0
1190000, 156382, 1, 0
1191000, 204229, 0, 0
1191000, 129214, 1, 0
1192000, 202544, 0, 0
1192000, 115464, 1, 0
1193000, 94003, 0, 0
1193000, 79812, 1, 0
1194000, 201112, 0, 0
1194000, 164012, 1, 0
1195000, 164377, 1, 0
1195000, 201317, 0, 0
1196000, 162556, 1, 0
1196000, 189493, 0, 0
1197000, 178815, 0, 0
1197000, 139992, 1, 0
1198000, 206378, 0, 0
1198000, 105302, 1, 0
1199000, 206678, 0, 0
1199001, 137249, 1, 0
1200000, 194168, 0, 0
1200000, 152542, 1, 0
