1000, 87916, 0, 0, 0
1000, 37572, 1, 0, 0
2000, 95576, 0, 0, 0
2000, 40864, 1, 0, 0
3000, 99548, 0, 0, 0
3000, 42120, 1, 0, 0
4000, 98296, 0, 0, 0
4000, 42468, 1, 0, 0
5001, 96244, 0, 0, 0
5001, 41080, 1, 0, 0
6000, 103647, 0, 0, 0
6000, 44508, 1, 0, 0
7000, 94552, 0, 0, 0
7000, 41056, 1, 0, 0
8000, 95420, 0, 0, 0
8000, 41236, 1, 0, 0
9001, 96208, 0, 0, 0
9001, 42148, 1, 0, 0
10001, 97392, 0, 0, 0
10001, 41132, 1, 0, 0
11000, 105745, 0, 0, 0
11000, 45413, 1, 0, 0
12000, 93876, 0, 0, 0
12000, 40516, 1, 0, 0
13000, 95268, 0, 0, 0
13000, 40860, 1, 0, 0
14000, 16620, 0, 0, 0
14000, 7079, 1, 0, 0
15000, 9708, 0, 0, 0
15000, 4044, 1, 0, 0
16000, 9748, 0, 0, 0
16000, 4212, 1, 0, 0
17000, 63588, 0, 0, 0
17000, 27996, 1, 0, 0
18001, 95832, 0, 0, 0
18001, 41164, 1, 0, 0
19000, 95675, 0, 0, 0
19000, 40884, 1, 0, 0
20000, 95508, 0, 0, 0
20000, 40808, 1, 0, 0
21000, 96076, 0, 0, 0
21000, 40744, 1, 0, 0
22000, 94348, 0, 0, 0
22000, 40064, 1, 0, 0
23000, 97304, 0, 0, 0
23000, 41712, 1, 0, 0
24001, 95024, 0, 0, 0
24001, 41368, 1, 0, 0
25000, 96140, 0, 0, 0
25000, 40716, 1, 0, 0
26000, 95648, 0, 0, 0
26000, 42388, 1, 0, 0
27000, 95008, 0, 0, 0
27000, 41040, 1, 0, 0
28000, 96232, 0, 0, 0
28000, 40776, 1, 0, 0
29000, 96316, 0, 0, 0
29000, 41276, 1, 0, 0
30001, 95716, 0, 0, 0
30001, 39816, 1, 0, 0
31000, 97181, 0, 0, 0
31000, 41577, 1, 0, 0
32000, 92212, 0, 0, 0
32000, 39644, 1, 0, 0
33000, 67832, 0, 0, 0
33000, 28848, 1, 0, 0
34000, 80840, 0, 0, 0
34000, 34568, 1, 0, 0
35000, 96556, 0, 0, 0
35000, 40948, 1, 0, 0
36001, 97684, 0, 0, 0
36001, 41852, 1, 0, 0
37001, 96376, 0, 0, 0
37001, 41288, 1, 0, 0
38000, 96544, 0, 0, 0
38000, 41465, 1, 0, 0
39000, 94048, 0, 0, 0
39000, 40564, 1, 0, 0
40000, 94280, 0, 0, 0
40000, 40436, 1, 0, 0
41000, 95568, 0, 0, 0
41000, 41436, 1, 0, 0
42000, 96512, 0, 0, 0
42000, 41660, 1, 0, 0
43000, 99563, 0, 0, 0
43000, 42510, 1, 0, 0
44000, 95056, 0, 0, 0
44000, 40136, 1, 0, 0
45000, 95200, 0, 0, 0
45000, 40436, 1, 0, 0
46000, 95216, 0, 0, 0
46000, 41088, 1, 0, 0
47000, 95576, 0, 0, 0
47000, 40212, 1, 0, 0
48000, 95620, 0, 0, 0
48000, 41172, 1, 0, 0
49000, 94380, 0, 0, 0
49000, 40464, 1, 0, 0
50001, 81424, 0, 0, 0
50001, 35380, 1, 0, 0
51000, 82222, 0, 0, 0
51000, 35687, 1, 0, 0
52000, 80832, 0, 0, 0
52000, 34412, 1, 0, 0
53000, 81492, 0, 0, 0
53000, 35200, 1, 0, 0
54000, 80496, 0, 0, 0
54000, 34176, 1, 0, 0
55000, 94668, 0, 0, 0
55000, 40720, 1, 0, 0
56000, 73464, 0, 0, 0
56000, 31032, 1, 0, 0
57000, 57797, 0, 0, 0
57000, 24772, 1, 0, 0
58000, 94628, 0, 0, 0
58000, 40564, 1, 0, 0
59000, 94508, 0, 0, 0
59000, 41224, 1, 0, 0
60000, 94348, 0, 0, 0
60000, 41100, 1, 0, 0
61000, 94788, 0, 0, 0
61000, 40800, 1, 0, 0
62000, 94684, 0, 0, 0
62000, 40912, 1, 0, 0
63000, 96300, 0, 0, 0
63000, 41268, 1, 0, 0
64000, 93924, 0, 0, 0
64000, 39180, 1, 0, 0
65001, 94148, 0, 0, 0
65001, 40384, 1, 0, 0
66000, 72028, 0, 0, 0
66000, 31047, 1, 0, 0
67000, 9708, 0, 0, 0
67000, 4188, 1, 0, 0
68000, 88300, 0, 0, 0
68000, 38324, 1, 0, 0
69000, 93148, 0, 0, 0
69000, 40288, 1, 0, 0
70000, 95188, 0, 0, 0
70000, 41044, 1, 0, 0
71001, 97412, 0, 0, 0
71001, 41656, 1, 0, 0
72000, 94258, 0, 0, 0
72000, 40872, 1, 0, 0
73000, 94780, 0, 0, 0
73000, 40392, 1, 0, 0
74000, 95256, 0, 0, 0
74000, 40644, 1, 0, 0
75000, 93816, 0, 0, 0
75000, 40068, 1, 0, 0
76000, 95060, 0, 0, 0
76000, 40116, 1, 0, 0
77001, 94020, 0, 0, 0
77001, 40772, 1, 0, 0
78000, 97249, 0, 0, 0
78000, 40188, 1, 0, 0
79000, 96280, 0, 0, 0
79000, 41744, 1, 0, 0
80000, 95652, 0, 0, 0
80000, 41336, 1, 0, 0
81000, 90940, 0, 0, 0
81000, 39116, 1, 0, 0
82000, 59328, 0, 0, 0
82000, 24856, 1, 0, 0
83000, 96724, 0, 0, 0
83000, 41212, 1, 0, 0
84000, 80048, 0, 0, 0
84000, 34416, 1, 0, 0
85000, 94678, 0, 0, 0
85000, 40144, 1, 0, 0
86000, 95464, 0, 0, 0
86000, 40648, 1, 0, 0
87000, 94660, 0, 0, 0
87000, 41324, 1, 0, 0
88000, 99104, 0, 0, 0
88000, 41856, 1, 0, 0
89000, 95060, 0, 0, 0
89000, 40872, 1, 0, 0
90000, 93520, 0, 0, 0
90000, 40220, 1, 0, 0
91001, 94772, 0, 0, 0
91001, 41352, 1, 0, 0
92000, 96548, 0, 0, 0
92000, 41633, 1, 0, 0
93000, 97592, 0, 0, 0
93000, 41376, 1, 0, 0
94000, 98400, 0, 0, 0
94000, 42024, 1, 0, 0
95000, 93964, 0, 0, 0
95000, 40304, 1, 0, 0
96001, 76668, 0, 0, 0
96001, 33124, 1, 0, 0
97000, 93837, 0, 0, 0
97000, 40876, 1, 0, 0
98000, 98236, 0, 0, 0
98000, 41596, 1, 0, 0
99000, 93940, 0, 0, 0
99000, 41236, 1, 0, 0
100000, 97236, 0, 0, 0
100000, 41508, 1, 0, 0
101000, 97112, 0, 0, 0
101000, 41980, 1, 0, 0
102000, 100032, 0, 0, 0
102000, 42240, 1, 0, 0
103000, 92384, 0, 0, 0
103000, 39368, 1, 0, 0
104001, 92224, 0, 0, 0
104001, 39568, 1, 0, 0
105000, 94034, 0, 0, 0
105000, 40420, 1, 0, 0
106000, 93292, 0, 0, 0
106000, 40208, 1, 0, 0
107000, 91512, 0, 0, 0
107000, 39128, 1, 0, 0
108000, 89896, 0, 0, 0
108000, 37664, 1, 0, 0
109000, 90588, 0, 0, 0
109000, 39164, 1, 0, 0
110000, 91295, 0, 0, 0
110000, 39715, 1, 0, 0
111000, 92424, 0, 0, 0
111000, 39184, 1, 0, 0
112000, 91604, 0, 0, 0
112000, 38912, 1, 0, 0
113000, 76696, 0, 0, 0
113000, 33392, 1, 0, 0
114000, 92200, 0, 0, 0
114000, 39079, 1, 0, 0
115000, 76644, 0, 0, 0
115000, 32956, 1, 0, 0
116000, 93140, 0, 0, 0
116000, 39708, 1, 0, 0
117000, 75628, 0, 0, 0
117000, 31648, 1, 0, 0
118000, 89768, 0, 0, 0
118000, 39220, 1, 0, 0
119000, 76940, 0, 0, 0
119000, 32796, 1, 0, 0
120001, 91656, 0, 0, 0
120001, 38208, 1, 0, 0
121000, 77821, 0, 0, 0
121000, 32884, 1, 0, 0
122000, 90004, 0, 0, 0
122000, 38820, 1, 0, 0
123000, 76252, 0, 0, 0
123000, 33652, 1, 0, 0
124000, 90132, 0, 0, 0
124000, 38908, 1, 0, 0
125000, 76140, 0, 0, 0
125000, 31916, 1, 0, 0
126001, 91888, 0, 0, 0
126001, 39136, 1, 0, 0
127000, 77221, 0, 0, 0
127000, 32144, 1, 0, 0
128000, 89944, 0, 0, 0
128000, 37924, 1, 0, 0
129000, 76576, 0, 0, 0
129000, 32704, 1, 0, 0
130000, 89268, 0, 0, 0
130000, 39076, 1, 0, 0
131000, 77444, 0, 0, 0
131000, 32708, 1, 0, 0
132000, 19348, 0, 0, 0
132000, 8704, 1, 0, 0
133001, 19476, 0, 0, 0
133001, 8720, 1, 0, 0
134000, 38002, 0, 0, 0
134000, 16628, 1, 0, 0
135000, 39140, 0, 0, 0
135000, 16824, 1, 0, 0
136000, 85060, 0, 0, 0
136000, 35872, 1, 0, 0
137000, 74680, 0, 0, 0
137000, 31952, 1, 0, 0
138000, 86620, 0, 0, 0
138000, 37928, 1, 0, 0
139001, 87348, 0, 0, 0
139001, 37732, 1, 0, 0
140000, 83815, 0, 0, 0
140000, 36408, 1, 0, 0
141000, 81820, 0, 0, 0
141000, 35240, 1, 0, 0
142000, 89792, 0, 0, 0
142000, 38252, 1, 0, 0
143000, 91588, 0, 0, 0
143000, 39016, 1, 0, 0
144000, 89852, 0, 0, 0
144000, 38588, 1, 0, 0
145001, 89328, 0, 0, 0
145001, 38564, 1, 0, 0
146000, 89961, 0, 0, 0
146000, 39295, 1, 0, 0
147000, 90840, 0, 0, 0
147000, 38508, 1, 0, 0
148000, 91376, 0, 0, 0
148000, 39184, 1, 0, 0
149000, 93604, 0, 0, 0
149000, 39924, 1, 0, 0
150000, 97280, 0, 0, 0
150000, 42000, 1, 0, 0
151001, 99212, 0, 0, 0
151001, 42980, 1, 0, 0
152000, 89549, 0, 0, 0
152000, 38594, 1, 0, 0
153000, 90096, 0, 0, 0
153000, 38196, 1, 0, 0
154000, 89756, 0, 0, 0
154000, 37704, 1, 0, 0
155000, 89352, 0, 0, 0
155000, 38392, 1, 0, 0
156000, 91812, 0, 0, 0
156000, 39940, 1, 0, 0
157000, 90352, 0, 0, 0
157000, 38836, 1, 0, 0
158000, 90944, 0, 0, 0
158000, 39284, 1, 0, 0
159000, 90334, 0, 0, 0
159000, 38738, 1, 0, 0
160000, 91736, 0, 0, 0
160000, 39288, 1, 0, 0
161000, 57648, 0, 0, 0
161000, 24272, 1, 0, 0
162000, 42776, 0, 0, 0
162000, 18724, 1, 0, 0
163000, 90612, 0, 0, 0
163000, 38348, 1, 0, 0
164000, 91336, 0, 0, 0
164000, 38732, 1, 0, 0
165001, 89916, 0, 0, 0
165001, 38544, 1, 0, 0
166001, 92056, 0, 0, 0
166001, 39800, 1, 0, 0
167000, 90026, 0, 0, 0
167000, 39383, 1, 0, 0
168000, 91036, 0, 0, 0
168000, 38456, 1, 0, 0
169000, 91244, 0, 0, 0
169000, 39748, 1, 0, 0
170000, 91044, 0, 0, 0
170000, 38868, 1, 0, 0
171000, 94020, 0, 0, 0
171000, 40016, 1, 0, 0
172000, 91368, 0, 0, 0
172000, 38672, 1, 0, 0
173000, 90506, 0, 0, 0
173000, 38922, 1, 0, 0
174000, 89412, 0, 0, 0
174000, 38564, 1, 0, 0
175000, 91304, 0, 0, 0
175000, 38928, 1, 0, 0
176000, 92276, 0, 0, 0
176000, 39104, 1, 0, 0
177000, 91896, 0, 0, 0
177000, 39524, 1, 0, 0
178001, 92004, 0, 0, 0
178001, 39668, 1, 0, 0
179000, 91843, 0, 0, 0
179000, 39679, 1, 0, 0
180000, 90404, 0, 0, 0
180000, 39360, 1, 0, 0
181000, 92800, 0, 0, 0
181000, 40360, 1, 0, 0
182000, 89932, 0, 0, 0
182000, 38732, 1, 0, 0
183000, 89424, 0, 0, 0
183000, 38436, 1, 0, 0
184000, 91691, 0, 0, 0
184000, 39303, 1, 0, 0
185000, 90692, 0, 0, 0
185000, 39476, 1, 0, 0
186000, 93672, 0, 0, 0
186000, 40156, 1, 0, 0
187000, 90764, 0, 0, 0
187000, 39892, 1, 0, 0
188000, 90948, 0, 0, 0
188000, 38928, 1, 0, 0
189001, 91564, 0, 0, 0
189001, 38836, 1, 0, 0
190001, 92436, 0, 0, 0
190001, 39284, 1, 0, 0
191000, 93981, 0, 0, 0
191000, 40828, 1, 0, 0
192000, 91824, 0, 0, 0
192000, 39420, 1, 0, 0
193000, 91512, 0, 0, 0
193000, 38772, 1, 0, 0
194000, 89536, 0, 0, 0
194000, 39296, 1, 0, 0
195000, 90824, 0, 0, 0
195000, 39056, 1, 0, 0
196000, 93360, 0, 0, 0
196000, 39640, 1, 0, 0
197001, 91308, 0, 0, 0
197001, 39020, 1, 0, 0
198000, 91051, 0, 0, 0
198000, 39359, 1, 0, 0
199000, 91856, 0, 0, 0
199000, 39232, 1, 0, 0
200000, 90112, 0, 0, 0
200000, 38600, 1, 0, 0
201000, 92832, 0, 0, 0
201000, 39856, 1, 0, 0
202000, 89756, 0, 0, 0
202000, 38792, 1, 0, 0
203000, 91140, 0, 0, 0
203000, 39424, 1, 0, 0
204000, 90704, 0, 0, 0
204000, 38332, 1, 0, 0
205001, 94308, 0, 0, 0
205001, 39648, 1, 0, 0
206000, 92036, 0, 0, 0
206000, 39023, 1, 0, 0
207000, 91068, 0, 0, 0
207000, 39372, 1, 0, 0
208000, 90556, 0, 0, 0
208000, 38912, 1, 0, 0
209000, 90248, 0, 0, 0
209000, 38356, 1, 0, 0
210000, 90888, 0, 0, 0
210000, 39344, 1, 0, 0
211001, 92424, 0, 0, 0
211001, 40152, 1, 0, 0
212000, 91027, 0, 0, 0
212000, 38242, 1, 0, 0
213000, 90760, 0, 0, 0
213000, 38568, 1, 0, 0
214000, 90412, 0, 0, 0
214000, 38316, 1, 0, 0
215000, 91256, 0, 0, 0
215000, 38560, 1, 0, 0
216000, 93764, 0, 0, 0
216000, 39792, 1, 0, 0
217000, 90544, 0, 0, 0
217000, 38904, 1, 0, 0
218001, 90104, 0, 0, 0
218001, 39316, 1, 0, 0
219000, 90826, 0, 0, 0
219000, 39531, 1, 0, 0
220000, 89244, 0, 0, 0
220000, 38176, 1, 0, 0
221000, 93128, 0, 0, 0
221000, 40120, 1, 0, 0
222000, 90256, 0, 0, 0
222000, 38836, 1, 0, 0
223000, 90748, 0, 0, 0
223000, 39212, 1, 0, 0
224000, 90520, 0, 0, 0
224000, 38800, 1, 0, 0
225001, 90292, 0, 0, 0
225001, 37808, 1, 0, 0
226000, 92300, 0, 0, 0
226000, 39431, 1, 0, 0
227000, 93128, 0, 0, 0
227000, 38612, 1, 0, 0
228000, 91960, 0, 0, 0
228000, 39640, 1, 0, 0
229000, 90948, 0, 0, 0
229000, 38688, 1, 0, 0
230000, 90696, 0, 0, 0
230000, 39432, 1, 0, 0
231000, 93000, 0, 0, 0
231000, 39808, 1, 0, 0
232000, 91996, 0, 0, 0
232000, 39260, 1, 0, 0
233000, 91552, 0, 0, 0
233000, 39512, 1, 0, 0
234000, 90130, 0, 0, 0
234000, 38802, 1, 0, 0
235000, 89660, 0, 0, 0
235000, 39156, 1, 0, 0
236000, 90816, 0, 0, 0
236000, 39564, 1, 0, 0
237000, 90760, 0, 0, 0
237000, 38540, 1, 0, 0
238000, 92248, 0, 0, 0
238000, 40080, 1, 0, 0
239001, 92316, 0, 0, 0
239001, 39304, 1, 0, 0
240000, 90258, 0, 0, 0
240000, 37845, 1, 0, 0
241000, 92540, 0, 0, 0
241000, 40168, 1, 0, 0
242000, 92264, 0, 0, 0
242000, 39364, 1, 0, 0
243000, 92116, 0, 0, 0
243000, 38936, 1, 0, 0
244000, 91940, 0, 0, 0
244000, 39636, 1, 0, 0
245000, 91208, 0, 0, 0
245000, 39008, 1, 0, 0
246001, 92784, 0, 0, 0
246001, 39504, 1, 0, 0
247001, 17788, 0, 0, 0
247001, 7616, 1, 0, 0
248000, 49045, 0, 0, 0
248000, 20604, 1, 0, 0
249000, 91024, 0, 0, 0
249000, 38856, 1, 0, 0
250000, 89016, 0, 0, 0
250000, 37952, 1, 0, 0
251000, 89988, 0, 0, 0
251000, 39140, 1, 0, 0
252001, 91684, 0, 0, 0
252001, 38924, 1, 0, 0
253000, 91747, 0, 0, 0
253000, 38822, 1, 0, 0
254000, 90816, 0, 0, 0
254000, 38796, 1, 0, 0
255000, 90580, 0, 0, 0
255000, 39116, 1, 0, 0
256000, 91936, 0, 0, 0
256000, 38868, 1, 0, 0
257000, 92768, 0, 0, 0
257000, 38836, 1, 0, 0
258001, 92656, 0, 0, 0
258001, 39212, 1, 0, 0
259000, 90246, 0, 0, 0
259000, 38670, 1, 0, 0
260000, 89220, 0, 0, 0
260000, 39292, 1, 0, 0
261000, 81260, 0, 0, 0
261000, 34740, 1, 0, 0
262000, 32324, 0, 0, 0
262000, 13708, 1, 0, 0
263000, 15312, 0, 0, 0
263000, 6096, 1, 0, 0
264001, 89044, 0, 0, 0
264001, 38012, 1, 0, 0
265000, 92356, 0, 0, 0
265000, 40280, 1, 0, 0
266000, 92620, 0, 0, 0
266000, 40060, 1, 0, 0
267000, 90872, 0, 0, 0
267000, 39388, 1, 0, 0
268000, 91728, 0, 0, 0
268000, 39144, 1, 0, 0
269001, 91000, 0, 0, 0
269001, 39656, 1, 0, 0
270001, 90640, 0, 0, 0
270001, 38120, 1, 0, 0
271000, 93757, 0, 0, 0
271000, 39303, 1, 0, 0
272000, 92064, 0, 0, 0
272000, 38444, 1, 0, 0
273000, 90404, 0, 0, 0
273000, 39308, 1, 0, 0
274000, 91392, 0, 0, 0
274000, 39508, 1, 0, 0
275000, 89940, 0, 0, 0
275000, 39216, 1, 0, 0
276001, 93056, 0, 0, 0
276001, 39552, 1, 0, 0
277000, 91699, 0, 0, 0
277000, 39651, 1, 0, 0
278000, 91104, 0, 0, 0
278000, 38796, 1, 0, 0
279000, 90380, 0, 0, 0
279000, 38796, 1, 0, 0
280000, 90164, 0, 0, 0
280000, 39168, 1, 0, 0
281000, 94018, 0, 0, 0
281000, 39839, 1, 0, 0
282000, 91240, 0, 0, 0
282000, 38924, 1, 0, 0
283000, 91580, 0, 0, 0
283000, 38964, 1, 0, 0
284000, 90088, 0, 0, 0
284000, 38368, 1, 0, 0
285000, 90508, 0, 0, 0
285000, 39096, 1, 0, 0
286001, 92644, 0, 0, 0
286001, 39648, 1, 0, 0
287001, 90704, 0, 0, 0
287001, 39428, 1, 0, 0
288000, 91843, 0, 0, 0
288000, 39163, 1, 0, 0
289000, 90604, 0, 0, 0
289000, 39148, 1, 0, 0
290000, 91424, 0, 0, 0
290000, 38460, 1, 0, 0
291000, 69049, 0, 0, 0
291000, 29741, 1, 0, 0
292000, 87436, 0, 0, 0
292000, 37320, 1, 0, 0
293000, 90412, 0, 0, 0
293000, 39196, 1, 0, 0
294000, 91688, 0, 0, 0
294000, 38268, 1, 0, 0
295001, 88368, 0, 0, 0
295001, 38020, 1, 0, 0
296000, 92688, 0, 0, 0
296000, 40244, 1, 0, 0
297000, 90768, 0, 0, 0
297000, 39236, 1, 0, 0
298000, 90148, 0, 0, 0
298000, 39324, 1, 0, 0
299000, 90260, 0, 0, 0
299000, 39076, 1, 0, 0
300000, 90512, 0, 0, 0
300000, 39044, 1, 0, 0
301001, 90800, 0, 0, 0
301001, 38940, 1, 0, 0
302001, 90584, 0, 0, 0
302001, 38560, 1, 0, 0
303000, 90442, 0, 0, 0
303000, 38578, 1, 0, 0
304000, 90808, 0, 0, 0
304000, 38448, 1, 0, 0
305000, 91288, 0, 0, 0
305000, 38336, 1, 0, 0
306000, 92676, 0, 0, 0
306000, 39444, 1, 0, 0
307001, 91016, 0, 0, 0
307001, 38196, 1, 0, 0
308000, 89345, 0, 0, 0
308000, 38678, 1, 0, 0
309000, 89216, 0, 0, 0
309000, 38620, 1, 0, 0
310000, 84324, 0, 0, 0
310000, 35952, 1, 0, 0
311000, 91480, 0, 0, 0
311000, 39396, 1, 0, 0
312000, 90784, 0, 0, 0
312000, 38036, 1, 0, 0
313000, 90014, 0, 0, 0
313000, 37973, 1, 0, 0
314000, 90496, 0, 0, 0
314000, 38520, 1, 0, 0
315000, 88140, 0, 0, 0
315000, 37544, 1, 0, 0
316000, 93196, 0, 0, 0
316000, 39392, 1, 0, 0
317000, 90520, 0, 0, 0
317000, 38572, 1, 0, 0
318001, 89804, 0, 0, 0
318001, 38492, 1, 0, 0
319000, 89957, 0, 0, 0
319000, 39099, 1, 0, 0
320000, 88648, 0, 0, 0
320000, 38576, 1, 0, 0
321000, 91568, 0, 0, 0
321000, 39728, 1, 0, 0
322000, 90308, 0, 0, 0
322000, 38040, 1, 0, 0
323000, 89244, 0, 0, 0
323000, 38496, 1, 0, 0
324000, 88712, 0, 0, 0
324000, 39007, 1, 0, 0
325000, 88816, 0, 0, 0
325000, 38660, 1, 0, 0
326000, 92340, 0, 0, 0
326000, 38960, 1, 0, 0
327000, 89248, 0, 0, 0
327000, 38900, 1, 0, 0
328000, 91112, 0, 0, 0
328000, 39112, 1, 0, 0
329000, 89596, 0, 0, 0
329000, 38300, 1, 0, 0
330000, 89025, 0, 0, 0
330000, 38126, 1, 0, 0
331000, 92232, 0, 0, 0
331000, 40352, 1, 0, 0
332000, 89920, 0, 0, 0
332000, 38972, 1, 0, 0
333000, 90280, 0, 0, 0
333000, 38696, 1, 0, 0
334001, 91584, 0, 0, 0
334001, 37440, 1, 0, 0
335000, 88244, 0, 0, 0
335000, 38558, 1, 0, 0
336000, 91912, 0, 0, 0
336000, 38636, 1, 0, 0
337000, 89532, 0, 0, 0
337000, 38672, 1, 0, 0
338000, 89024, 0, 0, 0
338000, 38200, 1, 0, 0
339001, 89196, 0, 0, 0
339001, 38664, 1, 0, 0
340001, 88844, 0, 0, 0
340001, 38188, 1, 0, 0
341000, 91491, 0, 0, 0
341000, 38086, 1, 0, 0
342000, 90996, 0, 0, 0
342000, 38760, 1, 0, 0
343000, 91056, 0, 0, 0
343000, 38272, 1, 0, 0
344000, 88752, 0, 0, 0
344000, 37980, 1, 0, 0
345001, 89204, 0, 0, 0
345001, 37208, 1, 0, 0
346000, 90742, 0, 0, 0
346000, 39223, 1, 0, 0
347000, 87956, 0, 0, 0
347000, 37544, 1, 0, 0
348000, 89880, 0, 0, 0
348000, 37876, 1, 0, 0
349000, 89628, 0, 0, 0
349000, 38052, 1, 0, 0
350001, 89440, 0, 0, 0
350001, 38580, 1, 0, 0
351001, 88472, 0, 0, 0
351001, 38060, 1, 0, 0
352000, 90894, 0, 0, 0
352000, 38482, 1, 0, 0
353000, 90480, 0, 0, 0
353000, 38416, 1, 0, 0
354000, 89912, 0, 0, 0
354000, 37908, 1, 0, 0
355001, 91976, 0, 0, 0
355001, 38724, 1, 0, 0
356000, 90450, 0, 0, 0
356000, 38986, 1, 0, 0
357000, 88760, 0, 0, 0
357000, 38532, 1, 0, 0
358000, 90500, 0, 0, 0
358000, 38212, 1, 0, 0
359000, 89104, 0, 0, 0
359000, 39020, 1, 0, 0
360000, 89593, 0, 0, 0
360000, 37841, 1, 0, 0
361000, 90232, 0, 0, 0
361000, 38452, 1, 0, 0
362000, 90264, 0, 0, 0
362000, 38472, 1, 0, 0
363000, 89452, 0, 0, 0
363000, 38104, 1, 0, 0
364001, 92580, 0, 0, 0
364001, 39856, 1, 0, 0
365000, 88424, 0, 0, 0
365000, 38622, 1, 0, 0
366000, 89860, 0, 0, 0
366000, 39268, 1, 0, 0
367000, 88904, 0, 0, 0
367000, 38792, 1, 0, 0
368000, 90520, 0, 0, 0
368000, 39452, 1, 0, 0
369000, 89292, 0, 0, 0
369000, 38276, 1, 0, 0
370000, 87848, 0, 0, 0
370000, 37920, 1, 0, 0
371000, 89465, 0, 0, 0
371000, 37821, 1, 0, 0
372000, 90216, 0, 0, 0
372000, 38404, 1, 0, 0
373000, 92712, 0, 0, 0
373000, 39692, 1, 0, 0
374000, 98368, 0, 0, 0
374000, 42444, 1, 0, 0
375000, 88672, 0, 0, 0
375000, 38044, 1, 0, 0
376001, 89652, 0, 0, 0
376001, 38284, 1, 0, 0
377000, 91615, 0, 0, 0
377000, 39279, 1, 0, 0
378000, 99256, 0, 0, 0
378000, 42680, 1, 0, 0
379000, 89956, 0, 0, 0
379000, 38144, 1, 0, 0
380000, 89628, 0, 0, 0
380000, 37468, 1, 0, 0
381001, 89992, 0, 0, 0
381001, 39020, 1, 0, 0
382000, 68916, 0, 0, 0
382000, 30066, 1, 0, 0
383000, 88964, 0, 0, 0
383000, 38284, 1, 0, 0
384000, 91264, 0, 0, 0
384000, 38196, 1, 0, 0
385000, 50072, 0, 0, 0
385000, 21584, 1, 0, 0
386000, 9733, 0, 0, 0
386000, 4428, 1, 0, 0
387000, 13332, 0, 0, 0
387000, 5728, 1, 0, 0
388000, 42904, 0, 0, 0
388000, 18564, 1, 0, 0
389000, 9840, 0, 0, 0
389000, 4296, 1, 0, 0
390000, 10316, 0, 0, 0
390000, 4180, 1, 0, 0
391000, 51864, 0, 0, 0
391000, 22704, 1, 0, 0
392000, 90080, 0, 0, 0
392000, 38984, 1, 0, 0
393001, 91344, 0, 0, 0
393001, 39880, 1, 0, 0
394000, 90358, 0, 0, 0
394000, 37833, 1, 0, 0
395000, 88864, 0, 0, 0
395000, 37900, 1, 0, 0
396000, 92536, 0, 0, 0
396000, 39588, 1, 0, 0
397000, 91904, 0, 0, 0
397000, 39368, 1, 0, 0
398000, 91112, 0, 0, 0
398000, 39324, 1, 0, 0
399000, 90540, 0, 0, 0
399000, 38820, 1, 0, 0
400001, 90828, 0, 0, 0
400001, 39296, 1, 0, 0
401000, 89693, 0, 0, 0
401000, 37857, 1, 0, 0
402000, 91180, 0, 0, 0
402000, 39344, 1, 0, 0
403000, 91016, 0, 0, 0
403000, 39320, 1, 0, 0
404000, 82416, 0, 0, 0
404000, 35704, 1, 0, 0
405000, 90692, 0, 0, 0
405000, 38672, 1, 0, 0
406000, 91032, 0, 0, 0
406000, 38592, 1, 0, 0
407001, 89408, 0, 0, 0
407001, 38912, 1, 0, 0
408000, 92028, 0, 0, 0
408000, 38982, 1, 0, 0
409000, 91220, 0, 0, 0
409000, 38100, 1, 0, 0
410000, 90336, 0, 0, 0
410000, 38596, 1, 0, 0
411000, 91788, 0, 0, 0
411000, 39028, 1, 0, 0
412000, 91100, 0, 0, 0
412000, 38884, 1, 0, 0
413001, 90744, 0, 0, 0
413001, 38660, 1, 0, 0
414001, 90764, 0, 0, 0
414001, 38792, 1, 0, 0
415000, 90722, 0, 0, 0
415000, 39515, 1, 0, 0
416000, 92100, 0, 0, 0
416000, 39772, 1, 0, 0
417000, 89280, 0, 0, 0
417000, 38440, 1, 0, 0
418000, 90816, 0, 0, 0
418000, 38732, 1, 0, 0
419000, 90172, 0, 0, 0
419000, 39040, 1, 0, 0
420001, 90928, 0, 0, 0
420001, 38596, 1, 0, 0
421000, 89649, 0, 0, 0
421000, 38638, 1, 0, 0
422000, 86500, 0, 0, 0
422000, 36824, 1, 0, 0
423000, 78816, 0, 0, 0
423000, 33604, 1, 0, 0
424000, 90400, 0, 0, 0
424000, 39300, 1, 0, 0
425000, 77748, 0, 0, 0
425000, 33844, 1, 0, 0
426000, 93348, 0, 0, 0
426000, 39572, 1, 0, 0
427001, 76740, 0, 0, 0
427001, 33384, 1, 0, 0
428000, 92264, 0, 0, 0
428000, 39443, 1, 0, 0
429000, 89828, 0, 0, 0
429000, 38116, 1, 0, 0
430000, 90272, 0, 0, 0
430000, 39368, 1, 0, 0
431000, 91896, 0, 0, 0
431000, 39104, 1, 0, 0
432000, 91288, 0, 0, 0
432000, 39196, 1, 0, 0
433000, 93292, 0, 0, 0
433000, 39176, 1, 0, 0
434000, 92128, 0, 0, 0
434000, 39343, 1, 0, 0
435000, 91116, 0, 0, 0
435000, 39200, 1, 0, 0
436000, 91100, 0, 0, 0
436000, 39292, 1, 0, 0
437000, 92912, 0, 0, 0
437000, 39764, 1, 0, 0
438000, 94556, 0, 0, 0
438000, 39428, 1, 0, 0
439000, 91724, 0, 0, 0
439000, 39604, 1, 0, 0
440001, 90140, 0, 0, 0
440001, 38340, 1, 0, 0
441000, 91195, 0, 0, 0
441000, 38902, 1, 0, 0
442000, 91672, 0, 0, 0
442000, 39308, 1, 0, 0
443000, 92456, 0, 0, 0
443000, 39708, 1, 0, 0
444000, 76164, 0, 0, 0
444000, 32964, 1, 0, 0
445000, 89724, 0, 0, 0
445000, 38492, 1, 0, 0
446000, 78848, 0, 0, 0
446000, 33964, 1, 0, 0
447000, 91052, 0, 0, 0
447000, 38852, 1, 0, 0
448001, 53972, 0, 0, 0
448001, 23280, 1, 0, 0
449000, 94238, 0, 0, 0
449000, 39767, 1, 0, 0
450000, 76844, 0, 0, 0
450000, 32440, 1, 0, 0
451000, 93344, 0, 0, 0
451000, 40384, 1, 0, 0
452000, 90364, 0, 0, 0
452000, 38768, 1, 0, 0
453000, 91168, 0, 0, 0
453000, 38488, 1, 0, 0
454001, 89968, 0, 0, 0
454001, 39148, 1, 0, 0
455000, 91943, 0, 0, 0
455000, 38674, 1, 0, 0
456000, 91216, 0, 0, 0
456000, 38924, 1, 0, 0
457000, 86852, 0, 0, 0
457000, 37144, 1, 0, 0
458000, 99320, 0, 0, 0
458000, 42108, 1, 0, 0
459000, 91436, 0, 0, 0
459000, 39936, 1, 0, 0
460001, 45368, 0, 0, 0
460001, 19932, 1, 0, 0
461000, 21309, 0, 0, 0
461000, 9165, 1, 0, 0
462000, 89116, 0, 0, 0
462000, 38040, 1, 0, 0
463000, 89680, 0, 0, 0
463000, 39100, 1, 0, 0
464000, 87660, 0, 0, 0
464000, 37860, 1, 0, 0
465000, 90596, 0, 0, 0
465000, 38652, 1, 0, 0
466000, 90994, 0, 0, 0
466000, 38750, 1, 0, 0
467000, 89288, 0, 0, 0
467000, 38248, 1, 0, 0
468000, 90484, 0, 0, 0
468000, 38228, 1, 0, 0
469000, 90984, 0, 0, 0
469000, 38616, 1, 0, 0
470001, 90408, 0, 0, 0
470001, 39364, 1, 0, 0
471000, 91215, 0, 0, 0
471000, 39099, 1, 0, 0
472000, 91636, 0, 0, 0
472000, 39464, 1, 0, 0
473000, 91068, 0, 0, 0
473000, 38508, 1, 0, 0
474000, 92352, 0, 0, 0
474000, 39648, 1, 0, 0
475000, 90288, 0, 0, 0
475000, 38760, 1, 0, 0
476000, 89745, 0, 0, 0
476000, 39391, 1, 0, 0
477000, 90952, 0, 0, 0
477000, 39220, 1, 0, 0
478000, 87136, 0, 0, 0
478000, 37212, 1, 0, 0
479000, 87064, 0, 0, 0
479000, 36248, 1, 0, 0
480000, 87792, 0, 0, 0
480000, 38392, 1, 0, 0
481000, 90052, 0, 0, 0
481000, 38040, 1, 0, 0
482001, 87716, 0, 0, 0
482001, 38244, 1, 0, 0
483001, 90076, 0, 0, 0
483001, 39404, 1, 0, 0
484000, 90554, 0, 0, 0
484000, 39479, 1, 0, 0
485000, 88564, 0, 0, 0
485000, 38528, 1, 0, 0
486000, 91820, 0, 0, 0
486000, 39360, 1, 0, 0
487000, 90604, 0, 0, 0
487000, 37600, 1, 0, 0
488000, 101273, 0, 0, 0
488000, 43359, 1, 0, 0
489000, 91567, 0, 0, 0
489000, 38574, 1, 0, 0
490000, 89240, 0, 0, 0
490000, 37340, 1, 0, 0
491000, 90364, 0, 0, 0
491000, 39500, 1, 0, 0
492000, 99007, 0, 0, 0
492000, 43307, 1, 0, 0
493000, 90828, 0, 0, 0
493000, 38704, 1, 0, 0
494000, 90276, 0, 0, 0
494000, 39372, 1, 0, 0
495000, 90112, 0, 0, 0
495000, 38516, 1, 0, 0
496000, 98192, 0, 0, 0
496000, 42832, 1, 0, 0
497000, 91676, 0, 0, 0
497000, 38492, 1, 0, 0
498000, 90880, 0, 0, 0
498000, 39468, 1, 0, 0
499000, 89888, 0, 0, 0
499000, 38452, 1, 0, 0
500000, 101521, 0, 0, 0
500000, 43815, 1, 0, 0
501000, 91136, 0, 0, 0
501000, 38996, 1, 0, 0
502000, 89312, 0, 0, 0
502000, 39180, 1, 0, 0
503000, 90576, 0, 0, 0
503000, 39128, 1, 0, 0
504000, 109324, 0, 0, 0
504000, 45376, 1, 0, 0
505000, 91752, 0, 0, 0
505000, 39048, 1, 0, 0
506001, 91316, 0, 0, 0
506001, 39328, 1, 0, 0
507000, 90270, 0, 0, 0
507000, 38470, 1, 0, 0
508000, 89760, 0, 0, 0
508000, 39024, 1, 0, 0
509000, 93696, 0, 0, 0
509000, 40420, 1, 0, 0
510000, 92660, 0, 0, 0
510000, 39728, 1, 0, 0
511000, 91128, 0, 0, 0
511000, 39284, 1, 0, 0
512000, 90848, 0, 0, 0
512000, 38940, 1, 0, 0
513001, 89636, 0, 0, 0
513001, 38728, 1, 0, 0
514000, 88932, 0, 0, 0
514000, 37913, 1, 0, 0
515000, 89868, 0, 0, 0
515000, 38540, 1, 0, 0
516000, 90660, 0, 0, 0
516000, 38772, 1, 0, 0
517000, 90200, 0, 0, 0
517000, 38104, 1, 0, 0
518000, 89364, 0, 0, 0
518000, 38600, 1, 0, 0
519000, 88240, 0, 0, 0
519000, 37900, 1, 0, 0
520000, 89269, 0, 0, 0
520000, 38454, 1, 0, 0
521000, 91016, 0, 0, 0
521000, 38740, 1, 0, 0
522000, 89144, 0, 0, 0
522000, 38128, 1, 0, 0
523000, 90072, 0, 0, 0
523000, 38748, 1, 0, 0
524001, 89352, 0, 0, 0
524001, 38268, 1, 0, 0
525001, 87820, 0, 0, 0
525001, 37192, 1, 0, 0
526000, 89129, 0, 0, 0
526000, 38594, 1, 0, 0
527000, 90044, 0, 0, 0
527000, 38672, 1, 0, 0
528000, 91112, 0, 0, 0
528000, 38396, 1, 0, 0
529000, 89496, 0, 0, 0
529000, 38120, 1, 0, 0
530001, 88780, 0, 0, 0
530001, 38172, 1, 0, 0
531001, 89036, 0, 0, 0
531001, 38212, 1, 0, 0
532000, 88904, 0, 0, 0
532000, 37949, 1, 0, 0
533000, 90368, 0, 0, 0
533000, 38708, 1, 0, 0
534000, 88308, 0, 0, 0
534000, 37636, 1, 0, 0
535000, 91580, 0, 0, 0
535000, 40024, 1, 0, 0
536000, 90420, 0, 0, 0
536000, 39100, 1, 0, 0
537001, 91840, 0, 0, 0
537001, 39528, 1, 0, 0
538000, 91431, 0, 0, 0
538000, 39631, 1, 0, 0
539000, 92348, 0, 0, 0
539000, 40036, 1, 0, 0
540000, 91180, 0, 0, 0
540000, 40468, 1, 0, 0
541000, 91276, 0, 0, 0
541000, 39448, 1, 0, 0
542001, 92276, 0, 0, 0
542001, 39896, 1, 0, 0
543000, 92804, 0, 0, 0
543000, 39175, 1, 0, 0
544000, 89440, 0, 0, 0
544000, 38268, 1, 0, 0
545000, 91820, 0, 0, 0
545000, 40180, 1, 0, 0
546000, 90076, 0, 0, 0
546000, 38940, 1, 0, 0
547000, 91244, 0, 0, 0
547000, 39604, 1, 0, 0
548001, 90380, 0, 0, 0
548001, 38528, 1, 0, 0
549000, 91403, 0, 0, 0
549000, 39183, 1, 0, 0
550000, 89952, 0, 0, 0
550000, 38592, 1, 0, 0
551000, 92188, 0, 0, 0
551000, 39272, 1, 0, 0
552000, 90744, 0, 0, 0
552000, 39212, 1, 0, 0
553000, 91032, 0, 0, 0
553000, 39796, 1, 0, 0
554001, 92104, 0, 0, 0
554001, 39476, 1, 0, 0
555000, 92060, 0, 0, 0
555000, 38522, 1, 0, 0
556000, 91668, 0, 0, 0
556000, 39480, 1, 0, 0
557000, 91092, 0, 0, 0
557000, 38944, 1, 0, 0
558000, 90100, 0, 0, 0
558000, 37980, 1, 0, 0
559000, 54248, 0, 0, 0
559000, 23060, 1, 0, 0
560000, 48848, 0, 0, 0
560000, 21068, 1, 0, 0
561001, 87660, 0, 0, 0
561001, 37292, 1, 0, 0
562000, 90070, 0, 0, 0
562000, 37885, 1, 0, 0
563000, 92064, 0, 0, 0
563000, 39412, 1, 0, 0
564000, 91180, 0, 0, 0
564000, 38744, 1, 0, 0
565000, 88252, 0, 0, 0
565000, 38324, 1, 0, 0
566001, 91352, 0, 0, 0
566001, 38712, 1, 0, 0
567000, 89261, 0, 0, 0
567000, 38174, 1, 0, 0
568000, 90052, 0, 0, 0
568000, 38312, 1, 0, 0
569000, 89256, 0, 0, 0
569000, 38348, 1, 0, 0
570000, 89624, 0, 0, 0
570000, 38748, 1, 0, 0
571001, 89512, 0, 0, 0
571001, 38952, 1, 0, 0
572000, 89985, 0, 0, 0
572000, 38358, 1, 0, 0
573000, 90220, 0, 0, 0
573000, 39208, 1, 0, 0
574000, 89752, 0, 0, 0
574000, 38128, 1, 0, 0
575000, 88776, 0, 0, 0
575000, 38344, 1, 0, 0
576000, 90328, 0, 0, 0
576000, 38384, 1, 0, 0
577001, 97940, 0, 0, 0
577001, 41844, 1, 0, 0
578001, 93012, 0, 0, 0
578001, 39464, 1, 0, 0
579000, 89257, 0, 0, 0
579000, 38334, 1, 0, 0
580000, 89644, 0, 0, 0
580000, 39676, 1, 0, 0
581000, 90164, 0, 0, 0
581000, 38836, 1, 0, 0
582000, 88620, 0, 0, 0
582000, 38052, 1, 0, 0
583001, 91948, 0, 0, 0
583001, 39536, 1, 0, 0
584000, 90498, 0, 0, 0
584000, 38098, 1, 0, 0
585000, 90048, 0, 0, 0
585000, 39292, 1, 0, 0
586000, 90784, 0, 0, 0
586000, 39304, 1, 0, 0
587000, 90140, 0, 0, 0
587000, 38852, 1, 0, 0
588000, 90968, 0, 0, 0
588000, 38992, 1, 0, 0
589001, 90144, 0, 0, 0
589001, 38892, 1, 0, 0
590000, 90370, 0, 0, 0
590000, 38742, 1, 0, 0
591000, 90464, 0, 0, 0
591000, 38064, 1, 0, 0
592000, 89744, 0, 0, 0
592000, 38388, 1, 0, 0
593000, 89944, 0, 0, 0
593000, 38700, 1, 0, 0
594000, 88116, 0, 0, 0
594000, 38692, 1, 0, 0
595001, 89508, 0, 0, 0
595001, 38516, 1, 0, 0
596000, 90722, 0, 0, 0
596000, 37989, 1, 0, 0
597000, 88016, 0, 0, 0
597000, 38364, 1, 0, 0
598000, 89532, 0, 0, 0
598000, 37564, 1, 0, 0
599000, 88456, 0, 0, 0
599000, 38168, 1, 0, 0
600000, 88348, 0, 0, 0
600000, 38004, 1, 0, 0
601001, 90504, 0, 0, 0
601001, 38620, 1, 0, 0
602001, 90224, 0, 0, 0
602001, 38332, 1, 0, 0
603000, 91255, 0, 0, 0
603000, 38782, 1, 0, 0
604000, 88700, 0, 0, 0
604000, 37868, 1, 0, 0
605000, 87028, 0, 0, 0
605000, 37228, 1, 0, 0
606000, 89588, 0, 0, 0
606000, 38652, 1, 0, 0
607001, 89592, 0, 0, 0
607001, 37944, 1, 0, 0
608000, 91151, 0, 0, 0
608000, 40064, 1, 0, 0
609000, 99556, 0, 0, 0
609000, 42940, 1, 0, 0
610000, 89304, 0, 0, 0
610000, 39284, 1, 0, 0
611000, 91176, 0, 0, 0
611000, 39428, 1, 0, 0
612000, 89560, 0, 0, 0
612000, 38716, 1, 0, 0
613001, 91820, 0, 0, 0
613001, 38580, 1, 0, 0
614000, 88876, 0, 0, 0
614000, 38618, 1, 0, 0
615000, 89852, 0, 0, 0
615000, 37876, 1, 0, 0
616000, 89480, 0, 0, 0
616000, 38440, 1, 0, 0
617000, 88588, 0, 0, 0
617000, 38080, 1, 0, 0
618001, 91192, 0, 0, 0
618001, 38968, 1, 0, 0
619000, 91207, 0, 0, 0
619000, 39191, 1, 0, 0
620000, 90156, 0, 0, 0
620000, 38644, 1, 0, 0
621000, 90920, 0, 0, 0
621000, 38732, 1, 0, 0
622000, 87916, 0, 0, 0
622000, 37976, 1, 0, 0
623000, 90492, 0, 0, 0
623000, 39376, 1, 0, 0
624000, 89792, 0, 0, 0
624000, 37760, 1, 0, 0
625001, 89604, 0, 0, 0
625001, 38156, 1, 0, 0
626000, 90578, 0, 0, 0
626000, 38946, 1, 0, 0
627000, 91040, 0, 0, 0
627000, 38292, 1, 0, 0
628000, 90904, 0, 0, 0
628000, 39672, 1, 0, 0
629000, 91040, 0, 0, 0
629000, 38048, 1, 0, 0
630000, 90524, 0, 0, 0
630000, 39196, 1, 0, 0
631000, 91640, 0, 0, 0
631000, 39952, 1, 0, 0
632000, 90432, 0, 0, 0
632000, 38920, 1, 0, 0
633000, 91431, 0, 0, 0
633000, 39099, 1, 0, 0
634000, 93356, 0, 0, 0
634000, 40632, 1, 0, 0
635000, 94716, 0, 0, 0
635000, 40888, 1, 0, 0
636000, 92444, 0, 0, 0
636000, 39432, 1, 0, 0
637001, 95480, 0, 0, 0
637001, 40992, 1, 0, 0
638000, 90878, 0, 0, 0
638000, 39411, 1, 0, 0
639000, 81240, 0, 0, 0
639000, 34112, 1, 0, 0
640000, 10552, 0, 0, 0
640000, 4268, 1, 0, 0
641000, 73168, 0, 0, 0
641000, 31124, 1, 0, 0
642000, 90196, 0, 0, 0
642000, 39040, 1, 0, 0
643001, 92336, 0, 0, 0
643001, 39912, 1, 0, 0
644000, 91543, 0, 0, 0
644000, 39151, 1, 0, 0
645000, 90300, 0, 0, 0
645000, 38540, 1, 0, 0
646000, 91368, 0, 0, 0
646000, 38884, 1, 0, 0
647000, 92064, 0, 0, 0
647000, 38928, 1, 0, 0
648001, 91728, 0, 0, 0
648001, 39156, 1, 0, 0
649001, 90564, 0, 0, 0
649001, 39268, 1, 0, 0
650000, 92168, 0, 0, 0
650000, 39719, 1, 0, 0
651000, 90232, 0, 0, 0
651000, 39516, 1, 0, 0
652000, 88368, 0, 0, 0
652000, 37912, 1, 0, 0
653000, 89216, 0, 0, 0
653000, 38108, 1, 0, 0
654001, 56972, 0, 0, 0
654001, 23652, 1, 0, 0
655000, 18578, 0, 0, 0
655000, 8316, 1, 0, 0
656000, 92020, 0, 0, 0
656000, 39660, 1, 0, 0
657000, 90328, 0, 0, 0
657000, 37988, 1, 0, 0
658000, 90560, 0, 0, 0
658000, 39168, 1, 0, 0
659000, 87564, 0, 0, 0
659000, 37916, 1, 0, 0
660000, 85460, 0, 0, 0
660000, 36592, 1, 0, 0
661000, 88112, 0, 0, 0
661000, 37537, 1, 0, 0
662000, 87968, 0, 0, 0
662000, 38232, 1, 0, 0
663000, 88908, 0, 0, 0
663000, 37836, 1, 0, 0
664000, 88380, 0, 0, 0
664000, 37592, 1, 0, 0
665000, 87152, 0, 0, 0
665000, 38128, 1, 0, 0
666000, 88564, 0, 0, 0
666000, 38540, 1, 0, 0
667000, 88660, 0, 0, 0
667000, 38500, 1, 0, 0
668001, 88256, 0, 0, 0
668001, 39080, 1, 0, 0
669000, 88652, 0, 0, 0
669000, 38042, 1, 0, 0
670000, 89164, 0, 0, 0
670000, 38404, 1, 0, 0
671000, 96488, 0, 0, 0
671000, 42064, 1, 0, 0
672000, 90044, 0, 0, 0
672000, 38148, 1, 0, 0
673000, 90652, 0, 0, 0
673000, 38692, 1, 0, 0
674000, 89936, 0, 0, 0
674000, 37072, 1, 0, 0
675000, 89113, 0, 0, 0
675000, 37957, 1, 0, 0
676000, 89048, 0, 0, 0
676000, 37992, 1, 0, 0
677000, 90880, 0, 0, 0
677000, 39260, 1, 0, 0
678000, 96860, 0, 0, 0
678000, 42012, 1, 0, 0
679000, 89256, 0, 0, 0
679000, 37752, 1, 0, 0
680000, 88740, 0, 0, 0
680000, 37552, 1, 0, 0
681001, 34760, 0, 0, 0
681001, 14340, 1, 0, 0
682000, 24076, 0, 0, 0
682000, 10118, 1, 0, 0
683000, 58712, 0, 0, 0
683000, 25328, 1, 0, 0
684000, 86004, 0, 0, 0
684000, 37556, 1, 0, 0
685000, 85724, 0, 0, 0
685000, 37964, 1, 0, 0
686000, 89364, 0, 0, 0
686000, 37544, 1, 0, 0
687000, 85416, 0, 0, 0
687000, 37200, 1, 0, 0
688001, 89024, 0, 0, 0
688001, 38204, 1, 0, 0
689000, 86594, 0, 0, 0
689000, 37917, 1, 0, 0
690000, 87984, 0, 0, 0
690000, 38220, 1, 0, 0
691000, 90496, 0, 0, 0
691000, 38912, 1, 0, 0
692000, 87620, 0, 0, 0
692000, 37696, 1, 0, 0
693000, 88200, 0, 0, 0
693000, 37200, 1, 0, 0
694000, 88820, 0, 0, 0
694000, 37912, 1, 0, 0
695000, 89417, 0, 0, 0
695000, 39035, 1, 0, 0
696000, 96700, 0, 0, 0
696000, 40848, 1, 0, 0
697000, 88176, 0, 0, 0
697000, 38060, 1, 0, 0
698000, 88480, 0, 0, 0
698000, 37528, 1, 0, 0
699000, 89252, 0, 0, 0
699000, 37932, 1, 0, 0
700001, 89384, 0, 0, 0
700001, 38252, 1, 0, 0
701001, 89140, 0, 0, 0
701001, 38824, 1, 0, 0
702000, 88564, 0, 0, 0
702000, 38734, 1, 0, 0
703000, 90128, 0, 0, 0
703000, 38336, 1, 0, 0
704000, 90240, 0, 0, 0
704000, 38956, 1, 0, 0
705000, 88560, 0, 0, 0
705000, 38928, 1, 0, 0
706000, 90056, 0, 0, 0
706000, 37828, 1, 0, 0
707000, 89237, 0, 0, 0
707000, 37829, 1, 0, 0
708000, 89048, 0, 0, 0
708000, 38744, 1, 0, 0
709000, 86796, 0, 0, 0
709000, 36464, 1, 0, 0
710000, 91736, 0, 0, 0
710000, 38244, 1, 0, 0
711000, 87936, 0, 0, 0
711000, 37616, 1, 0, 0
712001, 85968, 0, 0, 0
712001, 36932, 1, 0, 0
713001, 90044, 0, 0, 0
713001, 38740, 1, 0, 0
714000, 88708, 0, 0, 0
714000, 38334, 1, 0, 0
715000, 90932, 0, 0, 0
715000, 38160, 1, 0, 0
716000, 90232, 0, 0, 0
716000, 38868, 1, 0, 0
717000, 90412, 0, 0, 0
717000, 38820, 1, 0, 0
718000, 91076, 0, 0, 0
718000, 39120, 1, 0, 0
719001, 96972, 0, 0, 0
719001, 40908, 1, 0, 0
720000, 90430, 0, 0, 0
720000, 38034, 1, 0, 0
721000, 90720, 0, 0, 0
721000, 38704, 1, 0, 0
722000, 89656, 0, 0, 0
722000, 38440, 1, 0, 0
723000, 90688, 0, 0, 0
723000, 39060, 1, 0, 0
724000, 88764, 0, 0, 0
724000, 38090, 1, 0, 0
725000, 88872, 0, 0, 0
725000, 38756, 1, 0, 0
726000, 90072, 0, 0, 0
726000, 38728, 1, 0, 0
727000, 90444, 0, 0, 0
727000, 39132, 1, 0, 0
728000, 90616, 0, 0, 0
728000, 38548, 1, 0, 0
729000, 86964, 0, 0, 0
729000, 37488, 1, 0, 0
730001, 87560, 0, 0, 0
730001, 37500, 1, 0, 0
731001, 86740, 0, 0, 0
731001, 36516, 1, 0, 0
732000, 88740, 0, 0, 0
732000, 37541, 1, 0, 0
733000, 91432, 0, 0, 0
733000, 38744, 1, 0, 0
734000, 89040, 0, 0, 0
734000, 38068, 1, 0, 0
735000, 88620, 0, 0, 0
735000, 37772, 1, 0, 0
736000, 86408, 0, 0, 0
736000, 37308, 1, 0, 0
737001, 88540, 0, 0, 0
737001, 38260, 1, 0, 0
738000, 88592, 0, 0, 0
738000, 36620, 1, 0, 0
739000, 86400, 0, 0, 0
739000, 37092, 1, 0, 0
740000, 85600, 0, 0, 0
740000, 36324, 1, 0, 0
741000, 90156, 0, 0, 0
741000, 38804, 1, 0, 0
742000, 88688, 0, 0, 0
742000, 38148, 1, 0, 0
743001, 102736, 0, 0, 0
743001, 43560, 1, 0, 0
744001, 96324, 0, 0, 0
744001, 41348, 1, 0, 0
745000, 91223, 0, 0, 0
745000, 39971, 1, 0, 0
746000, 90768, 0, 0, 0
746000, 38004, 1, 0, 0
747000, 88544, 0, 0, 0
747000, 38336, 1, 0, 0
748000, 88600, 0, 0, 0
748000, 37164, 1, 0, 0
749000, 88544, 0, 0, 0
749000, 37884, 1, 0, 0
750001, 86168, 0, 0, 0
750001, 37096, 1, 0, 0
751000, 88796, 0, 0, 0
751000, 38454, 1, 0, 0
752000, 87384, 0, 0, 0
752000, 37908, 1, 0, 0
753000, 88264, 0, 0, 0
753000, 37944, 1, 0, 0
754000, 87160, 0, 0, 0
754000, 37196, 1, 0, 0
755000, 86844, 0, 0, 0
755000, 36872, 1, 0, 0
756001, 89372, 0, 0, 0
756001, 37808, 1, 0, 0
757000, 86102, 0, 0, 0
757000, 37093, 1, 0, 0
758000, 73452, 0, 0, 0
758000, 31992, 1, 0, 0
759000, 85648, 0, 0, 0
759000, 36888, 1, 0, 0
760000, 68084, 0, 0, 0
760000, 29200, 1, 0, 0
761001, 85720, 0, 0, 0
761001, 36880, 1, 0, 0
762001, 87924, 0, 0, 0
762001, 37124, 1, 0, 0
763000, 88324, 0, 0, 0
763000, 37889, 1, 0, 0
764000, 88420, 0, 0, 0
764000, 38016, 1, 0, 0
765000, 87608, 0, 0, 0
765000, 37700, 1, 0, 0
766000, 86524, 0, 0, 0
766000, 37424, 1, 0, 0
767000, 96884, 0, 0, 0
767000, 41780, 1, 0, 0
768001, 88524, 0, 0, 0
768001, 37488, 1, 0, 0
769000, 87075, 0, 0, 0
769000, 37105, 1, 0, 0
770000, 89092, 0, 0, 0
770000, 38040, 1, 0, 0
771000, 91060, 0, 0, 0
771000, 39064, 1, 0, 0
772000, 87816, 0, 0, 0
772000, 37304, 1, 0, 0
773000, 87764, 0, 0, 0
773000, 37220, 1, 0, 0
774000, 86644, 0, 0, 0
774000, 37508, 1, 0, 0
775001, 84640, 0, 0, 0
775001, 36040, 1, 0, 0
776000, 74530, 0, 0, 0
776000, 31807, 1, 0, 0
777000, 91940, 0, 0, 0
777000, 39088, 1, 0, 0
778000, 75120, 0, 0, 0
778000, 32396, 1, 0, 0
779000, 75680, 0, 0, 0
779000, 31964, 1, 0, 0
780000, 89016, 0, 0, 0
780000, 37724, 1, 0, 0
781001, 76644, 0, 0, 0
781001, 32632, 1, 0, 0
782000, 77233, 0, 0, 0
782000, 32688, 1, 0, 0
783000, 87180, 0, 0, 0
783000, 37428, 1, 0, 0
784000, 81668, 0, 0, 0
784000, 34628, 1, 0, 0
785000, 87252, 0, 0, 0
785000, 37204, 1, 0, 0
786000, 87548, 0, 0, 0
786000, 37104, 1, 0, 0
787000, 80224, 0, 0, 0
787000, 34840, 1, 0, 0
788000, 83456, 0, 0, 0
788000, 35308, 1, 0, 0
789001, 86440, 0, 0, 0
789001, 37224, 1, 0, 0
790000, 86486, 0, 0, 0
790000, 37049, 1, 0, 0
791000, 90984, 0, 0, 0
791000, 39292, 1, 0, 0
792000, 94448, 0, 0, 0
792000, 40984, 1, 0, 0
793000, 85408, 0, 0, 0
793000, 36236, 1, 0, 0
794000, 81112, 0, 0, 0
794000, 35532, 1, 0, 0
795000, 83728, 0, 0, 0
795000, 36084, 1, 0, 0
796001, 88900, 0, 0, 0
796001, 38216, 1, 0, 0
797000, 87499, 0, 0, 0
797000, 38342, 1, 0, 0
798000, 85352, 0, 0, 0
798000, 36288, 1, 0, 0
799000, 85236, 0, 0, 0
799000, 36096, 1, 0, 0
800000, 86652, 0, 0, 0
800000, 36680, 1, 0, 0
801000, 87508, 0, 0, 0
801000, 36832, 1, 0, 0
802000, 88236, 0, 0, 0
802000, 37544, 1, 0, 0
803000, 88104, 0, 0, 0
803000, 37692, 1, 0, 0
804000, 87044, 0, 0, 0
804000, 36004, 1, 0, 0
805001, 48336, 0, 0, 0
805001, 20216, 1, 0, 0
806000, 28372, 0, 0, 0
806000, 12776, 1, 0, 0
807000, 62628, 0, 0, 0
807000, 26764, 1, 0, 0
808000, 88316, 0, 0, 0
808000, 37668, 1, 0, 0
809000, 84828, 0, 0, 0
809000, 35776, 1, 0, 0
810000, 83568, 0, 0, 0
810000, 36380, 1, 0, 0
811000, 87012, 0, 0, 0
811000, 36352, 1, 0, 0
812000, 86550, 0, 0, 0
812000, 37265, 1, 0, 0
813000, 90428, 0, 0, 0
813000, 38692, 1, 0, 0
814000, 85752, 0, 0, 0
814000, 37116, 1, 0, 0
815000, 86160, 0, 0, 0
815000, 37044, 1, 0, 0
816001, 85644, 0, 0, 0
816001, 36488, 1, 0, 0
817000, 98022, 0, 0, 0
817000, 42442, 1, 0, 0
818000, 92356, 0, 0, 0
818000, 40476, 1, 0, 0
819000, 87616, 0, 0, 0
819000, 37792, 1, 0, 0
820000, 86848, 0, 0, 0
820000, 36960, 1, 0, 0
821000, 85836, 0, 0, 0
821000, 36660, 1, 0, 0
822001, 84720, 0, 0, 0
822001, 36684, 1, 0, 0
823000, 52156, 0, 0, 0
823000, 22002, 1, 0, 0
824000, 65392, 0, 0, 0
824000, 27868, 1, 0, 0
825000, 86468, 0, 0, 0
825000, 36968, 1, 0, 0
826000, 86312, 0, 0, 0
826000, 37052, 1, 0, 0
827000, 85408, 0, 0, 0
827000, 36296, 1, 0, 0
828000, 87412, 0, 0, 0
828000, 37516, 1, 0, 0
829001, 84816, 0, 0, 0
829001, 36364, 1, 0, 0
830000, 84932, 0, 0, 0
830000, 37301, 1, 0, 0
831000, 88396, 0, 0, 0
831000, 37004, 1, 0, 0
832000, 84740, 0, 0, 0
832000, 36680, 1, 0, 0
833000, 85552, 0, 0, 0
833000, 36572, 1, 0, 0
834000, 85288, 0, 0, 0
834000, 36700, 1, 0, 0
835000, 85820, 0, 0, 0
835000, 36340, 1, 0, 0
836001, 86948, 0, 0, 0
836001, 36936, 1, 0, 0
837000, 86970, 0, 0, 0
837000, 36200, 1, 0, 0
838000, 86112, 0, 0, 0
838000, 36656, 1, 0, 0
839000, 86816, 0, 0, 0
839000, 37912, 1, 0, 0
840000, 85800, 0, 0, 0
840000, 37028, 1, 0, 0
841001, 89796, 0, 0, 0
841001, 38160, 1, 0, 0
842000, 96576, 0, 0, 0
842000, 41993, 1, 0, 0
843000, 85232, 0, 0, 0
843000, 35740, 1, 0, 0
844000, 85324, 0, 0, 0
844000, 37360, 1, 0, 0
845000, 85616, 0, 0, 0
845000, 36252, 1, 0, 0
846000, 85696, 0, 0, 0
846000, 36396, 1, 0, 0
847000, 84232, 0, 0, 0
847000, 36124, 1, 0, 0
848001, 86976, 0, 0, 0
848001, 37092, 1, 0, 0
849001, 85568, 0, 0, 0
849001, 36096, 1, 0, 0
850000, 85677, 0, 0, 0
850000, 36380, 1, 0, 0
851000, 86992, 0, 0, 0
851000, 37888, 1, 0, 0
852000, 85484, 0, 0, 0
852000, 36916, 1, 0, 0
853000, 84660, 0, 0, 0
853000, 36332, 1, 0, 0
854000, 83944, 0, 0, 0
854000, 36476, 1, 0, 0
855000, 84288, 0, 0, 0
855000, 36296, 1, 0, 0
856000, 88672, 0, 0, 0
856000, 37333, 1, 0, 0
857000, 88660, 0, 0, 0
857000, 39396, 1, 0, 0
858000, 87088, 0, 0, 0
858000, 36904, 1, 0, 0
859000, 85748, 0, 0, 0
859000, 36252, 1, 0, 0
860000, 85484, 0, 0, 0
860000, 36888, 1, 0, 0
861000, 90292, 0, 0, 0
861000, 38852, 1, 0, 0
862001, 90620, 0, 0, 0
862001, 38720, 1, 0, 0
863000, 86398, 0, 0, 0
863000, 37717, 1, 0, 0
864000, 88340, 0, 0, 0
864000, 38136, 1, 0, 0
865000, 86452, 0, 0, 0
865000, 37132, 1, 0, 0
866000, 96056, 0, 0, 0
866000, 41848, 1, 0, 0
867000, 85552, 0, 0, 0
867000, 37244, 1, 0, 0
868000, 87472, 0, 0, 0
868000, 37848, 1, 0, 0
869001, 86392, 0, 0, 0
869001, 36896, 1, 0, 0
870000, 87567, 0, 0, 0
870000, 37513, 1, 0, 0
871000, 89276, 0, 0, 0
871000, 38080, 1, 0, 0
872000, 88584, 0, 0, 0
872000, 37928, 1, 0, 0
873000, 88112, 0, 0, 0
873000, 38044, 1, 0, 0
874001, 86696, 0, 0, 0
874001, 37800, 1, 0, 0
875001, 88264, 0, 0, 0
875001, 37320, 1, 0, 0
876000, 94034, 0, 0, 0
876000, 40376, 1, 0, 0
877000, 86072, 0, 0, 0
877000, 36712, 1, 0, 0
878000, 87156, 0, 0, 0
878000, 38320, 1, 0, 0
879000, 89372, 0, 0, 0
879000, 38172, 1, 0, 0
880000, 89276, 0, 0, 0
880000, 38176, 1, 0, 0
881000, 86270, 0, 0, 0
881000, 37081, 1, 0, 0
882000, 87000, 0, 0, 0
882000, 37784, 1, 0, 0
883000, 48096, 0, 0, 0
883000, 20292, 1, 0, 0
884000, 14456, 0, 0, 0
884000, 6192, 1, 0, 0
885001, 10272, 0, 0, 0
885001, 4544, 1, 0, 0
886001, 10484, 0, 0, 0
886001, 4360, 1, 0, 0
887000, 10682, 0, 0, 0
887000, 4436, 1, 0, 0
888000, 10372, 0, 0, 0
888000, 4532, 1, 0, 0
889000, 4524, 0, 0, 0
889000, 2048, 1, 0, 0
890000, 4636, 0, 0, 0
890000, 1916, 1, 0, 0
891000, 1700, 0, 0, 0
891000, 800, 1, 0, 0
892001, 1820, 0, 0, 0
892001, 808, 1, 0, 0
893001, 7736, 0, 0, 0
893001, 3048, 1, 0, 0
894000, 2818, 0, 0, 0
894000, 1205, 1, 0, 0
895000, 5828, 0, 0, 0
895000, 2608, 1, 0, 0
896000, 4340, 0, 0, 0
896000, 1844, 1, 0, 0
897000, 19368, 0, 0, 0
897000, 8264, 1, 0, 0
898000, 88572, 0, 0, 0
898000, 38892, 1, 0, 0
899001, 86892, 0, 0, 0
899001, 37296, 1, 0, 0
900000, 87683, 0, 0, 0
900000, 37709, 1, 0, 0
901000, 88556, 0, 0, 0
901000, 38072, 1, 0, 0
902000, 88988, 0, 0, 0
902000, 38436, 1, 0, 0
903000, 99476, 0, 0, 0
903000, 42716, 1, 0, 0
904000, 87056, 0, 0, 0
904000, 37788, 1, 0, 0
905001, 87084, 0, 0, 0
905001, 36784, 1, 0, 0
906000, 90538, 0, 0, 0
906000, 39059, 1, 0, 0
907000, 85660, 0, 0, 0
907000, 36516, 1, 0, 0
908000, 14408, 0, 0, 0
908000, 5920, 1, 0, 0
909000, 10540, 0, 0, 0
909000, 4276, 1, 0, 0
910000, 73784, 0, 0, 0
910000, 32156, 1, 0, 0
911000, 87220, 0, 0, 0
911000, 37596, 1, 0, 0
912001, 88196, 0, 0, 0
912001, 37404, 1, 0, 0
913000, 88064, 0, 0, 0
913000, 37593, 1, 0, 0
914000, 86400, 0, 0, 0
914000, 36568, 1, 0, 0
915000, 86876, 0, 0, 0
915000, 37604, 1, 0, 0
916000, 86956, 0, 0, 0
916000, 37148, 1, 0, 0
917000, 88324, 0, 0, 0
917000, 37652, 1, 0, 0
918000, 85245, 0, 0, 0
918000, 37233, 1, 0, 0
919000, 87904, 0, 0, 0
919000, 38060, 1, 0, 0
920000, 89832, 0, 0, 0
920000, 38344, 1, 0, 0
921000, 89932, 0, 0, 0
921000, 38392, 1, 0, 0
922000, 86104, 0, 0, 0
922000, 36016, 1, 0, 0
923001, 89008, 0, 0, 0
923001, 38044, 1, 0, 0
924000, 83255, 0, 0, 0
924000, 35727, 1, 0, 0
925000, 89344, 0, 0, 0
925000, 37808, 1, 0, 0
926000, 88172, 0, 0, 0
926000, 37284, 1, 0, 0
927000, 86360, 0, 0, 0
927000, 37412, 1, 0, 0
928000, 89092, 0, 0, 0
928000, 36952, 1, 0, 0
929000, 94920, 0, 0, 0
929000, 40852, 1, 0, 0
930001, 87364, 0, 0, 0
930001, 37448, 1, 0, 0
931001, 87472, 0, 0, 0
931001, 37780, 1, 0, 0
932000, 90394, 0, 0, 0
932000, 38378, 1, 0, 0
933000, 88060, 0, 0, 0
933000, 36960, 1, 0, 0
934000, 87980, 0, 0, 0
934000, 37340, 1, 0, 0
935000, 87608, 0, 0, 0
935000, 37832, 1, 0, 0
936000, 85952, 0, 0, 0
936000, 36664, 1, 0, 0
937001, 87708, 0, 0, 0
937001, 37788, 1, 0, 0
938000, 87179, 0, 0, 0
938000, 37445, 1, 0, 0
939000, 87248, 0, 0, 0
939000, 36904, 1, 0, 0
940000, 87708, 0, 0, 0
940000, 37436, 1, 0, 0
941000, 86472, 0, 0, 0
941000, 38412, 1, 0, 0
942000, 86252, 0, 0, 0
942000, 37884, 1, 0, 0
943001, 88420, 0, 0, 0
943001, 37616, 1, 0, 0
944001, 85968, 0, 0, 0
944001, 36272, 1, 0, 0
945000, 87487, 0, 0, 0
945000, 37829, 1, 0, 0
946000, 87012, 0, 0, 0
946000, 37540, 1, 0, 0
947000, 74540, 0, 0, 0
947000, 32500, 1, 0, 0
948000, 38464, 0, 0, 0
948000, 17044, 1, 0, 0
949000, 87156, 0, 0, 0
949000, 37040, 1, 0, 0
950000, 87408, 0, 0, 0
950000, 37340, 1, 0, 0
951000, 87811, 0, 0, 0
951000, 37369, 1, 0, 0
952000, 87596, 0, 0, 0
952000, 37316, 1, 0, 0
953000, 97136, 0, 0, 0
953000, 41076, 1, 0, 0
954000, 88064, 0, 0, 0
954000, 38044, 1, 0, 0
955000, 85292, 0, 0, 0
955000, 37080, 1, 0, 0
956000, 85964, 0, 0, 0
956000, 37508, 1, 0, 0
957001, 88116, 0, 0, 0
957001, 38160, 1, 0, 0
958000, 88920, 0, 0, 0
958000, 37565, 1, 0, 0
959000, 86416, 0, 0, 0
959000, 37888, 1, 0, 0
960000, 87212, 0, 0, 0
960000, 37000, 1, 0, 0
961000, 85512, 0, 0, 0
961000, 37616, 1, 0, 0
962000, 87300, 0, 0, 0
962000, 36716, 1, 0, 0
963001, 89012, 0, 0, 0
963001, 38336, 1, 0, 0
964000, 86646, 0, 0, 0
964000, 37653, 1, 0, 0
965000, 87920, 0, 0, 0
965000, 37056, 1, 0, 0
966000, 86028, 0, 0, 0
966000, 37288, 1, 0, 0
967000, 86312, 0, 0, 0
967000, 37280, 1, 0, 0
968000, 85416, 0, 0, 0
968000, 36924, 1, 0, 0
969001, 87672, 0, 0, 0
969001, 37896, 1, 0, 0
970000, 85045, 0, 0, 0
970000, 36020, 1, 0, 0
971000, 87396, 0, 0, 0
971000, 36572, 1, 0, 0
972000, 88588, 0, 0, 0
972000, 37956, 1, 0, 0
973000, 86300, 0, 0, 0
973000, 36676, 1, 0, 0
974001, 84568, 0, 0, 0
974001, 35756, 1, 0, 0
975000, 87191, 0, 0, 0
975000, 36676, 1, 0, 0
976000, 89116, 0, 0, 0
976000, 38228, 1, 0, 0
977000, 94652, 0, 0, 0
977000, 40792, 1, 0, 0
978000, 87332, 0, 0, 0
978000, 37196, 1, 0, 0
979000, 87180, 0, 0, 0
979000, 37648, 1, 0, 0
980001, 88044, 0, 0, 0
980001, 38236, 1, 0, 0
981000, 88736, 0, 0, 0
981000, 38590, 1, 0, 0
982000, 88556, 0, 0, 0
982000, 37460, 1, 0, 0
983000, 88136, 0, 0, 0
983000, 36804, 1, 0, 0
984000, 86740, 0, 0, 0
984000, 36824, 1, 0, 0
985001, 87732, 0, 0, 0
985001, 38192, 1, 0, 0
986000, 88316, 0, 0, 0
986000, 37361, 1, 0, 0
987000, 87916, 0, 0, 0
987000, 38008, 1, 0, 0
988000, 87904, 0, 0, 0
988000, 38428, 1, 0, 0
989000, 86912, 0, 0, 0
989000, 37320, 1, 0, 0
990000, 86316, 0, 0, 0
990000, 37364, 1, 0, 0
991000, 89760, 0, 0, 0
991000, 38112, 1, 0, 0
992001, 87968, 0, 0, 0
992001, 37472, 1, 0, 0
993000, 87415, 0, 0, 0
993000, 37041, 1, 0, 0
994000, 87844, 0, 0, 0
994000, 36032, 1, 0, 0
995000, 86312, 0, 0, 0
995000, 36776, 1, 0, 0
996000, 88304, 0, 0, 0
996000, 37400, 1, 0, 0
997000, 88484, 0, 0, 0
997000, 37632, 1, 0, 0
998001, 89832, 0, 0, 0
998001, 38028, 1, 0, 0
999000, 89525, 0, 0, 0
999000, 38198, 1, 0, 0
1000000, 86284, 0, 0, 0
1000000, 35348, 1, 0, 0
1001000, 92752, 0, 0, 0
1001000, 39668, 1, 0, 0
1002000, 87660, 0, 0, 0
1002000, 37504, 1, 0, 0
1003001, 89992, 0, 0, 0
1003001, 38944, 1, 0, 0
1004000, 90170, 0, 0, 0
1004000, 38374, 1, 0, 0
1005000, 87796, 0, 0, 0
1005000, 37828, 1, 0, 0
1006000, 85948, 0, 0, 0
1006000, 36872, 1, 0, 0
1007000, 87196, 0, 0, 0
1007000, 37600, 1, 0, 0
1008001, 90428, 0, 0, 0
1008001, 38532, 1, 0, 0
1009000, 86814, 0, 0, 0
1009000, 37557, 1, 0, 0
1010000, 88304, 0, 0, 0
1010000, 37596, 1, 0, 0
1011000, 90620, 0, 0, 0
1011000, 38128, 1, 0, 0
1012000, 88272, 0, 0, 0
1012000, 38232, 1, 0, 0
1013001, 89224, 0, 0, 0
1013001, 38228, 1, 0, 0
1014000, 87375, 0, 0, 0
1014000, 37169, 1, 0, 0
1015000, 88780, 0, 0, 0
1015000, 37628, 1, 0, 0
1016000, 89588, 0, 0, 0
1016000, 37812, 1, 0, 0
1017000, 87984, 0, 0, 0
1017000, 37640, 1, 0, 0
1018000, 89460, 0, 0, 0
1018000, 38100, 1, 0, 0
1019001, 88648, 0, 0, 0
1019001, 37800, 1, 0, 0
1020000, 88840, 0, 0, 0
1020000, 37193, 1, 0, 0
1021000, 88232, 0, 0, 0
1021000, 37200, 1, 0, 0
1022000, 87848, 0, 0, 0
1022000, 37448, 1, 0, 0
1023000, 90968, 0, 0, 0
1023000, 39364, 1, 0, 0
1024000, 88292, 0, 0, 0
1024000, 38236, 1, 0, 0
1025001, 93532, 0, 0, 0
1025001, 40804, 1, 0, 0
1026000, 89973, 0, 0, 0
1026000, 37413, 1, 0, 0
1027000, 87164, 0, 0, 0
1027000, 38312, 1, 0, 0
1028000, 91744, 0, 0, 0
1028000, 40228, 1, 0, 0
1029000, 86840, 0, 0, 0
1029000, 37296, 1, 0, 0
1030000, 90196, 0, 0, 0
1030000, 38472, 1, 0, 0
1031000, 87308, 0, 0, 0
1031000, 37488, 1, 0, 0
1032001, 90720, 0, 0, 0
1032001, 39076, 1, 0, 0
1033000, 93697, 0, 0, 0
1033000, 40296, 1, 0, 0
1034000, 91168, 0, 0, 0
1034000, 39244, 1, 0, 0
1035000, 92128, 0, 0, 0
1035000, 40092, 1, 0, 0
1036000, 91488, 0, 0, 0
1036000, 38500, 1, 0, 0
1037000, 88428, 0, 0, 0
1037000, 37724, 1, 0, 0
1038000, 88544, 0, 0, 0
1038000, 38288, 1, 0, 0
1039001, 88524, 0, 0, 0
1039001, 38604, 1, 0, 0
1040000, 88912, 0, 0, 0
1040000, 38702, 1, 0, 0
1041000, 89024, 0, 0, 0
1041000, 37416, 1, 0, 0
1042000, 88540, 0, 0, 0
1042000, 38784, 1, 0, 0
1043000, 90640, 0, 0, 0
1043000, 39764, 1, 0, 0
1044000, 87320, 0, 0, 0
1044000, 37724, 1, 0, 0
1045000, 90116, 0, 0, 0
1045000, 37508, 1, 0, 0
1046001, 90252, 0, 0, 0
1046001, 39840, 1, 0, 0
1047000, 89613, 0, 0, 0
1047000, 38862, 1, 0, 0
1048000, 99304, 0, 0, 0
1048000, 42176, 1, 0, 0
1049000, 89728, 0, 0, 0
1049000, 38992, 1, 0, 0
1050000, 106668, 0, 0, 0
1050000, 45728, 1, 0, 0
1051000, 107536, 0, 0, 0
1051000, 46140, 1, 0, 0
1052000, 98738, 0, 0, 0
1052000, 42402, 1, 0, 0
1053000, 96524, 0, 0, 0
1053000, 40612, 1, 0, 0
1054000, 92516, 0, 0, 0
1054000, 40188, 1, 0, 0
1055000, 91200, 0, 0, 0
1055000, 39200, 1, 0, 0
1056000, 90292, 0, 0, 0
1056000, 38764, 1, 0, 0
1057001, 89496, 0, 0, 0
1057001, 38896, 1, 0, 0
1058000, 88712, 0, 0, 0
1058000, 37729, 1, 0, 0
1059000, 86596, 0, 0, 0
1059000, 36900, 1, 0, 0
1060000, 87880, 0, 0, 0
1060000, 37520, 1, 0, 0
1061001, 88136, 0, 0, 0
1061001, 38288, 1, 0, 0
1062000, 87403, 0, 0, 0
1062000, 38482, 1, 0, 0
1063000, 89464, 0, 0, 0
1063000, 37876, 1, 0, 0
1064000, 87744, 0, 0, 0
1064000, 37224, 1, 0, 0
1065000, 87640, 0, 0, 0
1065000, 38032, 1, 0, 0
1066000, 88780, 0, 0, 0
1066000, 37480, 1, 0, 0
1067001, 86728, 0, 0, 0
1067001, 37012, 1, 0, 0
1068000, 90218, 0, 0, 0
1068000, 39007, 1, 0, 0
1069000, 90644, 0, 0, 0
1069000, 38448, 1, 0, 0
1070000, 91368, 0, 0, 0
1070000, 38752, 1, 0, 0
1071000, 96360, 0, 0, 0
1071000, 40408, 1, 0, 0
1072000, 89688, 0, 0, 0
1072000, 37580, 1, 0, 0
1073001, 90532, 0, 0, 0
1073001, 39140, 1, 0, 0
1074000, 91127, 0, 0, 0
1074000, 38542, 1, 0, 0
1075000, 83144, 0, 0, 0
1075000, 35520, 1, 0, 0
1076000, 81372, 0, 0, 0
1076000, 34492, 1, 0, 0
1077000, 80956, 0, 0, 0
1077000, 34888, 1, 0, 0
1078001, 87068, 0, 0, 0
1078001, 37524, 1, 0, 0
1079000, 81801, 0, 0, 0
1079000, 35303, 1, 0, 0
1080000, 85564, 0, 0, 0
1080000, 37468, 1, 0, 0
1081000, 89940, 0, 0, 0
1081000, 39360, 1, 0, 0
1082000, 89736, 0, 0, 0
1082000, 38672, 1, 0, 0
1083001, 90432, 0, 0, 0
1083001, 39448, 1, 0, 0
1084001, 89644, 0, 0, 0
1084001, 38080, 1, 0, 0
1085000, 88380, 0, 0, 0
1085000, 37513, 1, 0, 0
1086000, 89724, 0, 0, 0
1086000, 38936, 1, 0, 0
1087000, 88516, 0, 0, 0
1087000, 38016, 1, 0, 0
1088000, 88712, 0, 0, 0
1088000, 37436, 1, 0, 0
1089000, 90544, 0, 0, 0
1089000, 39092, 1, 0, 0
1090000, 90378, 0, 0, 0
1090000, 38394, 1, 0, 0
1091000, 91652, 0, 0, 0
1091000, 38584, 1, 0, 0
1092000, 90516, 0, 0, 0
1092000, 38892, 1, 0, 0
1093000, 88408, 0, 0, 0
1093000, 37816, 1, 0, 0
1094000, 89872, 0, 0, 0
1094000, 38908, 1, 0, 0
1095000, 96416, 0, 0, 0
1095000, 41504, 1, 0, 0
1096001, 91528, 0, 0, 0
1096001, 39316, 1, 0, 0
1097000, 89557, 0, 0, 0
1097000, 38242, 1, 0, 0
1098000, 89408, 0, 0, 0
1098000, 39228, 1, 0, 0
1099000, 90288, 0, 0, 0
1099000, 38628, 1, 0, 0
1100000, 89180, 0, 0, 0
1100000, 39132, 1, 0, 0
1101001, 90392, 0, 0, 0
1101001, 37760, 1, 0, 0
1102000, 88252, 0, 0, 0
1102000, 38214, 1, 0, 0
1103000, 88244, 0, 0, 0
1103000, 37388, 1, 0, 0
1104000, 89680, 0, 0, 0
1104000, 38168, 1, 0, 0
1105000, 44368, 0, 0, 0
1105000, 18934, 1, 0, 0
1106000, 11740, 0, 0, 0
1106000, 4932, 1, 0, 0
1107000, 12684, 0, 0, 0
1107000, 5268, 1, 0, 0
1108001, 79804, 0, 0, 0
1108001, 34136, 1, 0, 0
1109000, 83099, 0, 0, 0
1109000, 35263, 1, 0, 0
1110000, 42072, 0, 0, 0
1110000, 17908, 1, 0, 0
1111000, 10640, 0, 0, 0
1111000, 4480, 1, 0, 0
1112000, 10400, 0, 0, 0
1112000, 4408, 1, 0, 0
1113000, 13604, 0, 0, 0
1113000, 6012, 1, 0, 0
1114001, 80736, 0, 0, 0
1114001, 33900, 1, 0, 0
1115000, 83279, 0, 0, 0
1115000, 35899, 1, 0, 0
1116000, 83860, 0, 0, 0
1116000, 36084, 1, 0, 0
1117000, 89640, 0, 0, 0
1117000, 38780, 1, 0, 0
1118000, 89176, 0, 0, 0
1118000, 38356, 1, 0, 0
1119001, 88568, 0, 0, 0
1119001, 38408, 1, 0, 0
1120000, 88352, 0, 0, 0
1120000, 37757, 1, 0, 0
1121000, 90516, 0, 0, 0
1121000, 38980, 1, 0, 0
1122000, 91576, 0, 0, 0
1122000, 38752, 1, 0, 0
1123000, 88668, 0, 0, 0
1123000, 37884, 1, 0, 0
1124001, 95912, 0, 0, 0
1124001, 41092, 1, 0, 0
1125000, 88828, 0, 0, 0
1125000, 37965, 1, 0, 0
1126000, 88328, 0, 0, 0
1126000, 38020, 1, 0, 0
1127000, 89040, 0, 0, 0
1127000, 38496, 1, 0, 0
1128000, 90660, 0, 0, 0
1128000, 38392, 1, 0, 0
1129001, 89340, 0, 0, 0
1129001, 37800, 1, 0, 0
1130000, 89321, 0, 0, 0
1130000, 38402, 1, 0, 0
1131000, 88616, 0, 0, 0
1131000, 38000, 1, 0, 0
1132000, 88908, 0, 0, 0
1132000, 38200, 1, 0, 0
1133001, 88840, 0, 0, 0
1133001, 38616, 1, 0, 0
1134000, 89089, 0, 0, 0
1134000, 38070, 1, 0, 0
1135000, 88548, 0, 0, 0
1135000, 38276, 1, 0, 0
1136000, 90456, 0, 0, 0
1136000, 38952, 1, 0, 0
1137000, 90412, 0, 0, 0
1137000, 38968, 1, 0, 0
1138001, 91712, 0, 0, 0
1138001, 38616, 1, 0, 0
1139000, 90402, 0, 0, 0
1139000, 38774, 1, 0, 0
1140000, 88172, 0, 0, 0
1140000, 37524, 1, 0, 0
1141000, 91164, 0, 0, 0
1141000, 39480, 1, 0, 0
1142000, 89204, 0, 0, 0
1142000, 38364, 1, 0, 0
1143000, 81136, 0, 0, 0
1143000, 34172, 1, 0, 0
1144001, 85116, 0, 0, 0
1144001, 36368, 1, 0, 0
1145000, 79163, 0, 0, 0
1145000, 33593, 1, 0, 0
1146000, 80912, 0, 0, 0
1146000, 34316, 1, 0, 0
1147000, 86912, 0, 0, 0
1147000, 36940, 1, 0, 0
1148001, 91928, 0, 0, 0
1148001, 40068, 1, 0, 0
1149000, 85105, 0, 0, 0
1149000, 36912, 1, 0, 0
1150000, 80564, 0, 0, 0
1150000, 33644, 1, 0, 0
1151000, 83752, 0, 0, 0
1151000, 35608, 1, 0, 0
1152000, 83124, 0, 0, 0
1152000, 35460, 1, 0, 0
1153000, 82958, 0, 0, 0
1153000, 34782, 1, 0, 0
1154000, 81880, 0, 0, 0
1154000, 35268, 1, 0, 0
1155000, 82372, 0, 0, 0
1155000, 34720, 1, 0, 0
1156000, 85960, 0, 0, 0
1156000, 36512, 1, 0, 0
1157000, 87220, 0, 0, 0
1157000, 38016, 1, 0, 0
1158001, 88220, 0, 0, 0
1158001, 37768, 1, 0, 0
1159000, 83651, 0, 0, 0
1159000, 35739, 1, 0, 0
1160000, 83360, 0, 0, 0
1160000, 35572, 1, 0, 0
1161000, 85472, 0, 0, 0
1161000, 35948, 1, 0, 0
1162000, 82700, 0, 0, 0
1162000, 35636, 1, 0, 0
1163001, 82428, 0, 0, 0
1163001, 35580, 1, 0, 0
1164000, 80780, 0, 0, 0
1164000, 35519, 1, 0, 0
1165000, 81304, 0, 0, 0
1165000, 35252, 1, 0, 0
1166000, 82580, 0, 0, 0
1166000, 34776, 1, 0, 0
1167000, 82108, 0, 0, 0
1167000, 35000, 1, 0, 0
1168001, 83872, 0, 0, 0
1168001, 35876, 1, 0, 0
1169000, 80652, 0, 0, 0
1169000, 35235, 1, 0, 0
1170000, 82160, 0, 0, 0
1170000, 35268, 1, 0, 0
1171000, 84248, 0, 0, 0
1171000, 35644, 1, 0, 0
1172000, 92544, 0, 0, 0
1172000, 39656, 1, 0, 0
1173001, 93512, 0, 0, 0
1173001, 39740, 1, 0, 0
1174000, 91127, 0, 0, 0
1174000, 38650, 1, 0, 0
1175000, 38768, 0, 0, 0
1175000, 16588, 1, 0, 0
1176000, 90780, 0, 0, 0
1176000, 38268, 1, 0, 0
1177000, 89540, 0, 0, 0
1177000, 38488, 1, 0, 0
1178000, 88912, 0, 0, 0
1178000, 38712, 1, 0, 0
1179000, 85245, 0, 0, 0
1179000, 36812, 1, 0, 0
1180000, 84168, 0, 0, 0
1180000, 35548, 1, 0, 0
1181000, 87328, 0, 0, 0
1181000, 36904, 1, 0, 0
1182000, 89076, 0, 0, 0
1182000, 38280, 1, 0, 0
1183000, 88632, 0, 0, 0
1183000, 37224, 1, 0, 0
1184000, 89281, 0, 0, 0
1184000, 37337, 1, 0, 0
1185000, 89004, 0, 0, 0
1185000, 39160, 1, 0, 0
1186000, 88960, 0, 0, 0
1186000, 38220, 1, 0, 0
1187000, 90696, 0, 0, 0
1187000, 38656, 1, 0, 0
1188000, 89900, 0, 0, 0
1188000, 38912, 1, 0, 0
1189001, 88064, 0, 0, 0
1189001, 37464, 1, 0, 0
1190001, 89788, 0, 0, 0
1190001, 38156, 1, 0, 0
1191000, 90358, 0, 0, 0
1191000, 38630, 1, 0, 0
1192000, 91708, 0, 0, 0
1192000, 38876, 1, 0, 0
1193000, 90180, 0, 0, 0
1193000, 38704, 1, 0, 0
1194001, 91732, 0, 0, 0
1194001, 39832, 1, 0, 0
1195000, 89669, 0, 0, 0
1195000, 38006, 1, 0, 0
1196000, 97356, 0, 0, 0
1196000, 40932, 1, 0, 0
1197000, 97629, 0, 0, 0
1197000, 41821, 1, 0, 0
1198000, 98712, 0, 0, 0
1198000, 42452, 1, 0, 0
1199001, 97324, 0, 0, 0
1199001, 42028, 1, 0, 0
1200001, 93328, 0, 0, 0
1200001, 39752, 1, 0, 0
