1000, 51966, 0, 0, 0
1000, 14560, 1, 0, 0
2000, 50817, 0, 0, 0
2000, 14088, 1, 0, 0
3000, 54226, 0, 0, 0
3000, 14056, 1, 0, 0
4000, 13716, 1, 0, 0
4000, 52404, 0, 0, 0
5000, 53651, 0, 0, 0
5000, 13752, 1, 0, 0
6000, 52174, 0, 0, 0
6000, 13389, 1, 0, 0
7000, 52211, 0, 0, 0
7000, 12810, 1, 0, 0
8000, 52693, 0, 0, 0
8000, 13517, 1, 0, 0
9000, 52174, 0, 0, 0
9000, 13445, 1, 0, 0
10000, 54549, 0, 0, 0
10000, 14376, 1, 0, 0
11000, 54724, 0, 0, 0
11000, 15165, 1, 0, 0
12000, 15211, 1, 0, 0
12000, 55699, 0, 0, 0
13000, 14592, 1, 0, 0
13000, 53612, 0, 0, 0
14000, 54278, 0, 0, 0
14000, 14133, 1, 0, 0
15000, 12481, 1, 0, 0
15000, 51085, 0, 0, 0
16000, 52940, 0, 0, 0
16000, 13035, 1, 0, 0
17000, 53683, 0, 0, 0
17000, 14016, 1, 0, 0
18000, 54588, 0, 0, 0
18000, 15035, 1, 0, 0
19000, 54508, 0, 0, 0
19000, 14325, 1, 0, 0
20000, 13056, 1, 0, 0
20000, 51876, 0, 0, 0
21000, 53490, 0, 0, 0
21000, 13364, 1, 0, 0
22000, 50825, 0, 0, 0
22000, 12070, 1, 0, 0
23000, 55094, 0, 0, 0
23000, 14338, 1, 0, 0
24000, 54129, 0, 0, 0
24000, 14866, 1, 0, 0
25000, 55678, 0, 0, 0
25000, 15626, 1, 0, 0
26000, 53671, 0, 0, 0
26000, 13923, 1, 0, 0
27000, 51161, 0, 0, 0
27000, 12396, 1, 0, 0
28000, 54126, 0, 0, 0
28000, 13807, 1, 0, 0
29000, 51158, 0, 0, 0
29000, 12434, 1, 0, 0
30000, 52059, 0, 0, 0
30000, 12358, 1, 0, 0
31000, 51576, 0, 0, 0
31000, 12903, 1, 0, 0
32000, 54942, 0, 0, 0
32000, 14515, 1, 0, 0
33000, 53774, 0, 0, 0
33000, 14230, 1, 0, 0
34000, 52919, 0, 0, 0
34000, 13946, 1, 0, 0
35000, 52811, 0, 0, 0
35000, 13289, 1, 0, 0
36000, 54194, 0, 0, 0
36000, 14831, 1, 0, 0
37000, 54830, 0, 0, 0
37000, 14620, 1, 0, 0
38000, 51694, 0, 0, 0
38000, 12821, 1, 0, 0
39000, 54655, 0, 0, 0
39000, 14239, 1, 0, 0
40000, 52352, 0, 0, 0
40000, 13465, 1, 0, 0
41000, 55280, 0, 0, 0
41000, 15231, 1, 0, 0
42000, 53071, 0, 0, 0
42000, 13659, 1, 0, 0
43000, 13277, 1, 0, 0
43000, 52126, 0, 0, 0
44000, 52752, 0, 0, 0
44000, 13224, 1, 0, 0
45000, 52203, 0, 0, 0
45000, 13421, 1, 0, 0
46000, 53281, 0, 0, 0
46000, 13423, 1, 0, 0
47000, 52826, 0, 0, 0
47000, 13992, 1, 0, 0
48000, 56436, 0, 0, 0
48000, 15274, 1, 0, 0
49000, 55300, 0, 0, 0
49000, 15413, 1, 0, 0
50000, 55775, 0, 0, 0
50000, 16390, 1, 0, 0
51000, 52261, 0, 0, 0
51000, 12758, 1, 0, 0
52000, 15661, 1, 0, 0
52000, 55204, 0, 0, 0
53000, 56749, 0, 0, 0
53000, 16084, 1, 0, 0
54000, 55121, 0, 0, 0
54000, 15598, 1, 0, 0
55000, 15930, 1, 0, 0
55000, 56477, 0, 0, 0
56000, 55887, 0, 0, 0
56000, 16353, 1, 0, 0
57000, 54882, 0, 0, 0
57000, 15364, 1, 0, 0
58000, 56341, 0, 0, 0
58000, 15577, 1, 0, 0
59000, 53227, 0, 0, 0
59000, 14105, 1, 0, 0
60000, 53311, 0, 0, 0
60000, 13067, 1, 0, 0
61000, 53938, 0, 0, 0
61000, 14604, 1, 0, 0
62000, 53690, 0, 0, 0
62000, 13813, 1, 0, 0
63000, 53991, 0, 0, 0
63000, 14782, 1, 0, 0
64000, 53405, 0, 0, 0
64000, 13950, 1, 0, 0
65000, 15351, 1, 0, 0
65000, 55875, 0, 0, 0
66000, 54798, 0, 0, 0
66000, 15049, 1, 0, 0
67000, 55531, 0, 0, 0
67000, 14677, 1, 0, 0
68000, 52579, 0, 0, 0
68000, 13620, 1, 0, 0
69000, 53721, 0, 0, 0
69000, 13615, 1, 0, 0
70000, 54575, 0, 0, 0
70000, 14701, 1, 0, 0
71000, 55223, 0, 0, 0
71000, 15390, 1, 0, 0
72000, 53686, 0, 0, 0
72000, 13647, 1, 0, 0
73000, 56010, 0, 0, 0
73000, 16049, 1, 0, 0
74000, 56021, 0, 0, 0
74000, 15024, 1, 0, 0
75000, 55099, 0, 0, 0
75000, 15175, 1, 0, 0
76000, 55783, 0, 0, 0
76000, 15326, 1, 0, 0
77000, 54281, 0, 0, 0
77000, 14556, 1, 0, 0
78000, 52550, 0, 0, 0
78000, 13357, 1, 0, 0
79000, 55048, 0, 0, 0
79000, 14701, 1, 0, 0
80000, 54222, 0, 0, 0
80000, 14623, 1, 0, 0
81000, 54895, 0, 0, 0
81000, 14501, 1, 0, 0
82000, 53697, 0, 0, 0
82000, 14101, 1, 0, 0
83000, 53857, 0, 0, 0
83000, 13747, 1, 0, 0
84000, 54645, 0, 0, 0
84000, 14801, 1, 0, 0
85000, 55563, 0, 0, 0
85000, 15532, 1, 0, 0
86000, 53776, 0, 0, 0
86000, 13514, 1, 0, 0
87000, 54401, 0, 0, 0
87000, 14916, 1, 0, 0
88000, 55825, 0, 0, 0
88000, 15068, 1, 0, 0
89000, 53560, 0, 0, 0
89000, 14055, 1, 0, 0
90000, 53677, 0, 0, 0
90000, 13302, 1, 0, 0
91000, 52422, 0, 0, 0
91000, 13399, 1, 0, 0
92000, 51743, 0, 0, 0
92000, 12750, 1, 0, 0
93000, 14038, 1, 0, 0
93000, 54531, 0, 0, 0
94000, 55316, 0, 0, 0
94000, 15437, 1, 0, 0
95000, 15614, 1, 0, 0
95000, 56747, 0, 0, 0
96000, 55522, 0, 0, 0
96000, 15701, 1, 0, 0
97000, 57125, 0, 0, 0
97000, 15804, 1, 0, 0
98000, 54318, 0, 0, 0
98000, 14890, 1, 0, 0
99000, 53844, 0, 0, 0
99000, 14434, 1, 0, 0
100000, 53085, 0, 0, 0
100000, 13016, 1, 0, 0
101000, 51193, 0, 0, 0
101000, 12285, 1, 0, 0
102000, 54114, 0, 0, 0
102000, 13946, 1, 0, 0
103000, 55180, 0, 0, 0
103000, 15417, 1, 0, 0
104000, 55985, 0, 0, 0
104000, 14788, 1, 0, 0
105000, 50884, 0, 0, 0
105000, 12045, 1, 0, 0
106000, 53362, 0, 0, 0
106000, 13507, 1, 0, 0
107000, 53274, 0, 0, 0
107000, 13750, 1, 0, 0
108000, 52212, 0, 0, 0
108000, 13090, 1, 0, 0
109000, 52862, 0, 0, 0
109000, 13012, 1, 0, 0
110000, 52774, 0, 0, 0
110000, 13385, 1, 0, 0
111000, 53941, 0, 0, 0
111000, 13536, 1, 0, 0
112000, 54332, 0, 0, 0
112000, 14800, 1, 0, 0
113000, 55981, 0, 0, 0
113000, 15323, 1, 0, 0
114000, 54533, 0, 0, 0
114000, 14865, 1, 0, 0
115000, 51665, 0, 0, 0
115000, 12994, 1, 0, 0
116000, 52907, 0, 0, 0
116000, 12959, 1, 0, 0
117000, 52888, 0, 0, 0
117000, 13853, 1, 0, 0
118000, 54578, 0, 0, 0
118000, 14291, 1, 0, 0
119000, 53618, 0, 0, 0
119000, 14524, 1, 0, 0
120000, 53618, 0, 0, 0
120000, 13779, 1, 0, 0
121000, 51841, 0, 0, 0
121000, 12866, 1, 0, 0
122000, 53502, 0, 0, 0
122000, 13572, 1, 0, 0
123000, 53327, 0, 0, 0
123000, 14418, 1, 0, 0
124000, 53502, 0, 0, 0
124000, 14424, 1, 0, 0
125000, 53164, 0, 0, 0
125000, 13030, 1, 0, 0
126000, 53619, 0, 0, 0
126000, 14125, 1, 0, 0
127000, 56508, 0, 0, 0
127000, 15521, 1, 0, 0
128000, 53185, 0, 0, 0
128000, 14055, 1, 0, 0
129000, 53455, 0, 0, 0
129000, 13327, 1, 0, 0
130000, 54196, 0, 0, 0
130000, 14618, 1, 0, 0
131000, 53430, 0, 0, 0
131000, 13727, 1, 0, 0
132000, 55872, 0, 0, 0
132000, 14885, 1, 0, 0
133000, 54842, 0, 0, 0
133000, 15062, 1, 0, 0
134000, 13993, 1, 0, 0
134000, 54499, 0, 0, 0
135000, 54792, 0, 0, 0
135000, 14863, 1, 0, 0
136000, 55503, 0, 0, 0
136000, 14693, 1, 0, 0
137000, 53863, 0, 0, 0
137000, 14339, 1, 0, 0
138000, 54634, 0, 0, 0
138000, 14751, 1, 0, 0
139000, 53884, 0, 0, 0
139000, 13543, 1, 0, 0
140000, 54464, 0, 0, 0
140000, 14673, 1, 0, 0
141000, 56251, 0, 0, 0
141000, 15316, 1, 0, 0
142000, 55049, 0, 0, 0
142000, 15181, 1, 0, 0
143000, 53705, 0, 0, 0
143000, 13737, 1, 0, 0
144000, 55156, 0, 0, 0
144000, 15374, 1, 0, 0
145000, 56474, 0, 0, 0
145000, 16650, 1, 0, 0
146000, 14500, 1, 0, 0
146000, 54707, 0, 0, 0
147000, 53169, 0, 0, 0
147000, 13797, 1, 0, 0
148000, 55742, 0, 0, 0
148000, 15318, 1, 0, 0
149000, 55735, 0, 0, 0
149000, 15752, 1, 0, 0
150000, 56187, 0, 0, 0
150000, 15322, 1, 0, 0
151000, 60037, 0, 0, 0
151000, 14006, 1, 0, 0
152000, 51227, 0, 0, 0
152000, 14436, 1, 0, 0
153000, 55370, 0, 0, 0
153000, 14888, 1, 0, 0
154000, 54576, 0, 0, 0
154000, 15055, 1, 0, 0
155000, 53129, 0, 0, 0
155000, 13316, 1, 0, 0
156000, 53735, 0, 0, 0
156000, 14483, 1, 0, 0
157000, 53793, 0, 0, 0
157000, 13688, 1, 0, 0
158000, 54181, 0, 0, 0
158000, 14507, 1, 0, 0
159000, 52658, 0, 0, 0
159000, 13838, 1, 0, 0
160000, 54072, 0, 0, 0
160000, 14185, 1, 0, 0
161000, 52528, 0, 0, 0
161000, 13721, 1, 0, 0
162000, 53267, 0, 0, 0
162000, 13706, 1, 0, 0
163000, 53632, 0, 0, 0
163000, 14408, 1, 0, 0
164000, 53719, 0, 0, 0
164000, 13755, 1, 0, 0
165000, 52000, 0, 0, 0
165000, 13369, 1, 0, 0
166000, 53283, 0, 0, 0
166000, 14271, 1, 0, 0
167000, 54667, 0, 0, 0
167000, 14590, 1, 0, 0
168000, 54583, 0, 0, 0
168000, 15099, 1, 0, 0
169000, 14666, 1, 0, 0
169000, 55286, 0, 0, 0
170000, 54747, 0, 0, 0
170000, 15127, 1, 0, 0
171000, 14164, 1, 0, 0
171000, 54178, 0, 0, 0
172000, 53602, 0, 0, 0
172000, 14334, 1, 0, 0
173000, 54369, 0, 0, 0
173000, 14973, 1, 0, 0
174000, 54791, 0, 0, 0
174000, 14498, 1, 0, 0
175000, 13643, 1, 0, 0
175000, 52811, 0, 0, 0
176000, 56602, 0, 0, 0
176000, 15579, 1, 0, 0
177000, 53201, 0, 0, 0
177000, 14204, 1, 0, 0
178000, 55855, 0, 0, 0
178000, 15361, 1, 0, 0
179000, 52485, 0, 0, 0
179000, 13404, 1, 0, 0
180000, 54798, 0, 0, 0
180000, 15174, 1, 0, 0
181000, 53760, 0, 0, 0
181000, 13664, 1, 0, 0
182000, 54276, 0, 0, 0
182000, 14801, 1, 0, 0
183000, 54756, 0, 0, 0
183000, 14135, 1, 0, 0
184000, 53462, 0, 0, 0
184000, 14245, 1, 0, 0
185000, 54510, 0, 0, 0
185000, 14379, 1, 0, 0
186000, 52800, 0, 0, 0
186000, 13980, 1, 0, 0
187000, 52147, 0, 0, 0
187000, 12978, 1, 0, 0
188000, 53758, 0, 0, 0
188000, 14572, 1, 0, 0
189000, 51944, 0, 0, 0
189000, 13128, 1, 0, 0
190000, 53447, 0, 0, 0
190000, 13525, 1, 0, 0
191000, 50729, 0, 0, 0
191000, 12132, 1, 0, 0
192000, 53545, 0, 0, 0
192000, 13476, 1, 0, 0
193000, 52281, 0, 0, 0
193000, 13300, 1, 0, 0
194000, 53879, 0, 0, 0
194000, 13768, 1, 0, 0
195000, 55316, 0, 0, 0
195000, 15313, 1, 0, 0
196000, 13795, 1, 0, 0
196000, 53923, 0, 0, 0
197000, 53399, 0, 0, 0
197000, 13814, 1, 0, 0
198000, 54114, 0, 0, 0
198000, 14573, 1, 0, 0
199000, 51464, 0, 0, 0
199000, 11995, 1, 0, 0
200000, 50108, 0, 0, 0
200000, 13034, 1, 0, 0
201000, 52126, 0, 0, 0
201000, 14097, 1, 0, 0
202000, 14783, 1, 0, 0
202000, 51425, 0, 0, 0
203000, 14316, 1, 0, 0
203000, 52152, 0, 0, 0
204000, 52494, 0, 0, 0
204000, 15192, 1, 0, 0
205000, 50891, 0, 0, 0
205000, 12964, 1, 0, 0
206000, 53148, 0, 0, 0
206000, 15188, 1, 0, 0
207000, 51845, 0, 0, 0
207000, 14451, 1, 0, 0
208000, 50212, 0, 0, 0
208000, 12911, 1, 0, 0
209000, 51477, 0, 0, 0
209000, 14507, 1, 0, 0
210000, 51644, 0, 0, 0
210000, 13842, 1, 0, 0
211000, 51103, 0, 0, 0
211000, 14252, 1, 0, 0
212000, 54265, 0, 0, 0
212000, 15670, 1, 0, 0
213000, 14159, 1, 0, 0
213000, 50938, 0, 0, 0
214000, 52943, 0, 0, 0
214000, 14825, 1, 0, 0
215000, 50521, 0, 0, 0
215000, 13672, 1, 0, 0
216000, 50093, 0, 0, 0
216000, 12619, 1, 0, 0
217000, 14849, 1, 0, 0
217000, 51924, 0, 0, 0
218000, 52698, 0, 0, 0
218000, 15210, 1, 0, 0
219000, 52618, 0, 0, 0
219000, 14500, 1, 0, 0
220000, 51042, 0, 0, 0
220000, 14043, 1, 0, 0
221000, 53827, 0, 0, 0
221000, 15512, 1, 0, 0
222000, 14867, 1, 0, 0
222000, 52177, 0, 0, 0
223000, 52565, 0, 0, 0
223000, 14837, 1, 0, 0
224000, 51114, 0, 0, 0
224000, 14202, 1, 0, 0
225000, 52407, 0, 0, 0
225000, 14251, 1, 0, 0
226000, 52416, 0, 0, 0
226000, 14962, 1, 0, 0
227000, 52748, 0, 0, 0
227000, 15335, 1, 0, 0
228000, 53546, 0, 0, 0
228000, 15248, 1, 0, 0
229000, 50639, 0, 0, 0
229000, 14073, 1, 0, 0
230000, 13122, 1, 0, 0
230000, 50401, 0, 0, 0
231000, 51242, 0, 0, 0
231000, 14241, 1, 0, 0
232000, 52380, 0, 0, 0
232000, 14589, 1, 0, 0
233000, 51962, 0, 0, 0
233000, 14636, 1, 0, 0
234000, 50547, 0, 0, 0
234000, 13142, 1, 0, 0
235000, 49422, 0, 0, 0
235000, 12812, 1, 0, 0
236000, 50011, 0, 0, 0
236000, 12945, 1, 0, 0
237000, 50649, 0, 0, 0
237000, 13683, 1, 0, 0
238000, 51609, 0, 0, 0
238000, 14532, 1, 0, 0
239000, 52933, 0, 0, 0
239000, 15306, 1, 0, 0
240000, 50735, 0, 0, 0
240000, 14109, 1, 0, 0
241000, 53014, 0, 0, 0
241000, 14803, 1, 0, 0
242000, 51893, 0, 0, 0
242000, 14812, 1, 0, 0
243000, 15253, 1, 0, 0
243000, 53718, 0, 0, 0
244000, 50383, 0, 0, 0
244000, 14042, 1, 0, 0
245000, 52608, 0, 0, 0
245000, 14642, 1, 0, 0
246000, 50704, 0, 0, 0
246000, 13842, 1, 0, 0
247000, 49859, 0, 0, 0
247000, 12160, 1, 0, 0
248000, 50611, 0, 0, 0
248000, 13316, 1, 0, 0
249000, 50543, 0, 0, 0
249000, 13382, 1, 0, 0
250000, 51835, 0, 0, 0
250000, 13884, 1, 0, 0
251000, 50413, 0, 0, 0
251000, 13599, 1, 0, 0
252000, 53028, 0, 0, 0
252000, 15022, 1, 0, 0
253000, 13863, 1, 0, 0
253000, 50633, 0, 0, 0
254000, 51874, 0, 0, 0
254000, 14218, 1, 0, 0
255000, 50751, 0, 0, 0
255000, 14255, 1, 0, 0
256000, 51766, 0, 0, 0
256000, 13864, 1, 0, 0
257000, 51509, 0, 0, 0
257000, 14636, 1, 0, 0
258000, 52509, 0, 0, 0
258000, 14525, 1, 0, 0
259000, 49044, 0, 0, 0
259000, 12103, 1, 0, 0
260000, 51634, 0, 0, 0
260000, 14903, 1, 0, 0
261000, 54450, 0, 0, 0
261000, 16082, 1, 0, 0
262000, 50164, 0, 0, 0
262000, 13130, 1, 0, 0
263000, 51225, 0, 0, 0
263000, 13706, 1, 0, 0
264000, 52030, 0, 0, 0
264000, 14731, 1, 0, 0
265000, 52514, 0, 0, 0
265000, 14607, 1, 0, 0
266000, 49749, 0, 0, 0
266000, 13275, 1, 0, 0
267000, 53585, 0, 0, 0
267000, 15089, 1, 0, 0
268000, 52349, 0, 0, 0
268000, 14655, 1, 0, 0
269000, 53076, 0, 0, 0
269000, 15422, 1, 0, 0
270000, 13742, 1, 0, 0
270000, 51383, 0, 0, 0
271000, 51429, 0, 0, 0
271000, 14905, 1, 0, 0
272000, 53998, 0, 0, 0
272000, 15154, 1, 0, 0
273000, 14121, 1, 0, 0
273000, 50876, 0, 0, 0
274000, 51645, 0, 0, 0
274000, 13533, 1, 0, 0
275000, 50476, 0, 0, 0
275000, 13878, 1, 0, 0
276000, 53390, 0, 0, 0
276000, 14848, 1, 0, 0
277000, 52342, 0, 0, 0
277000, 15547, 1, 0, 0
278000, 52875, 0, 0, 0
278000, 15832, 1, 0, 0
279000, 52698, 0, 0, 0
279000, 14646, 1, 0, 0
280000, 52817, 0, 0, 0
280000, 15397, 1, 0, 0
281000, 52252, 0, 0, 0
281000, 14293, 1, 0, 0
282000, 52683, 0, 0, 0
282000, 15393, 1, 0, 0
283000, 54156, 0, 0, 0
283000, 15547, 1, 0, 0
284000, 52264, 0, 0, 0
284000, 14818, 1, 0, 0
285000, 50334, 0, 0, 0
285000, 12971, 1, 0, 0
286000, 51512, 0, 0, 0
286000, 14468, 1, 0, 0
287000, 50932, 0, 0, 0
287000, 14160, 1, 0, 0
288000, 14344, 1, 0, 0
288000, 52234, 0, 0, 0
289000, 52455, 0, 0, 0
289000, 15165, 1, 0, 0
290000, 52813, 0, 0, 0
290000, 14629, 1, 0, 0
291000, 50275, 0, 0, 0
291000, 13513, 1, 0, 0
292000, 53004, 0, 0, 0
292000, 14825, 1, 0, 0
293000, 50460, 0, 0, 0
293000, 13542, 1, 0, 0
294000, 51455, 0, 0, 0
294000, 13413, 1, 0, 0
295000, 13178, 1, 0, 0
295000, 49248, 0, 0, 0
296000, 52106, 0, 0, 0
296000, 14490, 1, 0, 0
297000, 51542, 0, 0, 0
297000, 14432, 1, 0, 0
298000, 51058, 0, 0, 0
298000, 14239, 1, 0, 0
299000, 70238, 0, 0, 0
299000, 14508, 1, 0, 0
300000, 58267, 0, 0, 0
300000, 12972, 1, 0, 0
301000, 59036, 0, 0, 0
301000, 13239, 1, 0, 0
302000, 60451, 0, 0, 0
302000, 14529, 1, 0, 0
303000, 60680, 0, 0, 0
303000, 14641, 1, 0, 0
304000, 59546, 0, 0, 0
304000, 13963, 1, 0, 0
305000, 58823, 0, 0, 0
305000, 13552, 1, 0, 0
306000, 59822, 0, 0, 0
306000, 14100, 1, 0, 0
307000, 61454, 0, 0, 0
307000, 15396, 1, 0, 0
308000, 13849, 1, 0, 0
308000, 59630, 0, 0, 0
309000, 58648, 0, 0, 0
309000, 13224, 1, 0, 0
310000, 60087, 0, 0, 0
310000, 14384, 1, 0, 0
311000, 13911, 1, 0, 0
311000, 59726, 0, 0, 0
312000, 59502, 0, 0, 0
312000, 13585, 1, 0, 0
313000, 59807, 0, 0, 0
313000, 13943, 1, 0, 0
314000, 59882, 0, 0, 0
314000, 14222, 1, 0, 0
315000, 60418, 0, 0, 0
315000, 14593, 1, 0, 0
316000, 59053, 0, 0, 0
316000, 13460, 1, 0, 0
317000, 58805, 0, 0, 0
317000, 13304, 1, 0, 0
318000, 58282, 0, 0, 0
318000, 12938, 1, 0, 0
319000, 59877, 0, 0, 0
319000, 14214, 1, 0, 0
320000, 58331, 0, 0, 0
320000, 12890, 1, 0, 0
321000, 60495, 0, 0, 0
321000, 14255, 1, 0, 0
322000, 59820, 0, 0, 0
322000, 13767, 1, 0, 0
323000, 15355, 1, 0, 0
323000, 61820, 0, 0, 0
324000, 14323, 1, 0, 0
324000, 60795, 0, 0, 0
325000, 58429, 0, 0, 0
325000, 12835, 1, 0, 0
326000, 60867, 0, 0, 0
326000, 14665, 1, 0, 0
327000, 58290, 0, 0, 0
327000, 12685, 1, 0, 0
328000, 59123, 0, 0, 0
328000, 13113, 1, 0, 0
329000, 59835, 0, 0, 0
329000, 14059, 1, 0, 0
330000, 60516, 0, 0, 0
330000, 14143, 1, 0, 0
331000, 60254, 0, 0, 0
331000, 14200, 1, 0, 0
332000, 59219, 0, 0, 0
332000, 13632, 1, 0, 0
333000, 60786, 0, 0, 0
333000, 14690, 1, 0, 0
334000, 14589, 1, 0, 0
334000, 60455, 0, 0, 0
335000, 60779, 0, 0, 0
335000, 14795, 1, 0, 0
336000, 60920, 0, 0, 0
336000, 14666, 1, 0, 0
337000, 60584, 0, 0, 0
337000, 14455, 1, 0, 0
338000, 59836, 0, 0, 0
338000, 14073, 1, 0, 0
339000, 60383, 0, 0, 0
339000, 14518, 1, 0, 0
340000, 59540, 0, 0, 0
340000, 13800, 1, 0, 0
341000, 61634, 0, 0, 0
341000, 15428, 1, 0, 0
342000, 14728, 1, 0, 0
342000, 60699, 0, 0, 0
343000, 58494, 0, 0, 0
343000, 12846, 1, 0, 0
344000, 60054, 0, 0, 0
344000, 14388, 1, 0, 0
345000, 60155, 0, 0, 0
345000, 14568, 1, 0, 0
346000, 59690, 0, 0, 0
346000, 14136, 1, 0, 0
347000, 57907, 0, 0, 0
347000, 12967, 1, 0, 0
348000, 59956, 0, 0, 0
348000, 14215, 1, 0, 0
349000, 58062, 0, 0, 0
349000, 12510, 1, 0, 0
350000, 61599, 0, 0, 0
350000, 15256, 1, 0, 0
351000, 14899, 1, 0, 0
351000, 60844, 0, 0, 0
352000, 13627, 1, 0, 0
352000, 59289, 0, 0, 0
353000, 58110, 0, 0, 0
353000, 12622, 1, 0, 0
354000, 60149, 0, 0, 0
354000, 13871, 1, 0, 0
355000, 60956, 0, 0, 0
355000, 14529, 1, 0, 0
356000, 59486, 0, 0, 0
356000, 13571, 1, 0, 0
357000, 57720, 0, 0, 0
357000, 12305, 1, 0, 0
358000, 59570, 0, 0, 0
358000, 13676, 1, 0, 0
359000, 14493, 1, 0, 0
359000, 60342, 0, 0, 0
360000, 60911, 0, 0, 0
360000, 14892, 1, 0, 0
361000, 57807, 0, 0, 0
361000, 12182, 1, 0, 0
362000, 61194, 0, 0, 0
362000, 14832, 1, 0, 0
363000, 61076, 0, 0, 0
363000, 14764, 1, 0, 0
364000, 59208, 0, 0, 0
364000, 13248, 1, 0, 0
365000, 57798, 0, 0, 0
365000, 12397, 1, 0, 0
366000, 60661, 0, 0, 0
366000, 14568, 1, 0, 0
367000, 59862, 0, 0, 0
367000, 14133, 1, 0, 0
368000, 59436, 0, 0, 0
368000, 13458, 1, 0, 0
369000, 13561, 1, 0, 0
369000, 59755, 0, 0, 0
370000, 58509, 0, 0, 0
370000, 13000, 1, 0, 0
371000, 15192, 1, 0, 0
371000, 61608, 0, 0, 0
372000, 60660, 0, 0, 0
372000, 14646, 1, 0, 0
373000, 13477, 1, 0, 0
373000, 59405, 0, 0, 0
374000, 59948, 0, 0, 0
374000, 14263, 1, 0, 0
375000, 62484, 0, 0, 0
375000, 15835, 1, 0, 0
376000, 61710, 0, 0, 0
376000, 15694, 1, 0, 0
377000, 61342, 0, 0, 0
377000, 15110, 1, 0, 0
378000, 61053, 0, 0, 0
378000, 15080, 1, 0, 0
379000, 14046, 1, 0, 0
379000, 59713, 0, 0, 0
380000, 60199, 0, 0, 0
380000, 14507, 1, 0, 0
381000, 59113, 0, 0, 0
381000, 13695, 1, 0, 0
382000, 62561, 0, 0, 0
382000, 15771, 1, 0, 0
383000, 60814, 0, 0, 0
383000, 15067, 1, 0, 0
384000, 59000, 0, 0, 0
384000, 13254, 1, 0, 0
385000, 60779, 0, 0, 0
385000, 14705, 1, 0, 0
386000, 60791, 0, 0, 0
386000, 14602, 1, 0, 0
387000, 60446, 0, 0, 0
387000, 14512, 1, 0, 0
388000, 61257, 0, 0, 0
388000, 15095, 1, 0, 0
389000, 60772, 0, 0, 0
389000, 14688, 1, 0, 0
390000, 59779, 0, 0, 0
390000, 13955, 1, 0, 0
391000, 58452, 0, 0, 0
391000, 12845, 1, 0, 0
392000, 60051, 0, 0, 0
392000, 13922, 1, 0, 0
393000, 15271, 1, 0, 0
393000, 61113, 0, 0, 0
394000, 62999, 0, 0, 0
394000, 16625, 1, 0, 0
395000, 60644, 0, 0, 0
395000, 14794, 1, 0, 0
396000, 60674, 0, 0, 0
396000, 14523, 1, 0, 0
397000, 14365, 1, 0, 0
397000, 60402, 0, 0, 0
398000, 62229, 0, 0, 0
398000, 16271, 1, 0, 0
399000, 61420, 0, 0, 0
399000, 15188, 1, 0, 0
400000, 57806, 0, 0, 0
400000, 12488, 1, 0, 0
401000, 61925, 0, 0, 0
401000, 15310, 1, 0, 0
402000, 62427, 0, 0, 0
402000, 15885, 1, 0, 0
403000, 61729, 0, 0, 0
403000, 15580, 1, 0, 0
404000, 59689, 0, 0, 0
404000, 14090, 1, 0, 0
405000, 16069, 1, 0, 0
405000, 62440, 0, 0, 0
406000, 58413, 0, 0, 0
406000, 12498, 1, 0, 0
407000, 59717, 0, 0, 0
407000, 13635, 1, 0, 0
408000, 14582, 1, 0, 0
408000, 61074, 0, 0, 0
409000, 59538, 0, 0, 0
409000, 13737, 1, 0, 0
410000, 60275, 0, 0, 0
410000, 14420, 1, 0, 0
411000, 60604, 0, 0, 0
411000, 14327, 1, 0, 0
412000, 61825, 0, 0, 0
412000, 15198, 1, 0, 0
413000, 58040, 0, 0, 0
413000, 12348, 1, 0, 0
414000, 59596, 0, 0, 0
414000, 13573, 1, 0, 0
415000, 60352, 0, 0, 0
415000, 14371, 1, 0, 0
416000, 61122, 0, 0, 0
416000, 14881, 1, 0, 0
417000, 60635, 0, 0, 0
417000, 14888, 1, 0, 0
418000, 59369, 0, 0, 0
418000, 13483, 1, 0, 0
419000, 61009, 0, 0, 0
419000, 14868, 1, 0, 0
420000, 61484, 0, 0, 0
420000, 15171, 1, 0, 0
421000, 61746, 0, 0, 0
421000, 15245, 1, 0, 0
422000, 61239, 0, 0, 0
422000, 15211, 1, 0, 0
423000, 59926, 0, 0, 0
423000, 14160, 1, 0, 0
424000, 59789, 0, 0, 0
424000, 14155, 1, 0, 0
425000, 58053, 0, 0, 0
425000, 12844, 1, 0, 0
426000, 58660, 0, 0, 0
426000, 13255, 1, 0, 0
427000, 61285, 0, 0, 0
427000, 14953, 1, 0, 0
428000, 59090, 0, 0, 0
428000, 13414, 1, 0, 0
429000, 58042, 0, 0, 0
429000, 12460, 1, 0, 0
430000, 13071, 1, 0, 0
430000, 59282, 0, 0, 0
431000, 58528, 0, 0, 0
431000, 12492, 1, 0, 0
432000, 12302, 1, 0, 0
432000, 57980, 0, 0, 0
433000, 61622, 0, 0, 0
433000, 15464, 1, 0, 0
434000, 59496, 0, 0, 0
434000, 13674, 1, 0, 0
435000, 58750, 0, 0, 0
435000, 13058, 1, 0, 0
436000, 58705, 0, 0, 0
436000, 12936, 1, 0, 0
437000, 57914, 0, 0, 0
437000, 12590, 1, 0, 0
438000, 60397, 0, 0, 0
438000, 14141, 1, 0, 0
439000, 58572, 0, 0, 0
439000, 12985, 1, 0, 0
440000, 59224, 0, 0, 0
440000, 13627, 1, 0, 0
441000, 58899, 0, 0, 0
441000, 13141, 1, 0, 0
442000, 59661, 0, 0, 0
442000, 13862, 1, 0, 0
443000, 59689, 0, 0, 0
443000, 13914, 1, 0, 0
444000, 62495, 0, 0, 0
444000, 15578, 1, 0, 0
445000, 58787, 0, 0, 0
445000, 13513, 1, 0, 0
446000, 61244, 0, 0, 0
446000, 14924, 1, 0, 0
447000, 60688, 0, 0, 0
447000, 14593, 1, 0, 0
448000, 59347, 0, 0, 0
448000, 13391, 1, 0, 0
449000, 59091, 0, 0, 0
449000, 13063, 1, 0, 0
450000, 59619, 0, 0, 0
450000, 13688, 1, 0, 0
451000, 58507, 0, 0, 0
451000, 12996, 1, 0, 0
452000, 61740, 0, 0, 0
452000, 15274, 1, 0, 0
453000, 59588, 0, 0, 0
453000, 13551, 1, 0, 0
454000, 59900, 0, 0, 0
454000, 13925, 1, 0, 0
455000, 59529, 0, 0, 0
455000, 13792, 1, 0, 0
456000, 61264, 0, 0, 0
456000, 14723, 1, 0, 0
457000, 59724, 0, 0, 0
457000, 14027, 1, 0, 0
458000, 60249, 0, 0, 0
458000, 13909, 1, 0, 0
459000, 58445, 0, 0, 0
459000, 12695, 1, 0, 0
460000, 59096, 0, 0, 0
460000, 13436, 1, 0, 0
461000, 61633, 0, 0, 0
461000, 15406, 1, 0, 0
462000, 59247, 0, 0, 0
462000, 13655, 1, 0, 0
463000, 58889, 0, 0, 0
463000, 13077, 1, 0, 0
464000, 58104, 0, 0, 0
464000, 12820, 1, 0, 0
465000, 59691, 0, 0, 0
465000, 13937, 1, 0, 0
466000, 70566, 0, 0, 0
466000, 13894, 1, 0, 0
467000, 58311, 0, 0, 0
467000, 13047, 1, 0, 0
468000, 59404, 0, 0, 0
468000, 13567, 1, 0, 0
469000, 61819, 0, 0, 0
469000, 15399, 1, 0, 0
470000, 62038, 0, 0, 0
470000, 15827, 1, 0, 0
471000, 62047, 0, 0, 0
471000, 15975, 1, 0, 0
472000, 62925, 0, 0, 0
472000, 16294, 1, 0, 0
473000, 59611, 0, 0, 0
473000, 13623, 1, 0, 0
474000, 15101, 1, 0, 0
474000, 61020, 0, 0, 0
475000, 60836, 0, 0, 0
475000, 14630, 1, 0, 0
476000, 60934, 0, 0, 0
476000, 14712, 1, 0, 0
477000, 59989, 0, 0, 0
477000, 14253, 1, 0, 0
478000, 58830, 0, 0, 0
478000, 13204, 1, 0, 0
479000, 58892, 0, 0, 0
479000, 13695, 1, 0, 0
480000, 59543, 0, 0, 0
480000, 13776, 1, 0, 0
481000, 61298, 0, 0, 0
481000, 15321, 1, 0, 0
482000, 60634, 0, 0, 0
482000, 14772, 1, 0, 0
483000, 58633, 0, 0, 0
483000, 13139, 1, 0, 0
484000, 59306, 0, 0, 0
484000, 13601, 1, 0, 0
485000, 59552, 0, 0, 0
485000, 14054, 1, 0, 0
486000, 60705, 0, 0, 0
486000, 14550, 1, 0, 0
487000, 61541, 0, 0, 0
487000, 15374, 1, 0, 0
488000, 60237, 0, 0, 0
488000, 14325, 1, 0, 0
489000, 14183, 1, 0, 0
489000, 59860, 0, 0, 0
490000, 14947, 1, 0, 0
490000, 61245, 0, 0, 0
491000, 59654, 0, 0, 0
491000, 14119, 1, 0, 0
492000, 60421, 0, 0, 0
492000, 14379, 1, 0, 0
493000, 60032, 0, 0, 0
493000, 13979, 1, 0, 0
494000, 14266, 1, 0, 0
494000, 60549, 0, 0, 0
495000, 59292, 0, 0, 0
495000, 13841, 1, 0, 0
496000, 12870, 1, 0, 0
496000, 58038, 0, 0, 0
497000, 60442, 0, 0, 0
497000, 14589, 1, 0, 0
498000, 60110, 0, 0, 0
498000, 14207, 1, 0, 0
499000, 60371, 0, 0, 0
499000, 14348, 1, 0, 0
500000, 58897, 0, 0, 0
500000, 13479, 1, 0, 0
501000, 59314, 0, 0, 0
501000, 13692, 1, 0, 0
502000, 13977, 1, 0, 0
502000, 59423, 0, 0, 0
503000, 58879, 0, 0, 0
503000, 13554, 1, 0, 0
504000, 58186, 0, 0, 0
504000, 12610, 1, 0, 0
505000, 58926, 0, 0, 0
505000, 13291, 1, 0, 0
506000, 60998, 0, 0, 0
506000, 14921, 1, 0, 0
507000, 61087, 0, 0, 0
507000, 14930, 1, 0, 0
508000, 60823, 0, 0, 0
508000, 14787, 1, 0, 0
509000, 59695, 0, 0, 0
509000, 14306, 1, 0, 0
510000, 13343, 1, 0, 0
510000, 58710, 0, 0, 0
511000, 60973, 0, 0, 0
511000, 14977, 1, 0, 0
512000, 60382, 0, 0, 0
512000, 14352, 1, 0, 0
513000, 59369, 0, 0, 0
513000, 14074, 1, 0, 0
514000, 57979, 0, 0, 0
514000, 12753, 1, 0, 0
515000, 58254, 0, 0, 0
515000, 12972, 1, 0, 0
516000, 59843, 0, 0, 0
516000, 14099, 1, 0, 0
517000, 59427, 0, 0, 0
517000, 13944, 1, 0, 0
518000, 59635, 0, 0, 0
518000, 13872, 1, 0, 0
519000, 60192, 0, 0, 0
519000, 14404, 1, 0, 0
520000, 60181, 0, 0, 0
520000, 14540, 1, 0, 0
521000, 58773, 0, 0, 0
521000, 13479, 1, 0, 0
522000, 61053, 0, 0, 0
522000, 14823, 1, 0, 0
523000, 60079, 0, 0, 0
523000, 14271, 1, 0, 0
524000, 60308, 0, 0, 0
524000, 14356, 1, 0, 0
525000, 60426, 0, 0, 0
525000, 14512, 1, 0, 0
526000, 59595, 0, 0, 0
526000, 13948, 1, 0, 0
527000, 60261, 0, 0, 0
527000, 14403, 1, 0, 0
528000, 14620, 1, 0, 0
528000, 60656, 0, 0, 0
529000, 59581, 0, 0, 0
529000, 14120, 1, 0, 0
530000, 60641, 0, 0, 0
530000, 14573, 1, 0, 0
531000, 60607, 0, 0, 0
531000, 14490, 1, 0, 0
532000, 58610, 0, 0, 0
532000, 13062, 1, 0, 0
533000, 60477, 0, 0, 0
533000, 14476, 1, 0, 0
534000, 58763, 0, 0, 0
534000, 13412, 1, 0, 0
535000, 58889, 0, 0, 0
535000, 13314, 1, 0, 0
536000, 60347, 0, 0, 0
536000, 14639, 1, 0, 0
537000, 59728, 0, 0, 0
537000, 14078, 1, 0, 0
538000, 58322, 0, 0, 0
538000, 12712, 1, 0, 0
539000, 59622, 0, 0, 0
539000, 13713, 1, 0, 0
540000, 14145, 1, 0, 0
540000, 60131, 0, 0, 0
541000, 60375, 0, 0, 0
541000, 14457, 1, 0, 0
542000, 58867, 0, 0, 0
542000, 13378, 1, 0, 0
543000, 59156, 0, 0, 0
543000, 13762, 1, 0, 0
544000, 59641, 0, 0, 0
544000, 13769, 1, 0, 0
545000, 59263, 0, 0, 0
545000, 13610, 1, 0, 0
546000, 60004, 0, 0, 0
546000, 13942, 1, 0, 0
547000, 60201, 0, 0, 0
547000, 14381, 1, 0, 0
548000, 59663, 0, 0, 0
548000, 14207, 1, 0, 0
549000, 58346, 0, 0, 0
549000, 12742, 1, 0, 0
550000, 60752, 0, 0, 0
550000, 14746, 1, 0, 0
551000, 61319, 0, 0, 0
551000, 15471, 1, 0, 0
552000, 58982, 0, 0, 0
552000, 13252, 1, 0, 0
553000, 60607, 0, 0, 0
553000, 14422, 1, 0, 0
554000, 60570, 0, 0, 0
554000, 14662, 1, 0, 0
555000, 60779, 0, 0, 0
555000, 14954, 1, 0, 0
556000, 61834, 0, 0, 0
556000, 15586, 1, 0, 0
557000, 59167, 0, 0, 0
557000, 13517, 1, 0, 0
558000, 58908, 0, 0, 0
558000, 13316, 1, 0, 0
559000, 59988, 0, 0, 0
559000, 14504, 1, 0, 0
560000, 61026, 0, 0, 0
560000, 15203, 1, 0, 0
561000, 61500, 0, 0, 0
561000, 15436, 1, 0, 0
562000, 62276, 0, 0, 0
562001, 16021, 1, 0, 0
563000, 61725, 0, 0, 0
563000, 15378, 1, 0, 0
564000, 61663, 0, 0, 0
564000, 15553, 1, 0, 0
565000, 61088, 0, 0, 0
565000, 15170, 1, 0, 0
566000, 62252, 0, 0, 0
566000, 15758, 1, 0, 0
567000, 58971, 0, 0, 0
567000, 13024, 1, 0, 0
568000, 61699, 0, 0, 0
568000, 15371, 1, 0, 0
569000, 61755, 0, 0, 0
569000, 15456, 1, 0, 0
570000, 59415, 0, 0, 0
570000, 13730, 1, 0, 0
571000, 58600, 0, 0, 0
571000, 12992, 1, 0, 0
572000, 59450, 0, 0, 0
572000, 13799, 1, 0, 0
573000, 13881, 1, 0, 0
573000, 59747, 0, 0, 0
574000, 59703, 0, 0, 0
574000, 14289, 1, 0, 0
575000, 58315, 0, 0, 0
575000, 12634, 1, 0, 0
576000, 58317, 0, 0, 0
576000, 12662, 1, 0, 0
577000, 59368, 0, 0, 0
577000, 13912, 1, 0, 0
578000, 61013, 0, 0, 0
578000, 14454, 1, 0, 0
579000, 61244, 0, 0, 0
579000, 15342, 1, 0, 0
580000, 58835, 0, 0, 0
580000, 13477, 1, 0, 0
581000, 58901, 0, 0, 0
581000, 13265, 1, 0, 0
582000, 61397, 0, 0, 0
582000, 15251, 1, 0, 0
583000, 15196, 1, 0, 0
583000, 61173, 0, 0, 0
584000, 60787, 0, 0, 0
584000, 14616, 1, 0, 0
585000, 61626, 0, 0, 0
585000, 15343, 1, 0, 0
586000, 60499, 0, 0, 0
586000, 14334, 1, 0, 0
587000, 59535, 0, 0, 0
587000, 13972, 1, 0, 0
588000, 14288, 1, 0, 0
588000, 60339, 0, 0, 0
589000, 59746, 0, 0, 0
589000, 13974, 1, 0, 0
590000, 59129, 0, 0, 0
590000, 13800, 1, 0, 0
591000, 59967, 0, 0, 0
591000, 14330, 1, 0, 0
592000, 59465, 0, 0, 0
592000, 14036, 1, 0, 0
593000, 61742, 0, 0, 0
593000, 15305, 1, 0, 0
594000, 59921, 0, 0, 0
594000, 13979, 1, 0, 0
595000, 60955, 0, 0, 0
595000, 15163, 1, 0, 0
596000, 61165, 0, 0, 0
596000, 15239, 1, 0, 0
597000, 15614, 1, 0, 0
597000, 61952, 0, 0, 0
598000, 62387, 0, 0, 0
598000, 15790, 1, 0, 0
599000, 61829, 0, 0, 0
599000, 15616, 1, 0, 0
600000, 60834, 0, 0, 0
600000, 14486, 1, 0, 0
601000, 14248, 1, 0, 0
601000, 60034, 0, 0, 0
602000, 61129, 0, 0, 0
602000, 15145, 1, 0, 0
603000, 60366, 0, 0, 0
603000, 14386, 1, 0, 0
604000, 14273, 1, 0, 0
604000, 59953, 0, 0, 0
605000, 59078, 0, 0, 0
605000, 13471, 1, 0, 0
606000, 60519, 0, 0, 0
606000, 14581, 1, 0, 0
607000, 60974, 0, 0, 0
607000, 14864, 1, 0, 0
608000, 59017, 0, 0, 0
608000, 13231, 1, 0, 0
609000, 60396, 0, 0, 0
609000, 14358, 1, 0, 0
610000, 62162, 0, 0, 0
610000, 15803, 1, 0, 0
611000, 60990, 0, 0, 0
611000, 14929, 1, 0, 0
612000, 61009, 0, 0, 0
612000, 14679, 1, 0, 0
613000, 60446, 0, 0, 0
613000, 14555, 1, 0, 0
614000, 62905, 0, 0, 0
614000, 16310, 1, 0, 0
615000, 61727, 0, 0, 0
615000, 15573, 1, 0, 0
616000, 13052, 1, 0, 0
616000, 58623, 0, 0, 0
617000, 62060, 0, 0, 0
617000, 16001, 1, 0, 0
618000, 62124, 0, 0, 0
618000, 16121, 1, 0, 0
619000, 60880, 0, 0, 0
619000, 14830, 1, 0, 0
620000, 60437, 0, 0, 0
620000, 14667, 1, 0, 0
621000, 61334, 0, 0, 0
621000, 15099, 1, 0, 0
622000, 59914, 0, 0, 0
622000, 13957, 1, 0, 0
623000, 59848, 0, 0, 0
623000, 13995, 1, 0, 0
624000, 60474, 0, 0, 0
624000, 14306, 1, 0, 0
625000, 59830, 0, 0, 0
625000, 13876, 1, 0, 0
626000, 58776, 0, 0, 0
626000, 13193, 1, 0, 0
627000, 58335, 0, 0, 0
627000, 12730, 1, 0, 0
628000, 59115, 0, 0, 0
628000, 13597, 1, 0, 0
629000, 59253, 0, 0, 0
629000, 13555, 1, 0, 0
630000, 59654, 0, 0, 0
630000, 14136, 1, 0, 0
631000, 59841, 0, 0, 0
631000, 14091, 1, 0, 0
632000, 61298, 0, 0, 0
632000, 14989, 1, 0, 0
633000, 58880, 0, 0, 0
633000, 13066, 1, 0, 0
634000, 72387, 0, 0, 0
634000, 14939, 1, 0, 0
635000, 58008, 0, 0, 0
635000, 12821, 1, 0, 0
636000, 61161, 0, 0, 0
636000, 15003, 1, 0, 0
637000, 59457, 0, 0, 0
637000, 13931, 1, 0, 0
638000, 59073, 0, 0, 0
638000, 13326, 1, 0, 0
639000, 58519, 0, 0, 0
639000, 12976, 1, 0, 0
640000, 59794, 0, 0, 0
640000, 14032, 1, 0, 0
641000, 58189, 0, 0, 0
641000, 13026, 1, 0, 0
642000, 57643, 0, 0, 0
642000, 12566, 1, 0, 0
643000, 14038, 1, 0, 0
643000, 59712, 0, 0, 0
644000, 61114, 0, 0, 0
644000, 14974, 1, 0, 0
645000, 59801, 0, 0, 0
645000, 14041, 1, 0, 0
646000, 60546, 0, 0, 0
646000, 14617, 1, 0, 0
647000, 59311, 0, 0, 0
647000, 13976, 1, 0, 0
648000, 14753, 1, 0, 0
648000, 61078, 0, 0, 0
649000, 59921, 0, 0, 0
649000, 14176, 1, 0, 0
650000, 60672, 0, 0, 0
650000, 14808, 1, 0, 0
651000, 59405, 0, 0, 0
651000, 13818, 1, 0, 0
652000, 59286, 0, 0, 0
652000, 13618, 1, 0, 0
653000, 13900, 1, 0, 0
653000, 59706, 0, 0, 0
654000, 60540, 0, 0, 0
654000, 14788, 1, 0, 0
655000, 59927, 0, 0, 0
655000, 14108, 1, 0, 0
656000, 14171, 1, 0, 0
656000, 59786, 0, 0, 0
657000, 59743, 0, 0, 0
657000, 14051, 1, 0, 0
658000, 59598, 0, 0, 0
658000, 14055, 1, 0, 0
659000, 14557, 1, 0, 0
659000, 60532, 0, 0, 0
660000, 59729, 0, 0, 0
660000, 13670, 1, 0, 0
661000, 59934, 0, 0, 0
661000, 14092, 1, 0, 0
662000, 60366, 0, 0, 0
662000, 14117, 1, 0, 0
663000, 57801, 0, 0, 0
663000, 12628, 1, 0, 0
664000, 59087, 0, 0, 0
664000, 13609, 1, 0, 0
665000, 61096, 0, 0, 0
665000, 14916, 1, 0, 0
666000, 15123, 1, 0, 0
666000, 61025, 0, 0, 0
667000, 60228, 0, 0, 0
667000, 14477, 1, 0, 0
668000, 59296, 0, 0, 0
668000, 13839, 1, 0, 0
669000, 61529, 0, 0, 0
669000, 15330, 1, 0, 0
670000, 60645, 0, 0, 0
670000, 15009, 1, 0, 0
671000, 61013, 0, 0, 0
671000, 15159, 1, 0, 0
672000, 62157, 0, 0, 0
672000, 15631, 1, 0, 0
673000, 60889, 0, 0, 0
673000, 14965, 1, 0, 0
674000, 61407, 0, 0, 0
674000, 15113, 1, 0, 0
675000, 15447, 1, 0, 0
675000, 61819, 0, 0, 0
676000, 61566, 0, 0, 0
676000, 14874, 1, 0, 0
677000, 59146, 0, 0, 0
677000, 13613, 1, 0, 0
678000, 60576, 0, 0, 0
678000, 14760, 1, 0, 0
679000, 59872, 0, 0, 0
679000, 14074, 1, 0, 0
680000, 59113, 0, 0, 0
680000, 13590, 1, 0, 0
681000, 61265, 0, 0, 0
681000, 15127, 1, 0, 0
682000, 61521, 0, 0, 0
682000, 15408, 1, 0, 0
683000, 59660, 0, 0, 0
683000, 14018, 1, 0, 0
684000, 14618, 1, 0, 0
684000, 60708, 0, 0, 0
685000, 60281, 0, 0, 0
685000, 14281, 1, 0, 0
686000, 60339, 0, 0, 0
686000, 14270, 1, 0, 0
687000, 61335, 0, 0, 0
687000, 15079, 1, 0, 0
688000, 59759, 0, 0, 0
688000, 14035, 1, 0, 0
689000, 60198, 0, 0, 0
689000, 14313, 1, 0, 0
690000, 59019, 0, 0, 0
690000, 13267, 1, 0, 0
691000, 59040, 0, 0, 0
691000, 13169, 1, 0, 0
692000, 59341, 0, 0, 0
692000, 13818, 1, 0, 0
693000, 60068, 0, 0, 0
693000, 14419, 1, 0, 0
694000, 59951, 0, 0, 0
694000, 14266, 1, 0, 0
695000, 58627, 0, 0, 0
695000, 13049, 1, 0, 0
696000, 59415, 0, 0, 0
696000, 13511, 1, 0, 0
697000, 60777, 0, 0, 0
697000, 14795, 1, 0, 0
698000, 59321, 0, 0, 0
698000, 13902, 1, 0, 0
699000, 61464, 0, 0, 0
699000, 15338, 1, 0, 0
700000, 60582, 0, 0, 0
700000, 14462, 1, 0, 0
701000, 58335, 0, 0, 0
701000, 12755, 1, 0, 0
702000, 59075, 0, 0, 0
702000, 13515, 1, 0, 0
703000, 59047, 0, 0, 0
703000, 13583, 1, 0, 0
704000, 61228, 0, 0, 0
704000, 15147, 1, 0, 0
705000, 61827, 0, 0, 0
705000, 15555, 1, 0, 0
706000, 58471, 0, 0, 0
706000, 13161, 1, 0, 0
707000, 58644, 0, 0, 0
707000, 13236, 1, 0, 0
708000, 59756, 0, 0, 0
708000, 14094, 1, 0, 0
709000, 61336, 0, 0, 0
709000, 15212, 1, 0, 0
710000, 60693, 0, 0, 0
710000, 14932, 1, 0, 0
711000, 59166, 0, 0, 0
711000, 13544, 1, 0, 0
712000, 59135, 0, 0, 0
712000, 13598, 1, 0, 0
713000, 61164, 0, 0, 0
713000, 14849, 1, 0, 0
714000, 61755, 0, 0, 0
714000, 15661, 1, 0, 0
715000, 61660, 0, 0, 0
715000, 15619, 1, 0, 0
716000, 61489, 0, 0, 0
716000, 15423, 1, 0, 0
717000, 59447, 0, 0, 0
717000, 13885, 1, 0, 0
718000, 60056, 0, 0, 0
718000, 14223, 1, 0, 0
719000, 60599, 0, 0, 0
719000, 14663, 1, 0, 0
720000, 61365, 0, 0, 0
720000, 15003, 1, 0, 0
721000, 59509, 0, 0, 0
721000, 14113, 1, 0, 0
722000, 59843, 0, 0, 0
722000, 14292, 1, 0, 0
723000, 59924, 0, 0, 0
723000, 14273, 1, 0, 0
724000, 58326, 0, 0, 0
724000, 12582, 1, 0, 0
725000, 57842, 0, 0, 0
725000, 12887, 1, 0, 0
726000, 59263, 0, 0, 0
726000, 13675, 1, 0, 0
727000, 60830, 0, 0, 0
727000, 14795, 1, 0, 0
728000, 59324, 0, 0, 0
728000, 13676, 1, 0, 0
729000, 59110, 0, 0, 0
729000, 13620, 1, 0, 0
730000, 58869, 0, 0, 0
730000, 13027, 1, 0, 0
731000, 60057, 0, 0, 0
731000, 13945, 1, 0, 0
732000, 61921, 0, 0, 0
732000, 15630, 1, 0, 0
733000, 61683, 0, 0, 0
733000, 15351, 1, 0, 0
734000, 59393, 0, 0, 0
734000, 13613, 1, 0, 0
735000, 58920, 0, 0, 0
735000, 13565, 1, 0, 0
736000, 12082, 1, 0, 0
736000, 57442, 0, 0, 0
737000, 57716, 0, 0, 0
737000, 12430, 1, 0, 0
738000, 60171, 0, 0, 0
738000, 14543, 1, 0, 0
739000, 60836, 0, 0, 0
739000, 14822, 1, 0, 0
740000, 60282, 0, 0, 0
740000, 14384, 1, 0, 0
741000, 60173, 0, 0, 0
741000, 14098, 1, 0, 0
742000, 59759, 0, 0, 0
742000, 13950, 1, 0, 0
743000, 60102, 0, 0, 0
743000, 14115, 1, 0, 0
744000, 58759, 0, 0, 0
744000, 13190, 1, 0, 0
745000, 60889, 0, 0, 0
745000, 14644, 1, 0, 0
746000, 60547, 0, 0, 0
746000, 14380, 1, 0, 0
747000, 60317, 0, 0, 0
747000, 14589, 1, 0, 0
748000, 59778, 0, 0, 0
748000, 14106, 1, 0, 0
749000, 60223, 0, 0, 0
749000, 14434, 1, 0, 0
750000, 59586, 0, 0, 0
750000, 13755, 1, 0, 0
751000, 59203, 0, 0, 0
751000, 13695, 1, 0, 0
752000, 60584, 0, 0, 0
752000, 14444, 1, 0, 0
753000, 60832, 0, 0, 0
753000, 14984, 1, 0, 0
754000, 60778, 0, 0, 0
754000, 14737, 1, 0, 0
755000, 59365, 0, 0, 0
755000, 13861, 1, 0, 0
756000, 58863, 0, 0, 0
756000, 12961, 1, 0, 0
757000, 59825, 0, 0, 0
757000, 14062, 1, 0, 0
758000, 14001, 1, 0, 0
758000, 59808, 0, 0, 0
759000, 60251, 0, 0, 0
759000, 14301, 1, 0, 0
760000, 61393, 0, 0, 0
760000, 14933, 1, 0, 0
761000, 60257, 0, 0, 0
761000, 14598, 1, 0, 0
762000, 60981, 0, 0, 0
762000, 14674, 1, 0, 0
763000, 61470, 0, 0, 0
763000, 14953, 1, 0, 0
764000, 14847, 1, 0, 0
764000, 60757, 0, 0, 0
765000, 58261, 0, 0, 0
765000, 12575, 1, 0, 0
766000, 60999, 0, 0, 0
766000, 15068, 1, 0, 0
767000, 60911, 0, 0, 0
767000, 14726, 1, 0, 0
768000, 59210, 0, 0, 0
768000, 13455, 1, 0, 0
769000, 57739, 0, 0, 0
769000, 12679, 1, 0, 0
770000, 59905, 0, 0, 0
770000, 14220, 1, 0, 0
771000, 60101, 0, 0, 0
771000, 14389, 1, 0, 0
772000, 61095, 0, 0, 0
772000, 14851, 1, 0, 0
773000, 59622, 0, 0, 0
773000, 13841, 1, 0, 0
774000, 60330, 0, 0, 0
774000, 13856, 1, 0, 0
775000, 58340, 0, 0, 0
775000, 12740, 1, 0, 0
776000, 58270, 0, 0, 0
776000, 13033, 1, 0, 0
777000, 59895, 0, 0, 0
777000, 14138, 1, 0, 0
778000, 58414, 0, 0, 0
778000, 12837, 1, 0, 0
779000, 60194, 0, 0, 0
779000, 14063, 1, 0, 0
780000, 13717, 1, 0, 0
780000, 59365, 0, 0, 0
781000, 59203, 0, 0, 0
781000, 13690, 1, 0, 0
782000, 60302, 0, 0, 0
782000, 14350, 1, 0, 0
783000, 60571, 0, 0, 0
783000, 14716, 1, 0, 0
784000, 59486, 0, 0, 0
784000, 13858, 1, 0, 0
785000, 58474, 0, 0, 0
785000, 12816, 1, 0, 0
786000, 57388, 0, 0, 0
786000, 12202, 1, 0, 0
787000, 58401, 0, 0, 0
787000, 12920, 1, 0, 0
788000, 60630, 0, 0, 0
788000, 14728, 1, 0, 0
789000, 60456, 0, 0, 0
789000, 14485, 1, 0, 0
790000, 14202, 1, 0, 0
790000, 59844, 0, 0, 0
791000, 61070, 0, 0, 0
791000, 14772, 1, 0, 0
792000, 59491, 0, 0, 0
792000, 13681, 1, 0, 0
793000, 59767, 0, 0, 0
793000, 13982, 1, 0, 0
794000, 59388, 0, 0, 0
794000, 13768, 1, 0, 0
795000, 14051, 1, 0, 0
795000, 60108, 0, 0, 0
796000, 59074, 0, 0, 0
796000, 13453, 1, 0, 0
797000, 60093, 0, 0, 0
797000, 14469, 1, 0, 0
798000, 60145, 0, 0, 0
798000, 14092, 1, 0, 0
799000, 60180, 0, 0, 0
799000, 14357, 1, 0, 0
800000, 60095, 0, 0, 0
800000, 14436, 1, 0, 0
801000, 72831, 0, 0, 0
801000, 15102, 1, 0, 0
802000, 60450, 0, 0, 0
802000, 14686, 1, 0, 0
803000, 59415, 0, 0, 0
803000, 13738, 1, 0, 0
804000, 60009, 0, 0, 0
804000, 14072, 1, 0, 0
805000, 60869, 0, 0, 0
805000, 14621, 1, 0, 0
806000, 59150, 0, 0, 0
806000, 13645, 1, 0, 0
807000, 59508, 0, 0, 0
807000, 13947, 1, 0, 0
808000, 60856, 0, 0, 0
808000, 14952, 1, 0, 0
809000, 60249, 0, 0, 0
809000, 14613, 1, 0, 0
810000, 60770, 0, 0, 0
810000, 14860, 1, 0, 0
811000, 59140, 0, 0, 0
811000, 13672, 1, 0, 0
812000, 59029, 0, 0, 0
812000, 13499, 1, 0, 0
813000, 58622, 0, 0, 0
813000, 12982, 1, 0, 0
814000, 59542, 0, 0, 0
814000, 13641, 1, 0, 0
815000, 59791, 0, 0, 0
815000, 13640, 1, 0, 0
816000, 12685, 1, 0, 0
816000, 58414, 0, 0, 0
817000, 57858, 0, 0, 0
817000, 12304, 1, 0, 0
818000, 61078, 0, 0, 0
818000, 15001, 1, 0, 0
819000, 60394, 0, 0, 0
819000, 14400, 1, 0, 0
820000, 59680, 0, 0, 0
820000, 14282, 1, 0, 0
821000, 61100, 0, 0, 0
821000, 15398, 1, 0, 0
822000, 60331, 0, 0, 0
822000, 14690, 1, 0, 0
823000, 15012, 1, 0, 0
823000, 61085, 0, 0, 0
824000, 14710, 1, 0, 0
824000, 60321, 0, 0, 0
825000, 60960, 0, 0, 0
825000, 15080, 1, 0, 0
826000, 62467, 0, 0, 0
826000, 16324, 1, 0, 0
827000, 61614, 0, 0, 0
827000, 15302, 1, 0, 0
828000, 59182, 0, 0, 0
828000, 13741, 1, 0, 0
829000, 61201, 0, 0, 0
829000, 15029, 1, 0, 0
830000, 58575, 0, 0, 0
830000, 12802, 1, 0, 0
831000, 58146, 0, 0, 0
831000, 12729, 1, 0, 0
832000, 59668, 0, 0, 0
832000, 13952, 1, 0, 0
833000, 61380, 0, 0, 0
833000, 15287, 1, 0, 0
834000, 58627, 0, 0, 0
834000, 13311, 1, 0, 0
835000, 58244, 0, 0, 0
835000, 12930, 1, 0, 0
836000, 61822, 0, 0, 0
836000, 15550, 1, 0, 0
837000, 13999, 1, 0, 0
837000, 59248, 0, 0, 0
838000, 61346, 0, 0, 0
838000, 15540, 1, 0, 0
839000, 62269, 0, 0, 0
839000, 15600, 1, 0, 0
840000, 58860, 0, 0, 0
840000, 13454, 1, 0, 0
841000, 60971, 0, 0, 0
841000, 15058, 1, 0, 0
842000, 59517, 0, 0, 0
842000, 13814, 1, 0, 0
843000, 62134, 0, 0, 0
843000, 15786, 1, 0, 0
844000, 60975, 0, 0, 0
844000, 15044, 1, 0, 0
845000, 58712, 0, 0, 0
845000, 13527, 1, 0, 0
846000, 59547, 0, 0, 0
846000, 14044, 1, 0, 0
847000, 59151, 0, 0, 0
847000, 13703, 1, 0, 0
848000, 60162, 0, 0, 0
848000, 14558, 1, 0, 0
849000, 59808, 0, 0, 0
849000, 13982, 1, 0, 0
850000, 59213, 0, 0, 0
850000, 13835, 1, 0, 0
851000, 61861, 0, 0, 0
851000, 15315, 1, 0, 0
852000, 61279, 0, 0, 0
852000, 15040, 1, 0, 0
853000, 60474, 0, 0, 0
853000, 14571, 1, 0, 0
854000, 59857, 0, 0, 0
854000, 13987, 1, 0, 0
855000, 60122, 0, 0, 0
855000, 14336, 1, 0, 0
856000, 61830, 0, 0, 0
856000, 15436, 1, 0, 0
857000, 61397, 0, 0, 0
857000, 14993, 1, 0, 0
858000, 14179, 1, 0, 0
858000, 59749, 0, 0, 0
859000, 57850, 0, 0, 0
859000, 12370, 1, 0, 0
860000, 59962, 0, 0, 0
860000, 14114, 1, 0, 0
861000, 62305, 0, 0, 0
861000, 15767, 1, 0, 0
862000, 61001, 0, 0, 0
862000, 15015, 1, 0, 0
863000, 61155, 0, 0, 0
863000, 15036, 1, 0, 0
864000, 59658, 0, 0, 0
864000, 14109, 1, 0, 0
865000, 60229, 0, 0, 0
865000, 14270, 1, 0, 0
866000, 59042, 0, 0, 0
866000, 13720, 1, 0, 0
867000, 14796, 1, 0, 0
867000, 60864, 0, 0, 0
868000, 58961, 0, 0, 0
868000, 13448, 1, 0, 0
869000, 58994, 0, 0, 0
869000, 13606, 1, 0, 0
870000, 60234, 0, 0, 0
870000, 14253, 1, 0, 0
871000, 57698, 0, 0, 0
871000, 12184, 1, 0, 0
872000, 59799, 0, 0, 0
872000, 14097, 1, 0, 0
873000, 59498, 0, 0, 0
873000, 13844, 1, 0, 0
874000, 60294, 0, 0, 0
874000, 14477, 1, 0, 0
875000, 58267, 0, 0, 0
875000, 12858, 1, 0, 0
876000, 60986, 0, 0, 0
876000, 14670, 1, 0, 0
877000, 60560, 0, 0, 0
877000, 14724, 1, 0, 0
878000, 61253, 0, 0, 0
878000, 14951, 1, 0, 0
879000, 60588, 0, 0, 0
879000, 14742, 1, 0, 0
880000, 59570, 0, 0, 0
880000, 13876, 1, 0, 0
881000, 59786, 0, 0, 0
881000, 14310, 1, 0, 0
882000, 61475, 0, 0, 0
882000, 15293, 1, 0, 0
883000, 14111, 1, 0, 0
883000, 59807, 0, 0, 0
884000, 60306, 0, 0, 0
884000, 14300, 1, 0, 0
885000, 58141, 0, 0, 0
885000, 12295, 1, 0, 0
886000, 60127, 0, 0, 0
886000, 14196, 1, 0, 0
887000, 60293, 0, 0, 0
887000, 14256, 1, 0, 0
888000, 60434, 0, 0, 0
888000, 14682, 1, 0, 0
889000, 59854, 0, 0, 0
889000, 13965, 1, 0, 0
890000, 60117, 0, 0, 0
890000, 14355, 1, 0, 0
891000, 60055, 0, 0, 0
891000, 14226, 1, 0, 0
892000, 58919, 0, 0, 0
892000, 13526, 1, 0, 0
893000, 61682, 0, 0, 0
893000, 15340, 1, 0, 0
894000, 60540, 0, 0, 0
894000, 14580, 1, 0, 0
895000, 59816, 0, 0, 0
895000, 13788, 1, 0, 0
896000, 58797, 0, 0, 0
896000, 13409, 1, 0, 0
897000, 60600, 0, 0, 0
897000, 14842, 1, 0, 0
898000, 58448, 0, 0, 0
898000, 13134, 1, 0, 0
899000, 60637, 0, 0, 0
899000, 14676, 1, 0, 0
900000, 59442, 0, 0, 0
900000, 13506, 1, 0, 0
901000, 58035, 0, 0, 0
901000, 12434, 1, 0, 0
902000, 57820, 0, 0, 0
902000, 12425, 1, 0, 0
903000, 59674, 0, 0, 0
903000, 13873, 1, 0, 0
904000, 60312, 0, 0, 0
904000, 14054, 1, 0, 0
905000, 60463, 0, 0, 0
905000, 14630, 1, 0, 0
906000, 61551, 0, 0, 0
906000, 15335, 1, 0, 0
907000, 60566, 0, 0, 0
907000, 14612, 1, 0, 0
908000, 60942, 0, 0, 0
908000, 14937, 1, 0, 0
909000, 60099, 0, 0, 0
909000, 14143, 1, 0, 0
910000, 59104, 0, 0, 0
910000, 13778, 1, 0, 0
911000, 60526, 0, 0, 0
911000, 14406, 1, 0, 0
912000, 15074, 1, 0, 0
912000, 61321, 0, 0, 0
913000, 59717, 0, 0, 0
913000, 13800, 1, 0, 0
914000, 61219, 0, 0, 0
914000, 15050, 1, 0, 0
915000, 61168, 0, 0, 0
915000, 15086, 1, 0, 0
916000, 60628, 0, 0, 0
916000, 14994, 1, 0, 0
917000, 60192, 0, 0, 0
917000, 14385, 1, 0, 0
918000, 62378, 0, 0, 0
918000, 15648, 1, 0, 0
919000, 60178, 0, 0, 0
919000, 14284, 1, 0, 0
920000, 59343, 0, 0, 0
920000, 13605, 1, 0, 0
921000, 58857, 0, 0, 0
921000, 13221, 1, 0, 0
922000, 14367, 1, 0, 0
922000, 61056, 0, 0, 0
923000, 59232, 0, 0, 0
923000, 13339, 1, 0, 0
924000, 60141, 0, 0, 0
924000, 14343, 1, 0, 0
925000, 59386, 0, 0, 0
925000, 13660, 1, 0, 0
926000, 61186, 0, 0, 0
926000, 14725, 1, 0, 0
927000, 60853, 0, 0, 0
927000, 15030, 1, 0, 0
928000, 61566, 0, 0, 0
928000, 15487, 1, 0, 0
929000, 60571, 0, 0, 0
929000, 14362, 1, 0, 0
930000, 60890, 0, 0, 0
930000, 14725, 1, 0, 0
931000, 61871, 0, 0, 0
931000, 15903, 1, 0, 0
932000, 61404, 0, 0, 0
932000, 15218, 1, 0, 0
933000, 60279, 0, 0, 0
933000, 14595, 1, 0, 0
934000, 59327, 0, 0, 0
934000, 13625, 1, 0, 0
935000, 14807, 1, 0, 0
935000, 60795, 0, 0, 0
936000, 60335, 0, 0, 0
936000, 14643, 1, 0, 0
937000, 58717, 0, 0, 0
937000, 13287, 1, 0, 0
938000, 59494, 0, 0, 0
938000, 13859, 1, 0, 0
939000, 61422, 0, 0, 0
939000, 15299, 1, 0, 0
940000, 61719, 0, 0, 0
940000, 15389, 1, 0, 0
941000, 61632, 0, 0, 0
941000, 14875, 1, 0, 0
942000, 59588, 0, 0, 0
942000, 14007, 1, 0, 0
943000, 60654, 0, 0, 0
943000, 14673, 1, 0, 0
944000, 60305, 0, 0, 0
944000, 14732, 1, 0, 0
945000, 59081, 0, 0, 0
945000, 13803, 1, 0, 0
946000, 61123, 0, 0, 0
946000, 15064, 1, 0, 0
947000, 15077, 1, 0, 0
947000, 61237, 0, 0, 0
948000, 59974, 0, 0, 0
948000, 14298, 1, 0, 0
949000, 57907, 0, 0, 0
949000, 12565, 1, 0, 0
950000, 57603, 0, 0, 0
950000, 12413, 1, 0, 0
951000, 59221, 0, 0, 0
951000, 13106, 1, 0, 0
952000, 58671, 0, 0, 0
952000, 13357, 1, 0, 0
953000, 57543, 0, 0, 0
953000, 12288, 1, 0, 0
954000, 61884, 0, 0, 0
954000, 15139, 1, 0, 0
955000, 60071, 0, 0, 0
955000, 13962, 1, 0, 0
956000, 13679, 1, 0, 0
956000, 59565, 0, 0, 0
957000, 59917, 0, 0, 0
957000, 14108, 1, 0, 0
958000, 61597, 0, 0, 0
958000, 15218, 1, 0, 0
959000, 60432, 0, 0, 0
959000, 14261, 1, 0, 0
960000, 60647, 0, 0, 0
960000, 14649, 1, 0, 0
961000, 60787, 0, 0, 0
961000, 14444, 1, 0, 0
962000, 59860, 0, 0, 0
962000, 14298, 1, 0, 0
963000, 60412, 0, 0, 0
963000, 14272, 1, 0, 0
964000, 60444, 0, 0, 0
964000, 14623, 1, 0, 0
965000, 62233, 0, 0, 0
965000, 15744, 1, 0, 0
966000, 62158, 0, 0, 0
966000, 15829, 1, 0, 0
967000, 60900, 0, 0, 0
967000, 14991, 1, 0, 0
968000, 14766, 1, 0, 0
968000, 60933, 0, 0, 0
969000, 71604, 0, 0, 0
969000, 14503, 1, 0, 0
970000, 59517, 0, 0, 0
970000, 14009, 1, 0, 0
971000, 60610, 0, 0, 0
971000, 14672, 1, 0, 0
972000, 14094, 1, 0, 0
972000, 59864, 0, 0, 0
973000, 62069, 0, 0, 0
973000, 15620, 1, 0, 0
974000, 61963, 0, 0, 0
974000, 15491, 1, 0, 0
975000, 59560, 0, 0, 0
975000, 13967, 1, 0, 0
976000, 60631, 0, 0, 0
976000, 14457, 1, 0, 0
977000, 13541, 1, 0, 0
977000, 58671, 0, 0, 0
978000, 61343, 0, 0, 0
978000, 15231, 1, 0, 0
979000, 60743, 0, 0, 0
979000, 14913, 1, 0, 0
980000, 14615, 1, 0, 0
980000, 60532, 0, 0, 0
981000, 61708, 0, 0, 0
981000, 15228, 1, 0, 0
982000, 59319, 0, 0, 0
982000, 13648, 1, 0, 0
983000, 60067, 0, 0, 0
983000, 13803, 1, 0, 0
984000, 15389, 1, 0, 0
984000, 61616, 0, 0, 0
985000, 60214, 0, 0, 0
985000, 14415, 1, 0, 0
986000, 59133, 0, 0, 0
986000, 13722, 1, 0, 0
987000, 14441, 1, 0, 0
987000, 60166, 0, 0, 0
988000, 61699, 0, 0, 0
988000, 15638, 1, 0, 0
989000, 59438, 0, 0, 0
989000, 13909, 1, 0, 0
990000, 61153, 0, 0, 0
990000, 14822, 1, 0, 0
991000, 60207, 0, 0, 0
991000, 14271, 1, 0, 0
992000, 60192, 0, 0, 0
992000, 14310, 1, 0, 0
993000, 58508, 0, 0, 0
993000, 13190, 1, 0, 0
994000, 60203, 0, 0, 0
994000, 14413, 1, 0, 0
995000, 61585, 0, 0, 0
995000, 15078, 1, 0, 0
996000, 61804, 0, 0, 0
996000, 15192, 1, 0, 0
997000, 60177, 0, 0, 0
997000, 13903, 1, 0, 0
998000, 60021, 0, 0, 0
998000, 14389, 1, 0, 0
999000, 14677, 1, 0, 0
999000, 60820, 0, 0, 0
1000000, 14061, 1, 0, 0
1000000, 59600, 0, 0, 0
1001000, 60980, 0, 0, 0
1001000, 14702, 1, 0, 0
1002000, 60690, 0, 0, 0
1002000, 14732, 1, 0, 0
1003000, 60659, 0, 0, 0
1003000, 14694, 1, 0, 0
1004000, 60090, 0, 0, 0
1004000, 14244, 1, 0, 0
1005000, 58966, 0, 0, 0
1005000, 13518, 1, 0, 0
1006000, 58540, 0, 0, 0
1006000, 13063, 1, 0, 0
1007000, 57830, 0, 0, 0
1007000, 12137, 1, 0, 0
1008000, 58585, 0, 0, 0
1008000, 12873, 1, 0, 0
1009000, 59156, 0, 0, 0
1009000, 13737, 1, 0, 0
1010000, 59041, 0, 0, 0
1010000, 13684, 1, 0, 0
1011000, 60278, 0, 0, 0
1011000, 14476, 1, 0, 0
1012000, 60652, 0, 0, 0
1012000, 14592, 1, 0, 0
1013000, 58733, 0, 0, 0
1013000, 13303, 1, 0, 0
1014000, 57953, 0, 0, 0
1014000, 12583, 1, 0, 0
1015000, 60337, 0, 0, 0
1015000, 14480, 1, 0, 0
1016000, 59357, 0, 0, 0
1016000, 13870, 1, 0, 0
1017000, 61212, 0, 0, 0
1017000, 15219, 1, 0, 0
1018000, 60579, 0, 0, 0
1018000, 14370, 1, 0, 0
1019000, 61959, 0, 0, 0
1019000, 15458, 1, 0, 0
1020000, 60376, 0, 0, 0
1020000, 14511, 1, 0, 0
1021000, 12312, 1, 0, 0
1021000, 58037, 0, 0, 0
1022000, 59964, 0, 0, 0
1022000, 14081, 1, 0, 0
1023000, 14416, 1, 0, 0
1023000, 60223, 0, 0, 0
1024000, 61145, 0, 0, 0
1024000, 15151, 1, 0, 0
1025000, 62072, 0, 0, 0
1025000, 15716, 1, 0, 0
1026000, 61765, 0, 0, 0
1026000, 15664, 1, 0, 0
1027000, 61179, 0, 0, 0
1027000, 15245, 1, 0, 0
1028000, 61635, 0, 0, 0
1028000, 15356, 1, 0, 0
1029000, 59791, 0, 0, 0
1029000, 14146, 1, 0, 0
1030000, 60688, 0, 0, 0
1030000, 14572, 1, 0, 0
1031000, 59479, 0, 0, 0
1031000, 13515, 1, 0, 0
1032000, 59449, 0, 0, 0
1032000, 13588, 1, 0, 0
1033000, 59620, 0, 0, 0
1033000, 13913, 1, 0, 0
1034000, 58709, 0, 0, 0
1034000, 13096, 1, 0, 0
1035000, 59282, 0, 0, 0
1035000, 13779, 1, 0, 0
1036000, 13440, 1, 0, 0
1036000, 58876, 0, 0, 0
1037000, 60145, 0, 0, 0
1037000, 14391, 1, 0, 0
1038000, 58488, 0, 0, 0
1038000, 13076, 1, 0, 0
1039000, 58211, 0, 0, 0
1039000, 12785, 1, 0, 0
1040000, 60670, 0, 0, 0
1040000, 14737, 1, 0, 0
1041000, 14150, 1, 0, 0
1041000, 59623, 0, 0, 0
1042000, 59445, 0, 0, 0
1042000, 13862, 1, 0, 0
1043000, 62284, 0, 0, 0
1043000, 15601, 1, 0, 0
1044000, 61849, 0, 0, 0
1044000, 15727, 1, 0, 0
1045000, 61462, 0, 0, 0
1045000, 15441, 1, 0, 0
1046000, 61265, 0, 0, 0
1046000, 15382, 1, 0, 0
1047000, 60555, 0, 0, 0
1047000, 14798, 1, 0, 0
1048000, 61231, 0, 0, 0
1048000, 14902, 1, 0, 0
1049000, 14469, 1, 0, 0
1049000, 60279, 0, 0, 0
1050000, 60757, 0, 0, 0
1050000, 14778, 1, 0, 0
1051000, 58060, 0, 0, 0
1051000, 12711, 1, 0, 0
1052000, 58238, 0, 0, 0
1052000, 12939, 1, 0, 0
1053000, 59947, 0, 0, 0
1053000, 13879, 1, 0, 0
1054000, 60202, 0, 0, 0
1054000, 14147, 1, 0, 0
1055000, 59931, 0, 0, 0
1055000, 14198, 1, 0, 0
1056000, 61425, 0, 0, 0
1056000, 15343, 1, 0, 0
1057000, 59262, 0, 0, 0
1057000, 13690, 1, 0, 0
1058000, 60419, 0, 0, 0
1058000, 14478, 1, 0, 0
1059000, 60062, 0, 0, 0
1059000, 14439, 1, 0, 0
1060000, 61365, 0, 0, 0
1060000, 15228, 1, 0, 0
1061000, 61532, 0, 0, 0
1061000, 15065, 1, 0, 0
1062000, 15407, 1, 0, 0
1062000, 61369, 0, 0, 0
1063000, 60445, 0, 0, 0
1063000, 14693, 1, 0, 0
1064000, 59835, 0, 0, 0
1064000, 14203, 1, 0, 0
1065000, 14160, 1, 0, 0
1065000, 59613, 0, 0, 0
1066000, 60648, 0, 0, 0
1066000, 14965, 1, 0, 0
1067000, 60882, 0, 0, 0
1067000, 14870, 1, 0, 0
1068000, 59422, 0, 0, 0
1068000, 13950, 1, 0, 0
1069000, 60310, 0, 0, 0
1069000, 14311, 1, 0, 0
1070000, 58495, 0, 0, 0
1070000, 13427, 1, 0, 0
1071000, 60746, 0, 0, 0
1071000, 14749, 1, 0, 0
1072000, 59752, 0, 0, 0
1072000, 14083, 1, 0, 0
1073000, 58873, 0, 0, 0
1073000, 13455, 1, 0, 0
1074000, 57527, 0, 0, 0
1074000, 12448, 1, 0, 0
1075000, 58738, 0, 0, 0
1075000, 13094, 1, 0, 0
1076000, 59244, 0, 0, 0
1076000, 13850, 1, 0, 0
1077000, 59581, 0, 0, 0
1077000, 14131, 1, 0, 0
1078000, 60684, 0, 0, 0
1078000, 14856, 1, 0, 0
1079000, 60216, 0, 0, 0
1079000, 14407, 1, 0, 0
1080000, 59544, 0, 0, 0
1080000, 14011, 1, 0, 0
1081000, 61483, 0, 0, 0
1081000, 14886, 1, 0, 0
1082000, 60191, 0, 0, 0
1082000, 14421, 1, 0, 0
1083000, 60810, 0, 0, 0
1083000, 14742, 1, 0, 0
1084000, 60706, 0, 0, 0
1084000, 14906, 1, 0, 0
1085000, 15198, 1, 0, 0
1085000, 61093, 0, 0, 0
1086000, 15325, 1, 0, 0
1086000, 61545, 0, 0, 0
1087000, 61465, 0, 0, 0
1087000, 15413, 1, 0, 0
1088000, 14428, 1, 0, 0
1088000, 60064, 0, 0, 0
1089000, 60510, 0, 0, 0
1089000, 14504, 1, 0, 0
1090000, 59954, 0, 0, 0
1090000, 14121, 1, 0, 0
1091000, 59659, 0, 0, 0
1091000, 13644, 1, 0, 0
1092000, 58608, 0, 0, 0
1092000, 13521, 1, 0, 0
1093000, 59609, 0, 0, 0
1093000, 13953, 1, 0, 0
1094000, 61291, 0, 0, 0
1094000, 15020, 1, 0, 0
1095000, 59514, 0, 0, 0
1095000, 13894, 1, 0, 0
1096000, 59734, 0, 0, 0
1096000, 13938, 1, 0, 0
1097000, 14962, 1, 0, 0
1097000, 61144, 0, 0, 0
1098000, 60136, 0, 0, 0
1098000, 14292, 1, 0, 0
1099000, 58122, 0, 0, 0
1099000, 12736, 1, 0, 0
1100000, 57927, 0, 0, 0
1100000, 12520, 1, 0, 0
1101000, 58759, 0, 0, 0
1101000, 13238, 1, 0, 0
1102000, 59289, 0, 0, 0
1102000, 13624, 1, 0, 0
1103000, 59692, 0, 0, 0
1103000, 13679, 1, 0, 0
1104000, 60503, 0, 0, 0
1104000, 14677, 1, 0, 0
1105000, 61479, 0, 0, 0
1105000, 15549, 1, 0, 0
1106000, 60595, 0, 0, 0
1106000, 14650, 1, 0, 0
1107000, 61694, 0, 0, 0
1107000, 15567, 1, 0, 0
1108000, 62420, 0, 0, 0
1108000, 16651, 1, 0, 0
1109000, 62213, 0, 0, 0
1109000, 15919, 1, 0, 0
1110000, 58005, 0, 0, 0
1110000, 12555, 1, 0, 0
1111000, 59676, 0, 0, 0
1111000, 13974, 1, 0, 0
1112000, 61377, 0, 0, 0
1112000, 15536, 1, 0, 0
1113000, 60811, 0, 0, 0
1113000, 14602, 1, 0, 0
1114000, 61814, 0, 0, 0
1114000, 15690, 1, 0, 0
1115000, 62436, 0, 0, 0
1115000, 16096, 1, 0, 0
1116000, 61947, 0, 0, 0
1116000, 15739, 1, 0, 0
1117000, 60192, 0, 0, 0
1117000, 14547, 1, 0, 0
1118000, 60644, 0, 0, 0
1118000, 14971, 1, 0, 0
1119000, 62931, 0, 0, 0
1119000, 16551, 1, 0, 0
1120000, 62949, 0, 0, 0
1120000, 16564, 1, 0, 0
1121000, 62500, 0, 0, 0
1121000, 16384, 1, 0, 0
1122000, 59626, 0, 0, 0
1122000, 13734, 1, 0, 0
1123000, 15921, 1, 0, 0
1123000, 61988, 0, 0, 0
1124000, 61755, 0, 0, 0
1124000, 15624, 1, 0, 0
1125000, 60283, 0, 0, 0
1125000, 14457, 1, 0, 0
1126000, 15079, 1, 0, 0
1126000, 61134, 0, 0, 0
1127000, 58717, 0, 0, 0
1127000, 13045, 1, 0, 0
1128000, 61874, 0, 0, 0
1128000, 15554, 1, 0, 0
1129000, 61009, 0, 0, 0
1129000, 14882, 1, 0, 0
1130000, 61823, 0, 0, 0
1130000, 15779, 1, 0, 0
1131000, 61391, 0, 0, 0
1131000, 15620, 1, 0, 0
1132000, 61716, 0, 0, 0
1132000, 15420, 1, 0, 0
1133000, 61337, 0, 0, 0
1133000, 15418, 1, 0, 0
1134000, 60426, 0, 0, 0
1134000, 14596, 1, 0, 0
1135000, 59524, 0, 0, 0
1135000, 13814, 1, 0, 0
1136000, 60664, 0, 0, 0
1136000, 14869, 1, 0, 0
1137000, 60150, 0, 0, 0
1137000, 14413, 1, 0, 0
1138000, 69744, 0, 0, 0
1138000, 13018, 1, 0, 0
1139000, 58594, 0, 0, 0
1139000, 13281, 1, 0, 0
1140000, 59804, 0, 0, 0
1140000, 14257, 1, 0, 0
1141000, 60970, 0, 0, 0
1141000, 15030, 1, 0, 0
1142000, 61359, 0, 0, 0
1142000, 15184, 1, 0, 0
1143000, 61927, 0, 0, 0
1143000, 15684, 1, 0, 0
1144000, 62250, 0, 0, 0
1144000, 15779, 1, 0, 0
1145000, 15573, 1, 0, 0
1145000, 62057, 0, 0, 0
1146000, 62118, 0, 0, 0
1146000, 15491, 1, 0, 0
1147000, 57817, 0, 0, 0
1147000, 12424, 1, 0, 0
1148000, 59332, 0, 0, 0
1148000, 13807, 1, 0, 0
1149000, 59030, 0, 0, 0
1149000, 13339, 1, 0, 0
1150000, 59799, 0, 0, 0
1150000, 14036, 1, 0, 0
1151000, 60935, 0, 0, 0
1151000, 14978, 1, 0, 0
1152000, 60134, 0, 0, 0
1152000, 14245, 1, 0, 0
1153000, 60284, 0, 0, 0
1153000, 14547, 1, 0, 0
1154000, 59845, 0, 0, 0
1154000, 13863, 1, 0, 0
1155000, 60771, 0, 0, 0
1155000, 14966, 1, 0, 0
1156000, 61433, 0, 0, 0
1156000, 15191, 1, 0, 0
1157000, 59805, 0, 0, 0
1157000, 14398, 1, 0, 0
1158000, 60295, 0, 0, 0
1158000, 14492, 1, 0, 0
1159000, 58335, 0, 0, 0
1159000, 13029, 1, 0, 0
1160000, 59582, 0, 0, 0
1160000, 13952, 1, 0, 0
1161000, 58919, 0, 0, 0
1161000, 13703, 1, 0, 0
1162000, 60435, 0, 0, 0
1162000, 14632, 1, 0, 0
1163000, 59106, 0, 0, 0
1163000, 13537, 1, 0, 0
1164000, 59211, 0, 0, 0
1164000, 13628, 1, 0, 0
1165000, 14190, 1, 0, 0
1165000, 59948, 0, 0, 0
1166000, 13577, 1, 0, 0
1166000, 59558, 0, 0, 0
1167000, 15218, 1, 0, 0
1167000, 61145, 0, 0, 0
1168000, 60492, 0, 0, 0
1168000, 14631, 1, 0, 0
1169000, 59786, 0, 0, 0
1169000, 13864, 1, 0, 0
1170000, 60509, 0, 0, 0
1170000, 14790, 1, 0, 0
1171000, 59484, 0, 0, 0
1171000, 13877, 1, 0, 0
1172000, 58585, 0, 0, 0
1172000, 13136, 1, 0, 0
1173000, 58715, 0, 0, 0
1173000, 12936, 1, 0, 0
1174000, 59153, 0, 0, 0
1174000, 13646, 1, 0, 0
1175000, 58967, 0, 0, 0
1175000, 13485, 1, 0, 0
1176000, 61507, 0, 0, 0
1176000, 15408, 1, 0, 0
1177000, 16009, 1, 0, 0
1177000, 62112, 0, 0, 0
1178000, 59856, 0, 0, 0
1178000, 14200, 1, 0, 0
1179000, 60664, 0, 0, 0
1179000, 14774, 1, 0, 0
1180000, 60785, 0, 0, 0
1180000, 14835, 1, 0, 0
1181000, 61722, 0, 0, 0
1181000, 15725, 1, 0, 0
1182000, 60030, 0, 0, 0
1182000, 14327, 1, 0, 0
1183000, 60622, 0, 0, 0
1183000, 15060, 1, 0, 0
1184000, 58400, 0, 0, 0
1184000, 13151, 1, 0, 0
1185000, 58134, 0, 0, 0
1185000, 12842, 1, 0, 0
1186000, 60369, 0, 0, 0
1186000, 14639, 1, 0, 0
1187000, 60055, 0, 0, 0
1187000, 14236, 1, 0, 0
1188000, 59640, 0, 0, 0
1188000, 14011, 1, 0, 0
1189000, 60961, 0, 0, 0
1189000, 15070, 1, 0, 0
1190000, 60112, 0, 0, 0
1190000, 14617, 1, 0, 0
1191000, 59574, 0, 0, 0
1191000, 14228, 1, 0, 0
1192000, 60381, 0, 0, 0
1192000, 14636, 1, 0, 0
1193000, 60602, 0, 0, 0
1193000, 14887, 1, 0, 0
1194000, 60927, 0, 0, 0
1194000, 14540, 1, 0, 0
1195000, 60409, 0, 0, 0
1195000, 14646, 1, 0, 0
1196000, 59746, 0, 0, 0
1196000, 14084, 1, 0, 0
1197000, 59544, 0, 0, 0
1197000, 13866, 1, 0, 0
1198000, 59821, 0, 0, 0
1198000, 14180, 1, 0, 0
1199000, 15387, 1, 0, 0
1199000, 61495, 0, 0, 0
1200000, 60547, 0, 0, 0
1200000, 14654, 1, 0, 0
