1000, 21982, 0, 0, 0
1000, 9393, 1, 0, 0
2000, 23893, 0, 0, 0
2000, 10216, 1, 0, 0
3000, 24887, 0, 0, 0
3000, 10530, 1, 0, 0
4000, 24574, 0, 0, 0
4000, 10617, 1, 0, 0
5001, 24061, 0, 0, 0
5001, 10270, 1, 0, 0
6000, 25911, 0, 0, 0
6000, 11127, 1, 0, 0
7000, 23638, 0, 0, 0
7000, 10264, 1, 0, 0
8000, 23855, 0, 0, 0
8000, 10309, 1, 0, 0
9001, 24052, 0, 0, 0
9001, 10537, 1, 0, 0
10001, 24348, 0, 0, 0
10001, 10283, 1, 0, 0
11000, 26436, 0, 0, 0
11000, 11353, 1, 0, 0
12000, 23469, 0, 0, 0
12000, 10129, 1, 0, 0
13000, 23817, 0, 0, 0
13000, 10215, 1, 0, 0
14000, 4155, 0, 0, 0
14000, 1769, 1, 0, 0
15000, 2427, 0, 0, 0
15000, 1011, 1, 0, 0
16000, 2437, 0, 0, 0
16000, 1053, 1, 0, 0
17000, 15897, 0, 0, 0
17000, 6999, 1, 0, 0
18001, 23958, 0, 0, 0
18001, 10291, 1, 0, 0
19000, 23918, 0, 0, 0
19000, 10221, 1, 0, 0
20000, 23877, 0, 0, 0
20000, 10202, 1, 0, 0
21000, 24019, 0, 0, 0
21000, 10186, 1, 0, 0
22000, 23587, 0, 0, 0
22000, 10016, 1, 0, 0
23000, 24326, 0, 0, 0
23000, 10428, 1, 0, 0
24001, 23756, 0, 0, 0
24001, 10342, 1, 0, 0
25000, 24035, 0, 0, 0
25000, 10179, 1, 0, 0
26000, 23912, 0, 0, 0
26000, 10597, 1, 0, 0
27000, 23752, 0, 0, 0
27000, 10260, 1, 0, 0
28000, 24058, 0, 0, 0
28000, 10194, 1, 0, 0
29000, 24079, 0, 0, 0
29000, 10319, 1, 0, 0
30001, 23929, 0, 0, 0
30001, 9954, 1, 0, 0
31000, 24295, 0, 0, 0
31000, 10394, 1, 0, 0
32000, 23053, 0, 0, 0
32000, 9911, 1, 0, 0
33000, 16958, 0, 0, 0
33000, 7212, 1, 0, 0
34000, 20210, 0, 0, 0
34000, 8642, 1, 0, 0
35000, 24139, 0, 0, 0
35000, 10237, 1, 0, 0
36001, 24421, 0, 0, 0
36001, 10463, 1, 0, 0
37001, 24094, 0, 0, 0
37001, 10322, 1, 0, 0
38000, 24136, 0, 0, 0
38000, 10366, 1, 0, 0
39000, 23513, 0, 0, 0
39000, 10141, 1, 0, 0
40000, 23570, 0, 0, 0
40000, 10109, 1, 0, 0
41000, 23892, 0, 0, 0
41000, 10359, 1, 0, 0
42000, 24128, 0, 0, 0
42000, 10415, 1, 0, 0
43000, 24890, 0, 0, 0
43000, 10627, 1, 0, 0
44000, 23764, 0, 0, 0
44000, 10034, 1, 0, 0
45000, 23801, 0, 0, 0
45000, 10109, 1, 0, 0
46000, 23804, 0, 0, 0
46000, 10272, 1, 0, 0
47000, 23894, 0, 0, 0
47000, 10053, 1, 0, 0
48000, 23905, 0, 0, 0
48000, 10293, 1, 0, 0
49000, 23595, 0, 0, 0
49000, 10116, 1, 0, 0
50001, 20356, 0, 0, 0
50001, 8845, 1, 0, 0
51000, 20555, 0, 0, 0
51000, 8921, 1, 0, 0
52000, 20208, 0, 0, 0
52000, 8603, 1, 0, 0
53000, 20373, 0, 0, 0
53000, 8800, 1, 0, 0
54000, 20124, 0, 0, 0
54000, 8544, 1, 0, 0
55000, 23667, 0, 0, 0
55000, 10180, 1, 0, 0
56000, 18366, 0, 0, 0
56000, 7758, 1, 0, 0
57000, 14449, 0, 0, 0
57000, 6193, 1, 0, 0
58000, 23657, 0, 0, 0
58000, 10141, 1, 0, 0
59000, 23627, 0, 0, 0
59000, 10306, 1, 0, 0
60000, 23587, 0, 0, 0
60000, 10275, 1, 0, 0
61000, 23697, 0, 0, 0
61000, 10200, 1, 0, 0
62000, 23671, 0, 0, 0
62000, 10228, 1, 0, 0
63000, 24075, 0, 0, 0
63000, 10317, 1, 0, 0
64000, 23481, 0, 0, 0
64000, 9795, 1, 0, 0
65001, 23537, 0, 0, 0
65001, 10096, 1, 0, 0
66000, 18007, 0, 0, 0
66000, 7761, 1, 0, 0
67000, 2427, 0, 0, 0
67000, 1047, 1, 0, 0
68000, 22075, 0, 0, 0
68000, 9581, 1, 0, 0
69000, 23287, 0, 0, 0
69000, 10072, 1, 0, 0
70000, 23797, 0, 0, 0
70000, 10261, 1, 0, 0
71001, 24353, 0, 0, 0
71001, 10414, 1, 0, 0
72000, 23564, 0, 0, 0
72000, 10218, 1, 0, 0
73000, 23695, 0, 0, 0
73000, 10098, 1, 0, 0
74000, 23814, 0, 0, 0
74000, 10161, 1, 0, 0
75000, 23454, 0, 0, 0
75000, 10017, 1, 0, 0
76000, 23765, 0, 0, 0
76000, 10029, 1, 0, 0
77001, 23506, 0, 0, 0
77001, 10193, 1, 0, 0
78000, 24312, 0, 0, 0
78000, 10047, 1, 0, 0
79000, 24070, 0, 0, 0
79000, 10436, 1, 0, 0
80000, 23913, 0, 0, 0
80000, 10334, 1, 0, 0
81000, 22735, 0, 0, 0
81000, 9779, 1, 0, 0
82000, 14832, 0, 0, 0
82000, 6214, 1, 0, 0
83000, 24181, 0, 0, 0
83000, 10303, 1, 0, 0
84000, 20012, 0, 0, 0
84000, 8604, 1, 0, 0
85000, 23669, 0, 0, 0
85000, 10036, 1, 0, 0
86000, 23866, 0, 0, 0
86000, 10162, 1, 0, 0
87000, 23665, 0, 0, 0
87000, 10331, 1, 0, 0
88000, 24776, 0, 0, 0
88000, 10464, 1, 0, 0
89000, 23765, 0, 0, 0
89000, 10218, 1, 0, 0
90000, 23380, 0, 0, 0
90000, 10055, 1, 0, 0
91001, 23693, 0, 0, 0
91001, 10338, 1, 0, 0
92000, 24137, 0, 0, 0
92000, 10408, 1, 0, 0
93000, 24398, 0, 0, 0
93000, 10344, 1, 0, 0
94000, 24599, 0, 0, 0
94000, 10506, 1, 0, 0
95000, 23491, 0, 0, 0
95000, 10076, 1, 0, 0
96001, 19166, 0, 0, 0
96001, 8281, 1, 0, 0
97000, 23459, 0, 0, 0
97000, 10219, 1, 0, 0
98000, 24559, 0, 0, 0
98000, 10399, 1, 0, 0
99000, 23485, 0, 0, 0
99000, 10309, 1, 0, 0
100000, 24309, 0, 0, 0
100000, 10377, 1, 0, 0
101000, 24278, 0, 0, 0
101000, 10495, 1, 0, 0
102000, 25008, 0, 0, 0
102000, 10560, 1, 0, 0
103000, 23096, 0, 0, 0
103000, 9842, 1, 0, 0
104001, 23056, 0, 0, 0
104001, 9892, 1, 0, 0
105000, 23508, 0, 0, 0
105000, 10105, 1, 0, 0
106000, 23323, 0, 0, 0
106000, 10052, 1, 0, 0
107000, 22878, 0, 0, 0
107000, 9782, 1, 0, 0
108000, 22474, 0, 0, 0
108000, 9416, 1, 0, 0
109000, 22647, 0, 0, 0
109000, 9791, 1, 0, 0
110000, 22823, 0, 0, 0
110000, 9928, 1, 0, 0
111000, 23106, 0, 0, 0
111000, 9796, 1, 0, 0
112000, 22901, 0, 0, 0
112000, 9728, 1, 0, 0
113000, 19174, 0, 0, 0
113000, 8348, 1, 0, 0
114000, 23050, 0, 0, 0
114000, 9769, 1, 0, 0
115000, 19161, 0, 0, 0
115000, 8239, 1, 0, 0
116000, 23285, 0, 0, 0
116000, 9927, 1, 0, 0
117000, 18907, 0, 0, 0
117000, 7912, 1, 0, 0
118000, 22442, 0, 0, 0
118000, 9805, 1, 0, 0
119000, 19235, 0, 0, 0
119000, 8199, 1, 0, 0
120001, 22914, 0, 0, 0
120001, 9552, 1, 0, 0
121000, 19456, 0, 0, 0
121000, 8221, 1, 0, 0
122000, 22501, 0, 0, 0
122000, 9705, 1, 0, 0
123000, 19063, 0, 0, 0
123000, 8413, 1, 0, 0
124000, 22533, 0, 0, 0
124000, 9727, 1, 0, 0
125000, 19035, 0, 0, 0
125000, 7979, 1, 0, 0
126001, 22972, 0, 0, 0
126001, 9784, 1, 0, 0
127000, 19305, 0, 0, 0
127000, 8036, 1, 0, 0
128000, 22486, 0, 0, 0
128000, 9481, 1, 0, 0
129000, 19145, 0, 0, 0
129000, 8176, 1, 0, 0
130000, 22317, 0, 0, 0
130000, 9769, 1, 0, 0
131000, 19361, 0, 0, 0
131000, 8177, 1, 0, 0
132000, 4838, 0, 0, 0
132000, 2176, 1, 0, 0
133001, 4869, 0, 0, 0
133001, 2180, 1, 0, 0
134000, 9500, 0, 0, 0
134000, 4157, 1, 0, 0
135000, 9785, 0, 0, 0
135000, 4206, 1, 0, 0
136000, 21265, 0, 0, 0
136000, 8968, 1, 0, 0
137000, 18670, 0, 0, 0
137000, 7988, 1, 0, 0
138000, 21655, 0, 0, 0
138000, 9482, 1, 0, 0
139001, 21837, 0, 0, 0
139001, 9433, 1, 0, 0
140000, 20953, 0, 0, 0
140000, 9102, 1, 0, 0
141000, 20455, 0, 0, 0
141000, 8810, 1, 0, 0
142000, 22448, 0, 0, 0
142000, 9563, 1, 0, 0
143000, 22897, 0, 0, 0
143000, 9754, 1, 0, 0
144000, 22463, 0, 0, 0
144000, 9647, 1, 0, 0
145001, 22332, 0, 0, 0
145001, 9641, 1, 0, 0
146000, 22490, 0, 0, 0
146000, 9823, 1, 0, 0
147000, 22710, 0, 0, 0
147000, 9627, 1, 0, 0
148000, 22844, 0, 0, 0
148000, 9796, 1, 0, 0
149000, 23401, 0, 0, 0
149000, 9981, 1, 0, 0
150000, 24320, 0, 0, 0
150000, 10500, 1, 0, 0
151001, 24803, 0, 0, 0
151001, 10745, 1, 0, 0
152000, 22387, 0, 0, 0
152000, 9648, 1, 0, 0
153000, 22525, 0, 0, 0
153000, 9549, 1, 0, 0
154000, 22438, 0, 0, 0
154000, 9426, 1, 0, 0
155000, 22338, 0, 0, 0
155000, 9598, 1, 0, 0
156000, 22953, 0, 0, 0
156000, 9985, 1, 0, 0
157000, 22588, 0, 0, 0
157000, 9709, 1, 0, 0
158000, 22736, 0, 0, 0
158000, 9821, 1, 0, 0
159000, 22583, 0, 0, 0
159000, 9684, 1, 0, 0
160000, 22934, 0, 0, 0
160000, 9822, 1, 0, 0
161000, 14412, 0, 0, 0
161000, 6068, 1, 0, 0
162000, 10694, 0, 0, 0
162000, 4681, 1, 0, 0
163000, 22653, 0, 0, 0
163000, 9587, 1, 0, 0
164000, 22835, 0, 0, 0
164000, 9683, 1, 0, 0
165001, 22479, 0, 0, 0
165001, 9636, 1, 0, 0
166001, 23014, 0, 0, 0
166001, 9950, 1, 0, 0
167000, 22506, 0, 0, 0
167000, 9845, 1, 0, 0
168000, 22759, 0, 0, 0
168000, 9614, 1, 0, 0
169000, 22811, 0, 0, 0
169000, 9937, 1, 0, 0
170000, 22761, 0, 0, 0
170000, 9717, 1, 0, 0
171000, 23505, 0, 0, 0
171000, 10004, 1, 0, 0
172000, 22842, 0, 0, 0
172000, 9668, 1, 0, 0
173000, 22627, 0, 0, 0
173000, 9730, 1, 0, 0
174000, 22353, 0, 0, 0
174000, 9641, 1, 0, 0
175000, 22826, 0, 0, 0
175000, 9732, 1, 0, 0
176000, 23069, 0, 0, 0
176000, 9776, 1, 0, 0
177000, 22974, 0, 0, 0
177000, 9881, 1, 0, 0
178001, 23001, 0, 0, 0
178001, 9917, 1, 0, 0
179000, 22960, 0, 0, 0
179000, 9919, 1, 0, 0
180000, 22601, 0, 0, 0
180000, 9840, 1, 0, 0
181000, 23200, 0, 0, 0
181000, 10091, 1, 0, 0
182000, 22483, 0, 0, 0
182000, 9683, 1, 0, 0
183000, 22356, 0, 0, 0
183000, 9609, 1, 0, 0
184000, 22922, 0, 0, 0
184000, 9825, 1, 0, 0
185000, 22673, 0, 0, 0
185000, 9869, 1, 0, 0
186000, 23419, 0, 0, 0
186000, 10039, 1, 0, 0
187000, 22691, 0, 0, 0
187000, 9973, 1, 0, 0
188000, 22737, 0, 0, 0
188000, 9732, 1, 0, 0
189001, 22891, 0, 0, 0
189001, 9709, 1, 0, 0
190001, 23109, 0, 0, 0
190001, 9821, 1, 0, 0
191000, 23495, 0, 0, 0
191000, 10207, 1, 0, 0
192000, 22956, 0, 0, 0
192000, 9855, 1, 0, 0
193000, 22878, 0, 0, 0
193000, 9693, 1, 0, 0
194000, 22384, 0, 0, 0
194000, 9824, 1, 0, 0
195000, 22706, 0, 0, 0
195000, 9764, 1, 0, 0
196000, 23340, 0, 0, 0
196000, 9910, 1, 0, 0
197001, 22827, 0, 0, 0
197001, 9755, 1, 0, 0
198000, 22762, 0, 0, 0
198000, 9839, 1, 0, 0
199000, 22964, 0, 0, 0
199000, 9808, 1, 0, 0
200000, 22529, 0, 0, 0
200000, 9650, 1, 0, 0
201000, 23208, 0, 0, 0
201000, 9964, 1, 0, 0
202000, 22439, 0, 0, 0
202000, 9698, 1, 0, 0
203000, 22785, 0, 0, 0
203000, 9856, 1, 0, 0
204000, 22676, 0, 0, 0
204000, 9583, 1, 0, 0
205001, 23577, 0, 0, 0
205001, 9912, 1, 0, 0
206000, 23009, 0, 0, 0
206000, 9755, 1, 0, 0
207000, 22767, 0, 0, 0
207000, 9843, 1, 0, 0
208000, 22639, 0, 0, 0
208000, 9728, 1, 0, 0
209000, 22562, 0, 0, 0
209000, 9589, 1, 0, 0
210000, 22722, 0, 0, 0
210000, 9836, 1, 0, 0
211001, 23106, 0, 0, 0
211001, 10038, 1, 0, 0
212000, 22757, 0, 0, 0
212000, 9560, 1, 0, 0
213000, 22689, 0, 0, 0
213000, 9642, 1, 0, 0
214000, 22603, 0, 0, 0
214000, 9579, 1, 0, 0
215000, 22814, 0, 0, 0
215000, 9640, 1, 0, 0
216000, 23441, 0, 0, 0
216000, 9948, 1, 0, 0
217000, 22636, 0, 0, 0
217000, 9726, 1, 0, 0
218001, 22526, 0, 0, 0
218001, 9829, 1, 0, 0
219000, 22706, 0, 0, 0
219000, 9882, 1, 0, 0
220000, 22311, 0, 0, 0
220000, 9544, 1, 0, 0
221000, 23282, 0, 0, 0
221000, 10030, 1, 0, 0
222000, 22565, 0, 0, 0
222000, 9709, 1, 0, 0
223000, 22687, 0, 0, 0
223000, 9803, 1, 0, 0
224000, 22630, 0, 0, 0
224000, 9700, 1, 0, 0
225001, 22573, 0, 0, 0
225001, 9452, 1, 0, 0
226000, 23075, 0, 0, 0
226000, 9857, 1, 0, 0
227000, 23281, 0, 0, 0
227000, 9653, 1, 0, 0
228000, 22990, 0, 0, 0
228000, 9910, 1, 0, 0
229000, 22737, 0, 0, 0
229000, 9672, 1, 0, 0
230000, 22674, 0, 0, 0
230000, 9858, 1, 0, 0
231000, 23250, 0, 0, 0
231000, 9952, 1, 0, 0
232000, 22999, 0, 0, 0
232000, 9815, 1, 0, 0
233000, 22888, 0, 0, 0
233000, 9878, 1, 0, 0
234000, 22532, 0, 0, 0
234000, 9700, 1, 0, 0
235000, 22415, 0, 0, 0
235000, 9789, 1, 0, 0
236000, 22704, 0, 0, 0
236000, 9891, 1, 0, 0
237000, 22690, 0, 0, 0
237000, 9635, 1, 0, 0
238000, 23062, 0, 0, 0
238000, 10020, 1, 0, 0
239001, 23079, 0, 0, 0
239001, 9826, 1, 0, 0
240000, 22564, 0, 0, 0
240000, 9461, 1, 0, 0
241000, 23136, 0, 0, 0
241000, 10042, 1, 0, 0
242000, 23065, 0, 0, 0
242000, 9841, 1, 0, 0
243000, 23029, 0, 0, 0
243000, 9734, 1, 0, 0
244000, 22985, 0, 0, 0
244000, 9909, 1, 0, 0
245000, 22802, 0, 0, 0
245000, 9752, 1, 0, 0
246001, 23196, 0, 0, 0
246001, 9876, 1, 0, 0
247001, 4447, 0, 0, 0
247001, 1904, 1, 0, 0
248000, 12261, 0, 0, 0
248000, 5151, 1, 0, 0
249000, 22757, 0, 0, 0
249000, 9714, 1, 0, 0
250000, 22253, 0, 0, 0
250000, 9488, 1, 0, 0
251000, 22497, 0, 0, 0
251000, 9785, 1, 0, 0
252001, 22921, 0, 0, 0
252001, 9731, 1, 0, 0
253000, 22936, 0, 0, 0
253000, 9705, 1, 0, 0
254000, 22704, 0, 0, 0
254000, 9699, 1, 0, 0
255000, 22645, 0, 0, 0
255000, 9779, 1, 0, 0
256000, 22984, 0, 0, 0
256000, 9717, 1, 0, 0
257000, 23192, 0, 0, 0
257000, 9709, 1, 0, 0
258001, 23164, 0, 0, 0
258001, 9803, 1, 0, 0
259000, 22561, 0, 0, 0
259000, 9667, 1, 0, 0
260000, 22305, 0, 0, 0
260000, 9823, 1, 0, 0
261000, 20315, 0, 0, 0
261000, 8685, 1, 0, 0
262000, 8082, 0, 0, 0
262000, 3427, 1, 0, 0
263000, 3828, 0, 0, 0
263000, 1524, 1, 0, 0
264001, 22261, 0, 0, 0
264001, 9503, 1, 0, 0
265000, 23089, 0, 0, 0
265000, 10070, 1, 0, 0
266000, 23155, 0, 0, 0
266000, 10015, 1, 0, 0
267000, 22718, 0, 0, 0
267000, 9847, 1, 0, 0
268000, 22932, 0, 0, 0
268000, 9786, 1, 0, 0
269001, 22750, 0, 0, 0
269001, 9914, 1, 0, 0
270001, 22660, 0, 0, 0
270001, 9530, 1, 0, 0
271000, 23439, 0, 0, 0
271000, 9825, 1, 0, 0
272000, 23016, 0, 0, 0
272000, 9611, 1, 0, 0
273000, 22601, 0, 0, 0
273000, 9827, 1, 0, 0
274000, 22848, 0, 0, 0
274000, 9877, 1, 0, 0
275000, 22486, 0, 0, 0
275000, 9804, 1, 0, 0
276001, 23264, 0, 0, 0
276001, 9888, 1, 0, 0
277000, 22924, 0, 0, 0
277000, 9912, 1, 0, 0
278000, 22776, 0, 0, 0
278000, 9699, 1, 0, 0
279000, 22595, 0, 0, 0
279000, 9699, 1, 0, 0
280000, 22541, 0, 0, 0
280000, 9792, 1, 0, 0
281000, 23504, 0, 0, 0
281000, 9959, 1, 0, 0
282000, 22810, 0, 0, 0
282000, 9731, 1, 0, 0
283000, 22895, 0, 0, 0
283000, 9741, 1, 0, 0
284000, 22522, 0, 0, 0
284000, 9592, 1, 0, 0
285000, 22627, 0, 0, 0
285000, 9774, 1, 0, 0
286001, 23161, 0, 0, 0
286001, 9912, 1, 0, 0
287001, 22676, 0, 0, 0
287001, 9857, 1, 0, 0
288000, 22960, 0, 0, 0
288000, 9790, 1, 0, 0
289000, 22651, 0, 0, 0
289000, 9787, 1, 0, 0
290000, 22856, 0, 0, 0
290000, 9615, 1, 0, 0
291000, 17262, 0, 0, 0
291000, 7435, 1, 0, 0
292000, 21859, 0, 0, 0
292000, 9330, 1, 0, 0
293000, 22603, 0, 0, 0
293000, 9799, 1, 0, 0
294000, 22922, 0, 0, 0
294000, 9567, 1, 0, 0
295001, 22092, 0, 0, 0
295001, 9505, 1, 0, 0
296000, 23172, 0, 0, 0
296000, 10061, 1, 0, 0
297000, 22692, 0, 0, 0
297000, 9809, 1, 0, 0
298000, 22537, 0, 0, 0
298000, 9831, 1, 0, 0
299000, 22565, 0, 0, 0
299000, 9769, 1, 0, 0
300000, 22628, 0, 0, 0
300000, 9761, 1, 0, 0
301001, 22701, 0, 0, 0
301001, 9735, 1, 0, 0
302001, 22646, 0, 0, 0
302001, 9640, 1, 0, 0
303000, 22610, 0, 0, 0
303000, 9644, 1, 0, 0
304000, 22702, 0, 0, 0
304000, 9612, 1, 0, 0
305000, 22822, 0, 0, 0
305000, 9584, 1, 0, 0
306000, 23169, 0, 0, 0
306000, 9861, 1, 0, 0
307001, 22754, 0, 0, 0
307001, 9549, 1, 0, 0
308000, 22336, 0, 0, 0
308000, 9669, 1, 0, 0
309000, 22305, 0, 0, 0
309000, 9655, 1, 0, 0
310000, 21080, 0, 0, 0
310000, 8988, 1, 0, 0
311000, 22870, 0, 0, 0
311000, 9849, 1, 0, 0
312000, 22696, 0, 0, 0
312000, 9509, 1, 0, 0
313000, 22503, 0, 0, 0
313000, 9493, 1, 0, 0
314000, 22624, 0, 0, 0
314000, 9630, 1, 0, 0
315000, 22035, 0, 0, 0
315000, 9386, 1, 0, 0
316000, 23299, 0, 0, 0
316000, 9848, 1, 0, 0
317000, 22630, 0, 0, 0
317000, 9643, 1, 0, 0
318001, 22451, 0, 0, 0
318001, 9623, 1, 0, 0
319000, 22489, 0, 0, 0
319000, 9774, 1, 0, 0
320000, 22162, 0, 0, 0
320000, 9644, 1, 0, 0
321000, 22892, 0, 0, 0
321000, 9932, 1, 0, 0
322000, 22577, 0, 0, 0
322000, 9510, 1, 0, 0
323000, 22311, 0, 0, 0
323000, 9624, 1, 0, 0
324000, 22178, 0, 0, 0
324000, 9751, 1, 0, 0
325000, 22204, 0, 0, 0
325000, 9665, 1, 0, 0
326000, 23085, 0, 0, 0
326000, 9740, 1, 0, 0
327000, 22312, 0, 0, 0
327000, 9725, 1, 0, 0
328000, 22778, 0, 0, 0
328000, 9778, 1, 0, 0
329000, 22400, 0, 0, 0
329000, 9575, 1, 0, 0
330000, 22256, 0, 0, 0
330000, 9531, 1, 0, 0
331000, 23058, 0, 0, 0
331000, 10088, 1, 0, 0
332000, 22480, 0, 0, 0
332000, 9743, 1, 0, 0
333000, 22570, 0, 0, 0
333000, 9674, 1, 0, 0
334001, 22896, 0, 0, 0
334001, 9360, 1, 0, 0
335000, 22061, 0, 0, 0
335000, 9639, 1, 0, 0
336000, 22978, 0, 0, 0
336000, 9659, 1, 0, 0
337000, 22383, 0, 0, 0
337000, 9668, 1, 0, 0
338000, 22256, 0, 0, 0
338000, 9550, 1, 0, 0
339001, 22299, 0, 0, 0
339001, 9666, 1, 0, 0
340001, 22211, 0, 0, 0
340001, 9547, 1, 0, 0
341000, 22873, 0, 0, 0
341000, 9521, 1, 0, 0
342000, 22749, 0, 0, 0
342000, 9690, 1, 0, 0
343000, 22764, 0, 0, 0
343000, 9568, 1, 0, 0
344000, 22188, 0, 0, 0
344000, 9495, 1, 0, 0
345001, 22301, 0, 0, 0
345001, 9302, 1, 0, 0
346000, 22685, 0, 0, 0
346000, 9805, 1, 0, 0
347000, 21989, 0, 0, 0
347000, 9386, 1, 0, 0
348000, 22470, 0, 0, 0
348000, 9469, 1, 0, 0
349000, 22407, 0, 0, 0
349000, 9513, 1, 0, 0
350001, 22360, 0, 0, 0
350001, 9645, 1, 0, 0
351001, 22118, 0, 0, 0
351001, 9515, 1, 0, 0
352000, 22723, 0, 0, 0
352000, 9620, 1, 0, 0
353000, 22620, 0, 0, 0
353000, 9604, 1, 0, 0
354000, 22478, 0, 0, 0
354000, 9477, 1, 0, 0
355001, 22994, 0, 0, 0
355001, 9681, 1, 0, 0
356000, 22612, 0, 0, 0
356000, 9746, 1, 0, 0
357000, 22190, 0, 0, 0
357000, 9633, 1, 0, 0
358000, 22625, 0, 0, 0
358000, 9553, 1, 0, 0
359000, 22276, 0, 0, 0
359000, 9755, 1, 0, 0
360000, 22398, 0, 0, 0
360000, 9460, 1, 0, 0
361000, 22558, 0, 0, 0
361000, 9613, 1, 0, 0
362000, 22566, 0, 0, 0
362000, 9618, 1, 0, 0
363000, 22362, 0, 0, 0
363000, 9526, 1, 0, 0
364001, 23145, 0, 0, 0
364001, 9964, 1, 0, 0
365000, 22106, 0, 0, 0
365000, 9655, 1, 0, 0
366000, 22465, 0, 0, 0
366000, 9817, 1, 0, 0
367000, 22226, 0, 0, 0
367000, 9698, 1, 0, 0
368000, 22630, 0, 0, 0
368000, 9863, 1, 0, 0
369000, 22323, 0, 0, 0
369000, 9569, 1, 0, 0
370000, 21962, 0, 0, 0
370000, 9480, 1, 0, 0
371000, 22366, 0, 0, 0
371000, 9455, 1, 0, 0
372000, 22554, 0, 0, 0
372000, 9601, 1, 0, 0
373000, 23178, 0, 0, 0
373000, 9923, 1, 0, 0
374000, 24592, 0, 0, 0
374000, 10611, 1, 0, 0
375000, 22168, 0, 0, 0
375000, 9511, 1, 0, 0
376001, 22413, 0, 0, 0
376001, 9571, 1, 0, 0
377000, 22903, 0, 0, 0
377000, 9819, 1, 0, 0
378000, 24814, 0, 0, 0
378000, 10670, 1, 0, 0
379000, 22489, 0, 0, 0
379000, 9536, 1, 0, 0
380000, 22407, 0, 0, 0
380000, 9367, 1, 0, 0
381001, 22498, 0, 0, 0
381001, 9755, 1, 0, 0
382000, 17229, 0, 0, 0
382000, 7516, 1, 0, 0
383000, 22241, 0, 0, 0
383000, 9571, 1, 0, 0
384000, 22816, 0, 0, 0
384000, 9549, 1, 0, 0
385000, 12518, 0, 0, 0
385000, 5396, 1, 0, 0
386000, 2433, 0, 0, 0
386000, 1107, 1, 0, 0
387000, 3333, 0, 0, 0
387000, 1432, 1, 0, 0
388000, 10726, 0, 0, 0
388000, 4641, 1, 0, 0
389000, 2460, 0, 0, 0
389000, 1074, 1, 0, 0
390000, 2579, 0, 0, 0
390000, 1045, 1, 0, 0
391000, 12966, 0, 0, 0
391000, 5676, 1, 0, 0
392000, 22520, 0, 0, 0
392000, 9746, 1, 0, 0
393001, 22836, 0, 0, 0
393001, 9970, 1, 0, 0
394000, 22589, 0, 0, 0
394000, 9458, 1, 0, 0
395000, 22216, 0, 0, 0
395000, 9475, 1, 0, 0
396000, 23134, 0, 0, 0
396000, 9897, 1, 0, 0
397000, 22976, 0, 0, 0
397000, 9842, 1, 0, 0
398000, 22778, 0, 0, 0
398000, 9831, 1, 0, 0
399000, 22635, 0, 0, 0
399000, 9705, 1, 0, 0
400001, 22708, 0, 0, 0
400001, 9824, 1, 0, 0
401000, 22423, 0, 0, 0
401000, 9464, 1, 0, 0
402000, 22795, 0, 0, 0
402000, 9836, 1, 0, 0
403000, 22754, 0, 0, 0
403000, 9830, 1, 0, 0
404000, 20604, 0, 0, 0
404000, 8926, 1, 0, 0
405000, 22673, 0, 0, 0
405000, 9668, 1, 0, 0
406000, 22758, 0, 0, 0
406000, 9648, 1, 0, 0
407001, 22352, 0, 0, 0
407001, 9728, 1, 0, 0
408000, 23007, 0, 0, 0
408000, 9745, 1, 0, 0
409000, 22805, 0, 0, 0
409000, 9525, 1, 0, 0
410000, 22584, 0, 0, 0
410000, 9649, 1, 0, 0
411000, 22947, 0, 0, 0
411000, 9757, 1, 0, 0
412000, 22775, 0, 0, 0
412000, 9721, 1, 0, 0
413001, 22686, 0, 0, 0
413001, 9665, 1, 0, 0
414001, 22691, 0, 0, 0
414001, 9698, 1, 0, 0
415000, 22680, 0, 0, 0
415000, 9878, 1, 0, 0
416000, 23025, 0, 0, 0
416000, 9943, 1, 0, 0
417000, 22320, 0, 0, 0
417000, 9610, 1, 0, 0
418000, 22704, 0, 0, 0
418000, 9683, 1, 0, 0
419000, 22544, 0, 0, 0
419000, 9760, 1, 0, 0
420001, 22732, 0, 0, 0
420001, 9649, 1, 0, 0
421000, 22412, 0, 0, 0
421000, 9659, 1, 0, 0
422000, 21625, 0, 0, 0
422000, 9206, 1, 0, 0
423000, 19704, 0, 0, 0
423000, 8401, 1, 0, 0
424000, 22600, 0, 0, 0
424000, 9825, 1, 0, 0
425000, 19437, 0, 0, 0
425000, 8461, 1, 0, 0
426000, 23337, 0, 0, 0
426000, 9893, 1, 0, 0
427001, 19185, 0, 0, 0
427001, 8346, 1, 0, 0
428000, 23066, 0, 0, 0
428000, 9860, 1, 0, 0
429000, 22457, 0, 0, 0
429000, 9529, 1, 0, 0
430000, 22567, 0, 0, 0
430000, 9842, 1, 0, 0
431000, 22974, 0, 0, 0
431000, 9776, 1, 0, 0
432000, 22822, 0, 0, 0
432000, 9799, 1, 0, 0
433000, 23323, 0, 0, 0
433000, 9794, 1, 0, 0
434000, 23032, 0, 0, 0
434000, 9835, 1, 0, 0
435000, 22779, 0, 0, 0
435000, 9800, 1, 0, 0
436000, 22775, 0, 0, 0
436000, 9823, 1, 0, 0
437000, 23228, 0, 0, 0
437000, 9941, 1, 0, 0
438000, 23639, 0, 0, 0
438000, 9857, 1, 0, 0
439000, 22931, 0, 0, 0
439000, 9901, 1, 0, 0
440001, 22535, 0, 0, 0
440001, 9585, 1, 0, 0
441000, 22798, 0, 0, 0
441000, 9725, 1, 0, 0
442000, 22917, 0, 0, 0
442000, 9827, 1, 0, 0
443000, 23114, 0, 0, 0
443000, 9927, 1, 0, 0
444000, 19041, 0, 0, 0
444000, 8241, 1, 0, 0
445000, 22431, 0, 0, 0
445000, 9623, 1, 0, 0
446000, 19712, 0, 0, 0
446000, 8491, 1, 0, 0
447000, 22763, 0, 0, 0
447000, 9713, 1, 0, 0
448001, 13493, 0, 0, 0
448001, 5820, 1, 0, 0
449000, 23559, 0, 0, 0
449000, 9941, 1, 0, 0
450000, 19211, 0, 0, 0
450000, 8110, 1, 0, 0
451000, 23336, 0, 0, 0
451000, 10096, 1, 0, 0
452000, 22591, 0, 0, 0
452000, 9692, 1, 0, 0
453000, 22792, 0, 0, 0
453000, 9622, 1, 0, 0
454001, 22492, 0, 0, 0
454001, 9788, 1, 0, 0
455000, 22985, 0, 0, 0
455000, 9668, 1, 0, 0
456000, 22804, 0, 0, 0
456000, 9731, 1, 0, 0
457000, 21713, 0, 0, 0
457000, 9286, 1, 0, 0
458000, 24830, 0, 0, 0
458000, 10527, 1, 0, 0
459000, 22859, 0, 0, 0
459000, 9984, 1, 0, 0
460001, 11342, 0, 0, 0
460001, 4983, 1, 0, 0
461000, 5327, 0, 0, 0
461000, 2291, 1, 0, 0
462000, 22279, 0, 0, 0
462000, 9510, 1, 0, 0
463000, 22420, 0, 0, 0
463000, 9775, 1, 0, 0
464000, 21915, 0, 0, 0
464000, 9465, 1, 0, 0
465000, 22649, 0, 0, 0
465000, 9663, 1, 0, 0
466000, 22748, 0, 0, 0
466000, 9687, 1, 0, 0
467000, 22322, 0, 0, 0
467000, 9562, 1, 0, 0
468000, 22621, 0, 0, 0
468000, 9557, 1, 0, 0
469000, 22746, 0, 0, 0
469000, 9654, 1, 0, 0
470001, 22602, 0, 0, 0
470001, 9841, 1, 0, 0
471000, 22803, 0, 0, 0
471000, 9774, 1, 0, 0
472000, 22909, 0, 0, 0
472000, 9866, 1, 0, 0
473000, 22767, 0, 0, 0
473000, 9627, 1, 0, 0
474000, 23088, 0, 0, 0
474000, 9912, 1, 0, 0
475000, 22572, 0, 0, 0
475000, 9690, 1, 0, 0
476000, 22437, 0, 0, 0
476000, 9847, 1, 0, 0
477000, 22738, 0, 0, 0
477000, 9805, 1, 0, 0
478000, 21784, 0, 0, 0
478000, 9303, 1, 0, 0
479000, 21766, 0, 0, 0
479000, 9062, 1, 0, 0
480000, 21948, 0, 0, 0
480000, 9598, 1, 0, 0
481000, 22513, 0, 0, 0
481000, 9510, 1, 0, 0
482001, 21929, 0, 0, 0
482001, 9561, 1, 0, 0
483001, 22519, 0, 0, 0
483001, 9851, 1, 0, 0
484000, 22638, 0, 0, 0
484000, 9869, 1, 0, 0
485000, 22141, 0, 0, 0
485000, 9632, 1, 0, 0
486000, 22955, 0, 0, 0
486000, 9840, 1, 0, 0
487000, 22651, 0, 0, 0
487000, 9400, 1, 0, 0
488000, 25318, 0, 0, 0
488000, 10839, 1, 0, 0
489000, 22891, 0, 0, 0
489000, 9643, 1, 0, 0
490000, 22310, 0, 0, 0
490000, 9335, 1, 0, 0
491000, 22591, 0, 0, 0
491000, 9875, 1, 0, 0
492000, 24751, 0, 0, 0
492000, 10826, 1, 0, 0
493000, 22707, 0, 0, 0
493000, 9676, 1, 0, 0
494000, 22569, 0, 0, 0
494000, 9843, 1, 0, 0
495000, 22528, 0, 0, 0
495000, 9629, 1, 0, 0
496000, 24548, 0, 0, 0
496000, 10708, 1, 0, 0
497000, 22920, 0, 0, 0
497000, 9623, 1, 0, 0
498000, 22720, 0, 0, 0
498000, 9867, 1, 0, 0
499000, 22472, 0, 0, 0
499000, 9613, 1, 0, 0
500000, 25380, 0, 0, 0
500000, 10953, 1, 0, 0
501000, 22784, 0, 0, 0
501000, 9749, 1, 0, 0
502000, 22328, 0, 0, 0
502000, 9795, 1, 0, 0
503000, 22644, 0, 0, 0
503000, 9782, 1, 0, 0
504000, 27331, 0, 0, 0
504000, 11344, 1, 0, 0
505000, 22939, 0, 0, 0
505000, 9762, 1, 0, 0
506001, 22829, 0, 0, 0
506001, 9832, 1, 0, 0
507000, 22567, 0, 0, 0
507000, 9617, 1, 0, 0
508000, 22440, 0, 0, 0
508000, 9756, 1, 0, 0
509000, 23424, 0, 0, 0
509000, 10105, 1, 0, 0
510000, 23165, 0, 0, 0
510000, 9932, 1, 0, 0
511000, 22782, 0, 0, 0
511000, 9821, 1, 0, 0
512000, 22713, 0, 0, 0
512000, 9735, 1, 0, 0
513001, 22412, 0, 0, 0
513001, 9682, 1, 0, 0
514000, 22233, 0, 0, 0
514000, 9478, 1, 0, 0
515000, 22467, 0, 0, 0
515000, 9635, 1, 0, 0
516000, 22665, 0, 0, 0
516000, 9693, 1, 0, 0
517000, 22550, 0, 0, 0
517000, 9526, 1, 0, 0
518000, 22341, 0, 0, 0
518000, 9650, 1, 0, 0
519000, 22060, 0, 0, 0
519000, 9475, 1, 0, 0
520000, 22317, 0, 0, 0
520000, 9613, 1, 0, 0
521000, 22754, 0, 0, 0
521000, 9685, 1, 0, 0
522000, 22286, 0, 0, 0
522000, 9532, 1, 0, 0
523000, 22518, 0, 0, 0
523000, 9687, 1, 0, 0
524001, 22338, 0, 0, 0
524001, 9567, 1, 0, 0
525001, 21955, 0, 0, 0
525001, 9298, 1, 0, 0
526000, 22282, 0, 0, 0
526000, 9648, 1, 0, 0
527000, 22511, 0, 0, 0
527000, 9668, 1, 0, 0
528000, 22778, 0, 0, 0
528000, 9599, 1, 0, 0
529000, 22374, 0, 0, 0
529000, 9530, 1, 0, 0
530001, 22195, 0, 0, 0
530001, 9543, 1, 0, 0
531001, 22259, 0, 0, 0
531001, 9553, 1, 0, 0
532000, 22226, 0, 0, 0
532000, 9487, 1, 0, 0
533000, 22592, 0, 0, 0
533000, 9677, 1, 0, 0
534000, 22077, 0, 0, 0
534000, 9409, 1, 0, 0
535000, 22895, 0, 0, 0
535000, 10006, 1, 0, 0
536000, 22605, 0, 0, 0
536000, 9775, 1, 0, 0
537001, 22960, 0, 0, 0
537001, 9882, 1, 0, 0
538000, 22857, 0, 0, 0
538000, 9907, 1, 0, 0
539000, 23087, 0, 0, 0
539000, 10009, 1, 0, 0
540000, 22795, 0, 0, 0
540000, 10117, 1, 0, 0
541000, 22819, 0, 0, 0
541000, 9862, 1, 0, 0
542001, 23069, 0, 0, 0
542001, 9974, 1, 0, 0
543000, 23201, 0, 0, 0
543000, 9793, 1, 0, 0
544000, 22360, 0, 0, 0
544000, 9567, 1, 0, 0
545000, 22955, 0, 0, 0
545000, 10045, 1, 0, 0
546000, 22519, 0, 0, 0
546000, 9735, 1, 0, 0
547000, 22811, 0, 0, 0
547000, 9901, 1, 0, 0
548001, 22595, 0, 0, 0
548001, 9632, 1, 0, 0
549000, 22850, 0, 0, 0
549000, 9795, 1, 0, 0
550000, 22488, 0, 0, 0
550000, 9648, 1, 0, 0
551000, 23047, 0, 0, 0
551000, 9818, 1, 0, 0
552000, 22686, 0, 0, 0
552000, 9803, 1, 0, 0
553000, 22758, 0, 0, 0
553000, 9949, 1, 0, 0
554001, 23026, 0, 0, 0
554001, 9869, 1, 0, 0
555000, 23015, 0, 0, 0
555000, 9630, 1, 0, 0
556000, 22917, 0, 0, 0
556000, 9870, 1, 0, 0
557000, 22773, 0, 0, 0
557000, 9736, 1, 0, 0
558000, 22525, 0, 0, 0
558000, 9495, 1, 0, 0
559000, 13562, 0, 0, 0
559000, 5765, 1, 0, 0
560000, 12212, 0, 0, 0
560000, 5267, 1, 0, 0
561001, 21915, 0, 0, 0
561001, 9323, 1, 0, 0
562000, 22517, 0, 0, 0
562000, 9471, 1, 0, 0
563000, 23016, 0, 0, 0
563000, 9853, 1, 0, 0
564000, 22795, 0, 0, 0
564000, 9686, 1, 0, 0
565000, 22063, 0, 0, 0
565000, 9581, 1, 0, 0
566001, 22838, 0, 0, 0
566001, 9679, 1, 0, 0
567000, 22317, 0, 0, 0
567000, 9542, 1, 0, 0
568000, 22513, 0, 0, 0
568000, 9578, 1, 0, 0
569000, 22314, 0, 0, 0
569000, 9587, 1, 0, 0
570000, 22406, 0, 0, 0
570000, 9687, 1, 0, 0
571001, 22378, 0, 0, 0
571001, 9738, 1, 0, 0
572000, 22496, 0, 0, 0
572000, 9589, 1, 0, 0
573000, 22555, 0, 0, 0
573000, 9802, 1, 0, 0
574000, 22438, 0, 0, 0
574000, 9532, 1, 0, 0
575000, 22194, 0, 0, 0
575000, 9586, 1, 0, 0
576000, 22582, 0, 0, 0
576000, 9596, 1, 0, 0
577001, 24485, 0, 0, 0
577001, 10461, 1, 0, 0
578001, 23253, 0, 0, 0
578001, 9866, 1, 0, 0
579000, 22314, 0, 0, 0
579000, 9583, 1, 0, 0
580000, 22411, 0, 0, 0
580000, 9919, 1, 0, 0
581000, 22541, 0, 0, 0
581000, 9709, 1, 0, 0
582000, 22155, 0, 0, 0
582000, 9513, 1, 0, 0
583001, 22987, 0, 0, 0
583001, 9884, 1, 0, 0
584000, 22624, 0, 0, 0
584000, 9524, 1, 0, 0
585000, 22512, 0, 0, 0
585000, 9823, 1, 0, 0
586000, 22696, 0, 0, 0
586000, 9826, 1, 0, 0
587000, 22535, 0, 0, 0
587000, 9713, 1, 0, 0
588000, 22742, 0, 0, 0
588000, 9748, 1, 0, 0
589001, 22536, 0, 0, 0
589001, 9723, 1, 0, 0
590000, 22592, 0, 0, 0
590000, 9685, 1, 0, 0
591000, 22617, 0, 0, 0
591000, 9516, 1, 0, 0
592000, 22436, 0, 0, 0
592000, 9597, 1, 0, 0
593000, 22486, 0, 0, 0
593000, 9675, 1, 0, 0
594000, 22029, 0, 0, 0
594000, 9673, 1, 0, 0
595001, 22377, 0, 0, 0
595001, 9629, 1, 0, 0
596000, 22680, 0, 0, 0
596000, 9497, 1, 0, 0
597000, 22004, 0, 0, 0
597000, 9591, 1, 0, 0
598000, 22383, 0, 0, 0
598000, 9391, 1, 0, 0
599000, 22114, 0, 0, 0
599000, 9542, 1, 0, 0
600000, 22087, 0, 0, 0
600000, 9501, 1, 0, 0
601001, 22626, 0, 0, 0
601001, 9655, 1, 0, 0
602001, 22556, 0, 0, 0
602001, 9583, 1, 0, 0
603000, 22813, 0, 0, 0
603000, 9695, 1, 0, 0
604000, 22175, 0, 0, 0
604000, 9467, 1, 0, 0
605000, 21757, 0, 0, 0
605000, 9307, 1, 0, 0
606000, 22397, 0, 0, 0
606000, 9663, 1, 0, 0
607001, 22398, 0, 0, 0
607001, 9486, 1, 0, 0
608000, 22788, 0, 0, 0
608000, 10016, 1, 0, 0
609000, 24889, 0, 0, 0
609000, 10735, 1, 0, 0
610000, 22326, 0, 0, 0
610000, 9821, 1, 0, 0
611000, 22794, 0, 0, 0
611000, 9857, 1, 0, 0
612000, 22390, 0, 0, 0
612000, 9679, 1, 0, 0
613001, 22955, 0, 0, 0
613001, 9645, 1, 0, 0
614000, 22219, 0, 0, 0
614000, 9654, 1, 0, 0
615000, 22463, 0, 0, 0
615000, 9469, 1, 0, 0
616000, 22371, 0, 0, 0
616000, 9610, 1, 0, 0
617000, 22147, 0, 0, 0
617000, 9520, 1, 0, 0
618001, 22798, 0, 0, 0
618001, 9742, 1, 0, 0
619000, 22801, 0, 0, 0
619000, 9797, 1, 0, 0
620000, 22539, 0, 0, 0
620000, 9661, 1, 0, 0
621000, 22730, 0, 0, 0
621000, 9683, 1, 0, 0
622000, 21979, 0, 0, 0
622000, 9494, 1, 0, 0
623000, 22623, 0, 0, 0
623000, 9844, 1, 0, 0
624000, 22448, 0, 0, 0
624000, 9440, 1, 0, 0
625001, 22401, 0, 0, 0
625001, 9539, 1, 0, 0
626000, 22644, 0, 0, 0
626000, 9736, 1, 0, 0
627000, 22760, 0, 0, 0
627000, 9573, 1, 0, 0
628000, 22727, 0, 0, 0
628000, 9918, 1, 0, 0
629000, 22760, 0, 0, 0
629000, 9512, 1, 0, 0
630000, 22631, 0, 0, 0
630000, 9799, 1, 0, 0
631000, 22911, 0, 0, 0
631000, 9988, 1, 0, 0
632000, 22608, 0, 0, 0
632000, 9730, 1, 0, 0
633000, 22857, 0, 0, 0
633000, 9774, 1, 0, 0
634000, 23339, 0, 0, 0
634000, 10158, 1, 0, 0
635000, 23679, 0, 0, 0
635000, 10222, 1, 0, 0
636000, 23111, 0, 0, 0
636000, 9858, 1, 0, 0
637001, 23870, 0, 0, 0
637001, 10248, 1, 0, 0
638000, 22719, 0, 0, 0
638000, 9852, 1, 0, 0
639000, 20310, 0, 0, 0
639000, 8528, 1, 0, 0
640000, 2638, 0, 0, 0
640000, 1067, 1, 0, 0
641000, 18292, 0, 0, 0
641000, 7781, 1, 0, 0
642000, 22549, 0, 0, 0
642000, 9760, 1, 0, 0
643001, 23084, 0, 0, 0
643001, 9978, 1, 0, 0
644000, 22885, 0, 0, 0
644000, 9787, 1, 0, 0
645000, 22575, 0, 0, 0
645000, 9635, 1, 0, 0
646000, 22842, 0, 0, 0
646000, 9721, 1, 0, 0
647000, 23016, 0, 0, 0
647000, 9732, 1, 0, 0
648001, 22933, 0, 0, 0
648001, 9789, 1, 0, 0
649001, 22641, 0, 0, 0
649001, 9817, 1, 0, 0
650000, 23042, 0, 0, 0
650000, 9929, 1, 0, 0
651000, 22558, 0, 0, 0
651000, 9879, 1, 0, 0
652000, 22092, 0, 0, 0
652000, 9478, 1, 0, 0
653000, 22304, 0, 0, 0
653000, 9527, 1, 0, 0
654001, 14243, 0, 0, 0
654001, 5913, 1, 0, 0
655000, 4644, 0, 0, 0
655000, 2079, 1, 0, 0
656000, 23005, 0, 0, 0
656000, 9915, 1, 0, 0
657000, 22582, 0, 0, 0
657000, 9496, 1, 0, 0
658000, 22640, 0, 0, 0
658000, 9792, 1, 0, 0
659000, 21891, 0, 0, 0
659000, 9479, 1, 0, 0
660000, 21365, 0, 0, 0
660000, 9148, 1, 0, 0
661000, 22028, 0, 0, 0
661000, 9384, 1, 0, 0
662000, 21992, 0, 0, 0
662000, 9558, 1, 0, 0
663000, 22227, 0, 0, 0
663000, 9459, 1, 0, 0
664000, 22095, 0, 0, 0
664000, 9398, 1, 0, 0
665000, 21788, 0, 0, 0
665000, 9532, 1, 0, 0
666000, 22141, 0, 0, 0
666000, 9635, 1, 0, 0
667000, 22165, 0, 0, 0
667000, 9625, 1, 0, 0
668001, 22064, 0, 0, 0
668001, 9770, 1, 0, 0
669000, 22163, 0, 0, 0
669000, 9510, 1, 0, 0
670000, 22291, 0, 0, 0
670000, 9601, 1, 0, 0
671000, 24122, 0, 0, 0
671000, 10516, 1, 0, 0
672000, 22511, 0, 0, 0
672000, 9537, 1, 0, 0
673000, 22663, 0, 0, 0
673000, 9673, 1, 0, 0
674000, 22484, 0, 0, 0
674000, 9268, 1, 0, 0
675000, 22278, 0, 0, 0
675000, 9489, 1, 0, 0
676000, 22262, 0, 0, 0
676000, 9498, 1, 0, 0
677000, 22720, 0, 0, 0
677000, 9815, 1, 0, 0
678000, 24215, 0, 0, 0
678000, 10503, 1, 0, 0
679000, 22314, 0, 0, 0
679000, 9438, 1, 0, 0
680000, 22185, 0, 0, 0
680000, 9388, 1, 0, 0
681001, 8690, 0, 0, 0
681001, 3585, 1, 0, 0
682000, 6019, 0, 0, 0
682000, 2529, 1, 0, 0
683000, 14678, 0, 0, 0
683000, 6332, 1, 0, 0
684000, 21501, 0, 0, 0
684000, 9389, 1, 0, 0
685000, 21432, 0, 0, 0
685000, 9491, 1, 0, 0
686000, 22341, 0, 0, 0
686000, 9387, 1, 0, 0
687000, 21354, 0, 0, 0
687000, 9299, 1, 0, 0
688001, 22256, 0, 0, 0
688001, 9551, 1, 0, 0
689000, 21648, 0, 0, 0
689000, 9479, 1, 0, 0
690000, 21996, 0, 0, 0
690000, 9555, 1, 0, 0
691000, 22624, 0, 0, 0
691000, 9728, 1, 0, 0
692000, 21905, 0, 0, 0
692000, 9424, 1, 0, 0
693000, 22050, 0, 0, 0
693000, 9300, 1, 0, 0
694000, 22205, 0, 0, 0
694000, 9478, 1, 0, 0
695000, 22354, 0, 0, 0
695000, 9758, 1, 0, 0
696000, 24175, 0, 0, 0
696000, 10212, 1, 0, 0
697000, 22044, 0, 0, 0
697000, 9515, 1, 0, 0
698000, 22121, 0, 0, 0
698000, 9382, 1, 0, 0
699000, 22312, 0, 0, 0
699000, 9483, 1, 0, 0
700001, 22346, 0, 0, 0
700001, 9563, 1, 0, 0
701001, 22285, 0, 0, 0
701001, 9706, 1, 0, 0
702000, 22141, 0, 0, 0
702000, 9683, 1, 0, 0
703000, 22532, 0, 0, 0
703000, 9584, 1, 0, 0
704000, 22560, 0, 0, 0
704000, 9739, 1, 0, 0
705000, 22140, 0, 0, 0
705000, 9732, 1, 0, 0
706000, 22514, 0, 0, 0
706000, 9457, 1, 0, 0
707000, 22309, 0, 0, 0
707000, 9457, 1, 0, 0
708000, 22262, 0, 0, 0
708000, 9686, 1, 0, 0
709000, 21698, 0, 0, 0
709000, 9116, 1, 0, 0
710000, 22934, 0, 0, 0
710000, 9561, 1, 0, 0
711000, 21984, 0, 0, 0
711000, 9404, 1, 0, 0
712001, 21492, 0, 0, 0
712001, 9233, 1, 0, 0
713001, 22511, 0, 0, 0
713001, 9685, 1, 0, 0
714000, 22177, 0, 0, 0
714000, 9583, 1, 0, 0
715000, 22733, 0, 0, 0
715000, 9540, 1, 0, 0
716000, 22558, 0, 0, 0
716000, 9717, 1, 0, 0
717000, 22603, 0, 0, 0
717000, 9705, 1, 0, 0
718000, 22769, 0, 0, 0
718000, 9780, 1, 0, 0
719001, 24243, 0, 0, 0
719001, 10227, 1, 0, 0
720000, 22607, 0, 0, 0
720000, 9508, 1, 0, 0
721000, 22680, 0, 0, 0
721000, 9676, 1, 0, 0
722000, 22414, 0, 0, 0
722000, 9610, 1, 0, 0
723000, 22672, 0, 0, 0
723000, 9765, 1, 0, 0
724000, 22191, 0, 0, 0
724000, 9522, 1, 0, 0
725000, 22218, 0, 0, 0
725000, 9689, 1, 0, 0
726000, 22518, 0, 0, 0
726000, 9682, 1, 0, 0
727000, 22611, 0, 0, 0
727000, 9783, 1, 0, 0
728000, 22654, 0, 0, 0
728000, 9637, 1, 0, 0
729000, 21741, 0, 0, 0
729000, 9372, 1, 0, 0
730001, 21890, 0, 0, 0
730001, 9375, 1, 0, 0
731001, 21685, 0, 0, 0
731001, 9129, 1, 0, 0
732000, 22185, 0, 0, 0
732000, 9385, 1, 0, 0
733000, 22858, 0, 0, 0
733000, 9686, 1, 0, 0
734000, 22260, 0, 0, 0
734000, 9517, 1, 0, 0
735000, 22155, 0, 0, 0
735000, 9443, 1, 0, 0
736000, 21602, 0, 0, 0
736000, 9327, 1, 0, 0
737001, 22135, 0, 0, 0
737001, 9565, 1, 0, 0
738000, 22148, 0, 0, 0
738000, 9155, 1, 0, 0
739000, 21600, 0, 0, 0
739000, 9273, 1, 0, 0
740000, 21400, 0, 0, 0
740000, 9081, 1, 0, 0
741000, 22539, 0, 0, 0
741000, 9701, 1, 0, 0
742000, 22172, 0, 0, 0
742000, 9537, 1, 0, 0
743001, 25685, 0, 0, 0
743001, 10890, 1, 0, 0
744001, 24081, 0, 0, 0
744001, 10337, 1, 0, 0
745000, 22805, 0, 0, 0
745000, 9992, 1, 0, 0
746000, 22692, 0, 0, 0
746000, 9501, 1, 0, 0
747000, 22136, 0, 0, 0
747000, 9584, 1, 0, 0
748000, 22150, 0, 0, 0
748000, 9291, 1, 0, 0
749000, 22136, 0, 0, 0
749000, 9471, 1, 0, 0
750001, 21542, 0, 0, 0
750001, 9274, 1, 0, 0
751000, 22199, 0, 0, 0
751000, 9613, 1, 0, 0
752000, 21846, 0, 0, 0
752000, 9477, 1, 0, 0
753000, 22066, 0, 0, 0
753000, 9486, 1, 0, 0
754000, 21790, 0, 0, 0
754000, 9299, 1, 0, 0
755000, 21711, 0, 0, 0
755000, 9218, 1, 0, 0
756001, 22343, 0, 0, 0
756001, 9452, 1, 0, 0
757000, 21525, 0, 0, 0
757000, 9273, 1, 0, 0
758000, 18363, 0, 0, 0
758000, 7998, 1, 0, 0
759000, 21412, 0, 0, 0
759000, 9222, 1, 0, 0
760000, 17020, 0, 0, 0
760000, 7300, 1, 0, 0
761001, 21430, 0, 0, 0
761001, 9220, 1, 0, 0
762001, 21981, 0, 0, 0
762001, 9281, 1, 0, 0
763000, 22081, 0, 0, 0
763000, 9472, 1, 0, 0
764000, 22105, 0, 0, 0
764000, 9504, 1, 0, 0
765000, 21902, 0, 0, 0
765000, 9425, 1, 0, 0
766000, 21631, 0, 0, 0
766000, 9356, 1, 0, 0
767000, 24221, 0, 0, 0
767000, 10445, 1, 0, 0
768001, 22131, 0, 0, 0
768001, 9372, 1, 0, 0
769000, 21768, 0, 0, 0
769000, 9276, 1, 0, 0
770000, 22273, 0, 0, 0
770000, 9510, 1, 0, 0
771000, 22765, 0, 0, 0
771000, 9766, 1, 0, 0
772000, 21954, 0, 0, 0
772000, 9326, 1, 0, 0
773000, 21941, 0, 0, 0
773000, 9305, 1, 0, 0
774000, 21661, 0, 0, 0
774000, 9377, 1, 0, 0
775001, 21160, 0, 0, 0
775001, 9010, 1, 0, 0
776000, 18632, 0, 0, 0
776000, 7951, 1, 0, 0
777000, 22985, 0, 0, 0
777000, 9772, 1, 0, 0
778000, 18780, 0, 0, 0
778000, 8099, 1, 0, 0
779000, 18920, 0, 0, 0
779000, 7991, 1, 0, 0
780000, 22254, 0, 0, 0
780000, 9431, 1, 0, 0
781001, 19161, 0, 0, 0
781001, 8158, 1, 0, 0
782000, 19308, 0, 0, 0
782000, 8172, 1, 0, 0
783000, 21795, 0, 0, 0
783000, 9357, 1, 0, 0
784000, 20417, 0, 0, 0
784000, 8657, 1, 0, 0
785000, 21813, 0, 0, 0
785000, 9301, 1, 0, 0
786000, 21887, 0, 0, 0
786000, 9276, 1, 0, 0
787000, 20056, 0, 0, 0
787000, 8710, 1, 0, 0
788000, 20864, 0, 0, 0
788000, 8827, 1, 0, 0
789001, 21610, 0, 0, 0
789001, 9306, 1, 0, 0
790000, 21622, 0, 0, 0
790000, 9262, 1, 0, 0
791000, 22746, 0, 0, 0
791000, 9823, 1, 0, 0
792000, 23612, 0, 0, 0
792000, 10246, 1, 0, 0
793000, 21352, 0, 0, 0
793000, 9059, 1, 0, 0
794000, 20278, 0, 0, 0
794000, 8883, 1, 0, 0
795000, 20932, 0, 0, 0
795000, 9021, 1, 0, 0
796001, 22225, 0, 0, 0
796001, 9554, 1, 0, 0
797000, 21874, 0, 0, 0
797000, 9585, 1, 0, 0
798000, 21338, 0, 0, 0
798000, 9072, 1, 0, 0
799000, 21309, 0, 0, 0
799000, 9024, 1, 0, 0
800000, 21663, 0, 0, 0
800000, 9170, 1, 0, 0
801000, 21877, 0, 0, 0
801000, 9208, 1, 0, 0
802000, 22059, 0, 0, 0
802000, 9386, 1, 0, 0
803000, 22026, 0, 0, 0
803000, 9423, 1, 0, 0
804000, 21761, 0, 0, 0
804000, 9001, 1, 0, 0
805001, 12084, 0, 0, 0
805001, 5054, 1, 0, 0
806000, 7094, 0, 0, 0
806000, 3194, 1, 0, 0
807000, 15657, 0, 0, 0
807000, 6691, 1, 0, 0
808000, 22079, 0, 0, 0
808000, 9417, 1, 0, 0
809000, 21207, 0, 0, 0
809000, 8944, 1, 0, 0
810000, 20892, 0, 0, 0
810000, 9095, 1, 0, 0
811000, 21753, 0, 0, 0
811000, 9088, 1, 0, 0
812000, 21637, 0, 0, 0
812000, 9316, 1, 0, 0
813000, 22607, 0, 0, 0
813000, 9673, 1, 0, 0
814000, 21438, 0, 0, 0
814000, 9279, 1, 0, 0
815000, 21540, 0, 0, 0
815000, 9261, 1, 0, 0
816001, 21411, 0, 0, 0
816001, 9122, 1, 0, 0
817000, 24505, 0, 0, 0
817000, 10610, 1, 0, 0
818000, 23089, 0, 0, 0
818000, 10119, 1, 0, 0
819000, 21904, 0, 0, 0
819000, 9448, 1, 0, 0
820000, 21712, 0, 0, 0
820000, 9240, 1, 0, 0
821000, 21459, 0, 0, 0
821000, 9165, 1, 0, 0
822001, 21180, 0, 0, 0
822001, 9171, 1, 0, 0
823000, 13039, 0, 0, 0
823000, 5500, 1, 0, 0
824000, 16348, 0, 0, 0
824000, 6967, 1, 0, 0
825000, 21617, 0, 0, 0
825000, 9242, 1, 0, 0
826000, 21578, 0, 0, 0
826000, 9263, 1, 0, 0
827000, 21352, 0, 0, 0
827000, 9074, 1, 0, 0
828000, 21853, 0, 0, 0
828000, 9379, 1, 0, 0
829001, 21204, 0, 0, 0
829001, 9091, 1, 0, 0
830000, 21233, 0, 0, 0
830000, 9325, 1, 0, 0
831000, 22099, 0, 0, 0
831000, 9251, 1, 0, 0
832000, 21185, 0, 0, 0
832000, 9170, 1, 0, 0
833000, 21388, 0, 0, 0
833000, 9143, 1, 0, 0
834000, 21322, 0, 0, 0
834000, 9175, 1, 0, 0
835000, 21455, 0, 0, 0
835000, 9085, 1, 0, 0
836001, 21737, 0, 0, 0
836001, 9234, 1, 0, 0
837000, 21742, 0, 0, 0
837000, 9050, 1, 0, 0
838000, 21528, 0, 0, 0
838000, 9164, 1, 0, 0
839000, 21704, 0, 0, 0
839000, 9478, 1, 0, 0
840000, 21450, 0, 0, 0
840000, 9257, 1, 0, 0
841001, 22449, 0, 0, 0
841001, 9540, 1, 0, 0
842000, 24144, 0, 0, 0
842000, 10498, 1, 0, 0
843000, 21308, 0, 0, 0
843000, 8935, 1, 0, 0
844000, 21331, 0, 0, 0
844000, 9340, 1, 0, 0
845000, 21404, 0, 0, 0
845000, 9063, 1, 0, 0
846000, 21424, 0, 0, 0
846000, 9099, 1, 0, 0
847000, 21058, 0, 0, 0
847000, 9031, 1, 0, 0
848001, 21744, 0, 0, 0
848001, 9273, 1, 0, 0
849001, 21392, 0, 0, 0
849001, 9024, 1, 0, 0
850000, 21419, 0, 0, 0
850000, 9095, 1, 0, 0
851000, 21748, 0, 0, 0
851000, 9472, 1, 0, 0
852000, 21371, 0, 0, 0
852000, 9229, 1, 0, 0
853000, 21165, 0, 0, 0
853000, 9083, 1, 0, 0
854000, 20986, 0, 0, 0
854000, 9119, 1, 0, 0
855000, 21072, 0, 0, 0
855000, 9074, 1, 0, 0
856000, 22168, 0, 0, 0
856000, 9333, 1, 0, 0
857000, 22165, 0, 0, 0
857000, 9849, 1, 0, 0
858000, 21772, 0, 0, 0
858000, 9226, 1, 0, 0
859000, 21437, 0, 0, 0
859000, 9063, 1, 0, 0
860000, 21371, 0, 0, 0
860000, 9222, 1, 0, 0
861000, 22573, 0, 0, 0
861000, 9713, 1, 0, 0
862001, 22655, 0, 0, 0
862001, 9679, 1, 0, 0
863000, 21599, 0, 0, 0
863000, 9429, 1, 0, 0
864000, 22085, 0, 0, 0
864000, 9534, 1, 0, 0
865000, 21613, 0, 0, 0
865000, 9283, 1, 0, 0
866000, 24014, 0, 0, 0
866000, 10462, 1, 0, 0
867000, 21388, 0, 0, 0
867000, 9311, 1, 0, 0
868000, 21868, 0, 0, 0
868000, 9462, 1, 0, 0
869001, 21598, 0, 0, 0
869001, 9224, 1, 0, 0
870000, 21890, 0, 0, 0
870000, 9378, 1, 0, 0
871000, 22319, 0, 0, 0
871000, 9520, 1, 0, 0
872000, 22146, 0, 0, 0
872000, 9482, 1, 0, 0
873000, 22028, 0, 0, 0
873000, 9511, 1, 0, 0
874001, 21675, 0, 0, 0
874001, 9450, 1, 0, 0
875001, 22066, 0, 0, 0
875001, 9330, 1, 0, 0
876000, 23508, 0, 0, 0
876000, 10094, 1, 0, 0
877000, 21518, 0, 0, 0
877000, 9178, 1, 0, 0
878000, 21789, 0, 0, 0
878000, 9580, 1, 0, 0
879000, 22343, 0, 0, 0
879000, 9543, 1, 0, 0
880000, 22319, 0, 0, 0
880000, 9544, 1, 0, 0
881000, 21566, 0, 0, 0
881000, 9270, 1, 0, 0
882000, 21750, 0, 0, 0
882000, 9446, 1, 0, 0
883000, 12024, 0, 0, 0
883000, 5073, 1, 0, 0
884000, 3614, 0, 0, 0
884000, 1548, 1, 0, 0
885001, 2568, 0, 0, 0
885001, 1136, 1, 0, 0
886001, 2621, 0, 0, 0
886001, 1090, 1, 0, 0
887000, 2670, 0, 0, 0
887000, 1109, 1, 0, 0
888000, 2593, 0, 0, 0
888000, 1133, 1, 0, 0
889000, 1131, 0, 0, 0
889000, 512, 1, 0, 0
890000, 1159, 0, 0, 0
890000, 479, 1, 0, 0
891000, 425, 0, 0, 0
891000, 200, 1, 0, 0
892001, 455, 0, 0, 0
892001, 202, 1, 0, 0
893001, 1934, 0, 0, 0
893001, 762, 1, 0, 0
894000, 704, 0, 0, 0
894000, 301, 1, 0, 0
895000, 1457, 0, 0, 0
895000, 652, 1, 0, 0
896000, 1085, 0, 0, 0
896000, 461, 1, 0, 0
897000, 4842, 0, 0, 0
897000, 2066, 1, 0, 0
898000, 22143, 0, 0, 0
898000, 9723, 1, 0, 0
899001, 21723, 0, 0, 0
899001, 9324, 1, 0, 0
900000, 21920, 0, 0, 0
900000, 9427, 1, 0, 0
901000, 22139, 0, 0, 0
901000, 9518, 1, 0, 0
902000, 22247, 0, 0, 0
902000, 9609, 1, 0, 0
903000, 24869, 0, 0, 0
903000, 10679, 1, 0, 0
904000, 21764, 0, 0, 0
904000, 9447, 1, 0, 0
905001, 21771, 0, 0, 0
905001, 9196, 1, 0, 0
906000, 22634, 0, 0, 0
906000, 9764, 1, 0, 0
907000, 21415, 0, 0, 0
907000, 9129, 1, 0, 0
908000, 3602, 0, 0, 0
908000, 1480, 1, 0, 0
909000, 2635, 0, 0, 0
909000, 1069, 1, 0, 0
910000, 18446, 0, 0, 0
910000, 8039, 1, 0, 0
911000, 21805, 0, 0, 0
911000, 9399, 1, 0, 0
912001, 22049, 0, 0, 0
912001, 9351, 1, 0, 0
913000, 22016, 0, 0, 0
913000, 9398, 1, 0, 0
914000, 21600, 0, 0, 0
914000, 9142, 1, 0, 0
915000, 21719, 0, 0, 0
915000, 9401, 1, 0, 0
916000, 21739, 0, 0, 0
916000, 9287, 1, 0, 0
917000, 22081, 0, 0, 0
917000, 9413, 1, 0, 0
918000, 21311, 0, 0, 0
918000, 9309, 1, 0, 0
919000, 21976, 0, 0, 0
919000, 9514, 1, 0, 0
920000, 22458, 0, 0, 0
920000, 9586, 1, 0, 0
921000, 22483, 0, 0, 0
921000, 9598, 1, 0, 0
922000, 21526, 0, 0, 0
922000, 9004, 1, 0, 0
923001, 22252, 0, 0, 0
923001, 9511, 1, 0, 0
924000, 20813, 0, 0, 0
924000, 8931, 1, 0, 0
925000, 22336, 0, 0, 0
925000, 9452, 1, 0, 0
926000, 22043, 0, 0, 0
926000, 9321, 1, 0, 0
927000, 21590, 0, 0, 0
927000, 9353, 1, 0, 0
928000, 22273, 0, 0, 0
928000, 9238, 1, 0, 0
929000, 23730, 0, 0, 0
929000, 10213, 1, 0, 0
930001, 21841, 0, 0, 0
930001, 9362, 1, 0, 0
931001, 21868, 0, 0, 0
931001, 9445, 1, 0, 0
932000, 22598, 0, 0, 0
932000, 9594, 1, 0, 0
933000, 22015, 0, 0, 0
933000, 9240, 1, 0, 0
934000, 21995, 0, 0, 0
934000, 9335, 1, 0, 0
935000, 21902, 0, 0, 0
935000, 9458, 1, 0, 0
936000, 21488, 0, 0, 0
936000, 9166, 1, 0, 0
937001, 21928, 0, 0, 0
937001, 9447, 1, 0, 0
938000, 21794, 0, 0, 0
938000, 9361, 1, 0, 0
939000, 21812, 0, 0, 0
939000, 9226, 1, 0, 0
940000, 21927, 0, 0, 0
940000, 9359, 1, 0, 0
941000, 21618, 0, 0, 0
941000, 9603, 1, 0, 0
942000, 21563, 0, 0, 0
942000, 9471, 1, 0, 0
943001, 22105, 0, 0, 0
943001, 9404, 1, 0, 0
944001, 21492, 0, 0, 0
944001, 9068, 1, 0, 0
945000, 21871, 0, 0, 0
945000, 9457, 1, 0, 0
946000, 21753, 0, 0, 0
946000, 9385, 1, 0, 0
947000, 18635, 0, 0, 0
947000, 8125, 1, 0, 0
948000, 9616, 0, 0, 0
948000, 4261, 1, 0, 0
949000, 21789, 0, 0, 0
949000, 9260, 1, 0, 0
950000, 21852, 0, 0, 0
950000, 9335, 1, 0, 0
951000, 21952, 0, 0, 0
951000, 9342, 1, 0, 0
952000, 21899, 0, 0, 0
952000, 9329, 1, 0, 0
953000, 24284, 0, 0, 0
953000, 10269, 1, 0, 0
954000, 22016, 0, 0, 0
954000, 9511, 1, 0, 0
955000, 21323, 0, 0, 0
955000, 9270, 1, 0, 0
956000, 21491, 0, 0, 0
956000, 9377, 1, 0, 0
957001, 22029, 0, 0, 0
957001, 9540, 1, 0, 0
958000, 22230, 0, 0, 0
958000, 9391, 1, 0, 0
959000, 21604, 0, 0, 0
959000, 9472, 1, 0, 0
960000, 21803, 0, 0, 0
960000, 9250, 1, 0, 0
961000, 21378, 0, 0, 0
961000, 9404, 1, 0, 0
962000, 21825, 0, 0, 0
962000, 9179, 1, 0, 0
963001, 22253, 0, 0, 0
963001, 9584, 1, 0, 0
964000, 21661, 0, 0, 0
964000, 9413, 1, 0, 0
965000, 21979, 0, 0, 0
965000, 9264, 1, 0, 0
966000, 21507, 0, 0, 0
966000, 9322, 1, 0, 0
967000, 21578, 0, 0, 0
967000, 9320, 1, 0, 0
968000, 21354, 0, 0, 0
968000, 9231, 1, 0, 0
969001, 21918, 0, 0, 0
969001, 9474, 1, 0, 0
970000, 21261, 0, 0, 0
970000, 9005, 1, 0, 0
971000, 21849, 0, 0, 0
971000, 9143, 1, 0, 0
972000, 22147, 0, 0, 0
972000, 9489, 1, 0, 0
973000, 21575, 0, 0, 0
973000, 9169, 1, 0, 0
974001, 21142, 0, 0, 0
974001, 8939, 1, 0, 0
975000, 21797, 0, 0, 0
975000, 9169, 1, 0, 0
976000, 22279, 0, 0, 0
976000, 9557, 1, 0, 0
977000, 23663, 0, 0, 0
977000, 10198, 1, 0, 0
978000, 21833, 0, 0, 0
978000, 9299, 1, 0, 0
979000, 21795, 0, 0, 0
979000, 9412, 1, 0, 0
980001, 22011, 0, 0, 0
980001, 9559, 1, 0, 0
981000, 22184, 0, 0, 0
981000, 9647, 1, 0, 0
982000, 22139, 0, 0, 0
982000, 9365, 1, 0, 0
983000, 22034, 0, 0, 0
983000, 9201, 1, 0, 0
984000, 21685, 0, 0, 0
984000, 9206, 1, 0, 0
985001, 21933, 0, 0, 0
985001, 9548, 1, 0, 0
986000, 22079, 0, 0, 0
986000, 9340, 1, 0, 0
987000, 21979, 0, 0, 0
987000, 9502, 1, 0, 0
988000, 21976, 0, 0, 0
988000, 9607, 1, 0, 0
989000, 21728, 0, 0, 0
989000, 9330, 1, 0, 0
990000, 21579, 0, 0, 0
990000, 9341, 1, 0, 0
991000, 22440, 0, 0, 0
991000, 9528, 1, 0, 0
992001, 21992, 0, 0, 0
992001, 9368, 1, 0, 0
993000, 21853, 0, 0, 0
993000, 9260, 1, 0, 0
994000, 21961, 0, 0, 0
994000, 9008, 1, 0, 0
995000, 21578, 0, 0, 0
995000, 9194, 1, 0, 0
996000, 22076, 0, 0, 0
996000, 9350, 1, 0, 0
997000, 22121, 0, 0, 0
997000, 9408, 1, 0, 0
998001, 22458, 0, 0, 0
998001, 9507, 1, 0, 0
999000, 22381, 0, 0, 0
999000, 9549, 1, 0, 0
1000000, 21571, 0, 0, 0
1000000, 8837, 1, 0, 0
1001000, 23188, 0, 0, 0
1001000, 9917, 1, 0, 0
1002000, 21915, 0, 0, 0
1002000, 9376, 1, 0, 0
1003001, 22498, 0, 0, 0
1003001, 9737, 1, 0, 0
1004000, 22542, 0, 0, 0
1004000, 9592, 1, 0, 0
1005000, 21950, 0, 0, 0
1005000, 9457, 1, 0, 0
1006000, 21487, 0, 0, 0
1006000, 9218, 1, 0, 0
1007000, 21799, 0, 0, 0
1007000, 9400, 1, 0, 0
1008001, 22607, 0, 0, 0
1008001, 9633, 1, 0, 0
1009000, 21703, 0, 0, 0
1009000, 9389, 1, 0, 0
1010000, 22076, 0, 0, 0
1010000, 9399, 1, 0, 0
1011000, 22655, 0, 0, 0
1011000, 9532, 1, 0, 0
1012000, 22068, 0, 0, 0
1012000, 9558, 1, 0, 0
1013001, 22306, 0, 0, 0
1013001, 9557, 1, 0, 0
1014000, 21843, 0, 0, 0
1014000, 9292, 1, 0, 0
1015000, 22195, 0, 0, 0
1015000, 9408, 1, 0, 0
1016000, 22396, 0, 0, 0
1016000, 9452, 1, 0, 0
1017000, 21996, 0, 0, 0
1017000, 9410, 1, 0, 0
1018000, 22365, 0, 0, 0
1018000, 9525, 1, 0, 0
1019001, 22162, 0, 0, 0
1019001, 9450, 1, 0, 0
1020000, 22210, 0, 0, 0
1020000, 9298, 1, 0, 0
1021000, 22058, 0, 0, 0
1021000, 9300, 1, 0, 0
1022000, 21962, 0, 0, 0
1022000, 9362, 1, 0, 0
1023000, 22743, 0, 0, 0
1023000, 9841, 1, 0, 0
1024000, 22073, 0, 0, 0
1024000, 9559, 1, 0, 0
1025001, 23383, 0, 0, 0
1025001, 10201, 1, 0, 0
1026000, 22493, 0, 0, 0
1026000, 9353, 1, 0, 0
1027000, 21791, 0, 0, 0
1027000, 9578, 1, 0, 0
1028000, 22936, 0, 0, 0
1028000, 10057, 1, 0, 0
1029000, 21710, 0, 0, 0
1029000, 9324, 1, 0, 0
1030000, 22549, 0, 0, 0
1030000, 9618, 1, 0, 0
1031000, 21827, 0, 0, 0
1031000, 9372, 1, 0, 0
1032001, 22680, 0, 0, 0
1032001, 9770, 1, 0, 0
1033000, 23424, 0, 0, 0
1033000, 10073, 1, 0, 0
1034000, 22792, 0, 0, 0
1034000, 9811, 1, 0, 0
1035000, 23032, 0, 0, 0
1035000, 10023, 1, 0, 0
1036000, 22873, 0, 0, 0
1036000, 9625, 1, 0, 0
1037000, 22106, 0, 0, 0
1037000, 9431, 1, 0, 0
1038000, 22136, 0, 0, 0
1038000, 9572, 1, 0, 0
1039001, 22131, 0, 0, 0
1039001, 9651, 1, 0, 0
1040000, 22228, 0, 0, 0
1040000, 9675, 1, 0, 0
1041000, 22256, 0, 0, 0
1041000, 9354, 1, 0, 0
1042000, 22135, 0, 0, 0
1042000, 9696, 1, 0, 0
1043000, 22660, 0, 0, 0
1043000, 9941, 1, 0, 0
1044000, 21830, 0, 0, 0
1044000, 9431, 1, 0, 0
1045000, 22529, 0, 0, 0
1045000, 9377, 1, 0, 0
1046001, 22563, 0, 0, 0
1046001, 9960, 1, 0, 0
1047000, 22403, 0, 0, 0
1047000, 9715, 1, 0, 0
1048000, 24826, 0, 0, 0
1048000, 10544, 1, 0, 0
1049000, 22432, 0, 0, 0
1049000, 9748, 1, 0, 0
1050000, 26667, 0, 0, 0
1050000, 11432, 1, 0, 0
1051000, 26884, 0, 0, 0
1051000, 11535, 1, 0, 0
1052000, 24684, 0, 0, 0
1052000, 10600, 1, 0, 0
1053000, 24131, 0, 0, 0
1053000, 10153, 1, 0, 0
1054000, 23129, 0, 0, 0
1054000, 10047, 1, 0, 0
1055000, 22800, 0, 0, 0
1055000, 9800, 1, 0, 0
1056000, 22573, 0, 0, 0
1056000, 9691, 1, 0, 0
1057001, 22374, 0, 0, 0
1057001, 9724, 1, 0, 0
1058000, 22178, 0, 0, 0
1058000, 9432, 1, 0, 0
1059000, 21649, 0, 0, 0
1059000, 9225, 1, 0, 0
1060000, 21970, 0, 0, 0
1060000, 9380, 1, 0, 0
1061001, 22034, 0, 0, 0
1061001, 9572, 1, 0, 0
1062000, 21850, 0, 0, 0
1062000, 9620, 1, 0, 0
1063000, 22366, 0, 0, 0
1063000, 9469, 1, 0, 0
1064000, 21937, 0, 0, 0
1064000, 9306, 1, 0, 0
1065000, 21910, 0, 0, 0
1065000, 9508, 1, 0, 0
1066000, 22195, 0, 0, 0
1066000, 9370, 1, 0, 0
1067001, 21682, 0, 0, 0
1067001, 9253, 1, 0, 0
1068000, 22554, 0, 0, 0
1068000, 9751, 1, 0, 0
1069000, 22661, 0, 0, 0
1069000, 9612, 1, 0, 0
1070000, 22842, 0, 0, 0
1070000, 9688, 1, 0, 0
1071000, 24090, 0, 0, 0
1071000, 10102, 1, 0, 0
1072000, 22422, 0, 0, 0
1072000, 9395, 1, 0, 0
1073001, 22633, 0, 0, 0
1073001, 9785, 1, 0, 0
1074000, 22781, 0, 0, 0
1074000, 9635, 1, 0, 0
1075000, 20786, 0, 0, 0
1075000, 8880, 1, 0, 0
1076000, 20343, 0, 0, 0
1076000, 8623, 1, 0, 0
1077000, 20239, 0, 0, 0
1077000, 8722, 1, 0, 0
1078001, 21767, 0, 0, 0
1078001, 9381, 1, 0, 0
1079000, 20450, 0, 0, 0
1079000, 8825, 1, 0, 0
1080000, 21391, 0, 0, 0
1080000, 9367, 1, 0, 0
1081000, 22485, 0, 0, 0
1081000, 9840, 1, 0, 0
1082000, 22434, 0, 0, 0
1082000, 9668, 1, 0, 0
1083001, 22608, 0, 0, 0
1083001, 9863, 1, 0, 0
1084001, 22411, 0, 0, 0
1084001, 9519, 1, 0, 0
1085000, 22095, 0, 0, 0
1085000, 9378, 1, 0, 0
1086000, 22431, 0, 0, 0
1086000, 9734, 1, 0, 0
1087000, 22129, 0, 0, 0
1087000, 9504, 1, 0, 0
1088000, 22178, 0, 0, 0
1088000, 9359, 1, 0, 0
1089000, 22636, 0, 0, 0
1089000, 9773, 1, 0, 0
1090000, 22594, 0, 0, 0
1090000, 9598, 1, 0, 0
1091000, 22913, 0, 0, 0
1091000, 9646, 1, 0, 0
1092000, 22629, 0, 0, 0
1092000, 9723, 1, 0, 0
1093000, 22102, 0, 0, 0
1093000, 9454, 1, 0, 0
1094000, 22468, 0, 0, 0
1094000, 9727, 1, 0, 0
1095000, 24104, 0, 0, 0
1095000, 10376, 1, 0, 0
1096001, 22882, 0, 0, 0
1096001, 9829, 1, 0, 0
1097000, 22389, 0, 0, 0
1097000, 9560, 1, 0, 0
1098000, 22352, 0, 0, 0
1098000, 9807, 1, 0, 0
1099000, 22572, 0, 0, 0
1099000, 9657, 1, 0, 0
1100000, 22295, 0, 0, 0
1100000, 9783, 1, 0, 0
1101001, 22598, 0, 0, 0
1101001, 9440, 1, 0, 0
1102000, 22062, 0, 0, 0
1102000, 9553, 1, 0, 0
1103000, 22061, 0, 0, 0
1103000, 9347, 1, 0, 0
1104000, 22420, 0, 0, 0
1104000, 9542, 1, 0, 0
1105000, 11092, 0, 0, 0
1105000, 4733, 1, 0, 0
1106000, 2935, 0, 0, 0
1106000, 1233, 1, 0, 0
1107000, 3171, 0, 0, 0
1107000, 1317, 1, 0, 0
1108001, 19951, 0, 0, 0
1108001, 8534, 1, 0, 0
1109000, 20774, 0, 0, 0
1109000, 8815, 1, 0, 0
1110000, 10518, 0, 0, 0
1110000, 4477, 1, 0, 0
1111000, 2660, 0, 0, 0
1111000, 1120, 1, 0, 0
1112000, 2600, 0, 0, 0
1112000, 1102, 1, 0, 0
1113000, 3401, 0, 0, 0
1113000, 1503, 1, 0, 0
1114001, 20184, 0, 0, 0
1114001, 8475, 1, 0, 0
1115000, 20819, 0, 0, 0
1115000, 8974, 1, 0, 0
1116000, 20965, 0, 0, 0
1116000, 9021, 1, 0, 0
1117000, 22410, 0, 0, 0
1117000, 9695, 1, 0, 0
1118000, 22294, 0, 0, 0
1118000, 9589, 1, 0, 0
1119001, 22142, 0, 0, 0
1119001, 9602, 1, 0, 0
1120000, 22088, 0, 0, 0
1120000, 9439, 1, 0, 0
1121000, 22629, 0, 0, 0
1121000, 9745, 1, 0, 0
1122000, 22894, 0, 0, 0
1122000, 9688, 1, 0, 0
1123000, 22167, 0, 0, 0
1123000, 9471, 1, 0, 0
1124001, 23978, 0, 0, 0
1124001, 10273, 1, 0, 0
1125000, 22207, 0, 0, 0
1125000, 9491, 1, 0, 0
1126000, 22082, 0, 0, 0
1126000, 9505, 1, 0, 0
1127000, 22260, 0, 0, 0
1127000, 9624, 1, 0, 0
1128000, 22665, 0, 0, 0
1128000, 9598, 1, 0, 0
1129001, 22335, 0, 0, 0
1129001, 9450, 1, 0, 0
1130000, 22330, 0, 0, 0
1130000, 9600, 1, 0, 0
1131000, 22154, 0, 0, 0
1131000, 9500, 1, 0, 0
1132000, 22227, 0, 0, 0
1132000, 9550, 1, 0, 0
1133001, 22210, 0, 0, 0
1133001, 9654, 1, 0, 0
1134000, 22272, 0, 0, 0
1134000, 9517, 1, 0, 0
1135000, 22137, 0, 0, 0
1135000, 9569, 1, 0, 0
1136000, 22614, 0, 0, 0
1136000, 9738, 1, 0, 0
1137000, 22603, 0, 0, 0
1137000, 9742, 1, 0, 0
1138001, 22928, 0, 0, 0
1138001, 9654, 1, 0, 0
1139000, 22600, 0, 0, 0
1139000, 9693, 1, 0, 0
1140000, 22043, 0, 0, 0
1140000, 9381, 1, 0, 0
1141000, 22791, 0, 0, 0
1141000, 9870, 1, 0, 0
1142000, 22301, 0, 0, 0
1142000, 9591, 1, 0, 0
1143000, 20284, 0, 0, 0
1143000, 8543, 1, 0, 0
1144001, 21279, 0, 0, 0
1144001, 9092, 1, 0, 0
1145000, 19790, 0, 0, 0
1145000, 8398, 1, 0, 0
1146000, 20228, 0, 0, 0
1146000, 8579, 1, 0, 0
1147000, 21728, 0, 0, 0
1147000, 9235, 1, 0, 0
1148001, 22982, 0, 0, 0
1148001, 10017, 1, 0, 0
1149000, 21276, 0, 0, 0
1149000, 9228, 1, 0, 0
1150000, 20141, 0, 0, 0
1150000, 8411, 1, 0, 0
1151000, 20938, 0, 0, 0
1151000, 8902, 1, 0, 0
1152000, 20781, 0, 0, 0
1152000, 8865, 1, 0, 0
1153000, 20739, 0, 0, 0
1153000, 8695, 1, 0, 0
1154000, 20470, 0, 0, 0
1154000, 8817, 1, 0, 0
1155000, 20593, 0, 0, 0
1155000, 8680, 1, 0, 0
1156000, 21490, 0, 0, 0
1156000, 9128, 1, 0, 0
1157000, 21805, 0, 0, 0
1157000, 9504, 1, 0, 0
1158001, 22055, 0, 0, 0
1158001, 9442, 1, 0, 0
1159000, 20912, 0, 0, 0
1159000, 8934, 1, 0, 0
1160000, 20840, 0, 0, 0
1160000, 8893, 1, 0, 0
1161000, 21368, 0, 0, 0
1161000, 8987, 1, 0, 0
1162000, 20675, 0, 0, 0
1162000, 8909, 1, 0, 0
1163001, 20607, 0, 0, 0
1163001, 8895, 1, 0, 0
1164000, 20195, 0, 0, 0
1164000, 8879, 1, 0, 0
1165000, 20326, 0, 0, 0
1165000, 8813, 1, 0, 0
1166000, 20645, 0, 0, 0
1166000, 8694, 1, 0, 0
1167000, 20527, 0, 0, 0
1167000, 8750, 1, 0, 0
1168001, 20968, 0, 0, 0
1168001, 8969, 1, 0, 0
1169000, 20163, 0, 0, 0
1169000, 8808, 1, 0, 0
1170000, 20540, 0, 0, 0
1170000, 8817, 1, 0, 0
1171000, 21062, 0, 0, 0
1171000, 8911, 1, 0, 0
1172000, 23136, 0, 0, 0
1172000, 9914, 1, 0, 0
1173001, 23378, 0, 0, 0
1173001, 9935, 1, 0, 0
1174000, 22781, 0, 0, 0
1174000, 9662, 1, 0, 0
1175000, 9692, 0, 0, 0
1175000, 4147, 1, 0, 0
1176000, 22695, 0, 0, 0
1176000, 9567, 1, 0, 0
1177000, 22385, 0, 0, 0
1177000, 9622, 1, 0, 0
1178000, 22228, 0, 0, 0
1178000, 9678, 1, 0, 0
1179000, 21311, 0, 0, 0
1179000, 9203, 1, 0, 0
1180000, 21042, 0, 0, 0
1180000, 8887, 1, 0, 0
1181000, 21832, 0, 0, 0
1181000, 9226, 1, 0, 0
1182000, 22269, 0, 0, 0
1182000, 9570, 1, 0, 0
1183000, 22158, 0, 0, 0
1183000, 9306, 1, 0, 0
1184000, 22320, 0, 0, 0
1184000, 9334, 1, 0, 0
1185000, 22251, 0, 0, 0
1185000, 9790, 1, 0, 0
1186000, 22241, 0, 0, 0
1186000, 9555, 1, 0, 0
1187000, 22674, 0, 0, 0
1187000, 9664, 1, 0, 0
1188000, 22475, 0, 0, 0
1188000, 9728, 1, 0, 0
1189001, 22016, 0, 0, 0
1189001, 9366, 1, 0, 0
1190001, 22447, 0, 0, 0
1190001, 9539, 1, 0, 0
1191000, 22589, 0, 0, 0
1191000, 9657, 1, 0, 0
1192000, 22927, 0, 0, 0
1192000, 9719, 1, 0, 0
1193000, 22545, 0, 0, 0
1193000, 9676, 1, 0, 0
1194001, 22933, 0, 0, 0
1194001, 9958, 1, 0, 0
1195000, 22417, 0, 0, 0
1195000, 9501, 1, 0, 0
1196000, 24339, 0, 0, 0
1196000, 10233, 1, 0, 0
1197000, 24407, 0, 0, 0
1197000, 10455, 1, 0, 0
1198000, 24678, 0, 0, 0
1198000, 10613, 1, 0, 0
1199001, 24331, 0, 0, 0
1199001, 10507, 1, 0, 0
1200001, 23332, 0, 0, 0
1200001, 9938, 1, 0, 0
