1000, 34772, 0, 0, 0
1000, 21654, 1, 0, 0
2000, 32412, 0, 0, 0
2000, 19716, 1, 0, 0
3000, 31973, 0, 0, 0
3000, 16979, 1, 0, 0
4000, 32495, 0, 0, 0
4000, 16545, 1, 0, 0
5000, 32447, 0, 0, 0
5000, 18969, 1, 0, 0
6000, 31116, 0, 0, 0
6000, 14715, 1, 0, 0
7000, 32559, 0, 0, 0
7000, 20048, 1, 0, 0
8000, 32422, 0, 0, 0
8000, 19687, 1, 0, 0
9000, 19393, 1, 0, 0
9000, 32092, 0, 0, 0
10000, 32138, 0, 0, 0
10000, 18734, 1, 0, 0
11000, 30843, 0, 0, 0
11000, 13879, 1, 0, 0
12000, 32880, 0, 0, 0
12000, 20159, 1, 0, 0
13000, 19929, 1, 0, 0
13000, 32466, 0, 0, 0
14000, 170160, 0, 0, 0
14002, 156862, 1, 0, 0
15000, 287845, 1, 0, 0
15000, 288165, 0, 0, 0
16000, 286665, 0, 0, 0
16001, 276969, 1, 0, 0
17000, 46890, 0, 0, 0
17000, 33858, 1, 0, 0
18000, 32290, 0, 0, 0
18000, 19726, 1, 0, 0
19000, 19744, 1, 0, 0
19000, 32415, 0, 0, 0
20000, 32403, 0, 0, 0
20000, 19857, 1, 0, 0
21000, 19559, 1, 0, 0
21000, 32323, 0, 0, 0
22000, 32862, 0, 0, 0
22000, 20133, 1, 0, 0
23000, 31995, 0, 0, 0
23000, 18940, 1, 0, 0
24000, 32527, 0, 0, 0
24000, 19647, 1, 0, 0
25000, 32314, 0, 0, 0
25000, 19675, 1, 0, 0
26000, 32227, 0, 0, 0
26000, 19284, 1, 0, 0
27000, 19878, 1, 0, 0
27000, 32507, 0, 0, 0
28000, 32311, 0, 0, 0
28000, 19506, 1, 0, 0
29000, 32222, 0, 0, 0
29000, 19434, 1, 0, 0
30000, 32521, 0, 0, 0
30000, 19964, 1, 0, 0
31000, 32108, 0, 0, 0
31000, 18805, 1, 0, 0
32119, 32895, 1, 0, 0
32121, 33487, 0, 0, 0
33000, 35245, 0, 0, 0
33000, 36694, 1, 0, 0
34000, 33611, 1, 0, 0
34000, 34127, 0, 0, 0
35000, 32188, 0, 0, 0
35000, 19471, 1, 0, 0
36000, 31902, 0, 0, 0
36000, 18864, 1, 0, 0
37000, 19533, 1, 0, 0
37000, 32134, 0, 0, 0
38000, 32200, 0, 0, 0
38000, 19147, 1, 0, 0
39000, 32728, 0, 0, 0
39000, 20442, 1, 0, 0
40000, 32757, 0, 0, 0
40000, 20196, 1, 0, 0
41000, 32341, 0, 0, 0
41000, 19607, 1, 0, 0
42000, 19171, 1, 0, 0
42000, 32156, 0, 0, 0
43000, 31511, 0, 0, 0
43000, 18008, 1, 0, 0
44000, 32610, 0, 0, 0
44000, 20127, 1, 0, 0
45000, 32647, 0, 0, 0
45000, 19603, 1, 0, 0
46000, 19679, 1, 0, 0
46000, 32460, 0, 0, 0
47000, 32469, 0, 0, 0
47000, 19856, 1, 0, 0
48000, 32520, 0, 0, 0
48000, 19177, 1, 0, 0
49000, 19991, 1, 0, 0
49000, 32750, 0, 0, 0
50000, 33831, 0, 0, 0
50000, 32748, 1, 0, 0
51000, 33744, 0, 0, 0
51000, 31909, 1, 0, 0
52000, 35564, 1, 0, 0
52000, 33311, 0, 0, 0
53000, 33488, 0, 0, 0
53000, 33732, 1, 0, 0
54000, 33545, 0, 0, 0
54000, 35506, 1, 0, 0
55000, 32583, 0, 0, 0
55000, 20050, 1, 0, 0
56000, 28821, 1, 0, 0
56000, 41093, 0, 0, 0
57000, 51025, 0, 0, 0
57000, 38893, 1, 0, 0
58000, 32529, 0, 0, 0
58000, 20373, 1, 0, 0
59000, 32523, 0, 0, 0
59000, 20071, 1, 0, 0
60000, 32601, 0, 0, 0
60000, 20062, 1, 0, 0
61000, 32516, 0, 0, 0
61000, 20095, 1, 0, 0
62000, 32477, 0, 0, 0
62000, 20228, 1, 0, 0
63000, 32055, 0, 0, 0
63000, 19791, 1, 0, 0
64000, 32986, 0, 0, 0
64000, 20633, 1, 0, 0
65000, 32623, 0, 0, 0
65000, 20603, 1, 0, 0
66000, 41365, 0, 0, 0
66001, 30292, 1, 0, 0
67000, 287106, 0, 0, 0
67003, 280108, 1, 0, 0
68000, 34523, 0, 0, 0
68000, 22221, 1, 0, 0
69000, 33065, 0, 0, 0
69000, 20476, 1, 0, 0
70000, 19917, 1, 0, 0
70000, 32414, 0, 0, 0
71000, 32034, 0, 0, 0
71000, 18839, 1, 0, 0
72000, 32701, 0, 0, 0
72000, 19970, 1, 0, 0
73000, 32510, 0, 0, 0
73000, 20411, 1, 0, 0
74000, 32403, 0, 0, 0
74000, 20182, 1, 0, 0
75000, 32907, 0, 0, 0
75000, 20439, 1, 0, 0
76000, 32638, 0, 0, 0
76000, 19925, 1, 0, 0
77000, 32699, 0, 0, 0
77000, 20283, 1, 0, 0
78000, 32246, 0, 0, 0
78000, 19150, 1, 0, 0
79000, 32144, 0, 0, 0
79000, 19380, 1, 0, 0
80000, 32241, 0, 0, 0
80000, 19819, 1, 0, 0
81000, 33630, 0, 0, 0
81000, 21240, 1, 0, 0
82000, 49937, 0, 0, 0
82000, 38171, 1, 0, 0
83000, 32294, 0, 0, 0
83000, 18903, 1, 0, 0
84000, 34751, 1, 0, 0
84000, 34005, 0, 0, 0
85000, 32677, 0, 0, 0
85000, 20267, 1, 0, 0
86000, 32457, 0, 0, 0
86000, 19819, 1, 0, 0
87000, 32582, 0, 0, 0
87000, 19792, 1, 0, 0
88000, 31744, 0, 0, 0
88000, 18067, 1, 0, 0
89000, 32564, 0, 0, 0
89000, 19787, 1, 0, 0
90000, 33025, 0, 0, 0
90000, 20226, 1, 0, 0
91000, 32499, 0, 0, 0
91000, 19936, 1, 0, 0
92000, 18707, 1, 0, 0
92000, 32367, 0, 0, 0
93000, 32070, 0, 0, 0
93000, 18847, 1, 0, 0
94000, 18236, 1, 0, 0
94000, 31904, 0, 0, 0
95000, 32892, 0, 0, 0
95000, 20200, 1, 0, 0
96000, 39640, 0, 0, 0
96000, 26422, 1, 0, 0
97000, 19822, 1, 0, 0
97000, 32999, 0, 0, 0
98000, 31946, 0, 0, 0
98000, 18431, 1, 0, 0
99000, 32596, 0, 0, 0
99000, 20488, 1, 0, 0
100000, 32036, 0, 0, 0
100000, 19006, 1, 0, 0
101000, 19006, 1, 0, 0
101000, 32027, 0, 0, 0
102000, 31292, 0, 0, 0
102000, 18440, 1, 0, 0
103000, 33460, 0, 0, 0
103000, 20954, 1, 0, 0
104000, 34040, 0, 0, 0
104000, 19498, 1, 0, 0
105000, 33221, 0, 0, 0
105000, 19635, 1, 0, 0
106000, 33487, 0, 0, 0
106000, 19523, 1, 0, 0
107000, 33917, 0, 0, 0
107000, 20638, 1, 0, 0
108000, 21454, 1, 0, 0
108000, 34551, 0, 0, 0
109000, 33943, 0, 0, 0
109000, 21378, 1, 0, 0
110000, 33818, 0, 0, 0
110000, 20976, 1, 0, 0
111000, 33661, 0, 0, 0
111000, 20534, 1, 0, 0
112000, 20734, 1, 0, 0
112000, 33908, 0, 0, 0
113000, 35517, 0, 0, 0
113000, 36054, 1, 0, 0
114000, 33727, 0, 0, 0
114000, 20606, 1, 0, 0
115000, 35480, 0, 0, 0
115000, 36650, 1, 0, 0
116000, 33696, 0, 0, 0
116000, 19561, 1, 0, 0
117000, 36576, 0, 0, 0
117000, 36669, 1, 0, 0
118000, 34271, 0, 0, 0
118000, 21427, 1, 0, 0
119000, 36251, 1, 0, 0
119000, 35552, 0, 0, 0
120000, 20714, 1, 0, 0
120000, 34089, 0, 0, 0
121000, 34616, 0, 0, 0
121000, 37470, 1, 0, 0
122000, 34409, 0, 0, 0
122000, 21057, 1, 0, 0
123000, 35691, 0, 0, 0
123000, 35728, 1, 0, 0
124000, 34522, 0, 0, 0
124000, 20547, 1, 0, 0
125000, 35569, 0, 0, 0
125000, 38250, 1, 0, 0
126000, 33990, 0, 0, 0
126000, 20295, 1, 0, 0
127000, 36573, 0, 0, 0
127000, 34288, 1, 0, 0
128000, 21517, 1, 0, 0
128000, 34490, 0, 0, 0
129000, 35994, 0, 0, 0
129000, 35887, 1, 0, 0
130000, 34465, 0, 0, 0
130000, 21527, 1, 0, 0
131000, 34963, 0, 0, 0
131000, 37313, 1, 0, 0
132000, 143810, 0, 0, 0
132000, 133169, 1, 0, 0
133000, 141901, 0, 0, 0
133001, 132457, 1, 0, 0
134000, 64001, 1, 0, 0
134000, 75200, 0, 0, 0
135000, 60043, 1, 0, 0
135000, 74629, 0, 0, 0
136000, 21517, 1, 0, 0
136000, 36908, 0, 0, 0
137000, 40947, 0, 0, 0
137000, 27081, 1, 0, 0
138000, 22010, 1, 0, 0
138000, 35613, 0, 0, 0
139000, 35667, 0, 0, 0
139000, 21236, 1, 0, 0
140000, 37645, 0, 0, 0
140000, 20843, 1, 0, 0
141000, 39655, 0, 0, 0
141000, 19098, 1, 0, 0
142000, 34779, 0, 0, 0
142000, 20668, 1, 0, 0
143000, 33869, 0, 0, 0
143000, 20769, 1, 0, 0
144000, 34262, 0, 0, 0
144000, 21754, 1, 0, 0
145000, 34465, 0, 0, 0
145000, 21724, 1, 0, 0
146000, 34313, 0, 0, 0
146000, 21096, 1, 0, 0
147000, 20920, 1, 0, 0
147000, 34225, 0, 0, 0
148000, 34158, 0, 0, 0
148000, 20147, 1, 0, 0
149000, 33745, 0, 0, 0
149000, 18783, 1, 0, 0
150000, 33097, 0, 0, 0
150000, 16365, 1, 0, 0
151000, 32433, 0, 0, 0
151000, 15991, 1, 0, 0
152000, 20984, 1, 0, 0
152000, 34671, 0, 0, 0
153000, 34306, 0, 0, 0
153000, 21654, 1, 0, 0
154000, 34553, 0, 0, 0
154000, 21728, 1, 0, 0
155000, 34596, 0, 0, 0
155000, 21525, 1, 0, 0
156000, 33790, 0, 0, 0
156000, 20365, 1, 0, 0
157000, 34325, 0, 0, 0
157000, 20965, 1, 0, 0
158000, 20404, 1, 0, 0
158000, 34181, 0, 0, 0
159000, 34359, 0, 0, 0
159000, 21028, 1, 0, 0
160000, 20179, 1, 0, 0
160000, 34040, 0, 0, 0
161000, 52478, 0, 0, 0
161000, 36881, 1, 0, 0
162000, 68432, 0, 0, 0
162000, 53239, 1, 0, 0
163000, 34435, 0, 0, 0
163000, 20660, 1, 0, 0
164000, 34005, 0, 0, 0
164000, 20798, 1, 0, 0
165000, 21589, 1, 0, 0
165000, 34281, 0, 0, 0
166000, 33909, 0, 0, 0
166000, 19862, 1, 0, 0
167000, 34247, 0, 0, 0
167000, 21129, 1, 0, 0
168000, 34195, 0, 0, 0
168000, 20814, 1, 0, 0
169000, 20331, 1, 0, 0
169000, 33990, 0, 0, 0
170000, 34136, 0, 0, 0
170000, 20650, 1, 0, 0
171000, 33522, 0, 0, 0
171000, 18918, 1, 0, 0
172000, 34087, 0, 0, 0
172000, 20658, 1, 0, 0
173000, 21133, 1, 0, 0
173000, 34223, 0, 0, 0
174000, 34440, 0, 0, 0
174000, 21775, 1, 0, 0
175000, 34065, 0, 0, 0
175000, 20580, 1, 0, 0
176000, 34044, 0, 0, 0
176000, 19672, 1, 0, 0
177000, 33839, 0, 0, 0
177000, 20216, 1, 0, 0
178000, 33823, 0, 0, 0
178000, 20092, 1, 0, 0
179000, 33949, 0, 0, 0
179000, 19951, 1, 0, 0
180000, 34339, 0, 0, 0
180000, 20460, 1, 0, 0
181000, 33694, 0, 0, 0
181000, 19418, 1, 0, 0
182000, 21279, 1, 0, 0
182000, 34409, 0, 0, 0
183000, 22002, 1, 0, 0
183000, 34358, 0, 0, 0
184000, 20620, 1, 0, 0
184000, 33849, 0, 0, 0
185000, 34157, 0, 0, 0
185000, 20661, 1, 0, 0
186000, 19120, 1, 0, 0
186000, 33527, 0, 0, 0
187000, 34104, 0, 0, 0
187000, 20516, 1, 0, 0
188000, 34169, 0, 0, 0
188000, 20619, 1, 0, 0
189000, 34118, 0, 0, 0
189000, 20250, 1, 0, 0
190000, 33774, 0, 0, 0
190000, 20051, 1, 0, 0
191000, 18840, 1, 0, 0
191000, 33413, 0, 0, 0
192000, 20035, 1, 0, 0
192000, 34003, 0, 0, 0
193000, 20678, 1, 0, 0
193000, 34001, 0, 0, 0
194000, 34291, 0, 0, 0
194000, 21609, 1, 0, 0
195000, 20819, 1, 0, 0
195000, 34147, 0, 0, 0
196000, 33606, 0, 0, 0
196000, 19539, 1, 0, 0
197000, 33947, 0, 0, 0
197000, 20819, 1, 0, 0
198000, 34134, 0, 0, 0
198000, 20429, 1, 0, 0
199000, 34017, 0, 0, 0
199000, 20042, 1, 0, 0
200000, 34243, 0, 0, 0
200000, 21529, 1, 0, 0
201000, 33584, 0, 0, 0
201000, 20047, 1, 0, 0
202000, 34272, 0, 0, 0
202000, 21663, 1, 0, 0
203000, 33982, 0, 0, 0
203000, 20725, 1, 0, 0
204000, 34280, 0, 0, 0
204000, 21037, 1, 0, 0
205000, 33310, 0, 0, 0
205000, 19524, 1, 0, 0
206000, 33993, 0, 0, 0
206000, 20105, 1, 0, 0
207000, 34101, 0, 0, 0
207000, 20520, 1, 0, 0
208000, 34297, 0, 0, 0
208000, 20783, 1, 0, 0
209000, 34276, 0, 0, 0
209000, 21491, 1, 0, 0
210000, 34080, 0, 0, 0
210000, 20676, 1, 0, 0
211000, 33702, 0, 0, 0
211000, 19944, 1, 0, 0
212000, 34217, 0, 0, 0
212000, 21039, 1, 0, 0
213000, 21040, 1, 0, 0
213000, 34220, 0, 0, 0
214000, 34303, 0, 0, 0
214000, 21260, 1, 0, 0
215000, 20883, 1, 0, 0
215000, 34053, 0, 0, 0
216000, 19168, 1, 0, 0
216000, 33558, 0, 0, 0
217000, 21057, 1, 0, 0
217000, 34223, 0, 0, 0
218000, 21034, 1, 0, 0
218000, 34304, 0, 0, 0
219000, 20782, 1, 0, 0
219000, 34041, 0, 0, 0
220000, 34476, 0, 0, 0
220000, 22073, 1, 0, 0
221000, 33466, 0, 0, 0
221000, 19944, 1, 0, 0
222000, 34309, 0, 0, 0
222000, 21145, 1, 0, 0
223000, 34106, 0, 0, 0
223000, 21019, 1, 0, 0
224000, 34192, 0, 0, 0
224000, 21219, 1, 0, 0
225000, 34274, 0, 0, 0
225000, 21830, 1, 0, 0
226000, 34092, 0, 0, 0
226000, 19369, 1, 0, 0
227000, 33735, 0, 0, 0
227000, 19926, 1, 0, 0
228000, 34104, 0, 0, 0
228000, 19592, 1, 0, 0
229000, 21312, 1, 0, 0
229000, 34036, 0, 0, 0
230000, 34032, 0, 0, 0
230000, 20956, 1, 0, 0
231000, 33644, 0, 0, 0
231000, 19771, 1, 0, 0
232000, 33849, 0, 0, 0
232000, 20305, 1, 0, 0
233000, 33980, 0, 0, 0
233000, 20298, 1, 0, 0
234000, 34136, 0, 0, 0
234000, 21715, 1, 0, 0
235000, 34238, 0, 0, 0
235000, 21659, 1, 0, 0
236000, 34275, 0, 0, 0
236000, 20305, 1, 0, 0
237000, 34204, 0, 0, 0
237000, 21100, 1, 0, 0
238000, 33893, 0, 0, 0
238000, 19556, 1, 0, 0
239000, 34007, 0, 0, 0
239000, 19797, 1, 0, 0
240000, 21702, 1, 0, 0
240000, 34316, 0, 0, 0
241000, 33687, 0, 0, 0
241000, 19790, 1, 0, 0
242000, 33898, 0, 0, 0
242000, 19881, 1, 0, 0
243000, 19787, 1, 0, 0
243000, 34095, 0, 0, 0
244000, 33892, 0, 0, 0
244000, 20040, 1, 0, 0
245000, 34066, 0, 0, 0
245000, 20633, 1, 0, 0
246000, 33708, 0, 0, 0
246000, 19974, 1, 0, 0
247000, 157745, 0, 0, 0
247000, 146347, 1, 0, 0
248000, 46806, 1, 0, 0
248000, 60430, 0, 0, 0
249000, 34307, 0, 0, 0
249000, 20344, 1, 0, 0
250000, 34553, 0, 0, 0
250000, 22232, 1, 0, 0
251000, 21214, 1, 0, 0
251000, 34294, 0, 0, 0
252000, 34012, 0, 0, 0
252000, 20333, 1, 0, 0
253000, 34032, 0, 0, 0
253000, 20328, 1, 0, 0
254000, 34197, 0, 0, 0
254000, 20753, 1, 0, 0
255000, 34128, 0, 0, 0
255000, 20984, 1, 0, 0
256000, 34005, 0, 0, 0
256000, 20288, 1, 0, 0
257000, 33851, 0, 0, 0
257000, 19817, 1, 0, 0
258000, 33861, 0, 0, 0
258000, 19889, 1, 0, 0
259000, 34262, 0, 0, 0
259000, 21366, 1, 0, 0
260000, 21386, 1, 0, 0
260000, 34437, 0, 0, 0
261000, 38082, 0, 0, 0
261000, 23612, 1, 0, 0
262000, 89993, 0, 0, 0
262000, 73930, 1, 0, 0
263000, 184242, 0, 0, 0
263001, 180555, 1, 0, 0
264000, 35005, 0, 0, 0
264000, 20924, 1, 0, 0
265000, 33527, 0, 0, 0
265000, 20192, 1, 0, 0
266000, 33689, 0, 0, 0
266000, 19636, 1, 0, 0
267000, 34188, 0, 0, 0
267000, 20319, 1, 0, 0
268000, 20079, 1, 0, 0
268000, 34038, 0, 0, 0
269000, 20428, 1, 0, 0
269000, 34033, 0, 0, 0
270000, 20860, 1, 0, 0
270000, 34348, 0, 0, 0
271000, 33624, 0, 0, 0
271000, 19191, 1, 0, 0
272000, 34008, 0, 0, 0
272000, 20255, 1, 0, 0
273000, 34548, 0, 0, 0
273000, 19997, 1, 0, 0
274000, 33989, 0, 0, 0
274000, 20331, 1, 0, 0
275000, 34257, 0, 0, 0
275000, 21052, 1, 0, 0
276000, 19364, 1, 0, 0
276000, 33764, 0, 0, 0
277000, 33888, 0, 0, 0
277000, 20202, 1, 0, 0
278000, 34145, 0, 0, 0
278000, 20565, 1, 0, 0
279000, 34489, 0, 0, 0
279000, 20405, 1, 0, 0
280000, 34260, 0, 0, 0
280000, 20905, 1, 0, 0
281000, 33467, 0, 0, 0
281000, 19101, 1, 0, 0
282000, 20361, 1, 0, 0
282000, 34135, 0, 0, 0
283000, 34018, 0, 0, 0
283000, 20322, 1, 0, 0
284000, 34859, 0, 0, 0
284000, 20042, 1, 0, 0
285000, 34148, 0, 0, 0
285000, 20891, 1, 0, 0
286000, 33721, 0, 0, 0
286000, 19743, 1, 0, 0
287000, 34165, 0, 0, 0
287000, 20456, 1, 0, 0
288000, 33960, 0, 0, 0
288000, 20138, 1, 0, 0
289000, 20761, 1, 0, 0
289000, 34165, 0, 0, 0
290000, 34012, 0, 0, 0
290000, 20784, 1, 0, 0
291000, 30361, 1, 0, 0
291000, 43645, 0, 0, 0
292000, 35376, 0, 0, 0
292000, 22025, 1, 0, 0
293000, 34195, 0, 0, 0
293000, 20872, 1, 0, 0
294000, 34089, 0, 0, 0
294000, 20517, 1, 0, 0
295000, 34842, 0, 0, 0
295000, 22008, 1, 0, 0
296000, 33555, 0, 0, 0
296000, 19898, 1, 0, 0
297000, 33978, 0, 0, 0
297000, 21154, 1, 0, 0
298000, 34239, 0, 0, 0
298000, 21034, 1, 0, 0
299000, 34224, 0, 0, 0
299000, 21021, 1, 0, 0
300000, 34114, 0, 0, 0
300000, 21069, 1, 0, 0
301000, 20246, 1, 0, 0
301000, 34370, 0, 0, 0
302000, 34118, 0, 0, 0
302000, 21441, 1, 0, 0
303000, 34284, 0, 0, 0
303000, 21048, 1, 0, 0
304000, 34116, 0, 0, 0
304000, 21282, 1, 0, 0
305000, 34034, 0, 0, 0
305000, 20944, 1, 0, 0
306000, 33744, 0, 0, 0
306000, 19779, 1, 0, 0
307000, 34043, 0, 0, 0
307000, 21475, 1, 0, 0
308000, 34382, 0, 0, 0
308000, 21795, 1, 0, 0
309000, 34502, 0, 0, 0
309000, 21615, 1, 0, 0
310000, 36646, 0, 0, 0
310000, 22813, 1, 0, 0
311000, 34019, 0, 0, 0
311000, 20365, 1, 0, 0
312000, 34254, 0, 0, 0
312000, 21227, 1, 0, 0
313000, 34396, 0, 0, 0
313000, 21614, 1, 0, 0
314000, 34400, 0, 0, 0
314000, 20679, 1, 0, 0
315000, 35425, 0, 0, 0
315000, 21017, 1, 0, 0
316000, 33831, 0, 0, 0
316000, 19297, 1, 0, 0
317000, 34386, 0, 0, 0
317000, 20898, 1, 0, 0
318000, 34386, 0, 0, 0
318000, 21488, 1, 0, 0
319000, 34337, 0, 0, 0
319000, 21078, 1, 0, 0
320000, 35069, 0, 0, 0
320000, 20729, 1, 0, 0
321000, 34030, 0, 0, 0
321000, 19948, 1, 0, 0
322000, 34330, 0, 0, 0
322000, 21526, 1, 0, 0
323000, 34539, 0, 0, 0
323000, 21697, 1, 0, 0
324000, 34504, 0, 0, 0
324000, 21960, 1, 0, 0
325000, 34539, 0, 0, 0
325000, 21966, 1, 0, 0
326000, 34023, 0, 0, 0
326000, 19722, 1, 0, 0
327000, 34916, 0, 0, 0
327000, 20377, 1, 0, 0
328000, 20137, 1, 0, 0
328000, 34251, 0, 0, 0
329000, 34445, 0, 0, 0
329000, 21697, 1, 0, 0
330000, 34885, 0, 0, 0
330000, 21137, 1, 0, 0
331000, 33808, 0, 0, 0
331000, 19631, 1, 0, 0
332000, 34337, 0, 0, 0
332000, 21211, 1, 0, 0
333000, 34269, 0, 0, 0
333000, 21149, 1, 0, 0
334000, 34207, 0, 0, 0
334000, 20852, 1, 0, 0
335000, 34792, 0, 0, 0
335000, 21873, 1, 0, 0
336000, 34069, 0, 0, 0
336000, 20213, 1, 0, 0
337000, 34334, 0, 0, 0
337000, 21831, 1, 0, 0
338000, 34564, 0, 0, 0
338000, 22045, 1, 0, 0
339000, 34707, 0, 0, 0
339000, 21003, 1, 0, 0
340000, 34608, 0, 0, 0
340000, 22028, 1, 0, 0
341000, 34076, 0, 0, 0
341000, 21030, 1, 0, 0
342000, 20466, 1, 0, 0
342000, 34260, 0, 0, 0
343000, 21019, 1, 0, 0
343000, 34170, 0, 0, 0
344000, 34623, 0, 0, 0
344000, 22210, 1, 0, 0
345000, 34663, 0, 0, 0
345000, 22184, 1, 0, 0
346000, 34137, 0, 0, 0
346000, 20856, 1, 0, 0
347000, 35118, 0, 0, 0
347000, 22166, 1, 0, 0
348000, 34643, 0, 0, 0
348000, 21162, 1, 0, 0
349000, 34486, 0, 0, 0
349000, 21682, 1, 0, 0
350000, 21158, 1, 0, 0
350000, 34614, 0, 0, 0
351000, 20115, 1, 0, 0
351000, 35584, 0, 0, 0
352000, 34258, 0, 0, 0
352000, 20712, 1, 0, 0
353000, 34259, 0, 0, 0
353000, 21310, 1, 0, 0
354000, 34367, 0, 0, 0
354000, 21911, 1, 0, 0
355000, 20271, 1, 0, 0
355000, 33984, 0, 0, 0
356000, 34202, 0, 0, 0
356000, 21095, 1, 0, 0
357000, 34920, 0, 0, 0
357000, 21053, 1, 0, 0
358000, 34342, 0, 0, 0
358000, 21057, 1, 0, 0
359000, 34423, 0, 0, 0
359000, 21698, 1, 0, 0
360000, 21903, 1, 0, 0
360000, 34483, 0, 0, 0
361000, 21282, 1, 0, 0
361000, 34306, 0, 0, 0
362000, 34379, 0, 0, 0
362000, 21047, 1, 0, 0
363000, 34478, 0, 0, 0
363000, 21904, 1, 0, 0
364000, 33871, 0, 0, 0
364000, 19435, 1, 0, 0
365000, 34729, 0, 0, 0
365000, 21751, 1, 0, 0
366000, 34366, 0, 0, 0
366000, 21068, 1, 0, 0
367000, 34453, 0, 0, 0
367000, 21931, 1, 0, 0
368000, 20523, 1, 0, 0
368000, 34223, 0, 0, 0
369000, 34604, 0, 0, 0
369000, 21505, 1, 0, 0
370000, 34682, 0, 0, 0
370000, 23020, 1, 0, 0
371000, 34794, 0, 0, 0
371000, 21302, 1, 0, 0
372000, 34233, 0, 0, 0
372000, 21545, 1, 0, 0
373000, 33794, 0, 0, 0
373000, 19491, 1, 0, 0
374000, 32663, 0, 0, 0
374000, 16287, 1, 0, 0
375000, 34504, 0, 0, 0
375000, 22548, 1, 0, 0
376000, 34523, 0, 0, 0
376000, 21462, 1, 0, 0
377000, 20239, 1, 0, 0
377000, 33985, 0, 0, 0
378000, 32491, 0, 0, 0
378000, 15914, 1, 0, 0
379000, 21833, 1, 0, 0
379000, 34292, 0, 0, 0
380000, 22333, 1, 0, 0
380000, 34399, 0, 0, 0
381000, 34471, 0, 0, 0
381000, 20853, 1, 0, 0
382000, 28972, 1, 0, 0
382000, 43896, 0, 0, 0
383000, 34677, 0, 0, 0
383000, 21682, 1, 0, 0
384000, 34382, 0, 0, 0
384000, 20261, 1, 0, 0
385000, 45237, 1, 0, 0
385000, 58729, 0, 0, 0
386000, 284853, 0, 0, 0
386001, 264035, 1, 0, 0
387000, 209482, 0, 0, 0
387000, 200261, 1, 0, 0
388000, 67570, 0, 0, 0
388001, 54919, 1, 0, 0
389000, 282594, 0, 0, 0
389003, 267713, 1, 0, 0
390000, 267175, 1, 0, 0
390000, 273586, 0, 0, 0
391000, 56219, 0, 0, 0
391000, 44164, 1, 0, 0
392000, 34389, 0, 0, 0
392000, 20903, 1, 0, 0
393000, 34046, 0, 0, 0
393000, 20018, 1, 0, 0
394000, 34365, 0, 0, 0
394000, 21442, 1, 0, 0
395000, 34873, 0, 0, 0
395000, 21501, 1, 0, 0
396000, 33733, 0, 0, 0
396000, 19867, 1, 0, 0
397000, 19672, 1, 0, 0
397000, 34102, 0, 0, 0
398000, 34164, 0, 0, 0
398000, 20268, 1, 0, 0
399000, 34321, 0, 0, 0
399000, 20697, 1, 0, 0
400000, 34026, 0, 0, 0
400000, 21030, 1, 0, 0
401000, 34775, 0, 0, 0
401000, 21045, 1, 0, 0
402000, 34120, 0, 0, 0
402000, 20286, 1, 0, 0
403000, 19829, 1, 0, 0
403000, 34355, 0, 0, 0
404000, 36836, 0, 0, 0
404000, 24170, 1, 0, 0
405000, 20972, 1, 0, 0
405000, 34196, 0, 0, 0
406000, 34425, 0, 0, 0
406000, 20277, 1, 0, 0
407000, 34469, 0, 0, 0
407000, 21443, 1, 0, 0
408000, 33980, 0, 0, 0
408000, 20241, 1, 0, 0
409000, 34253, 0, 0, 0
409000, 20802, 1, 0, 0
410000, 34514, 0, 0, 0
410000, 20540, 1, 0, 0
411000, 34008, 0, 0, 0
411000, 20336, 1, 0, 0
412000, 34165, 0, 0, 0
412000, 20593, 1, 0, 0
413000, 34182, 0, 0, 0
413000, 21032, 1, 0, 0
414000, 34092, 0, 0, 0
414000, 21106, 1, 0, 0
415000, 34061, 0, 0, 0
415000, 20865, 1, 0, 0
416000, 19747, 1, 0, 0
416000, 33938, 0, 0, 0
417000, 34788, 0, 0, 0
417000, 21176, 1, 0, 0
418000, 34145, 0, 0, 0
418000, 21084, 1, 0, 0
419000, 21398, 1, 0, 0
419000, 34177, 0, 0, 0
420000, 20948, 1, 0, 0
420000, 34139, 0, 0, 0
421000, 34654, 0, 0, 0
421000, 20882, 1, 0, 0
422000, 36411, 0, 0, 0
422000, 20905, 1, 0, 0
423000, 34957, 1, 0, 0
423000, 34898, 0, 0, 0
424000, 34309, 0, 0, 0
424000, 20553, 1, 0, 0
425000, 34395, 0, 0, 0
425000, 36931, 1, 0, 0
426000, 19814, 1, 0, 0
426000, 33487, 0, 0, 0
427000, 35493, 0, 0, 0
427000, 35911, 1, 0, 0
428000, 33768, 0, 0, 0
428000, 20291, 1, 0, 0
429000, 34615, 0, 0, 0
429000, 21284, 1, 0, 0
430000, 34050, 0, 0, 0
430000, 21305, 1, 0, 0
431000, 33931, 0, 0, 0
431000, 20380, 1, 0, 0
432000, 34007, 0, 0, 0
432000, 20646, 1, 0, 0
433000, 33715, 0, 0, 0
433000, 19583, 1, 0, 0
434000, 20320, 1, 0, 0
434000, 33849, 0, 0, 0
435000, 33996, 0, 0, 0
435000, 20957, 1, 0, 0
436000, 20452, 1, 0, 0
436000, 34169, 0, 0, 0
437000, 33712, 0, 0, 0
437000, 19705, 1, 0, 0
438000, 19016, 1, 0, 0
438000, 33451, 0, 0, 0
439000, 34040, 0, 0, 0
439000, 19881, 1, 0, 0
440000, 21489, 1, 0, 0
440000, 34272, 0, 0, 0
441000, 34177, 0, 0, 0
441000, 20621, 1, 0, 0
442000, 34045, 0, 0, 0
442000, 20108, 1, 0, 0
443000, 19764, 1, 0, 0
443000, 33790, 0, 0, 0
444000, 34981, 0, 0, 0
444000, 38366, 1, 0, 0
445000, 21905, 1, 0, 0
445000, 34251, 0, 0, 0
446000, 34454, 0, 0, 0
446000, 35502, 1, 0, 0
447000, 34188, 0, 0, 0
447000, 20660, 1, 0, 0
448000, 49311, 0, 0, 0
448000, 54372, 1, 0, 0
449000, 33758, 0, 0, 0
449000, 18502, 1, 0, 0
450000, 35483, 0, 0, 0
450000, 37074, 1, 0, 0
451000, 18274, 1, 0, 0
451000, 33656, 0, 0, 0
452000, 34222, 0, 0, 0
452000, 21271, 1, 0, 0
453000, 34266, 0, 0, 0
453000, 20484, 1, 0, 0
454000, 21581, 1, 0, 0
454000, 34154, 0, 0, 0
455000, 20737, 1, 0, 0
455000, 33864, 0, 0, 0
456000, 19192, 1, 0, 0
456000, 34695, 0, 0, 0
457000, 36134, 0, 0, 0
457000, 20851, 1, 0, 0
458000, 32643, 0, 0, 0
458000, 14169, 1, 0, 0
459000, 19181, 1, 0, 0
459000, 33979, 0, 0, 0
460000, 63579, 0, 0, 0
460000, 51715, 1, 0, 0
461000, 131100, 0, 0, 0
461000, 124793, 1, 0, 0
462001, 34645, 0, 0, 0
462001, 21838, 1, 0, 0
463000, 34353, 0, 0, 0
463000, 21296, 1, 0, 0
464000, 22051, 1, 0, 0
464000, 35200, 0, 0, 0
465000, 34186, 0, 0, 0
465000, 21120, 1, 0, 0
466000, 34285, 0, 0, 0
466000, 20582, 1, 0, 0
467000, 34512, 0, 0, 0
467000, 21907, 1, 0, 0
468000, 21278, 1, 0, 0
468000, 34325, 0, 0, 0
469000, 34190, 0, 0, 0
469000, 20948, 1, 0, 0
470000, 34213, 0, 0, 0
470000, 20851, 1, 0, 0
471000, 34551, 0, 0, 0
471000, 19497, 1, 0, 0
472000, 34010, 0, 0, 0
472000, 20210, 1, 0, 0
473000, 34211, 0, 0, 0
473000, 20846, 1, 0, 0
474000, 33927, 0, 0, 0
474000, 19611, 1, 0, 0
475000, 34320, 0, 0, 0
475000, 21016, 1, 0, 0
476000, 34592, 0, 0, 0
476000, 20503, 1, 0, 0
477000, 20368, 1, 0, 0
477000, 34234, 0, 0, 0
478000, 20893, 1, 0, 0
478000, 36017, 0, 0, 0
479000, 36000, 0, 0, 0
479000, 21679, 1, 0, 0
480000, 35146, 0, 0, 0
480000, 21768, 1, 0, 0
481000, 20619, 1, 0, 0
481000, 34799, 0, 0, 0
482000, 21738, 1, 0, 0
482000, 35212, 0, 0, 0
483000, 21137, 1, 0, 0
483000, 34229, 0, 0, 0
484000, 34155, 0, 0, 0
484000, 20751, 1, 0, 0
485000, 34605, 0, 0, 0
485000, 22127, 1, 0, 0
486000, 33892, 0, 0, 0
486000, 20315, 1, 0, 0
487000, 34390, 0, 0, 0
487000, 21379, 1, 0, 0
488000, 17058, 1, 0, 0
488000, 31426, 0, 0, 0
489000, 34132, 0, 0, 0
489000, 20627, 1, 0, 0
490000, 34507, 0, 0, 0
490000, 22520, 1, 0, 0
491000, 21057, 1, 0, 0
491000, 34136, 0, 0, 0
492000, 31735, 0, 0, 0
492000, 17844, 1, 0, 0
493000, 34155, 0, 0, 0
493000, 20932, 1, 0, 0
494000, 34244, 0, 0, 0
494000, 20756, 1, 0, 0
495000, 34271, 0, 0, 0
495000, 21397, 1, 0, 0
496000, 32258, 0, 0, 0
496000, 16495, 1, 0, 0
497000, 33891, 0, 0, 0
497000, 20331, 1, 0, 0
498000, 34083, 0, 0, 0
498000, 20605, 1, 0, 0
499000, 34425, 0, 0, 0
499000, 21246, 1, 0, 0
500000, 31890, 0, 0, 0
500000, 15138, 1, 0, 0
501000, 34099, 0, 0, 0
501000, 20608, 1, 0, 0
502000, 21294, 1, 0, 0
502000, 34447, 0, 0, 0
503000, 34192, 0, 0, 0
503000, 20851, 1, 0, 0
504000, 13099, 1, 0, 0
504000, 30282, 0, 0, 0
505000, 33992, 0, 0, 0
505000, 20339, 1, 0, 0
506000, 34105, 0, 0, 0
506000, 20334, 1, 0, 0
507000, 34365, 0, 0, 0
507000, 21182, 1, 0, 0
508000, 21011, 1, 0, 0
508000, 34439, 0, 0, 0
509000, 33650, 0, 0, 0
509000, 18813, 1, 0, 0
510000, 33756, 0, 0, 0
510000, 19738, 1, 0, 0
511000, 34104, 0, 0, 0
511000, 20580, 1, 0, 0
512000, 34159, 0, 0, 0
512000, 20739, 1, 0, 0
513000, 34317, 0, 0, 0
513000, 21614, 1, 0, 0
514000, 22394, 1, 0, 0
514000, 34516, 0, 0, 0
515000, 34281, 0, 0, 0
515000, 21590, 1, 0, 0
516000, 34247, 0, 0, 0
516000, 20822, 1, 0, 0
517000, 21614, 1, 0, 0
517000, 34270, 0, 0, 0
518000, 34336, 0, 0, 0
518000, 22048, 1, 0, 0
519000, 34742, 0, 0, 0
519000, 22377, 1, 0, 0
520000, 34358, 0, 0, 0
520000, 22014, 1, 0, 0
521000, 34017, 0, 0, 0
521000, 21119, 1, 0, 0
522000, 22454, 1, 0, 0
522000, 34359, 0, 0, 0
523000, 34147, 0, 0, 0
523000, 21595, 1, 0, 0
524000, 34388, 0, 0, 0
524000, 22116, 1, 0, 0
525000, 23471, 1, 0, 0
525000, 34734, 0, 0, 0
526000, 21954, 1, 0, 0
526000, 34458, 0, 0, 0
527000, 34186, 0, 0, 0
527000, 21635, 1, 0, 0
528000, 34408, 0, 0, 0
528000, 20225, 1, 0, 0
529000, 34519, 0, 0, 0
529000, 21663, 1, 0, 0
530000, 34544, 0, 0, 0
530000, 22257, 1, 0, 0
531000, 34551, 0, 0, 0
531000, 22035, 1, 0, 0
532000, 34597, 0, 0, 0
532000, 22205, 1, 0, 0
533000, 34187, 0, 0, 0
533000, 21360, 1, 0, 0
534000, 34974, 0, 0, 0
534000, 21848, 1, 0, 0
535000, 20488, 1, 0, 0
535000, 33771, 0, 0, 0
536000, 34465, 0, 0, 0
536000, 20450, 1, 0, 0
537000, 33951, 0, 0, 0
537000, 20107, 1, 0, 0
538000, 34329, 0, 0, 0
538000, 19440, 1, 0, 0
539001, 33911, 0, 0, 0
539001, 19515, 1, 0, 0
540000, 33983, 0, 0, 0
540000, 19933, 1, 0, 0
541000, 34178, 0, 0, 0
541000, 20092, 1, 0, 0
542000, 34055, 0, 0, 0
542000, 19255, 1, 0, 0
543000, 33801, 0, 0, 0
543000, 19743, 1, 0, 0
544000, 34534, 0, 0, 0
544000, 21572, 1, 0, 0
545000, 34215, 0, 0, 0
545000, 19184, 1, 0, 0
546000, 34284, 0, 0, 0
546000, 21289, 1, 0, 0
547000, 34145, 0, 0, 0
547000, 20152, 1, 0, 0
548000, 34106, 0, 0, 0
548000, 21533, 1, 0, 0
549000, 20435, 1, 0, 0
549001, 34129, 0, 0, 0
550000, 34320, 0, 0, 0
550000, 21488, 1, 0, 0
551000, 19962, 1, 0, 0
551000, 33915, 0, 0, 0
552000, 20364, 1, 0, 0
552000, 34312, 0, 0, 0
553000, 33967, 0, 0, 0
553000, 20683, 1, 0, 0
554000, 33850, 0, 0, 0
554000, 20135, 1, 0, 0
555000, 33921, 0, 0, 0
555000, 20465, 1, 0, 0
556000, 33927, 0, 0, 0
556000, 20300, 1, 0, 0
557000, 33963, 0, 0, 0
557000, 21183, 1, 0, 0
558000, 34529, 0, 0, 0
558000, 21169, 1, 0, 0
559000, 54283, 0, 0, 0
559001, 42330, 1, 0, 0
560000, 59553, 0, 0, 0
560000, 48208, 1, 0, 0
561001, 35223, 0, 0, 0
561001, 22374, 1, 0, 0
562000, 21829, 1, 0, 0
562000, 34350, 0, 0, 0
563000, 33918, 0, 0, 0
563000, 20066, 1, 0, 0
564000, 34041, 0, 0, 0
564000, 20886, 1, 0, 0
565000, 35198, 0, 0, 0
565000, 21134, 1, 0, 0
566000, 34006, 0, 0, 0
566000, 21002, 1, 0, 0
567000, 22176, 1, 0, 0
567000, 34438, 0, 0, 0
568000, 34508, 0, 0, 0
568000, 21161, 1, 0, 0
569000, 34495, 0, 0, 0
569000, 21798, 1, 0, 0
570000, 34354, 0, 0, 0
570000, 21440, 1, 0, 0
571000, 34437, 0, 0, 0
571000, 21323, 1, 0, 0
572000, 21657, 1, 0, 0
572000, 34299, 0, 0, 0
573000, 34247, 0, 0, 0
573000, 20935, 1, 0, 0
574000, 34357, 0, 0, 0
574000, 21913, 1, 0, 0
575000, 21513, 1, 0, 0
575000, 34794, 0, 0, 0
576000, 34321, 0, 0, 0
576000, 20946, 1, 0, 0
577000, 32823, 0, 0, 0
577000, 14401, 1, 0, 0
578000, 33687, 0, 0, 0
578000, 18123, 1, 0, 0
579000, 34543, 0, 0, 0
579000, 21715, 1, 0, 0
580000, 34352, 0, 0, 0
580000, 20930, 1, 0, 0
581000, 34235, 0, 0, 0
581000, 21402, 1, 0, 0
582000, 34550, 0, 0, 0
582000, 22567, 1, 0, 0
583000, 33811, 0, 0, 0
583000, 20254, 1, 0, 0
584000, 34319, 0, 0, 0
584000, 21089, 1, 0, 0
585000, 20847, 1, 0, 0
585000, 34351, 0, 0, 0
586000, 34403, 0, 0, 0
586000, 19981, 1, 0, 0
587000, 21049, 1, 0, 0
587000, 34330, 0, 0, 0
588000, 20900, 1, 0, 0
588000, 34074, 0, 0, 0
589000, 34316, 0, 0, 0
589000, 21035, 1, 0, 0
590000, 21186, 1, 0, 0
590000, 34216, 0, 0, 0
591000, 34326, 0, 0, 0
591000, 21392, 1, 0, 0
592000, 34316, 0, 0, 0
592000, 21895, 1, 0, 0
593000, 34366, 0, 0, 0
593000, 21234, 1, 0, 0
594000, 34635, 0, 0, 0
594000, 22264, 1, 0, 0
595000, 34344, 0, 0, 0
595000, 21796, 1, 0, 0
596000, 34132, 0, 0, 0
596000, 21692, 1, 0, 0
597000, 34738, 0, 0, 0
597000, 22462, 1, 0, 0
598000, 34429, 0, 0, 0
598000, 22360, 1, 0, 0
599000, 34572, 0, 0, 0
599000, 22579, 1, 0, 0
600000, 34732, 0, 0, 0
600000, 22117, 1, 0, 0
601000, 34362, 0, 0, 0
601000, 20710, 1, 0, 0
602000, 20799, 1, 0, 0
602000, 34483, 0, 0, 0
603000, 34205, 0, 0, 0
603000, 20332, 1, 0, 0
604000, 34627, 0, 0, 0
604000, 22443, 1, 0, 0
605000, 35306, 0, 0, 0
605000, 22788, 1, 0, 0
606000, 34333, 0, 0, 0
606000, 21702, 1, 0, 0
607000, 22020, 1, 0, 0
607000, 34412, 0, 0, 0
608000, 33887, 0, 0, 0
608000, 20510, 1, 0, 0
609000, 32717, 0, 0, 0
609000, 14490, 1, 0, 0
610000, 34277, 0, 0, 0
610000, 21838, 1, 0, 0
611000, 20355, 1, 0, 0
611000, 34088, 0, 0, 0
612000, 20646, 1, 0, 0
612000, 34731, 0, 0, 0
613000, 33993, 0, 0, 0
613000, 20612, 1, 0, 0
614000, 34610, 0, 0, 0
614000, 21582, 1, 0, 0
615000, 34418, 0, 0, 0
615000, 21767, 1, 0, 0
616000, 34672, 0, 0, 0
616000, 21133, 1, 0, 0
617000, 22018, 1, 0, 0
617000, 34738, 0, 0, 0
618000, 34178, 0, 0, 0
618000, 20536, 1, 0, 0
619000, 20748, 1, 0, 0
619000, 33996, 0, 0, 0
620000, 34242, 0, 0, 0
620000, 21529, 1, 0, 0
621000, 34065, 0, 0, 0
621000, 21268, 1, 0, 0
622000, 35037, 0, 0, 0
622000, 22125, 1, 0, 0
623000, 34256, 0, 0, 0
623000, 20681, 1, 0, 0
624000, 34537, 0, 0, 0
624000, 21634, 1, 0, 0
625000, 34431, 0, 0, 0
625000, 21831, 1, 0, 0
626000, 34359, 0, 0, 0
626000, 20562, 1, 0, 0
627000, 21090, 1, 0, 0
627000, 34147, 0, 0, 0
628000, 34206, 0, 0, 0
628000, 20211, 1, 0, 0
629000, 34277, 0, 0, 0
629000, 20853, 1, 0, 0
630000, 34272, 0, 0, 0
630000, 20630, 1, 0, 0
631000, 34023, 0, 0, 0
631000, 19828, 1, 0, 0
632000, 20291, 1, 0, 0
632000, 34486, 0, 0, 0
633000, 34271, 0, 0, 0
633000, 19892, 1, 0, 0
634000, 33445, 0, 0, 0
634000, 19553, 1, 0, 0
635000, 33748, 0, 0, 0
635000, 17463, 1, 0, 0
636000, 33985, 0, 0, 0
636000, 19460, 1, 0, 0
637000, 33329, 0, 0, 0
637000, 17856, 1, 0, 0
638000, 20467, 1, 0, 0
638000, 34231, 0, 0, 0
639000, 38031, 0, 0, 0
639000, 24330, 1, 0, 0
640000, 268868, 0, 0, 0
640000, 258652, 1, 0, 0
641000, 41963, 0, 0, 0
641000, 27159, 1, 0, 0
642000, 34615, 0, 0, 0
642000, 20158, 1, 0, 0
643001, 33908, 0, 0, 0
643001, 19529, 1, 0, 0
644000, 34118, 0, 0, 0
644000, 20092, 1, 0, 0
645000, 34690, 0, 0, 0
645000, 20264, 1, 0, 0
646000, 34106, 0, 0, 0
646000, 20408, 1, 0, 0
647000, 33970, 0, 0, 0
647000, 20153, 1, 0, 0
648000, 34254, 0, 0, 0
648000, 19609, 1, 0, 0
649000, 20771, 1, 0, 0
649000, 34173, 0, 0, 0
650000, 33966, 0, 0, 0
650000, 19619, 1, 0, 0
651000, 34258, 0, 0, 0
651000, 20742, 1, 0, 0
652000, 35473, 0, 0, 0
652000, 20469, 1, 0, 0
653000, 19752, 1, 0, 0
653000, 35433, 0, 0, 0
654000, 52810, 0, 0, 0
654000, 37920, 1, 0, 0
655000, 151444, 0, 0, 0
655000, 135360, 1, 0, 0
656000, 19257, 1, 0, 0
656000, 34238, 0, 0, 0
657000, 21285, 1, 0, 0
657000, 34447, 0, 0, 0
658000, 34749, 0, 0, 0
658000, 19653, 1, 0, 0
659014, 36647, 0, 0, 0
659015, 20238, 1, 0, 0
660000, 35755, 0, 0, 0
660000, 22190, 1, 0, 0
661000, 21792, 1, 0, 0
661000, 35212, 0, 0, 0
662000, 34870, 0, 0, 0
662000, 22288, 1, 0, 0
663000, 35029, 0, 0, 0
663000, 21291, 1, 0, 0
664000, 34905, 0, 0, 0
664000, 22223, 1, 0, 0
665000, 22315, 1, 0, 0
665000, 35211, 0, 0, 0
666000, 34743, 0, 0, 0
666000, 21827, 1, 0, 0
667000, 34656, 0, 0, 0
667000, 21990, 1, 0, 0
668000, 21933, 1, 0, 0
668000, 34689, 0, 0, 0
669000, 34548, 0, 0, 0
669000, 22526, 1, 0, 0
670000, 22242, 1, 0, 0
670000, 34370, 0, 0, 0
671000, 31219, 0, 0, 0
671000, 21391, 1, 0, 0
672000, 34431, 0, 0, 0
672000, 21458, 1, 0, 0
673000, 34333, 0, 0, 0
673000, 20819, 1, 0, 0
674000, 34300, 0, 0, 0
674000, 22561, 1, 0, 0
675000, 22209, 1, 0, 0
675000, 34533, 0, 0, 0
676000, 34609, 0, 0, 0
676000, 22072, 1, 0, 0
677000, 33921, 0, 0, 0
677000, 21270, 1, 0, 0
678000, 32389, 0, 0, 0
678000, 18577, 1, 0, 0
679000, 35374, 0, 0, 0
679000, 20086, 1, 0, 0
680000, 35303, 0, 0, 0
680000, 20816, 1, 0, 0
681000, 82794, 0, 0, 0
681004, 72657, 1, 0, 0
682000, 110259, 1, 0, 0
682000, 116879, 0, 0, 0
683000, 50780, 0, 0, 0
683000, 37102, 1, 0, 0
684000, 35674, 0, 0, 0
684000, 22710, 1, 0, 0
685000, 35933, 0, 0, 0
685000, 22059, 1, 0, 0
686000, 35101, 0, 0, 0
686000, 20673, 1, 0, 0
687000, 21910, 1, 0, 0
687000, 36334, 0, 0, 0
688000, 34682, 0, 0, 0
688000, 21817, 1, 0, 0
689000, 35268, 0, 0, 0
689000, 22726, 1, 0, 0
690000, 35070, 0, 0, 0
690000, 21699, 1, 0, 0
691000, 34305, 0, 0, 0
691000, 20707, 1, 0, 0
692000, 35215, 0, 0, 0
692000, 22152, 1, 0, 0
693000, 35230, 0, 0, 0
693000, 21884, 1, 0, 0
694000, 34678, 0, 0, 0
694000, 22004, 1, 0, 0
695000, 34503, 0, 0, 0
695000, 21153, 1, 0, 0
696000, 31718, 0, 0, 0
696000, 20699, 1, 0, 0
697000, 34751, 0, 0, 0
697000, 22504, 1, 0, 0
698000, 34910, 0, 0, 0
698000, 22144, 1, 0, 0
699000, 34543, 0, 0, 0
699000, 21928, 1, 0, 0
700000, 34486, 0, 0, 0
700000, 21723, 1, 0, 0
701000, 21301, 1, 0, 0
701000, 34660, 0, 0, 0
702000, 34989, 0, 0, 0
702000, 20969, 1, 0, 0
703000, 20837, 1, 0, 0
703000, 34531, 0, 0, 0
704000, 34246, 0, 0, 0
704000, 21022, 1, 0, 0
705000, 34751, 0, 0, 0
705000, 21462, 1, 0, 0
706000, 34521, 0, 0, 0
706000, 21366, 1, 0, 0
707000, 34824, 0, 0, 0
707000, 21511, 1, 0, 0
708000, 34645, 0, 0, 0
708000, 21470, 1, 0, 0
709000, 35471, 0, 0, 0
709000, 23169, 1, 0, 0
710000, 20148, 1, 0, 0
710000, 34250, 0, 0, 0
711000, 35592, 0, 0, 0
711000, 21006, 1, 0, 0
712000, 36305, 0, 0, 0
712000, 21596, 1, 0, 0
713000, 34584, 0, 0, 0
713000, 20584, 1, 0, 0
714000, 34885, 0, 0, 0
714000, 21328, 1, 0, 0
715000, 34226, 0, 0, 0
715000, 20920, 1, 0, 0
716000, 34711, 0, 0, 0
716000, 20029, 1, 0, 0
717000, 34253, 0, 0, 0
717000, 20981, 1, 0, 0
718000, 20502, 1, 0, 0
718000, 34123, 0, 0, 0
719000, 20450, 1, 0, 0
719000, 31645, 0, 0, 0
720000, 34206, 0, 0, 0
720000, 21502, 1, 0, 0
721000, 34172, 0, 0, 0
721000, 21050, 1, 0, 0
722000, 34580, 0, 0, 0
722000, 21159, 1, 0, 0
723000, 34119, 0, 0, 0
723000, 20899, 1, 0, 0
724000, 22341, 1, 0, 0
724000, 34557, 0, 0, 0
725000, 22080, 1, 0, 0
725000, 34431, 0, 0, 0
726000, 20919, 1, 0, 0
726000, 34421, 0, 0, 0
727000, 34178, 0, 0, 0
727000, 20914, 1, 0, 0
728000, 34292, 0, 0, 0
728000, 20901, 1, 0, 0
729000, 35266, 0, 0, 0
729000, 22638, 1, 0, 0
730000, 21815, 1, 0, 0
730000, 35391, 0, 0, 0
731000, 36476, 0, 0, 0
731000, 20659, 1, 0, 0
732000, 21948, 1, 0, 0
732000, 34858, 0, 0, 0
733000, 33881, 0, 0, 0
733000, 21000, 1, 0, 0
734000, 34574, 0, 0, 0
734000, 21951, 1, 0, 0
735000, 35132, 0, 0, 0
735000, 21126, 1, 0, 0
736000, 20427, 1, 0, 0
736000, 36507, 0, 0, 0
737000, 34770, 0, 0, 0
737000, 21979, 1, 0, 0
738000, 21989, 1, 0, 0
738000, 35196, 0, 0, 0
739000, 35544, 0, 0, 0
739000, 22963, 1, 0, 0
740000, 22829, 1, 0, 0
740000, 36121, 0, 0, 0
741000, 34392, 0, 0, 0
741000, 21044, 1, 0, 0
742000, 34648, 0, 0, 0
742000, 22219, 1, 0, 0
743000, 16913, 1, 0, 0
743000, 30696, 0, 0, 0
744000, 32889, 0, 0, 0
744000, 15497, 1, 0, 0
745000, 34182, 0, 0, 0
745000, 19072, 1, 0, 0
746000, 34545, 0, 0, 0
746000, 20482, 1, 0, 0
747000, 34897, 0, 0, 0
747000, 21510, 1, 0, 0
748000, 21385, 1, 0, 0
748000, 35233, 0, 0, 0
749000, 34874, 0, 0, 0
749000, 21868, 1, 0, 0
750000, 35958, 0, 0, 0
750000, 22155, 1, 0, 0
751000, 34893, 0, 0, 0
751000, 21258, 1, 0, 0
752000, 35348, 0, 0, 0
752000, 21865, 1, 0, 0
753000, 35498, 0, 0, 0
753000, 20586, 1, 0, 0
754000, 35397, 0, 0, 0
754000, 22434, 1, 0, 0
755000, 35523, 0, 0, 0
755000, 22644, 1, 0, 0
756000, 21220, 1, 0, 0
756000, 34833, 0, 0, 0
757000, 36037, 0, 0, 0
757000, 21999, 1, 0, 0
758000, 36990, 0, 0, 0
758000, 37949, 1, 0, 0
759000, 36289, 0, 0, 0
759000, 21883, 1, 0, 0
760000, 41580, 1, 0, 0
760000, 39963, 0, 0, 0
761006, 36471, 0, 0, 0
761007, 22186, 1, 0, 0
762000, 35292, 0, 0, 0
762000, 21193, 1, 0, 0
763000, 35370, 0, 0, 0
763000, 20778, 1, 0, 0
764000, 34952, 0, 0, 0
764000, 21644, 1, 0, 0
765000, 35512, 0, 0, 0
765000, 21215, 1, 0, 0
766000, 36082, 0, 0, 0
766000, 21273, 1, 0, 0
767000, 31688, 0, 0, 0
767000, 19939, 1, 0, 0
768000, 35093, 0, 0, 0
768000, 21713, 1, 0, 0
769000, 35233, 0, 0, 0
769000, 23038, 1, 0, 0
770000, 34691, 0, 0, 0
770000, 21587, 1, 0, 0
771000, 34278, 0, 0, 0
771000, 20231, 1, 0, 0
772000, 35153, 0, 0, 0
772000, 22264, 1, 0, 0
773000, 35397, 0, 0, 0
773000, 21837, 1, 0, 0
774000, 35959, 0, 0, 0
774000, 21274, 1, 0, 0
775000, 21267, 1, 0, 0
775000, 37233, 0, 0, 0
776000, 36868, 1, 0, 0
776000, 36967, 0, 0, 0
777000, 33805, 0, 0, 0
777000, 20553, 1, 0, 0
778000, 35382, 0, 0, 0
778000, 39140, 1, 0, 0
779000, 36297, 0, 0, 0
779000, 36936, 1, 0, 0
780000, 22057, 1, 0, 0
780005, 34840, 0, 0, 0
781000, 35986, 0, 0, 0
781000, 35276, 1, 0, 0
782000, 34880, 0, 0, 0
782000, 37709, 1, 0, 0
783000, 35369, 0, 0, 0
783000, 22264, 1, 0, 0
784000, 36889, 0, 0, 0
784000, 26209, 1, 0, 0
785000, 21805, 1, 0, 0
785000, 35561, 0, 0, 0
786000, 35358, 0, 0, 0
786000, 22229, 1, 0, 0
787000, 39126, 0, 0, 0
787000, 22539, 1, 0, 0
788000, 38063, 0, 0, 0
788000, 21010, 1, 0, 0
789000, 35686, 0, 0, 0
789000, 22315, 1, 0, 0
790000, 36114, 0, 0, 0
790000, 21313, 1, 0, 0
791000, 34015, 0, 0, 0
791000, 20706, 1, 0, 0
792000, 32269, 0, 0, 0
792000, 20883, 1, 0, 0
793000, 36972, 0, 0, 0
793000, 20940, 1, 0, 0
794000, 38101, 0, 0, 0
794000, 23478, 1, 0, 0
795000, 36992, 0, 0, 0
795000, 22873, 1, 0, 0
796000, 35021, 0, 0, 0
796000, 20954, 1, 0, 0
797000, 35113, 0, 0, 0
797000, 22059, 1, 0, 0
798000, 22579, 1, 0, 0
798000, 36355, 0, 0, 0
799000, 36346, 0, 0, 0
799000, 22835, 1, 0, 0
800000, 35919, 0, 0, 0
800000, 22029, 1, 0, 0
801000, 35768, 0, 0, 0
801000, 21268, 1, 0, 0
802000, 35333, 0, 0, 0
802000, 21166, 1, 0, 0
803000, 35724, 0, 0, 0
803000, 20332, 1, 0, 0
804000, 35770, 0, 0, 0
804000, 22263, 1, 0, 0
805000, 60827, 0, 0, 0
805000, 48535, 1, 0, 0
806000, 100252, 0, 0, 0
806000, 85396, 1, 0, 0
807000, 48357, 0, 0, 0
807000, 33492, 1, 0, 0
808000, 35607, 0, 0, 0
808000, 20531, 1, 0, 0
809000, 36619, 0, 0, 0
809000, 22854, 1, 0, 0
810000, 36886, 0, 0, 0
810000, 23087, 1, 0, 0
811000, 35941, 0, 0, 0
811000, 21827, 1, 0, 0
812000, 36174, 0, 0, 0
812000, 21047, 1, 0, 0
813000, 35303, 0, 0, 0
813000, 18679, 1, 0, 0
814000, 22126, 1, 0, 0
814000, 36095, 0, 0, 0
815000, 21620, 1, 0, 0
815000, 36151, 0, 0, 0
816000, 19213, 1, 0, 0
816000, 37543, 0, 0, 0
817000, 31326, 0, 0, 0
817000, 19574, 1, 0, 0
818000, 18158, 1, 0, 0
818000, 34368, 0, 0, 0
819000, 35738, 0, 0, 0
819000, 20794, 1, 0, 0
820000, 20599, 1, 0, 0
820000, 36342, 0, 0, 0
821000, 35860, 0, 0, 0
821000, 23014, 1, 0, 0
822000, 36411, 0, 0, 0
822000, 22788, 1, 0, 0
823000, 56867, 0, 0, 0
823000, 43581, 1, 0, 0
824000, 46377, 0, 0, 0
824000, 31993, 1, 0, 0
825000, 36116, 0, 0, 0
825000, 21443, 1, 0, 0
826000, 36423, 0, 0, 0
826000, 20924, 1, 0, 0
827000, 36284, 0, 0, 0
827000, 22704, 1, 0, 0
828000, 35703, 0, 0, 0
828000, 21244, 1, 0, 0
829000, 36392, 0, 0, 0
829000, 23006, 1, 0, 0
830000, 36411, 0, 0, 0
830000, 22111, 1, 0, 0
831000, 20469, 1, 0, 0
831000, 35705, 0, 0, 0
832000, 36419, 0, 0, 0
832000, 22805, 1, 0, 0
833000, 22404, 1, 0, 0
833000, 36269, 0, 0, 0
834000, 36311, 0, 0, 0
834000, 22443, 1, 0, 0
835000, 36165, 0, 0, 0
835000, 22433, 1, 0, 0
836000, 35990, 0, 0, 0
836000, 21293, 1, 0, 0
837000, 35877, 0, 0, 0
837000, 22067, 1, 0, 0
838000, 36252, 0, 0, 0
838000, 21658, 1, 0, 0
839000, 21108, 1, 0, 0
839000, 35856, 0, 0, 0
840000, 36305, 0, 0, 0
840000, 21718, 1, 0, 0
841000, 34610, 0, 0, 0
841000, 21079, 1, 0, 0
842000, 20904, 1, 0, 0
842000, 31359, 0, 0, 0
843000, 36507, 0, 0, 0
843000, 22688, 1, 0, 0
844000, 35843, 0, 0, 0
844000, 23073, 1, 0, 0
845000, 22966, 1, 0, 0
845000, 36108, 0, 0, 0
846000, 36338, 0, 0, 0
846000, 22252, 1, 0, 0
847000, 36722, 0, 0, 0
847000, 23004, 1, 0, 0
848000, 36054, 0, 0, 0
848000, 20950, 1, 0, 0
849000, 36329, 0, 0, 0
849000, 22544, 1, 0, 0
850000, 36606, 0, 0, 0
850000, 21477, 1, 0, 0
851000, 36184, 0, 0, 0
851000, 20239, 1, 0, 0
852000, 36041, 0, 0, 0
852000, 22803, 1, 0, 0
853000, 36562, 0, 0, 0
853000, 22757, 1, 0, 0
854000, 36639, 0, 0, 0
854000, 23243, 1, 0, 0
855000, 36688, 0, 0, 0
855000, 22798, 1, 0, 0
856000, 20679, 1, 0, 0
856000, 35433, 0, 0, 0
857000, 34353, 0, 0, 0
857000, 22078, 1, 0, 0
858000, 35252, 0, 0, 0
858000, 23060, 1, 0, 0
859000, 22574, 1, 0, 0
859000, 36184, 0, 0, 0
860000, 22308, 1, 0, 0
860000, 36231, 0, 0, 0
861000, 34450, 0, 0, 0
861000, 20566, 1, 0, 0
862000, 21110, 1, 0, 0
862000, 34138, 0, 0, 0
863000, 35812, 0, 0, 0
863000, 21711, 1, 0, 0
864000, 35011, 0, 0, 0
864000, 21422, 1, 0, 0
865000, 35890, 0, 0, 0
865000, 21884, 1, 0, 0
866000, 31543, 0, 0, 0
866000, 20914, 1, 0, 0
867000, 35826, 0, 0, 0
867000, 22945, 1, 0, 0
868000, 22448, 1, 0, 0
868000, 35105, 0, 0, 0
869000, 35638, 0, 0, 0
869000, 22837, 1, 0, 0
870000, 34960, 0, 0, 0
870000, 22894, 1, 0, 0
871000, 34924, 0, 0, 0
871000, 20911, 1, 0, 0
872000, 21751, 1, 0, 0
872000, 34878, 0, 0, 0
873000, 22011, 1, 0, 0
873000, 34952, 0, 0, 0
874000, 35489, 0, 0, 0
874000, 22302, 1, 0, 0
875000, 22311, 1, 0, 0
875000, 34981, 0, 0, 0
876000, 32814, 0, 0, 0
876000, 20445, 1, 0, 0
877000, 22276, 1, 0, 0
877000, 36053, 0, 0, 0
878000, 21502, 1, 0, 0
878000, 35455, 0, 0, 0
879000, 34921, 0, 0, 0
879000, 20680, 1, 0, 0
880000, 34615, 0, 0, 0
880000, 21535, 1, 0, 0
881000, 22035, 1, 0, 0
881000, 35909, 0, 0, 0
882000, 35740, 0, 0, 0
882000, 21314, 1, 0, 0
883000, 60511, 0, 0, 0
883000, 49920, 1, 0, 0
884000, 193034, 0, 0, 0
884000, 184918, 1, 0, 0
885000, 266472, 0, 0, 0
885001, 264055, 1, 0, 0
886000, 261664, 1, 0, 0
886000, 266890, 0, 0, 0
887000, 260204, 0, 0, 0
887000, 260923, 1, 0, 0
888000, 264907, 0, 0, 0
888003, 262762, 1, 0, 0
889187, 1701859, 1, 0, 0
889190, 272769, 0, 0, 0
890000, 489960, 0, 0, 0
890001, 499409, 1, 0, 0
891062, 1608680, 1, 0, 0
891090, 1788922, 0, 0, 0
892007, 1336576, 0, 0, 0
892009, 1512084, 1, 0, 0
893000, 350808, 0, 0, 0
893000, 399881, 1, 0, 0
894022, 1172418, 0, 0, 0
894028, 621631, 1, 0, 0
895094, 863260, 1, 0, 0
895566, 665942, 0, 0, 0
896123, 560135, 1, 0, 0
896124, 270422, 0, 0, 0
897000, 137003, 0, 0, 0
897000, 101306, 1, 0, 0
898000, 34323, 0, 0, 0
898000, 22567, 1, 0, 0
899000, 35647, 0, 0, 0
899000, 22023, 1, 0, 0
900000, 21639, 1, 0, 0
900000, 35331, 0, 0, 0
901000, 34938, 0, 0, 0
901000, 21567, 1, 0, 0
902000, 34865, 0, 0, 0
902000, 21061, 1, 0, 0
903000, 30566, 0, 0, 0
903000, 20087, 1, 0, 0
904000, 22153, 1, 0, 0
904000, 35367, 0, 0, 0
905000, 35624, 0, 0, 0
905000, 22241, 1, 0, 0
906000, 20814, 1, 0, 0
906000, 34231, 0, 0, 0
907000, 35723, 0, 0, 0
907000, 23387, 1, 0, 0
908000, 195474, 0, 0, 0
908001, 187745, 1, 0, 0
909000, 267042, 0, 0, 0
909002, 263276, 1, 0, 0
910000, 40796, 0, 0, 0
910000, 28447, 1, 0, 0
911000, 35337, 0, 0, 0
911000, 22288, 1, 0, 0
912000, 35145, 0, 0, 0
912000, 21821, 1, 0, 0
913000, 22115, 1, 0, 0
913000, 35078, 0, 0, 0
914000, 36146, 0, 0, 0
914000, 21735, 1, 0, 0
915000, 35332, 0, 0, 0
915000, 22625, 1, 0, 0
916000, 35509, 0, 0, 0
916000, 22333, 1, 0, 0
917000, 21623, 1, 0, 0
917000, 35103, 0, 0, 0
918000, 36104, 0, 0, 0
918000, 22622, 1, 0, 0
919000, 34924, 0, 0, 0
919000, 22203, 1, 0, 0
920000, 34306, 0, 0, 0
920000, 21691, 1, 0, 0
921000, 34078, 0, 0, 0
921000, 22170, 1, 0, 0
922000, 35949, 0, 0, 0
922000, 22992, 1, 0, 0
923000, 34611, 0, 0, 0
923000, 21989, 1, 0, 0
924000, 37221, 0, 0, 0
924000, 23075, 1, 0, 0
925000, 21462, 1, 0, 0
925000, 34714, 0, 0, 0
926000, 35418, 0, 0, 0
926000, 21244, 1, 0, 0
927000, 35461, 0, 0, 0
927000, 22944, 1, 0, 0
928000, 34682, 0, 0, 0
928000, 22443, 1, 0, 0
929000, 31700, 0, 0, 0
929000, 22155, 1, 0, 0
930000, 22113, 1, 0, 0
930000, 35332, 0, 0, 0
931000, 35445, 0, 0, 0
931000, 21703, 1, 0, 0
932000, 34251, 0, 0, 0
932000, 21225, 1, 0, 0
933000, 35020, 0, 0, 0
933000, 22575, 1, 0, 0
934000, 34995, 0, 0, 0
934000, 22512, 1, 0, 0
935000, 35271, 0, 0, 0
935000, 21796, 1, 0, 0
936000, 36205, 0, 0, 0
936000, 21925, 1, 0, 0
937000, 35016, 0, 0, 0
937000, 22446, 1, 0, 0
938000, 22022, 1, 0, 0
938000, 35462, 0, 0, 0
939000, 35209, 0, 0, 0
939000, 23023, 1, 0, 0
940000, 35467, 0, 0, 0
940000, 21433, 1, 0, 0
941000, 35490, 0, 0, 0
941000, 22054, 1, 0, 0
942000, 35362, 0, 0, 0
942000, 22890, 1, 0, 0
943000, 34523, 0, 0, 0
943000, 23039, 1, 0, 0
944000, 36086, 0, 0, 0
944000, 22534, 1, 0, 0
945000, 35107, 0, 0, 0
945000, 22438, 1, 0, 0
946000, 35463, 0, 0, 0
946000, 22137, 1, 0, 0
947000, 29169, 1, 0, 0
947000, 39878, 0, 0, 0
948000, 74462, 0, 0, 0
948000, 62623, 1, 0, 0
949000, 35536, 0, 0, 0
949000, 22171, 1, 0, 0
950000, 35479, 0, 0, 0
950000, 21729, 1, 0, 0
951000, 35487, 0, 0, 0
951000, 21406, 1, 0, 0
952000, 35529, 0, 0, 0
952000, 21561, 1, 0, 0
953000, 31462, 0, 0, 0
953000, 20682, 1, 0, 0
954000, 34956, 0, 0, 0
954000, 22043, 1, 0, 0
955000, 36108, 0, 0, 0
955000, 22661, 1, 0, 0
956000, 36085, 0, 0, 0
956000, 21696, 1, 0, 0
957000, 35099, 0, 0, 0
957000, 21575, 1, 0, 0
958000, 35000, 0, 0, 0
958000, 21312, 1, 0, 0
959000, 22625, 1, 0, 0
959000, 35418, 0, 0, 0
960000, 35339, 0, 0, 0
960000, 22636, 1, 0, 0
961000, 35841, 0, 0, 0
961000, 22761, 1, 0, 0
962000, 35506, 0, 0, 0
962000, 22252, 1, 0, 0
963000, 34764, 0, 0, 0
963000, 21305, 1, 0, 0
964000, 21176, 1, 0, 0
964000, 35952, 0, 0, 0
965000, 35285, 0, 0, 0
965000, 21930, 1, 0, 0
966000, 35878, 0, 0, 0
966000, 22327, 1, 0, 0
967000, 23048, 1, 0, 0
967000, 35484, 0, 0, 0
968000, 22017, 1, 0, 0
968000, 36354, 0, 0, 0
969000, 21697, 1, 0, 0
969000, 35260, 0, 0, 0
970000, 36659, 0, 0, 0
970000, 22137, 1, 0, 0
971000, 35746, 0, 0, 0
971000, 21733, 1, 0, 0
972000, 35127, 0, 0, 0
972000, 21079, 1, 0, 0
973000, 36007, 0, 0, 0
973000, 22027, 1, 0, 0
974000, 36762, 0, 0, 0
974000, 22743, 1, 0, 0
975000, 35918, 0, 0, 0
975000, 21319, 1, 0, 0
976000, 34530, 0, 0, 0
976000, 21853, 1, 0, 0
977000, 31837, 0, 0, 0
977000, 22075, 1, 0, 0
978000, 35275, 0, 0, 0
978000, 22502, 1, 0, 0
979000, 34958, 0, 0, 0
979000, 23192, 1, 0, 0
980000, 34852, 0, 0, 0
980000, 22146, 1, 0, 0
981000, 34545, 0, 0, 0
981000, 21981, 1, 0, 0
982000, 34745, 0, 0, 0
982000, 22451, 1, 0, 0
983000, 35252, 0, 0, 0
983000, 22034, 1, 0, 0
984000, 35699, 0, 0, 0
984000, 22321, 1, 0, 0
985000, 35015, 0, 0, 0
985000, 22023, 1, 0, 0
986000, 35027, 0, 0, 0
986000, 22076, 1, 0, 0
987000, 22602, 1, 0, 0
987000, 34822, 0, 0, 0
988000, 22001, 1, 0, 0
988000, 34930, 0, 0, 0
989000, 35345, 0, 0, 0
989000, 22782, 1, 0, 0
990000, 35430, 0, 0, 0
990000, 23144, 1, 0, 0
991000, 34510, 0, 0, 0
991000, 21473, 1, 0, 0
992000, 34977, 0, 0, 0
992000, 22481, 1, 0, 0
993000, 35314, 0, 0, 0
993000, 22456, 1, 0, 0
994000, 35864, 0, 0, 0
994000, 21227, 1, 0, 0
995000, 35907, 0, 0, 0
995000, 22263, 1, 0, 0
996000, 34889, 0, 0, 0
996000, 22384, 1, 0, 0
997000, 34822, 0, 0, 0
997000, 22267, 1, 0, 0
998000, 34565, 0, 0, 0
998000, 21275, 1, 0, 0
999000, 21616, 1, 0, 0
999000, 34473, 0, 0, 0
1000000, 36370, 0, 0, 0
1000000, 22150, 1, 0, 0
1001000, 32986, 0, 0, 0
1001000, 21586, 1, 0, 0
1002000, 35139, 0, 0, 0
1002000, 22340, 1, 0, 0
1003000, 20755, 1, 0, 0
1003000, 34459, 0, 0, 0
1004000, 34428, 0, 0, 0
1004000, 21017, 1, 0, 0
1005000, 34954, 0, 0, 0
1005000, 22423, 1, 0, 0
1006000, 36022, 0, 0, 0
1006000, 22360, 1, 0, 0
1007000, 22651, 1, 0, 0
1007000, 35202, 0, 0, 0
1008000, 34056, 0, 0, 0
1008000, 21647, 1, 0, 0
1009000, 35362, 0, 0, 0
1009000, 22637, 1, 0, 0
1010000, 34939, 0, 0, 0
1010000, 22043, 1, 0, 0
1011000, 34207, 0, 0, 0
1011000, 21318, 1, 0, 0
1012000, 34924, 0, 0, 0
1012000, 21736, 1, 0, 0
1013000, 34678, 0, 0, 0
1013000, 21504, 1, 0, 0
1014000, 35252, 0, 0, 0
1014000, 22592, 1, 0, 0
1015000, 21580, 1, 0, 0
1015000, 34935, 0, 0, 0
1016000, 34700, 0, 0, 0
1016000, 21287, 1, 0, 0
1017000, 35140, 0, 0, 0
1017000, 21960, 1, 0, 0
1018000, 34702, 0, 0, 0
1018000, 21238, 1, 0, 0
1019000, 35108, 0, 0, 0
1019000, 21132, 1, 0, 0
1020000, 34873, 0, 0, 0
1020000, 21978, 1, 0, 0
1021000, 22625, 1, 0, 0
1021000, 34898, 0, 0, 0
1022000, 35222, 0, 0, 0
1022000, 21892, 1, 0, 0
1023000, 34019, 0, 0, 0
1023000, 20646, 1, 0, 0
1024000, 35008, 0, 0, 0
1024000, 21521, 1, 0, 0
1025000, 32126, 0, 0, 0
1025000, 22291, 1, 0, 0
1026000, 34520, 0, 0, 0
1026000, 21693, 1, 0, 0
1027000, 34987, 0, 0, 0
1027000, 22717, 1, 0, 0
1028000, 33882, 0, 0, 0
1028000, 20044, 1, 0, 0
1029000, 35516, 0, 0, 0
1029000, 22453, 1, 0, 0
1030000, 34078, 0, 0, 0
1030000, 21901, 1, 0, 0
1031000, 35281, 0, 0, 0
1031000, 22428, 1, 0, 0
1032000, 34178, 0, 0, 0
1032000, 20768, 1, 0, 0
1033000, 33450, 0, 0, 0
1033000, 19243, 1, 0, 0
1034000, 21162, 1, 0, 0
1034000, 33864, 0, 0, 0
1035000, 34092, 0, 0, 0
1035000, 19296, 1, 0, 0
1036000, 34225, 0, 0, 0
1036000, 20232, 1, 0, 0
1037000, 34566, 0, 0, 0
1037000, 22911, 1, 0, 0
1038000, 34574, 0, 0, 0
1038000, 22435, 1, 0, 0
1039000, 34472, 0, 0, 0
1039000, 22389, 1, 0, 0
1040000, 21969, 1, 0, 0
1040000, 34454, 0, 0, 0
1041000, 35150, 0, 0, 0
1041000, 20941, 1, 0, 0
1042000, 34587, 0, 0, 0
1042000, 21951, 1, 0, 0
1043000, 34083, 0, 0, 0
1043000, 20583, 1, 0, 0
1044000, 21983, 1, 0, 0
1044000, 35336, 0, 0, 0
1045000, 34400, 0, 0, 0
1045000, 21626, 1, 0, 0
1046000, 34033, 0, 0, 0
1046000, 21189, 1, 0, 0
1047000, 21904, 1, 0, 0
1047000, 34227, 0, 0, 0
1048000, 20374, 1, 0, 0
1048000, 30627, 0, 0, 0
1049000, 34120, 0, 0, 0
1049000, 21827, 1, 0, 0
1050000, 30481, 0, 0, 0
1050000, 14192, 1, 0, 0
1051000, 30599, 0, 0, 0
1051000, 13287, 1, 0, 0
1052000, 32964, 0, 0, 0
1052000, 15594, 1, 0, 0
1053000, 33157, 0, 0, 0
1053000, 17547, 1, 0, 0
1054000, 19921, 1, 0, 0
1054000, 33624, 0, 0, 0
1055000, 21364, 1, 0, 0
1055000, 33725, 0, 0, 0
1056000, 34280, 0, 0, 0
1056000, 21108, 1, 0, 0
1057000, 34401, 0, 0, 0
1057000, 21403, 1, 0, 0
1058000, 34744, 0, 0, 0
1058000, 22190, 1, 0, 0
1059000, 35565, 0, 0, 0
1059000, 22839, 1, 0, 0
1060000, 34753, 0, 0, 0
1060000, 23090, 1, 0, 0
1061000, 34592, 0, 0, 0
1061000, 22696, 1, 0, 0
1062000, 34803, 0, 0, 0
1062000, 22718, 1, 0, 0
1063000, 34673, 0, 0, 0
1063000, 21515, 1, 0, 0
1064000, 35647, 0, 0, 0
1064000, 21090, 1, 0, 0
1065000, 35256, 0, 0, 0
1065000, 21575, 1, 0, 0
1066000, 35017, 0, 0, 0
1066000, 21482, 1, 0, 0
1067000, 35785, 0, 0, 0
1067000, 22006, 1, 0, 0
1068000, 34459, 0, 0, 0
1068000, 20581, 1, 0, 0
1069000, 33964, 0, 0, 0
1069000, 21778, 1, 0, 0
1070000, 33706, 0, 0, 0
1070000, 21442, 1, 0, 0
1071000, 31362, 0, 0, 0
1071000, 22009, 1, 0, 0
1072000, 34316, 0, 0, 0
1072000, 22342, 1, 0, 0
1073000, 34143, 0, 0, 0
1073000, 20992, 1, 0, 0
1074000, 33857, 0, 0, 0
1074000, 21422, 1, 0, 0
1075000, 37996, 0, 0, 0
1075000, 21237, 1, 0, 0
1076000, 39015, 0, 0, 0
1076000, 21559, 1, 0, 0
1077000, 38468, 0, 0, 0
1077000, 23247, 1, 0, 0
1078000, 35490, 0, 0, 0
1078000, 22094, 1, 0, 0
1079000, 38279, 0, 0, 0
1079000, 22408, 1, 0, 0
1080000, 35887, 0, 0, 0
1080000, 22578, 1, 0, 0
1081000, 34172, 0, 0, 0
1081000, 21301, 1, 0, 0
1082000, 34284, 0, 0, 0
1082000, 21666, 1, 0, 0
1083000, 34067, 0, 0, 0
1083000, 20984, 1, 0, 0
1084000, 34357, 0, 0, 0
1084000, 21910, 1, 0, 0
1085000, 34649, 0, 0, 0
1085000, 22839, 1, 0, 0
1086000, 34227, 0, 0, 0
1086000, 21754, 1, 0, 0
1087000, 34570, 0, 0, 0
1087000, 22599, 1, 0, 0
1088000, 34766, 0, 0, 0
1088000, 22348, 1, 0, 0
1089000, 33668, 0, 0, 0
1089000, 22197, 1, 0, 0
1090000, 33989, 0, 0, 0
1090000, 21985, 1, 0, 0
1091000, 33667, 0, 0, 0
1091000, 21497, 1, 0, 0
1092000, 34199, 0, 0, 0
1092000, 20912, 1, 0, 0
1093000, 20896, 1, 0, 0
1093000, 35321, 0, 0, 0
1094000, 33918, 0, 0, 0
1094000, 22239, 1, 0, 0
1095000, 31571, 0, 0, 0
1095000, 20653, 1, 0, 0
1096000, 33756, 0, 0, 0
1096000, 20820, 1, 0, 0
1097000, 34390, 0, 0, 0
1097000, 21755, 1, 0, 0
1098000, 34136, 0, 0, 0
1098000, 22003, 1, 0, 0
1099000, 34233, 0, 0, 0
1099000, 21181, 1, 0, 0
1100000, 21718, 1, 0, 0
1100000, 34331, 0, 0, 0
1101000, 21977, 1, 0, 0
1101000, 34125, 0, 0, 0
1102000, 34592, 0, 0, 0
1102000, 22670, 1, 0, 0
1103000, 34738, 0, 0, 0
1103000, 22855, 1, 0, 0
1104000, 21950, 1, 0, 0
1104000, 34302, 0, 0, 0
1105000, 65848, 0, 0, 0
1105000, 52643, 1, 0, 0
1106000, 232147, 1, 0, 0
1106000, 237798, 0, 0, 0
1107000, 216788, 1, 0, 0
1107000, 220162, 0, 0, 0
1108000, 38510, 0, 0, 0
1108000, 24693, 1, 0, 0
1109000, 38223, 0, 0, 0
1109000, 20992, 1, 0, 0
1110000, 69219, 0, 0, 0
1110000, 56648, 1, 0, 0
1111000, 261268, 0, 0, 0
1111000, 256435, 1, 0, 0
1112000, 268424, 0, 0, 0
1112001, 259847, 1, 0, 0
1113000, 202930, 0, 0, 0
1113000, 199005, 1, 0, 0
1114000, 38988, 0, 0, 0
1114000, 23030, 1, 0, 0
1115000, 37363, 0, 0, 0
1115000, 22616, 1, 0, 0
1116000, 37280, 0, 0, 0
1116000, 22046, 1, 0, 0
1117000, 34248, 0, 0, 0
1117000, 21722, 1, 0, 0
1118000, 34448, 0, 0, 0
1118000, 21978, 1, 0, 0
1119000, 34432, 0, 0, 0
1119000, 22666, 1, 0, 0
1120000, 34572, 0, 0, 0
1120000, 22931, 1, 0, 0
1121000, 33913, 0, 0, 0
1121000, 21671, 1, 0, 0
1122000, 33452, 0, 0, 0
1122000, 22000, 1, 0, 0
1123000, 34519, 0, 0, 0
1123000, 22724, 1, 0, 0
1124000, 31433, 0, 0, 0
1124000, 21830, 1, 0, 0
1125000, 34659, 0, 0, 0
1125000, 22018, 1, 0, 0
1126000, 34706, 0, 0, 0
1126000, 22475, 1, 0, 0
1127000, 34326, 0, 0, 0
1127000, 22388, 1, 0, 0
1128000, 34317, 0, 0, 0
1128000, 21090, 1, 0, 0
1129000, 34223, 0, 0, 0
1129000, 22849, 1, 0, 0
1130000, 22816, 1, 0, 0
1130000, 34087, 0, 0, 0
1131000, 34732, 0, 0, 0
1131000, 22209, 1, 0, 0
1132000, 34645, 0, 0, 0
1132000, 21928, 1, 0, 0
1133000, 34338, 0, 0, 0
1133000, 22541, 1, 0, 0
1134000, 34500, 0, 0, 0
1134000, 22177, 1, 0, 0
1135000, 34520, 0, 0, 0
1135000, 22553, 1, 0, 0
1136000, 34210, 0, 0, 0
1136000, 21131, 1, 0, 0
1137000, 21146, 1, 0, 0
1137000, 34133, 0, 0, 0
1138000, 33913, 0, 0, 0
1138000, 20757, 1, 0, 0
1139000, 34195, 0, 0, 0
1139000, 21121, 1, 0, 0
1140000, 34938, 0, 0, 0
1140000, 22281, 1, 0, 0
1141000, 20528, 1, 0, 0
1141000, 34010, 0, 0, 0
1142000, 34298, 0, 0, 0
1142000, 22409, 1, 0, 0
1143000, 38795, 0, 0, 0
1143000, 22778, 1, 0, 0
1144000, 22500, 1, 0, 0
1144000, 36487, 0, 0, 0
1145000, 39901, 0, 0, 0
1145000, 22929, 1, 0, 0
1146000, 38832, 0, 0, 0
1146000, 22897, 1, 0, 0
1147000, 35783, 0, 0, 0
1147000, 22008, 1, 0, 0
1148000, 21437, 1, 0, 0
1148000, 33251, 0, 0, 0
1149000, 36908, 0, 0, 0
1149000, 21242, 1, 0, 0
1150000, 39323, 0, 0, 0
1150000, 22643, 1, 0, 0
1151000, 38085, 0, 0, 0
1151000, 20613, 1, 0, 0
1152000, 38125, 0, 0, 0
1152000, 21128, 1, 0, 0
1153000, 38346, 0, 0, 0
1153000, 21253, 1, 0, 0
1154000, 38276, 0, 0, 0
1154000, 22369, 1, 0, 0
1155000, 21638, 1, 0, 0
1155000, 38480, 0, 0, 0
1156000, 18896, 1, 0, 0
1156000, 37555, 0, 0, 0
1157000, 37216, 0, 0, 0
1157000, 17760, 1, 0, 0
1158000, 36957, 0, 0, 0
1158000, 17479, 1, 0, 0
1159000, 20958, 1, 0, 0
1159000, 37952, 0, 0, 0
1160000, 20876, 1, 0, 0
1160000, 38096, 0, 0, 0
1161000, 19747, 1, 0, 0
1161000, 37535, 0, 0, 0
1162000, 22020, 1, 0, 0
1162000, 37979, 0, 0, 0
1163000, 22235, 1, 0, 0
1163000, 38036, 0, 0, 0
1164000, 38775, 0, 0, 0
1164000, 22273, 1, 0, 0
1165000, 38479, 0, 0, 0
1165000, 22663, 1, 0, 0
1166000, 22301, 1, 0, 0
1166000, 38120, 0, 0, 0
1167000, 22626, 1, 0, 0
1167000, 38188, 0, 0, 0
1168000, 37746, 0, 0, 0
1168000, 21107, 1, 0, 0
1169000, 38698, 0, 0, 0
1169000, 22910, 1, 0, 0
1170000, 38231, 0, 0, 0
1170000, 22158, 1, 0, 0
1171000, 37403, 0, 0, 0
1171000, 21662, 1, 0, 0
1172000, 33300, 0, 0, 0
1172000, 21077, 1, 0, 0
1173000, 21050, 1, 0, 0
1173000, 32882, 0, 0, 0
1174000, 34379, 0, 0, 0
1174000, 20158, 1, 0, 0
1175000, 60746, 1, 0, 0
1175000, 75248, 0, 0, 0
1176000, 34107, 0, 0, 0
1176000, 21343, 1, 0, 0
1177000, 34520, 0, 0, 0
1177000, 21331, 1, 0, 0
1178000, 34422, 0, 0, 0
1178000, 22140, 1, 0, 0
1179000, 36377, 0, 0, 0
1179000, 22205, 1, 0, 0
1180000, 37444, 0, 0, 0
1180000, 21644, 1, 0, 0
1181000, 35961, 0, 0, 0
1181000, 20978, 1, 0, 0
1182000, 34449, 0, 0, 0
1182000, 22227, 1, 0, 0
1183000, 34741, 0, 0, 0
1183000, 22662, 1, 0, 0
1184000, 34613, 0, 0, 0
1184000, 22189, 1, 0, 0
1185000, 34366, 0, 0, 0
1185000, 21809, 1, 0, 0
1186000, 34447, 0, 0, 0
1186000, 22313, 1, 0, 0
1187000, 34147, 0, 0, 0
1187000, 21041, 1, 0, 0
1188000, 34270, 0, 0, 0
1188000, 21401, 1, 0, 0
1189000, 22839, 1, 0, 0
1189000, 34812, 0, 0, 0
1190000, 34374, 0, 0, 0
1190000, 21707, 1, 0, 0
1191000, 34276, 0, 0, 0
1191000, 21254, 1, 0, 0
1192000, 20511, 1, 0, 0
1192000, 34020, 0, 0, 0
1193000, 34225, 0, 0, 0
1193000, 21458, 1, 0, 0
1194000, 33874, 0, 0, 0
1194000, 20131, 1, 0, 0
1195000, 21182, 1, 0, 0
1195000, 34652, 0, 0, 0
1196000, 31398, 0, 0, 0
1196000, 20861, 1, 0, 0
1197000, 32022, 0, 0, 0
1197000, 18975, 1, 0, 0
1198000, 32752, 0, 0, 0
1198000, 15092, 1, 0, 0
1199000, 33079, 0, 0, 0
1199000, 16463, 1, 0, 0
1200000, 34146, 0, 0, 0
1200000, 18122, 1, 0, 0
