1000, 93002, 1, 0, 0
1000, 93605, 0, 0, 0
2000, 19848, 0, 0, 0
2000, 12806, 1, 0, 0
3000, 19922, 0, 0, 0
3000, 12782, 1, 0, 0
4000, 19963, 0, 0, 0
4000, 12821, 1, 0, 0
5000, 19838, 0, 0, 0
5000, 12815, 1, 0, 0
6000, 19788, 0, 0, 0
6000, 12824, 1, 0, 0
7000, 19971, 0, 0, 0
7000, 12815, 1, 0, 0
8000, 19851, 0, 0, 0
8000, 12824, 1, 0, 0
9000, 19830, 0, 0, 0
9000, 12785, 1, 0, 0
10000, 12825, 1, 0, 0
10000, 19842, 0, 0, 0
11000, 19876, 0, 0, 0
11000, 12778, 1, 0, 0
12000, 39634, 1, 0, 0
12000, 44917, 0, 0, 0
13000, 125780, 0, 0, 0
13000, 123186, 1, 0, 0
14000, 19847, 0, 0, 0
14000, 12801, 1, 0, 0
15000, 19855, 0, 0, 0
15000, 12829, 1, 0, 0
16000, 12829, 1, 0, 0
16000, 19928, 0, 0, 0
17000, 19762, 0, 0, 0
17000, 12749, 1, 0, 0
18000, 19875, 0, 0, 0
18000, 12773, 1, 0, 0
19000, 20021, 0, 0, 0
19000, 12814, 1, 0, 0
20000, 19856, 0, 0, 0
20000, 12815, 1, 0, 0
21000, 19884, 0, 0, 0
21000, 12762, 1, 0, 0
22000, 19943, 0, 0, 0
22000, 12779, 1, 0, 0
23000, 19821, 0, 0, 0
23000, 12803, 1, 0, 0
24000, 32832, 1, 0, 0
24000, 39705, 0, 0, 0
25000, 123623, 1, 0, 0
25000, 123722, 0, 0, 0
26000, 12831, 1, 0, 0
26000, 19837, 0, 0, 0
27000, 12831, 1, 0, 0
27000, 19833, 0, 0, 0
28000, 19987, 0, 0, 0
28000, 12829, 1, 0, 0
29000, 19925, 0, 0, 0
29000, 12773, 1, 0, 0
30000, 19803, 0, 0, 0
30000, 12792, 1, 0, 0
31000, 20055, 0, 0, 0
31000, 12805, 1, 0, 0
32000, 19801, 0, 0, 0
32000, 12840, 1, 0, 0
33000, 19858, 0, 0, 0
33000, 12830, 1, 0, 0
34000, 19969, 0, 0, 0
34000, 12820, 1, 0, 0
35000, 19813, 0, 0, 0
35000, 12796, 1, 0, 0
36000, 33456, 1, 0, 0
36000, 39442, 0, 0, 0
37000, 126478, 0, 0, 0
37000, 120255, 1, 0, 0
38000, 19846, 0, 0, 0
38000, 12848, 1, 0, 0
39000, 19747, 0, 0, 0
39000, 12779, 1, 0, 0
40000, 19879, 0, 0, 0
40000, 12815, 1, 0, 0
41000, 19848, 0, 0, 0
41000, 12770, 1, 0, 0
42000, 12820, 1, 0, 0
42000, 19889, 0, 0, 0
43000, 19925, 0, 0, 0
43000, 12800, 1, 0, 0
44000, 12815, 1, 0, 0
44000, 19854, 0, 0, 0
45000, 19820, 0, 0, 0
45000, 12845, 1, 0, 0
46000, 19926, 0, 0, 0
46000, 12835, 1, 0, 0
47000, 19790, 0, 0, 0
47000, 12795, 1, 0, 0
48000, 42901, 0, 0, 0
48000, 35091, 1, 0, 0
49000, 125132, 0, 0, 0
49000, 123110, 1, 0, 0
50000, 19933, 0, 0, 0
50000, 12805, 1, 0, 0
51000, 19976, 0, 0, 0
51000, 12824, 1, 0, 0
52000, 19968, 0, 0, 0
52000, 12847, 1, 0, 0
53000, 12806, 1, 0, 0
53000, 19870, 0, 0, 0
54000, 12767, 1, 0, 0
54000, 19788, 0, 0, 0
55000, 20006, 0, 0, 0
55000, 12793, 1, 0, 0
56000, 12806, 1, 0, 0
56000, 19796, 0, 0, 0
57000, 19860, 0, 0, 0
57000, 12844, 1, 0, 0
58000, 12829, 1, 0, 0
58000, 19853, 0, 0, 0
59000, 12840, 1, 0, 0
59000, 19778, 0, 0, 0
60000, 31870, 1, 0, 0
60000, 39361, 0, 0, 0
61000, 120093, 0, 0, 0
61000, 114487, 1, 0, 0
62000, 19768, 0, 0, 0
62000, 12803, 1, 0, 0
63000, 19781, 0, 0, 0
63000, 12779, 1, 0, 0
64000, 12833, 1, 0, 0
64000, 20017, 0, 0, 0
65000, 19812, 0, 0, 0
65000, 12828, 1, 0, 0
66000, 12809, 1, 0, 0
66000, 19845, 0, 0, 0
67000, 19939, 0, 0, 0
67000, 12836, 1, 0, 0
68000, 19829, 0, 0, 0
68000, 12829, 1, 0, 0
69000, 12791, 1, 0, 0
69000, 19798, 0, 0, 0
70000, 20036, 0, 0, 0
70000, 12826, 1, 0, 0
71000, 19823, 0, 0, 0
71000, 12805, 1, 0, 0
72000, 35492, 1, 0, 0
72000, 41313, 0, 0, 0
73000, 126217, 0, 0, 0
73000, 121379, 1, 0, 0
74000, 19810, 0, 0, 0
74000, 12792, 1, 0, 0
75000, 19847, 0, 0, 0
75000, 12787, 1, 0, 0
76000, 19961, 0, 0, 0
76000, 12797, 1, 0, 0
77000, 19901, 0, 0, 0
77000, 12815, 1, 0, 0
78000, 19906, 0, 0, 0
78000, 12826, 1, 0, 0
79000, 14931, 0, 0, 0
79000, 12825, 1, 0, 0
80000, 14471, 0, 0, 0
80000, 12908, 1, 0, 0
81000, 14390, 0, 0, 0
81000, 12733, 1, 0, 0
82000, 12806, 1, 0, 0
82000, 14384, 0, 0, 0
83000, 38287, 1, 0, 0
83000, 40280, 0, 0, 0
84000, 176861, 0, 0, 0
84000, 176048, 1, 0, 0
85000, 111076, 1, 0, 0
85000, 114900, 0, 0, 0
86000, 14370, 0, 0, 0
86000, 12793, 1, 0, 0
87000, 12882, 1, 0, 0
87000, 14443, 0, 0, 0
88000, 12853, 1, 0, 0
88000, 14489, 0, 0, 0
89000, 12736, 1, 0, 0
89000, 14305, 0, 0, 0
90000, 12773, 1, 0, 0
90000, 14410, 0, 0, 0
91000, 14251, 0, 0, 0
91000, 12661, 1, 0, 0
92000, 14304, 0, 0, 0
92000, 12685, 1, 0, 0
93000, 14330, 0, 0, 0
93000, 12763, 1, 0, 0
94000, 143482, 0, 0, 0
94001, 139893, 1, 0, 0
95000, 177445, 1, 0, 0
95000, 178159, 0, 0, 0
96000, 176267, 0, 0, 0
96000, 176497, 1, 0, 0
97000, 112228, 1, 0, 0
97000, 113899, 0, 0, 0
98000, 14385, 0, 0, 0
98000, 12795, 1, 0, 0
99000, 14352, 0, 0, 0
99000, 12728, 1, 0, 0
100000, 14267, 0, 0, 0
100000, 12681, 1, 0, 0
101000, 14363, 0, 0, 0
101000, 12760, 1, 0, 0
102000, 14467, 0, 0, 0
102000, 12880, 1, 0, 0
103000, 12918, 1, 0, 0
103000, 14490, 0, 0, 0
104000, 12866, 1, 0, 0
104000, 14491, 0, 0, 0
105000, 13115, 1, 0, 0
105000, 14862, 0, 0, 0
106000, 170427, 0, 0, 0
106000, 167456, 1, 0, 0
107000, 178054, 1, 0, 0
107000, 180302, 0, 0, 0
108000, 177339, 0, 0, 0
108002, 174020, 1, 0, 0
109000, 113775, 0, 0, 0
109000, 111640, 1, 0, 0
110000, 12841, 1, 0, 0
110000, 14399, 0, 0, 0
111000, 12811, 1, 0, 0
111000, 14425, 0, 0, 0
112000, 14274, 0, 0, 0
112000, 12670, 1, 0, 0
113000, 12662, 1, 0, 0
113000, 14260, 0, 0, 0
114000, 14408, 0, 0, 0
114000, 12763, 1, 0, 0
115000, 14411, 0, 0, 0
115000, 12813, 1, 0, 0
116000, 14531, 0, 0, 0
116000, 12917, 1, 0, 0
117000, 14719, 0, 0, 0
117000, 12928, 1, 0, 0
118000, 14282, 0, 0, 0
118000, 12710, 1, 0, 0
119000, 14394, 0, 0, 0
119000, 12847, 1, 0, 0
120000, 12810, 1, 0, 0
120000, 14443, 0, 0, 0
121000, 12691, 1, 0, 0
121000, 14276, 0, 0, 0
122000, 14432, 0, 0, 0
122000, 12778, 1, 0, 0
123000, 12819, 1, 0, 0
123000, 14387, 0, 0, 0
124000, 14503, 0, 0, 0
124000, 12889, 1, 0, 0
125000, 14453, 0, 0, 0
125000, 12885, 1, 0, 0
126000, 42867, 0, 0, 0
126000, 40957, 1, 0, 0
127000, 178795, 1, 0, 0
127000, 181210, 0, 0, 0
128000, 177497, 1, 0, 0
128000, 177995, 0, 0, 0
129000, 113868, 0, 0, 0
129000, 114934, 1, 0, 0
130000, 14444, 0, 0, 0
130000, 12850, 1, 0, 0
131000, 14463, 0, 0, 0
131000, 12806, 1, 0, 0
132000, 12858, 1, 0, 0
132000, 14434, 0, 0, 0
133000, 19323, 0, 0, 0
133000, 13380, 1, 0, 0
134000, 2637405, 0, 0, 0
134000, 282543, 1, 0, 0
135001, 2568710, 0, 0, 0
135001, 266867, 1, 0, 0
136002, 2649641, 0, 0, 0
136002, 273856, 1, 0, 0
137002, 2593313, 0, 0, 0
137002, 270283, 1, 0, 0
138003, 2681908, 0, 0, 0
138004, 271231, 1, 0, 0
139000, 2535941, 0, 0, 0
139009, 279652, 1, 0, 0
140000, 2682076, 0, 0, 0
140000, 284788, 1, 0, 0
141000, 2485799, 0, 0, 0
141001, 265791, 1, 0, 0
142003, 2645965, 0, 0, 0
142003, 280173, 1, 0, 0
143004, 2649922, 0, 0, 0
143005, 278289, 1, 0, 0
144001, 2599305, 0, 0, 0
144002, 275844, 1, 0, 0
145001, 2546083, 0, 0, 0
145017, 268981, 1, 0, 0
146004, 2536924, 0, 0, 0
146010, 247694, 1, 0, 0
147004, 2683078, 0, 0, 0
147004, 277363, 1, 0, 0
148004, 2578166, 0, 0, 0
148015, 265560, 1, 0, 0
149000, 2525709, 0, 0, 0
149001, 259145, 1, 0, 0
150000, 2497571, 0, 0, 0
150001, 260098, 1, 0, 0
151002, 2527506, 0, 0, 0
151002, 263565, 1, 0, 0
152002, 2492124, 0, 0, 0
152003, 263590, 1, 0, 0
153003, 2511477, 0, 0, 0
153003, 264787, 1, 0, 0
154003, 2594267, 0, 0, 0
154008, 281462, 1, 0, 0
155004, 2578459, 0, 0, 0
155025, 260745, 1, 0, 0
156000, 280338, 1, 0, 0
156004, 2550685, 0, 0, 0
157001, 2499299, 0, 0, 0
157002, 253701, 1, 0, 0
158001, 2682674, 0, 0, 0
158002, 290913, 1, 0, 0
159003, 2545002, 0, 0, 0
159003, 269004, 1, 0, 0
160003, 2553325, 0, 0, 0
160030, 268166, 1, 0, 0
161002, 2551435, 0, 0, 0
161002, 274681, 1, 0, 0
162000, 2492897, 0, 0, 0
162010, 260446, 1, 0, 0
163003, 2559609, 0, 0, 0
163009, 274704, 1, 0, 0
164001, 2500834, 0, 0, 0
164027, 271823, 1, 0, 0
165003, 2448340, 0, 0, 0
165013, 239053, 1, 0, 0
166000, 2577924, 0, 0, 0
166001, 256078, 1, 0, 0
167002, 2533401, 0, 0, 0
167008, 264366, 1, 0, 0
168001, 2557301, 0, 0, 0
168001, 262770, 1, 0, 0
169002, 2471275, 0, 0, 0
169003, 266526, 1, 0, 0
170003, 2545431, 0, 0, 0
170003, 275701, 1, 0, 0
171000, 2576526, 0, 0, 0
171010, 272475, 1, 0, 0
172002, 2596398, 0, 0, 0
172008, 282463, 1, 0, 0
173000, 283138, 1, 0, 0
173004, 2526320, 0, 0, 0
174000, 2701210, 0, 0, 0
174001, 278714, 1, 0, 0
175000, 2509423, 0, 0, 0
175005, 286557, 1, 0, 0
176002, 2550058, 0, 0, 0
176002, 261201, 1, 0, 0
177000, 2576800, 0, 0, 0
177010, 274135, 1, 0, 0
178002, 2646633, 0, 0, 0
178008, 274097, 1, 0, 0
179004, 2488112, 0, 0, 0
179004, 279767, 1, 0, 0
180000, 2665867, 0, 0, 0
180001, 288115, 1, 0, 0
181000, 2545623, 0, 0, 0
181000, 256785, 1, 0, 0
182001, 2666458, 0, 0, 0
182007, 285686, 1, 0, 0
183004, 2597076, 0, 0, 0
183004, 262761, 1, 0, 0
184002, 2579939, 0, 0, 0
184002, 270295, 1, 0, 0
185004, 2589287, 0, 0, 0
185004, 282274, 1, 0, 0
186001, 2634941, 0, 0, 0
186001, 281267, 1, 0, 0
187002, 2706448, 0, 0, 0
187003, 280919, 1, 0, 0
188001, 2597179, 0, 0, 0
188002, 276737, 1, 0, 0
189004, 2583012, 0, 0, 0
189009, 262632, 1, 0, 0
190000, 165109, 1, 0, 0
190000, 271048, 0, 0, 0
191000, 180202, 0, 0, 0
191000, 181280, 1, 0, 0
192000, 176679, 1, 0, 0
192000, 177890, 0, 0, 0
193000, 110813, 1, 0, 0
193000, 115511, 0, 0, 0
194000, 12881, 1, 0, 0
194000, 14470, 0, 0, 0
195000, 12826, 1, 0, 0
195000, 14398, 0, 0, 0
196000, 14517, 0, 0, 0
196000, 12926, 1, 0, 0
197000, 25778, 0, 0, 0
197000, 24013, 1, 0, 0
198000, 14313, 0, 0, 0
198000, 12700, 1, 0, 0
199000, 14472, 0, 0, 0
199000, 12831, 1, 0, 0
200000, 14417, 0, 0, 0
200000, 12735, 1, 0, 0
201000, 14417, 0, 0, 0
201000, 12780, 1, 0, 0
202000, 12862, 1, 0, 0
202000, 14538, 0, 0, 0
203000, 14335, 0, 0, 0
203000, 12690, 1, 0, 0
204000, 14477, 0, 0, 0
204000, 12797, 1, 0, 0
205000, 14331, 0, 0, 0
205000, 12705, 1, 0, 0
206000, 46740, 0, 0, 0
206000, 45418, 1, 0, 0
207000, 176953, 1, 0, 0
207000, 178932, 0, 0, 0
208000, 174793, 1, 0, 0
208000, 175155, 0, 0, 0
209000, 113273, 1, 0, 0
209000, 112910, 0, 0, 0
210000, 14386, 0, 0, 0
210000, 12755, 1, 0, 0
211000, 12914, 1, 0, 0
211000, 14604, 0, 0, 0
212000, 12830, 1, 0, 0
212000, 14419, 0, 0, 0
213000, 14328, 0, 0, 0
213000, 12731, 1, 0, 0
214000, 14409, 0, 0, 0
214000, 12787, 1, 0, 0
215000, 14328, 0, 0, 0
215000, 12734, 1, 0, 0
216000, 14489, 0, 0, 0
216000, 12872, 1, 0, 0
217000, 12747, 1, 0, 0
217000, 14328, 0, 0, 0
218000, 156012, 1, 0, 0
218000, 159074, 0, 0, 0
219000, 177778, 0, 0, 0
219000, 175992, 1, 0, 0
220000, 173021, 1, 0, 0
220000, 172371, 0, 0, 0
221000, 109123, 1, 0, 0
221000, 115128, 0, 0, 0
222000, 14358, 0, 0, 0
222000, 12759, 1, 0, 0
223000, 14406, 0, 0, 0
223000, 12749, 1, 0, 0
224000, 14512, 0, 0, 0
224000, 12898, 1, 0, 0
225000, 14424, 0, 0, 0
225000, 12821, 1, 0, 0
226000, 14388, 0, 0, 0
226000, 12705, 1, 0, 0
227000, 14520, 0, 0, 0
227000, 12908, 1, 0, 0
228000, 12816, 1, 0, 0
228000, 14514, 0, 0, 0
229000, 14725, 0, 0, 0
229000, 12985, 1, 0, 0
230000, 177141, 0, 0, 0
230000, 177946, 1, 0, 0
231000, 176018, 0, 0, 0
231001, 172441, 1, 0, 0
232000, 176532, 0, 0, 0
232000, 177382, 1, 0, 0
233000, 113002, 0, 0, 0
233000, 113683, 1, 0, 0
234000, 12773, 1, 0, 0
234000, 14372, 0, 0, 0
235000, 14284, 0, 0, 0
235000, 12647, 1, 0, 0
236000, 14330, 0, 0, 0
236000, 12738, 1, 0, 0
237000, 14307, 0, 0, 0
237000, 12721, 1, 0, 0
238000, 14386, 0, 0, 0
238000, 12719, 1, 0, 0
239000, 14499, 0, 0, 0
239000, 12905, 1, 0, 0
240000, 14550, 0, 0, 0
240000, 12921, 1, 0, 0
241000, 14575, 0, 0, 0
241000, 12843, 1, 0, 0
242000, 14360, 0, 0, 0
242000, 12790, 1, 0, 0
243000, 14541, 0, 0, 0
243000, 12904, 1, 0, 0
244000, 14590, 0, 0, 0
244000, 12898, 1, 0, 0
245000, 14314, 0, 0, 0
245000, 12695, 1, 0, 0
246000, 14538, 0, 0, 0
246000, 12828, 1, 0, 0
247000, 14343, 0, 0, 0
247000, 12674, 1, 0, 0
248000, 14319, 0, 0, 0
248000, 12654, 1, 0, 0
249000, 14370, 0, 0, 0
249000, 12719, 1, 0, 0
250000, 36051, 1, 0, 0
250000, 39024, 0, 0, 0
251000, 177049, 1, 0, 0
251000, 176967, 0, 0, 0
252000, 175143, 1, 0, 0
252000, 176216, 0, 0, 0
253000, 113681, 0, 0, 0
253000, 109820, 1, 0, 0
254000, 14235, 0, 0, 0
254000, 12678, 1, 0, 0
255000, 14318, 0, 0, 0
255000, 12659, 1, 0, 0
256000, 14265, 0, 0, 0
256000, 12672, 1, 0, 0
257000, 14433, 0, 0, 0
257000, 12847, 1, 0, 0
258000, 14503, 0, 0, 0
258000, 12902, 1, 0, 0
259000, 12902, 1, 0, 0
259000, 14472, 0, 0, 0
260000, 12811, 1, 0, 0
260000, 14472, 0, 0, 0
261000, 13227, 1, 0, 0
261000, 14868, 0, 0, 0
262000, 176843, 0, 0, 0
262000, 175519, 1, 0, 0
263000, 176369, 0, 0, 0
263000, 175130, 1, 0, 0
264000, 175397, 0, 0, 0
264000, 178305, 1, 0, 0
265000, 112874, 0, 0, 0
265000, 110414, 1, 0, 0
266000, 12863, 1, 0, 0
266000, 14477, 0, 0, 0
267000, 14409, 0, 0, 0
267000, 12707, 1, 0, 0
268000, 14327, 0, 0, 0
268000, 12717, 1, 0, 0
269000, 14260, 0, 0, 0
269000, 12678, 1, 0, 0
270000, 14539, 0, 0, 0
270000, 12889, 1, 0, 0
271000, 14258, 0, 0, 0
271000, 12653, 1, 0, 0
272000, 14288, 0, 0, 0
272000, 12644, 1, 0, 0
273000, 12981, 1, 0, 0
273000, 14703, 0, 0, 0
274000, 175972, 0, 0, 0
274000, 175063, 1, 0, 0
275000, 174012, 0, 0, 0
275001, 171483, 1, 0, 0
276000, 170912, 0, 0, 0
276000, 172113, 1, 0, 0
277000, 111193, 1, 0, 0
277000, 112986, 0, 0, 0
278000, 14452, 0, 0, 0
278000, 12862, 1, 0, 0
279000, 14414, 0, 0, 0
279000, 12755, 1, 0, 0
280000, 12653, 1, 0, 0
280000, 14243, 0, 0, 0
281000, 14451, 0, 0, 0
281000, 12869, 1, 0, 0
282000, 14495, 0, 0, 0
282000, 12873, 1, 0, 0
283000, 14386, 0, 0, 0
283000, 12840, 1, 0, 0
284000, 14426, 0, 0, 0
284000, 12779, 1, 0, 0
285000, 13472, 1, 0, 0
285000, 15237, 0, 0, 0
286000, 166998, 1, 0, 0
286000, 165906, 0, 0, 0
287000, 169615, 0, 0, 0
287000, 170585, 1, 0, 0
288000, 175627, 1, 0, 0
288000, 174637, 0, 0, 0
289000, 112786, 1, 0, 0
289000, 112009, 0, 0, 0
290000, 12870, 1, 0, 0
290000, 14501, 0, 0, 0
291000, 12750, 1, 0, 0
291000, 14443, 0, 0, 0
292000, 14485, 0, 0, 0
292000, 12827, 1, 0, 0
293000, 14508, 0, 0, 0
293000, 12887, 1, 0, 0
294000, 14579, 0, 0, 0
294000, 12921, 1, 0, 0
295000, 14431, 0, 0, 0
295000, 12779, 1, 0, 0
296000, 12686, 1, 0, 0
296000, 14388, 0, 0, 0
297000, 14721, 0, 0, 0
297000, 13124, 1, 0, 0
298000, 173266, 1, 0, 0
298000, 174361, 0, 0, 0
299000, 174879, 0, 0, 0
299001, 172696, 1, 0, 0
300000, 169162, 1, 0, 0
300000, 173802, 0, 0, 0
301000, 113287, 0, 0, 0
301000, 107253, 1, 0, 0
302000, 14360, 0, 0, 0
302000, 12766, 1, 0, 0
303000, 12766, 1, 0, 0
303000, 14404, 0, 0, 0
304000, 14427, 0, 0, 0
304000, 12864, 1, 0, 0
305000, 14317, 0, 0, 0
305000, 12732, 1, 0, 0
306000, 14425, 0, 0, 0
306000, 12820, 1, 0, 0
307000, 12740, 1, 0, 0
307000, 14325, 0, 0, 0
308000, 14523, 0, 0, 0
308000, 12883, 1, 0, 0
309000, 13355, 1, 0, 0
309000, 14895, 0, 0, 0
310000, 174936, 0, 0, 0
310000, 172649, 1, 0, 0
311000, 174919, 0, 0, 0
311000, 176322, 1, 0, 0
312000, 173763, 1, 0, 0
312000, 171745, 0, 0, 0
313000, 111590, 0, 0, 0
313000, 113547, 1, 0, 0
314000, 12869, 1, 0, 0
314000, 14437, 0, 0, 0
315000, 14454, 0, 0, 0
315000, 12832, 1, 0, 0
316000, 14338, 0, 0, 0
316000, 12760, 1, 0, 0
317000, 14362, 0, 0, 0
317000, 12783, 1, 0, 0
318000, 14358, 0, 0, 0
318000, 12693, 1, 0, 0
319000, 12873, 1, 0, 0
319000, 14422, 0, 0, 0
320000, 14518, 0, 0, 0
320000, 12875, 1, 0, 0
321000, 13317, 1, 0, 0
321000, 14945, 0, 0, 0
322000, 175875, 0, 0, 0
322000, 175039, 1, 0, 0
323000, 174007, 0, 0, 0
323000, 173265, 1, 0, 0
324000, 175809, 0, 0, 0
324000, 175093, 1, 0, 0
325000, 110827, 0, 0, 0
325000, 110453, 1, 0, 0
326000, 14424, 0, 0, 0
326000, 12824, 1, 0, 0
327000, 14299, 0, 0, 0
327000, 12685, 1, 0, 0
328000, 14347, 0, 0, 0
328000, 12776, 1, 0, 0
329000, 14452, 0, 0, 0
329000, 12852, 1, 0, 0
330000, 14474, 0, 0, 0
330000, 12862, 1, 0, 0
331000, 14405, 0, 0, 0
331000, 12829, 1, 0, 0
332000, 14410, 0, 0, 0
332000, 12795, 1, 0, 0
333000, 14860, 0, 0, 0
333000, 13110, 1, 0, 0
334000, 170980, 0, 0, 0
334000, 169625, 1, 0, 0
335000, 172582, 1, 0, 0
335000, 177038, 0, 0, 0
336000, 173702, 0, 0, 0
336001, 170857, 1, 0, 0
337000, 112900, 0, 0, 0
337000, 113310, 1, 0, 0
338000, 14500, 0, 0, 0
338000, 12921, 1, 0, 0
339000, 14460, 0, 0, 0
339000, 12818, 1, 0, 0
340000, 12798, 1, 0, 0
340000, 14397, 0, 0, 0
341000, 14249, 0, 0, 0
341000, 12657, 1, 0, 0
342000, 14493, 0, 0, 0
342000, 12846, 1, 0, 0
343000, 12893, 1, 0, 0
343000, 14455, 0, 0, 0
344000, 14527, 0, 0, 0
344000, 12896, 1, 0, 0
345000, 14702, 0, 0, 0
345000, 13084, 1, 0, 0
346000, 173346, 0, 0, 0
346000, 171947, 1, 0, 0
347000, 177089, 0, 0, 0
347000, 174015, 1, 0, 0
348000, 176415, 0, 0, 0
348001, 175796, 1, 0, 0
349000, 112520, 0, 0, 0
349000, 111360, 1, 0, 0
350000, 14459, 0, 0, 0
350000, 12820, 1, 0, 0
351000, 14424, 0, 0, 0
351000, 12693, 1, 0, 0
352000, 14406, 0, 0, 0
352000, 12770, 1, 0, 0
353000, 14497, 0, 0, 0
353000, 12871, 1, 0, 0
354000, 14499, 0, 0, 0
354000, 12842, 1, 0, 0
355000, 12773, 1, 0, 0
355000, 14398, 0, 0, 0
356000, 14569, 0, 0, 0
356000, 12873, 1, 0, 0
357000, 13146, 1, 0, 0
357000, 14857, 0, 0, 0
358000, 175921, 0, 0, 0
358000, 174628, 1, 0, 0
359000, 177923, 0, 0, 0
359001, 177988, 1, 0, 0
360000, 176139, 1, 0, 0
360000, 176531, 0, 0, 0
361000, 112376, 0, 0, 0
361000, 111918, 1, 0, 0
362000, 14390, 0, 0, 0
362000, 12810, 1, 0, 0
363000, 14478, 0, 0, 0
363000, 12771, 1, 0, 0
364000, 14558, 0, 0, 0
364000, 12891, 1, 0, 0
365000, 12721, 1, 0, 0
365000, 14372, 0, 0, 0
366000, 14509, 0, 0, 0
366000, 12858, 1, 0, 0
367000, 14513, 0, 0, 0
367000, 12906, 1, 0, 0
368000, 14599, 0, 0, 0
368000, 12905, 1, 0, 0
369000, 14628, 0, 0, 0
369000, 12934, 1, 0, 0
370000, 174572, 0, 0, 0
370000, 171968, 1, 0, 0
371000, 174818, 1, 0, 0
371000, 175751, 0, 0, 0
372000, 167840, 0, 0, 0
372000, 167727, 1, 0, 0
373000, 112250, 1, 0, 0
373000, 112986, 0, 0, 0
374000, 14521, 0, 0, 0
374000, 12887, 1, 0, 0
375000, 12822, 1, 0, 0
375000, 14490, 0, 0, 0
376000, 14457, 0, 0, 0
376000, 12849, 1, 0, 0
377000, 14486, 0, 0, 0
377000, 12883, 1, 0, 0
378000, 12904, 1, 0, 0
378000, 14533, 0, 0, 0
379000, 14440, 0, 0, 0
379000, 12853, 1, 0, 0
380000, 14437, 0, 0, 0
380000, 12846, 1, 0, 0
381004, 14562, 0, 0, 0
381004, 12872, 1, 0, 0
382000, 175504, 0, 0, 0
382000, 173119, 1, 0, 0
383000, 177105, 1, 0, 0
383000, 176878, 0, 0, 0
384000, 173779, 0, 0, 0
384000, 173625, 1, 0, 0
385000, 109284, 1, 0, 0
385000, 109773, 0, 0, 0
386000, 14364, 0, 0, 0
386000, 12781, 1, 0, 0
387000, 14468, 0, 0, 0
387000, 12840, 1, 0, 0
388000, 14497, 0, 0, 0
388000, 12900, 1, 0, 0
389000, 12725, 1, 0, 0
389000, 14325, 0, 0, 0
390000, 14428, 0, 0, 0
390000, 12804, 1, 0, 0
391000, 14440, 0, 0, 0
391000, 12868, 1, 0, 0
392000, 12904, 1, 0, 0
392000, 14523, 0, 0, 0
393000, 14571, 0, 0, 0
393000, 12831, 1, 0, 0
394000, 14475, 0, 0, 0
394000, 12890, 1, 0, 0
395000, 14347, 0, 0, 0
395000, 12702, 1, 0, 0
396000, 14425, 0, 0, 0
396000, 12825, 1, 0, 0
397000, 12670, 1, 0, 0
397000, 14306, 0, 0, 0
398000, 14389, 0, 0, 0
398000, 12727, 1, 0, 0
399000, 12926, 1, 0, 0
399000, 14499, 0, 0, 0
400000, 14545, 0, 0, 0
400000, 12901, 1, 0, 0
401000, 14460, 0, 0, 0
401000, 12874, 1, 0, 0
402000, 40134, 0, 0, 0
402000, 37282, 1, 0, 0
403000, 178689, 0, 0, 0
403000, 175993, 1, 0, 0
404000, 174352, 1, 0, 0
404000, 175223, 0, 0, 0
405000, 112480, 0, 0, 0
405000, 109856, 1, 0, 0
406002, 127372, 0, 0, 0
406003, 25514, 1, 0, 0
407000, 2515442, 0, 0, 0
407000, 275724, 1, 0, 0
408003, 2540859, 0, 0, 0
408009, 271221, 1, 0, 0
409001, 2611979, 0, 0, 0
409001, 262022, 1, 0, 0
410000, 249003, 1, 0, 0
410004, 2439921, 0, 0, 0
411002, 2534045, 0, 0, 0
411003, 253253, 1, 0, 0
412003, 2612747, 0, 0, 0
412009, 274549, 1, 0, 0
413001, 2607776, 0, 0, 0
413007, 276334, 1, 0, 0
414002, 2561172, 0, 0, 0
414008, 264063, 1, 0, 0
415001, 2594994, 0, 0, 0
415001, 268624, 1, 0, 0
416004, 2671722, 0, 0, 0
416004, 279138, 1, 0, 0
417002, 2580049, 0, 0, 0
417003, 292290, 1, 0, 0
418000, 2647966, 0, 0, 0
418000, 272478, 1, 0, 0
419000, 2663360, 0, 0, 0
419001, 271771, 1, 0, 0
420003, 2523297, 0, 0, 0
420014, 264965, 1, 0, 0
421002, 2546934, 0, 0, 0
421003, 267791, 1, 0, 0
422001, 2588671, 0, 0, 0
422001, 264100, 1, 0, 0
423000, 2699506, 0, 0, 0
423000, 282771, 1, 0, 0
424002, 2606608, 0, 0, 0
424018, 271519, 1, 0, 0
425001, 2643149, 0, 0, 0
425007, 277681, 1, 0, 0
426004, 2483486, 0, 0, 0
426005, 276308, 1, 0, 0
427004, 2570826, 0, 0, 0
427004, 286145, 1, 0, 0
428003, 2528602, 0, 0, 0
428004, 286739, 1, 0, 0
429002, 2502854, 0, 0, 0
429013, 263363, 1, 0, 0
430001, 2604368, 0, 0, 0
430002, 291053, 1, 0, 0
431000, 2654515, 0, 0, 0
431000, 293557, 1, 0, 0
432001, 2664472, 0, 0, 0
432001, 279781, 1, 0, 0
433000, 2546845, 0, 0, 0
433001, 259835, 1, 0, 0
434003, 2398438, 0, 0, 0
434003, 256368, 1, 0, 0
435000, 2615760, 0, 0, 0
435005, 285775, 1, 0, 0
436001, 2546217, 0, 0, 0
436001, 264104, 1, 0, 0
437001, 2422748, 0, 0, 0
437001, 277937, 1, 0, 0
438004, 2578587, 0, 0, 0
438009, 280193, 1, 0, 0
439000, 2569740, 0, 0, 0
439000, 290498, 1, 0, 0
440000, 2564331, 0, 0, 0
440007, 277744, 1, 0, 0
441003, 2567234, 0, 0, 0
441034, 272854, 1, 0, 0
442003, 2513676, 0, 0, 0
442018, 267533, 1, 0, 0
443003, 2546538, 0, 0, 0
443009, 276015, 1, 0, 0
444003, 2578042, 0, 0, 0
444003, 278795, 1, 0, 0
445000, 2521213, 0, 0, 0
445006, 275949, 1, 0, 0
446000, 2514633, 0, 0, 0
446016, 278562, 1, 0, 0
447001, 2623635, 0, 0, 0
447002, 292071, 1, 0, 0
448001, 2569335, 0, 0, 0
448002, 270065, 1, 0, 0
449000, 279023, 1, 0, 0
449004, 2632215, 0, 0, 0
450004, 2546215, 0, 0, 0
450004, 279266, 1, 0, 0
451000, 2514580, 0, 0, 0
451000, 267877, 1, 0, 0
452001, 2546169, 0, 0, 0
452001, 279832, 1, 0, 0
453001, 2561866, 0, 0, 0
453022, 260384, 1, 0, 0
454004, 2650370, 0, 0, 0
454010, 293614, 1, 0, 0
455004, 2607249, 0, 0, 0
455005, 293238, 1, 0, 0
456001, 2594696, 0, 0, 0
456001, 282033, 1, 0, 0
457001, 2645528, 0, 0, 0
457017, 267182, 1, 0, 0
458003, 2609418, 0, 0, 0
458014, 292804, 1, 0, 0
459003, 2541280, 0, 0, 0
459004, 275490, 1, 0, 0
460000, 2591554, 0, 0, 0
460006, 270713, 1, 0, 0
461000, 2550349, 0, 0, 0
461006, 274675, 1, 0, 0
462000, 449747, 0, 0, 0
462000, 175771, 1, 0, 0
463000, 173220, 0, 0, 0
463001, 171997, 1, 0, 0
464000, 173548, 0, 0, 0
464000, 171027, 1, 0, 0
465000, 108495, 0, 0, 0
465000, 107605, 1, 0, 0
466000, 12781, 1, 0, 0
466000, 14380, 0, 0, 0
467000, 12925, 1, 0, 0
467000, 14540, 0, 0, 0
468000, 14445, 0, 0, 0
468000, 12832, 1, 0, 0
469000, 12791, 1, 0, 0
469000, 14435, 0, 0, 0
470000, 14467, 0, 0, 0
470000, 12890, 1, 0, 0
471000, 14431, 0, 0, 0
471000, 12795, 1, 0, 0
472000, 14471, 0, 0, 0
472000, 12909, 1, 0, 0
473000, 60821, 0, 0, 0
473000, 60790, 1, 0, 0
474000, 12919, 1, 0, 0
474000, 14480, 0, 0, 0
475000, 14384, 0, 0, 0
475000, 12791, 1, 0, 0
476000, 14432, 0, 0, 0
476000, 12808, 1, 0, 0
477000, 14321, 0, 0, 0
477000, 12713, 1, 0, 0
478000, 12879, 1, 0, 0
478000, 14523, 0, 0, 0
479000, 14298, 0, 0, 0
479000, 12712, 1, 0, 0
480000, 12876, 1, 0, 0
480000, 14471, 0, 0, 0
481000, 14395, 0, 0, 0
481000, 12803, 1, 0, 0
482000, 50155, 1, 0, 0
482000, 50469, 0, 0, 0
483000, 172750, 1, 0, 0
483000, 174819, 0, 0, 0
484000, 176603, 0, 0, 0
484002, 177156, 1, 0, 0
485000, 109395, 0, 0, 0
485000, 109240, 1, 0, 0
486000, 14354, 0, 0, 0
486000, 12773, 1, 0, 0
487000, 14527, 0, 0, 0
487000, 12916, 1, 0, 0
488000, 14501, 0, 0, 0
488000, 12899, 1, 0, 0
489000, 12653, 1, 0, 0
489000, 14339, 0, 0, 0
490000, 12727, 1, 0, 0
490000, 14478, 0, 0, 0
491000, 14370, 0, 0, 0
491000, 12734, 1, 0, 0
492000, 14396, 0, 0, 0
492000, 12700, 1, 0, 0
493000, 13188, 1, 0, 0
493000, 14909, 0, 0, 0
494000, 176246, 1, 0, 0
494000, 176960, 0, 0, 0
495000, 176317, 0, 0, 0
495001, 176875, 1, 0, 0
496000, 173493, 1, 0, 0
496000, 175770, 0, 0, 0
497000, 112431, 0, 0, 0
497000, 110857, 1, 0, 0
498000, 14495, 0, 0, 0
498000, 12823, 1, 0, 0
499000, 14456, 0, 0, 0
499000, 12770, 1, 0, 0
500000, 14398, 0, 0, 0
500000, 12745, 1, 0, 0
501000, 14325, 0, 0, 0
501000, 12695, 1, 0, 0
502000, 14470, 0, 0, 0
502000, 12789, 1, 0, 0
503000, 14395, 0, 0, 0
503000, 12738, 1, 0, 0
504000, 14509, 0, 0, 0
504000, 12824, 1, 0, 0
505000, 13313, 1, 0, 0
505000, 15033, 0, 0, 0
506000, 176548, 0, 0, 0
506000, 176334, 1, 0, 0
507000, 175358, 0, 0, 0
507000, 175225, 1, 0, 0
508000, 176719, 0, 0, 0
508000, 176776, 1, 0, 0
509000, 111608, 1, 0, 0
509000, 111050, 0, 0, 0
510000, 12712, 1, 0, 0
510000, 14305, 0, 0, 0
511000, 14364, 0, 0, 0
511000, 12701, 1, 0, 0
512000, 12752, 1, 0, 0
512000, 14362, 0, 0, 0
513000, 14384, 0, 0, 0
513000, 12765, 1, 0, 0
514000, 14517, 0, 0, 0
514000, 12841, 1, 0, 0
515000, 12704, 1, 0, 0
515000, 14315, 0, 0, 0
516000, 14420, 0, 0, 0
516000, 12782, 1, 0, 0
517000, 13422, 1, 0, 0
517000, 15175, 0, 0, 0
518000, 173289, 0, 0, 0
518000, 171544, 1, 0, 0
519000, 171248, 0, 0, 0
519000, 172067, 1, 0, 0
520000, 177732, 0, 0, 0
520001, 175845, 1, 0, 0
521000, 110514, 0, 0, 0
521000, 110433, 1, 0, 0
522000, 14309, 0, 0, 0
522000, 12720, 1, 0, 0
523000, 14352, 0, 0, 0
523000, 12688, 1, 0, 0
524000, 14350, 0, 0, 0
524000, 12776, 1, 0, 0
525003, 14763, 0, 0, 0
525003, 12745, 1, 0, 0
526000, 2527088, 0, 0, 0
526010, 263898, 1, 0, 0
527004, 2534158, 0, 0, 0
527014, 284470, 1, 0, 0
528004, 2562635, 0, 0, 0
528004, 245228, 1, 0, 0
529003, 2546173, 0, 0, 0
529004, 289664, 1, 0, 0
530000, 2567700, 0, 0, 0
530000, 263957, 1, 0, 0
531004, 2451824, 0, 0, 0
531009, 245883, 1, 0, 0
532000, 2587704, 0, 0, 0
532005, 274903, 1, 0, 0
533003, 2440120, 0, 0, 0
533003, 238706, 1, 0, 0
534003, 2414344, 0, 0, 0
534003, 237477, 1, 0, 0
535002, 2439691, 0, 0, 0
535007, 253103, 1, 0, 0
536000, 2707089, 0, 0, 0
536000, 280891, 1, 0, 0
537004, 2668370, 0, 0, 0
537004, 271939, 1, 0, 0
538002, 2683744, 0, 0, 0
538008, 279455, 1, 0, 0
539000, 2666144, 0, 0, 0
539004, 298494, 1, 0, 0
540003, 2534151, 0, 0, 0
540009, 270918, 1, 0, 0
541000, 2648537, 0, 0, 0
541000, 280133, 1, 0, 0
542003, 2511072, 0, 0, 0
542004, 291447, 1, 0, 0
543001, 2609575, 0, 0, 0
543006, 277787, 1, 0, 0
544000, 2591717, 0, 0, 0
544000, 282060, 1, 0, 0
545001, 2558235, 0, 0, 0
545002, 283052, 1, 0, 0
546000, 2577291, 0, 0, 0
546001, 284882, 1, 0, 0
547001, 2700151, 0, 0, 0
547006, 284786, 1, 0, 0
548000, 2630623, 0, 0, 0
548026, 277100, 1, 0, 0
549002, 2594889, 0, 0, 0
549003, 282156, 1, 0, 0
550001, 2503813, 0, 0, 0
550002, 251799, 1, 0, 0
551001, 2572589, 0, 0, 0
551007, 270767, 1, 0, 0
552002, 2511204, 0, 0, 0
552007, 274518, 1, 0, 0
553002, 2523111, 0, 0, 0
553003, 277054, 1, 0, 0
554001, 2380608, 0, 0, 0
554006, 262912, 1, 0, 0
555003, 2599396, 0, 0, 0
555003, 273119, 1, 0, 0
556000, 2477409, 0, 0, 0
556010, 261010, 1, 0, 0
557001, 2594064, 0, 0, 0
557011, 269834, 1, 0, 0
558003, 2403196, 0, 0, 0
558004, 240823, 1, 0, 0
559004, 2439569, 0, 0, 0
559004, 270964, 1, 0, 0
560000, 2541419, 0, 0, 0
560001, 258814, 1, 0, 0
561002, 2603158, 0, 0, 0
561007, 262685, 1, 0, 0
562002, 2541229, 0, 0, 0
562008, 281098, 1, 0, 0
563002, 2572409, 0, 0, 0
563023, 283686, 1, 0, 0
564003, 2637142, 0, 0, 0
564003, 272971, 1, 0, 0
565001, 2601802, 0, 0, 0
565006, 280284, 1, 0, 0
566002, 2622268, 0, 0, 0
566002, 280952, 1, 0, 0
567002, 2589082, 0, 0, 0
567002, 266992, 1, 0, 0
568002, 2569002, 0, 0, 0
568003, 282997, 1, 0, 0
569000, 2439922, 0, 0, 0
569010, 265106, 1, 0, 0
570000, 2554927, 0, 0, 0
570001, 265292, 1, 0, 0
571000, 286745, 1, 0, 0
571004, 2681137, 0, 0, 0
572000, 2567163, 0, 0, 0
572005, 267819, 1, 0, 0
573003, 2474706, 0, 0, 0
573009, 258431, 1, 0, 0
574004, 2525826, 0, 0, 0
574009, 262770, 1, 0, 0
575000, 2686010, 0, 0, 0
575020, 261347, 1, 0, 0
576002, 2498887, 0, 0, 0
576002, 269577, 1, 0, 0
577003, 2593038, 0, 0, 0
577004, 268126, 1, 0, 0
578000, 2567395, 0, 0, 0
578000, 267534, 1, 0, 0
579001, 2573724, 0, 0, 0
579001, 290477, 1, 0, 0
580001, 2494400, 0, 0, 0
580001, 240130, 1, 0, 0
581002, 2302774, 0, 0, 0
581007, 220408, 1, 0, 0
582000, 456416, 0, 0, 0
582000, 158675, 1, 0, 0
583000, 179756, 0, 0, 0
583000, 177973, 1, 0, 0
584000, 175239, 1, 0, 0
584000, 177376, 0, 0, 0
585000, 111286, 0, 0, 0
585000, 109906, 1, 0, 0
586000, 14343, 0, 0, 0
586000, 12724, 1, 0, 0
587000, 14377, 0, 0, 0
587000, 12729, 1, 0, 0
588000, 14380, 0, 0, 0
588000, 12786, 1, 0, 0
589000, 14435, 0, 0, 0
589000, 12708, 1, 0, 0
590000, 12773, 1, 0, 0
590000, 14375, 0, 0, 0
591000, 14345, 0, 0, 0
591000, 12696, 1, 0, 0
592000, 14386, 0, 0, 0
592000, 12770, 1, 0, 0
593000, 14497, 0, 0, 0
593000, 12850, 1, 0, 0
594000, 14397, 0, 0, 0
594000, 12804, 1, 0, 0
595000, 14370, 0, 0, 0
595000, 12743, 1, 0, 0
596000, 14467, 0, 0, 0
596000, 12800, 1, 0, 0
597000, 24870, 0, 0, 0
597000, 22239, 1, 0, 0
598000, 12789, 1, 0, 0
598000, 14376, 0, 0, 0
599000, 14314, 0, 0, 0
599000, 12693, 1, 0, 0
600000, 14420, 0, 0, 0
600000, 12745, 1, 0, 0
601000, 14252, 0, 0, 0
601000, 12662, 1, 0, 0
602000, 12748, 1, 0, 0
602000, 14427, 0, 0, 0
603000, 14346, 0, 0, 0
603000, 12748, 1, 0, 0
604000, 14455, 0, 0, 0
604000, 12786, 1, 0, 0
605000, 12729, 1, 0, 0
605000, 14336, 0, 0, 0
606000, 51032, 0, 0, 0
606000, 46959, 1, 0, 0
607000, 179116, 0, 0, 0
607000, 178129, 1, 0, 0
608000, 177314, 0, 0, 0
608000, 175255, 1, 0, 0
609000, 109198, 1, 0, 0
609000, 110288, 0, 0, 0
610000, 14369, 0, 0, 0
610000, 12739, 1, 0, 0
611000, 14501, 0, 0, 0
611000, 12774, 1, 0, 0
612000, 14394, 0, 0, 0
612000, 12715, 1, 0, 0
613000, 14415, 0, 0, 0
613000, 12767, 1, 0, 0
614000, 14406, 0, 0, 0
614000, 12724, 1, 0, 0
615000, 12845, 1, 0, 0
615000, 14478, 0, 0, 0
616000, 14498, 0, 0, 0
616000, 12804, 1, 0, 0
617000, 12750, 1, 0, 0
617000, 14392, 0, 0, 0
618000, 169218, 1, 0, 0
618000, 169298, 0, 0, 0
619000, 177872, 1, 0, 0
619000, 178146, 0, 0, 0
620000, 173246, 1, 0, 0
620000, 177493, 0, 0, 0
621000, 110444, 0, 0, 0
621000, 112334, 1, 0, 0
622000, 14452, 0, 0, 0
622000, 12793, 1, 0, 0
623000, 14518, 0, 0, 0
623000, 12857, 1, 0, 0
624000, 12785, 1, 0, 0
624000, 14404, 0, 0, 0
625000, 14441, 0, 0, 0
625000, 12784, 1, 0, 0
626000, 14475, 0, 0, 0
626000, 12766, 1, 0, 0
627000, 14394, 0, 0, 0
627000, 12734, 1, 0, 0
628000, 14595, 0, 0, 0
628000, 12849, 1, 0, 0
629000, 14565, 0, 0, 0
629000, 12820, 1, 0, 0
630000, 179024, 0, 0, 0
630001, 175220, 1, 0, 0
631000, 176553, 1, 0, 0
631000, 177503, 0, 0, 0
632000, 178425, 0, 0, 0
632000, 176350, 1, 0, 0
633000, 111733, 0, 0, 0
633000, 109191, 1, 0, 0
634000, 12757, 1, 0, 0
634000, 14392, 0, 0, 0
635000, 14430, 0, 0, 0
635000, 12720, 1, 0, 0
636000, 14392, 0, 0, 0
636000, 12719, 1, 0, 0
637000, 14419, 0, 0, 0
637000, 12806, 1, 0, 0
638000, 14480, 0, 0, 0
638000, 12842, 1, 0, 0
639000, 14394, 0, 0, 0
639000, 12785, 1, 0, 0
640000, 14472, 0, 0, 0
640000, 12830, 1, 0, 0
641000, 13012, 1, 0, 0
641000, 14782, 0, 0, 0
642000, 178166, 0, 0, 0
642000, 179229, 1, 0, 0
643000, 179273, 0, 0, 0
643000, 177179, 1, 0, 0
644000, 177415, 0, 0, 0
644000, 174612, 1, 0, 0
645000, 112630, 0, 0, 0
645000, 106046, 1, 0, 0
646000, 12765, 1, 0, 0
646000, 14371, 0, 0, 0
647000, 14555, 0, 0, 0
647000, 12876, 1, 0, 0
648000, 14404, 0, 0, 0
648000, 12804, 1, 0, 0
649000, 14338, 0, 0, 0
649000, 12722, 1, 0, 0
650000, 14406, 0, 0, 0
650000, 12748, 1, 0, 0
651000, 14369, 0, 0, 0
651000, 12794, 1, 0, 0
652000, 14411, 0, 0, 0
652000, 12756, 1, 0, 0
653000, 14764, 0, 0, 0
653000, 12951, 1, 0, 0
654000, 176692, 0, 0, 0
654000, 177473, 1, 0, 0
655000, 177218, 0, 0, 0
655000, 176847, 1, 0, 0
656000, 178928, 1, 0, 0
656000, 177403, 0, 0, 0
657000, 111115, 0, 0, 0
657000, 109391, 1, 0, 0
658000, 14376, 0, 0, 0
658000, 12773, 1, 0, 0
659000, 14391, 0, 0, 0
659000, 12714, 1, 0, 0
660000, 14290, 0, 0, 0
660000, 12694, 1, 0, 0
661000, 14439, 0, 0, 0
661000, 12793, 1, 0, 0
662000, 14460, 0, 0, 0
662000, 12801, 1, 0, 0
663000, 14423, 0, 0, 0
663000, 12803, 1, 0, 0
664000, 14388, 0, 0, 0
664000, 12756, 1, 0, 0
665000, 14759, 0, 0, 0
665000, 13025, 1, 0, 0
666000, 178086, 0, 0, 0
666001, 178066, 1, 0, 0
667000, 178542, 1, 0, 0
667000, 178020, 0, 0, 0
668000, 177490, 0, 0, 0
668000, 177726, 1, 0, 0
669000, 111886, 0, 0, 0
669000, 109804, 1, 0, 0
670000, 14402, 0, 0, 0
670000, 12742, 1, 0, 0
671000, 14475, 0, 0, 0
671000, 12802, 1, 0, 0
672000, 14485, 0, 0, 0
672000, 12888, 1, 0, 0
673000, 14336, 0, 0, 0
673000, 12747, 1, 0, 0
674000, 12864, 1, 0, 0
674000, 14552, 0, 0, 0
675000, 14445, 0, 0, 0
675000, 12864, 1, 0, 0
676000, 14530, 0, 0, 0
676000, 12872, 1, 0, 0
677000, 14775, 0, 0, 0
677000, 13064, 1, 0, 0
678000, 177105, 1, 0, 0
678000, 178434, 0, 0, 0
679000, 178670, 1, 0, 0
679000, 179746, 0, 0, 0
680000, 178709, 0, 0, 0
680000, 174710, 1, 0, 0
681000, 110548, 0, 0, 0
681000, 108830, 1, 0, 0
682000, 14329, 0, 0, 0
682000, 12731, 1, 0, 0
683000, 12843, 1, 0, 0
683000, 14494, 0, 0, 0
684000, 12745, 1, 0, 0
684000, 14345, 0, 0, 0
685000, 12885, 1, 0, 0
685000, 14482, 0, 0, 0
686000, 12714, 1, 0, 0
686000, 14366, 0, 0, 0
687000, 12870, 1, 0, 0
687000, 14459, 0, 0, 0
688000, 12713, 1, 0, 0
688000, 14360, 0, 0, 0
689000, 14793, 0, 0, 0
689000, 13028, 1, 0, 0
690000, 176805, 0, 0, 0
690000, 175907, 1, 0, 0
691000, 178798, 0, 0, 0
691000, 177868, 1, 0, 0
692000, 176753, 0, 0, 0
692001, 175526, 1, 0, 0
693000, 110873, 0, 0, 0
693000, 107928, 1, 0, 0
694000, 14365, 0, 0, 0
694000, 12753, 1, 0, 0
695000, 14535, 0, 0, 0
695000, 12886, 1, 0, 0
696000, 12883, 1, 0, 0
696000, 14479, 0, 0, 0
697000, 14292, 0, 0, 0
697000, 12685, 1, 0, 0
698000, 14464, 0, 0, 0
698000, 12770, 1, 0, 0
699000, 14330, 0, 0, 0
699000, 12709, 1, 0, 0
700000, 14390, 0, 0, 0
700000, 12737, 1, 0, 0
701000, 14549, 0, 0, 0
701000, 12951, 1, 0, 0
702000, 12653, 1, 0, 0
702000, 14262, 0, 0, 0
703000, 14374, 0, 0, 0
703000, 12745, 1, 0, 0
704000, 14540, 0, 0, 0
704000, 12872, 1, 0, 0
705000, 12765, 1, 0, 0
705000, 14370, 0, 0, 0
706000, 14426, 0, 0, 0
706000, 12770, 1, 0, 0
707000, 14350, 0, 0, 0
707000, 12758, 1, 0, 0
708000, 12730, 1, 0, 0
708000, 14404, 0, 0, 0
709000, 12700, 1, 0, 0
709000, 14315, 0, 0, 0
710000, 48608, 0, 0, 0
710000, 46485, 1, 0, 0
711000, 180923, 0, 0, 0
711000, 177717, 1, 0, 0
712000, 177051, 0, 0, 0
712000, 176476, 1, 0, 0
713000, 109317, 0, 0, 0
713000, 108444, 1, 0, 0
714000, 14306, 0, 0, 0
714000, 12695, 1, 0, 0
715000, 12761, 1, 0, 0
715000, 14418, 0, 0, 0
716000, 14299, 0, 0, 0
716000, 12713, 1, 0, 0
717000, 14431, 0, 0, 0
717000, 12829, 1, 0, 0
718000, 12672, 1, 0, 0
718000, 14325, 0, 0, 0
719000, 12783, 1, 0, 0
719000, 14407, 0, 0, 0
720000, 14368, 0, 0, 0
720000, 12710, 1, 0, 0
721000, 14895, 0, 0, 0
721000, 13234, 1, 0, 0
722000, 175381, 1, 0, 0
722000, 176830, 0, 0, 0
723000, 179588, 0, 0, 0
723000, 178340, 1, 0, 0
724000, 178591, 0, 0, 0
724000, 176346, 1, 0, 0
725000, 108276, 1, 0, 0
725000, 109560, 0, 0, 0
726000, 12729, 1, 0, 0
726000, 14333, 0, 0, 0
727000, 14394, 0, 0, 0
727000, 12726, 1, 0, 0
728000, 14380, 0, 0, 0
728000, 12774, 1, 0, 0
729000, 14360, 0, 0, 0
729000, 12751, 1, 0, 0
730000, 12872, 1, 0, 0
730000, 14503, 0, 0, 0
731000, 14326, 0, 0, 0
731000, 12717, 1, 0, 0
732000, 14478, 0, 0, 0
732000, 12834, 1, 0, 0
733000, 15002, 0, 0, 0
733001, 13238, 1, 0, 0
734000, 177867, 0, 0, 0
734001, 176835, 1, 0, 0
735000, 179195, 1, 0, 0
735000, 179505, 0, 0, 0
736000, 176897, 1, 0, 0
736000, 176619, 0, 0, 0
737000, 105972, 1, 0, 0
737000, 110267, 0, 0, 0
738000, 12709, 1, 0, 0
738000, 14316, 0, 0, 0
739000, 14434, 0, 0, 0
739000, 12764, 1, 0, 0
740000, 12834, 1, 0, 0
740000, 14439, 0, 0, 0
741000, 14495, 0, 0, 0
741000, 12889, 1, 0, 0
742000, 14547, 0, 0, 0
742000, 12880, 1, 0, 0
743000, 14324, 0, 0, 0
743000, 12745, 1, 0, 0
744000, 12753, 1, 0, 0
744000, 14410, 0, 0, 0
745000, 15149, 0, 0, 0
745000, 13411, 1, 0, 0
746000, 175031, 1, 0, 0
746000, 175713, 0, 0, 0
747000, 177527, 0, 0, 0
747000, 178084, 1, 0, 0
748000, 179052, 1, 0, 0
748000, 179007, 0, 0, 0
749000, 108863, 0, 0, 0
749000, 109091, 1, 0, 0
750000, 14342, 0, 0, 0
750000, 12718, 1, 0, 0
751000, 14354, 0, 0, 0
751000, 12706, 1, 0, 0
752000, 14380, 0, 0, 0
752000, 12755, 1, 0, 0
753000, 14373, 0, 0, 0
753000, 12783, 1, 0, 0
754000, 14543, 0, 0, 0
754000, 12879, 1, 0, 0
755000, 12835, 1, 0, 0
755000, 14437, 0, 0, 0
756000, 12789, 1, 0, 0
756000, 14446, 0, 0, 0
757000, 14935, 0, 0, 0
757001, 13275, 1, 0, 0
758000, 178385, 0, 0, 0
758000, 180449, 1, 0, 0
759000, 177613, 0, 0, 0
759000, 178169, 1, 0, 0
760000, 178433, 0, 0, 0
760000, 177689, 1, 0, 0
761000, 107537, 0, 0, 0
761000, 108935, 1, 0, 0
762000, 14403, 0, 0, 0
762000, 12777, 1, 0, 0
763000, 12788, 1, 0, 0
763000, 14446, 0, 0, 0
764000, 12835, 1, 0, 0
764000, 14449, 0, 0, 0
765000, 14395, 0, 0, 0
765000, 12717, 1, 0, 0
766000, 12855, 1, 0, 0
766000, 14534, 0, 0, 0
767000, 14463, 0, 0, 0
767000, 12863, 1, 0, 0
768000, 12895, 1, 0, 0
768000, 14517, 0, 0, 0
769000, 14390, 0, 0, 0
769000, 12747, 1, 0, 0
770000, 153118, 0, 0, 0
770000, 147677, 1, 0, 0
771000, 176928, 0, 0, 0
771000, 174836, 1, 0, 0
772000, 178740, 0, 0, 0
772000, 178483, 1, 0, 0
773000, 109413, 0, 0, 0
773000, 107216, 1, 0, 0
774000, 14529, 0, 0, 0
774000, 12896, 1, 0, 0
775000, 12662, 1, 0, 0
775000, 14367, 0, 0, 0
776000, 14389, 0, 0, 0
776000, 12773, 1, 0, 0
777000, 12737, 1, 0, 0
777000, 14368, 0, 0, 0
778000, 14536, 0, 0, 0
778000, 12866, 1, 0, 0
779000, 12689, 1, 0, 0
779000, 14298, 0, 0, 0
780000, 14466, 0, 0, 0
780000, 12816, 1, 0, 0
781000, 12855, 1, 0, 0
781000, 14553, 0, 0, 0
782000, 178667, 1, 0, 0
782000, 179113, 0, 0, 0
783000, 178581, 0, 0, 0
783000, 175759, 1, 0, 0
784000, 180186, 0, 0, 0
784000, 178812, 1, 0, 0
785000, 108732, 0, 0, 0
785000, 107927, 1, 0, 0
786000, 14345, 0, 0, 0
786000, 12691, 1, 0, 0
787000, 38933, 0, 0, 0
787006, 15056, 1, 0, 0
788004, 2581075, 0, 0, 0
788009, 275567, 1, 0, 0
789003, 2489971, 0, 0, 0
789004, 264625, 1, 0, 0
790001, 2497036, 0, 0, 0
790001, 286829, 1, 0, 0
791001, 2696341, 0, 0, 0
791007, 285889, 1, 0, 0
792000, 2693961, 0, 0, 0
792000, 289027, 1, 0, 0
793000, 2533828, 0, 0, 0
793020, 282824, 1, 0, 0
794003, 2595900, 0, 0, 0
794003, 276867, 1, 0, 0
795001, 2582995, 0, 0, 0
795001, 278970, 1, 0, 0
796000, 2687543, 0, 0, 0
796001, 288180, 1, 0, 0
797004, 2636344, 0, 0, 0
797014, 273329, 1, 0, 0
798004, 2601901, 0, 0, 0
798004, 287326, 1, 0, 0
799002, 2607665, 0, 0, 0
799002, 260671, 1, 0, 0
800002, 2620492, 0, 0, 0
800008, 282177, 1, 0, 0
801001, 2476179, 0, 0, 0
801001, 250137, 1, 0, 0
802001, 2595814, 0, 0, 0
802017, 291235, 1, 0, 0
803003, 2568902, 0, 0, 0
803014, 295039, 1, 0, 0
804004, 2552724, 0, 0, 0
804004, 271060, 1, 0, 0
805002, 2405629, 0, 0, 0
805002, 247141, 1, 0, 0
806000, 2568753, 0, 0, 0
806014, 299484, 1, 0, 0
807004, 2667032, 0, 0, 0
807009, 289151, 1, 0, 0
808002, 2605838, 0, 0, 0
808003, 260788, 1, 0, 0
809002, 2556814, 0, 0, 0
809012, 275796, 1, 0, 0
810001, 2657242, 0, 0, 0
810001, 281258, 1, 0, 0
811000, 2613948, 0, 0, 0
811010, 284615, 1, 0, 0
812003, 2592781, 0, 0, 0
812004, 277252, 1, 0, 0
813002, 2461943, 0, 0, 0
813007, 270302, 1, 0, 0
814000, 2575156, 0, 0, 0
814000, 266997, 1, 0, 0
815001, 2508925, 0, 0, 0
815002, 268647, 1, 0, 0
816003, 2533374, 0, 0, 0
816004, 274993, 1, 0, 0
817000, 270458, 1, 0, 0
817004, 2580014, 0, 0, 0
818004, 2589196, 0, 0, 0
818005, 282929, 1, 0, 0
819000, 2618508, 0, 0, 0
819000, 280726, 1, 0, 0
820000, 2491906, 0, 0, 0
820006, 267756, 1, 0, 0
821000, 2405513, 0, 0, 0
821036, 253831, 1, 0, 0
822001, 2582413, 0, 0, 0
822006, 282036, 1, 0, 0
823000, 2661131, 0, 0, 0
823000, 293459, 1, 0, 0
824001, 2596158, 0, 0, 0
824006, 297607, 1, 0, 0
825000, 2541913, 0, 0, 0
825000, 282707, 1, 0, 0
826000, 2641419, 0, 0, 0
826005, 281928, 1, 0, 0
827000, 2682162, 0, 0, 0
827005, 285515, 1, 0, 0
828002, 2616352, 0, 0, 0
828003, 265816, 1, 0, 0
829002, 2533331, 0, 0, 0
829002, 259787, 1, 0, 0
830002, 2545923, 0, 0, 0
830014, 274395, 1, 0, 0
831000, 281375, 1, 0, 0
831003, 2611231, 0, 0, 0
832003, 2628688, 0, 0, 0
832004, 275322, 1, 0, 0
833003, 2686600, 0, 0, 0
833009, 281755, 1, 0, 0
834003, 2530080, 0, 0, 0
834019, 265738, 1, 0, 0
835003, 2749251, 0, 0, 0
835004, 296090, 1, 0, 0
836003, 2539050, 0, 0, 0
836004, 261517, 1, 0, 0
837000, 2562398, 0, 0, 0
837010, 299577, 1, 0, 0
838004, 2688163, 0, 0, 0
838014, 260773, 1, 0, 0
839000, 2604547, 0, 0, 0
839005, 292776, 1, 0, 0
840004, 2505757, 0, 0, 0
840010, 286557, 1, 0, 0
841000, 2612098, 0, 0, 0
841005, 273111, 1, 0, 0
842000, 2509227, 0, 0, 0
842005, 261943, 1, 0, 0
843000, 1237718, 0, 0, 0
843000, 214610, 1, 0, 0
844000, 178023, 0, 0, 0
844000, 178524, 1, 0, 0
845000, 108356, 0, 0, 0
845000, 106550, 1, 0, 0
846000, 14496, 0, 0, 0
846000, 12847, 1, 0, 0
847000, 14275, 0, 0, 0
847000, 12640, 1, 0, 0
848000, 12956, 1, 0, 0
848000, 14654, 0, 0, 0
849000, 14490, 0, 0, 0
849000, 12870, 1, 0, 0
850000, 14618, 0, 0, 0
850000, 12942, 1, 0, 0
851000, 15731, 0, 0, 0
851001, 14030, 1, 0, 0
852000, 180086, 1, 0, 0
852000, 179721, 0, 0, 0
853000, 107896, 1, 0, 0
853000, 109111, 0, 0, 0
854000, 14586, 0, 0, 0
854000, 12927, 1, 0, 0
855000, 14504, 0, 0, 0
855000, 12855, 1, 0, 0
856000, 14603, 0, 0, 0
856000, 12955, 1, 0, 0
857000, 14520, 0, 0, 0
857000, 12858, 1, 0, 0
858000, 14514, 0, 0, 0
858000, 12829, 1, 0, 0
859000, 14583, 0, 0, 0
859000, 12884, 1, 0, 0
860000, 14609, 0, 0, 0
860000, 12920, 1, 0, 0
861000, 14571, 0, 0, 0
861000, 12918, 1, 0, 0
862000, 61422, 1, 0, 0
862000, 61601, 0, 0, 0
863000, 176666, 0, 0, 0
863000, 175468, 1, 0, 0
864000, 178366, 0, 0, 0
864000, 176660, 1, 0, 0
865000, 108157, 0, 0, 0
865000, 106597, 1, 0, 0
866000, 14433, 0, 0, 0
866000, 12789, 1, 0, 0
867000, 14651, 0, 0, 0
867000, 12963, 1, 0, 0
868000, 14618, 0, 0, 0
868000, 12959, 1, 0, 0
869000, 12904, 1, 0, 0
869000, 14521, 0, 0, 0
870000, 14459, 0, 0, 0
870000, 12753, 1, 0, 0
871000, 12953, 1, 0, 0
871000, 14594, 0, 0, 0
872000, 14658, 0, 0, 0
872000, 12966, 1, 0, 0
873000, 14475, 0, 0, 0
873000, 12827, 1, 0, 0
874000, 107225, 1, 0, 0
874000, 108555, 0, 0, 0
875000, 178463, 0, 0, 0
875000, 176999, 1, 0, 0
876000, 177927, 1, 0, 0
876000, 180054, 0, 0, 0
877000, 108419, 0, 0, 0
877000, 108904, 1, 0, 0
878000, 14588, 0, 0, 0
878000, 12952, 1, 0, 0
879000, 14597, 0, 0, 0
879000, 12871, 1, 0, 0
880000, 14588, 0, 0, 0
880000, 12951, 1, 0, 0
881000, 12829, 1, 0, 0
881000, 14502, 0, 0, 0
882000, 14445, 0, 0, 0
882000, 12734, 1, 0, 0
883000, 14432, 0, 0, 0
883000, 12777, 1, 0, 0
884000, 14627, 0, 0, 0
884000, 12941, 1, 0, 0
885000, 14405, 0, 0, 0
885000, 12812, 1, 0, 0
886000, 146964, 0, 0, 0
886000, 147279, 1, 0, 0
887000, 177504, 0, 0, 0
887000, 178069, 1, 0, 0
888000, 178089, 1, 0, 0
888000, 180050, 0, 0, 0
889000, 108861, 0, 0, 0
889000, 106538, 1, 0, 0
890000, 12977, 1, 0, 0
890000, 14585, 0, 0, 0
891000, 14646, 0, 0, 0
891000, 12962, 1, 0, 0
892000, 14589, 0, 0, 0
892000, 12964, 1, 0, 0
893000, 14558, 0, 0, 0
893000, 12981, 1, 0, 0
894000, 14626, 0, 0, 0
894000, 12982, 1, 0, 0
895000, 14540, 0, 0, 0
895000, 12972, 1, 0, 0
896000, 14629, 0, 0, 0
896000, 12990, 1, 0, 0
897000, 14382, 0, 0, 0
897000, 12765, 1, 0, 0
898000, 108766, 0, 0, 0
898001, 107859, 1, 0, 0
899000, 176441, 0, 0, 0
899000, 178738, 1, 0, 0
900000, 179646, 1, 0, 0
900000, 179450, 0, 0, 0
901000, 108261, 0, 0, 0
901000, 107958, 1, 0, 0
902000, 14606, 0, 0, 0
902000, 12943, 1, 0, 0
903000, 12750, 1, 0, 0
903000, 14447, 0, 0, 0
904000, 14451, 0, 0, 0
904000, 12774, 1, 0, 0
905000, 14439, 0, 0, 0
905000, 12776, 1, 0, 0
906000, 14477, 0, 0, 0
906000, 12767, 1, 0, 0
907000, 14611, 0, 0, 0
907000, 12980, 1, 0, 0
908000, 14615, 0, 0, 0
908000, 12912, 1, 0, 0
909000, 14571, 0, 0, 0
909000, 12940, 1, 0, 0
910000, 142056, 0, 0, 0
910000, 139420, 1, 0, 0
911000, 177315, 0, 0, 0
911000, 177984, 1, 0, 0
912000, 178683, 0, 0, 0
912000, 179207, 1, 0, 0
913000, 106717, 0, 0, 0
913000, 106829, 1, 0, 0
914000, 14465, 0, 0, 0
914000, 12877, 1, 0, 0
915000, 14640, 0, 0, 0
915000, 12971, 1, 0, 0
916000, 14539, 0, 0, 0
916000, 12971, 1, 0, 0
917000, 14526, 0, 0, 0
917000, 12934, 1, 0, 0
918000, 14650, 0, 0, 0
918000, 12970, 1, 0, 0
919000, 14547, 0, 0, 0
919000, 12963, 1, 0, 0
920000, 14587, 0, 0, 0
920000, 12942, 1, 0, 0
921000, 12969, 1, 0, 0
921000, 14589, 0, 0, 0
922000, 99624, 0, 0, 0
922000, 98993, 1, 0, 0
923000, 178097, 0, 0, 0
923001, 177398, 1, 0, 0
924000, 179224, 0, 0, 0
924000, 179486, 1, 0, 0
925000, 106622, 0, 0, 0
925000, 105368, 1, 0, 0
926000, 14448, 0, 0, 0
926000, 12790, 1, 0, 0
927000, 12948, 1, 0, 0
927000, 14601, 0, 0, 0
928000, 14561, 0, 0, 0
928000, 12950, 1, 0, 0
929000, 12769, 1, 0, 0
929000, 14418, 0, 0, 0
930000, 12849, 1, 0, 0
930000, 14534, 0, 0, 0
931000, 14572, 0, 0, 0
931000, 12977, 1, 0, 0
932000, 12891, 1, 0, 0
932000, 14540, 0, 0, 0
933000, 12774, 1, 0, 0
933000, 14390, 0, 0, 0
934000, 145168, 0, 0, 0
934000, 139289, 1, 0, 0
935000, 175605, 0, 0, 0
935000, 176242, 1, 0, 0
936000, 177446, 0, 0, 0
936000, 178804, 1, 0, 0
937000, 102525, 0, 0, 0
937000, 103395, 1, 0, 0
938000, 12746, 1, 0, 0
938000, 14338, 0, 0, 0
939000, 12989, 1, 0, 0
939000, 14607, 0, 0, 0
940000, 14418, 0, 0, 0
940000, 12828, 1, 0, 0
941000, 14465, 0, 0, 0
941000, 12881, 1, 0, 0
942000, 14406, 0, 0, 0
942000, 12769, 1, 0, 0
943000, 12953, 1, 0, 0
943000, 14529, 0, 0, 0
944000, 14603, 0, 0, 0
944000, 12954, 1, 0, 0
945000, 14498, 0, 0, 0
945000, 12926, 1, 0, 0
946000, 132719, 0, 0, 0
946000, 131183, 1, 0, 0
947000, 174674, 0, 0, 0
947000, 171606, 1, 0, 0
948000, 172377, 0, 0, 0
948000, 171217, 1, 0, 0
949000, 106971, 0, 0, 0
949000, 106029, 1, 0, 0
950000, 14568, 0, 0, 0
950000, 12955, 1, 0, 0
951000, 14574, 0, 0, 0
951000, 12962, 1, 0, 0
952000, 12910, 1, 0, 0
952000, 14492, 0, 0, 0
953000, 14489, 0, 0, 0
953000, 12875, 1, 0, 0
954000, 14575, 0, 0, 0
954000, 12947, 1, 0, 0
955000, 12959, 1, 0, 0
955000, 14543, 0, 0, 0
956000, 14587, 0, 0, 0
956000, 12942, 1, 0, 0
957000, 14471, 0, 0, 0
957000, 12902, 1, 0, 0
958000, 131727, 1, 0, 0
958000, 129592, 0, 0, 0
959000, 173520, 0, 0, 0
959000, 170862, 1, 0, 0
960000, 175874, 1, 0, 0
960000, 176664, 0, 0, 0
961000, 103456, 0, 0, 0
961000, 105065, 1, 0, 0
962000, 14385, 0, 0, 0
962000, 12818, 1, 0, 0
963000, 14469, 0, 0, 0
963000, 12799, 1, 0, 0
964000, 14401, 0, 0, 0
964000, 12814, 1, 0, 0
965000, 14539, 0, 0, 0
965000, 12934, 1, 0, 0
966000, 12826, 1, 0, 0
966000, 14545, 0, 0, 0
967000, 14446, 0, 0, 0
967000, 12819, 1, 0, 0
968000, 14549, 0, 0, 0
968000, 12839, 1, 0, 0
969000, 14573, 0, 0, 0
969000, 12927, 1, 0, 0
970000, 141922, 0, 0, 0
970000, 139719, 1, 0, 0
971000, 172505, 0, 0, 0
971000, 172487, 1, 0, 0
972000, 176383, 1, 0, 0
972000, 176575, 0, 0, 0
973000, 106386, 0, 0, 0
973000, 106070, 1, 0, 0
974000, 14493, 0, 0, 0
974000, 12832, 1, 0, 0
975000, 14525, 0, 0, 0
975000, 12812, 1, 0, 0
976000, 14453, 0, 0, 0
976000, 12814, 1, 0, 0
977000, 14560, 0, 0, 0
977000, 12961, 1, 0, 0
978000, 14625, 0, 0, 0
978000, 12967, 1, 0, 0
979000, 14420, 0, 0, 0
979000, 12815, 1, 0, 0
980000, 12816, 1, 0, 0
980000, 14462, 0, 0, 0
981000, 12899, 1, 0, 0
981000, 14504, 0, 0, 0
982000, 121804, 1, 0, 0
982000, 123021, 0, 0, 0
983000, 176096, 0, 0, 0
983000, 173572, 1, 0, 0
984000, 179479, 0, 0, 0
984000, 178499, 1, 0, 0
985000, 106492, 0, 0, 0
985000, 104215, 1, 0, 0
986000, 14514, 0, 0, 0
986000, 12855, 1, 0, 0
987000, 12924, 1, 0, 0
987000, 14622, 0, 0, 0
988000, 12835, 1, 0, 0
988000, 14497, 0, 0, 0
989000, 14540, 0, 0, 0
989000, 12894, 1, 0, 0
990000, 14542, 0, 0, 0
990000, 12793, 1, 0, 0
991000, 14473, 0, 0, 0
991000, 12812, 1, 0, 0
992000, 12821, 1, 0, 0
992000, 14522, 0, 0, 0
993000, 14761, 0, 0, 0
993000, 12983, 1, 0, 0
994000, 175592, 0, 0, 0
994001, 174176, 1, 0, 0
995000, 174368, 1, 0, 0
995000, 175694, 0, 0, 0
996000, 174389, 0, 0, 0
996000, 171346, 1, 0, 0
997000, 105202, 0, 0, 0
997000, 103354, 1, 0, 0
998000, 14391, 0, 0, 0
998000, 12797, 1, 0, 0
999000, 14429, 0, 0, 0
999000, 12775, 1, 0, 0
1000000, 14339, 0, 0, 0
1000000, 12708, 1, 0, 0
1001000, 14389, 0, 0, 0
1001000, 12802, 1, 0, 0
1002000, 14385, 0, 0, 0
1002000, 12737, 1, 0, 0
1003000, 12803, 1, 0, 0
1003000, 14379, 0, 0, 0
1004000, 14435, 0, 0, 0
1004000, 12794, 1, 0, 0
1005000, 13113, 1, 0, 0
1005000, 14875, 0, 0, 0
1006000, 176570, 0, 0, 0
1006000, 178552, 1, 0, 0
1007000, 176115, 0, 0, 0
1007000, 176194, 1, 0, 0
1008000, 177832, 0, 0, 0
1008000, 177113, 1, 0, 0
1009000, 104650, 0, 0, 0
1009000, 106661, 1, 0, 0
1010000, 14355, 0, 0, 0
1010000, 12789, 1, 0, 0
1011000, 12788, 1, 0, 0
1011000, 14438, 0, 0, 0
1012000, 14473, 0, 0, 0
1012000, 12893, 1, 0, 0
1013000, 12842, 1, 0, 0
1013000, 14417, 0, 0, 0
1014000, 14446, 0, 0, 0
1014000, 12786, 1, 0, 0
1015000, 12794, 1, 0, 0
1015000, 14377, 0, 0, 0
1016000, 14489, 0, 0, 0
1016000, 12832, 1, 0, 0
1017000, 14509, 0, 0, 0
1017000, 12940, 1, 0, 0
1018000, 162362, 0, 0, 0
1018002, 162337, 1, 0, 0
1019000, 175032, 1, 0, 0
1019000, 175332, 0, 0, 0
1020000, 178440, 0, 0, 0
1020000, 177397, 1, 0, 0
1021000, 103067, 1, 0, 0
1021000, 105900, 0, 0, 0
1022000, 14429, 0, 0, 0
1022000, 12807, 1, 0, 0
1023000, 12806, 1, 0, 0
1023000, 14435, 0, 0, 0
1024000, 12825, 1, 0, 0
1024000, 14435, 0, 0, 0
1025000, 12784, 1, 0, 0
1025000, 14373, 0, 0, 0
1026000, 14404, 0, 0, 0
1026000, 12747, 1, 0, 0
1027000, 14478, 0, 0, 0
1027000, 12831, 1, 0, 0
1028000, 14547, 0, 0, 0
1028000, 12820, 1, 0, 0
1029000, 14995, 0, 0, 0
1029000, 13171, 1, 0, 0
1030000, 173161, 0, 0, 0
1030001, 171268, 1, 0, 0
1031000, 176057, 0, 0, 0
1031000, 176067, 1, 0, 0
1032000, 178336, 0, 0, 0
1032000, 175013, 1, 0, 0
1033000, 103931, 1, 0, 0
1033000, 106047, 0, 0, 0
1034000, 14518, 0, 0, 0
1034000, 12923, 1, 0, 0
1035000, 12855, 1, 0, 0
1035000, 14556, 0, 0, 0
1036000, 14482, 0, 0, 0
1036000, 12836, 1, 0, 0
1037000, 14478, 0, 0, 0
1037000, 12869, 1, 0, 0
1038000, 14532, 0, 0, 0
1038000, 12822, 1, 0, 0
1039000, 14468, 0, 0, 0
1039000, 12848, 1, 0, 0
1040000, 14504, 0, 0, 0
1040000, 12812, 1, 0, 0
1041000, 14486, 0, 0, 0
1041000, 12914, 1, 0, 0
1042000, 164839, 0, 0, 0
1042000, 161602, 1, 0, 0
1043000, 170055, 1, 0, 0
1043000, 170733, 0, 0, 0
1044000, 176370, 1, 0, 0
1044000, 175552, 0, 0, 0
1045000, 104149, 0, 0, 0
1045000, 101191, 1, 0, 0
1046000, 12803, 1, 0, 0
1046000, 14396, 0, 0, 0
1047000, 12837, 1, 0, 0
1047000, 14486, 0, 0, 0
1048000, 14438, 0, 0, 0
1048000, 12816, 1, 0, 0
1049000, 14398, 0, 0, 0
1049000, 12813, 1, 0, 0
1050000, 14437, 0, 0, 0
1050000, 12817, 1, 0, 0
1051000, 12812, 1, 0, 0
1051000, 14406, 0, 0, 0
1052000, 14523, 0, 0, 0
1052000, 12908, 1, 0, 0
1053000, 13130, 1, 0, 0
1053000, 14799, 0, 0, 0
1054000, 176739, 0, 0, 0
1054000, 176813, 1, 0, 0
1055000, 177128, 0, 0, 0
1055000, 175324, 1, 0, 0
1056000, 179784, 0, 0, 0
1056000, 179064, 1, 0, 0
1057000, 106804, 0, 0, 0
1057000, 103236, 1, 0, 0
1058000, 14397, 0, 0, 0
1058000, 12804, 1, 0, 0
1059000, 14507, 0, 0, 0
1059000, 12851, 1, 0, 0
1060000, 14398, 0, 0, 0
1060000, 12809, 1, 0, 0
1061000, 14442, 0, 0, 0
1061000, 12849, 1, 0, 0
1062000, 12936, 1, 0, 0
1062000, 14574, 0, 0, 0
1063000, 14391, 0, 0, 0
1063000, 12800, 1, 0, 0
1064000, 14460, 0, 0, 0
1064000, 12791, 1, 0, 0
1065000, 14883, 0, 0, 0
1065000, 13209, 1, 0, 0
1066000, 180225, 1, 0, 0
1066000, 179730, 0, 0, 0
1067000, 178869, 0, 0, 0
1067002, 178026, 1, 0, 0
1068000, 179967, 0, 0, 0
1068000, 179135, 1, 0, 0
1069000, 106269, 0, 0, 0
1069000, 105358, 1, 0, 0
1070000, 12903, 1, 0, 0
1070000, 14549, 0, 0, 0
1071000, 14535, 0, 0, 0
1071000, 12833, 1, 0, 0
1072000, 14541, 0, 0, 0
1072000, 12924, 1, 0, 0
1073000, 14473, 0, 0, 0
1073000, 12860, 1, 0, 0
1074000, 14439, 0, 0, 0
1074000, 12768, 1, 0, 0
1075000, 14482, 0, 0, 0
1075000, 12866, 1, 0, 0
1076000, 12975, 1, 0, 0
1076000, 14632, 0, 0, 0
1077000, 14459, 0, 0, 0
1077000, 12823, 1, 0, 0
1078000, 144964, 0, 0, 0
1078000, 144247, 1, 0, 0
1079000, 172481, 0, 0, 0
1079000, 168636, 1, 0, 0
1080000, 179500, 0, 0, 0
1080000, 177568, 1, 0, 0
1081000, 107097, 1, 0, 0
1081000, 105738, 0, 0, 0
1082000, 12936, 1, 0, 0
1082000, 14593, 0, 0, 0
1083000, 14514, 0, 0, 0
1083000, 12794, 1, 0, 0
1084000, 14398, 0, 0, 0
1084000, 12759, 1, 0, 0
1085000, 12742, 1, 0, 0
1085000, 14370, 0, 0, 0
1086000, 12797, 1, 0, 0
1086000, 14423, 0, 0, 0
1087000, 12803, 1, 0, 0
1087000, 14391, 0, 0, 0
1088000, 14642, 0, 0, 0
1088000, 12953, 1, 0, 0
1089000, 12898, 1, 0, 0
1089000, 14637, 0, 0, 0
1090000, 177347, 0, 0, 0
1090000, 178704, 1, 0, 0
1091000, 177243, 0, 0, 0
1091000, 177263, 1, 0, 0
1092000, 179295, 0, 0, 0
1092001, 180235, 1, 0, 0
1093000, 106966, 0, 0, 0
1093000, 103296, 1, 0, 0
1094000, 12956, 1, 0, 0
1094000, 14570, 0, 0, 0
1095000, 14568, 0, 0, 0
1095000, 12916, 1, 0, 0
1096000, 14559, 0, 0, 0
1096000, 12972, 1, 0, 0
1097000, 14475, 0, 0, 0
1097000, 12894, 1, 0, 0
1098000, 14533, 0, 0, 0
1098000, 12889, 1, 0, 0
1099000, 14537, 0, 0, 0
1099000, 12970, 1, 0, 0
1100000, 14580, 0, 0, 0
1100000, 12959, 1, 0, 0
1101000, 14680, 0, 0, 0
1101001, 12971, 1, 0, 0
1102000, 168059, 0, 0, 0
1102000, 167026, 1, 0, 0
1103000, 179448, 0, 0, 0
1103000, 176776, 1, 0, 0
1104000, 180447, 0, 0, 0
1104000, 177804, 1, 0, 0
1105000, 105287, 0, 0, 0
1105000, 105516, 1, 0, 0
1106000, 14441, 0, 0, 0
1106000, 12770, 1, 0, 0
1107000, 14492, 0, 0, 0
1107000, 12783, 1, 0, 0
1108000, 14412, 0, 0, 0
1108000, 12788, 1, 0, 0
1109000, 14539, 0, 0, 0
1109000, 12933, 1, 0, 0
1110000, 14646, 0, 0, 0
1110000, 12951, 1, 0, 0
1111000, 14445, 0, 0, 0
1111000, 12808, 1, 0, 0
1112000, 12798, 1, 0, 0
1112000, 14520, 0, 0, 0
1113000, 12896, 1, 0, 0
1113000, 14506, 0, 0, 0
1114000, 158111, 1, 0, 0
1114000, 160991, 0, 0, 0
1115000, 178016, 0, 0, 0
1115002, 178132, 1, 0, 0
1116000, 179243, 0, 0, 0
1116000, 176749, 1, 0, 0
1117000, 105759, 0, 0, 0
1117000, 104805, 1, 0, 0
1118000, 14471, 0, 0, 0
1118000, 12847, 1, 0, 0
1119000, 14383, 0, 0, 0
1119000, 12679, 1, 0, 0
1120000, 14418, 0, 0, 0
1120000, 12775, 1, 0, 0
1121000, 12904, 1, 0, 0
1121000, 14510, 0, 0, 0
1122000, 14603, 0, 0, 0
1122000, 12978, 1, 0, 0
1123000, 12924, 1, 0, 0
1123000, 14559, 0, 0, 0
1124000, 14552, 0, 0, 0
1124000, 12926, 1, 0, 0
1125003, 14598, 0, 0, 0
1125005, 12894, 1, 0, 0
1126000, 181047, 0, 0, 0
1126001, 180415, 1, 0, 0
1127000, 177727, 0, 0, 0
1127001, 177259, 1, 0, 0
1128000, 181096, 1, 0, 0
1128000, 179991, 0, 0, 0
1129000, 103288, 1, 0, 0
1129000, 106055, 0, 0, 0
1130000, 14518, 0, 0, 0
1130000, 12938, 1, 0, 0
1131000, 14550, 0, 0, 0
1131000, 12935, 1, 0, 0
1132000, 12926, 1, 0, 0
1132000, 14516, 0, 0, 0
1133000, 14488, 0, 0, 0
1133000, 12911, 1, 0, 0
1134000, 14552, 0, 0, 0
1134000, 12913, 1, 0, 0
1135000, 14495, 0, 0, 0
1135000, 12912, 1, 0, 0
1136000, 12911, 1, 0, 0
1136000, 14563, 0, 0, 0
1137000, 14456, 0, 0, 0
1137000, 12891, 1, 0, 0
1138000, 167463, 0, 0, 0
1138000, 164475, 1, 0, 0
1139000, 176253, 1, 0, 0
1139001, 177686, 0, 0, 0
1140000, 179825, 0, 0, 0
1140000, 178343, 1, 0, 0
1141000, 106388, 0, 0, 0
1141000, 102026, 1, 0, 0
1142000, 14494, 0, 0, 0
1142000, 12911, 1, 0, 0
1143000, 12918, 1, 0, 0
1143000, 14547, 0, 0, 0
1144000, 14502, 0, 0, 0
1144000, 12911, 1, 0, 0
1145000, 14509, 0, 0, 0
1145000, 12910, 1, 0, 0
1146000, 14472, 0, 0, 0
1146000, 12823, 1, 0, 0
1147000, 12789, 1, 0, 0
1147000, 14399, 0, 0, 0
1148000, 14450, 0, 0, 0
1148000, 12803, 1, 0, 0
1149000, 14866, 0, 0, 0
1149000, 13112, 1, 0, 0
1150000, 179600, 0, 0, 0
1150000, 177437, 1, 0, 0
1151000, 178122, 0, 0, 0
1151000, 176245, 1, 0, 0
1152000, 179737, 0, 0, 0
1152001, 179028, 1, 0, 0
1153000, 105853, 0, 0, 0
1153000, 105077, 1, 0, 0
1154000, 14493, 0, 0, 0
1154000, 12904, 1, 0, 0
1155000, 14572, 0, 0, 0
1155000, 12923, 1, 0, 0
1156000, 12940, 1, 0, 0
1156000, 14508, 0, 0, 0
1157000, 14505, 0, 0, 0
1157000, 12934, 1, 0, 0
1158000, 14547, 0, 0, 0
1158000, 12896, 1, 0, 0
1159000, 12948, 1, 0, 0
1159000, 14519, 0, 0, 0
1160000, 12959, 1, 0, 0
1160000, 14582, 0, 0, 0
1161000, 14500, 0, 0, 0
1161000, 12915, 1, 0, 0
1162000, 141055, 0, 0, 0
1162000, 141795, 1, 0, 0
1163000, 179222, 0, 0, 0
1163000, 178504, 1, 0, 0
1164000, 179652, 1, 0, 0
1164000, 180279, 0, 0, 0
1165000, 105108, 0, 0, 0
1165000, 105770, 1, 0, 0
1166000, 12932, 1, 0, 0
1166000, 14556, 0, 0, 0
1167000, 14623, 0, 0, 0
1167000, 12959, 1, 0, 0
1168000, 14549, 0, 0, 0
1168000, 12959, 1, 0, 0
1169000, 14469, 0, 0, 0
1169000, 12866, 1, 0, 0
1170000, 12860, 1, 0, 0
1170000, 14568, 0, 0, 0
1171000, 14554, 0, 0, 0
1171000, 12955, 1, 0, 0
1172000, 12970, 1, 0, 0
1172000, 14631, 0, 0, 0
1173000, 14544, 0, 0, 0
1173000, 12916, 1, 0, 0
1174000, 142209, 0, 0, 0
1174000, 139714, 1, 0, 0
1175000, 178382, 0, 0, 0
1175001, 177655, 1, 0, 0
1176000, 177459, 0, 0, 0
1176001, 179281, 1, 0, 0
1177000, 105299, 0, 0, 0
1177000, 105267, 1, 0, 0
1178000, 12851, 1, 0, 0
1178000, 14494, 0, 0, 0
1179000, 23269, 0, 0, 0
1179010, 13669, 1, 0, 0
1180001, 2673563, 0, 0, 0
1180002, 284481, 1, 0, 0
1181002, 2636347, 0, 0, 0
1181003, 273227, 1, 0, 0
1182003, 2558451, 0, 0, 0
1182003, 275787, 1, 0, 0
1183003, 2716987, 0, 0, 0
1183003, 296970, 1, 0, 0
1184000, 2556507, 0, 0, 0
1184010, 266031, 1, 0, 0
1185000, 286363, 1, 0, 0
1185004, 2644247, 0, 0, 0
1186001, 2576359, 0, 0, 0
1186007, 285914, 1, 0, 0
1187001, 2559656, 0, 0, 0
1187001, 272064, 1, 0, 0
1188000, 2703884, 0, 0, 0
1188005, 274341, 1, 0, 0
1189001, 2431062, 0, 0, 0
1189011, 244994, 1, 0, 0
1190003, 2616482, 0, 0, 0
1190004, 267328, 1, 0, 0
1191004, 2493547, 0, 0, 0
1191013, 257793, 1, 0, 0
1192002, 2528132, 0, 0, 0
1192008, 267189, 1, 0, 0
1193002, 2533129, 0, 0, 0
1193002, 262220, 1, 0, 0
1194004, 2700166, 0, 0, 0
1194004, 285500, 1, 0, 0
1195003, 2642028, 0, 0, 0
1195004, 285329, 1, 0, 0
1196004, 2704105, 0, 0, 0
1196009, 283820, 1, 0, 0
1197000, 2480503, 0, 0, 0
1197001, 254050, 1, 0, 0
1198001, 2512375, 0, 0, 0
1198012, 248635, 1, 0, 0
1199003, 2503645, 0, 0, 0
1199004, 288458, 1, 0, 0
1200003, 2506974, 0, 0, 0
1200003, 282029, 1, 0, 0
