1000, 29784, 0, 0, 0
1000, 12840, 1, 0, 0
2000, 156348, 0, 0, 0
2000, 66708, 1, 0, 0
3000, 155956, 0, 0, 0
3000, 66592, 1, 0, 0
4000, 155380, 0, 0, 0
4000, 66768, 1, 0, 0
5000, 156312, 0, 0, 0
5000, 67151, 1, 0, 0
6001, 156128, 0, 0, 0
6001, 67912, 1, 0, 0
7000, 155687, 0, 0, 0
7000, 66546, 1, 0, 0
8000, 156060, 0, 0, 0
8000, 67307, 1, 0, 0
9000, 156568, 0, 0, 0
9000, 67031, 1, 0, 0
10000, 155835, 0, 0, 0
10000, 67759, 1, 0, 0
11000, 156324, 0, 0, 0
11000, 66894, 1, 0, 0
12000, 64324, 0, 0, 0
12000, 27383, 1, 0, 0
13000, 22590, 0, 0, 0
13000, 9409, 1, 0, 0
14000, 156668, 0, 0, 0
14000, 66570, 1, 0, 0
15000, 156200, 0, 0, 0
15000, 67055, 1, 0, 0
16000, 155731, 0, 0, 0
16000, 66894, 1, 0, 0
17000, 156360, 0, 0, 0
17000, 68352, 1, 0, 0
18000, 156428, 0, 0, 0
18000, 66746, 1, 0, 0
19001, 155836, 0, 0, 0
19001, 65628, 1, 0, 0
20000, 156272, 0, 0, 0
20000, 67027, 1, 0, 0
21000, 156516, 0, 0, 0
21000, 66558, 1, 0, 0
22000, 155811, 0, 0, 0
22000, 66862, 1, 0, 0
23000, 156500, 0, 0, 0
23000, 66856, 1, 0, 0
24000, 73909, 0, 0, 0
24000, 31639, 1, 0, 0
25000, 22778, 0, 0, 0
25000, 9569, 1, 0, 0
26000, 156256, 0, 0, 0
26000, 67147, 1, 0, 0
27000, 156004, 0, 0, 0
27000, 67595, 1, 0, 0
28000, 155407, 0, 0, 0
28000, 66618, 1, 0, 0
29000, 156380, 0, 0, 0
29000, 66194, 1, 0, 0
30000, 156576, 0, 0, 0
30000, 67275, 1, 0, 0
31000, 155380, 0, 0, 0
31000, 65996, 1, 0, 0
32000, 156112, 0, 0, 0
32000, 67731, 1, 0, 0
33000, 156240, 0, 0, 0
33000, 66958, 1, 0, 0
34000, 155380, 0, 0, 0
34000, 66700, 1, 0, 0
35000, 156744, 0, 0, 0
35000, 66914, 1, 0, 0
36000, 73881, 0, 0, 0
36000, 31659, 1, 0, 0
37000, 22562, 0, 0, 0
37000, 9529, 1, 0, 0
38000, 156192, 0, 0, 0
38000, 67067, 1, 0, 0
39000, 156500, 0, 0, 0
39000, 68188, 1, 0, 0
40000, 155799, 0, 0, 0
40000, 67443, 1, 0, 0
41000, 156524, 0, 0, 0
41000, 66950, 1, 0, 0
42001, 156596, 0, 0, 0
42001, 66100, 1, 0, 0
43000, 155555, 0, 0, 0
43000, 67259, 1, 0, 0
44000, 155668, 0, 0, 0
44000, 67712, 1, 0, 0
45000, 156660, 0, 0, 0
45000, 66674, 1, 0, 0
46000, 155595, 0, 0, 0
46000, 67043, 1, 0, 0
47000, 157165, 0, 0, 0
47000, 66550, 1, 0, 0
48000, 68340, 0, 0, 0
48000, 29717, 1, 0, 0
49000, 22570, 0, 0, 0
49000, 9549, 1, 0, 0
50000, 155791, 0, 0, 0
50000, 66822, 1, 0, 0
51000, 156028, 0, 0, 0
51000, 65841, 1, 0, 0
52000, 155071, 0, 0, 0
52000, 67287, 1, 0, 0
53000, 156592, 0, 0, 0
53000, 66382, 1, 0, 0
54000, 156900, 0, 0, 0
54000, 67135, 1, 0, 0
55000, 155863, 0, 0, 0
55000, 65929, 1, 0, 0
56000, 156688, 0, 0, 0
56000, 67127, 1, 0, 0
57001, 155956, 0, 0, 0
57001, 67252, 1, 0, 0
58000, 155947, 0, 0, 0
58000, 67435, 1, 0, 0
59000, 156680, 0, 0, 0
59000, 67187, 1, 0, 0
60000, 75087, 0, 0, 0
60000, 31943, 1, 0, 0
61000, 23600, 0, 0, 0
61000, 10152, 1, 0, 0
62000, 156892, 0, 0, 0
62000, 67167, 1, 0, 0
63000, 156348, 0, 0, 0
63000, 67963, 1, 0, 0
64000, 155371, 0, 0, 0
64000, 66290, 1, 0, 0
65000, 156200, 0, 0, 0
65000, 67591, 1, 0, 0
66000, 156316, 0, 0, 0
66000, 67115, 1, 0, 0
67000, 156084, 0, 0, 0
67000, 66158, 1, 0, 0
68001, 156204, 0, 0, 0
68001, 67356, 1, 0, 0
69000, 156580, 0, 0, 0
69000, 67371, 1, 0, 0
70001, 155480, 0, 0, 0
70001, 65680, 1, 0, 0
71000, 156172, 0, 0, 0
71000, 67571, 1, 0, 0
72000, 70270, 0, 0, 0
72000, 30138, 1, 0, 0
73000, 22766, 0, 0, 0
73000, 9333, 1, 0, 0
74000, 156532, 0, 0, 0
74000, 67295, 1, 0, 0
75000, 156528, 0, 0, 0
75000, 66818, 1, 0, 0
76000, 155967, 0, 0, 0
76000, 66306, 1, 0, 0
77000, 155863, 0, 0, 0
77000, 67047, 1, 0, 0
78000, 156536, 0, 0, 0
78000, 65917, 1, 0, 0
79000, 193705, 0, 0, 0
79000, 83175, 1, 0, 0
80000, 197813, 0, 0, 0
80000, 84908, 1, 0, 0
81000, 200552, 0, 0, 0
81000, 84236, 1, 0, 0
82000, 198804, 0, 0, 0
82000, 85500, 1, 0, 0
83000, 70100, 0, 0, 0
83000, 30140, 1, 0, 0
84000, 15991, 0, 0, 0
84000, 6594, 1, 0, 0
85000, 24552, 0, 0, 0
85000, 10702, 1, 0, 0
86000, 199095, 0, 0, 0
86000, 85745, 1, 0, 0
87000, 197421, 0, 0, 0
87000, 85913, 1, 0, 0
88000, 197601, 0, 0, 0
88000, 85205, 1, 0, 0
89000, 200632, 0, 0, 0
89000, 85425, 1, 0, 0
90000, 198530, 0, 0, 0
90000, 85897, 1, 0, 0
91000, 201213, 0, 0, 0
91000, 86142, 1, 0, 0
92001, 200480, 0, 0, 0
92001, 85948, 1, 0, 0
93001, 199204, 0, 0, 0
93001, 86192, 1, 0, 0
94000, 19431, 0, 0, 0
94000, 8312, 1, 0, 0
95000, 15767, 0, 0, 0
95000, 6650, 1, 0, 0
96000, 15847, 0, 0, 0
96000, 6766, 1, 0, 0
97000, 24764, 0, 0, 0
97000, 10574, 1, 0, 0
98000, 199915, 0, 0, 0
98000, 84564, 1, 0, 0
99000, 199267, 0, 0, 0
99000, 86282, 1, 0, 0
100000, 200856, 0, 0, 0
100000, 86134, 1, 0, 0
101000, 199491, 0, 0, 0
101000, 85589, 1, 0, 0
102000, 198256, 0, 0, 0
102000, 84400, 1, 0, 0
103000, 197097, 0, 0, 0
103000, 85357, 1, 0, 0
104000, 197733, 0, 0, 0
104000, 84972, 1, 0, 0
105000, 193549, 0, 0, 0
105000, 82566, 1, 0, 0
106001, 16560, 0, 0, 0
106001, 6960, 1, 0, 0
107000, 15527, 0, 0, 0
107000, 6686, 1, 0, 0
108000, 15883, 0, 0, 0
108000, 6738, 1, 0, 0
109000, 25017, 0, 0, 0
109000, 10414, 1, 0, 0
110000, 198754, 0, 0, 0
110000, 85373, 1, 0, 0
111000, 199263, 0, 0, 0
111000, 84600, 1, 0, 0
112000, 200488, 0, 0, 0
112000, 86542, 1, 0, 0
113000, 199935, 0, 0, 0
113000, 87411, 1, 0, 0
114000, 199011, 0, 0, 0
114000, 85469, 1, 0, 0
115000, 198590, 0, 0, 0
115000, 85557, 1, 0, 0
116000, 196680, 0, 0, 0
116000, 85197, 1, 0, 0
117000, 195735, 0, 0, 0
117000, 83371, 1, 0, 0
118000, 200480, 0, 0, 0
118000, 86162, 1, 0, 0
119000, 198682, 0, 0, 0
119000, 85505, 1, 0, 0
120001, 198328, 0, 0, 0
120001, 85408, 1, 0, 0
121000, 200760, 0, 0, 0
121000, 86062, 1, 0, 0
122000, 199031, 0, 0, 0
122000, 84972, 1, 0, 0
123000, 198576, 0, 0, 0
123000, 85632, 1, 0, 0
124000, 197865, 0, 0, 0
124000, 84492, 1, 0, 0
125000, 198870, 0, 0, 0
125000, 84132, 1, 0, 0
126000, 65529, 0, 0, 0
126000, 28452, 1, 0, 0
127000, 15615, 0, 0, 0
127000, 6486, 1, 0, 0
128000, 15619, 0, 0, 0
128000, 6810, 1, 0, 0
129000, 24408, 0, 0, 0
129000, 10606, 1, 0, 0
130000, 198366, 0, 0, 0
130000, 85077, 1, 0, 0
131000, 198770, 0, 0, 0
131000, 84600, 1, 0, 0
132000, 198830, 0, 0, 0
132000, 84652, 1, 0, 0
133000, 158600, 0, 0, 0
133000, 67164, 1, 0, 0
134000, 1449, 0, 0, 0
134000, 580, 1, 0, 0
135000, 1485, 0, 0, 0
135000, 656, 1, 0, 0
136001, 1424, 0, 0, 0
136001, 780, 1, 0, 0
137000, 1473, 0, 0, 0
137000, 612, 1, 0, 0
138000, 1417, 0, 0, 0
138000, 708, 1, 0, 0
139000, 1509, 0, 0, 0
139000, 552, 1, 0, 0
140000, 1425, 0, 0, 0
140000, 620, 1, 0, 0
141000, 1533, 0, 0, 0
141000, 620, 1, 0, 0
142000, 1437, 0, 0, 0
142000, 656, 1, 0, 0
143000, 1428, 0, 0, 0
143000, 732, 1, 0, 0
144000, 1453, 0, 0, 0
144000, 716, 1, 0, 0
145000, 1509, 0, 0, 0
145000, 528, 1, 0, 0
146000, 1517, 0, 0, 0
146000, 608, 1, 0, 0
147000, 1416, 0, 0, 0
147000, 660, 1, 0, 0
148000, 1476, 0, 0, 0
148000, 664, 1, 0, 0
149000, 1508, 0, 0, 0
149000, 660, 1, 0, 0
150000, 1529, 0, 0, 0
150000, 640, 1, 0, 0
151000, 1509, 0, 0, 0
151000, 640, 1, 0, 0
152000, 1537, 0, 0, 0
152000, 588, 1, 0, 0
153000, 1524, 0, 0, 0
153000, 596, 1, 0, 0
154000, 1469, 0, 0, 0
154000, 620, 1, 0, 0
155000, 1469, 0, 0, 0
155000, 772, 1, 0, 0
156000, 1501, 0, 0, 0
156000, 560, 1, 0, 0
157000, 1512, 0, 0, 0
157000, 756, 1, 0, 0
158000, 1409, 0, 0, 0
158000, 708, 1, 0, 0
159000, 1513, 0, 0, 0
159000, 532, 1, 0, 0
160000, 1500, 0, 0, 0
160000, 580, 1, 0, 0
161000, 1492, 0, 0, 0
161000, 620, 1, 0, 0
162000, 1524, 0, 0, 0
162000, 720, 1, 0, 0
163000, 1485, 0, 0, 0
163000, 676, 1, 0, 0
164000, 1524, 0, 0, 0
164000, 596, 1, 0, 0
165000, 1573, 0, 0, 0
165000, 604, 1, 0, 0
166000, 1472, 0, 0, 0
166000, 696, 1, 0, 0
167000, 1513, 0, 0, 0
167000, 608, 1, 0, 0
168000, 1489, 0, 0, 0
168000, 652, 1, 0, 0
169000, 1544, 0, 0, 0
169000, 656, 1, 0, 0
170000, 1505, 0, 0, 0
170000, 564, 1, 0, 0
171000, 1481, 0, 0, 0
171000, 660, 1, 0, 0
172000, 1456, 0, 0, 0
172000, 672, 1, 0, 0
173000, 1516, 0, 0, 0
173000, 568, 1, 0, 0
174000, 1401, 0, 0, 0
174000, 672, 1, 0, 0
175000, 1521, 0, 0, 0
175000, 616, 1, 0, 0
176000, 1497, 0, 0, 0
176000, 632, 1, 0, 0
177000, 1480, 0, 0, 0
177000, 664, 1, 0, 0
178000, 1437, 0, 0, 0
178000, 620, 1, 0, 0
179000, 1545, 0, 0, 0
179000, 540, 1, 0, 0
180000, 1429, 0, 0, 0
180000, 564, 1, 0, 0
181000, 1509, 0, 0, 0
181000, 592, 1, 0, 0
182000, 1425, 0, 0, 0
182000, 632, 1, 0, 0
183000, 1473, 0, 0, 0
183000, 648, 1, 0, 0
184000, 1477, 0, 0, 0
184000, 616, 1, 0, 0
185000, 1472, 0, 0, 0
185000, 632, 1, 0, 0
186000, 1445, 0, 0, 0
186000, 592, 1, 0, 0
187000, 1412, 0, 0, 0
187000, 592, 1, 0, 0
188000, 1461, 0, 0, 0
188000, 672, 1, 0, 0
189000, 1476, 0, 0, 0
189000, 680, 1, 0, 0
190000, 11572, 0, 0, 0
190000, 5048, 1, 0, 0
191000, 15287, 0, 0, 0
191000, 6814, 1, 0, 0
192000, 15811, 0, 0, 0
192000, 6654, 1, 0, 0
193000, 24132, 0, 0, 0
193000, 10902, 1, 0, 0
194000, 197817, 0, 0, 0
194000, 85085, 1, 0, 0
195000, 198606, 0, 0, 0
195000, 85653, 1, 0, 0
196000, 197349, 0, 0, 0
196000, 84628, 1, 0, 0
197001, 110532, 0, 0, 0
197001, 46904, 1, 0, 0
198000, 201257, 0, 0, 0
198000, 84808, 1, 0, 0
199000, 198026, 0, 0, 0
199000, 85137, 1, 0, 0
200000, 199187, 0, 0, 0
200000, 85317, 1, 0, 0
201000, 198874, 0, 0, 0
201000, 85381, 1, 0, 0
202000, 196332, 0, 0, 0
202000, 85837, 1, 0, 0
203000, 200308, 0, 0, 0
203000, 85645, 1, 0, 0
204000, 198702, 0, 0, 0
204000, 84508, 1, 0, 0
205000, 200260, 0, 0, 0
205000, 85653, 1, 0, 0
206000, 59964, 0, 0, 0
206000, 25828, 1, 0, 0
207000, 15743, 0, 0, 0
207000, 6626, 1, 0, 0
208000, 15939, 0, 0, 0
208000, 6842, 1, 0, 0
209001, 24848, 0, 0, 0
209001, 10700, 1, 0, 0
210001, 199719, 0, 0, 0
210001, 85061, 1, 0, 0
211000, 197189, 0, 0, 0
211000, 83579, 1, 0, 0
212000, 198302, 0, 0, 0
212000, 85629, 1, 0, 0
213000, 200380, 0, 0, 0
213000, 85405, 1, 0, 0
214000, 199543, 0, 0, 0
214000, 84692, 1, 0, 0
215000, 200656, 0, 0, 0
215000, 85053, 1, 0, 0
216000, 197073, 0, 0, 0
216000, 85661, 1, 0, 0
217000, 200296, 0, 0, 0
217000, 85088, 1, 0, 0
218000, 17321, 0, 0, 0
218000, 7755, 1, 0, 0
219000, 15887, 0, 0, 0
219000, 6614, 1, 0, 0
220000, 16100, 0, 0, 0
220000, 7015, 1, 0, 0
221000, 24444, 0, 0, 0
221000, 10778, 1, 0, 0
222001, 199280, 0, 0, 0
222001, 85988, 1, 0, 0
223000, 198966, 0, 0, 0
223000, 85385, 1, 0, 0
224000, 198684, 0, 0, 0
224000, 83096, 1, 0, 0
225001, 198356, 0, 0, 0
225001, 85536, 1, 0, 0
226000, 199063, 0, 0, 0
226000, 86098, 1, 0, 0
227000, 197437, 0, 0, 0
227000, 84572, 1, 0, 0
228000, 197813, 0, 0, 0
228000, 84796, 1, 0, 0
229000, 195395, 0, 0, 0
229000, 83195, 1, 0, 0
230000, 15767, 0, 0, 0
230000, 6718, 1, 0, 0
231000, 15799, 0, 0, 0
231000, 6998, 1, 0, 0
232000, 15935, 0, 0, 0
232000, 6626, 1, 0, 0
233000, 24808, 0, 0, 0
233000, 10464, 1, 0, 0
234000, 199311, 0, 0, 0
234000, 85577, 1, 0, 0
235000, 200488, 0, 0, 0
235000, 86470, 1, 0, 0
236001, 200276, 0, 0, 0
236001, 85420, 1, 0, 0
237000, 200312, 0, 0, 0
237000, 85833, 1, 0, 0
238000, 200112, 0, 0, 0
238000, 84852, 1, 0, 0
239000, 196856, 0, 0, 0
239000, 85573, 1, 0, 0
240000, 196292, 0, 0, 0
240000, 85325, 1, 0, 0
241000, 196692, 0, 0, 0
241000, 84744, 1, 0, 0
242000, 200068, 0, 0, 0
242000, 84840, 1, 0, 0
243000, 198082, 0, 0, 0
243000, 83559, 1, 0, 0
244000, 197088, 0, 0, 0
244000, 83688, 1, 0, 0
245000, 200104, 0, 0, 0
245000, 86166, 1, 0, 0
246000, 197885, 0, 0, 0
246000, 84308, 1, 0, 0
247000, 200668, 0, 0, 0
247000, 85241, 1, 0, 0
248001, 201344, 0, 0, 0
248001, 84948, 1, 0, 0
249000, 199155, 0, 0, 0
249000, 86186, 1, 0, 0
250000, 72880, 0, 0, 0
250000, 31267, 1, 0, 0
251000, 15475, 0, 0, 0
251000, 7063, 1, 0, 0
252000, 15927, 0, 0, 0
252000, 6746, 1, 0, 0
253000, 24792, 0, 0, 0
253000, 10858, 1, 0, 0
254000, 201213, 0, 0, 0
254000, 86230, 1, 0, 0
255000, 199823, 0, 0, 0
255000, 86618, 1, 0, 0
256000, 200668, 0, 0, 0
256000, 86394, 1, 0, 0
257000, 198558, 0, 0, 0
257000, 85037, 1, 0, 0
258000, 196944, 0, 0, 0
258000, 85417, 1, 0, 0
259000, 197828, 0, 0, 0
259000, 84656, 1, 0, 0
260000, 198950, 0, 0, 0
260000, 84200, 1, 0, 0
261000, 192804, 0, 0, 0
261000, 82646, 1, 0, 0
262000, 15763, 0, 0, 0
262000, 6842, 1, 0, 0
263000, 15672, 0, 0, 0
263000, 6988, 1, 0, 0
264000, 15871, 0, 0, 0
264000, 6758, 1, 0, 0
265000, 24856, 0, 0, 0
265000, 10906, 1, 0, 0
266000, 198348, 0, 0, 0
266000, 84244, 1, 0, 0
267000, 200200, 0, 0, 0
267000, 84496, 1, 0, 0
268000, 200608, 0, 0, 0
268000, 85269, 1, 0, 0
269000, 201101, 0, 0, 0
269000, 85965, 1, 0, 0
270000, 197961, 0, 0, 0
270000, 83811, 1, 0, 0
271000, 201149, 0, 0, 0
271000, 86150, 1, 0, 0
272000, 201341, 0, 0, 0
272000, 85517, 1, 0, 0
273000, 195751, 0, 0, 0
273000, 83183, 1, 0, 0
274000, 15907, 0, 0, 0
274000, 6794, 1, 0, 0
275000, 15895, 0, 0, 0
275000, 7127, 1, 0, 0
276000, 16112, 0, 0, 0
276000, 7152, 1, 0, 0
277000, 25012, 0, 0, 0
277000, 10452, 1, 0, 0
278000, 197937, 0, 0, 0
278000, 85349, 1, 0, 0
279001, 199616, 0, 0, 0
279001, 84768, 1, 0, 0
280000, 201473, 0, 0, 0
280000, 85997, 1, 0, 0
281000, 197105, 0, 0, 0
281000, 86222, 1, 0, 0
282000, 197041, 0, 0, 0
282000, 85633, 1, 0, 0
283000, 198994, 0, 0, 0
283000, 85281, 1, 0, 0
284000, 198952, 0, 0, 0
284000, 84880, 1, 0, 0
285000, 188400, 0, 0, 0
285000, 80704, 1, 0, 0
286000, 16628, 0, 0, 0
286000, 7359, 1, 0, 0
287000, 16396, 0, 0, 0
287000, 7075, 1, 0, 0
288000, 15907, 0, 0, 0
288000, 6898, 1, 0, 0
289000, 25057, 0, 0, 0
289000, 10490, 1, 0, 0
290001, 197508, 0, 0, 0
290001, 85032, 1, 0, 0
291000, 199735, 0, 0, 0
291000, 84180, 1, 0, 0
292000, 197377, 0, 0, 0
292000, 85697, 1, 0, 0
293000, 198150, 0, 0, 0
293000, 84088, 1, 0, 0
294000, 196328, 0, 0, 0
294000, 84864, 1, 0, 0
295000, 198614, 0, 0, 0
295000, 85465, 1, 0, 0
296000, 199843, 0, 0, 0
296000, 85365, 1, 0, 0
297000, 194256, 0, 0, 0
297000, 83444, 1, 0, 0
298000, 15863, 0, 0, 0
298000, 7059, 1, 0, 0
299000, 16124, 0, 0, 0
299000, 6766, 1, 0, 0
300000, 16228, 0, 0, 0
300000, 6902, 1, 0, 0
301000, 25305, 0, 0, 0
301000, 10474, 1, 0, 0
302001, 199488, 0, 0, 0
302001, 85620, 1, 0, 0
303000, 198690, 0, 0, 0
303000, 85865, 1, 0, 0
304000, 198320, 0, 0, 0
304000, 85016, 1, 0, 0
305000, 200408, 0, 0, 0
305000, 85549, 1, 0, 0
306000, 199543, 0, 0, 0
306000, 84272, 1, 0, 0
307000, 200200, 0, 0, 0
307000, 85545, 1, 0, 0
308000, 197773, 0, 0, 0
308000, 84320, 1, 0, 0
309000, 191315, 0, 0, 0
309000, 82970, 1, 0, 0
310000, 16000, 0, 0, 0
310000, 6868, 1, 0, 0
311000, 15775, 0, 0, 0
311000, 6974, 1, 0, 0
312000, 16256, 0, 0, 0
312000, 6878, 1, 0, 0
313000, 24768, 0, 0, 0
313000, 10862, 1, 0, 0
314000, 198546, 0, 0, 0
314000, 84828, 1, 0, 0
315000, 198450, 0, 0, 0
315000, 84896, 1, 0, 0
316001, 199580, 0, 0, 0
316001, 85932, 1, 0, 0
317000, 199239, 0, 0, 0
317000, 85793, 1, 0, 0
318000, 199623, 0, 0, 0
318000, 86002, 1, 0, 0
319000, 198826, 0, 0, 0
319000, 84716, 1, 0, 0
320000, 197897, 0, 0, 0
320000, 84276, 1, 0, 0
321000, 191464, 0, 0, 0
321000, 82052, 1, 0, 0
322000, 15692, 0, 0, 0
322000, 7000, 1, 0, 0
323000, 15891, 0, 0, 0
323000, 7059, 1, 0, 0
324000, 15911, 0, 0, 0
324000, 6802, 1, 0, 0
325000, 25397, 0, 0, 0
325000, 10718, 1, 0, 0
326000, 199547, 0, 0, 0
326000, 84184, 1, 0, 0
327000, 200448, 0, 0, 0
327000, 86078, 1, 0, 0
328000, 199755, 0, 0, 0
328000, 85513, 1, 0, 0
329000, 198098, 0, 0, 0
329000, 85209, 1, 0, 0
330000, 198146, 0, 0, 0
330000, 84732, 1, 0, 0
331000, 199415, 0, 0, 0
331000, 84600, 1, 0, 0
332000, 198600, 0, 0, 0
332000, 85648, 1, 0, 0
333000, 193401, 0, 0, 0
333000, 82566, 1, 0, 0
334000, 16292, 0, 0, 0
334000, 7091, 1, 0, 0
335000, 16024, 0, 0, 0
335000, 6670, 1, 0, 0
336000, 16184, 0, 0, 0
336000, 6890, 1, 0, 0
337000, 25005, 0, 0, 0
337000, 10386, 1, 0, 0
338000, 197673, 0, 0, 0
338000, 84492, 1, 0, 0
339000, 197976, 0, 0, 0
339000, 85216, 1, 0, 0
340000, 198646, 0, 0, 0
340000, 85773, 1, 0, 0
341000, 200632, 0, 0, 0
341000, 86858, 1, 0, 0
342000, 198430, 0, 0, 0
342000, 84284, 1, 0, 0
343000, 198666, 0, 0, 0
343000, 84248, 1, 0, 0
344001, 196924, 0, 0, 0
344001, 85092, 1, 0, 0
345000, 195131, 0, 0, 0
345000, 83115, 1, 0, 0
346000, 16208, 0, 0, 0
346000, 6866, 1, 0, 0
347000, 15915, 0, 0, 0
347000, 6714, 1, 0, 0
348000, 15631, 0, 0, 0
348000, 7003, 1, 0, 0
349000, 24952, 0, 0, 0
349000, 10712, 1, 0, 0
350000, 197925, 0, 0, 0
350000, 85545, 1, 0, 0
351000, 199411, 0, 0, 0
351000, 85197, 1, 0, 0
352000, 199227, 0, 0, 0
352000, 85229, 1, 0, 0
353000, 196872, 0, 0, 0
353000, 85797, 1, 0, 0
354000, 197093, 0, 0, 0
354000, 85729, 1, 0, 0
355000, 200028, 0, 0, 0
355000, 84388, 1, 0, 0
356000, 197913, 0, 0, 0
356000, 83571, 1, 0, 0
357000, 192436, 0, 0, 0
357000, 83531, 1, 0, 0
358000, 15811, 0, 0, 0
358000, 6910, 1, 0, 0
359000, 15568, 0, 0, 0
359000, 6836, 1, 0, 0
360000, 15623, 0, 0, 0
360000, 6978, 1, 0, 0
361000, 25181, 0, 0, 0
361000, 10478, 1, 0, 0
362000, 199115, 0, 0, 0
362000, 85345, 1, 0, 0
363000, 197989, 0, 0, 0
363000, 85521, 1, 0, 0
364000, 197109, 0, 0, 0
364000, 84528, 1, 0, 0
365000, 199419, 0, 0, 0
365000, 85841, 1, 0, 0
366000, 196952, 0, 0, 0
366000, 85621, 1, 0, 0
367000, 198540, 0, 0, 0
367000, 83216, 1, 0, 0
368000, 196448, 0, 0, 0
368000, 84504, 1, 0, 0
369000, 195876, 0, 0, 0
369000, 84276, 1, 0, 0
370000, 16132, 0, 0, 0
370000, 6818, 1, 0, 0
371001, 15988, 0, 0, 0
371001, 6740, 1, 0, 0
372000, 16296, 0, 0, 0
372000, 7471, 1, 0, 0
373000, 24840, 0, 0, 0
373000, 10750, 1, 0, 0
374000, 197092, 0, 0, 0
374000, 84836, 1, 0, 0
375000, 198234, 0, 0, 0
375000, 84684, 1, 0, 0
376000, 198638, 0, 0, 0
376000, 84588, 1, 0, 0
377000, 197629, 0, 0, 0
377000, 85053, 1, 0, 0
378000, 197097, 0, 0, 0
378000, 84808, 1, 0, 0
379000, 198622, 0, 0, 0
379000, 84820, 1, 0, 0
380000, 198682, 0, 0, 0
380000, 84856, 1, 0, 0
381000, 197884, 0, 0, 0
381000, 84660, 1, 0, 0
382000, 16016, 0, 0, 0
382000, 6714, 1, 0, 0
383000, 15859, 0, 0, 0
383000, 6682, 1, 0, 0
384000, 16284, 0, 0, 0
384000, 6678, 1, 0, 0
385000, 25497, 0, 0, 0
385000, 10926, 1, 0, 0
386000, 199291, 0, 0, 0
386000, 85677, 1, 0, 0
387001, 198220, 0, 0, 0
387001, 84932, 1, 0, 0
388000, 197133, 0, 0, 0
388000, 85325, 1, 0, 0
389000, 199759, 0, 0, 0
389000, 86158, 1, 0, 0
390000, 197784, 0, 0, 0
390000, 85984, 1, 0, 0
391000, 197593, 0, 0, 0
391000, 85857, 1, 0, 0
392000, 197681, 0, 0, 0
392000, 84324, 1, 0, 0
393000, 196728, 0, 0, 0
393000, 85085, 1, 0, 0
394000, 197473, 0, 0, 0
394000, 85345, 1, 0, 0
395000, 200136, 0, 0, 0
395000, 85533, 1, 0, 0
396000, 198162, 0, 0, 0
396000, 85729, 1, 0, 0
397000, 200996, 0, 0, 0
397000, 85425, 1, 0, 0
398000, 199176, 0, 0, 0
398000, 85540, 1, 0, 0
399000, 198018, 0, 0, 0
399000, 84144, 1, 0, 0
400000, 197993, 0, 0, 0
400000, 83643, 1, 0, 0
401001, 198096, 0, 0, 0
401001, 84944, 1, 0, 0
402001, 70638, 0, 0, 0
402001, 30430, 1, 0, 0
403000, 15703, 0, 0, 0
403000, 6702, 1, 0, 0
404001, 16176, 0, 0, 0
404001, 6680, 1, 0, 0
405001, 25080, 0, 0, 0
405001, 10764, 1, 0, 0
406000, 28712, 0, 0, 0
406000, 12196, 1, 0, 0
407001, 1516, 0, 0, 0
407001, 620, 1, 0, 0
408000, 1493, 0, 0, 0
408000, 708, 1, 0, 0
409000, 1441, 0, 0, 0
409000, 800, 1, 0, 0
410001, 1572, 0, 0, 0
410001, 644, 1, 0, 0
411000, 1501, 0, 0, 0
411000, 692, 1, 0, 0
412000, 1453, 0, 0, 0
412000, 696, 1, 0, 0
413000, 1460, 0, 0, 0
413000, 612, 1, 0, 0
414000, 1484, 0, 0, 0
414000, 700, 1, 0, 0
415000, 1473, 0, 0, 0
415000, 584, 1, 0, 0
416000, 1429, 0, 0, 0
416000, 640, 1, 0, 0
417000, 1476, 0, 0, 0
417000, 576, 1, 0, 0
418000, 1437, 0, 0, 0
418000, 628, 1, 0, 0
419000, 1429, 0, 0, 0
419000, 656, 1, 0, 0
420000, 1516, 0, 0, 0
420000, 636, 1, 0, 0
421000, 1492, 0, 0, 0
421000, 672, 1, 0, 0
422000, 1461, 0, 0, 0
422000, 744, 1, 0, 0
423000, 1404, 0, 0, 0
423000, 700, 1, 0, 0
424000, 1465, 0, 0, 0
424000, 616, 1, 0, 0
425000, 1441, 0, 0, 0
425000, 616, 1, 0, 0
426000, 1549, 0, 0, 0
426000, 544, 1, 0, 0
427000, 1473, 0, 0, 0
427000, 688, 1, 0, 0
428000, 1504, 0, 0, 0
428000, 620, 1, 0, 0
429000, 1513, 0, 0, 0
429000, 732, 1, 0, 0
430000, 1456, 0, 0, 0
430000, 644, 1, 0, 0
431000, 1441, 0, 0, 0
431000, 560, 1, 0, 0
432000, 1424, 0, 0, 0
432000, 652, 1, 0, 0
433000, 1500, 0, 0, 0
433000, 620, 1, 0, 0
434000, 1601, 0, 0, 0
434000, 612, 1, 0, 0
435000, 1457, 0, 0, 0
435000, 596, 1, 0, 0
436000, 1496, 0, 0, 0
436000, 636, 1, 0, 0
437000, 1580, 0, 0, 0
437000, 564, 1, 0, 0
438000, 1472, 0, 0, 0
438000, 708, 1, 0, 0
439000, 1484, 0, 0, 0
439000, 560, 1, 0, 0
440000, 1489, 0, 0, 0
440000, 604, 1, 0, 0
441000, 1480, 0, 0, 0
441000, 672, 1, 0, 0
442000, 1516, 0, 0, 0
442000, 640, 1, 0, 0
443000, 1509, 0, 0, 0
443000, 524, 1, 0, 0
444000, 1481, 0, 0, 0
444000, 596, 1, 0, 0
445000, 1516, 0, 0, 0
445000, 536, 1, 0, 0
446000, 1516, 0, 0, 0
446000, 612, 1, 0, 0
447000, 1452, 0, 0, 0
447000, 604, 1, 0, 0
448000, 1481, 0, 0, 0
448000, 668, 1, 0, 0
449000, 1445, 0, 0, 0
449000, 688, 1, 0, 0
450000, 1508, 0, 0, 0
450000, 512, 1, 0, 0
451000, 1525, 0, 0, 0
451000, 504, 1, 0, 0
452000, 1492, 0, 0, 0
452000, 672, 1, 0, 0
453000, 1480, 0, 0, 0
453000, 736, 1, 0, 0
454000, 1433, 0, 0, 0
454000, 672, 1, 0, 0
455000, 1464, 0, 0, 0
455000, 564, 1, 0, 0
456000, 1464, 0, 0, 0
456000, 604, 1, 0, 0
457000, 1440, 0, 0, 0
457000, 656, 1, 0, 0
458000, 1464, 0, 0, 0
458000, 580, 1, 0, 0
459000, 1496, 0, 0, 0
459000, 664, 1, 0, 0
460000, 1468, 0, 0, 0
460000, 680, 1, 0, 0
461000, 1505, 0, 0, 0
461000, 508, 1, 0, 0
462000, 7615, 0, 0, 0
462000, 3219, 1, 0, 0
463000, 16260, 0, 0, 0
463000, 6806, 1, 0, 0
464000, 16144, 0, 0, 0
464000, 6938, 1, 0, 0
465000, 25789, 0, 0, 0
465000, 11215, 1, 0, 0
466000, 199031, 0, 0, 0
466000, 85749, 1, 0, 0
467000, 196532, 0, 0, 0
467000, 84904, 1, 0, 0
468000, 198542, 0, 0, 0
468000, 84960, 1, 0, 0
469000, 199083, 0, 0, 0
469000, 84796, 1, 0, 0
470000, 198042, 0, 0, 0
470000, 84824, 1, 0, 0
471000, 197829, 0, 0, 0
471000, 86254, 1, 0, 0
472000, 197733, 0, 0, 0
472000, 84976, 1, 0, 0
473000, 46128, 0, 0, 0
473000, 19340, 1, 0, 0
474000, 197277, 0, 0, 0
474000, 85309, 1, 0, 0
475001, 199144, 0, 0, 0
475001, 85496, 1, 0, 0
476000, 198674, 0, 0, 0
476000, 85165, 1, 0, 0
477000, 200172, 0, 0, 0
477000, 85809, 1, 0, 0
478000, 196824, 0, 0, 0
478000, 85381, 1, 0, 0
479000, 200748, 0, 0, 0
479000, 85585, 1, 0, 0
480000, 198172, 0, 0, 0
480000, 84404, 1, 0, 0
481000, 199287, 0, 0, 0
481000, 85109, 1, 0, 0
482000, 55339, 0, 0, 0
482000, 23583, 1, 0, 0
483000, 16052, 0, 0, 0
483000, 6846, 1, 0, 0
484000, 15987, 0, 0, 0
484000, 6574, 1, 0, 0
485000, 25597, 0, 0, 0
485000, 10914, 1, 0, 0
486000, 199623, 0, 0, 0
486000, 85545, 1, 0, 0
487000, 197416, 0, 0, 0
487000, 84456, 1, 0, 0
488000, 196892, 0, 0, 0
488000, 85541, 1, 0, 0
489000, 199243, 0, 0, 0
489000, 87011, 1, 0, 0
490000, 199103, 0, 0, 0
490000, 84524, 1, 0, 0
491000, 199623, 0, 0, 0
491000, 85553, 1, 0, 0
492000, 199368, 0, 0, 0
492000, 85384, 1, 0, 0
493000, 192420, 0, 0, 0
493000, 82614, 1, 0, 0
494000, 15779, 0, 0, 0
494000, 6786, 1, 0, 0
495000, 15715, 0, 0, 0
495000, 6890, 1, 0, 0
496000, 16048, 0, 0, 0
496000, 6734, 1, 0, 0
497001, 25224, 0, 0, 0
497001, 10644, 1, 0, 0
498000, 197569, 0, 0, 0
498000, 85337, 1, 0, 0
499000, 199147, 0, 0, 0
499000, 84536, 1, 0, 0
500000, 199247, 0, 0, 0
500000, 85477, 1, 0, 0
501000, 200592, 0, 0, 0
501000, 85477, 1, 0, 0
502000, 197949, 0, 0, 0
502000, 85561, 1, 0, 0
503000, 198914, 0, 0, 0
503000, 85945, 1, 0, 0
504000, 197725, 0, 0, 0
504000, 84904, 1, 0, 0
505000, 190642, 0, 0, 0
505000, 82122, 1, 0, 0
506000, 15971, 0, 0, 0
506000, 6634, 1, 0, 0
507000, 16124, 0, 0, 0
507000, 6630, 1, 0, 0
508000, 15987, 0, 0, 0
508000, 6582, 1, 0, 0
509000, 25489, 0, 0, 0
509000, 10390, 1, 0, 0
510000, 199764, 0, 0, 0
510000, 86496, 1, 0, 0
511000, 199811, 0, 0, 0
511000, 85657, 1, 0, 0
512000, 200020, 0, 0, 0
512000, 84820, 1, 0, 0
513000, 199295, 0, 0, 0
513000, 85493, 1, 0, 0
514000, 196752, 0, 0, 0
514000, 85508, 1, 0, 0
515000, 200864, 0, 0, 0
515000, 85233, 1, 0, 0
516000, 198952, 0, 0, 0
516000, 84952, 1, 0, 0
517000, 188668, 0, 0, 0
517000, 81597, 1, 0, 0
518000, 16148, 0, 0, 0
518000, 6938, 1, 0, 0
519000, 16308, 0, 0, 0
519000, 6958, 1, 0, 0
520000, 15723, 0, 0, 0
520000, 6794, 1, 0, 0
521000, 25441, 0, 0, 0
521000, 10722, 1, 0, 0
522000, 199943, 0, 0, 0
522000, 86258, 1, 0, 0
523000, 200248, 0, 0, 0
523000, 85461, 1, 0, 0
524001, 198968, 0, 0, 0
524001, 86296, 1, 0, 0
525000, 195323, 0, 0, 0
525000, 85221, 1, 0, 0
526001, 1516, 0, 0, 0
526001, 640, 1, 0, 0
527000, 1497, 0, 0, 0
527000, 632, 1, 0, 0
528000, 1488, 0, 0, 0
528000, 692, 1, 0, 0
529000, 1489, 0, 0, 0
529000, 656, 1, 0, 0
530000, 1476, 0, 0, 0
530000, 720, 1, 0, 0
531000, 1549, 0, 0, 0
531000, 792, 1, 0, 0
532000, 1473, 0, 0, 0
532000, 608, 1, 0, 0
533000, 1568, 0, 0, 0
533000, 680, 1, 0, 0
534000, 1585, 0, 0, 0
534000, 672, 1, 0, 0
535000, 1564, 0, 0, 0
535000, 644, 1, 0, 0
536000, 1413, 0, 0, 0
536000, 580, 1, 0, 0
537000, 1424, 0, 0, 0
537000, 692, 1, 0, 0
538000, 1420, 0, 0, 0
538000, 596, 1, 0, 0
539000, 1425, 0, 0, 0
539000, 624, 1, 0, 0
540000, 1512, 0, 0, 0
540000, 576, 1, 0, 0
541000, 1436, 0, 0, 0
541000, 632, 1, 0, 0
542000, 1516, 0, 0, 0
542000, 616, 1, 0, 0
543000, 1456, 0, 0, 0
543000, 624, 1, 0, 0
544000, 1468, 0, 0, 0
544000, 664, 1, 0, 0
545001, 1484, 0, 0, 0
545001, 632, 1, 0, 0
546001, 1489, 0, 0, 0
546001, 580, 1, 0, 0
547001, 1401, 0, 0, 0
547001, 640, 1, 0, 0
548001, 1456, 0, 0, 0
548001, 588, 1, 0, 0
549000, 1461, 0, 0, 0
549000, 672, 1, 0, 0
550001, 1524, 0, 0, 0
550001, 652, 1, 0, 0
551001, 1476, 0, 0, 0
551001, 688, 1, 0, 0
552000, 1525, 0, 0, 0
552000, 580, 1, 0, 0
553000, 1517, 0, 0, 0
553000, 572, 1, 0, 0
554000, 1601, 0, 0, 0
554000, 640, 1, 0, 0
555001, 1468, 0, 0, 0
555001, 640, 1, 0, 0
556000, 1545, 0, 0, 0
556000, 596, 1, 0, 0
557001, 1464, 0, 0, 0
557001, 672, 1, 0, 0
558001, 1588, 0, 0, 0
558001, 728, 1, 0, 0
559002, 1558, 0, 0, 0
559002, 667, 1, 0, 0
560003, 1498, 0, 0, 0
560003, 651, 1, 0, 0
561003, 1464, 0, 0, 0
561003, 704, 1, 0, 0
562004, 1498, 0, 0, 0
562004, 619, 1, 0, 0
563004, 1476, 0, 0, 0
563004, 648, 1, 0, 0
564005, 1446, 0, 0, 0
564005, 583, 1, 0, 0
565006, 1460, 0, 0, 0
565006, 656, 1, 0, 0
566006, 1448, 0, 0, 0
566006, 676, 1, 0, 0
567006, 1468, 0, 0, 0
567006, 652, 1, 0, 0
568006, 1488, 0, 0, 0
568006, 608, 1, 0, 0
569007, 1570, 0, 0, 0
569007, 583, 1, 0, 0
570007, 1488, 0, 0, 0
570007, 696, 1, 0, 0
571007, 1420, 0, 0, 0
571007, 584, 1, 0, 0
572008, 1486, 0, 0, 0
572008, 587, 1, 0, 0
573009, 1550, 0, 0, 0
573009, 675, 1, 0, 0
574010, 1510, 0, 0, 0
574010, 603, 1, 0, 0
575010, 1408, 0, 0, 0
575010, 744, 1, 0, 0
576011, 1528, 0, 0, 0
576011, 576, 1, 0, 0
577012, 1470, 0, 0, 0
577012, 639, 1, 0, 0
578012, 1484, 0, 0, 0
578012, 644, 1, 0, 0
579012, 1480, 0, 0, 0
579012, 620, 1, 0, 0
580013, 1538, 0, 0, 0
580013, 615, 1, 0, 0
581014, 1664, 0, 0, 0
581014, 752, 1, 0, 0
582014, 7728, 0, 0, 0
582014, 3484, 1, 0, 0
583015, 15556, 0, 0, 0
583015, 6804, 1, 0, 0
584016, 15672, 0, 0, 0
584016, 6789, 1, 0, 0
585017, 28312, 0, 0, 0
585017, 12332, 1, 0, 0
586018, 199744, 0, 0, 0
586018, 85618, 1, 0, 0
587019, 200696, 0, 0, 0
587019, 84320, 1, 0, 0
588020, 199072, 0, 0, 0
588020, 85302, 1, 0, 0
589020, 199144, 0, 0, 0
589020, 84956, 1, 0, 0
590021, 199712, 0, 0, 0
590021, 84912, 1, 0, 0
591022, 198929, 0, 0, 0
591022, 86913, 1, 0, 0
592023, 199520, 0, 0, 0
592023, 85208, 1, 0, 0
593024, 196736, 0, 0, 0
593024, 86068, 1, 0, 0
594024, 198780, 0, 0, 0
594024, 85304, 1, 0, 0
595026, 199844, 0, 0, 0
595026, 85178, 1, 0, 0
596027, 198352, 0, 0, 0
596027, 85104, 1, 0, 0
597027, 115636, 0, 0, 0
597027, 49448, 1, 0, 0
598028, 199576, 0, 0, 0
598028, 84876, 1, 0, 0
599029, 199264, 0, 0, 0
599029, 87100, 1, 0, 0
600031, 198465, 0, 0, 0
600031, 85754, 1, 0, 0
601032, 201570, 0, 0, 0
601032, 85390, 1, 0, 0
602032, 199140, 0, 0, 0
602032, 85068, 1, 0, 0
603033, 200572, 0, 0, 0
603033, 84876, 1, 0, 0
604034, 198380, 0, 0, 0
604034, 85268, 1, 0, 0
605035, 200227, 0, 0, 0
605035, 85202, 1, 0, 0
606037, 48759, 0, 0, 0
606037, 21618, 1, 0, 0
607038, 15936, 0, 0, 0
607038, 6328, 1, 0, 0
608038, 15736, 0, 0, 0
608038, 6852, 1, 0, 0
609040, 32715, 0, 0, 0
609040, 14065, 1, 0, 0
610040, 199936, 0, 0, 0
610040, 84856, 1, 0, 0
611041, 198385, 0, 0, 0
611041, 84179, 1, 0, 0
612042, 199280, 0, 0, 0
612042, 85944, 1, 0, 0
613043, 198416, 0, 0, 0
613043, 85872, 1, 0, 0
614043, 199320, 0, 0, 0
614043, 85328, 1, 0, 0
615044, 197970, 0, 0, 0
615044, 84571, 1, 0, 0
616045, 198848, 0, 0, 0
616045, 84288, 1, 0, 0
617046, 191720, 0, 0, 0
617046, 81896, 1, 0, 0
618047, 15668, 0, 0, 0
618047, 6853, 1, 0, 0
619048, 15904, 0, 0, 0
619048, 6453, 1, 0, 0
620049, 15740, 0, 0, 0
620049, 6865, 1, 0, 0
621050, 34312, 0, 0, 0
621050, 14776, 1, 0, 0
622051, 198565, 0, 0, 0
622051, 84443, 1, 0, 0
623052, 197510, 0, 0, 0
623052, 84495, 1, 0, 0
624053, 199340, 0, 0, 0
624053, 85006, 1, 0, 0
625054, 198833, 0, 0, 0
625054, 84951, 1, 0, 0
626055, 198037, 0, 0, 0
626055, 85246, 1, 0, 0
627056, 199492, 0, 0, 0
627056, 84743, 1, 0, 0
628057, 196447, 0, 0, 0
628057, 84999, 1, 0, 0
629058, 186065, 0, 0, 0
629058, 80227, 1, 0, 0
630059, 16031, 0, 0, 0
630059, 6421, 1, 0, 0
631059, 15680, 0, 0, 0
631059, 6760, 1, 0, 0
632060, 15668, 0, 0, 0
632060, 6733, 1, 0, 0
633061, 36119, 0, 0, 0
633061, 15648, 1, 0, 0
634062, 200040, 0, 0, 0
634062, 85068, 1, 0, 0
635063, 198520, 0, 0, 0
635063, 85756, 1, 0, 0
636063, 199372, 0, 0, 0
636063, 85352, 1, 0, 0
637064, 198780, 0, 0, 0
637064, 84892, 1, 0, 0
638065, 197820, 0, 0, 0
638065, 85512, 1, 0, 0
639066, 199288, 0, 0, 0
639066, 85240, 1, 0, 0
640067, 198141, 0, 0, 0
640067, 84523, 1, 0, 0
641068, 182376, 0, 0, 0
641068, 77828, 1, 0, 0
642069, 15684, 0, 0, 0
642069, 6680, 1, 0, 0
643070, 15700, 0, 0, 0
643070, 6577, 1, 0, 0
644071, 15940, 0, 0, 0
644071, 6628, 1, 0, 0
645071, 38184, 0, 0, 0
645071, 16380, 1, 0, 0
646072, 199420, 0, 0, 0
646072, 85462, 1, 0, 0
647073, 197194, 0, 0, 0
647073, 84331, 1, 0, 0
648074, 199524, 0, 0, 0
648074, 84623, 1, 0, 0
649075, 200112, 0, 0, 0
649075, 85524, 1, 0, 0
650076, 199684, 0, 0, 0
650076, 84443, 1, 0, 0
651077, 199516, 0, 0, 0
651077, 85484, 1, 0, 0
652078, 198761, 0, 0, 0
652078, 85370, 1, 0, 0
653079, 179820, 0, 0, 0
653079, 77554, 1, 0, 0
654080, 16016, 0, 0, 0
654080, 6664, 1, 0, 0
655081, 15548, 0, 0, 0
655081, 6840, 1, 0, 0
656081, 15796, 0, 0, 0
656081, 6700, 1, 0, 0
657082, 40355, 0, 0, 0
657082, 17258, 1, 0, 0
658083, 199032, 0, 0, 0
658083, 86040, 1, 0, 0
659084, 198777, 0, 0, 0
659084, 86037, 1, 0, 0
660085, 200764, 0, 0, 0
660085, 85068, 1, 0, 0
661086, 198945, 0, 0, 0
661086, 84767, 1, 0, 0
662087, 199732, 0, 0, 0
662087, 83596, 1, 0, 0
663088, 199136, 0, 0, 0
663088, 84980, 1, 0, 0
664089, 199316, 0, 0, 0
664089, 85092, 1, 0, 0
665090, 177766, 0, 0, 0
665090, 76451, 1, 0, 0
666091, 15852, 0, 0, 0
666091, 6576, 1, 0, 0
667092, 15544, 0, 0, 0
667092, 6768, 1, 0, 0
668093, 15720, 0, 0, 0
668093, 6808, 1, 0, 0
669094, 42521, 0, 0, 0
669094, 17934, 1, 0, 0
670095, 198921, 0, 0, 0
670095, 85678, 1, 0, 0
671096, 197568, 0, 0, 0
671096, 85868, 1, 0, 0
672097, 197812, 0, 0, 0
672097, 84692, 1, 0, 0
673098, 200007, 0, 0, 0
673098, 85386, 1, 0, 0
674099, 197342, 0, 0, 0
674099, 84391, 1, 0, 0
675100, 197892, 0, 0, 0
675100, 85092, 1, 0, 0
676101, 197478, 0, 0, 0
676101, 84623, 1, 0, 0
677102, 175044, 0, 0, 0
677102, 75488, 1, 0, 0
678103, 15700, 0, 0, 0
678103, 6708, 1, 0, 0
679104, 15788, 0, 0, 0
679104, 6388, 1, 0, 0
680105, 15748, 0, 0, 0
680105, 6797, 1, 0, 0
681106, 44740, 0, 0, 0
681106, 19536, 1, 0, 0
682107, 200419, 0, 0, 0
682107, 85042, 1, 0, 0
683108, 198636, 0, 0, 0
683108, 84076, 1, 0, 0
684109, 199084, 0, 0, 0
684109, 85646, 1, 0, 0
685110, 197862, 0, 0, 0
685110, 85330, 1, 0, 0
686110, 199628, 0, 0, 0
686110, 85344, 1, 0, 0
687111, 198724, 0, 0, 0
687111, 84384, 1, 0, 0
688112, 199804, 0, 0, 0
688112, 85312, 1, 0, 0
689113, 173164, 0, 0, 0
689113, 74728, 1, 0, 0
690114, 15804, 0, 0, 0
690114, 6864, 1, 0, 0
691115, 15656, 0, 0, 0
691115, 6608, 1, 0, 0
692116, 15912, 0, 0, 0
692116, 6753, 1, 0, 0
693117, 47312, 0, 0, 0
693117, 19996, 1, 0, 0
694118, 198681, 0, 0, 0
694118, 86185, 1, 0, 0
695120, 196667, 0, 0, 0
695120, 84939, 1, 0, 0
696120, 198720, 0, 0, 0
696120, 84320, 1, 0, 0
697121, 199612, 0, 0, 0
697121, 85826, 1, 0, 0
698122, 198285, 0, 0, 0
698122, 85754, 1, 0, 0
699124, 199324, 0, 0, 0
699124, 86573, 1, 0, 0
700124, 199136, 0, 0, 0
700124, 85732, 1, 0, 0
701126, 197018, 0, 0, 0
701126, 84307, 1, 0, 0
702126, 200548, 0, 0, 0
702126, 86404, 1, 0, 0
703127, 199260, 0, 0, 0
703127, 85510, 1, 0, 0
704128, 196952, 0, 0, 0
704128, 84968, 1, 0, 0
705129, 199096, 0, 0, 0
705129, 85582, 1, 0, 0
706130, 199012, 0, 0, 0
706130, 85452, 1, 0, 0
707131, 199160, 0, 0, 0
707131, 85882, 1, 0, 0
708132, 198901, 0, 0, 0
708132, 85722, 1, 0, 0
709133, 200151, 0, 0, 0
709133, 85950, 1, 0, 0
710134, 33142, 0, 0, 0
710134, 14225, 1, 0, 0
711135, 15380, 0, 0, 0
711135, 6753, 1, 0, 0
712136, 15860, 0, 0, 0
712136, 6700, 1, 0, 0
713137, 50373, 0, 0, 0
713137, 22153, 1, 0, 0
714138, 200208, 0, 0, 0
714138, 85844, 1, 0, 0
715139, 199272, 0, 0, 0
715139, 84927, 1, 0, 0
716140, 200556, 0, 0, 0
716140, 85724, 1, 0, 0
717140, 199155, 0, 0, 0
717140, 84812, 1, 0, 0
718140, 200228, 0, 0, 0
718140, 85817, 1, 0, 0
719139, 198442, 0, 0, 0
719139, 86270, 1, 0, 0
720139, 199971, 0, 0, 0
720139, 85181, 1, 0, 0
721139, 167228, 0, 0, 0
721139, 70736, 1, 0, 0
722140, 15724, 0, 0, 0
722140, 6872, 1, 0, 0
723140, 15495, 0, 0, 0
723140, 6678, 1, 0, 0
724140, 15795, 0, 0, 0
724140, 6642, 1, 0, 0
725140, 51831, 0, 0, 0
725140, 22070, 1, 0, 0
726140, 200388, 0, 0, 0
726140, 85049, 1, 0, 0
727140, 199803, 0, 0, 0
727140, 85261, 1, 0, 0
728140, 199191, 0, 0, 0
728140, 85377, 1, 0, 0
729140, 200072, 0, 0, 0
729140, 84644, 1, 0, 0
730139, 197957, 0, 0, 0
730139, 84948, 1, 0, 0
731139, 199780, 0, 0, 0
731139, 85388, 1, 0, 0
732139, 198422, 0, 0, 0
732139, 84612, 1, 0, 0
733139, 164680, 0, 0, 0
733139, 72672, 1, 0, 0
734140, 15728, 0, 0, 0
734140, 6776, 1, 0, 0
735140, 15791, 0, 0, 0
735140, 6422, 1, 0, 0
736140, 15895, 0, 0, 0
736140, 6662, 1, 0, 0
737140, 51356, 0, 0, 0
737140, 22220, 1, 0, 0
738140, 200364, 0, 0, 0
738140, 85885, 1, 0, 0
739140, 198106, 0, 0, 0
739140, 86298, 1, 0, 0
740140, 198402, 0, 0, 0
740140, 84272, 1, 0, 0
741140, 198638, 0, 0, 0
741140, 84312, 1, 0, 0
742140, 196872, 0, 0, 0
742140, 85169, 1, 0, 0
743140, 199483, 0, 0, 0
743140, 86370, 1, 0, 0
744139, 198866, 0, 0, 0
744139, 85493, 1, 0, 0
745139, 163459, 0, 0, 0
745139, 70622, 1, 0, 0
746139, 16128, 0, 0, 0
746139, 6560, 1, 0, 0
747139, 15755, 0, 0, 0
747139, 6638, 1, 0, 0
748139, 15699, 0, 0, 0
748139, 6674, 1, 0, 0
749139, 51503, 0, 0, 0
749139, 21841, 1, 0, 0
750139, 199739, 0, 0, 0
750139, 86038, 1, 0, 0
751139, 199519, 0, 0, 0
751139, 85965, 1, 0, 0
752139, 199347, 0, 0, 0
752139, 85737, 1, 0, 0
753139, 199292, 0, 0, 0
753139, 84608, 1, 0, 0
754140, 198468, 0, 0, 0
754140, 84004, 1, 0, 0
755140, 198498, 0, 0, 0
755140, 84576, 1, 0, 0
756140, 198774, 0, 0, 0
756140, 85445, 1, 0, 0
757140, 165333, 0, 0, 0
757140, 72008, 1, 0, 0
758140, 15915, 0, 0, 0
758140, 6598, 1, 0, 0
759140, 15611, 0, 0, 0
759140, 6618, 1, 0, 0
760139, 15699, 0, 0, 0
760139, 6902, 1, 0, 0
761139, 51499, 0, 0, 0
761139, 22138, 1, 0, 0
762139, 200080, 0, 0, 0
762139, 84152, 1, 0, 0
763139, 198298, 0, 0, 0
763139, 84908, 1, 0, 0
764139, 198386, 0, 0, 0
764139, 85849, 1, 0, 0
765139, 198886, 0, 0, 0
765139, 85661, 1, 0, 0
766139, 198258, 0, 0, 0
766139, 84308, 1, 0, 0
767139, 199327, 0, 0, 0
767139, 83367, 1, 0, 0
768139, 198434, 0, 0, 0
768139, 83879, 1, 0, 0
769139, 176556, 0, 0, 0
769139, 75427, 1, 0, 0
770139, 15891, 0, 0, 0
770139, 6710, 1, 0, 0
771140, 15948, 0, 0, 0
771140, 6408, 1, 0, 0
772140, 16104, 0, 0, 0
772140, 6490, 1, 0, 0
773139, 51611, 0, 0, 0
773140, 21481, 1, 0, 0
774139, 197501, 0, 0, 0
774139, 84812, 1, 0, 0
775139, 199647, 0, 0, 0
775139, 85777, 1, 0, 0
776139, 199359, 0, 0, 0
776139, 85425, 1, 0, 0
777139, 199251, 0, 0, 0
777139, 85513, 1, 0, 0
778139, 198138, 0, 0, 0
778139, 84548, 1, 0, 0
779139, 200716, 0, 0, 0
779139, 85785, 1, 0, 0
780139, 198402, 0, 0, 0
780139, 84012, 1, 0, 0
781139, 172276, 0, 0, 0
781139, 73541, 1, 0, 0
782139, 15824, 0, 0, 0
782139, 6616, 1, 0, 0
783139, 15587, 0, 0, 0
783139, 6626, 1, 0, 0
784139, 15643, 0, 0, 0
784139, 6850, 1, 0, 0
785139, 51312, 0, 0, 0
785139, 21500, 1, 0, 0
786139, 200952, 0, 0, 0
786139, 84496, 1, 0, 0
787140, 60072, 0, 0, 0
787140, 26092, 1, 0, 0
788140, 1505, 0, 0, 0
788140, 660, 1, 0, 0
789141, 1506, 0, 0, 0
789141, 667, 1, 0, 0
790142, 1514, 0, 0, 0
790142, 615, 1, 0, 0
791143, 1398, 0, 0, 0
791143, 619, 1, 0, 0
792144, 1422, 0, 0, 0
792144, 655, 1, 0, 0
793144, 1520, 0, 0, 0
793144, 568, 1, 0, 0
794145, 1466, 0, 0, 0
794145, 531, 1, 0, 0
795146, 1450, 0, 0, 0
795146, 727, 1, 0, 0
796147, 1446, 0, 0, 0
796147, 551, 1, 0, 0
797147, 1440, 0, 0, 0
797147, 600, 1, 0, 0
798148, 1474, 0, 0, 0
798148, 703, 1, 0, 0
799149, 1456, 0, 0, 0
799149, 660, 1, 0, 0
800149, 1448, 0, 0, 0
800149, 580, 1, 0, 0
801149, 1540, 0, 0, 0
801149, 796, 1, 0, 0
802150, 1478, 0, 0, 0
802150, 475, 1, 0, 0
803151, 1474, 0, 0, 0
803151, 675, 1, 0, 0
804152, 1510, 0, 0, 0
804152, 735, 1, 0, 0
805152, 1596, 0, 0, 0
805152, 672, 1, 0, 0
806152, 1436, 0, 0, 0
806152, 600, 1, 0, 0
807154, 1454, 0, 0, 0
807154, 659, 1, 0, 0
808155, 1430, 0, 0, 0
808155, 611, 1, 0, 0
809156, 1488, 0, 0, 0
809156, 672, 1, 0, 0
810157, 1402, 0, 0, 0
810157, 711, 1, 0, 0
811157, 1480, 0, 0, 0
811157, 568, 1, 0, 0
812158, 1462, 0, 0, 0
812158, 659, 1, 0, 0
813159, 1586, 0, 0, 0
813159, 591, 1, 0, 0
814160, 1462, 0, 0, 0
814160, 671, 1, 0, 0
815161, 1534, 0, 0, 0
815161, 591, 1, 0, 0
816162, 1500, 0, 0, 0
816162, 580, 1, 0, 0
817162, 1480, 0, 0, 0
817162, 648, 1, 0, 0
818162, 1464, 0, 0, 0
818162, 664, 1, 0, 0
819163, 1438, 0, 0, 0
819163, 647, 1, 0, 0
820164, 1548, 0, 0, 0
820164, 644, 1, 0, 0
821165, 1546, 0, 0, 0
821165, 663, 1, 0, 0
822166, 1498, 0, 0, 0
822166, 595, 1, 0, 0
823166, 1428, 0, 0, 0
823166, 580, 1, 0, 0
824167, 1466, 0, 0, 0
824167, 551, 1, 0, 0
825168, 1516, 0, 0, 0
825168, 584, 1, 0, 0
826169, 1422, 0, 0, 0
826169, 643, 1, 0, 0
827169, 1424, 0, 0, 0
827169, 720, 1, 0, 0
828169, 1464, 0, 0, 0
828169, 684, 1, 0, 0
829170, 1490, 0, 0, 0
829170, 615, 1, 0, 0
830172, 1498, 0, 0, 0
830172, 759, 1, 0, 0
831173, 1458, 0, 0, 0
831173, 559, 1, 0, 0
832173, 1420, 0, 0, 0
832173, 660, 1, 0, 0
833173, 1428, 0, 0, 0
833173, 652, 1, 0, 0
834173, 1484, 0, 0, 0
834173, 704, 1, 0, 0
835173, 1416, 0, 0, 0
835173, 576, 1, 0, 0
836174, 1486, 0, 0, 0
836174, 655, 1, 0, 0
837175, 1476, 0, 0, 0
837175, 608, 1, 0, 0
838175, 1452, 0, 0, 0
838175, 656, 1, 0, 0
839175, 1440, 0, 0, 0
839175, 588, 1, 0, 0
840176, 1544, 0, 0, 0
840176, 516, 1, 0, 0
841177, 1454, 0, 0, 0
841177, 691, 1, 0, 0
842178, 1518, 0, 0, 0
842178, 615, 1, 0, 0
843178, 5388, 0, 0, 0
843178, 2520, 1, 0, 0
844179, 15792, 0, 0, 0
844179, 6816, 1, 0, 0
845180, 58801, 0, 0, 0
845180, 25562, 1, 0, 0
846181, 198189, 0, 0, 0
846181, 84491, 1, 0, 0
847182, 198101, 0, 0, 0
847182, 86685, 1, 0, 0
848183, 196503, 0, 0, 0
848183, 84231, 1, 0, 0
849184, 197948, 0, 0, 0
849184, 84940, 1, 0, 0
850185, 195504, 0, 0, 0
850185, 84587, 1, 0, 0
851186, 148860, 0, 0, 0
851186, 63104, 1, 0, 0
852186, 15896, 0, 0, 0
852186, 6504, 1, 0, 0
853187, 59020, 0, 0, 0
853187, 25954, 1, 0, 0
854189, 195896, 0, 0, 0
854189, 84835, 1, 0, 0
855189, 197452, 0, 0, 0
855189, 84716, 1, 0, 0
856190, 195560, 0, 0, 0
856190, 85596, 1, 0, 0
857191, 198220, 0, 0, 0
857191, 84960, 1, 0, 0
858193, 197034, 0, 0, 0
858193, 84451, 1, 0, 0
859194, 197364, 0, 0, 0
859194, 85060, 1, 0, 0
860195, 195512, 0, 0, 0
860195, 83968, 1, 0, 0
861196, 191288, 0, 0, 0
861196, 81788, 1, 0, 0
862197, 15592, 0, 0, 0
862197, 6996, 1, 0, 0
863198, 15844, 0, 0, 0
863198, 6573, 1, 0, 0
864199, 15760, 0, 0, 0
864199, 6809, 1, 0, 0
865200, 62613, 0, 0, 0
865200, 26925, 1, 0, 0
866201, 197856, 0, 0, 0
866201, 85020, 1, 0, 0
867202, 196112, 0, 0, 0
867202, 83608, 1, 0, 0
868203, 195428, 0, 0, 0
868203, 85264, 1, 0, 0
869204, 198349, 0, 0, 0
869204, 84699, 1, 0, 0
870205, 198176, 0, 0, 0
870205, 84320, 1, 0, 0
871206, 196555, 0, 0, 0
871206, 84063, 1, 0, 0
872207, 197164, 0, 0, 0
872207, 83312, 1, 0, 0
873208, 170336, 0, 0, 0
873208, 72644, 1, 0, 0
874209, 15836, 0, 0, 0
874209, 6737, 1, 0, 0
875210, 15564, 0, 0, 0
875210, 6565, 1, 0, 0
876211, 15712, 0, 0, 0
876211, 6765, 1, 0, 0
877212, 64436, 0, 0, 0
877212, 26868, 1, 0, 0
878213, 196680, 0, 0, 0
878213, 84008, 1, 0, 0
879213, 196636, 0, 0, 0
879213, 84556, 1, 0, 0
880214, 195060, 0, 0, 0
880214, 85394, 1, 0, 0
881215, 198117, 0, 0, 0
881215, 85738, 1, 0, 0
882216, 198468, 0, 0, 0
882216, 84612, 1, 0, 0
883217, 198365, 0, 0, 0
883217, 85330, 1, 0, 0
884218, 196463, 0, 0, 0
884218, 83688, 1, 0, 0
885219, 163104, 0, 0, 0
885219, 69200, 1, 0, 0
886220, 15652, 0, 0, 0
886220, 6828, 1, 0, 0
887221, 15592, 0, 0, 0
887221, 6644, 1, 0, 0
888222, 15608, 0, 0, 0
888222, 6760, 1, 0, 0
889223, 66165, 0, 0, 0
889223, 28091, 1, 0, 0
890224, 195924, 0, 0, 0
890224, 84571, 1, 0, 0
891225, 195908, 0, 0, 0
891225, 83988, 1, 0, 0
892226, 195812, 0, 0, 0
892226, 85156, 1, 0, 0
893227, 196872, 0, 0, 0
893227, 84052, 1, 0, 0
894228, 196423, 0, 0, 0
894228, 83600, 1, 0, 0
895229, 197016, 0, 0, 0
895229, 84300, 1, 0, 0
896230, 196736, 0, 0, 0
896230, 83264, 1, 0, 0
897231, 167384, 0, 0, 0
897231, 71932, 1, 0, 0
898232, 15924, 0, 0, 0
898232, 6712, 1, 0, 0
899233, 15348, 0, 0, 0
899233, 6728, 1, 0, 0
900234, 15892, 0, 0, 0
900234, 6581, 1, 0, 0
901235, 67676, 0, 0, 0
901235, 29548, 1, 0, 0
902236, 196075, 0, 0, 0
902236, 84571, 1, 0, 0
903237, 198980, 0, 0, 0
903237, 84912, 1, 0, 0
904238, 198608, 0, 0, 0
904238, 85004, 1, 0, 0
905239, 199644, 0, 0, 0
905239, 85460, 1, 0, 0
906240, 197586, 0, 0, 0
906240, 84647, 1, 0, 0
907241, 196304, 0, 0, 0
907241, 83908, 1, 0, 0
908242, 195888, 0, 0, 0
908242, 84575, 1, 0, 0
909243, 157258, 0, 0, 0
909243, 66981, 1, 0, 0
910244, 15356, 0, 0, 0
910244, 6976, 1, 0, 0
911245, 15512, 0, 0, 0
911245, 6761, 1, 0, 0
912246, 15936, 0, 0, 0
912246, 6681, 1, 0, 0
913247, 71668, 0, 0, 0
913247, 30732, 1, 0, 0
914248, 196843, 0, 0, 0
914248, 84279, 1, 0, 0
915249, 196344, 0, 0, 0
915249, 83780, 1, 0, 0
916250, 196672, 0, 0, 0
916250, 84744, 1, 0, 0
917251, 197620, 0, 0, 0
917251, 83732, 1, 0, 0
918252, 196508, 0, 0, 0
918252, 83864, 1, 0, 0
919253, 196295, 0, 0, 0
919253, 84815, 1, 0, 0
920254, 197568, 0, 0, 0
920254, 83240, 1, 0, 0
921255, 162972, 0, 0, 0
921255, 69608, 1, 0, 0
922255, 15648, 0, 0, 0
922255, 6820, 1, 0, 0
923256, 15412, 0, 0, 0
923256, 6664, 1, 0, 0
924257, 16031, 0, 0, 0
924257, 6445, 1, 0, 0
925258, 74188, 0, 0, 0
925258, 31400, 1, 0, 0
926259, 197190, 0, 0, 0
926259, 84859, 1, 0, 0
927260, 196631, 0, 0, 0
927260, 83844, 1, 0, 0
928261, 196843, 0, 0, 0
928261, 84091, 1, 0, 0
929262, 199212, 0, 0, 0
929262, 86393, 1, 0, 0
930263, 196580, 0, 0, 0
930263, 83740, 1, 0, 0
931264, 196432, 0, 0, 0
931264, 84896, 1, 0, 0
932265, 198325, 0, 0, 0
932265, 84355, 1, 0, 0
933266, 154013, 0, 0, 0
933266, 65858, 1, 0, 0
934267, 15664, 0, 0, 0
934267, 6904, 1, 0, 0
935268, 15620, 0, 0, 0
935268, 6912, 1, 0, 0
936268, 16996, 0, 0, 0
936268, 7116, 1, 0, 0
937269, 76132, 0, 0, 0
937269, 32148, 1, 0, 0
938270, 198960, 0, 0, 0
938270, 85116, 1, 0, 0
939271, 195828, 0, 0, 0
939271, 84175, 1, 0, 0
940272, 199224, 0, 0, 0
940272, 84359, 1, 0, 0
941273, 199740, 0, 0, 0
941273, 84271, 1, 0, 0
942274, 197182, 0, 0, 0
942274, 85662, 1, 0, 0
943275, 197188, 0, 0, 0
943275, 84668, 1, 0, 0
944276, 197124, 0, 0, 0
944276, 83560, 1, 0, 0
945277, 152347, 0, 0, 0
945277, 64339, 1, 0, 0
946278, 16095, 0, 0, 0
946278, 7496, 1, 0, 0
947279, 15912, 0, 0, 0
947279, 6996, 1, 0, 0
948279, 16332, 0, 0, 0
948279, 6792, 1, 0, 0
949280, 76715, 0, 0, 0
949280, 33130, 1, 0, 0
950281, 197548, 0, 0, 0
950281, 83536, 1, 0, 0
951282, 196299, 0, 0, 0
951282, 84451, 1, 0, 0
952283, 197434, 0, 0, 0
952283, 84627, 1, 0, 0
953284, 198272, 0, 0, 0
953284, 84156, 1, 0, 0
954285, 196408, 0, 0, 0
954285, 84456, 1, 0, 0
955286, 196495, 0, 0, 0
955286, 84991, 1, 0, 0
956286, 196612, 0, 0, 0
956286, 84088, 1, 0, 0
957287, 151456, 0, 0, 0
957287, 64827, 1, 0, 0
958288, 16003, 0, 0, 0
958288, 6637, 1, 0, 0
959289, 16071, 0, 0, 0
959289, 6861, 1, 0, 0
960290, 15812, 0, 0, 0
960290, 6864, 1, 0, 0
961291, 80159, 0, 0, 0
961291, 34021, 1, 0, 0
962292, 198913, 0, 0, 0
962292, 85486, 1, 0, 0
963293, 198289, 0, 0, 0
963293, 84811, 1, 0, 0
964294, 198569, 0, 0, 0
964294, 84483, 1, 0, 0
965295, 197114, 0, 0, 0
965295, 83756, 1, 0, 0
966295, 198160, 0, 0, 0
966295, 84956, 1, 0, 0
967296, 198908, 0, 0, 0
967296, 84440, 1, 0, 0
968297, 197368, 0, 0, 0
968297, 83760, 1, 0, 0
969298, 146697, 0, 0, 0
969298, 63100, 1, 0, 0
970299, 15948, 0, 0, 0
970299, 6889, 1, 0, 0
971300, 15888, 0, 0, 0
971300, 6940, 1, 0, 0
972301, 15852, 0, 0, 0
972301, 6801, 1, 0, 0
973302, 81536, 0, 0, 0
973302, 34308, 1, 0, 0
974303, 198373, 0, 0, 0
974303, 84679, 1, 0, 0
975304, 198096, 0, 0, 0
975304, 84536, 1, 0, 0
976305, 197312, 0, 0, 0
976305, 85064, 1, 0, 0
977306, 196927, 0, 0, 0
977306, 83232, 1, 0, 0
978307, 197278, 0, 0, 0
978307, 84371, 1, 0, 0
979308, 198981, 0, 0, 0
979308, 84891, 1, 0, 0
980309, 198868, 0, 0, 0
980309, 84288, 1, 0, 0
981310, 148080, 0, 0, 0
981310, 63292, 1, 0, 0
982310, 15808, 0, 0, 0
982310, 6900, 1, 0, 0
983311, 15660, 0, 0, 0
983311, 6740, 1, 0, 0
984312, 15880, 0, 0, 0
984312, 6832, 1, 0, 0
985313, 83220, 0, 0, 0
985313, 35620, 1, 0, 0
986314, 196948, 0, 0, 0
986314, 85424, 1, 0, 0
987315, 195300, 0, 0, 0
987315, 84880, 1, 0, 0
988316, 197772, 0, 0, 0
988316, 84992, 1, 0, 0
989317, 196863, 0, 0, 0
989317, 84675, 1, 0, 0
990317, 197792, 0, 0, 0
990317, 85084, 1, 0, 0
991318, 198005, 0, 0, 0
991318, 84975, 1, 0, 0
992319, 197270, 0, 0, 0
992319, 84391, 1, 0, 0
993319, 136680, 0, 0, 0
993319, 59164, 1, 0, 0
994320, 16055, 0, 0, 0
994320, 6757, 1, 0, 0
995321, 16035, 0, 0, 0
995321, 6537, 1, 0, 0
996322, 16231, 0, 0, 0
996322, 7016, 1, 0, 0
997323, 85868, 0, 0, 0
997323, 36452, 1, 0, 0
998324, 199084, 0, 0, 0
998324, 85558, 1, 0, 0
999324, 198800, 0, 0, 0
999324, 84512, 1, 0, 0
1000325, 200843, 0, 0, 0
1000325, 84943, 1, 0, 0
1001326, 199900, 0, 0, 0
1001326, 84788, 1, 0, 0
1002327, 198708, 0, 0, 0
1002327, 86056, 1, 0, 0
1003328, 199540, 0, 0, 0
1003328, 84856, 1, 0, 0
1004329, 197906, 0, 0, 0
1004329, 84811, 1, 0, 0
1005330, 133110, 0, 0, 0
1005330, 57262, 1, 0, 0
1006331, 16028, 0, 0, 0
1006331, 6688, 1, 0, 0
1007332, 15716, 0, 0, 0
1007332, 6697, 1, 0, 0
1008333, 15832, 0, 0, 0
1008333, 6944, 1, 0, 0
1009334, 87488, 0, 0, 0
1009334, 37710, 1, 0, 0
1010335, 199584, 0, 0, 0
1010335, 85198, 1, 0, 0
1011336, 198904, 0, 0, 0
1011336, 84596, 1, 0, 0
1012337, 197594, 0, 0, 0
1012337, 84859, 1, 0, 0
1013338, 198020, 0, 0, 0
1013338, 85388, 1, 0, 0
1014339, 199916, 0, 0, 0
1014339, 84728, 1, 0, 0
1015340, 200024, 0, 0, 0
1015340, 84208, 1, 0, 0
1016341, 198164, 0, 0, 0
1016341, 83848, 1, 0, 0
1017342, 137328, 0, 0, 0
1017342, 58344, 1, 0, 0
1018343, 16015, 0, 0, 0
1018343, 6649, 1, 0, 0
1019344, 15808, 0, 0, 0
1019344, 6701, 1, 0, 0
1020345, 15788, 0, 0, 0
1020345, 6816, 1, 0, 0
1021346, 89172, 0, 0, 0
1021346, 38636, 1, 0, 0
1022347, 199880, 0, 0, 0
1022347, 84295, 1, 0, 0
1023348, 198293, 0, 0, 0
1023348, 84723, 1, 0, 0
1024349, 198180, 0, 0, 0
1024349, 86040, 1, 0, 0
1025350, 198701, 0, 0, 0
1025350, 86357, 1, 0, 0
1026351, 198877, 0, 0, 0
1026351, 85010, 1, 0, 0
1027352, 197928, 0, 0, 0
1027352, 84780, 1, 0, 0
1028353, 197948, 0, 0, 0
1028353, 84544, 1, 0, 0
1029353, 126988, 0, 0, 0
1029353, 54944, 1, 0, 0
1030354, 16487, 0, 0, 0
1030354, 6745, 1, 0, 0
1031355, 15752, 0, 0, 0
1031355, 6728, 1, 0, 0
1032356, 16152, 0, 0, 0
1032356, 6584, 1, 0, 0
1033357, 91596, 0, 0, 0
1033357, 38720, 1, 0, 0
1034358, 196740, 0, 0, 0
1034358, 85588, 1, 0, 0
1035358, 196916, 0, 0, 0
1035358, 84316, 1, 0, 0
1036359, 197436, 0, 0, 0
1036359, 85976, 1, 0, 0
1037360, 197678, 0, 0, 0
1037360, 84011, 1, 0, 0
1038361, 198120, 0, 0, 0
1038361, 85104, 1, 0, 0
1039362, 198472, 0, 0, 0
1039362, 84760, 1, 0, 0
1040362, 197984, 0, 0, 0
1040362, 84060, 1, 0, 0
1041363, 133342, 0, 0, 0
1041363, 56667, 1, 0, 0
1042364, 16151, 0, 0, 0
1042364, 6837, 1, 0, 0
1043365, 16119, 0, 0, 0
1043365, 6781, 1, 0, 0
1044366, 16116, 0, 0, 0
1044366, 6764, 1, 0, 0
1045367, 93920, 0, 0, 0
1045367, 40488, 1, 0, 0
1046368, 199328, 0, 0, 0
1046368, 85156, 1, 0, 0
1047369, 198044, 0, 0, 0
1047369, 84624, 1, 0, 0
1048370, 198920, 0, 0, 0
1048370, 85144, 1, 0, 0
1049371, 197842, 0, 0, 0
1049371, 85442, 1, 0, 0
1050372, 199260, 0, 0, 0
1050372, 84959, 1, 0, 0
1051373, 198397, 0, 0, 0
1051373, 85150, 1, 0, 0
1052374, 197852, 0, 0, 0
1052374, 84436, 1, 0, 0
1053375, 124691, 0, 0, 0
1053375, 53998, 1, 0, 0
1054375, 15776, 0, 0, 0
1054375, 6936, 1, 0, 0
1055376, 15544, 0, 0, 0
1055376, 6740, 1, 0, 0
1056377, 15768, 0, 0, 0
1056377, 6680, 1, 0, 0
1057378, 95372, 0, 0, 0
1057378, 41144, 1, 0, 0
1058379, 198465, 0, 0, 0
1058379, 85842, 1, 0, 0
1059380, 197756, 0, 0, 0
1059380, 84888, 1, 0, 0
1060381, 199052, 0, 0, 0
1060381, 85136, 1, 0, 0
1061382, 197062, 0, 0, 0
1061382, 84491, 1, 0, 0
1062383, 197444, 0, 0, 0
1062383, 85508, 1, 0, 0
1063384, 199060, 0, 0, 0
1063384, 84899, 1, 0, 0
1064385, 199188, 0, 0, 0
1064385, 84788, 1, 0, 0
1065386, 121692, 0, 0, 0
1065386, 52420, 1, 0, 0
1066386, 15827, 0, 0, 0
1066386, 6522, 1, 0, 0
1067386, 15447, 0, 0, 0
1067386, 6682, 1, 0, 0
1068386, 15727, 0, 0, 0
1068386, 6774, 1, 0, 0
1069385, 95823, 0, 0, 0
1069385, 41565, 1, 0, 0
1070385, 197037, 0, 0, 0
1070385, 85501, 1, 0, 0
1071385, 197209, 0, 0, 0
1071385, 84224, 1, 0, 0
1072385, 198078, 0, 0, 0
1072385, 84028, 1, 0, 0
1073385, 197597, 0, 0, 0
1073385, 85593, 1, 0, 0
1074385, 198814, 0, 0, 0
1074385, 85189, 1, 0, 0
1075385, 197597, 0, 0, 0
1075385, 84044, 1, 0, 0
1076385, 197437, 0, 0, 0
1076385, 83379, 1, 0, 0
1077385, 132140, 0, 0, 0
1077385, 56420, 1, 0, 0
1078385, 16280, 0, 0, 0
1078385, 6790, 1, 0, 0
1079386, 15484, 0, 0, 0
1079386, 6844, 1, 0, 0
1080386, 15743, 0, 0, 0
1080386, 6694, 1, 0, 0
1081385, 96200, 0, 0, 0
1081385, 41149, 1, 0, 0
1082385, 196320, 0, 0, 0
1082385, 85429, 1, 0, 0
1083385, 198266, 0, 0, 0
1083385, 84872, 1, 0, 0
1084385, 199679, 0, 0, 0
1084385, 85249, 1, 0, 0
1085385, 199215, 0, 0, 0
1085385, 85013, 1, 0, 0
1086385, 199747, 0, 0, 0
1086385, 85041, 1, 0, 0
1087385, 197997, 0, 0, 0
1087385, 84792, 1, 0, 0
1088385, 196404, 0, 0, 0
1088385, 84108, 1, 0, 0
1089385, 125713, 0, 0, 0
1089385, 54614, 1, 0, 0
1090385, 15795, 0, 0, 0
1090385, 6774, 1, 0, 0
1091385, 15615, 0, 0, 0
1091385, 6674, 1, 0, 0
1092385, 15707, 0, 0, 0
1092385, 6714, 1, 0, 0
1093385, 95696, 0, 0, 0
1093385, 41580, 1, 0, 0
1094385, 197301, 0, 0, 0
1094385, 84348, 1, 0, 0
1095385, 195683, 0, 0, 0
1095385, 84904, 1, 0, 0
1096385, 197373, 0, 0, 0
1096385, 84324, 1, 0, 0
1097385, 197937, 0, 0, 0
1097385, 85001, 1, 0, 0
1098385, 196544, 0, 0, 0
1098385, 84704, 1, 0, 0
1099385, 196884, 0, 0, 0
1099385, 84908, 1, 0, 0
1100385, 194918, 0, 0, 0
1100385, 85929, 1, 0, 0
1101385, 126742, 0, 0, 0
1101385, 54754, 1, 0, 0
1102385, 15623, 0, 0, 0
1102385, 6842, 1, 0, 0
1103385, 15391, 0, 0, 0
1103385, 6782, 1, 0, 0
1104384, 15627, 0, 0, 0
1104384, 6786, 1, 0, 0
1105385, 96388, 0, 0, 0
1105385, 41808, 1, 0, 0
1106384, 199879, 0, 0, 0
1106384, 84152, 1, 0, 0
1107384, 197457, 0, 0, 0
1107384, 85897, 1, 0, 0
1108384, 198506, 0, 0, 0
1108384, 84544, 1, 0, 0
1109384, 197021, 0, 0, 0
1109384, 83791, 1, 0, 0
1110384, 196708, 0, 0, 0
1110384, 84824, 1, 0, 0
1111384, 198902, 0, 0, 0
1111384, 84772, 1, 0, 0
1112385, 198340, 0, 0, 0
1112385, 84116, 1, 0, 0
1113385, 129201, 0, 0, 0
1113385, 55215, 1, 0, 0
1114385, 15852, 0, 0, 0
1114385, 6628, 1, 0, 0
1115385, 15476, 0, 0, 0
1115385, 6740, 1, 0, 0
1116385, 15719, 0, 0, 0
1116385, 6654, 1, 0, 0
1117385, 96376, 0, 0, 0
1117385, 41545, 1, 0, 0
1118385, 197865, 0, 0, 0
1118385, 86010, 1, 0, 0
1119385, 199783, 0, 0, 0
1119385, 86014, 1, 0, 0
1120385, 198434, 0, 0, 0
1120385, 84816, 1, 0, 0
1121385, 196524, 0, 0, 0
1121385, 84368, 1, 0, 0
1122385, 196512, 0, 0, 0
1122385, 84912, 1, 0, 0
1123384, 197849, 0, 0, 0
1123384, 83483, 1, 0, 0
1124384, 197637, 0, 0, 0
1124384, 83875, 1, 0, 0
1125384, 127127, 0, 0, 0
1125384, 55103, 1, 0, 0
1126384, 15491, 0, 0, 0
1126384, 6882, 1, 0, 0
1127384, 15423, 0, 0, 0
1127384, 6794, 1, 0, 0
1128385, 15484, 0, 0, 0
1128385, 6856, 1, 0, 0
1129385, 96576, 0, 0, 0
1129385, 40684, 1, 0, 0
1130385, 197117, 0, 0, 0
1130385, 85349, 1, 0, 0
1131385, 196988, 0, 0, 0
1131385, 84300, 1, 0, 0
1132385, 196820, 0, 0, 0
1132385, 85369, 1, 0, 0
1133384, 196900, 0, 0, 0
1133384, 84828, 1, 0, 0
1134384, 198366, 0, 0, 0
1134384, 83839, 1, 0, 0
1135384, 197393, 0, 0, 0
1135384, 84736, 1, 0, 0
1136384, 196732, 0, 0, 0
1136384, 85061, 1, 0, 0
1137384, 129085, 0, 0, 0
1137384, 55811, 1, 0, 0
1138384, 15395, 0, 0, 0
1138384, 6938, 1, 0, 0
1139384, 15795, 0, 0, 0
1139384, 6474, 1, 0, 0
1140384, 15519, 0, 0, 0
1140384, 6914, 1, 0, 0
1141384, 96732, 0, 0, 0
1141384, 41025, 1, 0, 0
1142384, 197149, 0, 0, 0
1142384, 85229, 1, 0, 0
1143385, 197164, 0, 0, 0
1143385, 84592, 1, 0, 0
1144385, 197061, 0, 0, 0
1144385, 85101, 1, 0, 0
1145384, 196340, 0, 0, 0
1145384, 85777, 1, 0, 0
1146384, 198946, 0, 0, 0
1146384, 85085, 1, 0, 0
1147384, 199099, 0, 0, 0
1147384, 85601, 1, 0, 0
1148384, 198202, 0, 0, 0
1148384, 85297, 1, 0, 0
1149384, 123127, 0, 0, 0
1149384, 52488, 1, 0, 0
1150384, 15667, 0, 0, 0
1150384, 6686, 1, 0, 0
1151384, 15471, 0, 0, 0
1151384, 6806, 1, 0, 0
1152384, 15627, 0, 0, 0
1152384, 6734, 1, 0, 0
1153384, 96280, 0, 0, 0
1153384, 41380, 1, 0, 0
1154384, 197781, 0, 0, 0
1154384, 84672, 1, 0, 0
1155384, 196064, 0, 0, 0
1155384, 84900, 1, 0, 0
1156384, 197029, 0, 0, 0
1156384, 85177, 1, 0, 0
1157384, 197485, 0, 0, 0
1157384, 83963, 1, 0, 0
1158384, 198350, 0, 0, 0
1158384, 83775, 1, 0, 0
1159384, 197089, 0, 0, 0
1159384, 84404, 1, 0, 0
1160384, 196428, 0, 0, 0
1160384, 84652, 1, 0, 0
1161384, 132028, 0, 0, 0
1161384, 56492, 1, 0, 0
1162384, 15607, 0, 0, 0
1162384, 6686, 1, 0, 0
1163384, 15627, 0, 0, 0
1163384, 6594, 1, 0, 0
1164384, 15743, 0, 0, 0
1164384, 6518, 1, 0, 0
1165384, 96364, 0, 0, 0
1165384, 40972, 1, 0, 0
1166384, 196384, 0, 0, 0
1166384, 84716, 1, 0, 0
1167384, 196028, 0, 0, 0
1167384, 83932, 1, 0, 0
1168384, 195803, 0, 0, 0
1168384, 85557, 1, 0, 0
1169384, 198510, 0, 0, 0
1169384, 85277, 1, 0, 0
1170384, 196660, 0, 0, 0
1170384, 84096, 1, 0, 0
1171384, 196600, 0, 0, 0
1171384, 84712, 1, 0, 0
1172384, 195423, 0, 0, 0
1172384, 84612, 1, 0, 0
1173383, 131895, 0, 0, 0
1173383, 56612, 1, 0, 0
1174383, 15675, 0, 0, 0
1174383, 6706, 1, 0, 0
1175384, 15512, 0, 0, 0
1175384, 6724, 1, 0, 0
1176384, 15663, 0, 0, 0
1176384, 6834, 1, 0, 0
1177384, 96132, 0, 0, 0
1177384, 41136, 1, 0, 0
1178384, 198494, 0, 0, 0
1178384, 84864, 1, 0, 0
1179384, 60720, 0, 0, 0
1179384, 25841, 1, 0, 0
1180384, 1408, 0, 0, 0
1180384, 612, 1, 0, 0
1181384, 1469, 0, 0, 0
1181384, 648, 1, 0, 0
1182384, 1460, 0, 0, 0
1182384, 676, 1, 0, 0
1183384, 1436, 0, 0, 0
1183384, 712, 1, 0, 0
1184384, 1448, 0, 0, 0
1184384, 712, 1, 0, 0
1185384, 1449, 0, 0, 0
1185384, 624, 1, 0, 0
1186384, 1485, 0, 0, 0
1186384, 568, 1, 0, 0
1187384, 1501, 0, 0, 0
1187384, 592, 1, 0, 0
1188384, 1445, 0, 0, 0
1188384, 844, 1, 0, 0
1189384, 1529, 0, 0, 0
1189384, 540, 1, 0, 0
1190384, 1512, 0, 0, 0
1190384, 636, 1, 0, 0
1191384, 1509, 0, 0, 0
1191384, 684, 1, 0, 0
1192384, 1472, 0, 0, 0
1192384, 620, 1, 0, 0
1193384, 1509, 0, 0, 0
1193384, 712, 1, 0, 0
1194384, 1425, 0, 0, 0
1194384, 680, 1, 0, 0
1195384, 1384, 0, 0, 0
1195384, 720, 1, 0, 0
1196384, 1424, 0, 0, 0
1196384, 668, 1, 0, 0
1197383, 1537, 0, 0, 0
1197383, 700, 1, 0, 0
1198383, 1573, 0, 0, 0
1198383, 636, 1, 0, 0
1199384, 1496, 0, 0, 0
1199384, 632, 1, 0, 0
