1000, 93059, 1, 0, 0
1000, 93638, 0, 0, 0
2000, 19866, 0, 0, 0
2000, 12839, 1, 0, 0
3000, 19940, 0, 0, 0
3000, 12813, 1, 0, 0
4000, 19981, 0, 0, 0
4000, 12854, 1, 0, 0
5000, 19856, 0, 0, 0
5000, 12847, 1, 0, 0
6000, 19806, 0, 0, 0
6000, 12857, 1, 0, 0
7000, 19989, 0, 0, 0
7000, 12847, 1, 0, 0
8000, 19869, 0, 0, 0
8000, 12855, 1, 0, 0
9000, 19848, 0, 0, 0
9000, 12817, 1, 0, 0
10000, 12857, 1, 0, 0
10000, 19860, 0, 0, 0
11000, 19894, 0, 0, 0
11000, 12809, 1, 0, 0
12000, 39675, 1, 0, 0
12000, 44941, 0, 0, 0
13000, 125821, 0, 0, 0
13000, 123257, 1, 0, 0
14000, 19865, 0, 0, 0
14000, 12833, 1, 0, 0
15000, 19873, 0, 0, 0
15000, 12860, 1, 0, 0
16000, 12862, 1, 0, 0
16000, 19946, 0, 0, 0
17000, 19780, 0, 0, 0
17000, 12781, 1, 0, 0
18000, 19893, 0, 0, 0
18000, 12805, 1, 0, 0
19000, 20039, 0, 0, 0
19000, 12847, 1, 0, 0
20000, 19874, 0, 0, 0
20000, 12847, 1, 0, 0
21000, 19902, 0, 0, 0
21000, 12793, 1, 0, 0
22000, 19961, 0, 0, 0
22000, 12810, 1, 0, 0
23000, 19839, 0, 0, 0
23000, 12834, 1, 0, 0
24000, 32871, 1, 0, 0
24000, 39727, 0, 0, 0
25000, 123695, 1, 0, 0
25000, 123762, 0, 0, 0
26000, 12863, 1, 0, 0
26000, 19855, 0, 0, 0
27000, 12863, 1, 0, 0
27000, 19851, 0, 0, 0
28000, 20005, 0, 0, 0
28000, 12863, 1, 0, 0
29000, 19943, 0, 0, 0
29000, 12806, 1, 0, 0
30000, 19821, 0, 0, 0
30000, 12823, 1, 0, 0
31000, 20073, 0, 0, 0
31000, 12837, 1, 0, 0
32000, 19819, 0, 0, 0
32000, 12873, 1, 0, 0
33000, 19876, 0, 0, 0
33000, 12862, 1, 0, 0
34000, 19987, 0, 0, 0
34000, 12852, 1, 0, 0
35000, 19831, 0, 0, 0
35000, 12828, 1, 0, 0
36000, 33496, 1, 0, 0
36000, 39464, 0, 0, 0
37000, 126517, 0, 0, 0
37000, 120324, 1, 0, 0
38000, 19864, 0, 0, 0
38000, 12880, 1, 0, 0
39000, 19765, 0, 0, 0
39000, 12809, 1, 0, 0
40000, 19897, 0, 0, 0
40000, 12847, 1, 0, 0
41000, 19866, 0, 0, 0
41000, 12801, 1, 0, 0
42000, 12852, 1, 0, 0
42000, 19908, 0, 0, 0
43000, 19943, 0, 0, 0
43000, 12832, 1, 0, 0
44000, 12848, 1, 0, 0
44000, 19872, 0, 0, 0
45000, 19838, 0, 0, 0
45000, 12877, 1, 0, 0
46000, 19944, 0, 0, 0
46000, 12868, 1, 0, 0
47000, 19808, 0, 0, 0
47000, 12826, 1, 0, 0
48000, 42924, 0, 0, 0
48000, 35131, 1, 0, 0
49000, 125171, 0, 0, 0
49000, 123179, 1, 0, 0
50000, 19951, 0, 0, 0
50000, 12837, 1, 0, 0
51000, 19994, 0, 0, 0
51000, 12857, 1, 0, 0
52000, 19987, 0, 0, 0
52000, 12880, 1, 0, 0
53000, 12838, 1, 0, 0
53000, 19888, 0, 0, 0
54000, 12798, 1, 0, 0
54000, 19806, 0, 0, 0
55000, 20024, 0, 0, 0
55000, 12826, 1, 0, 0
56000, 12839, 1, 0, 0
56000, 19814, 0, 0, 0
57000, 19878, 0, 0, 0
57000, 12876, 1, 0, 0
58000, 12861, 1, 0, 0
58000, 19871, 0, 0, 0
59000, 12871, 1, 0, 0
59000, 19796, 0, 0, 0
60000, 31909, 1, 0, 0
60000, 39384, 0, 0, 0
61000, 120138, 0, 0, 0
61000, 114554, 1, 0, 0
62000, 19786, 0, 0, 0
62000, 12835, 1, 0, 0
63000, 19799, 0, 0, 0
63000, 12811, 1, 0, 0
64000, 12867, 1, 0, 0
64000, 20036, 0, 0, 0
65000, 19830, 0, 0, 0
65000, 12860, 1, 0, 0
66000, 12841, 1, 0, 0
66000, 19863, 0, 0, 0
67000, 19957, 0, 0, 0
67000, 12868, 1, 0, 0
68000, 19847, 0, 0, 0
68000, 12861, 1, 0, 0
69000, 12823, 1, 0, 0
69000, 19816, 0, 0, 0
70000, 20054, 0, 0, 0
70000, 12859, 1, 0, 0
71000, 19841, 0, 0, 0
71000, 12838, 1, 0, 0
72000, 35531, 1, 0, 0
72000, 41335, 0, 0, 0
73000, 126258, 0, 0, 0
73000, 121444, 1, 0, 0
74000, 19828, 0, 0, 0
74000, 12823, 1, 0, 0
75000, 19865, 0, 0, 0
75000, 12818, 1, 0, 0
76000, 19979, 0, 0, 0
76000, 12829, 1, 0, 0
77000, 19919, 0, 0, 0
77000, 12847, 1, 0, 0
78000, 19924, 0, 0, 0
78000, 12858, 1, 0, 0
79000, 14948, 0, 0, 0
79000, 12853, 1, 0, 0
80000, 14487, 0, 0, 0
80000, 12936, 1, 0, 0
81000, 14406, 0, 0, 0
81000, 12761, 1, 0, 0
82000, 12834, 1, 0, 0
82000, 14401, 0, 0, 0
83000, 38323, 1, 0, 0
83000, 40302, 0, 0, 0
84000, 176911, 0, 0, 0
84000, 176133, 1, 0, 0
85000, 111138, 1, 0, 0
85000, 114938, 0, 0, 0
86000, 14387, 0, 0, 0
86000, 12821, 1, 0, 0
87000, 12910, 1, 0, 0
87000, 14459, 0, 0, 0
88000, 12881, 1, 0, 0
88000, 14506, 0, 0, 0
89000, 12764, 1, 0, 0
89000, 14321, 0, 0, 0
90000, 12800, 1, 0, 0
90000, 14427, 0, 0, 0
91000, 14268, 0, 0, 0
91000, 12689, 1, 0, 0
92000, 14321, 0, 0, 0
92000, 12712, 1, 0, 0
93000, 14346, 0, 0, 0
93000, 12791, 1, 0, 0
94000, 143527, 0, 0, 0
94001, 139965, 1, 0, 0
95000, 177526, 1, 0, 0
95000, 178210, 0, 0, 0
96000, 176319, 0, 0, 0
96000, 176579, 1, 0, 0
97000, 112291, 1, 0, 0
97000, 113936, 0, 0, 0
98000, 14402, 0, 0, 0
98000, 12823, 1, 0, 0
99000, 14368, 0, 0, 0
99000, 12756, 1, 0, 0
100000, 14283, 0, 0, 0
100000, 12710, 1, 0, 0
101000, 14379, 0, 0, 0
101000, 12788, 1, 0, 0
102000, 14483, 0, 0, 0
102000, 12907, 1, 0, 0
103000, 12945, 1, 0, 0
103000, 14507, 0, 0, 0
104000, 12893, 1, 0, 0
104000, 14507, 0, 0, 0
105000, 13143, 1, 0, 0
105000, 14879, 0, 0, 0
106000, 170478, 0, 0, 0
106000, 167543, 1, 0, 0
107000, 178136, 1, 0, 0
107000, 180352, 0, 0, 0
108000, 177390, 0, 0, 0
108002, 174100, 1, 0, 0
109000, 113812, 0, 0, 0
109000, 111700, 1, 0, 0
110000, 12869, 1, 0, 0
110000, 14416, 0, 0, 0
111000, 12838, 1, 0, 0
111000, 14442, 0, 0, 0
112000, 14291, 0, 0, 0
112000, 12697, 1, 0, 0
113000, 12689, 1, 0, 0
113000, 14277, 0, 0, 0
114000, 14425, 0, 0, 0
114000, 12790, 1, 0, 0
115000, 14427, 0, 0, 0
115000, 12841, 1, 0, 0
116000, 14548, 0, 0, 0
116000, 12945, 1, 0, 0
117000, 14736, 0, 0, 0
117000, 12957, 1, 0, 0
118000, 14298, 0, 0, 0
118000, 12738, 1, 0, 0
119000, 14410, 0, 0, 0
119000, 12874, 1, 0, 0
120000, 12837, 1, 0, 0
120000, 14459, 0, 0, 0
121000, 12719, 1, 0, 0
121000, 14292, 0, 0, 0
122000, 14448, 0, 0, 0
122000, 12806, 1, 0, 0
123000, 12846, 1, 0, 0
123000, 14404, 0, 0, 0
124000, 14519, 0, 0, 0
124000, 12917, 1, 0, 0
125000, 14469, 0, 0, 0
125000, 12913, 1, 0, 0
126000, 42889, 0, 0, 0
126000, 40994, 1, 0, 0
127000, 178878, 1, 0, 0
127000, 181260, 0, 0, 0
128000, 177587, 1, 0, 0
128000, 178046, 0, 0, 0
129000, 113904, 0, 0, 0
129000, 115001, 1, 0, 0
130000, 14461, 0, 0, 0
130000, 12877, 1, 0, 0
131000, 14480, 0, 0, 0
131000, 12834, 1, 0, 0
132000, 12886, 1, 0, 0
132000, 14450, 0, 0, 0
133000, 19340, 0, 0, 0
133000, 13410, 1, 0, 0
134000, 2638037, 0, 0, 0
134000, 283543, 1, 0, 0
135001, 2569255, 0, 0, 0
135001, 267827, 1, 0, 0
136002, 2650259, 0, 0, 0
136002, 274794, 1, 0, 0
137002, 2593876, 0, 0, 0
137002, 271229, 1, 0, 0
138003, 2682487, 0, 0, 0
138004, 272155, 1, 0, 0
139000, 2536514, 0, 0, 0
139009, 280612, 1, 0, 0
140000, 2682678, 0, 0, 0
140000, 285768, 1, 0, 0
141000, 2486353, 0, 0, 0
141001, 266748, 1, 0, 0
142003, 2646537, 0, 0, 0
142003, 281164, 1, 0, 0
143004, 2650474, 0, 0, 0
143005, 279245, 1, 0, 0
144001, 2599862, 0, 0, 0
144002, 276813, 1, 0, 0
145001, 2546654, 0, 0, 0
145017, 269957, 1, 0, 0
146004, 2537518, 0, 0, 0
146010, 248621, 1, 0, 0
147004, 2683706, 0, 0, 0
147004, 278322, 1, 0, 0
148004, 2578737, 0, 0, 0
148015, 266530, 1, 0, 0
149000, 2526246, 0, 0, 0
149001, 260068, 1, 0, 0
150000, 2498112, 0, 0, 0
150001, 261009, 1, 0, 0
151002, 2528105, 0, 0, 0
151002, 264482, 1, 0, 0
152002, 2492681, 0, 0, 0
152003, 264670, 1, 0, 0
153003, 2512057, 0, 0, 0
153003, 265735, 1, 0, 0
154003, 2594851, 0, 0, 0
154008, 282477, 1, 0, 0
155004, 2579025, 0, 0, 0
155025, 261801, 1, 0, 0
156000, 281482, 1, 0, 0
156004, 2551342, 0, 0, 0
157001, 2499813, 0, 0, 0
157002, 254620, 1, 0, 0
158001, 2683244, 0, 0, 0
158002, 291910, 1, 0, 0
159003, 2545565, 0, 0, 0
159003, 270009, 1, 0, 0
160003, 2553900, 0, 0, 0
160030, 269158, 1, 0, 0
161002, 2551983, 0, 0, 0
161002, 275617, 1, 0, 0
162000, 2493407, 0, 0, 0
162010, 261342, 1, 0, 0
163003, 2560266, 0, 0, 0
163009, 275688, 1, 0, 0
164001, 2501450, 0, 0, 0
164027, 272764, 1, 0, 0
165003, 2448864, 0, 0, 0
165013, 239915, 1, 0, 0
166000, 2578512, 0, 0, 0
166001, 257000, 1, 0, 0
167002, 2533966, 0, 0, 0
167008, 265292, 1, 0, 0
168001, 2557843, 0, 0, 0
168001, 263725, 1, 0, 0
169002, 2471798, 0, 0, 0
169003, 267456, 1, 0, 0
170003, 2546016, 0, 0, 0
170003, 276681, 1, 0, 0
171000, 2577071, 0, 0, 0
171010, 273435, 1, 0, 0
172002, 2596967, 0, 0, 0
172008, 283473, 1, 0, 0
173000, 284085, 1, 0, 0
173004, 2526885, 0, 0, 0
174000, 2701776, 0, 0, 0
174001, 279704, 1, 0, 0
175000, 2509967, 0, 0, 0
175005, 287564, 1, 0, 0
176002, 2550663, 0, 0, 0
176002, 262165, 1, 0, 0
177000, 2577343, 0, 0, 0
177010, 275092, 1, 0, 0
178002, 2647215, 0, 0, 0
178008, 275071, 1, 0, 0
179004, 2488666, 0, 0, 0
179004, 280772, 1, 0, 0
180000, 2666455, 0, 0, 0
180001, 289139, 1, 0, 0
181000, 2546181, 0, 0, 0
181000, 257691, 1, 0, 0
182001, 2667133, 0, 0, 0
182007, 286727, 1, 0, 0
183004, 2597632, 0, 0, 0
183004, 263670, 1, 0, 0
184002, 2580608, 0, 0, 0
184002, 271285, 1, 0, 0
185004, 2589947, 0, 0, 0
185004, 283302, 1, 0, 0
186001, 2635544, 0, 0, 0
186001, 282306, 1, 0, 0
187002, 2707126, 0, 0, 0
187003, 281927, 1, 0, 0
188001, 2597782, 0, 0, 0
188002, 277729, 1, 0, 0
189004, 2583688, 0, 0, 0
189009, 263587, 1, 0, 0
190000, 165238, 1, 0, 0
190000, 271117, 0, 0, 0
191000, 180250, 0, 0, 0
191000, 181364, 1, 0, 0
192000, 176770, 1, 0, 0
192000, 177940, 0, 0, 0
193000, 110875, 1, 0, 0
193000, 115548, 0, 0, 0
194000, 12908, 1, 0, 0
194000, 14487, 0, 0, 0
195000, 12854, 1, 0, 0
195000, 14415, 0, 0, 0
196000, 14533, 0, 0, 0
196000, 12954, 1, 0, 0
197000, 25797, 0, 0, 0
197000, 24045, 1, 0, 0
198000, 14329, 0, 0, 0
198000, 12728, 1, 0, 0
199000, 14489, 0, 0, 0
199000, 12859, 1, 0, 0
200000, 14433, 0, 0, 0
200000, 12762, 1, 0, 0
201000, 14433, 0, 0, 0
201000, 12808, 1, 0, 0
202000, 12890, 1, 0, 0
202000, 14554, 0, 0, 0
203000, 14351, 0, 0, 0
203000, 12718, 1, 0, 0
204000, 14493, 0, 0, 0
204000, 12824, 1, 0, 0
205000, 14348, 0, 0, 0
205000, 12733, 1, 0, 0
206000, 46763, 0, 0, 0
206000, 45458, 1, 0, 0
207000, 177035, 1, 0, 0
207000, 178983, 0, 0, 0
208000, 174880, 1, 0, 0
208000, 175208, 0, 0, 0
209000, 113333, 1, 0, 0
209000, 112948, 0, 0, 0
210000, 14403, 0, 0, 0
210000, 12783, 1, 0, 0
211000, 12941, 1, 0, 0
211000, 14620, 0, 0, 0
212000, 12858, 1, 0, 0
212000, 14436, 0, 0, 0
213000, 14344, 0, 0, 0
213000, 12759, 1, 0, 0
214000, 14425, 0, 0, 0
214000, 12815, 1, 0, 0
215000, 14344, 0, 0, 0
215000, 12761, 1, 0, 0
216000, 14506, 0, 0, 0
216000, 12900, 1, 0, 0
217000, 12774, 1, 0, 0
217000, 14344, 0, 0, 0
218000, 156097, 1, 0, 0
218000, 159120, 0, 0, 0
219000, 177827, 0, 0, 0
219000, 176080, 1, 0, 0
220000, 173109, 1, 0, 0
220000, 172419, 0, 0, 0
221000, 109190, 1, 0, 0
221000, 115166, 0, 0, 0
222000, 14374, 0, 0, 0
222000, 12787, 1, 0, 0
223000, 14422, 0, 0, 0
223000, 12777, 1, 0, 0
224000, 14528, 0, 0, 0
224000, 12926, 1, 0, 0
225000, 14442, 0, 0, 0
225000, 12849, 1, 0, 0
226000, 14405, 0, 0, 0
226000, 12733, 1, 0, 0
227000, 14537, 0, 0, 0
227000, 12935, 1, 0, 0
228000, 12844, 1, 0, 0
228000, 14531, 0, 0, 0
229000, 14742, 0, 0, 0
229000, 13013, 1, 0, 0
230000, 177192, 0, 0, 0
230000, 178033, 1, 0, 0
231000, 176070, 0, 0, 0
231001, 172529, 1, 0, 0
232000, 176582, 0, 0, 0
232000, 177478, 1, 0, 0
233000, 113039, 0, 0, 0
233000, 113747, 1, 0, 0
234000, 12801, 1, 0, 0
234000, 14389, 0, 0, 0
235000, 14301, 0, 0, 0
235000, 12674, 1, 0, 0
236000, 14347, 0, 0, 0
236000, 12765, 1, 0, 0
237000, 14324, 0, 0, 0
237000, 12749, 1, 0, 0
238000, 14403, 0, 0, 0
238000, 12747, 1, 0, 0
239000, 14516, 0, 0, 0
239000, 12933, 1, 0, 0
240000, 14567, 0, 0, 0
240000, 12949, 1, 0, 0
241000, 14591, 0, 0, 0
241000, 12871, 1, 0, 0
242000, 14376, 0, 0, 0
242000, 12818, 1, 0, 0
243000, 14558, 0, 0, 0
243000, 12931, 1, 0, 0
244000, 14607, 0, 0, 0
244000, 12926, 1, 0, 0
245000, 14331, 0, 0, 0
245000, 12722, 1, 0, 0
246000, 14554, 0, 0, 0
246000, 12856, 1, 0, 0
247000, 14359, 0, 0, 0
247000, 12701, 1, 0, 0
248000, 14336, 0, 0, 0
248000, 12682, 1, 0, 0
249000, 14387, 0, 0, 0
249000, 12747, 1, 0, 0
250000, 36088, 1, 0, 0
250000, 39046, 0, 0, 0
251000, 177135, 1, 0, 0
251000, 177016, 0, 0, 0
252000, 175233, 1, 0, 0
252000, 176266, 0, 0, 0
253000, 113719, 0, 0, 0
253000, 109884, 1, 0, 0
254000, 14252, 0, 0, 0
254000, 12706, 1, 0, 0
255000, 14335, 0, 0, 0
255000, 12686, 1, 0, 0
256000, 14281, 0, 0, 0
256000, 12700, 1, 0, 0
257000, 14449, 0, 0, 0
257000, 12875, 1, 0, 0
258000, 14520, 0, 0, 0
258000, 12930, 1, 0, 0
259000, 12930, 1, 0, 0
259000, 14488, 0, 0, 0
260000, 12839, 1, 0, 0
260000, 14489, 0, 0, 0
261000, 13256, 1, 0, 0
261000, 14885, 0, 0, 0
262000, 176893, 0, 0, 0
262000, 175607, 1, 0, 0
263000, 176419, 0, 0, 0
263000, 175220, 1, 0, 0
264000, 175447, 0, 0, 0
264000, 178393, 1, 0, 0
265000, 112911, 0, 0, 0
265000, 110481, 1, 0, 0
266000, 12891, 1, 0, 0
266000, 14494, 0, 0, 0
267000, 14425, 0, 0, 0
267000, 12735, 1, 0, 0
268000, 14343, 0, 0, 0
268000, 12745, 1, 0, 0
269000, 14276, 0, 0, 0
269000, 12705, 1, 0, 0
270000, 14555, 0, 0, 0
270000, 12917, 1, 0, 0
271000, 14274, 0, 0, 0
271000, 12681, 1, 0, 0
272000, 14304, 0, 0, 0
272000, 12671, 1, 0, 0
273000, 13010, 1, 0, 0
273000, 14720, 0, 0, 0
274000, 176023, 0, 0, 0
274000, 175157, 1, 0, 0
275000, 174062, 0, 0, 0
275001, 171573, 1, 0, 0
276000, 170961, 0, 0, 0
276000, 172198, 1, 0, 0
277000, 111258, 1, 0, 0
277000, 113025, 0, 0, 0
278000, 14469, 0, 0, 0
278000, 12890, 1, 0, 0
279000, 14430, 0, 0, 0
279000, 12782, 1, 0, 0
280000, 12681, 1, 0, 0
280000, 14259, 0, 0, 0
281000, 14468, 0, 0, 0
281000, 12897, 1, 0, 0
282000, 14511, 0, 0, 0
282000, 12900, 1, 0, 0
283000, 14402, 0, 0, 0
283000, 12868, 1, 0, 0
284000, 14442, 0, 0, 0
284000, 12807, 1, 0, 0
285000, 13501, 1, 0, 0
285000, 15254, 0, 0, 0
286000, 167090, 1, 0, 0
286000, 165955, 0, 0, 0
287000, 169664, 0, 0, 0
287000, 170678, 1, 0, 0
288000, 175711, 1, 0, 0
288000, 174686, 0, 0, 0
289000, 112849, 1, 0, 0
289000, 112046, 0, 0, 0
290000, 12898, 1, 0, 0
290000, 14517, 0, 0, 0
291000, 12778, 1, 0, 0
291000, 14459, 0, 0, 0
292000, 14501, 0, 0, 0
292000, 12854, 1, 0, 0
293000, 14525, 0, 0, 0
293000, 12916, 1, 0, 0
294000, 14596, 0, 0, 0
294000, 12948, 1, 0, 0
295000, 14448, 0, 0, 0
295000, 12807, 1, 0, 0
296000, 12714, 1, 0, 0
296000, 14405, 0, 0, 0
297000, 14737, 0, 0, 0
297000, 13152, 1, 0, 0
298000, 173349, 1, 0, 0
298000, 174411, 0, 0, 0
299000, 174928, 0, 0, 0
299001, 172790, 1, 0, 0
300000, 169244, 1, 0, 0
300000, 173856, 0, 0, 0
301000, 113326, 0, 0, 0
301000, 107317, 1, 0, 0
302000, 14377, 0, 0, 0
302000, 12793, 1, 0, 0
303000, 12794, 1, 0, 0
303000, 14420, 0, 0, 0
304000, 14443, 0, 0, 0
304000, 12892, 1, 0, 0
305000, 14333, 0, 0, 0
305000, 12759, 1, 0, 0
306000, 14442, 0, 0, 0
306000, 12847, 1, 0, 0
307000, 12768, 1, 0, 0
307000, 14342, 0, 0, 0
308000, 14540, 0, 0, 0
308000, 12910, 1, 0, 0
309000, 13383, 1, 0, 0
309000, 14911, 0, 0, 0
310000, 174987, 0, 0, 0
310000, 172735, 1, 0, 0
311000, 174975, 0, 0, 0
311000, 176410, 1, 0, 0
312000, 173857, 1, 0, 0
312000, 171795, 0, 0, 0
313000, 111628, 0, 0, 0
313000, 113612, 1, 0, 0
314000, 12897, 1, 0, 0
314000, 14454, 0, 0, 0
315000, 14471, 0, 0, 0
315000, 12860, 1, 0, 0
316000, 14355, 0, 0, 0
316000, 12787, 1, 0, 0
317000, 14378, 0, 0, 0
317000, 12811, 1, 0, 0
318000, 14375, 0, 0, 0
318000, 12721, 1, 0, 0
319000, 12900, 1, 0, 0
319000, 14439, 0, 0, 0
320000, 14535, 0, 0, 0
320000, 12903, 1, 0, 0
321000, 13345, 1, 0, 0
321000, 14962, 0, 0, 0
322000, 175926, 0, 0, 0
322000, 175128, 1, 0, 0
323000, 174058, 0, 0, 0
323000, 173365, 1, 0, 0
324000, 175857, 0, 0, 0
324000, 175181, 1, 0, 0
325000, 110861, 0, 0, 0
325000, 110515, 1, 0, 0
326000, 14441, 0, 0, 0
326000, 12852, 1, 0, 0
327000, 14316, 0, 0, 0
327000, 12713, 1, 0, 0
328000, 14364, 0, 0, 0
328000, 12803, 1, 0, 0
329000, 14469, 0, 0, 0
329000, 12880, 1, 0, 0
330000, 14490, 0, 0, 0
330000, 12891, 1, 0, 0
331000, 14421, 0, 0, 0
331000, 12857, 1, 0, 0
332000, 14427, 0, 0, 0
332000, 12823, 1, 0, 0
333000, 14877, 0, 0, 0
333000, 13138, 1, 0, 0
334000, 171029, 0, 0, 0
334000, 169712, 1, 0, 0
335000, 172669, 1, 0, 0
335000, 177090, 0, 0, 0
336000, 173752, 0, 0, 0
336001, 170970, 1, 0, 0
337000, 112937, 0, 0, 0
337000, 113382, 1, 0, 0
338000, 14517, 0, 0, 0
338000, 12949, 1, 0, 0
339000, 14476, 0, 0, 0
339000, 12845, 1, 0, 0
340000, 12826, 1, 0, 0
340000, 14414, 0, 0, 0
341000, 14266, 0, 0, 0
341000, 12684, 1, 0, 0
342000, 14509, 0, 0, 0
342000, 12873, 1, 0, 0
343000, 12922, 1, 0, 0
343000, 14472, 0, 0, 0
344000, 14544, 0, 0, 0
344000, 12924, 1, 0, 0
345000, 14718, 0, 0, 0
345000, 13112, 1, 0, 0
346000, 173394, 0, 0, 0
346000, 172036, 1, 0, 0
347000, 177140, 0, 0, 0
347000, 174104, 1, 0, 0
348000, 176466, 0, 0, 0
348001, 175885, 1, 0, 0
349000, 112560, 0, 0, 0
349000, 111428, 1, 0, 0
350000, 14475, 0, 0, 0
350000, 12848, 1, 0, 0
351000, 14441, 0, 0, 0
351000, 12721, 1, 0, 0
352000, 14422, 0, 0, 0
352000, 12797, 1, 0, 0
353000, 14513, 0, 0, 0
353000, 12899, 1, 0, 0
354000, 14515, 0, 0, 0
354000, 12870, 1, 0, 0
355000, 12801, 1, 0, 0
355000, 14415, 0, 0, 0
356000, 14585, 0, 0, 0
356000, 12901, 1, 0, 0
357000, 13174, 1, 0, 0
357000, 14873, 0, 0, 0
358000, 175970, 0, 0, 0
358000, 174721, 1, 0, 0
359000, 177976, 0, 0, 0
359001, 178075, 1, 0, 0
360000, 176244, 1, 0, 0
360000, 176579, 0, 0, 0
361000, 112413, 0, 0, 0
361000, 111982, 1, 0, 0
362000, 14406, 0, 0, 0
362000, 12837, 1, 0, 0
363000, 14495, 0, 0, 0
363000, 12798, 1, 0, 0
364000, 14574, 0, 0, 0
364000, 12919, 1, 0, 0
365000, 12749, 1, 0, 0
365000, 14388, 0, 0, 0
366000, 14525, 0, 0, 0
366000, 12885, 1, 0, 0
367000, 14529, 0, 0, 0
367000, 12934, 1, 0, 0
368000, 14615, 0, 0, 0
368000, 12933, 1, 0, 0
369000, 14644, 0, 0, 0
369000, 12963, 1, 0, 0
370000, 174624, 0, 0, 0
370000, 172066, 1, 0, 0
371000, 174906, 1, 0, 0
371000, 175803, 0, 0, 0
372000, 167889, 0, 0, 0
372000, 167816, 1, 0, 0
373000, 112312, 1, 0, 0
373000, 113023, 0, 0, 0
374000, 14537, 0, 0, 0
374000, 12915, 1, 0, 0
375000, 12850, 1, 0, 0
375000, 14506, 0, 0, 0
376000, 14474, 0, 0, 0
376000, 12877, 1, 0, 0
377000, 14502, 0, 0, 0
377000, 12911, 1, 0, 0
378000, 12931, 1, 0, 0
378000, 14549, 0, 0, 0
379000, 14456, 0, 0, 0
379000, 12880, 1, 0, 0
380000, 14454, 0, 0, 0
380000, 12874, 1, 0, 0
381004, 14579, 0, 0, 0
381004, 12900, 1, 0, 0
382000, 175553, 0, 0, 0
382000, 173211, 1, 0, 0
383000, 177198, 1, 0, 0
383000, 176928, 0, 0, 0
384000, 173828, 0, 0, 0
384000, 173709, 1, 0, 0
385000, 109346, 1, 0, 0
385000, 109808, 0, 0, 0
386000, 14381, 0, 0, 0
386000, 12809, 1, 0, 0
387000, 14484, 0, 0, 0
387000, 12868, 1, 0, 0
388000, 14513, 0, 0, 0
388000, 12928, 1, 0, 0
389000, 12753, 1, 0, 0
389000, 14341, 0, 0, 0
390000, 14444, 0, 0, 0
390000, 12832, 1, 0, 0
391000, 14456, 0, 0, 0
391000, 12896, 1, 0, 0
392000, 12932, 1, 0, 0
392000, 14540, 0, 0, 0
393000, 14588, 0, 0, 0
393000, 12859, 1, 0, 0
394000, 14492, 0, 0, 0
394000, 12918, 1, 0, 0
395000, 14363, 0, 0, 0
395000, 12729, 1, 0, 0
396000, 14441, 0, 0, 0
396000, 12853, 1, 0, 0
397000, 12697, 1, 0, 0
397000, 14323, 0, 0, 0
398000, 14405, 0, 0, 0
398000, 12754, 1, 0, 0
399000, 12954, 1, 0, 0
399000, 14515, 0, 0, 0
400000, 14561, 0, 0, 0
400000, 12928, 1, 0, 0
401000, 14476, 0, 0, 0
401000, 12902, 1, 0, 0
402000, 40156, 0, 0, 0
402000, 37319, 1, 0, 0
403000, 178740, 0, 0, 0
403000, 176085, 1, 0, 0
404000, 174435, 1, 0, 0
404000, 175276, 0, 0, 0
405000, 112518, 0, 0, 0
405000, 109925, 1, 0, 0
406002, 127411, 0, 0, 0
406003, 25587, 1, 0, 0
407000, 2516008, 0, 0, 0
407000, 276711, 1, 0, 0
408003, 2541460, 0, 0, 0
408009, 272205, 1, 0, 0
409001, 2612552, 0, 0, 0
409001, 263011, 1, 0, 0
410000, 249875, 1, 0, 0
410004, 2440593, 0, 0, 0
411002, 2534612, 0, 0, 0
411003, 254179, 1, 0, 0
412003, 2613323, 0, 0, 0
412009, 275566, 1, 0, 0
413001, 2608353, 0, 0, 0
413007, 277352, 1, 0, 0
414002, 2561730, 0, 0, 0
414008, 265112, 1, 0, 0
415001, 2595584, 0, 0, 0
415001, 269804, 1, 0, 0
416004, 2672312, 0, 0, 0
416004, 280136, 1, 0, 0
417002, 2580641, 0, 0, 0
417003, 293337, 1, 0, 0
418000, 2648567, 0, 0, 0
418000, 273496, 1, 0, 0
419000, 2663977, 0, 0, 0
419001, 272831, 1, 0, 0
420003, 2523996, 0, 0, 0
420014, 265917, 1, 0, 0
421002, 2547505, 0, 0, 0
421003, 268775, 1, 0, 0
422001, 2589282, 0, 0, 0
422001, 265018, 1, 0, 0
423000, 2700210, 0, 0, 0
423000, 283764, 1, 0, 0
424002, 2607191, 0, 0, 0
424018, 272496, 1, 0, 0
425001, 2643737, 0, 0, 0
425007, 278691, 1, 0, 0
426004, 2484083, 0, 0, 0
426005, 277275, 1, 0, 0
427004, 2571398, 0, 0, 0
427004, 287134, 1, 0, 0
428003, 2529164, 0, 0, 0
428004, 287724, 1, 0, 0
429002, 2503431, 0, 0, 0
429013, 264360, 1, 0, 0
430001, 2604936, 0, 0, 0
430002, 292080, 1, 0, 0
431000, 2655126, 0, 0, 0
431000, 294579, 1, 0, 0
432001, 2665055, 0, 0, 0
432001, 280750, 1, 0, 0
433000, 2547391, 0, 0, 0
433001, 261093, 1, 0, 0
434003, 2399052, 0, 0, 0
434003, 257248, 1, 0, 0
435000, 2616366, 0, 0, 0
435005, 286791, 1, 0, 0
436001, 2546774, 0, 0, 0
436001, 265139, 1, 0, 0
437001, 2423281, 0, 0, 0
437001, 278941, 1, 0, 0
438004, 2579158, 0, 0, 0
438009, 281184, 1, 0, 0
439000, 2570321, 0, 0, 0
439000, 291552, 1, 0, 0
440000, 2564911, 0, 0, 0
440007, 278749, 1, 0, 0
441003, 2567818, 0, 0, 0
441034, 273826, 1, 0, 0
442003, 2514277, 0, 0, 0
442018, 268520, 1, 0, 0
443003, 2547146, 0, 0, 0
443009, 277044, 1, 0, 0
444003, 2578720, 0, 0, 0
444003, 279807, 1, 0, 0
445000, 2521789, 0, 0, 0
445006, 276970, 1, 0, 0
446000, 2515202, 0, 0, 0
446016, 279717, 1, 0, 0
447001, 2624237, 0, 0, 0
447002, 293199, 1, 0, 0
448001, 2570086, 0, 0, 0
448002, 271044, 1, 0, 0
449000, 280020, 1, 0, 0
449004, 2632780, 0, 0, 0
450004, 2546814, 0, 0, 0
450004, 280299, 1, 0, 0
451000, 2515172, 0, 0, 0
451000, 268838, 1, 0, 0
452001, 2546725, 0, 0, 0
452001, 280849, 1, 0, 0
453001, 2562411, 0, 0, 0
453022, 261343, 1, 0, 0
454004, 2650953, 0, 0, 0
454010, 294647, 1, 0, 0
455004, 2607859, 0, 0, 0
455005, 294406, 1, 0, 0
456001, 2595281, 0, 0, 0
456001, 283044, 1, 0, 0
457001, 2646112, 0, 0, 0
457017, 268181, 1, 0, 0
458003, 2610115, 0, 0, 0
458014, 293840, 1, 0, 0
459003, 2541847, 0, 0, 0
459004, 276426, 1, 0, 0
460000, 2592125, 0, 0, 0
460006, 271645, 1, 0, 0
461000, 2550993, 0, 0, 0
461006, 275633, 1, 0, 0
462000, 449859, 0, 0, 0
462000, 175958, 1, 0, 0
463000, 173272, 0, 0, 0
463001, 172085, 1, 0, 0
464000, 173601, 0, 0, 0
464000, 171118, 1, 0, 0
465000, 108531, 0, 0, 0
465000, 107671, 1, 0, 0
466000, 12808, 1, 0, 0
466000, 14396, 0, 0, 0
467000, 12953, 1, 0, 0
467000, 14557, 0, 0, 0
468000, 14462, 0, 0, 0
468000, 12860, 1, 0, 0
469000, 12818, 1, 0, 0
469000, 14451, 0, 0, 0
470000, 14484, 0, 0, 0
470000, 12918, 1, 0, 0
471000, 14448, 0, 0, 0
471000, 12822, 1, 0, 0
472000, 14487, 0, 0, 0
472000, 12937, 1, 0, 0
473000, 60847, 0, 0, 0
473000, 60835, 1, 0, 0
474000, 12946, 1, 0, 0
474000, 14496, 0, 0, 0
475000, 14401, 0, 0, 0
475000, 12818, 1, 0, 0
476000, 14449, 0, 0, 0
476000, 12836, 1, 0, 0
477000, 14338, 0, 0, 0
477000, 12741, 1, 0, 0
478000, 12907, 1, 0, 0
478000, 14540, 0, 0, 0
479000, 14315, 0, 0, 0
479000, 12739, 1, 0, 0
480000, 12904, 1, 0, 0
480000, 14487, 0, 0, 0
481000, 14411, 0, 0, 0
481000, 12830, 1, 0, 0
482000, 50196, 1, 0, 0
482000, 50493, 0, 0, 0
483000, 172843, 1, 0, 0
483000, 174870, 0, 0, 0
484000, 176653, 0, 0, 0
484002, 177246, 1, 0, 0
485000, 109432, 0, 0, 0
485000, 109310, 1, 0, 0
486000, 14370, 0, 0, 0
486000, 12801, 1, 0, 0
487000, 14544, 0, 0, 0
487000, 12943, 1, 0, 0
488000, 14518, 0, 0, 0
488000, 12927, 1, 0, 0
489000, 12680, 1, 0, 0
489000, 14356, 0, 0, 0
490000, 12754, 1, 0, 0
490000, 14494, 0, 0, 0
491000, 14387, 0, 0, 0
491000, 12761, 1, 0, 0
492000, 14413, 0, 0, 0
492000, 12727, 1, 0, 0
493000, 13216, 1, 0, 0
493000, 14925, 0, 0, 0
494000, 176327, 1, 0, 0
494000, 177006, 0, 0, 0
495000, 176365, 0, 0, 0
495001, 176949, 1, 0, 0
496000, 173573, 1, 0, 0
496000, 175816, 0, 0, 0
497000, 112465, 0, 0, 0
497000, 110916, 1, 0, 0
498000, 14512, 0, 0, 0
498000, 12851, 1, 0, 0
499000, 14473, 0, 0, 0
499000, 12797, 1, 0, 0
500000, 14415, 0, 0, 0
500000, 12772, 1, 0, 0
501000, 14342, 0, 0, 0
501000, 12722, 1, 0, 0
502000, 14486, 0, 0, 0
502000, 12817, 1, 0, 0
503000, 14411, 0, 0, 0
503000, 12766, 1, 0, 0
504000, 14526, 0, 0, 0
504000, 12853, 1, 0, 0
505000, 13341, 1, 0, 0
505000, 15049, 0, 0, 0
506000, 176595, 0, 0, 0
506000, 176411, 1, 0, 0
507000, 175404, 0, 0, 0
507000, 175305, 1, 0, 0
508000, 176764, 0, 0, 0
508000, 176862, 1, 0, 0
509000, 111671, 1, 0, 0
509000, 111086, 0, 0, 0
510000, 12741, 1, 0, 0
510000, 14321, 0, 0, 0
511000, 14381, 0, 0, 0
511000, 12728, 1, 0, 0
512000, 12780, 1, 0, 0
512000, 14378, 0, 0, 0
513000, 14400, 0, 0, 0
513000, 12792, 1, 0, 0
514000, 14533, 0, 0, 0
514000, 12869, 1, 0, 0
515000, 12731, 1, 0, 0
515000, 14332, 0, 0, 0
516000, 14437, 0, 0, 0
516000, 12810, 1, 0, 0
517000, 13451, 1, 0, 0
517000, 15192, 0, 0, 0
518000, 173334, 0, 0, 0
518000, 171621, 1, 0, 0
519000, 171291, 0, 0, 0
519000, 172147, 1, 0, 0
520000, 177776, 0, 0, 0
520001, 175921, 1, 0, 0
521000, 110547, 0, 0, 0
521000, 110495, 1, 0, 0
522000, 14326, 0, 0, 0
522000, 12748, 1, 0, 0
523000, 14368, 0, 0, 0
523000, 12716, 1, 0, 0
524000, 14367, 0, 0, 0
524000, 12804, 1, 0, 0
525003, 14779, 0, 0, 0
525003, 12774, 1, 0, 0
526000, 2527607, 0, 0, 0
526010, 264832, 1, 0, 0
527004, 2534734, 0, 0, 0
527014, 285498, 1, 0, 0
528004, 2563171, 0, 0, 0
528004, 246081, 1, 0, 0
529003, 2546720, 0, 0, 0
529004, 290642, 1, 0, 0
530000, 2568234, 0, 0, 0
530000, 264873, 1, 0, 0
531004, 2452355, 0, 0, 0
531009, 246843, 1, 0, 0
532000, 2588275, 0, 0, 0
532005, 275828, 1, 0, 0
533003, 2440611, 0, 0, 0
533003, 239684, 1, 0, 0
534003, 2414859, 0, 0, 0
534003, 238332, 1, 0, 0
535002, 2440233, 0, 0, 0
535007, 254001, 1, 0, 0
536000, 2707705, 0, 0, 0
536000, 281878, 1, 0, 0
537004, 2668939, 0, 0, 0
537004, 272902, 1, 0, 0
538002, 2684334, 0, 0, 0
538008, 280401, 1, 0, 0
539000, 2666758, 0, 0, 0
539004, 299585, 1, 0, 0
540003, 2534706, 0, 0, 0
540009, 271876, 1, 0, 0
541000, 2649323, 0, 0, 0
541000, 281082, 1, 0, 0
542003, 2511633, 0, 0, 0
542004, 292457, 1, 0, 0
543001, 2610145, 0, 0, 0
543006, 278769, 1, 0, 0
544000, 2592317, 0, 0, 0
544000, 283057, 1, 0, 0
545001, 2558801, 0, 0, 0
545002, 284042, 1, 0, 0
546000, 2577867, 0, 0, 0
546001, 285883, 1, 0, 0
547001, 2700759, 0, 0, 0
547006, 285782, 1, 0, 0
548000, 2631217, 0, 0, 0
548026, 278102, 1, 0, 0
549002, 2595444, 0, 0, 0
549003, 283138, 1, 0, 0
550001, 2504364, 0, 0, 0
550002, 252691, 1, 0, 0
551001, 2573155, 0, 0, 0
551007, 271719, 1, 0, 0
552002, 2511776, 0, 0, 0
552007, 275485, 1, 0, 0
553002, 2523674, 0, 0, 0
553003, 278035, 1, 0, 0
554001, 2381125, 0, 0, 0
554006, 263817, 1, 0, 0
555003, 2599973, 0, 0, 0
555003, 274070, 1, 0, 0
556000, 2477971, 0, 0, 0
556010, 262113, 1, 0, 0
557001, 2594622, 0, 0, 0
557011, 271034, 1, 0, 0
558003, 2403645, 0, 0, 0
558004, 241734, 1, 0, 0
559004, 2440095, 0, 0, 0
559004, 271961, 1, 0, 0
560000, 2541996, 0, 0, 0
560001, 259706, 1, 0, 0
561002, 2603733, 0, 0, 0
561007, 263601, 1, 0, 0
562002, 2541790, 0, 0, 0
562008, 282077, 1, 0, 0
563002, 2572994, 0, 0, 0
563023, 284669, 1, 0, 0
564003, 2637730, 0, 0, 0
564003, 273914, 1, 0, 0
565001, 2602381, 0, 0, 0
565006, 281252, 1, 0, 0
566002, 2622837, 0, 0, 0
566002, 281904, 1, 0, 0
567002, 2589645, 0, 0, 0
567002, 267919, 1, 0, 0
568002, 2569571, 0, 0, 0
568003, 283980, 1, 0, 0
569000, 2440460, 0, 0, 0
569010, 266057, 1, 0, 0
570000, 2555497, 0, 0, 0
570001, 266230, 1, 0, 0
571000, 287754, 1, 0, 0
571004, 2681744, 0, 0, 0
572000, 2567740, 0, 0, 0
572005, 268752, 1, 0, 0
573003, 2475242, 0, 0, 0
573009, 259322, 1, 0, 0
574004, 2526366, 0, 0, 0
574009, 263703, 1, 0, 0
575000, 2686689, 0, 0, 0
575020, 262237, 1, 0, 0
576002, 2499465, 0, 0, 0
576002, 270533, 1, 0, 0
577003, 2593678, 0, 0, 0
577004, 269231, 1, 0, 0
578000, 2567989, 0, 0, 0
578000, 268469, 1, 0, 0
579001, 2574291, 0, 0, 0
579001, 291646, 1, 0, 0
580001, 2494938, 0, 0, 0
580001, 240970, 1, 0, 0
581002, 2303240, 0, 0, 0
581007, 221205, 1, 0, 0
582000, 456525, 0, 0, 0
582000, 158850, 1, 0, 0
583000, 179801, 0, 0, 0
583000, 178050, 1, 0, 0
584000, 175310, 1, 0, 0
584000, 177420, 0, 0, 0
585000, 111320, 0, 0, 0
585000, 109967, 1, 0, 0
586000, 14360, 0, 0, 0
586000, 12751, 1, 0, 0
587000, 14393, 0, 0, 0
587000, 12756, 1, 0, 0
588000, 14396, 0, 0, 0
588000, 12814, 1, 0, 0
589000, 14452, 0, 0, 0
589000, 12736, 1, 0, 0
590000, 12801, 1, 0, 0
590000, 14391, 0, 0, 0
591000, 14362, 0, 0, 0
591000, 12724, 1, 0, 0
592000, 14403, 0, 0, 0
592000, 12798, 1, 0, 0
593000, 14514, 0, 0, 0
593000, 12878, 1, 0, 0
594000, 14413, 0, 0, 0
594000, 12832, 1, 0, 0
595000, 14386, 0, 0, 0
595000, 12770, 1, 0, 0
596000, 14483, 0, 0, 0
596000, 12828, 1, 0, 0
597000, 24888, 0, 0, 0
597000, 22270, 1, 0, 0
598000, 12817, 1, 0, 0
598000, 14393, 0, 0, 0
599000, 14330, 0, 0, 0
599000, 12720, 1, 0, 0
600000, 14437, 0, 0, 0
600000, 12773, 1, 0, 0
601000, 14269, 0, 0, 0
601000, 12690, 1, 0, 0
602000, 12777, 1, 0, 0
602000, 14444, 0, 0, 0
603000, 14363, 0, 0, 0
603000, 12775, 1, 0, 0
604000, 14471, 0, 0, 0
604000, 12814, 1, 0, 0
605000, 12758, 1, 0, 0
605000, 14352, 0, 0, 0
606000, 51055, 0, 0, 0
606000, 46997, 1, 0, 0
607000, 179161, 0, 0, 0
607000, 178207, 1, 0, 0
608000, 177358, 0, 0, 0
608000, 175330, 1, 0, 0
609000, 109256, 1, 0, 0
609000, 110320, 0, 0, 0
610000, 14386, 0, 0, 0
610000, 12767, 1, 0, 0
611000, 14517, 0, 0, 0
611000, 12801, 1, 0, 0
612000, 14410, 0, 0, 0
612000, 12743, 1, 0, 0
613000, 14431, 0, 0, 0
613000, 12794, 1, 0, 0
614000, 14423, 0, 0, 0
614000, 12752, 1, 0, 0
615000, 12872, 1, 0, 0
615000, 14495, 0, 0, 0
616000, 14515, 0, 0, 0
616000, 12832, 1, 0, 0
617000, 12778, 1, 0, 0
617000, 14409, 0, 0, 0
618000, 169290, 1, 0, 0
618000, 169341, 0, 0, 0
619000, 177946, 1, 0, 0
619000, 178190, 0, 0, 0
620000, 173319, 1, 0, 0
620000, 177540, 0, 0, 0
621000, 110478, 0, 0, 0
621000, 112396, 1, 0, 0
622000, 14469, 0, 0, 0
622000, 12821, 1, 0, 0
623000, 14535, 0, 0, 0
623000, 12886, 1, 0, 0
624000, 12813, 1, 0, 0
624000, 14420, 0, 0, 0
625000, 14458, 0, 0, 0
625000, 12812, 1, 0, 0
626000, 14492, 0, 0, 0
626000, 12795, 1, 0, 0
627000, 14411, 0, 0, 0
627000, 12762, 1, 0, 0
628000, 14612, 0, 0, 0
628000, 12877, 1, 0, 0
629000, 14582, 0, 0, 0
629000, 12849, 1, 0, 0
630000, 179069, 0, 0, 0
630001, 175296, 1, 0, 0
631000, 176634, 1, 0, 0
631000, 177549, 0, 0, 0
632000, 178470, 0, 0, 0
632000, 176427, 1, 0, 0
633000, 111766, 0, 0, 0
633000, 109250, 1, 0, 0
634000, 12785, 1, 0, 0
634000, 14408, 0, 0, 0
635000, 14446, 0, 0, 0
635000, 12748, 1, 0, 0
636000, 14408, 0, 0, 0
636000, 12746, 1, 0, 0
637000, 14436, 0, 0, 0
637000, 12835, 1, 0, 0
638000, 14497, 0, 0, 0
638000, 12869, 1, 0, 0
639000, 14410, 0, 0, 0
639000, 12813, 1, 0, 0
640000, 14488, 0, 0, 0
640000, 12857, 1, 0, 0
641000, 13040, 1, 0, 0
641000, 14798, 0, 0, 0
642000, 178210, 0, 0, 0
642000, 179304, 1, 0, 0
643000, 179316, 0, 0, 0
643000, 177255, 1, 0, 0
644000, 177461, 0, 0, 0
644000, 174691, 1, 0, 0
645000, 112663, 0, 0, 0
645000, 106101, 1, 0, 0
646000, 12793, 1, 0, 0
646000, 14387, 0, 0, 0
647000, 14571, 0, 0, 0
647000, 12903, 1, 0, 0
648000, 14420, 0, 0, 0
648000, 12831, 1, 0, 0
649000, 14355, 0, 0, 0
649000, 12750, 1, 0, 0
650000, 14422, 0, 0, 0
650000, 12776, 1, 0, 0
651000, 14385, 0, 0, 0
651000, 12821, 1, 0, 0
652000, 14428, 0, 0, 0
652000, 12784, 1, 0, 0
653000, 14780, 0, 0, 0
653000, 12979, 1, 0, 0
654000, 176737, 0, 0, 0
654000, 177549, 1, 0, 0
655000, 177262, 0, 0, 0
655000, 176927, 1, 0, 0
656000, 179004, 1, 0, 0
656000, 177448, 0, 0, 0
657000, 111149, 0, 0, 0
657000, 109447, 1, 0, 0
658000, 14393, 0, 0, 0
658000, 12801, 1, 0, 0
659000, 14408, 0, 0, 0
659000, 12742, 1, 0, 0
660000, 14306, 0, 0, 0
660000, 12722, 1, 0, 0
661000, 14455, 0, 0, 0
661000, 12822, 1, 0, 0
662000, 14476, 0, 0, 0
662000, 12828, 1, 0, 0
663000, 14439, 0, 0, 0
663000, 12831, 1, 0, 0
664000, 14404, 0, 0, 0
664000, 12784, 1, 0, 0
665000, 14776, 0, 0, 0
665000, 13053, 1, 0, 0
666000, 178130, 0, 0, 0
666001, 178139, 1, 0, 0
667000, 178625, 1, 0, 0
667000, 178063, 0, 0, 0
668000, 177536, 0, 0, 0
668000, 177798, 1, 0, 0
669000, 111921, 0, 0, 0
669000, 109861, 1, 0, 0
670000, 14419, 0, 0, 0
670000, 12769, 1, 0, 0
671000, 14492, 0, 0, 0
671000, 12830, 1, 0, 0
672000, 14502, 0, 0, 0
672000, 12916, 1, 0, 0
673000, 14353, 0, 0, 0
673000, 12774, 1, 0, 0
674000, 12891, 1, 0, 0
674000, 14569, 0, 0, 0
675000, 14462, 0, 0, 0
675000, 12891, 1, 0, 0
676000, 14547, 0, 0, 0
676000, 12899, 1, 0, 0
677000, 14792, 0, 0, 0
677000, 13092, 1, 0, 0
678000, 177187, 1, 0, 0
678000, 178485, 0, 0, 0
679000, 178755, 1, 0, 0
679000, 179797, 0, 0, 0
680000, 178760, 0, 0, 0
680000, 174796, 1, 0, 0
681000, 110585, 0, 0, 0
681000, 108886, 1, 0, 0
682000, 14345, 0, 0, 0
682000, 12759, 1, 0, 0
683000, 12870, 1, 0, 0
683000, 14510, 0, 0, 0
684000, 12772, 1, 0, 0
684000, 14361, 0, 0, 0
685000, 12913, 1, 0, 0
685000, 14499, 0, 0, 0
686000, 12744, 1, 0, 0
686000, 14383, 0, 0, 0
687000, 12898, 1, 0, 0
687000, 14476, 0, 0, 0
688000, 12741, 1, 0, 0
688000, 14377, 0, 0, 0
689000, 14810, 0, 0, 0
689000, 13056, 1, 0, 0
690000, 176856, 0, 0, 0
690000, 175991, 1, 0, 0
691000, 178850, 0, 0, 0
691000, 177950, 1, 0, 0
692000, 176803, 0, 0, 0
692001, 175611, 1, 0, 0
693000, 110909, 0, 0, 0
693000, 107991, 1, 0, 0
694000, 14381, 0, 0, 0
694000, 12780, 1, 0, 0
695000, 14551, 0, 0, 0
695000, 12913, 1, 0, 0
696000, 12911, 1, 0, 0
696000, 14495, 0, 0, 0
697000, 14308, 0, 0, 0
697000, 12712, 1, 0, 0
698000, 14481, 0, 0, 0
698000, 12798, 1, 0, 0
699000, 14346, 0, 0, 0
699000, 12736, 1, 0, 0
700000, 14406, 0, 0, 0
700000, 12765, 1, 0, 0
701000, 14566, 0, 0, 0
701000, 12979, 1, 0, 0
702000, 12681, 1, 0, 0
702000, 14279, 0, 0, 0
703000, 14391, 0, 0, 0
703000, 12772, 1, 0, 0
704000, 14556, 0, 0, 0
704000, 12899, 1, 0, 0
705000, 12792, 1, 0, 0
705000, 14387, 0, 0, 0
706000, 14443, 0, 0, 0
706000, 12798, 1, 0, 0
707000, 14366, 0, 0, 0
707000, 12785, 1, 0, 0
708000, 12757, 1, 0, 0
708000, 14420, 0, 0, 0
709000, 12728, 1, 0, 0
709000, 14331, 0, 0, 0
710000, 48632, 0, 0, 0
710000, 46524, 1, 0, 0
711000, 180974, 0, 0, 0
711000, 177802, 1, 0, 0
712000, 177102, 0, 0, 0
712000, 176557, 1, 0, 0
713000, 109352, 0, 0, 0
713000, 108505, 1, 0, 0
714000, 14322, 0, 0, 0
714000, 12722, 1, 0, 0
715000, 12789, 1, 0, 0
715000, 14434, 0, 0, 0
716000, 14316, 0, 0, 0
716000, 12741, 1, 0, 0
717000, 14447, 0, 0, 0
717000, 12857, 1, 0, 0
718000, 12700, 1, 0, 0
718000, 14342, 0, 0, 0
719000, 12811, 1, 0, 0
719000, 14423, 0, 0, 0
720000, 14385, 0, 0, 0
720000, 12738, 1, 0, 0
721000, 14911, 0, 0, 0
721000, 13261, 1, 0, 0
722000, 175467, 1, 0, 0
722000, 176880, 0, 0, 0
723000, 179638, 0, 0, 0
723000, 178422, 1, 0, 0
724000, 178644, 0, 0, 0
724000, 176430, 1, 0, 0
725000, 108333, 1, 0, 0
725000, 109597, 0, 0, 0
726000, 12756, 1, 0, 0
726000, 14349, 0, 0, 0
727000, 14411, 0, 0, 0
727000, 12754, 1, 0, 0
728000, 14396, 0, 0, 0
728000, 12802, 1, 0, 0
729000, 14377, 0, 0, 0
729000, 12778, 1, 0, 0
730000, 12900, 1, 0, 0
730000, 14519, 0, 0, 0
731000, 14343, 0, 0, 0
731000, 12744, 1, 0, 0
732000, 14494, 0, 0, 0
732000, 12862, 1, 0, 0
733000, 15019, 0, 0, 0
733001, 13266, 1, 0, 0
734000, 177923, 0, 0, 0
734001, 176920, 1, 0, 0
735000, 179273, 1, 0, 0
735000, 179557, 0, 0, 0
736000, 176982, 1, 0, 0
736000, 176671, 0, 0, 0
737000, 106029, 1, 0, 0
737000, 110303, 0, 0, 0
738000, 12736, 1, 0, 0
738000, 14332, 0, 0, 0
739000, 14450, 0, 0, 0
739000, 12791, 1, 0, 0
740000, 12862, 1, 0, 0
740000, 14455, 0, 0, 0
741000, 14511, 0, 0, 0
741000, 12916, 1, 0, 0
742000, 14563, 0, 0, 0
742000, 12907, 1, 0, 0
743000, 14341, 0, 0, 0
743000, 12772, 1, 0, 0
744000, 12781, 1, 0, 0
744000, 14427, 0, 0, 0
745000, 15166, 0, 0, 0
745000, 13438, 1, 0, 0
746000, 175127, 1, 0, 0
746000, 175764, 0, 0, 0
747000, 177579, 0, 0, 0
747000, 178165, 1, 0, 0
748000, 179129, 1, 0, 0
748000, 179058, 0, 0, 0
749000, 108899, 0, 0, 0
749000, 109151, 1, 0, 0
750000, 14358, 0, 0, 0
750000, 12745, 1, 0, 0
751000, 14371, 0, 0, 0
751000, 12734, 1, 0, 0
752000, 14397, 0, 0, 0
752000, 12782, 1, 0, 0
753000, 14390, 0, 0, 0
753000, 12811, 1, 0, 0
754000, 14559, 0, 0, 0
754000, 12906, 1, 0, 0
755000, 12863, 1, 0, 0
755000, 14454, 0, 0, 0
756000, 12817, 1, 0, 0
756000, 14462, 0, 0, 0
757000, 14951, 0, 0, 0
757001, 13303, 1, 0, 0
758000, 178436, 0, 0, 0
758000, 180534, 1, 0, 0
759000, 177663, 0, 0, 0
759000, 178251, 1, 0, 0
760000, 178484, 0, 0, 0
760000, 177770, 1, 0, 0
761000, 107574, 0, 0, 0
761000, 108996, 1, 0, 0
762000, 14419, 0, 0, 0
762000, 12805, 1, 0, 0
763000, 12816, 1, 0, 0
763000, 14462, 0, 0, 0
764000, 12862, 1, 0, 0
764000, 14465, 0, 0, 0
765000, 14411, 0, 0, 0
765000, 12745, 1, 0, 0
766000, 12882, 1, 0, 0
766000, 14550, 0, 0, 0
767000, 14479, 0, 0, 0
767000, 12890, 1, 0, 0
768000, 12922, 1, 0, 0
768000, 14534, 0, 0, 0
769000, 14406, 0, 0, 0
769000, 12774, 1, 0, 0
770000, 153162, 0, 0, 0
770000, 147749, 1, 0, 0
771000, 176978, 0, 0, 0
771000, 174923, 1, 0, 0
772000, 178791, 0, 0, 0
772000, 178563, 1, 0, 0
773000, 109451, 0, 0, 0
773000, 107273, 1, 0, 0
774000, 14546, 0, 0, 0
774000, 12924, 1, 0, 0
775000, 12689, 1, 0, 0
775000, 14384, 0, 0, 0
776000, 14405, 0, 0, 0
776000, 12801, 1, 0, 0
777000, 12765, 1, 0, 0
777000, 14385, 0, 0, 0
778000, 14553, 0, 0, 0
778000, 12894, 1, 0, 0
779000, 12716, 1, 0, 0
779000, 14315, 0, 0, 0
780000, 14482, 0, 0, 0
780000, 12843, 1, 0, 0
781000, 12883, 1, 0, 0
781000, 14569, 0, 0, 0
782000, 178746, 1, 0, 0
782000, 179164, 0, 0, 0
783000, 178630, 0, 0, 0
783000, 175836, 1, 0, 0
784000, 180236, 0, 0, 0
784000, 178892, 1, 0, 0
785000, 108767, 0, 0, 0
785000, 107986, 1, 0, 0
786000, 14361, 0, 0, 0
786000, 12719, 1, 0, 0
787000, 38955, 0, 0, 0
787006, 15092, 1, 0, 0
788004, 2581633, 0, 0, 0
788009, 276531, 1, 0, 0
789003, 2490498, 0, 0, 0
789004, 265615, 1, 0, 0
790001, 2497597, 0, 0, 0
790001, 288078, 1, 0, 0
791001, 2696926, 0, 0, 0
791007, 286882, 1, 0, 0
792000, 2694556, 0, 0, 0
792000, 290032, 1, 0, 0
793000, 2534412, 0, 0, 0
793020, 283841, 1, 0, 0
794003, 2596560, 0, 0, 0
794003, 277897, 1, 0, 0
795001, 2583551, 0, 0, 0
795001, 279989, 1, 0, 0
796000, 2688163, 0, 0, 0
796001, 289181, 1, 0, 0
797004, 2636989, 0, 0, 0
797014, 274329, 1, 0, 0
798004, 2602480, 0, 0, 0
798004, 288376, 1, 0, 0
799002, 2608233, 0, 0, 0
799002, 261652, 1, 0, 0
800002, 2621085, 0, 0, 0
800008, 283226, 1, 0, 0
801001, 2476717, 0, 0, 0
801001, 251040, 1, 0, 0
802001, 2596427, 0, 0, 0
802017, 292286, 1, 0, 0
803003, 2569488, 0, 0, 0
803014, 296051, 1, 0, 0
804004, 2553168, 0, 0, 0
804004, 271882, 1, 0, 0
805002, 2406010, 0, 0, 0
805002, 247883, 1, 0, 0
806000, 2569346, 0, 0, 0
806014, 300526, 1, 0, 0
807004, 2667632, 0, 0, 0
807009, 290238, 1, 0, 0
808002, 2606406, 0, 0, 0
808003, 261697, 1, 0, 0
809002, 2557419, 0, 0, 0
809012, 276754, 1, 0, 0
810001, 2657810, 0, 0, 0
810001, 282248, 1, 0, 0
811000, 2614611, 0, 0, 0
811010, 285601, 1, 0, 0
812003, 2593349, 0, 0, 0
812004, 278475, 1, 0, 0
813002, 2462509, 0, 0, 0
813007, 271247, 1, 0, 0
814000, 2575729, 0, 0, 0
814000, 267935, 1, 0, 0
815001, 2509521, 0, 0, 0
815002, 269541, 1, 0, 0
816003, 2533981, 0, 0, 0
816004, 275991, 1, 0, 0
817000, 271436, 1, 0, 0
817004, 2580586, 0, 0, 0
818004, 2589776, 0, 0, 0
818005, 283936, 1, 0, 0
819000, 2619095, 0, 0, 0
819000, 281720, 1, 0, 0
820000, 2492455, 0, 0, 0
820006, 268701, 1, 0, 0
821000, 2406054, 0, 0, 0
821036, 254781, 1, 0, 0
822001, 2582999, 0, 0, 0
822006, 283299, 1, 0, 0
823000, 2661758, 0, 0, 0
823000, 294531, 1, 0, 0
824001, 2596736, 0, 0, 0
824006, 298928, 1, 0, 0
825000, 2542480, 0, 0, 0
825000, 283692, 1, 0, 0
826000, 2642008, 0, 0, 0
826005, 282898, 1, 0, 0
827000, 2682764, 0, 0, 0
827005, 286481, 1, 0, 0
828002, 2616923, 0, 0, 0
828003, 266753, 1, 0, 0
829002, 2533896, 0, 0, 0
829002, 260742, 1, 0, 0
830002, 2546484, 0, 0, 0
830014, 275323, 1, 0, 0
831000, 282335, 1, 0, 0
831003, 2611846, 0, 0, 0
832003, 2629249, 0, 0, 0
832004, 276272, 1, 0, 0
833003, 2687209, 0, 0, 0
833009, 282847, 1, 0, 0
834003, 2530631, 0, 0, 0
834019, 266704, 1, 0, 0
835003, 2749994, 0, 0, 0
835004, 297101, 1, 0, 0
836003, 2539600, 0, 0, 0
836004, 262458, 1, 0, 0
837000, 2562987, 0, 0, 0
837010, 300613, 1, 0, 0
838004, 2688743, 0, 0, 0
838014, 261777, 1, 0, 0
839000, 2605197, 0, 0, 0
839005, 293800, 1, 0, 0
840004, 2506314, 0, 0, 0
840010, 287568, 1, 0, 0
841000, 2612693, 0, 0, 0
841005, 274118, 1, 0, 0
842000, 2509809, 0, 0, 0
842005, 262883, 1, 0, 0
843000, 1238015, 0, 0, 0
843000, 215131, 1, 0, 0
844000, 178078, 0, 0, 0
844000, 178606, 1, 0, 0
845000, 108393, 0, 0, 0
845000, 106612, 1, 0, 0
846000, 14512, 0, 0, 0
846000, 12875, 1, 0, 0
847000, 14292, 0, 0, 0
847000, 12668, 1, 0, 0
848000, 12985, 1, 0, 0
848000, 14671, 0, 0, 0
849000, 14506, 0, 0, 0
849000, 12898, 1, 0, 0
850000, 14634, 0, 0, 0
850000, 12969, 1, 0, 0
851000, 15748, 0, 0, 0
851001, 14057, 1, 0, 0
852000, 180173, 1, 0, 0
852000, 179772, 0, 0, 0
853000, 107955, 1, 0, 0
853000, 109147, 0, 0, 0
854000, 14602, 0, 0, 0
854000, 12955, 1, 0, 0
855000, 14520, 0, 0, 0
855000, 12883, 1, 0, 0
856000, 14620, 0, 0, 0
856000, 12982, 1, 0, 0
857000, 14537, 0, 0, 0
857000, 12885, 1, 0, 0
858000, 14531, 0, 0, 0
858000, 12856, 1, 0, 0
859000, 14599, 0, 0, 0
859000, 12912, 1, 0, 0
860000, 14626, 0, 0, 0
860000, 12948, 1, 0, 0
861000, 14588, 0, 0, 0
861000, 12945, 1, 0, 0
862000, 61466, 1, 0, 0
862000, 61627, 0, 0, 0
863000, 176716, 0, 0, 0
863000, 175555, 1, 0, 0
864000, 178417, 0, 0, 0
864000, 176744, 1, 0, 0
865000, 108192, 0, 0, 0
865000, 106653, 1, 0, 0
866000, 14449, 0, 0, 0
866000, 12817, 1, 0, 0
867000, 14668, 0, 0, 0
867000, 12991, 1, 0, 0
868000, 14635, 0, 0, 0
868000, 12987, 1, 0, 0
869000, 12932, 1, 0, 0
869000, 14537, 0, 0, 0
870000, 14476, 0, 0, 0
870000, 12781, 1, 0, 0
871000, 12980, 1, 0, 0
871000, 14610, 0, 0, 0
872000, 14674, 0, 0, 0
872000, 12993, 1, 0, 0
873000, 14492, 0, 0, 0
873000, 12854, 1, 0, 0
874000, 107286, 1, 0, 0
874000, 108591, 0, 0, 0
875000, 178515, 0, 0, 0
875000, 177085, 1, 0, 0
876000, 178013, 1, 0, 0
876000, 180104, 0, 0, 0
877000, 108456, 0, 0, 0
877000, 108965, 1, 0, 0
878000, 14604, 0, 0, 0
878000, 12979, 1, 0, 0
879000, 14614, 0, 0, 0
879000, 12898, 1, 0, 0
880000, 14604, 0, 0, 0
880000, 12978, 1, 0, 0
881000, 12857, 1, 0, 0
881000, 14518, 0, 0, 0
882000, 14462, 0, 0, 0
882000, 12762, 1, 0, 0
883000, 14448, 0, 0, 0
883000, 12804, 1, 0, 0
884000, 14643, 0, 0, 0
884000, 12968, 1, 0, 0
885000, 14421, 0, 0, 0
885000, 12840, 1, 0, 0
886000, 147008, 0, 0, 0
886000, 147352, 1, 0, 0
887000, 177556, 0, 0, 0
887000, 178151, 1, 0, 0
888000, 178172, 1, 0, 0
888000, 180103, 0, 0, 0
889000, 108897, 0, 0, 0
889000, 106600, 1, 0, 0
890000, 13004, 1, 0, 0
890000, 14601, 0, 0, 0
891000, 14662, 0, 0, 0
891000, 12989, 1, 0, 0
892000, 14605, 0, 0, 0
892000, 12991, 1, 0, 0
893000, 14574, 0, 0, 0
893000, 13008, 1, 0, 0
894000, 14643, 0, 0, 0
894000, 13010, 1, 0, 0
895000, 14556, 0, 0, 0
895000, 13000, 1, 0, 0
896000, 14646, 0, 0, 0
896000, 13018, 1, 0, 0
897000, 14399, 0, 0, 0
897000, 12793, 1, 0, 0
898000, 108802, 0, 0, 0
898001, 107922, 1, 0, 0
899000, 176492, 0, 0, 0
899000, 178821, 1, 0, 0
900000, 179730, 1, 0, 0
900000, 179503, 0, 0, 0
901000, 108298, 0, 0, 0
901000, 108021, 1, 0, 0
902000, 14623, 0, 0, 0
902000, 12971, 1, 0, 0
903000, 12777, 1, 0, 0
903000, 14463, 0, 0, 0
904000, 14468, 0, 0, 0
904000, 12802, 1, 0, 0
905000, 14456, 0, 0, 0
905000, 12804, 1, 0, 0
906000, 14493, 0, 0, 0
906000, 12795, 1, 0, 0
907000, 14627, 0, 0, 0
907000, 13008, 1, 0, 0
908000, 14632, 0, 0, 0
908000, 12940, 1, 0, 0
909000, 14587, 0, 0, 0
909000, 12968, 1, 0, 0
910000, 142100, 0, 0, 0
910000, 139498, 1, 0, 0
911000, 177366, 0, 0, 0
911000, 178064, 1, 0, 0
912000, 178733, 0, 0, 0
912000, 179291, 1, 0, 0
913000, 106753, 0, 0, 0
913000, 106888, 1, 0, 0
914000, 14481, 0, 0, 0
914000, 12905, 1, 0, 0
915000, 14657, 0, 0, 0
915000, 12999, 1, 0, 0
916000, 14555, 0, 0, 0
916000, 12999, 1, 0, 0
917000, 14542, 0, 0, 0
917000, 12961, 1, 0, 0
918000, 14667, 0, 0, 0
918000, 12997, 1, 0, 0
919000, 14563, 0, 0, 0
919000, 12990, 1, 0, 0
920000, 14603, 0, 0, 0
920000, 12969, 1, 0, 0
921000, 12996, 1, 0, 0
921000, 14605, 0, 0, 0
922000, 99659, 0, 0, 0
922000, 99051, 1, 0, 0
923000, 178148, 0, 0, 0
923001, 177486, 1, 0, 0
924000, 179276, 0, 0, 0
924000, 179570, 1, 0, 0
925000, 106659, 0, 0, 0
925000, 105427, 1, 0, 0
926000, 14464, 0, 0, 0
926000, 12817, 1, 0, 0
927000, 12976, 1, 0, 0
927000, 14617, 0, 0, 0
928000, 14577, 0, 0, 0
928000, 12977, 1, 0, 0
929000, 12797, 1, 0, 0
929000, 14434, 0, 0, 0
930000, 12877, 1, 0, 0
930000, 14551, 0, 0, 0
931000, 14589, 0, 0, 0
931000, 13005, 1, 0, 0
932000, 12919, 1, 0, 0
932000, 14556, 0, 0, 0
933000, 12802, 1, 0, 0
933000, 14407, 0, 0, 0
934000, 145212, 0, 0, 0
934000, 139360, 1, 0, 0
935000, 175654, 0, 0, 0
935000, 176327, 1, 0, 0
936000, 177499, 0, 0, 0
936000, 178887, 1, 0, 0
937000, 102562, 0, 0, 0
937000, 103454, 1, 0, 0
938000, 12773, 1, 0, 0
938000, 14354, 0, 0, 0
939000, 13017, 1, 0, 0
939000, 14623, 0, 0, 0
940000, 14434, 0, 0, 0
940000, 12856, 1, 0, 0
941000, 14482, 0, 0, 0
941000, 12908, 1, 0, 0
942000, 14422, 0, 0, 0
942000, 12796, 1, 0, 0
943000, 12981, 1, 0, 0
943000, 14545, 0, 0, 0
944000, 14620, 0, 0, 0
944000, 12981, 1, 0, 0
945000, 14514, 0, 0, 0
945000, 12953, 1, 0, 0
946000, 132761, 0, 0, 0
946000, 131257, 1, 0, 0
947000, 174723, 0, 0, 0
947000, 171690, 1, 0, 0
948000, 172428, 0, 0, 0
948000, 171301, 1, 0, 0
949000, 107007, 0, 0, 0
949000, 106088, 1, 0, 0
950000, 14584, 0, 0, 0
950000, 12983, 1, 0, 0
951000, 14590, 0, 0, 0
951000, 12990, 1, 0, 0
952000, 12938, 1, 0, 0
952000, 14509, 0, 0, 0
953000, 14506, 0, 0, 0
953000, 12903, 1, 0, 0
954000, 14591, 0, 0, 0
954000, 12974, 1, 0, 0
955000, 12987, 1, 0, 0
955000, 14559, 0, 0, 0
956000, 14604, 0, 0, 0
956000, 12970, 1, 0, 0
957000, 14487, 0, 0, 0
957000, 12930, 1, 0, 0
958000, 131801, 1, 0, 0
958000, 129634, 0, 0, 0
959000, 173570, 0, 0, 0
959000, 170955, 1, 0, 0
960000, 175957, 1, 0, 0
960000, 176715, 0, 0, 0
961000, 103491, 0, 0, 0
961000, 105125, 1, 0, 0
962000, 14401, 0, 0, 0
962000, 12846, 1, 0, 0
963000, 14485, 0, 0, 0
963000, 12826, 1, 0, 0
964000, 14418, 0, 0, 0
964000, 12841, 1, 0, 0
965000, 14556, 0, 0, 0
965000, 12962, 1, 0, 0
966000, 12854, 1, 0, 0
966000, 14561, 0, 0, 0
967000, 14462, 0, 0, 0
967000, 12847, 1, 0, 0
968000, 14565, 0, 0, 0
968000, 12866, 1, 0, 0
969000, 14589, 0, 0, 0
969000, 12955, 1, 0, 0
970000, 141963, 0, 0, 0
970000, 139792, 1, 0, 0
971000, 172559, 0, 0, 0
971000, 172567, 1, 0, 0
972000, 176466, 1, 0, 0
972000, 176624, 0, 0, 0
973000, 106421, 0, 0, 0
973000, 106128, 1, 0, 0
974000, 14509, 0, 0, 0
974000, 12860, 1, 0, 0
975000, 14541, 0, 0, 0
975000, 12840, 1, 0, 0
976000, 14470, 0, 0, 0
976000, 12842, 1, 0, 0
977000, 14577, 0, 0, 0
977000, 12989, 1, 0, 0
978000, 14642, 0, 0, 0
978000, 12995, 1, 0, 0
979000, 14437, 0, 0, 0
979000, 12842, 1, 0, 0
980000, 12843, 1, 0, 0
980000, 14478, 0, 0, 0
981000, 12927, 1, 0, 0
981000, 14520, 0, 0, 0
982000, 121867, 1, 0, 0
982000, 123060, 0, 0, 0
983000, 176148, 0, 0, 0
983000, 173661, 1, 0, 0
984000, 179528, 0, 0, 0
984000, 178582, 1, 0, 0
985000, 106527, 0, 0, 0
985000, 104275, 1, 0, 0
986000, 14530, 0, 0, 0
986000, 12882, 1, 0, 0
987000, 12951, 1, 0, 0
987000, 14638, 0, 0, 0
988000, 12862, 1, 0, 0
988000, 14514, 0, 0, 0
989000, 14557, 0, 0, 0
989000, 12922, 1, 0, 0
990000, 14559, 0, 0, 0
990000, 12821, 1, 0, 0
991000, 14489, 0, 0, 0
991000, 12839, 1, 0, 0
992000, 12849, 1, 0, 0
992000, 14539, 0, 0, 0
993000, 14777, 0, 0, 0
993000, 13011, 1, 0, 0
994000, 175641, 0, 0, 0
994001, 174260, 1, 0, 0
995000, 174451, 1, 0, 0
995000, 175740, 0, 0, 0
996000, 174437, 0, 0, 0
996000, 171434, 1, 0, 0
997000, 105237, 0, 0, 0
997000, 103412, 1, 0, 0
998000, 14407, 0, 0, 0
998000, 12825, 1, 0, 0
999000, 14445, 0, 0, 0
999000, 12802, 1, 0, 0
1000000, 14356, 0, 0, 0
1000000, 12735, 1, 0, 0
1001000, 14405, 0, 0, 0
1001000, 12830, 1, 0, 0
1002000, 14402, 0, 0, 0
1002000, 12764, 1, 0, 0
1003000, 12831, 1, 0, 0
1003000, 14395, 0, 0, 0
1004000, 14451, 0, 0, 0
1004000, 12822, 1, 0, 0
1005000, 13141, 1, 0, 0
1005000, 14892, 0, 0, 0
1006000, 176620, 0, 0, 0
1006000, 178636, 1, 0, 0
1007000, 176163, 0, 0, 0
1007000, 176280, 1, 0, 0
1008000, 177879, 0, 0, 0
1008000, 177198, 1, 0, 0
1009000, 104686, 0, 0, 0
1009000, 106726, 1, 0, 0
1010000, 14371, 0, 0, 0
1010000, 12816, 1, 0, 0
1011000, 12815, 1, 0, 0
1011000, 14455, 0, 0, 0
1012000, 14489, 0, 0, 0
1012000, 12920, 1, 0, 0
1013000, 12869, 1, 0, 0
1013000, 14433, 0, 0, 0
1014000, 14463, 0, 0, 0
1014000, 12814, 1, 0, 0
1015000, 12821, 1, 0, 0
1015000, 14393, 0, 0, 0
1016000, 14505, 0, 0, 0
1016000, 12859, 1, 0, 0
1017000, 14525, 0, 0, 0
1017000, 12967, 1, 0, 0
1018000, 162411, 0, 0, 0
1018002, 162419, 1, 0, 0
1019000, 175118, 1, 0, 0
1019000, 175381, 0, 0, 0
1020000, 178493, 0, 0, 0
1020000, 177485, 1, 0, 0
1021000, 103126, 1, 0, 0
1021000, 105933, 0, 0, 0
1022000, 14445, 0, 0, 0
1022000, 12835, 1, 0, 0
1023000, 12833, 1, 0, 0
1023000, 14451, 0, 0, 0
1024000, 12854, 1, 0, 0
1024000, 14451, 0, 0, 0
1025000, 12811, 1, 0, 0
1025000, 14390, 0, 0, 0
1026000, 14420, 0, 0, 0
1026000, 12774, 1, 0, 0
1027000, 14495, 0, 0, 0
1027000, 12858, 1, 0, 0
1028000, 14563, 0, 0, 0
1028000, 12848, 1, 0, 0
1029000, 15012, 0, 0, 0
1029000, 13199, 1, 0, 0
1030000, 173213, 0, 0, 0
1030001, 171345, 1, 0, 0
1031000, 176107, 0, 0, 0
1031000, 176156, 1, 0, 0
1032000, 178385, 0, 0, 0
1032000, 175094, 1, 0, 0
1033000, 103988, 1, 0, 0
1033000, 106081, 0, 0, 0
1034000, 14534, 0, 0, 0
1034000, 12951, 1, 0, 0
1035000, 12883, 1, 0, 0
1035000, 14572, 0, 0, 0
1036000, 14499, 0, 0, 0
1036000, 12864, 1, 0, 0
1037000, 14495, 0, 0, 0
1037000, 12897, 1, 0, 0
1038000, 14549, 0, 0, 0
1038000, 12849, 1, 0, 0
1039000, 14484, 0, 0, 0
1039000, 12876, 1, 0, 0
1040000, 14521, 0, 0, 0
1040000, 12840, 1, 0, 0
1041000, 14503, 0, 0, 0
1041000, 12942, 1, 0, 0
1042000, 164889, 0, 0, 0
1042000, 161679, 1, 0, 0
1043000, 170142, 1, 0, 0
1043000, 170783, 0, 0, 0
1044000, 176461, 1, 0, 0
1044000, 175602, 0, 0, 0
1045000, 104188, 0, 0, 0
1045000, 101250, 1, 0, 0
1046000, 12831, 1, 0, 0
1046000, 14413, 0, 0, 0
1047000, 12865, 1, 0, 0
1047000, 14502, 0, 0, 0
1048000, 14454, 0, 0, 0
1048000, 12844, 1, 0, 0
1049000, 14414, 0, 0, 0
1049000, 12840, 1, 0, 0
1050000, 14453, 0, 0, 0
1050000, 12845, 1, 0, 0
1051000, 12840, 1, 0, 0
1051000, 14423, 0, 0, 0
1052000, 14540, 0, 0, 0
1052000, 12935, 1, 0, 0
1053000, 13157, 1, 0, 0
1053000, 14816, 0, 0, 0
1054000, 176791, 0, 0, 0
1054000, 176893, 1, 0, 0
1055000, 177178, 0, 0, 0
1055000, 175403, 1, 0, 0
1056000, 179833, 0, 0, 0
1056000, 179146, 1, 0, 0
1057000, 106838, 0, 0, 0
1057000, 103293, 1, 0, 0
1058000, 14414, 0, 0, 0
1058000, 12831, 1, 0, 0
1059000, 14524, 0, 0, 0
1059000, 12879, 1, 0, 0
1060000, 14414, 0, 0, 0
1060000, 12836, 1, 0, 0
1061000, 14459, 0, 0, 0
1061000, 12877, 1, 0, 0
1062000, 12964, 1, 0, 0
1062000, 14590, 0, 0, 0
1063000, 14408, 0, 0, 0
1063000, 12827, 1, 0, 0
1064000, 14476, 0, 0, 0
1064000, 12818, 1, 0, 0
1065000, 14900, 0, 0, 0
1065000, 13237, 1, 0, 0
1066000, 180305, 1, 0, 0
1066000, 179778, 0, 0, 0
1067000, 178921, 0, 0, 0
1067002, 178103, 1, 0, 0
1068000, 180018, 0, 0, 0
1068000, 179215, 1, 0, 0
1069000, 106303, 0, 0, 0
1069000, 105416, 1, 0, 0
1070000, 12931, 1, 0, 0
1070000, 14565, 0, 0, 0
1071000, 14552, 0, 0, 0
1071000, 12861, 1, 0, 0
1072000, 14558, 0, 0, 0
1072000, 12952, 1, 0, 0
1073000, 14490, 0, 0, 0
1073000, 12887, 1, 0, 0
1074000, 14455, 0, 0, 0
1074000, 12796, 1, 0, 0
1075000, 14498, 0, 0, 0
1075000, 12895, 1, 0, 0
1076000, 13003, 1, 0, 0
1076000, 14648, 0, 0, 0
1077000, 14475, 0, 0, 0
1077000, 12852, 1, 0, 0
1078000, 145007, 0, 0, 0
1078000, 144319, 1, 0, 0
1079000, 172529, 0, 0, 0
1079000, 168715, 1, 0, 0
1080000, 179548, 0, 0, 0
1080000, 177647, 1, 0, 0
1081000, 107155, 1, 0, 0
1081000, 105773, 0, 0, 0
1082000, 12963, 1, 0, 0
1082000, 14610, 0, 0, 0
1083000, 14531, 0, 0, 0
1083000, 12822, 1, 0, 0
1084000, 14415, 0, 0, 0
1084000, 12786, 1, 0, 0
1085000, 12769, 1, 0, 0
1085000, 14387, 0, 0, 0
1086000, 12825, 1, 0, 0
1086000, 14439, 0, 0, 0
1087000, 12830, 1, 0, 0
1087000, 14407, 0, 0, 0
1088000, 14659, 0, 0, 0
1088000, 12980, 1, 0, 0
1089000, 12926, 1, 0, 0
1089000, 14653, 0, 0, 0
1090000, 177396, 0, 0, 0
1090000, 178785, 1, 0, 0
1091000, 177292, 0, 0, 0
1091000, 177345, 1, 0, 0
1092000, 179347, 0, 0, 0
1092001, 180317, 1, 0, 0
1093000, 107003, 0, 0, 0
1093000, 103356, 1, 0, 0
1094000, 12983, 1, 0, 0
1094000, 14586, 0, 0, 0
1095000, 14584, 0, 0, 0
1095000, 12945, 1, 0, 0
1096000, 14575, 0, 0, 0
1096000, 13000, 1, 0, 0
1097000, 14491, 0, 0, 0
1097000, 12922, 1, 0, 0
1098000, 14549, 0, 0, 0
1098000, 12917, 1, 0, 0
1099000, 14554, 0, 0, 0
1099000, 12997, 1, 0, 0
1100000, 14597, 0, 0, 0
1100000, 12986, 1, 0, 0
1101000, 14696, 0, 0, 0
1101001, 12999, 1, 0, 0
1102000, 168109, 0, 0, 0
1102000, 167106, 1, 0, 0
1103000, 179497, 0, 0, 0
1103000, 176857, 1, 0, 0
1104000, 180501, 0, 0, 0
1104000, 177894, 1, 0, 0
1105000, 105321, 0, 0, 0
1105000, 105572, 1, 0, 0
1106000, 14457, 0, 0, 0
1106000, 12797, 1, 0, 0
1107000, 14508, 0, 0, 0
1107000, 12810, 1, 0, 0
1108000, 14428, 0, 0, 0
1108000, 12816, 1, 0, 0
1109000, 14556, 0, 0, 0
1109000, 12961, 1, 0, 0
1110000, 14662, 0, 0, 0
1110000, 12979, 1, 0, 0
1111000, 14461, 0, 0, 0
1111000, 12836, 1, 0, 0
1112000, 12826, 1, 0, 0
1112000, 14536, 0, 0, 0
1113000, 12924, 1, 0, 0
1113000, 14523, 0, 0, 0
1114000, 158188, 1, 0, 0
1114000, 161038, 0, 0, 0
1115000, 178063, 0, 0, 0
1115002, 178205, 1, 0, 0
1116000, 179293, 0, 0, 0
1116000, 176822, 1, 0, 0
1117000, 105792, 0, 0, 0
1117000, 104864, 1, 0, 0
1118000, 14488, 0, 0, 0
1118000, 12875, 1, 0, 0
1119000, 14400, 0, 0, 0
1119000, 12706, 1, 0, 0
1120000, 14435, 0, 0, 0
1120000, 12802, 1, 0, 0
1121000, 12932, 1, 0, 0
1121000, 14527, 0, 0, 0
1122000, 14619, 0, 0, 0
1122000, 13005, 1, 0, 0
1123000, 12952, 1, 0, 0
1123000, 14575, 0, 0, 0
1124000, 14568, 0, 0, 0
1124000, 12954, 1, 0, 0
1125003, 14614, 0, 0, 0
1125005, 12922, 1, 0, 0
1126000, 181096, 0, 0, 0
1126001, 180494, 1, 0, 0
1127000, 177775, 0, 0, 0
1127001, 177340, 1, 0, 0
1128000, 181183, 1, 0, 0
1128000, 180042, 0, 0, 0
1129000, 103344, 1, 0, 0
1129000, 106090, 0, 0, 0
1130000, 14534, 0, 0, 0
1130000, 12965, 1, 0, 0
1131000, 14566, 0, 0, 0
1131000, 12963, 1, 0, 0
1132000, 14532, 0, 0, 0
1132000, 12953, 1, 0, 0
1133000, 14504, 0, 0, 0
1133000, 12938, 1, 0, 0
1134000, 14568, 0, 0, 0
1134000, 12940, 1, 0, 0
1135000, 14512, 0, 0, 0
1135000, 12939, 1, 0, 0
1136000, 12939, 1, 0, 0
1136000, 14579, 0, 0, 0
1137000, 14472, 0, 0, 0
1137000, 12919, 1, 0, 0
1138000, 167514, 0, 0, 0
1138000, 164551, 1, 0, 0
1139000, 176333, 1, 0, 0
1139001, 177738, 0, 0, 0
1140000, 179876, 0, 0, 0
1140000, 178425, 1, 0, 0
1141000, 106423, 0, 0, 0
1141000, 102084, 1, 0, 0
1142000, 14510, 0, 0, 0
1142000, 12939, 1, 0, 0
1143000, 12945, 1, 0, 0
1143000, 14563, 0, 0, 0
1144000, 14518, 0, 0, 0
1144000, 12938, 1, 0, 0
1145000, 14525, 0, 0, 0
1145000, 12937, 1, 0, 0
1146000, 14488, 0, 0, 0
1146000, 12851, 1, 0, 0
1147000, 12816, 1, 0, 0
1147000, 14415, 0, 0, 0
1148000, 14466, 0, 0, 0
1148000, 12830, 1, 0, 0
1149000, 14882, 0, 0, 0
1149000, 13139, 1, 0, 0
1150000, 179649, 0, 0, 0
1150000, 177513, 1, 0, 0
1151000, 178173, 0, 0, 0
1151000, 176332, 1, 0, 0
1152000, 179787, 0, 0, 0
1152001, 179108, 1, 0, 0
1153000, 105888, 0, 0, 0
1153000, 105133, 1, 0, 0
1154000, 14509, 0, 0, 0
1154000, 12932, 1, 0, 0
1155000, 14589, 0, 0, 0
1155000, 12951, 1, 0, 0
1156000, 12967, 1, 0, 0
1156000, 14524, 0, 0, 0
1157000, 14521, 0, 0, 0
1157000, 12962, 1, 0, 0
1158000, 14564, 0, 0, 0
1158000, 12924, 1, 0, 0
1159000, 12975, 1, 0, 0
1159000, 14535, 0, 0, 0
1160000, 12986, 1, 0, 0
1160000, 14598, 0, 0, 0
1161000, 14516, 0, 0, 0
1161000, 12942, 1, 0, 0
1162000, 141097, 0, 0, 0
1162000, 141867, 1, 0, 0
1163000, 179273, 0, 0, 0
1163000, 178584, 1, 0, 0
1164000, 179730, 1, 0, 0
1164000, 180331, 0, 0, 0
1165000, 105143, 0, 0, 0
1165000, 105827, 1, 0, 0
1166000, 12960, 1, 0, 0
1166000, 14573, 0, 0, 0
1167000, 14639, 0, 0, 0
1167000, 12987, 1, 0, 0
1168000, 14566, 0, 0, 0
1168000, 12986, 1, 0, 0
1169000, 14485, 0, 0, 0
1169000, 12894, 1, 0, 0
1170000, 12888, 1, 0, 0
1170000, 14585, 0, 0, 0
1171000, 14570, 0, 0, 0
1171000, 12982, 1, 0, 0
1172000, 12997, 1, 0, 0
1172000, 14648, 0, 0, 0
1173000, 14560, 0, 0, 0
1173000, 12943, 1, 0, 0
1174000, 142251, 0, 0, 0
1174000, 139783, 1, 0, 0
1175000, 178432, 0, 0, 0
1175001, 177740, 1, 0, 0
1176000, 177511, 0, 0, 0
1176001, 179365, 1, 0, 0
1177000, 105334, 0, 0, 0
1177000, 105323, 1, 0, 0
1178000, 12879, 1, 0, 0
1178000, 14510, 0, 0, 0
1179000, 23288, 0, 0, 0
1179010, 13700, 1, 0, 0
1180001, 2674214, 0, 0, 0
1180002, 285483, 1, 0, 0
1181002, 2636893, 0, 0, 0
1181003, 274196, 1, 0, 0
1182003, 2559006, 0, 0, 0
1182003, 276791, 1, 0, 0
1183003, 2717604, 0, 0, 0
1183003, 298180, 1, 0, 0
1184000, 2557045, 0, 0, 0
1184010, 266984, 1, 0, 0
1185000, 287395, 1, 0, 0
1185004, 2644898, 0, 0, 0
1186001, 2576964, 0, 0, 0
1186007, 286921, 1, 0, 0
1187001, 2560237, 0, 0, 0
1187001, 273154, 1, 0, 0
1188000, 2704459, 0, 0, 0
1188005, 275323, 1, 0, 0
1189001, 2431590, 0, 0, 0
1189011, 245903, 1, 0, 0
1190003, 2617061, 0, 0, 0
1190004, 268317, 1, 0, 0
1191004, 2494101, 0, 0, 0
1191013, 258705, 1, 0, 0
1192002, 2528700, 0, 0, 0
1192008, 268133, 1, 0, 0
1193002, 2533660, 0, 0, 0
1193002, 263142, 1, 0, 0
1194004, 2700755, 0, 0, 0
1194004, 286507, 1, 0, 0
1195003, 2642625, 0, 0, 0
1195004, 286297, 1, 0, 0
1196004, 2704707, 0, 0, 0
1196009, 284827, 1, 0, 0
1197000, 2481033, 0, 0, 0
1197001, 255148, 1, 0, 0
1198001, 2512909, 0, 0, 0
1198012, 249515, 1, 0, 0
1199003, 2504221, 0, 0, 0
1199004, 289515, 1, 0, 0
1200003, 2507576, 0, 0, 0
1200003, 283040, 1, 0, 0
