1000, 7450, 0, 0, 0
1000, 3210, 1, 0, 0
2000, 39084, 0, 0, 0
2000, 16677, 1, 0, 0
3000, 38989, 0, 0, 0
3000, 16648, 1, 0, 0
4000, 38845, 0, 0, 0
4000, 16692, 1, 0, 0
5000, 39078, 0, 0, 0
5000, 16787, 1, 0, 0
6001, 39032, 0, 0, 0
6001, 16978, 1, 0, 0
7000, 38921, 0, 0, 0
7000, 16636, 1, 0, 0
8000, 39016, 0, 0, 0
8000, 16826, 1, 0, 0
9000, 39141, 0, 0, 0
9000, 16758, 1, 0, 0
10000, 38958, 0, 0, 0
10000, 16938, 1, 0, 0
11000, 39081, 0, 0, 0
11000, 16723, 1, 0, 0
12000, 16081, 0, 0, 0
12000, 6845, 1, 0, 0
13000, 5647, 0, 0, 0
13000, 2352, 1, 0, 0
14000, 39167, 0, 0, 0
14000, 16642, 1, 0, 0
15000, 39050, 0, 0, 0
15000, 16763, 1, 0, 0
16000, 38933, 0, 0, 0
16000, 16723, 1, 0, 0
17000, 39089, 0, 0, 0
17000, 17088, 1, 0, 0
18000, 39107, 0, 0, 0
18000, 16686, 1, 0, 0
19001, 38959, 0, 0, 0
19001, 16407, 1, 0, 0
20000, 39068, 0, 0, 0
20000, 16756, 1, 0, 0
21000, 39129, 0, 0, 0
21000, 16640, 1, 0, 0
22000, 38952, 0, 0, 0
22000, 16715, 1, 0, 0
23000, 39125, 0, 0, 0
23000, 16714, 1, 0, 0
24000, 18477, 0, 0, 0
24000, 7909, 1, 0, 0
25000, 5694, 0, 0, 0
25000, 2392, 1, 0, 0
26000, 39064, 0, 0, 0
26000, 16786, 1, 0, 0
27000, 39000, 0, 0, 0
27000, 16898, 1, 0, 0
28000, 38851, 0, 0, 0
28000, 16654, 1, 0, 0
29000, 39095, 0, 0, 0
29000, 16548, 1, 0, 0
30000, 39144, 0, 0, 0
30000, 16818, 1, 0, 0
31000, 38846, 0, 0, 0
31000, 16499, 1, 0, 0
32000, 39028, 0, 0, 0
32000, 16932, 1, 0, 0
33000, 39060, 0, 0, 0
33000, 16739, 1, 0, 0
34000, 38845, 0, 0, 0
34000, 16675, 1, 0, 0
35000, 39186, 0, 0, 0
35000, 16728, 1, 0, 0
36000, 18470, 0, 0, 0
36000, 7914, 1, 0, 0
37000, 5640, 0, 0, 0
37000, 2382, 1, 0, 0
38000, 39048, 0, 0, 0
38000, 16766, 1, 0, 0
39000, 39125, 0, 0, 0
39000, 17047, 1, 0, 0
40000, 38949, 0, 0, 0
40000, 16860, 1, 0, 0
41000, 39131, 0, 0, 0
41000, 16737, 1, 0, 0
42001, 39149, 0, 0, 0
42001, 16525, 1, 0, 0
43000, 38888, 0, 0, 0
43000, 16814, 1, 0, 0
44000, 38917, 0, 0, 0
44000, 16928, 1, 0, 0
45000, 39165, 0, 0, 0
45000, 16668, 1, 0, 0
46000, 38899, 0, 0, 0
46000, 16760, 1, 0, 0
47000, 39291, 0, 0, 0
47000, 16637, 1, 0, 0
48000, 17085, 0, 0, 0
48000, 7429, 1, 0, 0
49000, 5642, 0, 0, 0
49000, 2387, 1, 0, 0
50000, 38947, 0, 0, 0
50000, 16705, 1, 0, 0
51000, 39007, 0, 0, 0
51000, 16460, 1, 0, 0
52000, 38767, 0, 0, 0
52000, 16821, 1, 0, 0
53000, 39148, 0, 0, 0
53000, 16595, 1, 0, 0
54000, 39225, 0, 0, 0
54000, 16783, 1, 0, 0
55000, 38965, 0, 0, 0
55000, 16482, 1, 0, 0
56000, 39172, 0, 0, 0
56000, 16781, 1, 0, 0
57001, 38990, 0, 0, 0
57001, 16813, 1, 0, 0
58000, 38986, 0, 0, 0
58000, 16858, 1, 0, 0
59000, 39170, 0, 0, 0
59000, 16796, 1, 0, 0
60000, 18771, 0, 0, 0
60000, 7985, 1, 0, 0
61000, 5900, 0, 0, 0
61000, 2538, 1, 0, 0
62000, 39223, 0, 0, 0
62000, 16791, 1, 0, 0
63000, 39087, 0, 0, 0
63000, 16990, 1, 0, 0
64000, 38842, 0, 0, 0
64000, 16572, 1, 0, 0
65000, 39050, 0, 0, 0
65000, 16897, 1, 0, 0
66000, 39079, 0, 0, 0
66000, 16778, 1, 0, 0
67000, 39021, 0, 0, 0
67000, 16539, 1, 0, 0
68001, 39051, 0, 0, 0
68001, 16839, 1, 0, 0
69000, 39145, 0, 0, 0
69001, 16842, 1, 0, 0
70001, 38870, 0, 0, 0
70001, 16420, 1, 0, 0
71000, 39043, 0, 0, 0
71000, 16892, 1, 0, 0
72000, 17567, 0, 0, 0
72000, 7534, 1, 0, 0
73000, 5691, 0, 0, 0
73000, 2333, 1, 0, 0
74000, 39133, 0, 0, 0
74000, 16823, 1, 0, 0
75000, 39132, 0, 0, 0
75000, 16704, 1, 0, 0
76000, 38991, 0, 0, 0
76000, 16576, 1, 0, 0
77000, 38965, 0, 0, 0
77000, 16761, 1, 0, 0
78000, 39134, 0, 0, 0
78000, 16479, 1, 0, 0
79000, 48426, 0, 0, 0
79000, 20793, 1, 0, 0
80000, 49453, 0, 0, 0
80000, 21226, 1, 0, 0
81000, 50138, 0, 0, 0
81000, 21059, 1, 0, 0
82000, 49701, 0, 0, 0
82000, 21375, 1, 0, 0
83000, 17525, 0, 0, 0
83000, 7535, 1, 0, 0
84000, 3997, 0, 0, 0
84000, 1648, 1, 0, 0
85000, 6138, 0, 0, 0
85000, 2675, 1, 0, 0
86000, 49773, 0, 0, 0
86000, 21436, 1, 0, 0
87000, 49355, 0, 0, 0
87000, 21478, 1, 0, 0
88000, 49400, 0, 0, 0
88000, 21301, 1, 0, 0
89000, 50158, 0, 0, 0
89000, 21356, 1, 0, 0
90000, 49632, 0, 0, 0
90000, 21474, 1, 0, 0
91000, 50303, 0, 0, 0
91000, 21535, 1, 0, 0
92001, 50120, 0, 0, 0
92001, 21487, 1, 0, 0
93001, 49801, 0, 0, 0
93001, 21548, 1, 0, 0
94000, 4857, 0, 0, 0
94000, 2078, 1, 0, 0
95000, 3941, 0, 0, 0
95000, 1662, 1, 0, 0
96000, 3961, 0, 0, 0
96000, 1691, 1, 0, 0
97000, 6191, 0, 0, 0
97000, 2643, 1, 0, 0
98000, 49978, 0, 0, 0
98000, 21141, 1, 0, 0
99000, 49816, 0, 0, 0
99000, 21570, 1, 0, 0
100000, 50215, 0, 0, 0
100000, 21533, 1, 0, 0
101000, 49872, 0, 0, 0
101000, 21397, 1, 0, 0
102000, 49564, 0, 0, 0
102000, 21100, 1, 0, 0
103000, 49274, 0, 0, 0
103000, 21340, 1, 0, 0
104000, 49433, 0, 0, 0
104000, 21244, 1, 0, 0
105000, 48387, 0, 0, 0
105000, 20640, 1, 0, 0
106001, 4140, 0, 0, 0
106001, 1740, 1, 0, 0
107000, 3881, 0, 0, 0
107000, 1671, 1, 0, 0
108000, 3970, 0, 0, 0
108000, 1684, 1, 0, 0
109000, 6254, 0, 0, 0
109000, 2603, 1, 0, 0
110000, 49688, 0, 0, 0
110000, 21343, 1, 0, 0
111000, 49814, 0, 0, 0
111000, 21150, 1, 0, 0
112000, 50122, 0, 0, 0
112000, 21635, 1, 0, 0
113000, 49983, 0, 0, 0
113000, 21852, 1, 0, 0
114000, 49752, 0, 0, 0
114000, 21367, 1, 0, 0
115000, 49647, 0, 0, 0
115000, 21389, 1, 0, 0
116000, 49170, 0, 0, 0
116000, 21299, 1, 0, 0
117000, 48933, 0, 0, 0
117000, 20842, 1, 0, 0
118000, 50120, 0, 0, 0
118000, 21540, 1, 0, 0
119000, 49670, 0, 0, 0
119000, 21376, 1, 0, 0
120001, 49582, 0, 0, 0
120001, 21352, 1, 0, 0
121000, 50190, 0, 0, 0
121000, 21515, 1, 0, 0
122000, 49757, 0, 0, 0
122000, 21243, 1, 0, 0
123000, 49644, 0, 0, 0
123000, 21408, 1, 0, 0
124000, 49466, 0, 0, 0
124000, 21123, 1, 0, 0
125000, 49717, 0, 0, 0
125000, 21033, 1, 0, 0
126000, 16382, 0, 0, 0
126000, 7113, 1, 0, 0
127000, 3903, 0, 0, 0
127000, 1621, 1, 0, 0
128000, 3904, 0, 0, 0
128000, 1702, 1, 0, 0
129000, 6102, 0, 0, 0
129000, 2651, 1, 0, 0
130000, 49591, 0, 0, 0
130000, 21269, 1, 0, 0
131000, 49692, 0, 0, 0
131000, 21150, 1, 0, 0
132000, 49707, 0, 0, 0
132000, 21163, 1, 0, 0
133000, 39650, 0, 0, 0
133000, 16791, 1, 0, 0
134000, 362, 0, 0, 0
134000, 145, 1, 0, 0
135000, 371, 0, 0, 0
135000, 164, 1, 0, 0
136001, 356, 0, 0, 0
136001, 195, 1, 0, 0
137000, 368, 0, 0, 0
137000, 153, 1, 0, 0
138000, 354, 0, 0, 0
138000, 177, 1, 0, 0
139000, 377, 0, 0, 0
139000, 138, 1, 0, 0
140000, 356, 0, 0, 0
140000, 155, 1, 0, 0
141000, 383, 0, 0, 0
141000, 155, 1, 0, 0
142000, 359, 0, 0, 0
142000, 164, 1, 0, 0
143000, 357, 0, 0, 0
143000, 183, 1, 0, 0
144000, 363, 0, 0, 0
144000, 179, 1, 0, 0
145000, 377, 0, 0, 0
145000, 132, 1, 0, 0
146000, 379, 0, 0, 0
146000, 152, 1, 0, 0
147000, 354, 0, 0, 0
147000, 165, 1, 0, 0
148000, 369, 0, 0, 0
148000, 166, 1, 0, 0
149000, 377, 0, 0, 0
149000, 165, 1, 0, 0
150000, 382, 0, 0, 0
150000, 160, 1, 0, 0
151000, 377, 0, 0, 0
151000, 160, 1, 0, 0
152000, 384, 0, 0, 0
152000, 147, 1, 0, 0
153000, 381, 0, 0, 0
153000, 149, 1, 0, 0
154000, 367, 0, 0, 0
154000, 155, 1, 0, 0
155000, 367, 0, 0, 0
155000, 193, 1, 0, 0
156000, 375, 0, 0, 0
156000, 140, 1, 0, 0
157000, 378, 0, 0, 0
157000, 189, 1, 0, 0
158000, 352, 0, 0, 0
158000, 177, 1, 0, 0
159000, 378, 0, 0, 0
159000, 133, 1, 0, 0
160000, 375, 0, 0, 0
160000, 145, 1, 0, 0
161000, 373, 0, 0, 0
161000, 155, 1, 0, 0
162000, 381, 0, 0, 0
162000, 180, 1, 0, 0
163000, 371, 0, 0, 0
163000, 169, 1, 0, 0
164000, 381, 0, 0, 0
164000, 149, 1, 0, 0
165000, 393, 0, 0, 0
165000, 151, 1, 0, 0
166000, 368, 0, 0, 0
166000, 174, 1, 0, 0
167000, 378, 0, 0, 0
167000, 152, 1, 0, 0
168000, 372, 0, 0, 0
168000, 163, 1, 0, 0
169000, 386, 0, 0, 0
169000, 164, 1, 0, 0
170000, 376, 0, 0, 0
170000, 141, 1, 0, 0
171000, 370, 0, 0, 0
171000, 165, 1, 0, 0
172000, 364, 0, 0, 0
172000, 168, 1, 0, 0
173000, 379, 0, 0, 0
173000, 142, 1, 0, 0
174000, 350, 0, 0, 0
174000, 168, 1, 0, 0
175000, 380, 0, 0, 0
175000, 154, 1, 0, 0
176000, 374, 0, 0, 0
176000, 158, 1, 0, 0
177000, 370, 0, 0, 0
177000, 166, 1, 0, 0
178000, 359, 0, 0, 0
178000, 155, 1, 0, 0
179000, 386, 0, 0, 0
179000, 135, 1, 0, 0
180000, 357, 0, 0, 0
180000, 141, 1, 0, 0
181000, 377, 0, 0, 0
181000, 148, 1, 0, 0
182000, 356, 0, 0, 0
182000, 158, 1, 0, 0
183000, 368, 0, 0, 0
183000, 162, 1, 0, 0
184000, 369, 0, 0, 0
184000, 154, 1, 0, 0
185000, 368, 0, 0, 0
185000, 158, 1, 0, 0
186000, 361, 0, 0, 0
186000, 148, 1, 0, 0
187000, 353, 0, 0, 0
187000, 148, 1, 0, 0
188000, 365, 0, 0, 0
188000, 168, 1, 0, 0
189000, 369, 0, 0, 0
189000, 170, 1, 0, 0
190000, 2893, 0, 0, 0
190000, 1262, 1, 0, 0
191000, 3821, 0, 0, 0
191000, 1703, 1, 0, 0
192000, 3952, 0, 0, 0
192000, 1663, 1, 0, 0
193000, 6033, 0, 0, 0
193000, 2725, 1, 0, 0
194000, 49454, 0, 0, 0
194000, 21271, 1, 0, 0
195000, 49651, 0, 0, 0
195000, 21413, 1, 0, 0
196000, 49337, 0, 0, 0
196000, 21156, 1, 0, 0
197001, 27633, 0, 0, 0
197001, 11726, 1, 0, 0
198000, 50314, 0, 0, 0
198000, 21202, 1, 0, 0
199000, 49506, 0, 0, 0
199000, 21284, 1, 0, 0
200000, 49796, 0, 0, 0
200000, 21329, 1, 0, 0
201000, 49718, 0, 0, 0
201000, 21345, 1, 0, 0
202000, 49083, 0, 0, 0
202000, 21459, 1, 0, 0
203000, 50077, 0, 0, 0
203000, 21411, 1, 0, 0
204000, 49676, 0, 0, 0
204000, 21127, 1, 0, 0
205000, 50064, 0, 0, 0
205000, 21413, 1, 0, 0
206000, 14991, 0, 0, 0
206000, 6457, 1, 0, 0
207000, 3935, 0, 0, 0
207000, 1656, 1, 0, 0
208000, 3984, 0, 0, 0
208000, 1710, 1, 0, 0
209001, 6212, 0, 0, 0
209001, 2675, 1, 0, 0
210001, 49929, 0, 0, 0
210001, 21265, 1, 0, 0
211000, 49296, 0, 0, 0
211000, 20894, 1, 0, 0
212000, 49575, 0, 0, 0
212000, 21407, 1, 0, 0
213000, 50095, 0, 0, 0
213000, 21351, 1, 0, 0
214000, 49885, 0, 0, 0
214000, 21173, 1, 0, 0
215000, 50164, 0, 0, 0
215000, 21263, 1, 0, 0
216000, 49268, 0, 0, 0
216000, 21416, 1, 0, 0
217000, 50074, 0, 0, 0
217000, 21272, 1, 0, 0
218000, 4330, 0, 0, 0
218000, 1938, 1, 0, 0
219000, 3971, 0, 0, 0
219000, 1653, 1, 0, 0
220000, 4025, 0, 0, 0
220000, 1753, 1, 0, 0
221000, 6111, 0, 0, 0
221000, 2694, 1, 0, 0
222001, 49820, 0, 0, 0
222001, 21497, 1, 0, 0
223000, 49741, 0, 0, 0
223000, 21346, 1, 0, 0
224000, 49671, 0, 0, 0
224000, 20774, 1, 0, 0
225001, 49589, 0, 0, 0
225001, 21384, 1, 0, 0
226000, 49765, 0, 0, 0
226000, 21524, 1, 0, 0
227000, 49359, 0, 0, 0
227000, 21143, 1, 0, 0
228000, 49453, 0, 0, 0
228000, 21199, 1, 0, 0
229000, 48848, 0, 0, 0
229000, 20798, 1, 0, 0
230000, 3941, 0, 0, 0
230000, 1679, 1, 0, 0
231000, 3949, 0, 0, 0
231000, 1749, 1, 0, 0
232000, 3983, 0, 0, 0
232000, 1656, 1, 0, 0
233000, 6202, 0, 0, 0
233000, 2616, 1, 0, 0
234000, 49827, 0, 0, 0
234000, 21394, 1, 0, 0
235000, 50122, 0, 0, 0
235000, 21617, 1, 0, 0
236001, 50069, 0, 0, 0
236001, 21355, 1, 0, 0
237000, 50078, 0, 0, 0
237000, 21458, 1, 0, 0
238000, 50028, 0, 0, 0
238000, 21213, 1, 0, 0
239000, 49214, 0, 0, 0
239000, 21393, 1, 0, 0
240000, 49073, 0, 0, 0
240000, 21331, 1, 0, 0
241000, 49173, 0, 0, 0
241000, 21186, 1, 0, 0
242000, 50017, 0, 0, 0
242000, 21210, 1, 0, 0
243000, 49520, 0, 0, 0
243000, 20889, 1, 0, 0
244000, 49272, 0, 0, 0
244000, 20922, 1, 0, 0
245000, 50026, 0, 0, 0
245000, 21541, 1, 0, 0
246000, 49471, 0, 0, 0
246000, 21077, 1, 0, 0
247000, 50167, 0, 0, 0
247000, 21310, 1, 0, 0
248001, 50336, 0, 0, 0
248001, 21237, 1, 0, 0
249000, 49788, 0, 0, 0
249000, 21546, 1, 0, 0
250000, 18220, 0, 0, 0
250000, 7816, 1, 0, 0
251000, 3868, 0, 0, 0
251000, 1765, 1, 0, 0
252000, 3981, 0, 0, 0
252000, 1686, 1, 0, 0
253000, 6198, 0, 0, 0
253000, 2714, 1, 0, 0
254000, 50303, 0, 0, 0
254000, 21557, 1, 0, 0
255000, 49956, 0, 0, 0
255000, 21654, 1, 0, 0
256000, 50166, 0, 0, 0
256000, 21598, 1, 0, 0
257000, 49639, 0, 0, 0
257000, 21259, 1, 0, 0
258000, 49236, 0, 0, 0
258000, 21354, 1, 0, 0
259000, 49457, 0, 0, 0
259000, 21164, 1, 0, 0
260000, 49737, 0, 0, 0
260000, 21050, 1, 0, 0
261000, 48201, 0, 0, 0
261000, 20661, 1, 0, 0
262000, 3940, 0, 0, 0
262000, 1710, 1, 0, 0
263000, 3918, 0, 0, 0
263000, 1747, 1, 0, 0
264000, 3967, 0, 0, 0
264000, 1689, 1, 0, 0
265000, 6214, 0, 0, 0
265000, 2726, 1, 0, 0
266000, 49587, 0, 0, 0
266000, 21061, 1, 0, 0
267000, 50050, 0, 0, 0
267000, 21124, 1, 0, 0
268000, 50152, 0, 0, 0
268000, 21317, 1, 0, 0
269000, 50275, 0, 0, 0
269000, 21491, 1, 0, 0
270000, 49491, 0, 0, 0
270000, 20952, 1, 0, 0
271000, 50287, 0, 0, 0
271000, 21537, 1, 0, 0
272000, 50335, 0, 0, 0
272000, 21379, 1, 0, 0
273000, 48937, 0, 0, 0
273000, 20795, 1, 0, 0
274000, 3976, 0, 0, 0
274000, 1698, 1, 0, 0
275000, 3974, 0, 0, 0
275000, 1781, 1, 0, 0
276000, 4028, 0, 0, 0
276000, 1788, 1, 0, 0
277000, 6253, 0, 0, 0
277000, 2613, 1, 0, 0
278000, 49484, 0, 0, 0
278000, 21337, 1, 0, 0
279001, 49904, 0, 0, 0
279001, 21192, 1, 0, 0
280000, 50368, 0, 0, 0
280000, 21499, 1, 0, 0
281000, 49276, 0, 0, 0
281000, 21555, 1, 0, 0
282000, 49260, 0, 0, 0
282000, 21408, 1, 0, 0
283000, 49749, 0, 0, 0
283000, 21320, 1, 0, 0
284000, 49738, 0, 0, 0
284000, 21220, 1, 0, 0
285000, 47100, 0, 0, 0
285000, 20176, 1, 0, 0
286000, 4157, 0, 0, 0
286000, 1839, 1, 0, 0
287000, 4099, 0, 0, 0
287000, 1768, 1, 0, 0
288000, 3976, 0, 0, 0
288000, 1724, 1, 0, 0
289000, 6264, 0, 0, 0
289000, 2622, 1, 0, 0
290001, 49377, 0, 0, 0
290001, 21258, 1, 0, 0
291000, 49933, 0, 0, 0
291000, 21045, 1, 0, 0
292000, 49344, 0, 0, 0
292000, 21424, 1, 0, 0
293000, 49537, 0, 0, 0
293000, 21022, 1, 0, 0
294000, 49082, 0, 0, 0
294000, 21216, 1, 0, 0
295000, 49653, 0, 0, 0
295000, 21366, 1, 0, 0
296000, 49960, 0, 0, 0
296000, 21341, 1, 0, 0
297000, 48564, 0, 0, 0
297000, 20861, 1, 0, 0
298000, 3965, 0, 0, 0
298000, 1764, 1, 0, 0
299000, 4031, 0, 0, 0
299000, 1691, 1, 0, 0
300000, 4057, 0, 0, 0
300000, 1725, 1, 0, 0
301000, 6326, 0, 0, 0
301000, 2618, 1, 0, 0
302001, 49872, 0, 0, 0
302001, 21405, 1, 0, 0
303000, 49672, 0, 0, 0
303000, 21466, 1, 0, 0
304000, 49580, 0, 0, 0
304000, 21254, 1, 0, 0
305000, 50102, 0, 0, 0
305000, 21387, 1, 0, 0
306000, 49885, 0, 0, 0
306000, 21068, 1, 0, 0
307000, 50050, 0, 0, 0
307000, 21386, 1, 0, 0
308000, 49444, 0, 0, 0
308000, 21080, 1, 0, 0
309000, 47828, 0, 0, 0
309000, 20742, 1, 0, 0
310000, 4000, 0, 0, 0
310000, 1717, 1, 0, 0
311000, 3943, 0, 0, 0
311000, 1743, 1, 0, 0
312000, 4064, 0, 0, 0
312000, 1719, 1, 0, 0
313000, 6192, 0, 0, 0
313000, 2715, 1, 0, 0
314000, 49636, 0, 0, 0
314000, 21207, 1, 0, 0
315000, 49612, 0, 0, 0
315000, 21224, 1, 0, 0
316001, 49895, 0, 0, 0
316001, 21483, 1, 0, 0
317000, 49809, 0, 0, 0
317000, 21448, 1, 0, 0
318000, 49905, 0, 0, 0
318000, 21500, 1, 0, 0
319000, 49706, 0, 0, 0
319000, 21180, 1, 0, 0
320000, 49474, 0, 0, 0
320000, 21069, 1, 0, 0
321000, 47866, 0, 0, 0
321000, 20513, 1, 0, 0
322000, 3923, 0, 0, 0
322000, 1750, 1, 0, 0
323000, 3972, 0, 0, 0
323000, 1764, 1, 0, 0
324000, 3977, 0, 0, 0
324000, 1700, 1, 0, 0
325000, 6349, 0, 0, 0
325000, 2679, 1, 0, 0
326000, 49886, 0, 0, 0
326000, 21046, 1, 0, 0
327000, 50112, 0, 0, 0
327000, 21519, 1, 0, 0
328000, 49938, 0, 0, 0
328000, 21378, 1, 0, 0
329000, 49524, 0, 0, 0
329000, 21302, 1, 0, 0
330000, 49536, 0, 0, 0
330000, 21183, 1, 0, 0
331000, 49853, 0, 0, 0
331000, 21150, 1, 0, 0
332000, 49650, 0, 0, 0
332000, 21412, 1, 0, 0
333000, 48350, 0, 0, 0
333000, 20641, 1, 0, 0
334000, 4073, 0, 0, 0
334000, 1772, 1, 0, 0
335000, 4006, 0, 0, 0
335000, 1667, 1, 0, 0
336000, 4046, 0, 0, 0
336000, 1722, 1, 0, 0
337000, 6251, 0, 0, 0
337000, 2596, 1, 0, 0
338000, 49418, 0, 0, 0
338000, 21123, 1, 0, 0
339000, 49494, 0, 0, 0
339000, 21304, 1, 0, 0
340000, 49661, 0, 0, 0
340000, 21443, 1, 0, 0
341000, 50158, 0, 0, 0
341000, 21714, 1, 0, 0
342000, 49607, 0, 0, 0
342000, 21071, 1, 0, 0
343000, 49666, 0, 0, 0
343000, 21062, 1, 0, 0
344001, 49231, 0, 0, 0
344001, 21273, 1, 0, 0
345000, 48782, 0, 0, 0
345000, 20778, 1, 0, 0
346000, 4052, 0, 0, 0
346000, 1716, 1, 0, 0
347000, 3978, 0, 0, 0
347000, 1678, 1, 0, 0
348000, 3907, 0, 0, 0
348000, 1750, 1, 0, 0
349000, 6238, 0, 0, 0
349000, 2678, 1, 0, 0
350000, 49481, 0, 0, 0
350000, 21386, 1, 0, 0
351000, 49852, 0, 0, 0
351000, 21299, 1, 0, 0
352000, 49807, 0, 0, 0
352000, 21307, 1, 0, 0
353000, 49218, 0, 0, 0
353000, 21449, 1, 0, 0
354000, 49274, 0, 0, 0
354000, 21432, 1, 0, 0
355000, 50006, 0, 0, 0
355000, 21097, 1, 0, 0
356000, 49478, 0, 0, 0
356000, 20892, 1, 0, 0
357000, 48109, 0, 0, 0
357000, 20882, 1, 0, 0
358000, 3952, 0, 0, 0
358000, 1727, 1, 0, 0
359000, 3892, 0, 0, 0
359000, 1709, 1, 0, 0
360000, 3905, 0, 0, 0
360000, 1744, 1, 0, 0
361000, 6295, 0, 0, 0
361000, 2619, 1, 0, 0
362000, 49778, 0, 0, 0
362000, 21336, 1, 0, 0
363000, 49497, 0, 0, 0
363000, 21380, 1, 0, 0
364000, 49278, 0, 0, 0
364000, 21132, 1, 0, 0
365000, 49855, 0, 0, 0
365000, 21460, 1, 0, 0
366000, 49238, 0, 0, 0
366000, 21405, 1, 0, 0
367000, 49635, 0, 0, 0
367000, 20804, 1, 0, 0
368000, 49111, 0, 0, 0
368000, 21126, 1, 0, 0
369000, 48969, 0, 0, 0
369000, 21069, 1, 0, 0
370000, 4033, 0, 0, 0
370000, 1704, 1, 0, 0
371001, 3997, 0, 0, 0
371001, 1685, 1, 0, 0
372000, 4074, 0, 0, 0
372000, 1867, 1, 0, 0
373000, 6210, 0, 0, 0
373000, 2687, 1, 0, 0
374000, 49274, 0, 0, 0
374000, 21209, 1, 0, 0
375000, 49558, 0, 0, 0
375000, 21171, 1, 0, 0
376000, 49659, 0, 0, 0
376000, 21147, 1, 0, 0
377000, 49407, 0, 0, 0
377000, 21263, 1, 0, 0
378000, 49274, 0, 0, 0
378000, 21202, 1, 0, 0
379000, 49655, 0, 0, 0
379000, 21205, 1, 0, 0
380000, 49671, 0, 0, 0
380000, 21214, 1, 0, 0
381000, 49470, 0, 0, 0
381000, 21165, 1, 0, 0
382000, 4004, 0, 0, 0
382000, 1678, 1, 0, 0
383000, 3964, 0, 0, 0
383000, 1670, 1, 0, 0
384000, 4071, 0, 0, 0
384000, 1669, 1, 0, 0
385000, 6374, 0, 0, 0
385000, 2731, 1, 0, 0
386000, 49822, 0, 0, 0
386000, 21419, 1, 0, 0
387001, 49555, 0, 0, 0
387001, 21233, 1, 0, 0
388000, 49283, 0, 0, 0
388000, 21331, 1, 0, 0
389000, 49939, 0, 0, 0
389000, 21539, 1, 0, 0
390000, 49446, 0, 0, 0
390000, 21496, 1, 0, 0
391000, 49398, 0, 0, 0
391000, 21464, 1, 0, 0
392000, 49420, 0, 0, 0
392000, 21081, 1, 0, 0
393000, 49182, 0, 0, 0
393000, 21271, 1, 0, 0
394000, 49368, 0, 0, 0
394000, 21336, 1, 0, 0
395000, 50034, 0, 0, 0
395000, 21383, 1, 0, 0
396000, 49540, 0, 0, 0
396000, 21432, 1, 0, 0
397000, 50249, 0, 0, 0
397000, 21356, 1, 0, 0
398000, 49794, 0, 0, 0
398000, 21385, 1, 0, 0
399000, 49504, 0, 0, 0
399000, 21036, 1, 0, 0
400000, 49498, 0, 0, 0
400000, 20910, 1, 0, 0
401001, 49524, 0, 0, 0
401001, 21236, 1, 0, 0
402001, 17659, 0, 0, 0
402001, 7607, 1, 0, 0
403000, 3925, 0, 0, 0
403000, 1675, 1, 0, 0
404001, 4044, 0, 0, 0
404001, 1670, 1, 0, 0
405001, 6270, 0, 0, 0
405001, 2691, 1, 0, 0
406000, 7178, 0, 0, 0
406000, 3049, 1, 0, 0
407001, 379, 0, 0, 0
407001, 155, 1, 0, 0
408000, 373, 0, 0, 0
408000, 177, 1, 0, 0
409000, 360, 0, 0, 0
409000, 200, 1, 0, 0
410001, 393, 0, 0, 0
410001, 161, 1, 0, 0
411000, 375, 0, 0, 0
411000, 173, 1, 0, 0
412000, 363, 0, 0, 0
412000, 174, 1, 0, 0
413000, 365, 0, 0, 0
413000, 153, 1, 0, 0
414000, 371, 0, 0, 0
414000, 175, 1, 0, 0
415000, 368, 0, 0, 0
415000, 146, 1, 0, 0
416000, 357, 0, 0, 0
416000, 160, 1, 0, 0
417000, 369, 0, 0, 0
417000, 144, 1, 0, 0
418000, 359, 0, 0, 0
418000, 157, 1, 0, 0
419000, 357, 0, 0, 0
419000, 164, 1, 0, 0
420000, 379, 0, 0, 0
420000, 159, 1, 0, 0
421000, 373, 0, 0, 0
421000, 168, 1, 0, 0
422000, 365, 0, 0, 0
422000, 186, 1, 0, 0
423000, 351, 0, 0, 0
423000, 175, 1, 0, 0
424000, 366, 0, 0, 0
424000, 154, 1, 0, 0
425000, 360, 0, 0, 0
425000, 154, 1, 0, 0
426000, 387, 0, 0, 0
426000, 136, 1, 0, 0
427000, 368, 0, 0, 0
427000, 172, 1, 0, 0
428000, 376, 0, 0, 0
428000, 155, 1, 0, 0
429000, 378, 0, 0, 0
429000, 183, 1, 0, 0
430000, 364, 0, 0, 0
430000, 161, 1, 0, 0
431000, 360, 0, 0, 0
431000, 140, 1, 0, 0
432000, 356, 0, 0, 0
432000, 163, 1, 0, 0
433000, 375, 0, 0, 0
433000, 155, 1, 0, 0
434000, 400, 0, 0, 0
434000, 153, 1, 0, 0
435000, 364, 0, 0, 0
435000, 149, 1, 0, 0
436000, 374, 0, 0, 0
436000, 159, 1, 0, 0
437000, 395, 0, 0, 0
437000, 141, 1, 0, 0
438000, 368, 0, 0, 0
438000, 177, 1, 0, 0
439000, 371, 0, 0, 0
439000, 140, 1, 0, 0
440000, 372, 0, 0, 0
440000, 151, 1, 0, 0
441000, 370, 0, 0, 0
441000, 168, 1, 0, 0
442000, 379, 0, 0, 0
442000, 160, 1, 0, 0
443000, 377, 0, 0, 0
443000, 131, 1, 0, 0
444000, 370, 0, 0, 0
444000, 149, 1, 0, 0
445000, 379, 0, 0, 0
445000, 134, 1, 0, 0
446000, 379, 0, 0, 0
446000, 153, 1, 0, 0
447000, 363, 0, 0, 0
447000, 151, 1, 0, 0
448000, 370, 0, 0, 0
448000, 167, 1, 0, 0
449000, 361, 0, 0, 0
449000, 172, 1, 0, 0
450000, 377, 0, 0, 0
450000, 128, 1, 0, 0
451000, 381, 0, 0, 0
451000, 126, 1, 0, 0
452000, 373, 0, 0, 0
452000, 168, 1, 0, 0
453000, 370, 0, 0, 0
453000, 184, 1, 0, 0
454000, 358, 0, 0, 0
454000, 168, 1, 0, 0
455000, 366, 0, 0, 0
455000, 141, 1, 0, 0
456000, 366, 0, 0, 0
456000, 151, 1, 0, 0
457000, 360, 0, 0, 0
457000, 164, 1, 0, 0
458000, 366, 0, 0, 0
458000, 145, 1, 0, 0
459000, 374, 0, 0, 0
459000, 166, 1, 0, 0
460000, 367, 0, 0, 0
460000, 170, 1, 0, 0
461000, 376, 0, 0, 0
461000, 127, 1, 0, 0
462000, 1903, 0, 0, 0
462000, 804, 1, 0, 0
463000, 4065, 0, 0, 0
463000, 1701, 1, 0, 0
464000, 4036, 0, 0, 0
464000, 1734, 1, 0, 0
465000, 6448, 0, 0, 0
465000, 2803, 1, 0, 0
466000, 49758, 0, 0, 0
466000, 21437, 1, 0, 0
467000, 49133, 0, 0, 0
467000, 21226, 1, 0, 0
468000, 49635, 0, 0, 0
468000, 21240, 1, 0, 0
469000, 49770, 0, 0, 0
469000, 21199, 1, 0, 0
470000, 49510, 0, 0, 0
470000, 21206, 1, 0, 0
471000, 49457, 0, 0, 0
471000, 21563, 1, 0, 0
472000, 49433, 0, 0, 0
472000, 21244, 1, 0, 0
473000, 11532, 0, 0, 0
473000, 4835, 1, 0, 0
474000, 49319, 0, 0, 0
474000, 21327, 1, 0, 0
475001, 49786, 0, 0, 0
475001, 21374, 1, 0, 0
476000, 49668, 0, 0, 0
476000, 21291, 1, 0, 0
477000, 50043, 0, 0, 0
477000, 21452, 1, 0, 0
478000, 49206, 0, 0, 0
478000, 21345, 1, 0, 0
479000, 50187, 0, 0, 0
479000, 21396, 1, 0, 0
480000, 49543, 0, 0, 0
480000, 21101, 1, 0, 0
481000, 49821, 0, 0, 0
481000, 21277, 1, 0, 0
482000, 13834, 0, 0, 0
482000, 5895, 1, 0, 0
483000, 4013, 0, 0, 0
483000, 1711, 1, 0, 0
484000, 3996, 0, 0, 0
484000, 1643, 1, 0, 0
485000, 6399, 0, 0, 0
485000, 2728, 1, 0, 0
486000, 49905, 0, 0, 0
486000, 21386, 1, 0, 0
487000, 49354, 0, 0, 0
487000, 21114, 1, 0, 0
488000, 49223, 0, 0, 0
488000, 21385, 1, 0, 0
489000, 49810, 0, 0, 0
489000, 21752, 1, 0, 0
490000, 49775, 0, 0, 0
490000, 21131, 1, 0, 0
491000, 49905, 0, 0, 0
491000, 21388, 1, 0, 0
492000, 49842, 0, 0, 0
492000, 21346, 1, 0, 0
493000, 48105, 0, 0, 0
493000, 20653, 1, 0, 0
494000, 3944, 0, 0, 0
494000, 1696, 1, 0, 0
495000, 3928, 0, 0, 0
495000, 1722, 1, 0, 0
496000, 4012, 0, 0, 0
496000, 1683, 1, 0, 0
497001, 6307, 0, 0, 0
497001, 2661, 1, 0, 0
498000, 49391, 0, 0, 0
498000, 21334, 1, 0, 0
499000, 49786, 0, 0, 0
499000, 21134, 1, 0, 0
500000, 49811, 0, 0, 0
500000, 21369, 1, 0, 0
501000, 50148, 0, 0, 0
501000, 21370, 1, 0, 0
502000, 49487, 0, 0, 0
502000, 21389, 1, 0, 0
503000, 49728, 0, 0, 0
503000, 21486, 1, 0, 0
504000, 49431, 0, 0, 0
504000, 21226, 1, 0, 0
505000, 47660, 0, 0, 0
505000, 20530, 1, 0, 0
506000, 3992, 0, 0, 0
506000, 1658, 1, 0, 0
507000, 4031, 0, 0, 0
507000, 1657, 1, 0, 0
508000, 3996, 0, 0, 0
508000, 1645, 1, 0, 0
509000, 6372, 0, 0, 0
509000, 2597, 1, 0, 0
510000, 49941, 0, 0, 0
510000, 21624, 1, 0, 0
511000, 49953, 0, 0, 0
511000, 21414, 1, 0, 0
512000, 50004, 0, 0, 0
512000, 21205, 1, 0, 0
513000, 49830, 0, 0, 0
513000, 21373, 1, 0, 0
514000, 49187, 0, 0, 0
514000, 21377, 1, 0, 0
515000, 50216, 0, 0, 0
515000, 21308, 1, 0, 0
516000, 49738, 0, 0, 0
516000, 21238, 1, 0, 0
517000, 47167, 0, 0, 0
517000, 20399, 1, 0, 0
518000, 4037, 0, 0, 0
518000, 1734, 1, 0, 0
519000, 4077, 0, 0, 0
519000, 1739, 1, 0, 0
520000, 3930, 0, 0, 0
520000, 1698, 1, 0, 0
521000, 6360, 0, 0, 0
521000, 2680, 1, 0, 0
522000, 49985, 0, 0, 0
522000, 21564, 1, 0, 0
523000, 50062, 0, 0, 0
523000, 21365, 1, 0, 0
524001, 49742, 0, 0, 0
524001, 21574, 1, 0, 0
525000, 48830, 0, 0, 0
525000, 21305, 1, 0, 0
526001, 379, 0, 0, 0
526001, 160, 1, 0, 0
527000, 374, 0, 0, 0
527000, 158, 1, 0, 0
528000, 372, 0, 0, 0
528000, 173, 1, 0, 0
529000, 372, 0, 0, 0
529000, 164, 1, 0, 0
530000, 369, 0, 0, 0
530000, 180, 1, 0, 0
531000, 387, 0, 0, 0
531000, 198, 1, 0, 0
532000, 368, 0, 0, 0
532000, 152, 1, 0, 0
533000, 392, 0, 0, 0
533000, 170, 1, 0, 0
534000, 396, 0, 0, 0
534000, 168, 1, 0, 0
535000, 391, 0, 0, 0
535000, 161, 1, 0, 0
536000, 353, 0, 0, 0
536000, 145, 1, 0, 0
537000, 356, 0, 0, 0
537000, 173, 1, 0, 0
538000, 355, 0, 0, 0
538000, 149, 1, 0, 0
539000, 356, 0, 0, 0
539000, 156, 1, 0, 0
540000, 378, 0, 0, 0
540000, 144, 1, 0, 0
541000, 359, 0, 0, 0
541000, 158, 1, 0, 0
542000, 379, 0, 0, 0
542000, 154, 1, 0, 0
543000, 364, 0, 0, 0
543000, 156, 1, 0, 0
544000, 367, 0, 0, 0
544000, 166, 1, 0, 0
545001, 371, 0, 0, 0
545001, 158, 1, 0, 0
546001, 372, 0, 0, 0
546001, 145, 1, 0, 0
547001, 350, 0, 0, 0
547001, 160, 1, 0, 0
548001, 364, 0, 0, 0
548001, 147, 1, 0, 0
549000, 365, 0, 0, 0
549000, 168, 1, 0, 0
550001, 381, 0, 0, 0
550001, 163, 1, 0, 0
551001, 369, 0, 0, 0
551001, 172, 1, 0, 0
552000, 381, 0, 0, 0
552000, 145, 1, 0, 0
553000, 379, 0, 0, 0
553000, 143, 1, 0, 0
554000, 400, 0, 0, 0
554000, 160, 1, 0, 0
555001, 367, 0, 0, 0
555001, 160, 1, 0, 0
556000, 386, 0, 0, 0
556000, 149, 1, 0, 0
557001, 366, 0, 0, 0
557001, 168, 1, 0, 0
558001, 397, 0, 0, 0
558001, 182, 1, 0, 0
559002, 389, 0, 0, 0
559002, 166, 1, 0, 0
560003, 374, 0, 0, 0
560003, 162, 1, 0, 0
561003, 366, 0, 0, 0
561003, 176, 1, 0, 0
562004, 374, 0, 0, 0
562004, 154, 1, 0, 0
563004, 369, 0, 0, 0
563004, 162, 1, 0, 0
564005, 361, 0, 0, 0
564005, 145, 1, 0, 0
565006, 365, 0, 0, 0
565006, 164, 1, 0, 0
566006, 362, 0, 0, 0
566006, 169, 1, 0, 0
567006, 367, 0, 0, 0
567006, 163, 1, 0, 0
568006, 372, 0, 0, 0
568006, 152, 1, 0, 0
569007, 392, 0, 0, 0
569007, 145, 1, 0, 0
570007, 372, 0, 0, 0
570007, 174, 1, 0, 0
571007, 355, 0, 0, 0
571007, 146, 1, 0, 0
572008, 371, 0, 0, 0
572008, 146, 1, 0, 0
573009, 387, 0, 0, 0
573009, 168, 1, 0, 0
574010, 377, 0, 0, 0
574010, 150, 1, 0, 0
575010, 352, 0, 0, 0
575010, 186, 1, 0, 0
576011, 382, 0, 0, 0
576011, 144, 1, 0, 0
577012, 367, 0, 0, 0
577012, 159, 1, 0, 0
578012, 371, 0, 0, 0
578012, 161, 1, 0, 0
579012, 370, 0, 0, 0
579012, 155, 1, 0, 0
580013, 384, 0, 0, 0
580013, 153, 1, 0, 0
581014, 416, 0, 0, 0
581014, 188, 1, 0, 0
582014, 1932, 0, 0, 0
582014, 871, 1, 0, 0
583015, 3889, 0, 0, 0
583015, 1701, 1, 0, 0
584016, 3918, 0, 0, 0
584016, 1697, 1, 0, 0
585017, 7078, 0, 0, 0
585017, 3083, 1, 0, 0
586018, 49936, 0, 0, 0
586018, 21404, 1, 0, 0
587019, 50174, 0, 0, 0
587019, 21080, 1, 0, 0
588020, 49768, 0, 0, 0
588020, 21325, 1, 0, 0
589020, 49786, 0, 0, 0
589020, 21239, 1, 0, 0
590021, 49928, 0, 0, 0
590021, 21228, 1, 0, 0
591022, 49732, 0, 0, 0
591022, 21728, 1, 0, 0
592023, 49880, 0, 0, 0
592023, 21302, 1, 0, 0
593024, 49184, 0, 0, 0
593024, 21517, 1, 0, 0
594024, 49695, 0, 0, 0
594024, 21326, 1, 0, 0
595026, 49961, 0, 0, 0
595026, 21294, 1, 0, 0
596027, 49588, 0, 0, 0
596027, 21276, 1, 0, 0
597027, 28909, 0, 0, 0
597027, 12362, 1, 0, 0
598028, 49894, 0, 0, 0
598028, 21219, 1, 0, 0
599029, 49816, 0, 0, 0
599029, 21775, 1, 0, 0
600031, 49616, 0, 0, 0
600031, 21438, 1, 0, 0
601032, 50392, 0, 0, 0
601032, 21347, 1, 0, 0
602032, 49785, 0, 0, 0
602032, 21267, 1, 0, 0
603033, 50144, 0, 0, 0
603033, 21219, 1, 0, 0
604034, 49595, 0, 0, 0
604034, 21317, 1, 0, 0
605035, 50056, 0, 0, 0
605035, 21300, 1, 0, 0
606037, 12189, 0, 0, 0
606037, 5404, 1, 0, 0
607038, 3984, 0, 0, 0
607038, 1582, 1, 0, 0
608038, 3934, 0, 0, 0
608038, 1713, 1, 0, 0
609040, 8178, 0, 0, 0
609040, 3516, 1, 0, 0
610040, 49984, 0, 0, 0
610040, 21214, 1, 0, 0
611041, 49596, 0, 0, 0
611041, 21044, 1, 0, 0
612042, 49820, 0, 0, 0
612042, 21486, 1, 0, 0
613043, 49604, 0, 0, 0
613043, 21468, 1, 0, 0
614043, 49830, 0, 0, 0
614043, 21332, 1, 0, 0
615044, 49492, 0, 0, 0
615044, 21142, 1, 0, 0
616045, 49712, 0, 0, 0
616045, 21072, 1, 0, 0
617046, 47930, 0, 0, 0
617046, 20474, 1, 0, 0
618047, 3917, 0, 0, 0
618047, 1713, 1, 0, 0
619048, 3976, 0, 0, 0
619048, 1613, 1, 0, 0
620049, 3935, 0, 0, 0
620049, 1716, 1, 0, 0
621050, 8579, 0, 0, 0
621050, 3694, 1, 0, 0
622051, 49640, 0, 0, 0
622051, 21110, 1, 0, 0
623052, 49377, 0, 0, 0
623052, 21123, 1, 0, 0
624053, 49835, 0, 0, 0
624053, 21251, 1, 0, 0
625054, 49708, 0, 0, 0
625054, 21237, 1, 0, 0
626055, 49509, 0, 0, 0
626055, 21311, 1, 0, 0
627056, 49873, 0, 0, 0
627056, 21185, 1, 0, 0
628057, 49111, 0, 0, 0
628057, 21249, 1, 0, 0
629058, 46516, 0, 0, 0
629058, 20056, 1, 0, 0
630059, 4007, 0, 0, 0
630059, 1605, 1, 0, 0
631059, 3920, 0, 0, 0
631059, 1690, 1, 0, 0
632060, 3917, 0, 0, 0
632060, 1683, 1, 0, 0
633061, 9029, 0, 0, 0
633061, 3912, 1, 0, 0
634062, 50010, 0, 0, 0
634062, 21267, 1, 0, 0
635063, 49630, 0, 0, 0
635063, 21439, 1, 0, 0
636063, 49843, 0, 0, 0
636063, 21338, 1, 0, 0
637064, 49695, 0, 0, 0
637064, 21223, 1, 0, 0
638065, 49455, 0, 0, 0
638065, 21378, 1, 0, 0
639066, 49822, 0, 0, 0
639066, 21310, 1, 0, 0
640067, 49535, 0, 0, 0
640067, 21130, 1, 0, 0
641068, 45594, 0, 0, 0
641068, 19457, 1, 0, 0
642069, 3921, 0, 0, 0
642069, 1670, 1, 0, 0
643070, 3925, 0, 0, 0
643070, 1644, 1, 0, 0
644071, 3985, 0, 0, 0
644071, 1657, 1, 0, 0
645071, 9546, 0, 0, 0
645071, 4095, 1, 0, 0
646072, 49855, 0, 0, 0
646072, 21365, 1, 0, 0
647073, 49298, 0, 0, 0
647073, 21082, 1, 0, 0
648074, 49881, 0, 0, 0
648074, 21155, 1, 0, 0
649075, 50028, 0, 0, 0
649075, 21381, 1, 0, 0
650076, 49921, 0, 0, 0
650076, 21110, 1, 0, 0
651077, 49879, 0, 0, 0
651077, 21371, 1, 0, 0
652078, 49690, 0, 0, 0
652078, 21342, 1, 0, 0
653079, 44955, 0, 0, 0
653079, 19388, 1, 0, 0
654080, 4004, 0, 0, 0
654080, 1666, 1, 0, 0
655081, 3887, 0, 0, 0
655081, 1710, 1, 0, 0
656081, 3949, 0, 0, 0
656081, 1675, 1, 0, 0
657082, 10088, 0, 0, 0
657082, 4314, 1, 0, 0
658083, 49758, 0, 0, 0
658083, 21510, 1, 0, 0
659084, 49694, 0, 0, 0
659084, 21509, 1, 0, 0
660085, 50191, 0, 0, 0
660085, 21267, 1, 0, 0
661086, 49736, 0, 0, 0
661086, 21191, 1, 0, 0
662087, 49933, 0, 0, 0
662087, 20899, 1, 0, 0
663088, 49784, 0, 0, 0
663088, 21245, 1, 0, 0
664089, 49829, 0, 0, 0
664089, 21273, 1, 0, 0
665090, 44441, 0, 0, 0
665090, 19112, 1, 0, 0
666091, 3963, 0, 0, 0
666091, 1644, 1, 0, 0
667092, 3886, 0, 0, 0
667092, 1692, 1, 0, 0
668093, 3930, 0, 0, 0
668093, 1702, 1, 0, 0
669094, 10630, 0, 0, 0
669094, 4483, 1, 0, 0
670095, 49730, 0, 0, 0
670095, 21419, 1, 0, 0
671096, 49392, 0, 0, 0
671096, 21467, 1, 0, 0
672097, 49453, 0, 0, 0
672097, 21173, 1, 0, 0
673098, 50001, 0, 0, 0
673098, 21346, 1, 0, 0
674099, 49335, 0, 0, 0
674099, 21097, 1, 0, 0
675100, 49473, 0, 0, 0
675100, 21273, 1, 0, 0
676101, 49369, 0, 0, 0
676101, 21155, 1, 0, 0
677102, 43761, 0, 0, 0
677102, 18872, 1, 0, 0
678103, 3925, 0, 0, 0
678103, 1677, 1, 0, 0
679104, 3947, 0, 0, 0
679104, 1597, 1, 0, 0
680105, 3937, 0, 0, 0
680105, 1699, 1, 0, 0
681106, 11185, 0, 0, 0
681106, 4884, 1, 0, 0
682107, 50104, 0, 0, 0
682107, 21260, 1, 0, 0
683108, 49659, 0, 0, 0
683108, 21019, 1, 0, 0
684109, 49771, 0, 0, 0
684109, 21411, 1, 0, 0
685110, 49465, 0, 0, 0
685110, 21332, 1, 0, 0
686110, 49908, 0, 0, 0
686110, 21336, 1, 0, 0
687111, 49680, 0, 0, 0
687111, 21096, 1, 0, 0
688112, 49951, 0, 0, 0
688112, 21328, 1, 0, 0
689113, 43291, 0, 0, 0
689113, 18682, 1, 0, 0
690114, 3951, 0, 0, 0
690114, 1716, 1, 0, 0
691115, 3914, 0, 0, 0
691115, 1652, 1, 0, 0
692116, 3978, 0, 0, 0
692116, 1688, 1, 0, 0
693117, 11828, 0, 0, 0
693117, 4999, 1, 0, 0
694118, 49670, 0, 0, 0
694118, 21547, 1, 0, 0
695120, 49165, 0, 0, 0
695120, 21233, 1, 0, 0
696120, 49680, 0, 0, 0
696120, 21080, 1, 0, 0
697121, 49903, 0, 0, 0
697121, 21456, 1, 0, 0
698122, 49571, 0, 0, 0
698122, 21438, 1, 0, 0
699124, 49831, 0, 0, 0
699124, 21643, 1, 0, 0
700124, 49784, 0, 0, 0
700124, 21433, 1, 0, 0
701126, 49254, 0, 0, 0
701126, 21076, 1, 0, 0
702126, 50137, 0, 0, 0
702126, 21601, 1, 0, 0
703127, 49816, 0, 0, 0
703127, 21377, 1, 0, 0
704128, 49238, 0, 0, 0
704128, 21242, 1, 0, 0
705129, 49773, 0, 0, 0
705129, 21395, 1, 0, 0
706130, 49753, 0, 0, 0
706130, 21363, 1, 0, 0
707131, 49790, 0, 0, 0
707131, 21470, 1, 0, 0
708132, 49725, 0, 0, 0
708132, 21430, 1, 0, 0
709133, 50037, 0, 0, 0
709133, 21487, 1, 0, 0
710134, 8285, 0, 0, 0
710134, 3556, 1, 0, 0
711135, 3845, 0, 0, 0
711135, 1688, 1, 0, 0
712136, 3965, 0, 0, 0
712136, 1675, 1, 0, 0
713137, 12593, 0, 0, 0
713137, 5538, 1, 0, 0
714138, 50052, 0, 0, 0
714138, 21461, 1, 0, 0
715139, 49818, 0, 0, 0
715139, 21231, 1, 0, 0
716140, 50138, 0, 0, 0
716140, 21431, 1, 0, 0
717140, 49788, 0, 0, 0
717140, 21203, 1, 0, 0
718140, 50058, 0, 0, 0
718140, 21454, 1, 0, 0
719139, 49610, 0, 0, 0
719139, 21567, 1, 0, 0
720139, 49992, 0, 0, 0
720139, 21295, 1, 0, 0
721139, 41807, 0, 0, 0
721139, 17684, 1, 0, 0
722140, 3931, 0, 0, 0
722140, 1718, 1, 0, 0
723140, 3873, 0, 0, 0
723140, 1669, 1, 0, 0
724140, 3948, 0, 0, 0
724140, 1660, 1, 0, 0
725140, 12957, 0, 0, 0
725140, 5517, 1, 0, 0
726140, 50096, 0, 0, 0
726140, 21262, 1, 0, 0
727140, 49950, 0, 0, 0
727140, 21315, 1, 0, 0
728140, 49797, 0, 0, 0
728140, 21344, 1, 0, 0
729140, 50018, 0, 0, 0
729140, 21161, 1, 0, 0
730139, 49489, 0, 0, 0
730139, 21237, 1, 0, 0
731139, 49945, 0, 0, 0
731139, 21347, 1, 0, 0
732139, 49605, 0, 0, 0
732139, 21153, 1, 0, 0
733139, 41170, 0, 0, 0
733139, 18168, 1, 0, 0
734140, 3932, 0, 0, 0
734140, 1694, 1, 0, 0
735140, 3947, 0, 0, 0
735140, 1605, 1, 0, 0
736140, 3972, 0, 0, 0
736140, 1665, 1, 0, 0
737140, 12839, 0, 0, 0
737140, 5555, 1, 0, 0
738140, 50091, 0, 0, 0
738140, 21472, 1, 0, 0
739140, 49526, 0, 0, 0
739140, 21573, 1, 0, 0
740140, 49600, 0, 0, 0
740140, 21068, 1, 0, 0
741140, 49659, 0, 0, 0
741140, 21078, 1, 0, 0
742140, 49218, 0, 0, 0
742140, 21292, 1, 0, 0
743140, 49870, 0, 0, 0
743140, 21592, 1, 0, 0
744139, 49716, 0, 0, 0
744139, 21373, 1, 0, 0
745139, 40864, 0, 0, 0
745139, 17655, 1, 0, 0
746139, 4032, 0, 0, 0
746139, 1640, 1, 0, 0
747139, 3938, 0, 0, 0
747139, 1659, 1, 0, 0
748139, 3924, 0, 0, 0
748139, 1668, 1, 0, 0
749139, 12875, 0, 0, 0
749139, 5460, 1, 0, 0
750139, 49934, 0, 0, 0
750139, 21509, 1, 0, 0
751139, 49879, 0, 0, 0
751139, 21491, 1, 0, 0
752139, 49836, 0, 0, 0
752139, 21434, 1, 0, 0
753139, 49823, 0, 0, 0
753139, 21152, 1, 0, 0
754140, 49617, 0, 0, 0
754140, 21001, 1, 0, 0
755140, 49624, 0, 0, 0
755140, 21144, 1, 0, 0
756140, 49693, 0, 0, 0
756140, 21361, 1, 0, 0
757140, 41333, 0, 0, 0
757140, 18002, 1, 0, 0
758140, 3978, 0, 0, 0
758140, 1649, 1, 0, 0
759140, 3902, 0, 0, 0
759140, 1654, 1, 0, 0
760139, 3924, 0, 0, 0
760139, 1725, 1, 0, 0
761139, 12874, 0, 0, 0
761139, 5534, 1, 0, 0
762139, 50020, 0, 0, 0
762139, 21038, 1, 0, 0
763139, 49574, 0, 0, 0
763139, 21227, 1, 0, 0
764139, 49596, 0, 0, 0
764139, 21462, 1, 0, 0
765139, 49721, 0, 0, 0
765139, 21415, 1, 0, 0
766139, 49564, 0, 0, 0
766139, 21077, 1, 0, 0
767139, 49831, 0, 0, 0
767139, 20841, 1, 0, 0
768139, 49608, 0, 0, 0
768139, 20969, 1, 0, 0
769139, 44139, 0, 0, 0
769139, 18856, 1, 0, 0
770139, 3972, 0, 0, 0
770139, 1677, 1, 0, 0
771140, 3987, 0, 0, 0
771140, 1602, 1, 0, 0
772140, 4026, 0, 0, 0
772140, 1622, 1, 0, 0
773140, 12902, 0, 0, 0
773140, 5370, 1, 0, 0
774139, 49375, 0, 0, 0
774139, 21203, 1, 0, 0
775139, 49911, 0, 0, 0
775139, 21444, 1, 0, 0
776139, 49839, 0, 0, 0
776139, 21356, 1, 0, 0
777139, 49812, 0, 0, 0
777139, 21378, 1, 0, 0
778139, 49534, 0, 0, 0
778139, 21137, 1, 0, 0
779139, 50179, 0, 0, 0
779139, 21446, 1, 0, 0
780139, 49600, 0, 0, 0
780139, 21003, 1, 0, 0
781139, 43069, 0, 0, 0
781139, 18385, 1, 0, 0
782139, 3956, 0, 0, 0
782139, 1654, 1, 0, 0
783139, 3896, 0, 0, 0
783139, 1656, 1, 0, 0
784139, 3910, 0, 0, 0
784139, 1712, 1, 0, 0
785139, 12828, 0, 0, 0
785139, 5375, 1, 0, 0
786139, 50238, 0, 0, 0
786139, 21124, 1, 0, 0
787140, 15018, 0, 0, 0
787140, 6523, 1, 0, 0
788140, 376, 0, 0, 0
788140, 165, 1, 0, 0
789141, 376, 0, 0, 0
789141, 166, 1, 0, 0
790142, 378, 0, 0, 0
790142, 153, 1, 0, 0
791143, 349, 0, 0, 0
791143, 154, 1, 0, 0
792144, 355, 0, 0, 0
792144, 163, 1, 0, 0
793144, 380, 0, 0, 0
793144, 142, 1, 0, 0
794145, 366, 0, 0, 0
794145, 132, 1, 0, 0
795146, 362, 0, 0, 0
795146, 181, 1, 0, 0
796147, 361, 0, 0, 0
796147, 137, 1, 0, 0
797147, 360, 0, 0, 0
797147, 150, 1, 0, 0
798148, 368, 0, 0, 0
798148, 175, 1, 0, 0
799149, 364, 0, 0, 0
799149, 165, 1, 0, 0
800149, 362, 0, 0, 0
800149, 145, 1, 0, 0
801149, 385, 0, 0, 0
801149, 199, 1, 0, 0
802150, 369, 0, 0, 0
802150, 118, 1, 0, 0
803151, 368, 0, 0, 0
803151, 168, 1, 0, 0
804152, 377, 0, 0, 0
804152, 183, 1, 0, 0
805152, 399, 0, 0, 0
805152, 168, 1, 0, 0
806152, 359, 0, 0, 0
806152, 150, 1, 0, 0
807154, 363, 0, 0, 0
807154, 164, 1, 0, 0
808155, 357, 0, 0, 0
808155, 152, 1, 0, 0
809156, 372, 0, 0, 0
809156, 168, 1, 0, 0
810157, 350, 0, 0, 0
810157, 177, 1, 0, 0
811157, 370, 0, 0, 0
811157, 142, 1, 0, 0
812158, 365, 0, 0, 0
812158, 164, 1, 0, 0
813159, 396, 0, 0, 0
813159, 147, 1, 0, 0
814160, 365, 0, 0, 0
814160, 167, 1, 0, 0
815161, 383, 0, 0, 0
815161, 147, 1, 0, 0
816162, 375, 0, 0, 0
816162, 145, 1, 0, 0
817162, 370, 0, 0, 0
817162, 162, 1, 0, 0
818162, 366, 0, 0, 0
818162, 166, 1, 0, 0
819163, 359, 0, 0, 0
819163, 161, 1, 0, 0
820164, 387, 0, 0, 0
820164, 161, 1, 0, 0
821165, 386, 0, 0, 0
821165, 165, 1, 0, 0
822166, 374, 0, 0, 0
822166, 148, 1, 0, 0
823166, 357, 0, 0, 0
823166, 145, 1, 0, 0
824167, 366, 0, 0, 0
824167, 137, 1, 0, 0
825168, 379, 0, 0, 0
825168, 146, 1, 0, 0
826169, 355, 0, 0, 0
826169, 160, 1, 0, 0
827169, 356, 0, 0, 0
827169, 180, 1, 0, 0
828169, 366, 0, 0, 0
828169, 171, 1, 0, 0
829170, 372, 0, 0, 0
829170, 153, 1, 0, 0
830172, 374, 0, 0, 0
830172, 189, 1, 0, 0
831173, 364, 0, 0, 0
831173, 139, 1, 0, 0
832173, 355, 0, 0, 0
832173, 165, 1, 0, 0
833173, 357, 0, 0, 0
833173, 163, 1, 0, 0
834173, 371, 0, 0, 0
834173, 176, 1, 0, 0
835173, 354, 0, 0, 0
835173, 144, 1, 0, 0
836174, 371, 0, 0, 0
836174, 163, 1, 0, 0
837175, 369, 0, 0, 0
837175, 152, 1, 0, 0
838175, 363, 0, 0, 0
838175, 164, 1, 0, 0
839175, 360, 0, 0, 0
839175, 147, 1, 0, 0
840176, 386, 0, 0, 0
840176, 129, 1, 0, 0
841177, 363, 0, 0, 0
841177, 172, 1, 0, 0
842178, 379, 0, 0, 0
842178, 153, 1, 0, 0
843178, 1347, 0, 0, 0
843178, 630, 1, 0, 0
844179, 3948, 0, 0, 0
844179, 1704, 1, 0, 0
845180, 14700, 0, 0, 0
845180, 6390, 1, 0, 0
846181, 49547, 0, 0, 0
846181, 21122, 1, 0, 0
847182, 49525, 0, 0, 0
847182, 21671, 1, 0, 0
848183, 49125, 0, 0, 0
848183, 21057, 1, 0, 0
849184, 49487, 0, 0, 0
849184, 21235, 1, 0, 0
850185, 48876, 0, 0, 0
850185, 21146, 1, 0, 0
851186, 37215, 0, 0, 0
851186, 15776, 1, 0, 0
852186, 3974, 0, 0, 0
852186, 1626, 1, 0, 0
853187, 14755, 0, 0, 0
853187, 6488, 1, 0, 0
854189, 48974, 0, 0, 0
854189, 21208, 1, 0, 0
855189, 49363, 0, 0, 0
855189, 21179, 1, 0, 0
856190, 48890, 0, 0, 0
856190, 21399, 1, 0, 0
857191, 49555, 0, 0, 0
857191, 21239, 1, 0, 0
858193, 49258, 0, 0, 0
858193, 21112, 1, 0, 0
859194, 49342, 0, 0, 0
859194, 21265, 1, 0, 0
860195, 48878, 0, 0, 0
860195, 20992, 1, 0, 0
861196, 47822, 0, 0, 0
861196, 20447, 1, 0, 0
862197, 3898, 0, 0, 0
862197, 1749, 1, 0, 0
863198, 3961, 0, 0, 0
863198, 1643, 1, 0, 0
864199, 3940, 0, 0, 0
864199, 1702, 1, 0, 0
865200, 15653, 0, 0, 0
865200, 6731, 1, 0, 0
866201, 49464, 0, 0, 0
866201, 21255, 1, 0, 0
867202, 49028, 0, 0, 0
867202, 20902, 1, 0, 0
868203, 48857, 0, 0, 0
868203, 21316, 1, 0, 0
869204, 49587, 0, 0, 0
869204, 21174, 1, 0, 0
870205, 49544, 0, 0, 0
870205, 21080, 1, 0, 0
871206, 49138, 0, 0, 0
871206, 21015, 1, 0, 0
872207, 49292, 0, 0, 0
872207, 20827, 1, 0, 0
873208, 42583, 0, 0, 0
873208, 18161, 1, 0, 0
874209, 3959, 0, 0, 0
874209, 1684, 1, 0, 0
875210, 3891, 0, 0, 0
875210, 1641, 1, 0, 0
876211, 3928, 0, 0, 0
876211, 1691, 1, 0, 0
877212, 16109, 0, 0, 0
877212, 6717, 1, 0, 0
878213, 49170, 0, 0, 0
878213, 21002, 1, 0, 0
879213, 49159, 0, 0, 0
879213, 21139, 1, 0, 0
880214, 48765, 0, 0, 0
880214, 21348, 1, 0, 0
881215, 49530, 0, 0, 0
881215, 21434, 1, 0, 0
882216, 49616, 0, 0, 0
882216, 21153, 1, 0, 0
883217, 49591, 0, 0, 0
883217, 21332, 1, 0, 0
884218, 49115, 0, 0, 0
884218, 20922, 1, 0, 0
885219, 40776, 0, 0, 0
885219, 17300, 1, 0, 0
886220, 3913, 0, 0, 0
886220, 1707, 1, 0, 0
887221, 3898, 0, 0, 0
887221, 1661, 1, 0, 0
888222, 3902, 0, 0, 0
888222, 1690, 1, 0, 0
889223, 16541, 0, 0, 0
889223, 7022, 1, 0, 0
890224, 48981, 0, 0, 0
890224, 21142, 1, 0, 0
891225, 48977, 0, 0, 0
891225, 20997, 1, 0, 0
892226, 48953, 0, 0, 0
892226, 21289, 1, 0, 0
893227, 49218, 0, 0, 0
893227, 21013, 1, 0, 0
894228, 49105, 0, 0, 0
894228, 20900, 1, 0, 0
895229, 49254, 0, 0, 0
895229, 21075, 1, 0, 0
896230, 49184, 0, 0, 0
896230, 20816, 1, 0, 0
897231, 41846, 0, 0, 0
897231, 17983, 1, 0, 0
898232, 3981, 0, 0, 0
898232, 1678, 1, 0, 0
899233, 3837, 0, 0, 0
899233, 1682, 1, 0, 0
900234, 3973, 0, 0, 0
900234, 1645, 1, 0, 0
901235, 16919, 0, 0, 0
901235, 7387, 1, 0, 0
902236, 49018, 0, 0, 0
902236, 21142, 1, 0, 0
903237, 49745, 0, 0, 0
903237, 21228, 1, 0, 0
904238, 49653, 0, 0, 0
904238, 21251, 1, 0, 0
905239, 49911, 0, 0, 0
905239, 21365, 1, 0, 0
906240, 49396, 0, 0, 0
906240, 21161, 1, 0, 0
907241, 49077, 0, 0, 0
907241, 20977, 1, 0, 0
908242, 48971, 0, 0, 0
908242, 21143, 1, 0, 0
909243, 39314, 0, 0, 0
909243, 16745, 1, 0, 0
910244, 3839, 0, 0, 0
910244, 1744, 1, 0, 0
911245, 3878, 0, 0, 0
911245, 1690, 1, 0, 0
912246, 3984, 0, 0, 0
912246, 1670, 1, 0, 0
913247, 17917, 0, 0, 0
913247, 7683, 1, 0, 0
914248, 49211, 0, 0, 0
914248, 21069, 1, 0, 0
915249, 49086, 0, 0, 0
915249, 20945, 1, 0, 0
916250, 49168, 0, 0, 0
916250, 21186, 1, 0, 0
917251, 49405, 0, 0, 0
917251, 20933, 1, 0, 0
918252, 49127, 0, 0, 0
918252, 20966, 1, 0, 0
919253, 49073, 0, 0, 0
919253, 21203, 1, 0, 0
920254, 49393, 0, 0, 0
920254, 20810, 1, 0, 0
921255, 40742, 0, 0, 0
921255, 17402, 1, 0, 0
922255, 3912, 0, 0, 0
922255, 1705, 1, 0, 0
923256, 3853, 0, 0, 0
923256, 1666, 1, 0, 0
924257, 4007, 0, 0, 0
924257, 1611, 1, 0, 0
925258, 18547, 0, 0, 0
925258, 7850, 1, 0, 0
926259, 49298, 0, 0, 0
926259, 21214, 1, 0, 0
927260, 49157, 0, 0, 0
927260, 20962, 1, 0, 0
928261, 49210, 0, 0, 0
928261, 21021, 1, 0, 0
929262, 49803, 0, 0, 0
929262, 21598, 1, 0, 0
930263, 49145, 0, 0, 0
930263, 20935, 1, 0, 0
931264, 49108, 0, 0, 0
931264, 21224, 1, 0, 0
932265, 49581, 0, 0, 0
932265, 21088, 1, 0, 0
933266, 38503, 0, 0, 0
933266, 16464, 1, 0, 0
934267, 3916, 0, 0, 0
934267, 1726, 1, 0, 0
935268, 3905, 0, 0, 0
935268, 1728, 1, 0, 0
936268, 4249, 0, 0, 0
936268, 1779, 1, 0, 0
937269, 19033, 0, 0, 0
937269, 8037, 1, 0, 0
938270, 49740, 0, 0, 0
938270, 21279, 1, 0, 0
939271, 48957, 0, 0, 0
939271, 21043, 1, 0, 0
940272, 49806, 0, 0, 0
940272, 21089, 1, 0, 0
941273, 49935, 0, 0, 0
941273, 21067, 1, 0, 0
942274, 49295, 0, 0, 0
942274, 21415, 1, 0, 0
943275, 49297, 0, 0, 0
943275, 21167, 1, 0, 0
944276, 49281, 0, 0, 0
944276, 20890, 1, 0, 0
945277, 38086, 0, 0, 0
945277, 16084, 1, 0, 0
946278, 4023, 0, 0, 0
946278, 1874, 1, 0, 0
947279, 3978, 0, 0, 0
947279, 1749, 1, 0, 0
948279, 4083, 0, 0, 0
948279, 1698, 1, 0, 0
949280, 19178, 0, 0, 0
949280, 8282, 1, 0, 0
950281, 49387, 0, 0, 0
950281, 20884, 1, 0, 0
951282, 49073, 0, 0, 0
951282, 21112, 1, 0, 0
952283, 49358, 0, 0, 0
952283, 21156, 1, 0, 0
953284, 49568, 0, 0, 0
953284, 21039, 1, 0, 0
954285, 49102, 0, 0, 0
954285, 21114, 1, 0, 0
955286, 49123, 0, 0, 0
955286, 21247, 1, 0, 0
956286, 49153, 0, 0, 0
956286, 21022, 1, 0, 0
957287, 37864, 0, 0, 0
957287, 16206, 1, 0, 0
958288, 4000, 0, 0, 0
958288, 1659, 1, 0, 0
959289, 4017, 0, 0, 0
959289, 1715, 1, 0, 0
960290, 3953, 0, 0, 0
960290, 1716, 1, 0, 0
961291, 20039, 0, 0, 0
961291, 8505, 1, 0, 0
962292, 49728, 0, 0, 0
962292, 21371, 1, 0, 0
963293, 49572, 0, 0, 0
963293, 21202, 1, 0, 0
964294, 49642, 0, 0, 0
964294, 21120, 1, 0, 0
965295, 49278, 0, 0, 0
965295, 20939, 1, 0, 0
966295, 49540, 0, 0, 0
966295, 21239, 1, 0, 0
967296, 49727, 0, 0, 0
967296, 21110, 1, 0, 0
968297, 49342, 0, 0, 0
968297, 20940, 1, 0, 0
969298, 36674, 0, 0, 0
969298, 15775, 1, 0, 0
970299, 3987, 0, 0, 0
970299, 1722, 1, 0, 0
971300, 3972, 0, 0, 0
971300, 1735, 1, 0, 0
972301, 3963, 0, 0, 0
972301, 1700, 1, 0, 0
973302, 20384, 0, 0, 0
973302, 8577, 1, 0, 0
974303, 49593, 0, 0, 0
974303, 21169, 1, 0, 0
975304, 49524, 0, 0, 0
975304, 21134, 1, 0, 0
976305, 49328, 0, 0, 0
976305, 21266, 1, 0, 0
977306, 49231, 0, 0, 0
977306, 20808, 1, 0, 0
978307, 49319, 0, 0, 0
978307, 21092, 1, 0, 0
979308, 49745, 0, 0, 0
979308, 21221, 1, 0, 0
980309, 49717, 0, 0, 0
980309, 21072, 1, 0, 0
981310, 37020, 0, 0, 0
981310, 15823, 1, 0, 0
982310, 3952, 0, 0, 0
982310, 1725, 1, 0, 0
983311, 3915, 0, 0, 0
983311, 1685, 1, 0, 0
984312, 3970, 0, 0, 0
984312, 1708, 1, 0, 0
985313, 20805, 0, 0, 0
985313, 8905, 1, 0, 0
986314, 49237, 0, 0, 0
986314, 21356, 1, 0, 0
987315, 48825, 0, 0, 0
987315, 21220, 1, 0, 0
988316, 49443, 0, 0, 0
988316, 21248, 1, 0, 0
989317, 49215, 0, 0, 0
989317, 21168, 1, 0, 0
990317, 49448, 0, 0, 0
990317, 21271, 1, 0, 0
991318, 49501, 0, 0, 0
991318, 21243, 1, 0, 0
992319, 49317, 0, 0, 0
992319, 21097, 1, 0, 0
993319, 34170, 0, 0, 0
993319, 14791, 1, 0, 0
994320, 4013, 0, 0, 0
994320, 1689, 1, 0, 0
995321, 4008, 0, 0, 0
995321, 1634, 1, 0, 0
996322, 4057, 0, 0, 0
996322, 1754, 1, 0, 0
997323, 21468, 0, 0, 0
997323, 9113, 1, 0, 0
998324, 49771, 0, 0, 0
998324, 21389, 1, 0, 0
999324, 49700, 0, 0, 0
999324, 21128, 1, 0, 0
1000325, 50210, 0, 0, 0
1000325, 21235, 1, 0, 0
1001326, 49976, 0, 0, 0
1001326, 21197, 1, 0, 0
1002327, 49677, 0, 0, 0
1002327, 21514, 1, 0, 0
1003328, 49885, 0, 0, 0
1003328, 21214, 1, 0, 0
1004329, 49476, 0, 0, 0
1004329, 21202, 1, 0, 0
1005330, 33277, 0, 0, 0
1005330, 14315, 1, 0, 0
1006331, 4007, 0, 0, 0
1006331, 1672, 1, 0, 0
1007332, 3929, 0, 0, 0
1007332, 1674, 1, 0, 0
1008333, 3958, 0, 0, 0
1008333, 1736, 1, 0, 0
1009334, 21872, 0, 0, 0
1009334, 9427, 1, 0, 0
1010335, 49896, 0, 0, 0
1010335, 21299, 1, 0, 0
1011336, 49726, 0, 0, 0
1011336, 21149, 1, 0, 0
1012337, 49398, 0, 0, 0
1012337, 21214, 1, 0, 0
1013338, 49505, 0, 0, 0
1013338, 21347, 1, 0, 0
1014339, 49979, 0, 0, 0
1014339, 21182, 1, 0, 0
1015340, 50005, 0, 0, 0
1015340, 21052, 1, 0, 0
1016341, 49541, 0, 0, 0
1016341, 20962, 1, 0, 0
1017342, 34332, 0, 0, 0
1017342, 14586, 1, 0, 0
1018343, 4003, 0, 0, 0
1018343, 1662, 1, 0, 0
1019344, 3952, 0, 0, 0
1019344, 1675, 1, 0, 0
1020345, 3947, 0, 0, 0
1020345, 1704, 1, 0, 0
1021346, 22293, 0, 0, 0
1021346, 9659, 1, 0, 0
1022347, 49970, 0, 0, 0
1022347, 21073, 1, 0, 0
1023348, 49573, 0, 0, 0
1023348, 21180, 1, 0, 0
1024349, 49545, 0, 0, 0
1024349, 21510, 1, 0, 0
1025350, 49675, 0, 0, 0
1025350, 21589, 1, 0, 0
1026351, 49719, 0, 0, 0
1026351, 21252, 1, 0, 0
1027352, 49482, 0, 0, 0
1027352, 21195, 1, 0, 0
1028353, 49487, 0, 0, 0
1028353, 21136, 1, 0, 0
1029353, 31747, 0, 0, 0
1029353, 13736, 1, 0, 0
1030354, 4121, 0, 0, 0
1030354, 1686, 1, 0, 0
1031355, 3938, 0, 0, 0
1031355, 1682, 1, 0, 0
1032356, 4038, 0, 0, 0
1032356, 1646, 1, 0, 0
1033357, 22899, 0, 0, 0
1033357, 9680, 1, 0, 0
1034358, 49185, 0, 0, 0
1034358, 21397, 1, 0, 0
1035358, 49229, 0, 0, 0
1035358, 21079, 1, 0, 0
1036359, 49359, 0, 0, 0
1036359, 21494, 1, 0, 0
1037360, 49419, 0, 0, 0
1037360, 21002, 1, 0, 0
1038361, 49530, 0, 0, 0
1038361, 21276, 1, 0, 0
1039362, 49618, 0, 0, 0
1039362, 21190, 1, 0, 0
1040362, 49496, 0, 0, 0
1040362, 21015, 1, 0, 0
1041363, 33335, 0, 0, 0
1041363, 14166, 1, 0, 0
1042364, 4037, 0, 0, 0
1042364, 1709, 1, 0, 0
1043365, 4029, 0, 0, 0
1043365, 1695, 1, 0, 0
1044366, 4029, 0, 0, 0
1044366, 1691, 1, 0, 0
1045367, 23480, 0, 0, 0
1045367, 10122, 1, 0, 0
1046368, 49832, 0, 0, 0
1046368, 21289, 1, 0, 0
1047369, 49512, 0, 0, 0
1047369, 21156, 1, 0, 0
1048370, 49729, 0, 0, 0
1048370, 21286, 1, 0, 0
1049371, 49460, 0, 0, 0
1049371, 21360, 1, 0, 0
1050372, 49815, 0, 0, 0
1050372, 21239, 1, 0, 0
1051373, 49599, 0, 0, 0
1051373, 21287, 1, 0, 0
1052374, 49463, 0, 0, 0
1052374, 21109, 1, 0, 0
1053375, 31172, 0, 0, 0
1053375, 13499, 1, 0, 0
1054375, 3944, 0, 0, 0
1054375, 1734, 1, 0, 0
1055376, 3886, 0, 0, 0
1055376, 1685, 1, 0, 0
1056377, 3942, 0, 0, 0
1056377, 1670, 1, 0, 0
1057378, 23843, 0, 0, 0
1057378, 10286, 1, 0, 0
1058379, 49616, 0, 0, 0
1058379, 21460, 1, 0, 0
1059380, 49439, 0, 0, 0
1059380, 21222, 1, 0, 0
1060381, 49763, 0, 0, 0
1060381, 21284, 1, 0, 0
1061382, 49265, 0, 0, 0
1061382, 21122, 1, 0, 0
1062383, 49361, 0, 0, 0
1062383, 21377, 1, 0, 0
1063384, 49765, 0, 0, 0
1063384, 21224, 1, 0, 0
1064385, 49797, 0, 0, 0
1064385, 21197, 1, 0, 0
1065386, 30423, 0, 0, 0
1065386, 13105, 1, 0, 0
1066386, 3956, 0, 0, 0
1066386, 1630, 1, 0, 0
1067386, 3861, 0, 0, 0
1067386, 1670, 1, 0, 0
1068386, 3931, 0, 0, 0
1068386, 1693, 1, 0, 0
1069385, 23955, 0, 0, 0
1069385, 10391, 1, 0, 0
1070385, 49260, 0, 0, 0
1070385, 21375, 1, 0, 0
1071385, 49301, 0, 0, 0
1071385, 21056, 1, 0, 0
1072385, 49519, 0, 0, 0
1072385, 21007, 1, 0, 0
1073385, 49399, 0, 0, 0
1073385, 21398, 1, 0, 0
1074385, 49703, 0, 0, 0
1074385, 21297, 1, 0, 0
1075385, 49399, 0, 0, 0
1075385, 21011, 1, 0, 0
1076385, 49359, 0, 0, 0
1076385, 20844, 1, 0, 0
1077385, 33035, 0, 0, 0
1077385, 14105, 1, 0, 0
1078385, 4070, 0, 0, 0
1078385, 1697, 1, 0, 0
1079386, 3871, 0, 0, 0
1079386, 1711, 1, 0, 0
1080386, 3935, 0, 0, 0
1080386, 1673, 1, 0, 0
1081385, 24050, 0, 0, 0
1081385, 10287, 1, 0, 0
1082385, 49080, 0, 0, 0
1082385, 21357, 1, 0, 0
1083385, 49566, 0, 0, 0
1083385, 21218, 1, 0, 0
1084385, 49919, 0, 0, 0
1084385, 21312, 1, 0, 0
1085385, 49803, 0, 0, 0
1085385, 21253, 1, 0, 0
1086385, 49936, 0, 0, 0
1086385, 21260, 1, 0, 0
1087385, 49499, 0, 0, 0
1087385, 21198, 1, 0, 0
1088385, 49101, 0, 0, 0
1088385, 21027, 1, 0, 0
1089385, 31428, 0, 0, 0
1089385, 13653, 1, 0, 0
1090385, 3948, 0, 0, 0
1090385, 1693, 1, 0, 0
1091385, 3903, 0, 0, 0
1091385, 1668, 1, 0, 0
1092385, 3926, 0, 0, 0
1092385, 1678, 1, 0, 0
1093385, 23924, 0, 0, 0
1093385, 10395, 1, 0, 0
1094385, 49325, 0, 0, 0
1094385, 21087, 1, 0, 0
1095385, 48920, 0, 0, 0
1095385, 21226, 1, 0, 0
1096385, 49343, 0, 0, 0
1096385, 21081, 1, 0, 0
1097385, 49484, 0, 0, 0
1097385, 21250, 1, 0, 0
1098385, 49136, 0, 0, 0
1098385, 21176, 1, 0, 0
1099385, 49222, 0, 0, 0
1099385, 21227, 1, 0, 0
1100385, 48729, 0, 0, 0
1100385, 21482, 1, 0, 0
1101385, 31685, 0, 0, 0
1101385, 13688, 1, 0, 0
1102385, 3905, 0, 0, 0
1102385, 1710, 1, 0, 0
1103385, 3847, 0, 0, 0
1103385, 1695, 1, 0, 0
1104384, 3906, 0, 0, 0
1104384, 1696, 1, 0, 0
1105385, 24097, 0, 0, 0
1105385, 10452, 1, 0, 0
1106384, 49969, 0, 0, 0
1106384, 21038, 1, 0, 0
1107384, 49364, 0, 0, 0
1107384, 21474, 1, 0, 0
1108384, 49626, 0, 0, 0
1108384, 21136, 1, 0, 0
1109384, 49255, 0, 0, 0
1109384, 20947, 1, 0, 0
1110384, 49177, 0, 0, 0
1110384, 21206, 1, 0, 0
1111384, 49725, 0, 0, 0
1111384, 21193, 1, 0, 0
1112385, 49585, 0, 0, 0
1112385, 21029, 1, 0, 0
1113385, 32300, 0, 0, 0
1113385, 13803, 1, 0, 0
1114385, 3963, 0, 0, 0
1114385, 1657, 1, 0, 0
1115385, 3869, 0, 0, 0
1115385, 1685, 1, 0, 0
1116385, 3929, 0, 0, 0
1116385, 1663, 1, 0, 0
1117385, 24094, 0, 0, 0
1117385, 10386, 1, 0, 0
1118385, 49466, 0, 0, 0
1118385, 21502, 1, 0, 0
1119385, 49945, 0, 0, 0
1119385, 21503, 1, 0, 0
1120385, 49608, 0, 0, 0
1120385, 21204, 1, 0, 0
1121385, 49131, 0, 0, 0
1121385, 21092, 1, 0, 0
1122385, 49129, 0, 0, 0
1122385, 21228, 1, 0, 0
1123384, 49461, 0, 0, 0
1123384, 20870, 1, 0, 0
1124384, 49409, 0, 0, 0
1124384, 20968, 1, 0, 0
1125384, 31781, 0, 0, 0
1125384, 13775, 1, 0, 0
1126384, 3872, 0, 0, 0
1126384, 1720, 1, 0, 0
1127384, 3855, 0, 0, 0
1127384, 1698, 1, 0, 0
1128385, 3871, 0, 0, 0
1128385, 1714, 1, 0, 0
1129385, 24144, 0, 0, 0
1129385, 10171, 1, 0, 0
1130385, 49279, 0, 0, 0
1130385, 21337, 1, 0, 0
1131385, 49247, 0, 0, 0
1131385, 21075, 1, 0, 0
1132385, 49205, 0, 0, 0
1132385, 21343, 1, 0, 0
1133384, 49225, 0, 0, 0
1133384, 21206, 1, 0, 0
1134384, 49591, 0, 0, 0
1134384, 20959, 1, 0, 0
1135384, 49348, 0, 0, 0
1135384, 21184, 1, 0, 0
1136384, 49183, 0, 0, 0
1136384, 21265, 1, 0, 0
1137384, 32270, 0, 0, 0
1137384, 13952, 1, 0, 0
1138384, 3848, 0, 0, 0
1138384, 1734, 1, 0, 0
1139384, 3948, 0, 0, 0
1139384, 1618, 1, 0, 0
1140384, 3879, 0, 0, 0
1140384, 1728, 1, 0, 0
1141384, 24183, 0, 0, 0
1141384, 10256, 1, 0, 0
1142384, 49287, 0, 0, 0
1142384, 21308, 1, 0, 0
1143385, 49291, 0, 0, 0
1143385, 21147, 1, 0, 0
1144385, 49265, 0, 0, 0
1144385, 21275, 1, 0, 0
1145384, 49085, 0, 0, 0
1145384, 21444, 1, 0, 0
1146384, 49736, 0, 0, 0
1146384, 21271, 1, 0, 0
1147384, 49774, 0, 0, 0
1147384, 21400, 1, 0, 0
1148384, 49551, 0, 0, 0
1148384, 21324, 1, 0, 0
1149384, 30781, 0, 0, 0
1149384, 13122, 1, 0, 0
1150384, 3916, 0, 0, 0
1150384, 1671, 1, 0, 0
1151384, 3867, 0, 0, 0
1151384, 1701, 1, 0, 0
1152384, 3906, 0, 0, 0
1152384, 1683, 1, 0, 0
1153384, 24070, 0, 0, 0
1153384, 10345, 1, 0, 0
1154384, 49444, 0, 0, 0
1154384, 21168, 1, 0, 0
1155384, 49016, 0, 0, 0
1155384, 21225, 1, 0, 0
1156384, 49257, 0, 0, 0
1156384, 21294, 1, 0, 0
1157384, 49371, 0, 0, 0
1157384, 20990, 1, 0, 0
1158384, 49587, 0, 0, 0
1158384, 20943, 1, 0, 0
1159384, 49272, 0, 0, 0
1159384, 21101, 1, 0, 0
1160384, 49107, 0, 0, 0
1160384, 21163, 1, 0, 0
1161384, 33007, 0, 0, 0
1161384, 14123, 1, 0, 0
1162384, 3901, 0, 0, 0
1162384, 1671, 1, 0, 0
1163384, 3906, 0, 0, 0
1163384, 1648, 1, 0, 0
1164384, 3935, 0, 0, 0
1164384, 1629, 1, 0, 0
1165384, 24091, 0, 0, 0
1165384, 10243, 1, 0, 0
1166384, 49096, 0, 0, 0
1166384, 21179, 1, 0, 0
1167384, 49007, 0, 0, 0
1167384, 20983, 1, 0, 0
1168384, 48950, 0, 0, 0
1168384, 21389, 1, 0, 0
1169384, 49627, 0, 0, 0
1169384, 21319, 1, 0, 0
1170384, 49165, 0, 0, 0
1170384, 21024, 1, 0, 0
1171384, 49150, 0, 0, 0
1171384, 21178, 1, 0, 0
1172384, 48855, 0, 0, 0
1172384, 21153, 1, 0, 0
1173383, 32973, 0, 0, 0
1173383, 14153, 1, 0, 0
1174383, 3918, 0, 0, 0
1174383, 1676, 1, 0, 0
1175384, 3878, 0, 0, 0
1175384, 1681, 1, 0, 0
1176384, 3915, 0, 0, 0
1176384, 1708, 1, 0, 0
1177384, 24033, 0, 0, 0
1177384, 10284, 1, 0, 0
1178384, 49623, 0, 0, 0
1178384, 21216, 1, 0, 0
1179384, 15180, 0, 0, 0
1179384, 6460, 1, 0, 0
1180384, 352, 0, 0, 0
1180384, 153, 1, 0, 0
1181384, 367, 0, 0, 0
1181384, 162, 1, 0, 0
1182384, 365, 0, 0, 0
1182384, 169, 1, 0, 0
1183384, 359, 0, 0, 0
1183384, 178, 1, 0, 0
1184384, 362, 0, 0, 0
1184384, 178, 1, 0, 0
1185384, 362, 0, 0, 0
1185384, 156, 1, 0, 0
1186384, 371, 0, 0, 0
1186384, 142, 1, 0, 0
1187384, 375, 0, 0, 0
1187384, 148, 1, 0, 0
1188384, 361, 0, 0, 0
1188384, 211, 1, 0, 0
1189384, 382, 0, 0, 0
1189384, 135, 1, 0, 0
1190384, 378, 0, 0, 0
1190384, 159, 1, 0, 0
1191384, 377, 0, 0, 0
1191384, 171, 1, 0, 0
1192384, 368, 0, 0, 0
1192384, 155, 1, 0, 0
1193384, 377, 0, 0, 0
1193384, 178, 1, 0, 0
1194384, 356, 0, 0, 0
1194384, 170, 1, 0, 0
1195384, 346, 0, 0, 0
1195384, 180, 1, 0, 0
1196384, 356, 0, 0, 0
1196384, 167, 1, 0, 0
1197383, 384, 0, 0, 0
1197383, 175, 1, 0, 0
1198383, 393, 0, 0, 0
1198383, 159, 1, 0, 0
1199384, 374, 0, 0, 0
1199384, 158, 1, 0, 0
