1000, 3554, 0, 0
1000, 1587, 1, 0
2000, 4186, 0, 0
2000, 1748, 1, 0
3000, 3640, 0, 0
3000, 1545, 1, 0
4000, 3682, 0, 0
4000, 1527, 1, 0
5001, 3717, 0, 0
5001, 1578, 1, 0
6000, 3602, 0, 0
6000, 1574, 1, 0
7001, 3777, 0, 0
7001, 1619, 1, 0
8000, 4723, 0, 0
8000, 1989, 1, 0
9000, 3586, 0, 0
9000, 1590, 1, 0
10000, 6455, 0, 0
10000, 2738, 1, 0
11000, 7258, 0, 0
11000, 3110, 1, 0
12000, 6341, 0, 0
12000, 2764, 1, 0
13000, 3612, 0, 0
13000, 1461, 1, 0
14000, 4383, 0, 0
14000, 1766, 1, 0
15000, 3758, 0, 0
15000, 1577, 1, 0
16000, 3762, 0, 0
16000, 1627, 1, 0
17000, 3805, 0, 0
17000, 1703, 1, 0
18000, 3631, 0, 0
18000, 1529, 1, 0
19000, 3558, 0, 0
19000, 1609, 1, 0
20000, 3446, 0, 0
20000, 1494, 1, 0
21000, 3593, 0, 0
21000, 1516, 1, 0
22000, 3493, 0, 0
22000, 1478, 1, 0
23000, 3475, 0, 0
23000, 1495, 1, 0
24001, 4980, 0, 0
24001, 2025, 1, 0
25000, 3862, 0, 0
25000, 1667, 1, 0
26000, 5928, 0, 0
26000, 2642, 1, 0
27000, 4200, 0, 0
27000, 1781, 1, 0
28000, 3867, 0, 0
28000, 1634, 1, 0
29000, 3571, 0, 0
29000, 1562, 1, 0
30000, 3387, 0, 0
30000, 1500, 1, 0
31000, 3629, 0, 0
31000, 1496, 1, 0
32000, 3560, 0, 0
32000, 1464, 1, 0
33000, 3517, 0, 0
33000, 1544, 1, 0
34000, 3397, 0, 0
34000, 1530, 1, 0
35000, 3387, 0, 0
35000, 1433, 1, 0
36000, 4214, 0, 0
36000, 1779, 1, 0
37000, 3895, 0, 0
37000, 1662, 1, 0
38000, 3619, 0, 0
38000, 1569, 1, 0
39000, 3643, 0, 0
39000, 1570, 1, 0
40001, 3639, 0, 0
40001, 1597, 1, 0
41000, 3742, 0, 0
41000, 1616, 1, 0
42000, 3590, 0, 0
42000, 1604, 1, 0
43000, 3552, 0, 0
43000, 1537, 1, 0
44000, 3695, 0, 0
44000, 1635, 1, 0
45000, 7115, 0, 0
45000, 3085, 1, 0
46000, 7676, 0, 0
46000, 3219, 1, 0
47000, 5865, 0, 0
47000, 2624, 1, 0
48000, 3578, 0, 0
48000, 1639, 1, 0
49000, 4286, 0, 0
49000, 1800, 1, 0
50000, 3813, 0, 0
50000, 1688, 1, 0
51000, 3489, 0, 0
51000, 1521, 1, 0
52000, 3784, 0, 0
52000, 1611, 1, 0
53000, 3496, 0, 0
53000, 1534, 1, 0
54000, 3749, 0, 0
54000, 1575, 1, 0
55000, 3759, 0, 0
55000, 1575, 1, 0
56000, 5021, 0, 0
56000, 2072, 1, 0
57000, 3531, 0, 0
57000, 1536, 1, 0
58000, 4739, 0, 0
58000, 2015, 1, 0
59000, 7174, 0, 0
59000, 3007, 1, 0
60000, 3731, 0, 0
60000, 1615, 1, 0
61000, 3521, 0, 0
61000, 1535, 1, 0
62000, 3522, 0, 0
62000, 1567, 1, 0
63000, 3799, 0, 0
63000, 1619, 1, 0
64000, 9330, 0, 0
64000, 4034, 1, 0
65000, 3296, 0, 0
65000, 1413, 1, 0
66000, 3635, 0, 0
66000, 1596, 1, 0
67000, 3573, 0, 0
67000, 1536, 1, 0
68000, 3521, 0, 0
68000, 1616, 1, 0
69000, 4505, 0, 0
69000, 1848, 1, 0
70000, 3428, 0, 0
70000, 1446, 1, 0
71000, 3929, 0, 0
71000, 1699, 1, 0
72000, 10513, 0, 0
72000, 4468, 1, 0
73000, 3587, 0, 0
73000, 1446, 1, 0
74000, 3381, 0, 0
74000, 1532, 1, 0
75001, 3538, 0, 0
75001, 1525, 1, 0
76000, 3627, 0, 0
76000, 1514, 1, 0
77000, 3558, 0, 0
77000, 1526, 1, 0
78000, 4356, 0, 0
78000, 1869, 1, 0
79000, 5292, 0, 0
79000, 2365, 1, 0
80000, 3751, 0, 0
80000, 1671, 1, 0
81000, 3447, 0, 0
81000, 1545, 1, 0
82000, 4057, 0, 0
82000, 1779, 1, 0
83000, 3933, 0, 0
83000, 1712, 1, 0
84000, 3619, 0, 0
84000, 1491, 1, 0
85000, 8628, 0, 0
85000, 3700, 1, 0
86001, 3587, 0, 0
86001, 1577, 1, 0
87000, 3589, 0, 0
87000, 1514, 1, 0
88000, 3437, 0, 0
88000, 1613, 1, 0
89000, 3895, 0, 0
89000, 1600, 1, 0
90000, 3498, 0, 0
90000, 1516, 1, 0
91000, 3805, 0, 0
91000, 1582, 1, 0
92000, 3765, 0, 0
92000, 1515, 1, 0
93000, 3821, 0, 0
93000, 1619, 1, 0
94000, 3775, 0, 0
94000, 1649, 1, 0
95000, 3597, 0, 0
95000, 1522, 1, 0
96000, 3611, 0, 0
96000, 1589, 1, 0
97000, 3639, 0, 0
97000, 1486, 1, 0
98000, 3507, 0, 0
98000, 1474, 1, 0
99001, 3443, 0, 0
99001, 1542, 1, 0
100000, 3646, 0, 0
100000, 1568, 1, 0
101000, 3531, 0, 0
101000, 1494, 1, 0
102000, 3582, 0, 0
102000, 1490, 1, 0
103000, 3599, 0, 0
103000, 1522, 1, 0
104000, 3757, 0, 0
104000, 1591, 1, 0
105000, 3726, 0, 0
105000, 1550, 1, 0
106000, 3482, 0, 0
106000, 1440, 1, 0
107000, 3537, 0, 0
107000, 1600, 1, 0
108000, 3923, 0, 0
108000, 1651, 1, 0
109000, 3582, 0, 0
109000, 1552, 1, 0
110000, 3650, 0, 0
110000, 1456, 1, 0
111000, 3532, 0, 0
111000, 1524, 1, 0
112001, 3547, 0, 0
112001, 1520, 1, 0
113000, 3746, 0, 0
113000, 1602, 1, 0
114000, 3590, 0, 0
114000, 1587, 1, 0
115000, 3799, 0, 0
115000, 1627, 1, 0
116000, 5194, 0, 0
116000, 2220, 1, 0
117000, 4381, 0, 0
117000, 1840, 1, 0
118000, 3711, 0, 0
118000, 1580, 1, 0
119000, 3669, 0, 0
119000, 1548, 1, 0
120000, 5986, 0, 0
120000, 2637, 1, 0
121000, 4248, 0, 0
121000, 1758, 1, 0
122000, 3613, 0, 0
122000, 1702, 1, 0
123000, 5048, 0, 0
123000, 2183, 1, 0
124000, 6022, 0, 0
124000, 2550, 1, 0
125000, 4818, 0, 0
125000, 2087, 1, 0
126000, 5128, 0, 0
126000, 2197, 1, 0
127000, 5297, 0, 0
127000, 2254, 1, 0
128000, 4977, 0, 0
128000, 2045, 1, 0
129000, 3633, 0, 0
129000, 1628, 1, 0
130000, 4508, 0, 0
130000, 2038, 1, 0
131000, 4962, 0, 0
131000, 2273, 1, 0
132000, 5050, 0, 0
132000, 2092, 1, 0
133000, 4197, 0, 0
133000, 1898, 1, 0
134000, 3555, 0, 0
134000, 1530, 1, 0
135000, 4204, 0, 0
135000, 1777, 1, 0
136000, 3820, 0, 0
136000, 1602, 1, 0
137000, 3680, 0, 0
137000, 1637, 1, 0
138000, 5175, 0, 0
138000, 2247, 1, 0
139000, 3663, 0, 0
139000, 1646, 1, 0
140000, 3574, 0, 0
140000, 1553, 1, 0
141000, 3580, 0, 0
141000, 1494, 1, 0
142000, 3655, 0, 0
142000, 1472, 1, 0
143000, 3600, 0, 0
143000, 1528, 1, 0
144000, 3739, 0, 0
144000, 1555, 1, 0
145001, 3963, 0, 0
145001, 1752, 1, 0
146000, 5668, 0, 0
146000, 2364, 1, 0
147000, 4615, 0, 0
147000, 2054, 1, 0
148000, 3762, 0, 0
148000, 1594, 1, 0
149000, 3820, 0, 0
149000, 1584, 1, 0
150000, 3510, 0, 0
150000, 1520, 1, 0
151000, 3682, 0, 0
151000, 1595, 1, 0
152000, 4089, 0, 0
152000, 1635, 1, 0
153000, 3668, 0, 0
153000, 1475, 1, 0
154000, 3863, 0, 0
154000, 1605, 1, 0
155000, 3637, 0, 0
155000, 1574, 1, 0
156000, 4680, 0, 0
156000, 2003, 1, 0
157000, 6434, 0, 0
157000, 2733, 1, 0
158001, 4525, 0, 0
158001, 1944, 1, 0
159000, 3543, 0, 0
159000, 1496, 1, 0
160000, 3676, 0, 0
160000, 1566, 1, 0
161000, 3646, 0, 0
161000, 1618, 1, 0
162000, 3743, 0, 0
162000, 1535, 1, 0
163000, 4273, 0, 0
163000, 1838, 1, 0
164000, 3601, 0, 0
164000, 1526, 1, 0
165000, 3974, 0, 0
165000, 1672, 1, 0
166000, 3719, 0, 0
166000, 1620, 1, 0
167000, 3573, 0, 0
167000, 1568, 1, 0
168000, 3732, 0, 0
168000, 1589, 1, 0
169000, 3571, 0, 0
169000, 1546, 1, 0
170000, 3718, 0, 0
170000, 1683, 1, 0
171000, 6114, 0, 0
171000, 2535, 1, 0
172000, 3718, 0, 0
172000, 1503, 1, 0
173000, 3732, 0, 0
173000, 1621, 1, 0
174000, 4437, 0, 0
174000, 1840, 1, 0
175000, 3968, 0, 0
175000, 1657, 1, 0
176000, 3827, 0, 0
176000, 1657, 1, 0
177000, 3765, 0, 0
177000, 1631, 1, 0
178000, 3657, 0, 0
178000, 1626, 1, 0
179000, 4435, 0, 0
179000, 1907, 1, 0
180000, 3812, 0, 0
180000, 1624, 1, 0
181000, 3804, 0, 0
181000, 1579, 1, 0
182000, 3599, 0, 0
182000, 1559, 1, 0
183000, 3763, 0, 0
183000, 1579, 1, 0
184000, 4192, 0, 0
184000, 1760, 1, 0
185000, 3612, 0, 0
185000, 1640, 1, 0
186000, 3626, 0, 0
186000, 1589, 1, 0
187000, 4111, 0, 0
187000, 1738, 1, 0
188000, 4352, 0, 0
188000, 1780, 1, 0
189000, 3517, 0, 0
189000, 1560, 1, 0
190000, 4911, 0, 0
190000, 2028, 1, 0
191001, 3532, 0, 0
191001, 1540, 1, 0
192000, 5153, 0, 0
192000, 2186, 1, 0
193000, 3755, 0, 0
193000, 1597, 1, 0
194000, 3612, 0, 0
194000, 1504, 1, 0
195000, 3684, 0, 0
195000, 1662, 1, 0
196000, 3706, 0, 0
196000, 1558, 1, 0
197000, 3560, 0, 0
197000, 1548, 1, 0
198000, 3626, 0, 0
198000, 1644, 1, 0
199000, 3517, 0, 0
199000, 1465, 1, 0
200000, 3945, 0, 0
200000, 1682, 1, 0
201000, 4749, 0, 0
201000, 2047, 1, 0
202000, 3613, 0, 0
202000, 1501, 1, 0
203000, 3635, 0, 0
203000, 1520, 1, 0
204000, 3650, 0, 0
204000, 1620, 1, 0
205000, 3680, 0, 0
205000, 1561, 1, 0
206001, 3595, 0, 0
206001, 1530, 1, 0
207000, 3547, 0, 0
207000, 1533, 1, 0
208001, 4118, 0, 0
208001, 1779, 1, 0
209000, 3599, 0, 0
209000, 1582, 1, 0
210000, 3561, 0, 0
210000, 1538, 1, 0
211000, 4850, 0, 0
211000, 2021, 1, 0
212000, 3817, 0, 0
212000, 1538, 1, 0
213000, 3543, 0, 0
213000, 1592, 1, 0
214000, 3731, 0, 0
214000, 1601, 1, 0
215000, 3922, 0, 0
215000, 1769, 1, 0
216000, 3989, 0, 0
216000, 1745, 1, 0
217000, 3588, 0, 0
217000, 1615, 1, 0
218001, 3620, 0, 0
218001, 1527, 1, 0
219000, 3579, 0, 0
219000, 1592, 1, 0
220001, 5266, 0, 0
220001, 2294, 1, 0
221000, 4231, 0, 0
221000, 1752, 1, 0
222000, 3566, 0, 0
222000, 1527, 1, 0
223000, 3654, 0, 0
223000, 1516, 1, 0
224000, 3690, 0, 0
224000, 1658, 1, 0
225000, 3771, 0, 0
225000, 1622, 1, 0
226000, 3633, 0, 0
226000, 1605, 1, 0
227000, 3565, 0, 0
227000, 1483, 1, 0
228000, 3575, 0, 0
228000, 1566, 1, 0
229000, 3812, 0, 0
229000, 1597, 1, 0
230000, 3661, 0, 0
230000, 1533, 1, 0
231000, 3828, 0, 0
231000, 1584, 1, 0
232000, 3560, 0, 0
232000, 1616, 1, 0
233000, 3447, 0, 0
233000, 1426, 1, 0
234000, 3574, 0, 0
234000, 1538, 1, 0
235000, 3703, 0, 0
235000, 1650, 1, 0
236000, 3684, 0, 0
236000, 1602, 1, 0
237000, 3771, 0, 0
237000, 1637, 1, 0
238000, 3739, 0, 0
238000, 1526, 1, 0
239000, 6474, 0, 0
239000, 2671, 1, 0
240000, 6342, 0, 0
240000, 2686, 1, 0
241000, 4183, 0, 0
241000, 1796, 1, 0
242000, 3949, 0, 0
242000, 1684, 1, 0
243000, 3568, 0, 0
243000, 1483, 1, 0
244001, 3670, 0, 0
244001, 1600, 1, 0
245000, 3713, 0, 0
245000, 1514, 1, 0
246001, 3561, 0, 0
246001, 1552, 1, 0
247000, 3714, 0, 0
247000, 1620, 1, 0
248001, 3976, 0, 0
248001, 1685, 1, 0
249000, 3573, 0, 0
249000, 1460, 1, 0
250001, 3759, 0, 0
250001, 1627, 1, 0
251000, 3495, 0, 0
251000, 1527, 1, 0
252001, 3668, 0, 0
252001, 1641, 1, 0
253000, 5979, 0, 0
253000, 2535, 1, 0
254000, 3893, 0, 0
254000, 1634, 1, 0
255000, 4316, 0, 0
255000, 1732, 1, 0
256000, 4882, 0, 0
256000, 2056, 1, 0
257000, 3976, 0, 0
257000, 1728, 1, 0
258000, 3499, 0, 0
258000, 1478, 1, 0
259000, 4410, 0, 0
259000, 1920, 1, 0
260000, 4124, 0, 0
260000, 1874, 1, 0
261000, 3642, 0, 0
261000, 1601, 1, 0
262000, 3636, 0, 0
262000, 1429, 1, 0
263001, 7362, 0, 0
263001, 3181, 1, 0
264000, 8212, 0, 0
264000, 3618, 1, 0
265001, 3871, 0, 0
265001, 1591, 1, 0
266000, 3706, 0, 0
266000, 1561, 1, 0
267000, 4177, 0, 0
267000, 1755, 1, 0
268000, 4454, 0, 0
268000, 1977, 1, 0
269000, 5175, 0, 0
269000, 2297, 1, 0
270000, 3664, 0, 0
270000, 1618, 1, 0
271000, 3516, 0, 0
271000, 1501, 1, 0
272000, 3813, 0, 0
272000, 1633, 1, 0
273000, 3604, 0, 0
273000, 1477, 1, 0
274001, 3849, 0, 0
274001, 1622, 1, 0
275000, 3593, 0, 0
275000, 1527, 1, 0
276000, 3635, 0, 0
276000, 1658, 1, 0
277000, 3713, 0, 0
277000, 1580, 1, 0
278000, 3628, 0, 0
278000, 1647, 1, 0
279000, 5496, 0, 0
279000, 2286, 1, 0
280000, 3702, 0, 0
280000, 1586, 1, 0
281000, 3685, 0, 0
281000, 1600, 1, 0
282000, 3534, 0, 0
282000, 1505, 1, 0
283000, 3577, 0, 0
283000, 1535, 1, 0
284000, 4277, 0, 0
284000, 1822, 1, 0
285000, 4088, 0, 0
285000, 1785, 1, 0
286000, 3621, 0, 0
286000, 1550, 1, 0
287000, 3732, 0, 0
287000, 1656, 1, 0
288000, 3709, 0, 0
288000, 1561, 1, 0
289000, 3743, 0, 0
289000, 1653, 1, 0
290000, 3610, 0, 0
290000, 1493, 1, 0
291000, 3615, 0, 0
291000, 1554, 1, 0
292000, 3688, 0, 0
292000, 1535, 1, 0
293000, 3605, 0, 0
293000, 1567, 1, 0
294000, 3752, 0, 0
294000, 1563, 1, 0
295000, 3791, 0, 0
295000, 1623, 1, 0
296000, 3815, 0, 0
296000, 1626, 1, 0
297000, 3672, 0, 0
297000, 1554, 1, 0
298000, 4049, 0, 0
298000, 1798, 1, 0
299000, 3754, 0, 0
299000, 1614, 1, 0
300000, 3660, 0, 0
300000, 1574, 1, 0
301000, 3995, 0, 0
301000, 1595, 1, 0
302000, 3645, 0, 0
302000, 1558, 1, 0
303000, 3606, 0, 0
303000, 1591, 1, 0
304000, 3649, 0, 0
304000, 1565, 1, 0
305001, 3787, 0, 0
305001, 1585, 1, 0
306000, 4262, 0, 0
306000, 1831, 1, 0
307001, 3711, 0, 0
307001, 1569, 1, 0
308000, 4955, 0, 0
308000, 2175, 1, 0
309001, 3708, 0, 0
309001, 1589, 1, 0
310000, 7782, 0, 0
310000, 3423, 1, 0
311001, 5604, 0, 0
311001, 2365, 1, 0
312000, 6619, 0, 0
312000, 2754, 1, 0
313000, 9229, 0, 0
313000, 4052, 1, 0
314000, 3949, 0, 0
314000, 1699, 1, 0
315000, 3644, 0, 0
315000, 1507, 1, 0
316000, 3625, 0, 0
316000, 1580, 1, 0
317000, 3595, 0, 0
317000, 1615, 1, 0
318000, 3668, 0, 0
318000, 1587, 1, 0
319000, 3423, 0, 0
319000, 1618, 1, 0
320000, 3595, 0, 0
320000, 1560, 1, 0
321000, 3501, 0, 0
321000, 1478, 1, 0
322000, 3803, 0, 0
322000, 1648, 1, 0
323000, 4058, 0, 0
323000, 1753, 1, 0
324000, 3690, 0, 0
324000, 1557, 1, 0
325000, 4266, 0, 0
325000, 1875, 1, 0
326000, 10172, 0, 0
326000, 4403, 1, 0
327000, 3587, 0, 0
327000, 1561, 1, 0
328001, 3746, 0, 0
328001, 1553, 1, 0
329000, 3646, 0, 0
329000, 1534, 1, 0
330001, 3479, 0, 0
330001, 1591, 1, 0
331000, 3565, 0, 0
331000, 1553, 1, 0
332000, 3992, 0, 0
332000, 1685, 1, 0
333000, 11143, 0, 0
333000, 4817, 1, 0
334000, 8216, 0, 0
334000, 3541, 1, 0
335000, 4965, 0, 0
335000, 2125, 1, 0
336001, 7552, 0, 0
336001, 3219, 1, 0
337000, 4054, 0, 0
337000, 1725, 1, 0
338000, 4766, 0, 0
338000, 2019, 1, 0
339000, 4977, 0, 0
339000, 2090, 1, 0
340001, 3740, 0, 0
340001, 1507, 1, 0
341000, 3699, 0, 0
341000, 1475, 1, 0
342001, 4189, 0, 0
342001, 1798, 1, 0
343000, 4232, 0, 0
343000, 1795, 1, 0
344000, 3674, 0, 0
344000, 1563, 1, 0
345000, 3661, 0, 0
345000, 1544, 1, 0
346000, 3561, 0, 0
346000, 1526, 1, 0
347000, 3733, 0, 0
347000, 1524, 1, 0
348000, 3739, 0, 0
348000, 1722, 1, 0
349000, 3776, 0, 0
349000, 1603, 1, 0
350001, 9673, 0, 0
350001, 4166, 1, 0
351000, 3515, 0, 0
351000, 1527, 1, 0
352001, 3626, 0, 0
352001, 1575, 1, 0
353000, 5267, 0, 0
353000, 2275, 1, 0
354001, 8464, 0, 0
354001, 3729, 1, 0
355000, 5462, 0, 0
355000, 2330, 1, 0
356001, 3594, 0, 0
356001, 1563, 1, 0
357000, 3638, 0, 0
357000, 1626, 1, 0
358001, 4030, 0, 0
358001, 1731, 1, 0
359000, 3772, 0, 0
359000, 1636, 1, 0
360001, 3656, 0, 0
360001, 1632, 1, 0
361000, 3746, 0, 0
361000, 1642, 1, 0
362000, 3777, 0, 0
362000, 1536, 1, 0
363000, 3573, 0, 0
363000, 1521, 1, 0
364000, 3969, 0, 0
364000, 1792, 1, 0
365000, 3741, 0, 0
365000, 1634, 1, 0
366000, 3530, 0, 0
366000, 1517, 1, 0
367000, 4418, 0, 0
367000, 1860, 1, 0
368000, 5076, 0, 0
368000, 2153, 1, 0
369000, 4378, 0, 0
369000, 1913, 1, 0
370000, 4956, 0, 0
370000, 2102, 1, 0
371000, 4601, 0, 0
371000, 1938, 1, 0
372000, 6528, 0, 0
372000, 2743, 1, 0
373000, 3731, 0, 0
373000, 1637, 1, 0
374000, 3596, 0, 0
374000, 1500, 1, 0
375000, 5392, 0, 0
375000, 2284, 1, 0
376000, 5553, 0, 0
376000, 2437, 1, 0
377000, 4690, 0, 0
377000, 2093, 1, 0
378001, 4766, 0, 0
378001, 2107, 1, 0
379000, 4013, 0, 0
379000, 1668, 1, 0
380001, 5557, 0, 0
380001, 2419, 1, 0
381000, 3708, 0, 0
381000, 1538, 1, 0
382001, 4093, 0, 0
382001, 1725, 1, 0
383000, 3843, 0, 0
383000, 1652, 1, 0
384001, 3900, 0, 0
384001, 1695, 1, 0
385000, 4739, 0, 0
385000, 2023, 1, 0
386000, 6331, 0, 0
386000, 2721, 1, 0
387000, 3669, 0, 0
387000, 1540, 1, 0
388000, 3603, 0, 0
388000, 1575, 1, 0
389000, 3690, 0, 0
389000, 1535, 1, 0
390000, 4158, 0, 0
390000, 1674, 1, 0
391000, 3860, 0, 0
391000, 1615, 1, 0
392000, 3968, 0, 0
392000, 1706, 1, 0
393000, 3530, 0, 0
393000, 1619, 1, 0
394000, 4322, 0, 0
394000, 1825, 1, 0
395000, 3940, 0, 0
395000, 1705, 1, 0
396000, 4247, 0, 0
396000, 1799, 1, 0
397000, 4509, 0, 0
397000, 1920, 1, 0
398000, 4613, 0, 0
398000, 1905, 1, 0
399000, 3635, 0, 0
399000, 1527, 1, 0
400000, 12964, 0, 0
400000, 5528, 1, 0
401000, 5858, 0, 0
401000, 2473, 1, 0
402000, 3600, 0, 0
402000, 1633, 1, 0
403000, 5052, 0, 0
403000, 2230, 1, 0
404000, 4795, 0, 0
404000, 2050, 1, 0
405000, 5747, 0, 0
405000, 2331, 1, 0
406000, 5518, 0, 0
406000, 2280, 1, 0
407000, 3547, 0, 0
407000, 1518, 1, 0
408000, 5512, 0, 0
408000, 2266, 1, 0
409000, 3702, 0, 0
409000, 1570, 1, 0
410000, 6469, 0, 0
410000, 2823, 1, 0
411000, 7595, 0, 0
411000, 3325, 1, 0
412000, 3701, 0, 0
412000, 1677, 1, 0
413000, 3659, 0, 0
413000, 1477, 1, 0
414000, 3604, 0, 0
414000, 1517, 1, 0
415000, 3568, 0, 0
415000, 1615, 1, 0
416000, 3575, 0, 0
416000, 1605, 1, 0
417000, 3688, 0, 0
417000, 1519, 1, 0
418000, 3557, 0, 0
418000, 1492, 1, 0
419000, 4246, 0, 0
419000, 1831, 1, 0
420000, 6146, 0, 0
420000, 2778, 1, 0
421001, 3567, 0, 0
421001, 1558, 1, 0
422000, 3613, 0, 0
422000, 1495, 1, 0
423001, 3775, 0, 0
423001, 1539, 1, 0
424000, 3668, 0, 0
424000, 1589, 1, 0
425001, 3737, 0, 0
425001, 1598, 1, 0
426000, 3581, 0, 0
426000, 1539, 1, 0
427000, 3657, 0, 0
427000, 1579, 1, 0
428000, 5165, 0, 0
428000, 2107, 1, 0
429000, 3662, 0, 0
429000, 1530, 1, 0
430000, 3896, 0, 0
430000, 1644, 1, 0
431000, 4505, 0, 0
431000, 2006, 1, 0
432000, 4025, 0, 0
432000, 1671, 1, 0
433000, 4023, 0, 0
433000, 1737, 1, 0
434000, 4162, 0, 0
434000, 1742, 1, 0
435000, 3512, 0, 0
435000, 1479, 1, 0
436000, 4079, 0, 0
436000, 1742, 1, 0
437000, 8482, 0, 0
437000, 3636, 1, 0
438001, 4417, 0, 0
438001, 1929, 1, 0
439000, 3718, 0, 0
439000, 1613, 1, 0
440000, 5073, 0, 0
440000, 2158, 1, 0
441000, 4731, 0, 0
441000, 2053, 1, 0
442000, 4616, 0, 0
442000, 1968, 1, 0
443000, 5024, 0, 0
443000, 2041, 1, 0
444000, 7784, 0, 0
444000, 3312, 1, 0
445000, 4170, 0, 0
445000, 1803, 1, 0
446000, 4376, 0, 0
446000, 1819, 1, 0
447000, 3616, 0, 0
447000, 1530, 1, 0
448000, 3653, 0, 0
448000, 1586, 1, 0
449000, 4202, 0, 0
449000, 1757, 1, 0
450000, 5573, 0, 0
450000, 2505, 1, 0
451000, 4639, 0, 0
451000, 1992, 1, 0
452000, 4237, 0, 0
452000, 1883, 1, 0
453000, 6166, 0, 0
453000, 2656, 1, 0
454000, 5812, 0, 0
454000, 2421, 1, 0
455000, 3820, 0, 0
455000, 1526, 1, 0
456000, 5257, 0, 0
456000, 2243, 1, 0
457000, 7040, 0, 0
457000, 2884, 1, 0
458000, 3486, 0, 0
458000, 1628, 1, 0
459000, 3659, 0, 0
459000, 1643, 1, 0
460001, 3658, 0, 0
460001, 1585, 1, 0
461000, 3740, 0, 0
461000, 1604, 1, 0
462001, 3489, 0, 0
462001, 1514, 1, 0
463000, 3586, 0, 0
463000, 1532, 1, 0
464000, 5052, 0, 0
464000, 2176, 1, 0
465000, 8868, 0, 0
465000, 3850, 1, 0
466001, 5138, 0, 0
466001, 2086, 1, 0
467000, 4271, 0, 0
467000, 1827, 1, 0
468001, 4176, 0, 0
468001, 1855, 1, 0
469000, 4089, 0, 0
469000, 1731, 1, 0
470000, 4074, 0, 0
470000, 1744, 1, 0
471000, 5180, 0, 0
471000, 2277, 1, 0
472000, 7514, 0, 0
472000, 3374, 1, 0
473000, 3747, 0, 0
473000, 1611, 1, 0
474000, 3571, 0, 0
474000, 1574, 1, 0
475000, 3840, 0, 0
475000, 1616, 1, 0
476000, 6029, 0, 0
476000, 2572, 1, 0
477000, 4382, 0, 0
477000, 1931, 1, 0
478000, 4138, 0, 0
478000, 1723, 1, 0
479000, 4385, 0, 0
479000, 1926, 1, 0
480000, 3612, 0, 0
480000, 1500, 1, 0
481000, 4721, 0, 0
481000, 1999, 1, 0
482000, 6675, 0, 0
482000, 2886, 1, 0
483000, 6882, 0, 0
483000, 2945, 1, 0
484000, 11881, 0, 0
484000, 4973, 1, 0
485000, 10692, 0, 0
485000, 4565, 1, 0
486000, 7850, 0, 0
486000, 3401, 1, 0
487000, 5945, 0, 0
487000, 2528, 1, 0
488000, 10347, 0, 0
488000, 4430, 1, 0
489000, 8042, 0, 0
489000, 3542, 1, 0
490000, 6340, 0, 0
490000, 2723, 1, 0
491000, 4966, 0, 0
491000, 2132, 1, 0
492000, 3809, 0, 0
492000, 1638, 1, 0
493000, 3722, 0, 0
493000, 1658, 1, 0
494000, 5812, 0, 0
494000, 2440, 1, 0
495000, 3645, 0, 0
495000, 1627, 1, 0
496000, 4110, 0, 0
496000, 1794, 1, 0
497000, 7135, 0, 0
497000, 3064, 1, 0
498000, 4230, 0, 0
498000, 1862, 1, 0
499000, 3675, 0, 0
499000, 1553, 1, 0
500001, 4403, 0, 0
500001, 1840, 1, 0
501000, 5264, 0, 0
501000, 2203, 1, 0
502001, 4238, 0, 0
502001, 1766, 1, 0
503000, 4264, 0, 0
503000, 1890, 1, 0
504000, 3789, 0, 0
504000, 1639, 1, 0
505000, 6422, 0, 0
505000, 2838, 1, 0
506000, 3815, 0, 0
506000, 1637, 1, 0
507000, 12056, 0, 0
507000, 5192, 1, 0
508000, 9382, 0, 0
508000, 4016, 1, 0
509000, 6900, 0, 0
509000, 2987, 1, 0
510000, 6983, 0, 0
510000, 3085, 1, 0
511000, 9563, 0, 0
511000, 4218, 1, 0
512000, 4961, 0, 0
512000, 2113, 1, 0
513000, 7051, 0, 0
513000, 2905, 1, 0
514000, 5181, 0, 0
514000, 2272, 1, 0
515000, 3663, 0, 0
515000, 1550, 1, 0
516000, 4184, 0, 0
516000, 1700, 1, 0
517000, 5417, 0, 0
517000, 2322, 1, 0
518000, 4010, 0, 0
518000, 1678, 1, 0
519000, 3857, 0, 0
519000, 1612, 1, 0
520001, 3694, 0, 0
520001, 1609, 1, 0
521000, 3558, 0, 0
521000, 1550, 1, 0
522000, 4900, 0, 0
522000, 2018, 1, 0
523000, 7801, 0, 0
523000, 3325, 1, 0
524000, 8711, 0, 0
524000, 3760, 1, 0
525000, 5159, 0, 0
525000, 2163, 1, 0
526000, 8222, 0, 0
526000, 3528, 1, 0
527000, 3600, 0, 0
527000, 1613, 1, 0
528000, 3497, 0, 0
528000, 1448, 1, 0
529000, 4933, 0, 0
529000, 2115, 1, 0
530000, 3604, 0, 0
530000, 1594, 1, 0
531000, 4101, 0, 0
531000, 1746, 1, 0
532000, 4565, 0, 0
532000, 1962, 1, 0
533001, 3819, 0, 0
533001, 1681, 1, 0
534000, 3622, 0, 0
534000, 1512, 1, 0
535001, 3587, 0, 0
535001, 1537, 1, 0
536000, 5724, 0, 0
536000, 2495, 1, 0
537000, 4082, 0, 0
537000, 1738, 1, 0
538000, 4256, 0, 0
538000, 1855, 1, 0
539000, 7639, 0, 0
539000, 3265, 1, 0
540000, 5815, 0, 0
540000, 2518, 1, 0
541001, 4879, 0, 0
541001, 2089, 1, 0
542000, 6184, 0, 0
542000, 2568, 1, 0
543000, 9767, 0, 0
543000, 4054, 1, 0
544000, 3646, 0, 0
544000, 1495, 1, 0
545000, 3405, 0, 0
545000, 1519, 1, 0
546000, 5610, 0, 0
546000, 2345, 1, 0
547000, 6314, 0, 0
547000, 2747, 1, 0
548000, 7774, 0, 0
548000, 3441, 1, 0
549000, 5918, 0, 0
549000, 2507, 1, 0
550000, 5939, 0, 0
550000, 2589, 1, 0
551000, 3639, 0, 0
551000, 1584, 1, 0
552000, 3801, 0, 0
552000, 1530, 1, 0
553000, 3594, 0, 0
553000, 1598, 1, 0
554000, 3551, 0, 0
554000, 1591, 1, 0
555000, 3769, 0, 0
555000, 1621, 1, 0
556001, 11448, 0, 0
556001, 4911, 1, 0
557000, 3856, 0, 0
557000, 1605, 1, 0
558000, 3794, 0, 0
558000, 1635, 1, 0
559000, 3622, 0, 0
559000, 1490, 1, 0
560001, 3709, 0, 0
560001, 1650, 1, 0
561000, 3715, 0, 0
561000, 1498, 1, 0
562001, 4273, 0, 0
562001, 1815, 1, 0
563000, 4436, 0, 0
563000, 1887, 1, 0
564001, 6673, 0, 0
564001, 2857, 1, 0
565000, 6961, 0, 0
565000, 3003, 1, 0
566000, 4743, 0, 0
566000, 2143, 1, 0
567000, 3532, 0, 0
567000, 1489, 1, 0
568000, 4527, 0, 0
568000, 1968, 1, 0
569000, 4002, 0, 0
569000, 1772, 1, 0
570000, 3927, 0, 0
570000, 1675, 1, 0
571000, 4060, 0, 0
571000, 1716, 1, 0
572000, 5381, 0, 0
572000, 2215, 1, 0
573000, 6065, 0, 0
573000, 2588, 1, 0
574001, 7377, 0, 0
574001, 3143, 1, 0
575000, 3762, 0, 0
575000, 1630, 1, 0
576000, 6212, 0, 0
576000, 2687, 1, 0
577000, 11313, 0, 0
577000, 4823, 1, 0
578000, 7428, 0, 0
578000, 3151, 1, 0
579000, 6136, 0, 0
579000, 2593, 1, 0
580000, 5691, 0, 0
580000, 2427, 1, 0
581000, 8414, 0, 0
581000, 3462, 1, 0
582000, 10381, 0, 0
582000, 4548, 1, 0
583000, 3754, 0, 0
583000, 1584, 1, 0
584000, 4779, 0, 0
584000, 2079, 1, 0
585000, 7104, 0, 0
585000, 3094, 1, 0
586000, 8655, 0, 0
586000, 3729, 1, 0
587000, 5508, 0, 0
587000, 2276, 1, 0
588000, 3621, 0, 0
588000, 1564, 1, 0
589000, 6249, 0, 0
589000, 2632, 1, 0
590000, 4620, 0, 0
590000, 1936, 1, 0
591000, 3503, 0, 0
591000, 1495, 1, 0
592000, 4650, 0, 0
592000, 1861, 1, 0
593000, 5686, 0, 0
593000, 2352, 1, 0
594000, 3771, 0, 0
594000, 1661, 1, 0
595000, 7603, 0, 0
595000, 3209, 1, 0
596000, 11553, 0, 0
596000, 4913, 1, 0
597000, 8280, 0, 0
597000, 3599, 1, 0
598000, 3581, 0, 0
598000, 1487, 1, 0
599000, 7766, 0, 0
599000, 3406, 1, 0
600000, 4626, 0, 0
600000, 2082, 1, 0
601000, 3673, 0, 0
601000, 1537, 1, 0
602000, 4024, 0, 0
602000, 1741, 1, 0
603000, 5030, 0, 0
603000, 2275, 1, 0
604000, 3680, 0, 0
604000, 1551, 1, 0
605000, 4845, 0, 0
605000, 2100, 1, 0
606000, 7882, 0, 0
606000, 3362, 1, 0
607000, 6519, 0, 0
607000, 2897, 1, 0
608000, 6048, 0, 0
608000, 2471, 1, 0
609000, 9313, 0, 0
609000, 3882, 1, 0
610000, 7899, 0, 0
610000, 3454, 1, 0
611000, 6833, 0, 0
611000, 2938, 1, 0
612000, 10304, 0, 0
612000, 4363, 1, 0
613000, 11475, 0, 0
613000, 4679, 1, 0
614000, 10145, 0, 0
614000, 4294, 1, 0
615000, 6138, 0, 0
615000, 2543, 1, 0
616000, 4780, 0, 0
616000, 1966, 1, 0
617000, 4962, 0, 0
617000, 2112, 1, 0
618000, 8345, 0, 0
618000, 3549, 1, 0
619000, 3860, 0, 0
619000, 1728, 1, 0
620001, 3655, 0, 0
620001, 1616, 1, 0
621000, 4094, 0, 0
621000, 1714, 1, 0
622001, 6000, 0, 0
622001, 2570, 1, 0
623000, 3541, 0, 0
623000, 1559, 1, 0
624000, 3612, 0, 0
624000, 1574, 1, 0
625000, 3883, 0, 0
625000, 1678, 1, 0
626000, 3781, 0, 0
626000, 1630, 1, 0
627000, 4430, 0, 0
627000, 1942, 1, 0
628000, 3791, 0, 0
628000, 1689, 1, 0
629000, 4463, 0, 0
629000, 1869, 1, 0
630000, 4080, 0, 0
630000, 1686, 1, 0
631000, 4653, 0, 0
631000, 1971, 1, 0
632000, 3918, 0, 0
632000, 1663, 1, 0
633000, 3910, 0, 0
633000, 1789, 1, 0
634000, 3705, 0, 0
634000, 1610, 1, 0
635000, 3532, 0, 0
635000, 1561, 1, 0
636000, 3607, 0, 0
636000, 1495, 1, 0
637000, 5465, 0, 0
637000, 2469, 1, 0
638000, 3617, 0, 0
638000, 1545, 1, 0
639000, 3637, 0, 0
639000, 1537, 1, 0
640000, 4088, 0, 0
640000, 1809, 1, 0
641000, 3957, 0, 0
641000, 1673, 1, 0
642000, 3673, 0, 0
642000, 1541, 1, 0
643000, 3623, 0, 0
643000, 1558, 1, 0
644000, 3701, 0, 0
644000, 1515, 1, 0
645000, 3761, 0, 0
645000, 1580, 1, 0
646000, 3493, 0, 0
646000, 1517, 1, 0
647000, 4302, 0, 0
647000, 1846, 1, 0
648000, 3721, 0, 0
648000, 1529, 1, 0
649000, 3702, 0, 0
649000, 1619, 1, 0
650000, 4208, 0, 0
650000, 1844, 1, 0
651000, 4657, 0, 0
651000, 2019, 1, 0
652000, 3661, 0, 0
652000, 1626, 1, 0
653000, 3446, 0, 0
653000, 1562, 1, 0
654000, 3621, 0, 0
654000, 1558, 1, 0
655000, 3682, 0, 0
655000, 1540, 1, 0
656000, 3621, 0, 0
656000, 1683, 1, 0
657000, 3690, 0, 0
657000, 1547, 1, 0
658000, 3621, 0, 0
658000, 1646, 1, 0
659000, 3543, 0, 0
659000, 1513, 1, 0
660001, 3710, 0, 0
660001, 1516, 1, 0
661000, 3724, 0, 0
661000, 1554, 1, 0
662001, 3619, 0, 0
662001, 1557, 1, 0
663000, 3583, 0, 0
663000, 1529, 1, 0
664001, 5619, 0, 0
664001, 2527, 1, 0
665000, 7272, 0, 0
665000, 3201, 1, 0
666001, 4284, 0, 0
666001, 1795, 1, 0
667000, 4806, 0, 0
667000, 2093, 1, 0
668001, 3658, 0, 0
668001, 1559, 1, 0
669000, 3738, 0, 0
669000, 1642, 1, 0
670001, 7057, 0, 0
670001, 2968, 1, 0
671000, 4242, 0, 0
671000, 1803, 1, 0
672000, 7189, 0, 0
672000, 3045, 1, 0
673000, 3722, 0, 0
673000, 1699, 1, 0
674000, 4333, 0, 0
674000, 1797, 1, 0
675000, 4460, 0, 0
675000, 1867, 1, 0
676000, 3899, 0, 0
676000, 1673, 1, 0
677000, 3695, 0, 0
677000, 1537, 1, 0
678000, 3726, 0, 0
678000, 1579, 1, 0
679000, 3683, 0, 0
679000, 1629, 1, 0
680000, 3852, 0, 0
680000, 1624, 1, 0
681000, 5578, 0, 0
681000, 2408, 1, 0
682000, 5768, 0, 0
682000, 2419, 1, 0
683000, 3701, 0, 0
683000, 1603, 1, 0
684000, 3762, 0, 0
684000, 1581, 1, 0
685001, 3629, 0, 0
685001, 1614, 1, 0
686000, 3467, 0, 0
686000, 1489, 1, 0
687001, 3545, 0, 0
687001, 1517, 1, 0
688000, 6294, 0, 0
688000, 2735, 1, 0
689000, 5801, 0, 0
689000, 2460, 1, 0
690000, 4415, 0, 0
690000, 1957, 1, 0
691000, 3989, 0, 0
691000, 1788, 1, 0
692000, 4149, 0, 0
692000, 1823, 1, 0
693000, 5435, 0, 0
693000, 2312, 1, 0
694000, 5413, 0, 0
694000, 2295, 1, 0
695000, 3528, 0, 0
695000, 1626, 1, 0
696001, 4162, 0, 0
696001, 1749, 1, 0
697000, 4165, 0, 0
697000, 1813, 1, 0
698001, 3566, 0, 0
698001, 1552, 1, 0
699000, 3603, 0, 0
699000, 1562, 1, 0
700001, 6158, 0, 0
700001, 2577, 1, 0
701000, 3655, 0, 0
701000, 1493, 1, 0
702000, 4032, 0, 0
702000, 1738, 1, 0
703000, 4321, 0, 0
703000, 1833, 1, 0
704000, 4317, 0, 0
704000, 1855, 1, 0
705000, 3621, 0, 0
705000, 1571, 1, 0
706000, 3704, 0, 0
706000, 1579, 1, 0
707000, 4225, 0, 0
707000, 1814, 1, 0
708000, 3710, 0, 0
708000, 1587, 1, 0
709000, 3674, 0, 0
709000, 1620, 1, 0
710000, 3593, 0, 0
710000, 1531, 1, 0
711001, 3679, 0, 0
711001, 1566, 1, 0
712000, 3907, 0, 0
712000, 1578, 1, 0
713001, 3705, 0, 0
713001, 1584, 1, 0
714000, 3641, 0, 0
714000, 1537, 1, 0
715000, 3745, 0, 0
715000, 1599, 1, 0
716000, 3607, 0, 0
716000, 1588, 1, 0
717000, 3701, 0, 0
717000, 1650, 1, 0
718000, 3494, 0, 0
718000, 1524, 1, 0
719000, 3559, 0, 0
719000, 1508, 1, 0
720000, 6112, 0, 0
720000, 2760, 1, 0
721000, 3836, 0, 0
721000, 1609, 1, 0
722001, 3522, 0, 0
722001, 1581, 1, 0
723000, 4623, 0, 0
723000, 2035, 1, 0
724001, 3686, 0, 0
724001, 1533, 1, 0
725000, 4346, 0, 0
725000, 1773, 1, 0
726001, 3646, 0, 0
726001, 1567, 1, 0
727000, 5623, 0, 0
727000, 2436, 1, 0
728001, 4315, 0, 0
728001, 1928, 1, 0
729000, 3686, 0, 0
729000, 1584, 1, 0
730001, 3696, 0, 0
730001, 1571, 1, 0
731000, 3577, 0, 0
731000, 1520, 1, 0
732001, 3606, 0, 0
732001, 1558, 1, 0
733000, 4092, 0, 0
733000, 1717, 1, 0
734000, 3503, 0, 0
734000, 1539, 1, 0
735000, 3585, 0, 0
735000, 1485, 1, 0
736000, 3687, 0, 0
736000, 1537, 1, 0
737000, 3681, 0, 0
737000, 1508, 1, 0
738000, 4142, 0, 0
738000, 1819, 1, 0
739000, 3903, 0, 0
739000, 1674, 1, 0
740001, 4370, 0, 0
740001, 1832, 1, 0
741000, 3609, 0, 0
741000, 1533, 1, 0
742001, 3819, 0, 0
742001, 1499, 1, 0
743000, 3690, 0, 0
743000, 1640, 1, 0
744001, 4633, 0, 0
744001, 1954, 1, 0
745000, 4965, 0, 0
745000, 2085, 1, 0
746000, 3608, 0, 0
746000, 1543, 1, 0
747000, 3814, 0, 0
747000, 1639, 1, 0
748000, 3835, 0, 0
748000, 1700, 1, 0
749000, 4530, 0, 0
749000, 1935, 1, 0
750000, 3514, 0, 0
750000, 1554, 1, 0
751000, 3904, 0, 0
751000, 1655, 1, 0
752000, 4294, 0, 0
752000, 1937, 1, 0
753000, 3629, 0, 0
753000, 1583, 1, 0
754000, 3871, 0, 0
754000, 1672, 1, 0
755000, 3974, 0, 0
755000, 1675, 1, 0
756000, 3706, 0, 0
756000, 1560, 1, 0
757000, 3680, 0, 0
757000, 1593, 1, 0
758000, 3518, 0, 0
758000, 1494, 1, 0
759000, 3478, 0, 0
759000, 1514, 1, 0
760000, 5264, 0, 0
760000, 2258, 1, 0
761000, 6610, 0, 0
761000, 2871, 1, 0
762000, 7233, 0, 0
762000, 3102, 1, 0
763001, 4685, 0, 0
763001, 2084, 1, 0
764000, 4087, 0, 0
764000, 1696, 1, 0
765000, 5244, 0, 0
765000, 2316, 1, 0
766000, 3630, 0, 0
766000, 1612, 1, 0
767001, 8108, 0, 0
767001, 3436, 1, 0
768000, 6606, 0, 0
768000, 2741, 1, 0
769001, 7642, 0, 0
769001, 3231, 1, 0
770000, 4752, 0, 0
770000, 2118, 1, 0
771001, 3840, 0, 0
771001, 1619, 1, 0
772000, 3743, 0, 0
772000, 1654, 1, 0
773001, 3774, 0, 0
773001, 1572, 1, 0
774000, 3700, 0, 0
774000, 1584, 1, 0
775001, 3729, 0, 0
775001, 1564, 1, 0
776000, 4019, 0, 0
776000, 1711, 1, 0
777001, 4887, 0, 0
777001, 2175, 1, 0
778000, 3797, 0, 0
778000, 1627, 1, 0
779000, 4421, 0, 0
779000, 1875, 1, 0
780000, 3744, 0, 0
780000, 1643, 1, 0
781001, 3573, 0, 0
781001, 1467, 1, 0
782000, 3600, 0, 0
782000, 1564, 1, 0
783001, 3739, 0, 0
783001, 1560, 1, 0
784000, 4035, 0, 0
784000, 1640, 1, 0
785000, 4355, 0, 0
785000, 1862, 1, 0
786000, 4289, 0, 0
786000, 1795, 1, 0
787000, 3784, 0, 0
787000, 1621, 1, 0
788000, 4876, 0, 0
788000, 1998, 1, 0
789000, 3606, 0, 0
789000, 1587, 1, 0
790000, 6746, 0, 0
790000, 2911, 1, 0
791000, 3674, 0, 0
791000, 1664, 1, 0
792000, 3689, 0, 0
792000, 1488, 1, 0
793000, 3587, 0, 0
793000, 1588, 1, 0
794001, 4021, 0, 0
794001, 1661, 1, 0
795000, 7590, 0, 0
795000, 3324, 1, 0
796000, 4893, 0, 0
796000, 2025, 1, 0
797000, 4602, 0, 0
797000, 1972, 1, 0
798000, 3494, 0, 0
798000, 1507, 1, 0
799000, 6361, 0, 0
799000, 2882, 1, 0
800000, 4002, 0, 0
800000, 1745, 1, 0
801000, 4409, 0, 0
801000, 1946, 1, 0
802000, 9348, 0, 0
802000, 4099, 1, 0
803001, 7914, 0, 0
803001, 3343, 1, 0
804000, 7729, 0, 0
804000, 3234, 1, 0
805000, 6489, 0, 0
805000, 2733, 1, 0
806000, 4314, 0, 0
806000, 1844, 1, 0
807000, 6590, 0, 0
807000, 2901, 1, 0
808000, 3631, 0, 0
808000, 1596, 1, 0
809000, 7974, 0, 0
809000, 3472, 1, 0
810000, 8700, 0, 0
810000, 3756, 1, 0
811000, 4367, 0, 0
811000, 1878, 1, 0
812000, 3653, 0, 0
812000, 1589, 1, 0
813000, 3700, 0, 0
813000, 1597, 1, 0
814000, 3575, 0, 0
814000, 1457, 1, 0
815000, 3742, 0, 0
815000, 1577, 1, 0
816001, 3638, 0, 0
816001, 1524, 1, 0
817000, 3812, 0, 0
817000, 1598, 1, 0
818001, 3727, 0, 0
818001, 1564, 1, 0
819000, 3846, 0, 0
819000, 1663, 1, 0
820000, 3777, 0, 0
820000, 1690, 1, 0
821000, 3634, 0, 0
821000, 1487, 1, 0
822000, 3429, 0, 0
822000, 1502, 1, 0
823000, 5532, 0, 0
823000, 2339, 1, 0
824000, 4311, 0, 0
824000, 1786, 1, 0
825000, 4971, 0, 0
825000, 2077, 1, 0
826000, 4023, 0, 0
826000, 1750, 1, 0
827001, 3910, 0, 0
827001, 1618, 1, 0
828000, 3843, 0, 0
828000, 1633, 1, 0
829001, 3749, 0, 0
829001, 1671, 1, 0
830000, 5614, 0, 0
830000, 2374, 1, 0
831001, 3607, 0, 0
831001, 1548, 1, 0
832000, 3518, 0, 0
832000, 1640, 1, 0
833000, 3659, 0, 0
833000, 1545, 1, 0
834000, 3751, 0, 0
834000, 1591, 1, 0
835000, 5573, 0, 0
835000, 2377, 1, 0
836000, 5417, 0, 0
836000, 2333, 1, 0
837000, 3477, 0, 0
837000, 1493, 1, 0
838000, 3843, 0, 0
838000, 1716, 1, 0
839000, 4372, 0, 0
839000, 1871, 1, 0
840000, 4225, 0, 0
840000, 1731, 1, 0
841000, 3799, 0, 0
841000, 1602, 1, 0
842000, 3478, 0, 0
842000, 1474, 1, 0
843000, 3737, 0, 0
843000, 1589, 1, 0
844000, 5044, 0, 0
844000, 2187, 1, 0
845000, 3829, 0, 0
845000, 1531, 1, 0
846000, 3586, 0, 0
846000, 1548, 1, 0
847000, 3507, 0, 0
847000, 1490, 1, 0
848001, 4246, 0, 0
848001, 1826, 1, 0
849000, 5662, 0, 0
849000, 2375, 1, 0
850001, 5044, 0, 0
850001, 2244, 1, 0
851000, 3839, 0, 0
851000, 1682, 1, 0
852001, 6730, 0, 0
852001, 2857, 1, 0
853000, 3597, 0, 0
853000, 1508, 1, 0
854001, 3430, 0, 0
854001, 1577, 1, 0
855000, 3833, 0, 0
855000, 1658, 1, 0
856001, 4530, 0, 0
856001, 1937, 1, 0
857000, 4403, 0, 0
857000, 1814, 1, 0
858001, 3548, 0, 0
858001, 1559, 1, 0
859000, 3793, 0, 0
859000, 1687, 1, 0
860001, 3636, 0, 0
860001, 1537, 1, 0
861000, 7639, 0, 0
861000, 3252, 1, 0
862000, 4058, 0, 0
862000, 1768, 1, 0
863000, 7073, 0, 0
863000, 3056, 1, 0
864000, 3792, 0, 0
864000, 1671, 1, 0
865000, 3829, 0, 0
865000, 1651, 1, 0
866000, 3426, 0, 0
866000, 1534, 1, 0
867000, 3438, 0, 0
867000, 1520, 1, 0
868000, 3643, 0, 0
868000, 1552, 1, 0
869000, 3600, 0, 0
869000, 1546, 1, 0
870000, 3564, 0, 0
870000, 1607, 1, 0
871000, 3633, 0, 0
871000, 1649, 1, 0
872000, 3540, 0, 0
872000, 1531, 1, 0
873000, 3665, 0, 0
873000, 1545, 1, 0
874000, 4158, 0, 0
874000, 1791, 1, 0
875000, 3714, 0, 0
875000, 1538, 1, 0
876000, 3703, 0, 0
876000, 1661, 1, 0
877001, 4220, 0, 0
877001, 1860, 1, 0
878000, 3606, 0, 0
878000, 1561, 1, 0
879001, 3696, 0, 0
879001, 1565, 1, 0
880000, 4013, 0, 0
880000, 1628, 1, 0
881001, 3575, 0, 0
881001, 1577, 1, 0
882000, 3698, 0, 0
882000, 1662, 1, 0
883001, 3960, 0, 0
883001, 1709, 1, 0
884000, 3487, 0, 0
884000, 1508, 1, 0
885000, 3657, 0, 0
885000, 1541, 1, 0
886000, 3753, 0, 0
886000, 1533, 1, 0
887000, 3794, 0, 0
887000, 1665, 1, 0
888000, 3751, 0, 0
888000, 1590, 1, 0
889001, 3742, 0, 0
889001, 1662, 1, 0
890000, 3646, 0, 0
890000, 1567, 1, 0
891001, 4011, 0, 0
891001, 1745, 1, 0
892000, 6625, 0, 0
892000, 2802, 1, 0
893001, 3747, 0, 0
893001, 1604, 1, 0
894000, 3522, 0, 0
894000, 1564, 1, 0
895001, 3655, 0, 0
895001, 1550, 1, 0
896000, 3702, 0, 0
896000, 1589, 1, 0
897001, 3588, 0, 0
897001, 1565, 1, 0
898000, 3481, 0, 0
898000, 1519, 1, 0
899001, 3691, 0, 0
899001, 1587, 1, 0
900000, 3797, 0, 0
900000, 1652, 1, 0
901001, 3641, 0, 0
901001, 1595, 1, 0
902000, 5304, 0, 0
902000, 2254, 1, 0
903000, 3634, 0, 0
903000, 1579, 1, 0
904000, 3706, 0, 0
904000, 1544, 1, 0
905000, 3611, 0, 0
905000, 1541, 1, 0
906000, 3465, 0, 0
906000, 1528, 1, 0
907000, 3819, 0, 0
907000, 1657, 1, 0
908000, 3576, 0, 0
908000, 1589, 1, 0
909000, 3789, 0, 0
909000, 1726, 1, 0
910001, 3750, 0, 0
910001, 1572, 1, 0
911000, 3556, 0, 0
911000, 1579, 1, 0
912001, 3571, 0, 0
912001, 1566, 1, 0
913000, 4573, 0, 0
913000, 1936, 1, 0
914000, 3587, 0, 0
914000, 1609, 1, 0
915000, 3514, 0, 0
915000, 1456, 1, 0
916000, 5168, 0, 0
916000, 2156, 1, 0
917000, 3692, 0, 0
917000, 1596, 1, 0
918000, 4926, 0, 0
918000, 2106, 1, 0
919000, 4277, 0, 0
919000, 1846, 1, 0
920000, 3743, 0, 0
920000, 1575, 1, 0
921000, 5539, 0, 0
921000, 2357, 1, 0
922000, 11365, 0, 0
922000, 4765, 1, 0
923000, 3576, 0, 0
923000, 1583, 1, 0
924000, 3931, 0, 0
924000, 1605, 1, 0
925000, 3864, 0, 0
925000, 1618, 1, 0
926000, 3733, 0, 0
926000, 1571, 1, 0
927000, 3640, 0, 0
927000, 1617, 1, 0
928000, 3712, 0, 0
928000, 1637, 1, 0
929000, 3503, 0, 0
929000, 1551, 1, 0
930000, 3674, 0, 0
930000, 1625, 1, 0
931000, 3562, 0, 0
931000, 1558, 1, 0
932000, 3594, 0, 0
932000, 1493, 1, 0
933000, 3733, 0, 0
933000, 1558, 1, 0
934000, 3596, 0, 0
934000, 1574, 1, 0
935000, 3795, 0, 0
935000, 1581, 1, 0
936000, 3982, 0, 0
936000, 1729, 1, 0
937001, 3651, 0, 0
937001, 1568, 1, 0
938000, 3513, 0, 0
938000, 1525, 1, 0
939001, 3654, 0, 0
939001, 1612, 1, 0
940000, 4662, 0, 0
940000, 1947, 1, 0
941001, 3808, 0, 0
941001, 1610, 1, 0
942000, 3743, 0, 0
942000, 1586, 1, 0
943000, 3451, 0, 0
943000, 1513, 1, 0
944000, 4238, 0, 0
944000, 1738, 1, 0
945000, 3706, 0, 0
945000, 1668, 1, 0
946000, 6469, 0, 0
946000, 2862, 1, 0
947000, 5068, 0, 0
947000, 2117, 1, 0
948000, 3714, 0, 0
948000, 1707, 1, 0
949000, 6484, 0, 0
949000, 2827, 1, 0
950000, 4919, 0, 0
950000, 2093, 1, 0
951000, 3595, 0, 0
951000, 1523, 1, 0
952000, 3731, 0, 0
952000, 1547, 1, 0
953000, 3580, 0, 0
953000, 1593, 1, 0
954000, 3926, 0, 0
954000, 1719, 1, 0
955000, 3655, 0, 0
955000, 1600, 1, 0
956000, 5719, 0, 0
956000, 2433, 1, 0
957000, 3658, 0, 0
957000, 1593, 1, 0
958000, 3734, 0, 0
958000, 1514, 1, 0
959000, 3588, 0, 0
959000, 1506, 1, 0
960000, 3637, 0, 0
960000, 1540, 1, 0
961000, 3589, 0, 0
961000, 1561, 1, 0
962000, 3624, 0, 0
962000, 1593, 1, 0
963000, 3765, 0, 0
963000, 1562, 1, 0
964000, 3709, 0, 0
964000, 1549, 1, 0
965000, 3649, 0, 0
965000, 1539, 1, 0
966000, 3556, 0, 0
966000, 1516, 1, 0
967000, 3459, 0, 0
967000, 1520, 1, 0
968000, 5056, 0, 0
968000, 2154, 1, 0
969000, 7709, 0, 0
969000, 3387, 1, 0
970000, 8889, 0, 0
970000, 3839, 1, 0
971000, 3623, 0, 0
971000, 1580, 1, 0
972000, 5230, 0, 0
972000, 2185, 1, 0
973000, 3668, 0, 0
973000, 1638, 1, 0
974000, 3660, 0, 0
974000, 1550, 1, 0
975000, 5798, 0, 0
975000, 2439, 1, 0
976000, 3722, 0, 0
976000, 1537, 1, 0
977000, 3903, 0, 0
977000, 1694, 1, 0
978000, 3687, 0, 0
978000, 1580, 1, 0
979000, 3643, 0, 0
979000, 1552, 1, 0
980000, 4251, 0, 0
980000, 1854, 1, 0
981000, 4245, 0, 0
981000, 1741, 1, 0
982000, 8498, 0, 0
982000, 3704, 1, 0
983000, 7069, 0, 0
983000, 3031, 1, 0
984000, 4490, 0, 0
984000, 1937, 1, 0
985000, 3475, 0, 0
985000, 1496, 1, 0
986000, 3579, 0, 0
986000, 1491, 1, 0
987000, 3615, 0, 0
987000, 1471, 1, 0
988000, 4257, 0, 0
988000, 1994, 1, 0
989000, 3554, 0, 0
989000, 1552, 1, 0
990001, 4994, 0, 0
990001, 2129, 1, 0
991000, 4503, 0, 0
991000, 1955, 1, 0
992001, 6582, 0, 0
992001, 2871, 1, 0
993000, 3654, 0, 0
993000, 1534, 1, 0
994001, 3592, 0, 0
994001, 1480, 1, 0
995000, 3646, 0, 0
995000, 1613, 1, 0
996000, 3684, 0, 0
996000, 1611, 1, 0
997000, 3658, 0, 0
997000, 1577, 1, 0
998000, 3698, 0, 0
998000, 1599, 1, 0
999000, 5349, 0, 0
999000, 2189, 1, 0
1000000, 3769, 0, 0
1000000, 1643, 1, 0
1001000, 3635, 0, 0
1001000, 1505, 1, 0
1002000, 3753, 0, 0
1002000, 1594, 1, 0
1003000, 3657, 0, 0
1003000, 1582, 1, 0
1004000, 5225, 0, 0
1004000, 2243, 1, 0
1005000, 7108, 0, 0
1005000, 2934, 1, 0
1006000, 4400, 0, 0
1006000, 1791, 1, 0
1007000, 4045, 0, 0
1007000, 1756, 1, 0
1008000, 4750, 0, 0
1008000, 2018, 1, 0
1009000, 7121, 0, 0
1009000, 3021, 1, 0
1010000, 4663, 0, 0
1010000, 1971, 1, 0
1011000, 4654, 0, 0
1011000, 1902, 1, 0
1012000, 3993, 0, 0
1012000, 1719, 1, 0
1013000, 4675, 0, 0
1013000, 2036, 1, 0
1014000, 3564, 0, 0
1014000, 1602, 1, 0
1015000, 3658, 0, 0
1015000, 1565, 1, 0
1016000, 3645, 0, 0
1016000, 1565, 1, 0
1017000, 5087, 0, 0
1017000, 2221, 1, 0
1018000, 4228, 0, 0
1018000, 1734, 1, 0
1019000, 4728, 0, 0
1019000, 2108, 1, 0
1020000, 5207, 0, 0
1020000, 2254, 1, 0
1021000, 4836, 0, 0
1021000, 2075, 1, 0
1022000, 8024, 0, 0
1022000, 3400, 1, 0
1023000, 3584, 0, 0
1023000, 1582, 1, 0
1024000, 5030, 0, 0
1024000, 2123, 1, 0
1025000, 4551, 0, 0
1025000, 1891, 1, 0
1026000, 10652, 0, 0
1026000, 4538, 1, 0
1027000, 7581, 0, 0
1027000, 3235, 1, 0
1028000, 5151, 0, 0
1028000, 2333, 1, 0
1029000, 5249, 0, 0
1029000, 2250, 1, 0
1030000, 6742, 0, 0
1030000, 2938, 1, 0
1031000, 8282, 0, 0
1031000, 3647, 1, 0
1032000, 6216, 0, 0
1032000, 2681, 1, 0
1033000, 5138, 0, 0
1033000, 2079, 1, 0
1034000, 5353, 0, 0
1034000, 2268, 1, 0
1035000, 5338, 0, 0
1035000, 2224, 1, 0
1036000, 4688, 0, 0
1036000, 1947, 1, 0
1037000, 4607, 0, 0
1037000, 1949, 1, 0
1038000, 4519, 0, 0
1038000, 1910, 1, 0
1039000, 3829, 0, 0
1039000, 1678, 1, 0
1040000, 5760, 0, 0
1040000, 2390, 1, 0
1041000, 9927, 0, 0
1041000, 4223, 1, 0
1042000, 4819, 0, 0
1042000, 2059, 1, 0
1043000, 7844, 0, 0
1043000, 3364, 1, 0
1044000, 5246, 0, 0
1044000, 2205, 1, 0
1045000, 4050, 0, 0
1045000, 1758, 1, 0
1046000, 4770, 0, 0
1046000, 2053, 1, 0
1047001, 3636, 0, 0
1047001, 1570, 1, 0
1048000, 5509, 0, 0
1048000, 2208, 1, 0
1049001, 3776, 0, 0
1049001, 1637, 1, 0
1050000, 3918, 0, 0
1050000, 1662, 1, 0
1051001, 5549, 0, 0
1051001, 2328, 1, 0
1052000, 3892, 0, 0
1052000, 1593, 1, 0
1053000, 3827, 0, 0
1053000, 1589, 1, 0
1054000, 7142, 0, 0
1054000, 3174, 1, 0
1055001, 3647, 0, 0
1055001, 1589, 1, 0
1056000, 5962, 0, 0
1056000, 2567, 1, 0
1057001, 4061, 0, 0
1057001, 1723, 1, 0
1058000, 3721, 0, 0
1058000, 1556, 1, 0
1059001, 3820, 0, 0
1059001, 1649, 1, 0
1060000, 3615, 0, 0
1060000, 1565, 1, 0
1061001, 3934, 0, 0
1061001, 1754, 1, 0
1062000, 5267, 0, 0
1062000, 2259, 1, 0
1063000, 3685, 0, 0
1063000, 1645, 1, 0
1064000, 3698, 0, 0
1064000, 1589, 1, 0
1065001, 4589, 0, 0
1065001, 2024, 1, 0
1066000, 4815, 0, 0
1066000, 2093, 1, 0
1067000, 3879, 0, 0
1067000, 1646, 1, 0
1068000, 3711, 0, 0
1068000, 1619, 1, 0
1069000, 5326, 0, 0
1069000, 2309, 1, 0
1070000, 3622, 0, 0
1070000, 1566, 1, 0
1071000, 3873, 0, 0
1071000, 1671, 1, 0
1072000, 3701, 0, 0
1072000, 1616, 1, 0
1073000, 6746, 0, 0
1073000, 2809, 1, 0
1074000, 3718, 0, 0
1074000, 1617, 1, 0
1075000, 3620, 0, 0
1075000, 1577, 1, 0
1076001, 3628, 0, 0
1076001, 1532, 1, 0
1077000, 3505, 0, 0
1077000, 1502, 1, 0
1078000, 5401, 0, 0
1078000, 2309, 1, 0
1079000, 3557, 0, 0
1079000, 1553, 1, 0
1080000, 4181, 0, 0
1080000, 1844, 1, 0
1081000, 3907, 0, 0
1081000, 1711, 1, 0
1082000, 4078, 0, 0
1082000, 1779, 1, 0
1083000, 6576, 0, 0
1083000, 2801, 1, 0
1084000, 3812, 0, 0
1084000, 1649, 1, 0
1085000, 4494, 0, 0
1085000, 1879, 1, 0
1086000, 3659, 0, 0
1086000, 1598, 1, 0
1087000, 3726, 0, 0
1087000, 1596, 1, 0
1088000, 3951, 0, 0
1088000, 1667, 1, 0
1089000, 3729, 0, 0
1089000, 1621, 1, 0
1090000, 3513, 0, 0
1090000, 1515, 1, 0
1091000, 3659, 0, 0
1091000, 1633, 1, 0
1092000, 4658, 0, 0
1092000, 1991, 1, 0
1093000, 3937, 0, 0
1093000, 1715, 1, 0
1094000, 6053, 0, 0
1094000, 2714, 1, 0
1095000, 5662, 0, 0
1095000, 2317, 1, 0
1096000, 5622, 0, 0
1096000, 2347, 1, 0
1097001, 5493, 0, 0
1097001, 2293, 1, 0
1098000, 6378, 0, 0
1098000, 2632, 1, 0
1099000, 4226, 0, 0
1099000, 1802, 1, 0
1100000, 3809, 0, 0
1100000, 1625, 1, 0
1101000, 4341, 0, 0
1101000, 1890, 1, 0
1102000, 5647, 0, 0
1102000, 2444, 1, 0
1103000, 5957, 0, 0
1103000, 2469, 1, 0
1104000, 4964, 0, 0
1104000, 2126, 1, 0
1105000, 3591, 0, 0
1105000, 1512, 1, 0
1106000, 4558, 0, 0
1106000, 1834, 1, 0
1107000, 3588, 0, 0
1107000, 1552, 1, 0
1108000, 4163, 0, 0
1108000, 1742, 1, 0
1109000, 6340, 0, 0
1109000, 2623, 1, 0
1110000, 3712, 0, 0
1110000, 1536, 1, 0
1111000, 3459, 0, 0
1111000, 1450, 1, 0
1112000, 3739, 0, 0
1112000, 1652, 1, 0
1113000, 6289, 0, 0
1113000, 2702, 1, 0
1114000, 5986, 0, 0
1114000, 2591, 1, 0
1115001, 6474, 0, 0
1115001, 2742, 1, 0
1116000, 4580, 0, 0
1116000, 1988, 1, 0
1117001, 5047, 0, 0
1117001, 2221, 1, 0
1118000, 4988, 0, 0
1118000, 2029, 1, 0
1119000, 9058, 0, 0
1119000, 3869, 1, 0
1120000, 12651, 0, 0
1120000, 5513, 1, 0
1121000, 9922, 0, 0
1121000, 4221, 1, 0
1122000, 8871, 0, 0
1122000, 3878, 1, 0
1123000, 10007, 0, 0
1123000, 4277, 1, 0
1124000, 4180, 0, 0
1124000, 1812, 1, 0
1125000, 3982, 0, 0
1125000, 1691, 1, 0
1126000, 3665, 0, 0
1126000, 1557, 1, 0
1127000, 9038, 0, 0
1127000, 3873, 1, 0
1128000, 5538, 0, 0
1128000, 2352, 1, 0
1129000, 3669, 0, 0
1129000, 1578, 1, 0
1130000, 4131, 0, 0
1130000, 1772, 1, 0
1131000, 3746, 0, 0
1131000, 1593, 1, 0
1132000, 3729, 0, 0
1132000, 1594, 1, 0
1133000, 3617, 0, 0
1133000, 1625, 1, 0
1134000, 3508, 0, 0
1134000, 1508, 1, 0
1135000, 3616, 0, 0
1135000, 1539, 1, 0
1136000, 3742, 0, 0
1136000, 1494, 1, 0
1137000, 3587, 0, 0
1137000, 1571, 1, 0
1138000, 4750, 0, 0
1138000, 2118, 1, 0
1139000, 5376, 0, 0
1139000, 2334, 1, 0
1140000, 3634, 0, 0
1140000, 1522, 1, 0
1141000, 3664, 0, 0
1141000, 1615, 1, 0
1142001, 3587, 0, 0
1142001, 1557, 1, 0
1143000, 3630, 0, 0
1143000, 1654, 1, 0
1144001, 3521, 0, 0
1144001, 1572, 1, 0
1145000, 3758, 0, 0
1145000, 1636, 1, 0
1146001, 4809, 0, 0
1146001, 2098, 1, 0
1147000, 5276, 0, 0
1147000, 2333, 1, 0
1148001, 4068, 0, 0
1148001, 1752, 1, 0
1149000, 3519, 0, 0
1149000, 1543, 1, 0
1150001, 3495, 0, 0
1150001, 1467, 1, 0
1151000, 3554, 0, 0
1151000, 1475, 1, 0
1152001, 4294, 0, 0
1152001, 1867, 1, 0
1153000, 4369, 0, 0
1153000, 1901, 1, 0
1154000, 3530, 0, 0
1154000, 1511, 1, 0
1155000, 3575, 0, 0
1155000, 1522, 1, 0
1156000, 3605, 0, 0
1156000, 1484, 1, 0
1157000, 3898, 0, 0
1157000, 1635, 1, 0
1158000, 3807, 0, 0
1158000, 1690, 1, 0
1159000, 3672, 0, 0
1159000, 1609, 1, 0
1160000, 3638, 0, 0
1160000, 1585, 1, 0
1161001, 5301, 0, 0
1161001, 2227, 1, 0
1162000, 3500, 0, 0
1162000, 1586, 1, 0
1163000, 4088, 0, 0
1163000, 1684, 1, 0
1164000, 4082, 0, 0
1164000, 1674, 1, 0
1165000, 3676, 0, 0
1165000, 1623, 1, 0
1166000, 3743, 0, 0
1166000, 1601, 1, 0
1167000, 3649, 0, 0
1167000, 1548, 1, 0
1168000, 3965, 0, 0
1168000, 1746, 1, 0
1169000, 4381, 0, 0
1169000, 1895, 1, 0
1170000, 3604, 0, 0
1170000, 1553, 1, 0
1171000, 3554, 0, 0
1171000, 1529, 1, 0
1172000, 4426, 0, 0
1172000, 1760, 1, 0
1173000, 3773, 0, 0
1173000, 1541, 1, 0
1174000, 4626, 0, 0
1174000, 1955, 1, 0
1175000, 3967, 0, 0
1175000, 1710, 1, 0
1176000, 4286, 0, 0
1176000, 1764, 1, 0
1177000, 4615, 0, 0
1177000, 2029, 1, 0
1178000, 3871, 0, 0
1178000, 1685, 1, 0
1179000, 4967, 0, 0
1179000, 2229, 1, 0
1180000, 3772, 0, 0
1180000, 1569, 1, 0
1181000, 3859, 0, 0
1181000, 1688, 1, 0
1182001, 3682, 0, 0
1182001, 1593, 1, 0
1183000, 4941, 0, 0
1183000, 2066, 1, 0
1184000, 4711, 0, 0
1184000, 1995, 1, 0
1185000, 6930, 0, 0
1185000, 2905, 1, 0
1186000, 4949, 0, 0
1186000, 2102, 1, 0
1187000, 3631, 0, 0
1187000, 1543, 1, 0
1188000, 3766, 0, 0
1188000, 1651, 1, 0
1189000, 4718, 0, 0
1189000, 1998, 1, 0
1190000, 3911, 0, 0
1190000, 1637, 1, 0
1191000, 3746, 0, 0
1191000, 1669, 1, 0
1192000, 3858, 0, 0
1192000, 1726, 1, 0
1193001, 7686, 0, 0
1193001, 3280, 1, 0
1194000, 3647, 0, 0
1194000, 1510, 1, 0
1195000, 3590, 0, 0
1195000, 1575, 1, 0
1196000, 3814, 0, 0
1196000, 1602, 1, 0
1197000, 4058, 0, 0
1197000, 1828, 1, 0
1198000, 3926, 0, 0
1198000, 1626, 1, 0
1199000, 3726, 0, 0
1199000, 1532, 1, 0
