1000, 202005, 0, 0
1000, 165515, 1, 0
2000, 166389, 1, 0
2000, 163911, 0, 0
3000, 166317, 1, 0
3000, 198932, 0, 0
4000, 162573, 1, 0
4000, 198800, 0, 0
5000, 195744, 0, 0
5000, 160808, 1, 0
6000, 198368, 0, 0
6000, 169045, 1, 0
7000, 189813, 0, 0
7000, 161929, 1, 0
8000, 142380, 0, 0
8001, 153671, 1, 0
9000, 201112, 0, 0
9000, 162098, 1, 0
10000, 114700, 0, 0
10000, 88478, 1, 0
11000, 103572, 0, 0
11000, 72944, 1, 0
12000, 114314, 0, 0
12000, 92407, 1, 0
13000, 169074, 1, 0
13000, 202768, 0, 0
14000, 159479, 1, 0
14000, 159595, 0, 0
15000, 193680, 0, 0
15000, 159791, 1, 0
16000, 158388, 1, 0
16000, 192222, 0, 0
17000, 186505, 0, 0
17000, 159112, 1, 0
18000, 200900, 0, 0
18000, 165564, 1, 0
19000, 171462, 1, 0
19000, 198384, 0, 0
20000, 194128, 1, 0
20000, 201174, 0, 0
21000, 195284, 0, 0
21000, 184615, 1, 0
22000, 200527, 0, 0
22000, 190884, 1, 0
23000, 205572, 0, 0
23000, 179184, 1, 0
24000, 122593, 1, 0
24000, 147042, 0, 0
25000, 186973, 0, 0
25000, 154567, 1, 0
26000, 83046, 1, 0
26000, 128016, 0, 0
27000, 158075, 0, 0
27000, 176660, 1, 0
28000, 179355, 0, 0
28000, 174527, 1, 0
29000, 196944, 0, 0
29000, 179673, 1, 0
30000, 204468, 0, 0
30000, 192155, 1, 0
31000, 196827, 0, 0
31000, 181066, 1, 0
32000, 198727, 0, 0
32000, 187175, 1, 0
33000, 196854, 0, 0
33000, 188971, 1, 0
34000, 207160, 0, 0
34002, 181892, 1, 0
35000, 212775, 0, 0
35000, 183523, 1, 0
36000, 144803, 1, 0
36000, 172201, 0, 0
37000, 186613, 0, 0
37000, 153781, 1, 0
38000, 197184, 0, 0
38000, 171609, 1, 0
39000, 178120, 1, 0
39000, 193837, 0, 0
40000, 196477, 0, 0
40000, 165217, 1, 0
41000, 193478, 0, 0
41000, 156727, 1, 0
42000, 198543, 0, 0
42000, 165763, 1, 0
43000, 202657, 0, 0
43000, 169066, 1, 0
44000, 196114, 0, 0
44000, 156711, 1, 0
45000, 79971, 1, 0
45000, 102544, 0, 0
46000, 96563, 0, 0
46001, 72887, 1, 0
47000, 131722, 0, 0
47001, 77768, 1, 0
48000, 200177, 0, 0
48001, 160935, 1, 0
49000, 149678, 1, 0
49000, 166120, 0, 0
50000, 158511, 1, 0
50000, 186557, 0, 0
51000, 205266, 0, 0
51000, 172031, 1, 0
52000, 192233, 0, 0
52000, 156873, 1, 0
53000, 168191, 1, 0
53000, 206406, 0, 0
54000, 186507, 0, 0
54000, 176266, 1, 0
55000, 188908, 0, 0
55000, 170396, 1, 0
56000, 116936, 1, 0
56001, 147378, 0, 0
57000, 199691, 0, 0
57000, 181193, 1, 0
58000, 126999, 1, 0
58000, 153042, 0, 0
59000, 67602, 1, 0
59000, 108080, 0, 0
60000, 195777, 0, 0
60000, 154646, 1, 0
61000, 168684, 1, 0
61000, 205151, 0, 0
62000, 201129, 0, 0
62000, 174397, 1, 0
63000, 188159, 0, 0
63001, 166446, 1, 0
64000, 80615, 0, 0
64000, 57588, 1, 0
65000, 213887, 0, 0
65000, 195053, 1, 0
66000, 203141, 0, 0
66000, 150637, 1, 0
67000, 180212, 1, 0
67000, 197634, 0, 0
68000, 196673, 0, 0
68002, 180304, 1, 0
69000, 162675, 0, 0
69001, 134002, 1, 0
70000, 208471, 0, 0
70001, 184945, 1, 0
71000, 183903, 0, 0
71000, 154278, 1, 0
72000, 79014, 0, 0
72002, 32711, 1, 0
73000, 201860, 0, 0
73000, 180328, 1, 0
74000, 204429, 0, 0
74000, 190402, 1, 0
75000, 200251, 0, 0
75000, 179890, 1, 0
76000, 193982, 0, 0
76001, 185159, 1, 0
77000, 198564, 0, 0
77001, 182197, 1, 0
78000, 167038, 0, 0
78000, 135136, 1, 0
79000, 131820, 0, 0
79000, 118227, 1, 0
80000, 168989, 1, 0
80000, 186529, 0, 0
81000, 182538, 1, 0
81000, 203463, 0, 0
82000, 182004, 1, 0
82000, 161971, 0, 0
83000, 172518, 0, 0
83001, 173817, 1, 0
84000, 175655, 1, 0
84000, 197905, 0, 0
85000, 72853, 1, 0
85000, 82444, 0, 0
86000, 166064, 1, 0
86000, 199800, 0, 0
87000, 165803, 1, 0
87000, 202822, 0, 0
88000, 167057, 1, 0
88000, 205927, 0, 0
89000, 188585, 0, 0
89000, 152424, 1, 0
90000, 206309, 0, 0
90000, 169138, 1, 0
91000, 191640, 0, 0
91000, 158809, 1, 0
92000, 193709, 0, 0
92000, 164497, 1, 0
93000, 190665, 0, 0
93001, 156326, 1, 0
94000, 191725, 0, 0
94000, 155656, 1, 0
95000, 164812, 1, 0
95000, 202647, 0, 0
96000, 196773, 0, 0
96000, 168383, 1, 0
97000, 198984, 0, 0
97000, 172145, 1, 0
98000, 206299, 0, 0
98000, 173003, 1, 0
99000, 205436, 0, 0
99000, 174988, 1, 0
100000, 200464, 0, 0
100002, 158543, 1, 0
101000, 168686, 1, 0
101000, 205596, 0, 0
102000, 168654, 1, 0
102000, 203183, 0, 0
103000, 202190, 0, 0
103001, 165357, 1, 0
104000, 166019, 1, 0
104001, 190300, 0, 0
105000, 165041, 1, 0
105000, 194149, 0, 0
106000, 209765, 0, 0
106000, 172083, 1, 0
107000, 200446, 0, 0
107000, 168464, 1, 0
108000, 184270, 0, 0
108000, 156088, 1, 0
109000, 202088, 0, 0
109001, 164346, 1, 0
110000, 167234, 1, 0
110000, 201813, 0, 0
111000, 168044, 1, 0
111000, 204508, 0, 0
112000, 204001, 0, 0
112000, 167722, 1, 0
113000, 192344, 0, 0
113002, 161546, 1, 0
114000, 170216, 1, 0
114000, 197252, 0, 0
115000, 168278, 1, 0
115000, 185456, 0, 0
116000, 119655, 0, 0
116000, 159468, 1, 0
117000, 169634, 1, 0
117000, 151759, 0, 0
118000, 196319, 0, 0
118000, 159266, 1, 0
119000, 199811, 0, 0
119000, 160075, 1, 0
120000, 143139, 1, 0
120000, 100452, 0, 0
121000, 161818, 0, 0
121000, 164957, 1, 0
122000, 163121, 1, 0
122000, 193914, 0, 0
123000, 138644, 1, 0
123000, 134243, 0, 0
124000, 107033, 0, 0
124000, 131519, 1, 0
125000, 155300, 1, 0
125000, 135833, 0, 0
126000, 130146, 0, 0
126000, 142481, 1, 0
127000, 116474, 0, 0
127001, 158687, 1, 0
128000, 132695, 0, 0
128000, 154932, 1, 0
129000, 170135, 1, 0
129000, 193253, 0, 0
130000, 145236, 0, 0
130000, 158433, 1, 0
131000, 165108, 1, 0
131000, 121209, 0, 0
132000, 148229, 1, 0
132000, 132334, 0, 0
133000, 162706, 0, 0
133000, 156584, 1, 0
134000, 203668, 0, 0
134001, 167115, 1, 0
135000, 168224, 0, 0
135000, 153939, 1, 0
136000, 189770, 0, 0
136001, 158951, 1, 0
137000, 194638, 0, 0
137000, 161591, 1, 0
138000, 128695, 0, 0
138000, 140528, 1, 0
139000, 192535, 0, 0
139000, 166234, 1, 0
140000, 203369, 0, 0
140000, 162881, 1, 0
141000, 167225, 1, 0
141000, 203991, 0, 0
142000, 201021, 0, 0
142000, 166165, 1, 0
143000, 201088, 0, 0
143000, 167496, 1, 0
144000, 196644, 0, 0
144000, 158087, 1, 0
145000, 178826, 0, 0
145003, 155054, 1, 0
146000, 139490, 1, 0
146000, 114675, 0, 0
147000, 146023, 0, 0
147000, 148107, 1, 0
148000, 195585, 0, 0
148003, 154182, 1, 0
149000, 190267, 0, 0
149002, 160069, 1, 0
150000, 205499, 0, 0
150000, 169719, 1, 0
151000, 195100, 0, 0
151001, 163698, 1, 0
152000, 179249, 0, 0
152000, 152295, 1, 0
153000, 200913, 0, 0
153000, 164169, 1, 0
154000, 189718, 0, 0
154000, 155364, 1, 0
155000, 160577, 1, 0
155000, 199901, 0, 0
156000, 146717, 0, 0
156001, 146801, 1, 0
157000, 90759, 0, 0
157000, 144092, 1, 0
158000, 146762, 0, 0
158000, 160731, 1, 0
159000, 204773, 0, 0
159000, 169252, 1, 0
160000, 159342, 1, 0
160000, 198923, 0, 0
161000, 198594, 0, 0
161000, 159072, 1, 0
162000, 196568, 0, 0
162000, 159589, 1, 0
163000, 151688, 0, 0
163000, 177490, 1, 0
164000, 202752, 0, 0
164000, 163310, 1, 0
165000, 178816, 0, 0
165000, 161022, 1, 0
166000, 168994, 1, 0
166000, 189284, 0, 0
167000, 200930, 0, 0
167000, 167062, 1, 0
168000, 195362, 0, 0
168000, 158370, 1, 0
169000, 202252, 0, 0
169000, 166384, 1, 0
170000, 193387, 0, 0
170000, 155403, 1, 0
171000, 114130, 0, 0
171002, 115022, 1, 0
172000, 162340, 1, 0
172000, 197765, 0, 0
173000, 194032, 0, 0
173000, 157869, 1, 0
174000, 145367, 0, 0
174001, 178399, 1, 0
175000, 179355, 0, 0
175001, 161799, 1, 0
176000, 158814, 1, 0
176000, 187284, 0, 0
177000, 194523, 0, 0
177000, 153054, 1, 0
178000, 198813, 0, 0
178000, 155469, 1, 0
179000, 164570, 0, 0
179000, 131052, 1, 0
180000, 158561, 1, 0
180000, 189639, 0, 0
181000, 187342, 0, 0
181000, 168578, 1, 0
182000, 201012, 0, 0
182000, 164001, 1, 0
183000, 193685, 0, 0
183000, 159991, 1, 0
184000, 176071, 0, 0
184000, 138076, 1, 0
185000, 198252, 0, 0
185000, 161322, 1, 0
186000, 163374, 1, 0
186000, 198619, 0, 0
187000, 163725, 0, 0
187001, 174516, 1, 0
188000, 169121, 0, 0
188000, 138077, 1, 0
189000, 169637, 1, 0
189000, 203084, 0, 0
190000, 148784, 0, 0
190000, 122669, 1, 0
191000, 176566, 1, 0
191000, 199629, 0, 0
192000, 142044, 1, 0
192001, 130035, 0, 0
193000, 196087, 0, 0
193000, 153510, 1, 0
194000, 198678, 0, 0
194000, 173747, 1, 0
195000, 195978, 0, 0
195000, 155977, 1, 0
196000, 195582, 0, 0
196000, 163813, 1, 0
197000, 202228, 0, 0
197000, 166389, 1, 0
198000, 197389, 0, 0
198000, 161651, 1, 0
199000, 171132, 1, 0
199000, 206655, 0, 0
200000, 182702, 0, 0
200000, 154898, 1, 0
201000, 151888, 1, 0
201000, 140645, 0, 0
202000, 199389, 0, 0
202000, 172054, 1, 0
203000, 169823, 1, 0
203000, 197954, 0, 0
204000, 197824, 0, 0
204000, 159888, 1, 0
205000, 165405, 1, 0
205000, 195759, 0, 0
206000, 201577, 0, 0
206000, 166095, 1, 0
207000, 203775, 0, 0
207000, 167222, 1, 0
208000, 170930, 0, 0
208000, 155210, 1, 0
209000, 199316, 0, 0
209000, 165383, 1, 0
210000, 200525, 0, 0
210000, 171338, 1, 0
211000, 152648, 0, 0
211000, 119049, 1, 0
212000, 156711, 1, 0
212000, 193790, 0, 0
213000, 202270, 0, 0
213000, 165712, 1, 0
214000, 189061, 0, 0
214000, 170001, 1, 0
215000, 172659, 0, 0
215000, 170553, 1, 0
216000, 174049, 0, 0
216000, 162769, 1, 0
217000, 198595, 0, 0
217002, 165037, 1, 0
218000, 201344, 0, 0
218000, 163947, 1, 0
219000, 163869, 1, 0
219000, 200865, 0, 0
220000, 137675, 1, 0
220000, 126155, 0, 0
221000, 157202, 1, 0
221000, 165726, 0, 0
222000, 202576, 0, 0
222001, 168021, 1, 0
223000, 164871, 1, 0
223000, 199910, 0, 0
224000, 157970, 1, 0
224000, 194888, 0, 0
225000, 188996, 0, 0
225000, 164411, 1, 0
226000, 197435, 0, 0
226000, 163160, 1, 0
227000, 170368, 1, 0
227000, 203885, 0, 0
228000, 201280, 0, 0
228000, 165757, 1, 0
229000, 189639, 0, 0
229000, 161334, 1, 0
230000, 167159, 1, 0
230000, 197290, 0, 0
231000, 193539, 0, 0
231000, 151856, 1, 0
232000, 200476, 0, 0
232000, 163918, 1, 0
233000, 210593, 0, 0
233001, 176023, 1, 0
234000, 201679, 0, 0
234000, 167424, 1, 0
235000, 162051, 1, 0
235000, 192373, 0, 0
236000, 162012, 1, 0
236000, 195539, 0, 0
237000, 194213, 0, 0
237000, 152045, 1, 0
238000, 196509, 0, 0
238001, 160427, 1, 0
239000, 101868, 0, 0
239000, 119331, 1, 0
240000, 114640, 0, 0
240000, 93370, 1, 0
241000, 161399, 0, 0
241000, 168239, 1, 0
242000, 170409, 1, 0
242000, 174661, 0, 0
243000, 206713, 0, 0
243000, 162935, 1, 0
244000, 197797, 0, 0
244000, 158654, 1, 0
245000, 159973, 1, 0
245000, 198573, 0, 0
246000, 202506, 0, 0
246000, 165913, 1, 0
247000, 156873, 1, 0
247000, 195593, 0, 0
248000, 180535, 0, 0
248000, 155903, 1, 0
249000, 204822, 0, 0
249000, 168353, 1, 0
250000, 193453, 0, 0
250001, 155720, 1, 0
251000, 173910, 1, 0
251000, 203860, 0, 0
252000, 196074, 0, 0
252000, 159074, 1, 0
253000, 137641, 1, 0
253000, 105702, 0, 0
254000, 183216, 0, 0
254001, 161592, 1, 0
255000, 170664, 0, 0
255000, 141244, 1, 0
256000, 142156, 0, 0
256001, 137638, 1, 0
257000, 174553, 0, 0
257000, 164897, 1, 0
258000, 205968, 0, 0
258000, 173902, 1, 0
259000, 141415, 0, 0
259000, 182184, 1, 0
260000, 159470, 0, 0
260000, 169946, 1, 0
261000, 192316, 0, 0
261000, 173626, 1, 0
262000, 201374, 0, 0
262000, 171643, 1, 0
263000, 94809, 0, 0
263002, 88478, 1, 0
264000, 65932, 0, 0
264000, 121868, 1, 0
265000, 185619, 0, 0
265001, 163477, 1, 0
266000, 193031, 0, 0
266000, 168540, 1, 0
267000, 160698, 0, 0
267001, 173196, 1, 0
268000, 155191, 1, 0
268000, 150921, 0, 0
269000, 124797, 0, 0
269001, 145134, 1, 0
270000, 196890, 0, 0
270001, 160849, 1, 0
271000, 170025, 1, 0
271000, 205733, 0, 0
272000, 156942, 1, 0
272000, 190308, 0, 0
273000, 167516, 1, 0
273000, 202916, 0, 0
274000, 183094, 0, 0
274001, 168173, 1, 0
275000, 166790, 1, 0
275000, 201600, 0, 0
276000, 197795, 0, 0
276001, 157423, 1, 0
277000, 158260, 1, 0
277000, 196962, 0, 0
278000, 189636, 0, 0
278000, 175263, 1, 0
279000, 149542, 1, 0
279000, 115765, 0, 0
280000, 191858, 0, 0
280000, 168026, 1, 0
281000, 195872, 0, 0
281001, 161931, 1, 0
282000, 203663, 0, 0
282000, 172427, 1, 0
283000, 201924, 0, 0
283001, 168009, 1, 0
284000, 163328, 0, 0
284000, 153813, 1, 0
285000, 170907, 0, 0
285000, 158124, 1, 0
286000, 198505, 0, 0
286000, 167306, 1, 0
287000, 163765, 1, 0
287000, 189848, 0, 0
288000, 196142, 0, 0
288000, 162047, 1, 0
289000, 188383, 0, 0
289000, 165954, 1, 0
290000, 201059, 0, 0
290000, 169038, 1, 0
291000, 202297, 0, 0
291000, 159760, 1, 0
292000, 199149, 0, 0
292002, 159783, 1, 0
293000, 200287, 0, 0
293000, 164234, 1, 0
294000, 194217, 0, 0
294002, 159634, 1, 0
295000, 154259, 1, 0
295000, 192911, 0, 0
296000, 193346, 0, 0
296000, 149760, 1, 0
297000, 198770, 0, 0
297000, 161764, 1, 0
298000, 160257, 0, 0
298000, 180724, 1, 0
299000, 193558, 0, 0
299000, 158170, 1, 0
300000, 167353, 1, 0
300000, 195287, 0, 0
301000, 182490, 0, 0
301001, 158543, 1, 0
302000, 199624, 0, 0
302000, 162033, 1, 0
303000, 198762, 0, 0
303000, 165911, 1, 0
304000, 201217, 0, 0
304001, 156821, 1, 0
305000, 155949, 1, 0
305000, 193770, 0, 0
306000, 160335, 0, 0
306000, 160750, 1, 0
307000, 192346, 0, 0
307002, 168254, 1, 0
308000, 132443, 0, 0
308000, 148030, 1, 0
309000, 197086, 0, 0
309000, 157043, 1, 0
310000, 103234, 1, 0
310000, 80739, 0, 0
311000, 115739, 0, 0
311000, 137373, 1, 0
312000, 105417, 0, 0
312000, 102769, 1, 0
313000, 57673, 0, 0
313000, 111857, 1, 0
314000, 181129, 0, 0
314002, 156259, 1, 0
315000, 201098, 0, 0
315000, 163804, 1, 0
316000, 200792, 0, 0
316003, 159892, 1, 0
317000, 200339, 0, 0
317000, 160483, 1, 0
318000, 164879, 1, 0
318000, 196030, 0, 0
319000, 207796, 0, 0
319002, 165242, 1, 0
320000, 201241, 0, 0
320001, 163848, 1, 0
321000, 208002, 0, 0
321000, 168966, 1, 0
322000, 189201, 0, 0
322001, 158482, 1, 0
323000, 170148, 0, 0
323000, 164304, 1, 0
324000, 197277, 0, 0
324000, 161900, 1, 0
325000, 182173, 1, 0
325000, 148050, 0, 0
326000, 61366, 0, 0
326000, 81744, 1, 0
327000, 199759, 0, 0
327000, 166049, 1, 0
328000, 162724, 1, 0
328000, 194219, 0, 0
329000, 197966, 0, 0
329001, 167187, 1, 0
330000, 203733, 0, 0
330000, 169694, 1, 0
331000, 171338, 1, 0
331000, 199704, 0, 0
332000, 179499, 0, 0
332000, 155868, 1, 0
333000, 89171, 1, 0
333000, 50196, 0, 0
334000, 71719, 0, 0
334000, 111807, 1, 0
335000, 139340, 0, 0
335000, 135667, 1, 0
336000, 82945, 0, 0
336000, 111134, 1, 0
337000, 172996, 0, 0
337000, 160551, 1, 0
338000, 150200, 1, 0
338000, 141735, 0, 0
339000, 129807, 0, 0
339000, 158021, 1, 0
340000, 197867, 0, 0
340001, 159229, 1, 0
341000, 200006, 0, 0
341000, 162329, 1, 0
342000, 167670, 1, 0
342000, 160901, 0, 0
343000, 152834, 0, 0
343000, 181967, 1, 0
344000, 196735, 0, 0
344000, 164606, 1, 0
345000, 197668, 0, 0
345000, 166350, 1, 0
346000, 168564, 1, 0
346000, 202469, 0, 0
347000, 194510, 0, 0
347000, 166014, 1, 0
348000, 188264, 0, 0
348000, 159589, 1, 0
349000, 191835, 0, 0
349000, 160148, 1, 0
350000, 69608, 0, 0
350000, 74161, 1, 0
351000, 170133, 1, 0
351000, 204452, 0, 0
352000, 174699, 1, 0
352000, 193331, 0, 0
353000, 129834, 0, 0
353000, 129606, 1, 0
354000, 102049, 1, 0
354000, 71302, 0, 0
355000, 153033, 1, 0
355000, 113569, 0, 0
356000, 196651, 0, 0
356000, 173230, 1, 0
357000, 194179, 0, 0
357001, 167175, 1, 0
358000, 170984, 0, 0
358000, 166456, 1, 0
359000, 187723, 0, 0
359000, 165509, 1, 0
360000, 160560, 1, 0
360000, 196097, 0, 0
361000, 189248, 0, 0
361000, 164478, 1, 0
362000, 165826, 1, 0
362000, 191910, 0, 0
363000, 202696, 0, 0
363001, 167200, 1, 0
364000, 179275, 0, 0
364000, 150372, 1, 0
365000, 194035, 0, 0
365000, 155407, 1, 0
366000, 205799, 0, 0
366000, 166771, 1, 0
367000, 151761, 0, 0
367000, 164167, 1, 0
368000, 130754, 0, 0
368000, 147197, 1, 0
369000, 142736, 0, 0
369000, 181530, 1, 0
370000, 124381, 0, 0
370000, 170224, 1, 0
371000, 176796, 1, 0
371000, 136914, 0, 0
372000, 142233, 1, 0
372000, 89910, 0, 0
373000, 160283, 1, 0
373000, 192339, 0, 0
374000, 203639, 0, 0
374000, 165179, 1, 0
375000, 121285, 0, 0
375000, 142598, 1, 0
376000, 154129, 1, 0
376000, 108220, 0, 0
377000, 140091, 0, 0
377000, 151242, 1, 0
378000, 144111, 0, 0
378000, 136782, 1, 0
379000, 177588, 0, 0
379000, 159612, 1, 0
380000, 112942, 0, 0
380000, 144505, 1, 0
381000, 192102, 0, 0
381001, 172781, 1, 0
382000, 164085, 0, 0
382000, 175784, 1, 0
383000, 188002, 0, 0
383000, 155510, 1, 0
384000, 188296, 0, 0
384000, 144904, 1, 0
385000, 153783, 0, 0
385000, 123025, 1, 0
386000, 96084, 0, 0
386000, 136279, 1, 0
387000, 194766, 0, 0
387000, 171926, 1, 0
388000, 161898, 1, 0
388000, 201082, 0, 0
389000, 197492, 0, 0
389000, 163585, 1, 0
390000, 169497, 0, 0
390000, 163029, 1, 0
391000, 181114, 0, 0
391001, 172190, 1, 0
392000, 156598, 1, 0
392000, 179258, 0, 0
393000, 202268, 0, 0
393001, 164262, 1, 0
394000, 170964, 0, 0
394000, 131985, 1, 0
395000, 174696, 0, 0
395000, 169609, 1, 0
396000, 165349, 0, 0
396001, 153747, 1, 0
397000, 131252, 1, 0
397000, 161648, 0, 0
398000, 160037, 0, 0
398000, 125613, 1, 0
399000, 199349, 0, 0
399000, 165821, 1, 0
400000, 56249, 1, 0
400000, 52037, 0, 0
401000, 118297, 0, 0
401000, 115968, 1, 0
402000, 192305, 0, 0
402000, 174134, 1, 0
403000, 122825, 0, 0
403000, 159545, 1, 0
404000, 154051, 0, 0
404000, 117271, 1, 0
405000, 96220, 1, 0
405000, 131712, 0, 0
406000, 132625, 0, 0
406000, 108510, 1, 0
407000, 204373, 0, 0
407000, 166851, 1, 0
408000, 142965, 1, 0
408000, 118814, 0, 0
409000, 196399, 0, 0
409001, 160942, 1, 0
410000, 85647, 1, 0
410000, 114451, 0, 0
411000, 108126, 1, 0
411000, 81833, 0, 0
412000, 194665, 0, 0
412000, 154338, 1, 0
413000, 201247, 0, 0
413000, 164930, 1, 0
414000, 201774, 0, 0
414000, 165818, 1, 0
415000, 199453, 0, 0
415000, 165028, 1, 0
416000, 199886, 0, 0
416000, 164798, 1, 0
417000, 199315, 0, 0
417000, 161154, 1, 0
418000, 204343, 0, 0
418000, 168232, 1, 0
419000, 155573, 0, 0
419001, 171653, 1, 0
420000, 107269, 0, 0
420000, 114980, 1, 0
421000, 167802, 1, 0
421000, 201592, 0, 0
422000, 201888, 0, 0
422000, 166990, 1, 0
423000, 195322, 0, 0
423000, 158245, 1, 0
424000, 195708, 0, 0
424000, 164825, 1, 0
425000, 171355, 1, 0
425000, 188266, 0, 0
426000, 201032, 0, 0
426000, 168162, 1, 0
427000, 197584, 0, 0
427001, 162843, 1, 0
428000, 131227, 0, 0
428000, 143874, 1, 0
429000, 197058, 0, 0
429000, 167276, 1, 0
430000, 159120, 1, 0
430000, 184775, 0, 0
431000, 178569, 1, 0
431000, 136092, 0, 0
432000, 174894, 0, 0
432000, 164627, 1, 0
433000, 179579, 0, 0
433000, 148748, 1, 0
434000, 155496, 1, 0
434000, 170314, 0, 0
435000, 172725, 1, 0
435000, 205552, 0, 0
436000, 176084, 0, 0
436000, 151272, 1, 0
437000, 74827, 0, 0
437001, 94501, 1, 0
438000, 148571, 0, 0
438000, 166225, 1, 0
439000, 164151, 1, 0
439000, 191283, 0, 0
440000, 128940, 0, 0
440000, 150089, 1, 0
441000, 165371, 1, 0
441000, 134384, 0, 0
442000, 150315, 1, 0
442000, 147925, 0, 0
443000, 139011, 1, 0
443000, 138923, 0, 0
444000, 72743, 0, 0
444000, 125152, 1, 0
445000, 170304, 0, 0
445000, 149358, 1, 0
446000, 159733, 0, 0
446000, 153743, 1, 0
447000, 201816, 0, 0
447000, 163763, 1, 0
448000, 161326, 1, 0
448000, 198032, 0, 0
449000, 159718, 0, 0
449001, 173104, 1, 0
450000, 119716, 0, 0
450000, 124743, 1, 0
451000, 157969, 1, 0
451000, 143058, 0, 0
452000, 157100, 0, 0
452000, 165417, 1, 0
453000, 104183, 0, 0
453000, 127052, 1, 0
454000, 111676, 0, 0
454000, 135966, 1, 0
455000, 193038, 0, 0
455000, 159938, 1, 0
456000, 115596, 1, 0
456000, 137085, 0, 0
457000, 97636, 0, 0
457000, 101441, 1, 0
458000, 165758, 1, 0
458000, 203167, 0, 0
459000, 195896, 0, 0
459000, 159737, 1, 0
460000, 196778, 0, 0
460001, 163358, 1, 0
461000, 193079, 0, 0
461000, 160119, 1, 0
462000, 173002, 1, 0
462000, 205249, 0, 0
463000, 202855, 0, 0
463002, 164281, 1, 0
464000, 131363, 0, 0
464000, 144810, 1, 0
465000, 61100, 0, 0
465000, 114677, 1, 0
466000, 122351, 0, 0
466000, 166410, 1, 0
467000, 176404, 1, 0
467000, 152832, 0, 0
468000, 163611, 1, 0
468000, 161421, 0, 0
469000, 171789, 0, 0
469001, 160006, 1, 0
470000, 158315, 1, 0
470000, 172348, 0, 0
471000, 145415, 1, 0
471000, 125302, 0, 0
472000, 80237, 0, 0
472000, 113755, 1, 0
473000, 193954, 0, 0
473000, 157507, 1, 0
474000, 164994, 1, 0
474000, 201278, 0, 0
475000, 158916, 1, 0
475000, 188250, 0, 0
476000, 142716, 1, 0
476000, 100981, 0, 0
477000, 156973, 0, 0
477000, 151085, 1, 0
478000, 157561, 1, 0
478000, 171027, 0, 0
479000, 156043, 0, 0
479000, 153193, 1, 0
480000, 202097, 0, 0
480000, 166565, 1, 0
481000, 146956, 0, 0
481001, 142892, 1, 0
482000, 87605, 0, 0
482000, 136454, 1, 0
483000, 91541, 0, 0
483000, 119277, 1, 0
484000, 62071, 0, 0
484000, 49280, 1, 0
485000, 67871, 0, 0
485000, 56548, 1, 0
486000, 75452, 1, 0
486000, 91961, 0, 0
487000, 121549, 0, 0
487000, 102741, 1, 0
488000, 60382, 0, 0
488000, 81264, 1, 0
489000, 97932, 1, 0
489000, 79300, 0, 0
490000, 122848, 1, 0
490000, 102231, 0, 0
491000, 138109, 0, 0
491000, 137865, 1, 0
492000, 190412, 0, 0
492001, 155190, 1, 0
493000, 167321, 1, 0
493000, 188204, 0, 0
494000, 123500, 0, 0
494001, 105856, 1, 0
495000, 189597, 0, 0
495000, 174367, 1, 0
496000, 162954, 0, 0
496000, 170933, 1, 0
497000, 99637, 0, 0
497000, 88192, 1, 0
498000, 162243, 0, 0
498000, 157037, 1, 0
499000, 199207, 0, 0
499000, 160112, 1, 0
500000, 166821, 0, 0
500001, 133071, 1, 0
501000, 135073, 1, 0
501000, 128834, 0, 0
502000, 161983, 0, 0
502000, 162269, 1, 0
503000, 161275, 0, 0
503002, 153868, 1, 0
504000, 188223, 0, 0
504000, 162639, 1, 0
505000, 114479, 0, 0
505000, 86384, 1, 0
506000, 168860, 1, 0
506000, 183664, 0, 0
507000, 52970, 0, 0
507000, 67107, 1, 0
508000, 106390, 1, 0
508000, 59426, 0, 0
509000, 92037, 0, 0
509000, 115148, 1, 0
510000, 95327, 0, 0
510000, 102332, 1, 0
511000, 58740, 0, 0
511000, 100116, 1, 0
512000, 122356, 1, 0
512000, 145226, 0, 0
513000, 102135, 0, 0
513000, 89916, 1, 0
514000, 127713, 0, 0
514000, 138422, 1, 0
515000, 199623, 0, 0
515001, 160247, 1, 0
516000, 166827, 0, 0
516000, 165060, 1, 0
517000, 118815, 0, 0
517000, 143896, 1, 0
518000, 172576, 0, 0
518000, 170627, 1, 0
519000, 184332, 0, 0
519001, 166227, 1, 0
520000, 195098, 0, 0
520002, 160822, 1, 0
521000, 161264, 1, 0
521000, 204890, 0, 0
522000, 141649, 0, 0
522000, 139080, 1, 0
523000, 69063, 1, 0
523000, 96203, 0, 0
524000, 72227, 0, 0
524000, 93859, 1, 0
525000, 112399, 1, 0
525000, 143010, 0, 0
526000, 82659, 0, 0
526001, 86144, 1, 0
527000, 199190, 0, 0
527000, 163077, 1, 0
528000, 208486, 0, 0
528000, 171117, 1, 0
529000, 144712, 0, 0
529000, 126618, 1, 0
530000, 199344, 0, 0
530001, 163417, 1, 0
531000, 174115, 0, 0
531000, 153592, 1, 0
532000, 133489, 1, 0
532000, 156389, 0, 0
533000, 188205, 0, 0
533000, 153914, 1, 0
534000, 200663, 0, 0
534000, 167130, 1, 0
535000, 202291, 0, 0
535000, 164640, 1, 0
536000, 127527, 0, 0
536002, 99936, 1, 0
537000, 162995, 0, 0
537001, 177597, 1, 0
538000, 169292, 0, 0
538000, 140875, 1, 0
539000, 75472, 1, 0
539000, 95813, 0, 0
540000, 103025, 0, 0
540001, 149734, 1, 0
541000, 136261, 0, 0
541000, 149913, 1, 0
542000, 128506, 1, 0
542000, 105496, 0, 0
543000, 60579, 0, 0
543001, 97071, 1, 0
544000, 201360, 0, 0
544001, 164586, 1, 0
545000, 209503, 0, 0
545000, 173805, 1, 0
546000, 140007, 1, 0
546000, 115522, 0, 0
547000, 143664, 1, 0
547000, 92306, 0, 0
548000, 93564, 1, 0
548000, 84613, 0, 0
549000, 110645, 0, 0
549000, 130215, 1, 0
550000, 136677, 1, 0
550001, 105092, 0, 0
551000, 194828, 0, 0
551001, 169414, 1, 0
552000, 193549, 0, 0
552002, 160251, 1, 0
553000, 198483, 0, 0
553000, 166546, 1, 0
554000, 201963, 0, 0
554000, 165263, 1, 0
555000, 164360, 1, 0
555000, 188887, 0, 0
556000, 47034, 0, 0
556000, 91557, 1, 0
557000, 188625, 0, 0
557000, 156990, 1, 0
558000, 166789, 1, 0
558000, 185885, 0, 0
559000, 197995, 0, 0
559000, 174979, 1, 0
560000, 191090, 0, 0
560000, 163190, 1, 0
561000, 198551, 0, 0
561000, 161706, 1, 0
562000, 155234, 0, 0
562000, 171337, 1, 0
563000, 151564, 0, 0
563000, 161430, 1, 0
564000, 101238, 0, 0
564000, 107067, 1, 0
565000, 89846, 0, 0
565000, 119372, 1, 0
566000, 136055, 0, 0
566001, 154897, 1, 0
567000, 203752, 0, 0
567000, 172922, 1, 0
568000, 163180, 0, 0
568000, 122416, 1, 0
569000, 171908, 0, 0
569000, 163343, 1, 0
570000, 175963, 0, 0
570000, 171046, 1, 0
571000, 171387, 0, 0
571000, 163847, 1, 0
572000, 136407, 0, 0
572000, 111464, 1, 0
573000, 113995, 0, 0
573000, 110833, 1, 0
574000, 102309, 0, 0
574002, 72267, 1, 0
575000, 171239, 1, 0
575000, 185594, 0, 0
576000, 113084, 0, 0
576000, 103185, 1, 0
577000, 88735, 1, 0
577000, 49493, 0, 0
578000, 77473, 0, 0
578000, 128612, 1, 0
579000, 97381, 0, 0
579000, 145953, 1, 0
580000, 108015, 0, 0
580000, 149009, 1, 0
581000, 69546, 0, 0
581000, 115121, 1, 0
582000, 49815, 0, 0
582000, 103485, 1, 0
583000, 192324, 0, 0
583000, 162161, 1, 0
584000, 137077, 0, 0
584000, 155383, 1, 0
585000, 85598, 0, 0
585000, 121035, 1, 0
586000, 66028, 0, 0
586000, 110466, 1, 0
587000, 119938, 0, 0
587000, 140296, 1, 0
588000, 200289, 0, 0
588000, 162836, 1, 0
589000, 120174, 0, 0
589000, 87482, 1, 0
590000, 125870, 1, 0
590000, 158946, 0, 0
591000, 206190, 0, 0
591000, 171445, 1, 0
592000, 147422, 0, 0
592000, 156967, 1, 0
593000, 108487, 0, 0
593000, 152087, 1, 0
594000, 183256, 0, 0
594000, 172252, 1, 0
595000, 99093, 1, 0
595000, 87232, 0, 0
596000, 42279, 0, 0
596000, 102294, 1, 0
597000, 76517, 0, 0
597000, 97795, 1, 0
598000, 204745, 0, 0
598000, 166263, 1, 0
599000, 120418, 1, 0
599000, 73658, 0, 0
600000, 139553, 0, 0
600001, 159107, 1, 0
601000, 199141, 0, 0
601000, 161564, 1, 0
602000, 158338, 1, 0
602000, 175211, 0, 0
603000, 125962, 0, 0
603000, 150598, 1, 0
604000, 197232, 0, 0
604000, 163951, 1, 0
605000, 138252, 0, 0
605000, 147500, 1, 0
606000, 114103, 1, 0
606000, 75702, 0, 0
607000, 95888, 0, 0
607000, 121161, 1, 0
608000, 107194, 1, 0
608000, 118783, 0, 0
609000, 65573, 1, 0
609000, 78271, 0, 0
610000, 72620, 0, 0
610000, 119100, 1, 0
611000, 94831, 0, 0
611000, 114186, 1, 0
612000, 108720, 1, 0
612000, 49837, 0, 0
613000, 67192, 0, 0
613000, 44519, 1, 0
614000, 64137, 0, 0
614000, 77299, 1, 0
615000, 119525, 0, 0
615000, 97183, 1, 0
616000, 139418, 0, 0
616000, 158226, 1, 0
617000, 149607, 1, 0
617000, 133691, 0, 0
618000, 85462, 0, 0
618000, 75406, 1, 0
619000, 184088, 0, 0
619000, 155543, 1, 0
620000, 198398, 0, 0
620000, 157499, 1, 0
621000, 162684, 1, 0
621000, 170808, 0, 0
622000, 105236, 0, 0
622000, 135214, 1, 0
623000, 203723, 0, 0
623000, 165250, 1, 0
624000, 167386, 1, 0
624000, 198160, 0, 0
625000, 158452, 1, 0
625000, 183746, 0, 0
626000, 155045, 1, 0
626000, 192448, 0, 0
627000, 145182, 0, 0
627000, 171373, 1, 0
628000, 155154, 1, 0
628000, 189478, 0, 0
629000, 156664, 0, 0
629000, 150342, 1, 0
630000, 172649, 0, 0
630000, 162471, 1, 0
631000, 142106, 0, 0
631001, 160378, 1, 0
632000, 184776, 0, 0
632000, 153631, 1, 0
633000, 183242, 0, 0
633000, 148123, 1, 0
634000, 196534, 0, 0
634000, 156515, 1, 0
635000, 205003, 0, 0
635001, 163593, 1, 0
636000, 203169, 0, 0
636000, 164974, 1, 0
637000, 102708, 1, 0
637000, 132911, 0, 0
638000, 195738, 0, 0
638000, 173548, 1, 0
639000, 198122, 0, 0
639000, 168279, 1, 0
640000, 170513, 0, 0
640000, 156032, 1, 0
641000, 182020, 0, 0
641001, 155814, 1, 0
642000, 194128, 0, 0
642000, 171236, 1, 0
643000, 198092, 0, 0
643001, 168030, 1, 0
644000, 162493, 1, 0
644000, 198122, 0, 0
645000, 191465, 0, 0
645000, 164128, 1, 0
646000, 205578, 0, 0
646001, 171190, 1, 0
647000, 150812, 1, 0
647000, 163232, 0, 0
648000, 196760, 0, 0
648000, 162174, 1, 0
649000, 159442, 1, 0
649000, 194967, 0, 0
650000, 151628, 1, 0
650000, 166766, 0, 0
651000, 138752, 0, 0
651000, 162317, 1, 0
652000, 195615, 0, 0
652000, 162466, 1, 0
653000, 207177, 0, 0
653000, 168176, 1, 0
654000, 201038, 0, 0
654001, 162256, 1, 0
655000, 194210, 0, 0
655000, 169250, 1, 0
656000, 198416, 0, 0
656000, 155122, 1, 0
657000, 161964, 1, 0
657000, 197551, 0, 0
658000, 166976, 1, 0
658000, 194453, 0, 0
659000, 165976, 1, 0
659000, 205382, 0, 0
660000, 199943, 0, 0
660000, 157506, 1, 0
661000, 197548, 0, 0
661000, 157515, 1, 0
662000, 199416, 0, 0
662001, 164720, 1, 0
663000, 202127, 0, 0
663000, 165629, 1, 0
664000, 123848, 0, 0
664000, 112453, 1, 0
665000, 101026, 0, 0
665002, 76551, 1, 0
666000, 169600, 0, 0
666000, 140876, 1, 0
667000, 155154, 0, 0
667000, 116610, 1, 0
668000, 199135, 0, 0
668000, 160927, 1, 0
669000, 189855, 0, 0
669000, 163846, 1, 0
670000, 80795, 1, 0
670000, 104693, 0, 0
671000, 169020, 0, 0
671000, 146087, 1, 0
672000, 98501, 0, 0
672000, 90500, 1, 0
673000, 189069, 0, 0
673001, 162263, 1, 0
674000, 135794, 1, 0
674000, 169691, 0, 0
675000, 159426, 0, 0
675000, 144803, 1, 0
676000, 152697, 1, 0
676000, 185984, 0, 0
677000, 198507, 0, 0
677001, 160820, 1, 0
678000, 195035, 0, 0
678001, 159834, 1, 0
679000, 194962, 0, 0
679000, 160464, 1, 0
680000, 188595, 0, 0
680001, 156169, 1, 0
681000, 132174, 0, 0
681000, 99871, 1, 0
682000, 128045, 0, 0
682000, 101108, 1, 0
683000, 194916, 0, 0
683000, 161051, 1, 0
684000, 193245, 0, 0
684000, 159936, 1, 0
685000, 197513, 0, 0
685001, 162298, 1, 0
686000, 207116, 0, 0
686000, 173483, 1, 0
687000, 203031, 0, 0
687000, 170871, 1, 0
688000, 116672, 0, 0
688000, 90217, 1, 0
689000, 129067, 0, 0
689001, 96015, 1, 0
690000, 170279, 0, 0
690000, 121041, 1, 0
691000, 179083, 0, 0
691000, 147170, 1, 0
692000, 175112, 0, 0
692000, 139406, 1, 0
693000, 135833, 0, 0
693000, 104321, 1, 0
694000, 107940, 1, 0
694000, 135390, 0, 0
695000, 164650, 1, 0
695000, 201716, 0, 0
696000, 176032, 0, 0
696000, 141391, 1, 0
697000, 140644, 1, 0
697000, 173761, 0, 0
698000, 202379, 0, 0
698001, 165375, 1, 0
699000, 197457, 0, 0
699000, 170670, 1, 0
700000, 120109, 0, 0
700000, 93379, 1, 0
701000, 198490, 0, 0
701000, 169121, 1, 0
702000, 145145, 1, 0
702000, 180289, 0, 0
703000, 130800, 1, 0
703000, 171834, 0, 0
704000, 137728, 1, 0
704000, 167739, 0, 0
705000, 165618, 1, 0
705000, 198800, 0, 0
706000, 161882, 1, 0
706000, 195386, 0, 0
707000, 170796, 0, 0
707000, 141896, 1, 0
708000, 196447, 0, 0
708000, 158167, 1, 0
709000, 194331, 0, 0
709000, 164528, 1, 0
710000, 202134, 0, 0
710001, 164384, 1, 0
711000, 163201, 1, 0
711000, 197049, 0, 0
712000, 187800, 0, 0
712001, 156292, 1, 0
713000, 196988, 0, 0
713000, 157916, 1, 0
714000, 199013, 0, 0
714002, 165611, 1, 0
715000, 191978, 0, 0
715000, 162429, 1, 0
716000, 199088, 0, 0
716000, 165357, 1, 0
717000, 159985, 1, 0
717000, 193603, 0, 0
718000, 204996, 0, 0
718001, 172143, 1, 0
719000, 203818, 0, 0
719002, 167793, 1, 0
720000, 89631, 1, 0
720000, 120064, 0, 0
721000, 191198, 0, 0
721000, 153021, 1, 0
722000, 167639, 1, 0
722000, 202513, 0, 0
723000, 145525, 1, 0
723000, 147868, 0, 0
724000, 198823, 0, 0
724000, 160668, 1, 0
725000, 168353, 0, 0
725000, 140601, 1, 0
726000, 161119, 1, 0
726000, 199087, 0, 0
727000, 136015, 0, 0
727000, 93346, 1, 0
728000, 171895, 0, 0
728000, 126917, 1, 0
729000, 196078, 0, 0
729001, 162378, 1, 0
730000, 159497, 1, 0
730000, 197327, 0, 0
731000, 203645, 0, 0
731000, 164729, 1, 0
732000, 161236, 1, 0
732000, 201846, 0, 0
733000, 178402, 0, 0
733000, 145159, 1, 0
734000, 165761, 1, 0
734001, 206678, 0, 0
735000, 205177, 0, 0
735001, 163843, 1, 0
736000, 199021, 0, 0
736000, 160353, 1, 0
737000, 199010, 0, 0
737000, 163901, 1, 0
738000, 176368, 0, 0
738000, 137361, 1, 0
739000, 181253, 0, 0
739000, 161872, 1, 0
740000, 170910, 0, 0
740000, 130577, 1, 0
741000, 199399, 0, 0
741000, 168706, 1, 0
742000, 194223, 0, 0
742000, 158956, 1, 0
743000, 195786, 0, 0
743000, 156817, 1, 0
744000, 148035, 1, 0
744000, 148969, 0, 0
745000, 148090, 0, 0
745001, 118233, 1, 0
746000, 201846, 0, 0
746000, 162695, 1, 0
747000, 187652, 0, 0
747000, 161104, 1, 0
748000, 188542, 0, 0
748001, 150829, 1, 0
749000, 156500, 0, 0
749000, 140730, 1, 0
750000, 205239, 0, 0
750000, 165858, 1, 0
751000, 149312, 1, 0
751000, 188068, 0, 0
752000, 145518, 1, 0
752000, 162771, 0, 0
753000, 198969, 0, 0
753000, 162758, 1, 0
754000, 183907, 0, 0
754000, 159842, 1, 0
755000, 182377, 0, 0
755000, 152743, 1, 0
756000, 164841, 1, 0
756000, 194736, 0, 0
757000, 194347, 0, 0
757000, 166232, 1, 0
758000, 206558, 0, 0
758000, 168572, 1, 0
759000, 168885, 1, 0
759000, 207801, 0, 0
760000, 129160, 1, 0
760000, 130934, 0, 0
761000, 101786, 0, 0
761000, 110521, 1, 0
762000, 104370, 0, 0
762000, 75097, 1, 0
763000, 159458, 0, 0
763000, 116416, 1, 0
764000, 157181, 1, 0
764000, 174396, 0, 0
765000, 116404, 1, 0
765000, 137228, 0, 0
766000, 196197, 0, 0
766000, 165307, 1, 0
767000, 92458, 0, 0
767000, 68966, 1, 0
768000, 113488, 0, 0
768000, 84778, 1, 0
769000, 98389, 0, 0
769001, 72080, 1, 0
770000, 154944, 0, 0
770000, 117109, 1, 0
771000, 189651, 0, 0
771000, 155115, 1, 0
772000, 155619, 1, 0
772000, 193021, 0, 0
773000, 159511, 1, 0
773000, 193878, 0, 0
774000, 192718, 0, 0
774000, 165412, 1, 0
775000, 155220, 1, 0
775000, 197698, 0, 0
776000, 182124, 0, 0
776000, 146144, 1, 0
777000, 142764, 0, 0
777000, 129930, 1, 0
778000, 149408, 1, 0
778000, 194123, 0, 0
779000, 167078, 0, 0
779000, 129128, 1, 0
780000, 194256, 0, 0
780001, 153971, 1, 0
781000, 167681, 1, 0
781000, 204881, 0, 0
782000, 201981, 0, 0
782000, 161150, 1, 0
783000, 194777, 0, 0
783000, 160860, 1, 0
784000, 155394, 1, 0
784000, 179798, 0, 0
785000, 165381, 0, 0
785000, 138976, 1, 0
786000, 172253, 0, 0
786000, 135990, 1, 0
787000, 191637, 0, 0
787001, 156825, 1, 0
788000, 152131, 0, 0
788001, 119897, 1, 0
789000, 199835, 0, 0
789000, 162841, 1, 0
790000, 111313, 0, 0
790000, 79580, 1, 0
791000, 194751, 0, 0
791001, 157969, 1, 0
792000, 200281, 0, 0
792001, 162083, 1, 0
793000, 162791, 1, 0
793000, 200998, 0, 0
794000, 182888, 0, 0
794000, 148693, 1, 0
795000, 110992, 1, 0
795000, 80938, 0, 0
796000, 152259, 0, 0
796000, 117441, 1, 0
797000, 125016, 1, 0
797000, 159061, 0, 0
798000, 206268, 0, 0
798000, 169926, 1, 0
799000, 116053, 0, 0
799000, 86078, 1, 0
800000, 184506, 0, 0
800002, 139404, 1, 0
801000, 140095, 1, 0
801000, 160245, 0, 0
802000, 83776, 0, 0
802000, 47709, 1, 0
803000, 95662, 0, 0
803001, 66903, 1, 0
804000, 98302, 0, 0
804000, 68338, 1, 0
805000, 83577, 1, 0
805000, 115708, 0, 0
806000, 169372, 0, 0
806000, 135442, 1, 0
807000, 82878, 1, 0
807000, 112199, 0, 0
808000, 161630, 1, 0
808000, 198997, 0, 0
809000, 96356, 0, 0
809000, 63295, 1, 0
810000, 90851, 0, 0
810000, 51718, 1, 0
811000, 132659, 1, 0
811000, 167973, 0, 0
812000, 160476, 1, 0
812000, 198495, 0, 0
813000, 158379, 1, 0
813000, 196310, 0, 0
814000, 170958, 1, 0
814000, 204049, 0, 0
815000, 193048, 0, 0
815001, 160609, 1, 0
816000, 158368, 1, 0
816000, 203077, 0, 0
817000, 151384, 1, 0
817000, 193120, 0, 0
818000, 200065, 0, 0
818001, 148916, 1, 0
819000, 185152, 0, 0
819001, 161020, 1, 0
820000, 161264, 1, 0
820000, 187022, 0, 0
821000, 202084, 0, 0
821001, 164845, 1, 0
822000, 209318, 0, 0
822001, 171560, 1, 0
823000, 104715, 1, 0
823000, 134482, 0, 0
824000, 132835, 1, 0
824000, 172582, 0, 0
825000, 140779, 0, 0
825000, 135756, 1, 0
826000, 179206, 0, 0
826000, 148133, 1, 0
827000, 185972, 0, 0
827002, 155538, 1, 0
828000, 188898, 0, 0
828000, 155847, 1, 0
829000, 191254, 0, 0
829000, 157512, 1, 0
830000, 117964, 0, 0
830000, 133882, 1, 0
831000, 201090, 0, 0
831001, 164125, 1, 0
832000, 167178, 1, 0
832000, 200285, 0, 0
833000, 199001, 0, 0
833000, 161094, 1, 0
834000, 195566, 0, 0
834000, 155742, 1, 0
835000, 133603, 0, 0
835000, 98484, 1, 0
836000, 108829, 1, 0
836000, 134480, 0, 0
837000, 207673, 0, 0
837000, 170665, 1, 0
838000, 185899, 0, 0
838001, 155564, 1, 0
839000, 150537, 1, 0
839000, 159535, 0, 0
840000, 140838, 1, 0
840000, 174690, 0, 0
841000, 193302, 0, 0
841001, 153055, 1, 0
842000, 208085, 0, 0
842000, 172133, 1, 0
843000, 196088, 0, 0
843001, 154641, 1, 0
844000, 141925, 0, 0
844000, 123711, 1, 0
845000, 195164, 0, 0
845000, 152254, 1, 0
846000, 202248, 0, 0
846000, 164112, 1, 0
847000, 206358, 0, 0
847003, 171017, 1, 0
848000, 174506, 0, 0
848000, 131026, 1, 0
849000, 133104, 0, 0
849000, 95615, 1, 0
850000, 140909, 0, 0
850000, 120802, 1, 0
851000, 188110, 0, 0
851000, 150785, 1, 0
852000, 102191, 0, 0
852000, 103520, 1, 0
853000, 202251, 0, 0
853001, 166140, 1, 0
854000, 206448, 0, 0
854001, 170384, 1, 0
855000, 193564, 0, 0
855000, 143768, 1, 0
856000, 167848, 0, 0
856000, 118762, 1, 0
857000, 129384, 1, 0
857000, 169477, 0, 0
858000, 203315, 0, 0
858000, 165402, 1, 0
859000, 189956, 0, 0
859000, 153339, 1, 0
860000, 200593, 0, 0
860000, 162492, 1, 0
861000, 100113, 0, 0
861000, 67992, 1, 0
862000, 179788, 0, 0
862000, 141729, 1, 0
863000, 110703, 1, 0
863000, 91898, 0, 0
864000, 190668, 0, 0
864000, 153368, 1, 0
865000, 189012, 0, 0
865000, 155674, 1, 0
866000, 209079, 0, 0
866000, 170341, 1, 0
867000, 218390, 0, 0
867000, 148947, 1, 0
868000, 199822, 0, 0
868001, 161902, 1, 0
869000, 201612, 0, 0
869001, 164624, 1, 0
870000, 201116, 0, 0
870000, 163199, 1, 0
871000, 197596, 0, 0
871000, 159398, 1, 0
872000, 204658, 0, 0
872000, 165886, 1, 0
873000, 199152, 0, 0
873000, 162708, 1, 0
874000, 175000, 0, 0
874000, 140498, 1, 0
875000, 167549, 1, 0
875000, 194350, 0, 0
876000, 195100, 0, 0
876000, 155490, 1, 0
877000, 153852, 1, 0
877000, 164485, 0, 0
878000, 200831, 0, 0
878000, 163673, 1, 0
879000, 163894, 1, 0
879000, 195616, 0, 0
880000, 182770, 0, 0
880001, 151653, 1, 0
881000, 163386, 1, 0
881000, 201744, 0, 0
882000, 191621, 0, 0
882000, 162574, 1, 0
883000, 156613, 1, 0
883000, 179470, 0, 0
884000, 177778, 1, 0
884000, 203218, 0, 0
885000, 163578, 1, 0
885000, 198922, 0, 0
886000, 156972, 1, 0
886000, 197679, 0, 0
887000, 189506, 0, 0
887000, 156697, 1, 0
888000, 193632, 0, 0
888000, 160334, 1, 0
889000, 193279, 0, 0
889000, 155212, 1, 0
890000, 199417, 0, 0
890000, 161110, 1, 0
891000, 180768, 0, 0
891001, 145512, 1, 0
892000, 100678, 0, 0
892000, 114134, 1, 0
893000, 192703, 0, 0
893000, 159834, 1, 0
894000, 205023, 0, 0
894000, 163725, 1, 0
895000, 201767, 0, 0
895000, 156621, 1, 0
896000, 196676, 0, 0
896000, 158227, 1, 0
897000, 202330, 0, 0
897000, 161940, 1, 0
898000, 204588, 0, 0
898000, 174188, 1, 0
899000, 196139, 0, 0
899000, 161004, 1, 0
900000, 188709, 0, 0
900001, 159433, 1, 0
901000, 158976, 1, 0
901000, 199113, 0, 0
902000, 116521, 1, 0
902000, 135739, 0, 0
903000, 202133, 0, 0
903000, 155171, 1, 0
904000, 199635, 0, 0
904000, 156396, 1, 0
905000, 202150, 0, 0
905002, 161564, 1, 0
906000, 206360, 0, 0
906000, 172082, 1, 0
907000, 187661, 0, 0
907001, 158474, 1, 0
908000, 201158, 0, 0
908001, 164080, 1, 0
909000, 190004, 0, 0
909000, 151558, 1, 0
910000, 194563, 0, 0
910000, 159665, 1, 0
911000, 202143, 0, 0
911000, 164424, 1, 0
912000, 202554, 0, 0
912000, 163656, 1, 0
913000, 150137, 0, 0
913001, 151265, 1, 0
914000, 196425, 0, 0
914000, 170295, 1, 0
915000, 205016, 0, 0
915000, 177221, 1, 0
916000, 140360, 0, 0
916000, 121467, 1, 0
917000, 195929, 0, 0
917000, 162605, 1, 0
918000, 149670, 0, 0
918000, 115208, 1, 0
919000, 170885, 0, 0
919001, 136364, 1, 0
920000, 190105, 0, 0
920000, 168896, 1, 0
921000, 126570, 0, 0
921000, 120541, 1, 0
922000, 53986, 1, 0
922000, 63965, 0, 0
923000, 197732, 0, 0
923001, 171199, 1, 0
924000, 187316, 0, 0
924000, 152832, 1, 0
925000, 187478, 0, 0
925000, 158448, 1, 0
926000, 161635, 1, 0
926000, 194573, 0, 0
927000, 198241, 0, 0
927000, 160487, 1, 0
928000, 192463, 0, 0
928000, 161413, 1, 0
929000, 167264, 1, 0
929000, 205366, 0, 0
930000, 196683, 0, 0
930000, 158522, 1, 0
931000, 166527, 1, 0
931000, 202347, 0, 0
932000, 204254, 0, 0
932000, 163409, 1, 0
933000, 197623, 0, 0
933001, 156406, 1, 0
934000, 200782, 0, 0
934000, 163247, 1, 0
935000, 195738, 0, 0
935000, 151692, 1, 0
936000, 180756, 0, 0
936000, 150820, 1, 0
937000, 197529, 0, 0
937000, 164085, 1, 0
938000, 206226, 0, 0
938000, 166122, 1, 0
939000, 198950, 0, 0
939000, 156667, 1, 0
940000, 158396, 0, 0
940000, 124400, 1, 0
941000, 189599, 0, 0
941000, 160477, 1, 0
942000, 192956, 0, 0
942000, 162791, 1, 0
943000, 170349, 1, 0
943000, 209060, 0, 0
944000, 170405, 0, 0
944000, 147512, 1, 0
945000, 194037, 0, 0
945000, 157342, 1, 0
946000, 110539, 0, 0
946000, 94054, 1, 0
947000, 140731, 0, 0
947001, 125860, 1, 0
948000, 193471, 0, 0
948000, 152765, 1, 0
949000, 113748, 0, 0
949000, 86269, 1, 0
950000, 115955, 1, 0
950000, 149708, 0, 0
951000, 164020, 1, 0
951000, 203177, 0, 0
952000, 197405, 0, 0
952000, 157804, 1, 0
953000, 161116, 1, 0
953000, 202142, 0, 0
954000, 183741, 0, 0
954000, 149666, 1, 0
955000, 197039, 0, 0
955000, 161208, 1, 0
956000, 127851, 0, 0
956001, 102545, 1, 0
957000, 197852, 0, 0
957000, 161541, 1, 0
958000, 157499, 1, 0
958000, 198829, 0, 0
959000, 167263, 1, 0
959000, 202866, 0, 0
960000, 164284, 1, 0
960000, 199826, 0, 0
961000, 202460, 0, 0
961000, 162783, 1, 0
962000, 199828, 0, 0
962002, 160420, 1, 0
963000, 197764, 0, 0
963000, 152057, 1, 0
964000, 197097, 0, 0
964000, 160713, 1, 0
965000, 159352, 1, 0
965000, 201507, 0, 0
966000, 168355, 1, 0
966000, 203215, 0, 0
967000, 207990, 0, 0
967000, 169048, 1, 0
968000, 144874, 0, 0
968000, 114485, 1, 0
969000, 97217, 0, 0
969000, 70453, 1, 0
970000, 87343, 1, 0
970000, 73171, 0, 0
971000, 195558, 0, 0
971000, 174238, 1, 0
972000, 134004, 0, 0
972000, 129391, 1, 0
973000, 157568, 1, 0
973000, 196645, 0, 0
974000, 201864, 0, 0
974000, 155019, 1, 0
975000, 79887, 1, 0
975000, 135337, 0, 0
976000, 159401, 1, 0
976000, 197528, 0, 0
977000, 151213, 1, 0
977000, 185494, 0, 0
978000, 195740, 0, 0
978001, 163095, 1, 0
979000, 202990, 0, 0
979000, 154478, 1, 0
980000, 165431, 0, 0
980001, 149362, 1, 0
981000, 136698, 1, 0
981000, 175678, 0, 0
982000, 90912, 0, 0
982000, 58600, 1, 0
983000, 96435, 0, 0
983000, 101925, 1, 0
984000, 158119, 0, 0
984001, 138939, 1, 0
985000, 208899, 0, 0
985000, 168446, 1, 0
986000, 203207, 0, 0
986000, 168243, 1, 0
987000, 202756, 0, 0
987000, 166780, 1, 0
988000, 149289, 1, 0
988000, 160201, 0, 0
989000, 163778, 1, 0
989000, 204130, 0, 0
990000, 148495, 0, 0
990001, 112080, 1, 0
991000, 162652, 0, 0
991000, 125216, 1, 0
992000, 113320, 0, 0
992000, 81954, 1, 0
993000, 201585, 0, 0
993000, 158457, 1, 0
994000, 174286, 1, 0
994000, 200650, 0, 0
995000, 198046, 0, 0
995000, 159459, 1, 0
996000, 199363, 0, 0
996000, 152856, 1, 0
997000, 197966, 0, 0
997000, 161739, 1, 0
998000, 193326, 0, 0
998002, 165048, 1, 0
999000, 135295, 0, 0
999000, 120981, 1, 0
1000000, 159657, 1, 0
1000000, 190594, 0, 0
1001000, 200297, 0, 0
1001000, 167271, 1, 0
1002000, 194100, 0, 0
1002000, 159026, 1, 0
1003000, 195457, 0, 0
1003000, 166490, 1, 0
1004000, 140371, 0, 0
1004000, 112148, 1, 0
1005000, 102519, 0, 0
1005000, 87827, 1, 0
1006000, 138018, 1, 0
1006000, 166930, 0, 0
1007000, 172683, 0, 0
1007000, 158748, 1, 0
1008000, 135462, 1, 0
1008000, 148839, 0, 0
1009000, 107509, 1, 0
1009000, 92871, 0, 0
1010000, 156435, 0, 0
1010000, 129915, 1, 0
1011000, 160902, 0, 0
1011000, 125045, 1, 0
1012000, 183338, 0, 0
1012000, 145887, 1, 0
1013000, 158834, 0, 0
1013000, 120644, 1, 0
1014000, 201073, 0, 0
1014000, 164193, 1, 0
1015000, 196612, 0, 0
1015000, 165078, 1, 0
1016000, 203314, 0, 0
1016001, 152466, 1, 0
1017000, 113058, 1, 0
1017000, 143354, 0, 0
1018000, 171860, 0, 0
1018000, 147843, 1, 0
1019000, 119490, 1, 0
1019000, 154308, 0, 0
1020000, 139676, 0, 0
1020000, 114960, 1, 0
1021000, 112343, 1, 0
1021000, 154803, 0, 0
1022000, 77705, 0, 0
1022000, 106745, 1, 0
1023000, 200199, 0, 0
1023000, 163248, 1, 0
1024000, 115982, 1, 0
1024000, 146313, 0, 0
1025000, 161187, 0, 0
1025000, 130751, 1, 0
1026000, 67212, 0, 0
1026000, 59825, 1, 0
1027000, 92230, 0, 0
1027000, 88625, 1, 0
1028000, 104362, 1, 0
1028000, 143906, 0, 0
1029000, 138711, 0, 0
1029000, 111040, 1, 0
1030000, 113467, 0, 0
1030001, 75440, 1, 0
1031000, 86601, 0, 0
1031000, 74265, 1, 0
1032000, 119798, 0, 0
1032000, 89073, 1, 0
1033000, 117649, 1, 0
1033000, 143694, 0, 0
1034000, 135916, 0, 0
1034000, 114563, 1, 0
1035000, 112156, 1, 0
1035000, 137826, 0, 0
1036000, 155980, 0, 0
1036000, 129626, 1, 0
1037000, 155758, 0, 0
1037000, 133936, 1, 0
1038000, 158713, 0, 0
1038000, 139228, 1, 0
1039000, 189220, 0, 0
1039001, 151926, 1, 0
1040000, 100117, 1, 0
1040000, 130066, 0, 0
1041000, 52770, 1, 0
1041000, 76559, 0, 0
1042000, 154775, 0, 0
1042003, 116014, 1, 0
1043000, 83522, 0, 0
1043000, 97139, 1, 0
1044000, 117218, 1, 0
1044000, 138772, 0, 0
1045000, 182314, 0, 0
1045000, 139594, 1, 0
1046000, 114638, 1, 0
1046000, 158051, 0, 0
1047000, 199384, 0, 0
1047000, 161844, 1, 0
1048000, 137190, 0, 0
1048000, 101448, 1, 0
1049000, 150452, 1, 0
1049000, 194242, 0, 0
1050000, 188509, 0, 0
1050000, 146033, 1, 0
1051000, 122061, 1, 0
1051000, 126529, 0, 0
1052000, 196193, 0, 0
1052001, 134935, 1, 0
1053000, 204097, 0, 0
1053000, 124269, 1, 0
1054000, 97051, 0, 0
1054000, 90962, 1, 0
1055000, 198789, 0, 0
1055000, 160285, 1, 0
1056000, 119823, 0, 0
1056000, 105783, 1, 0
1057000, 155158, 1, 0
1057000, 175593, 0, 0
1058000, 193891, 0, 0
1058001, 164740, 1, 0
1059000, 188721, 0, 0
1059001, 154662, 1, 0
1060000, 200851, 0, 0
1060000, 161443, 1, 0
1061000, 179140, 0, 0
1061000, 155937, 1, 0
1062000, 134025, 0, 0
1062000, 121274, 1, 0
1063000, 197895, 0, 0
1063000, 152181, 1, 0
1064000, 196400, 0, 0
1064000, 160598, 1, 0
1065000, 158989, 0, 0
1065001, 124116, 1, 0
1066000, 151425, 0, 0
1066000, 119405, 1, 0
1067000, 184466, 0, 0
1067000, 160208, 1, 0
1068000, 194497, 0, 0
1068001, 159085, 1, 0
1069000, 136183, 0, 0
1069001, 110430, 1, 0
1070000, 199670, 0, 0
1070000, 164287, 1, 0
1071000, 186688, 0, 0
1071000, 153364, 1, 0
1072000, 154670, 1, 0
1072000, 197471, 0, 0
1073000, 98514, 0, 0
1073000, 113478, 1, 0
1074000, 196336, 0, 0
1074001, 155461, 1, 0
1075000, 200318, 0, 0
1075000, 161823, 1, 0
1076000, 163997, 1, 0
1076000, 200539, 0, 0
1077000, 206420, 0, 0
1077000, 168781, 1, 0
1078000, 100716, 1, 0
1078000, 138209, 0, 0
1079000, 204819, 0, 0
1079000, 161428, 1, 0
1080000, 178483, 0, 0
1080000, 127423, 1, 0
1081000, 181014, 0, 0
1081001, 159758, 1, 0
1082000, 140896, 1, 0
1082000, 179359, 0, 0
1083000, 118320, 1, 0
1083000, 99290, 0, 0
1084000, 188951, 0, 0
1084001, 156994, 1, 0
1085000, 133243, 1, 0
1085000, 162364, 0, 0
1086000, 198583, 0, 0
1086000, 158592, 1, 0
1087000, 194903, 0, 0
1087000, 159340, 1, 0
1088000, 124805, 1, 0
1088000, 195162, 0, 0
1089000, 194912, 0, 0
1089000, 156438, 1, 0
1090000, 206193, 0, 0
1090000, 167723, 1, 0
1091000, 193992, 0, 0
1091000, 165165, 1, 0
1092000, 160927, 0, 0
1092000, 118958, 1, 0
1093000, 147490, 1, 0
1093000, 184798, 0, 0
1094000, 122948, 0, 0
1094000, 88262, 1, 0
1095000, 125098, 0, 0
1095000, 118365, 1, 0
1096000, 95114, 1, 0
1096000, 135373, 0, 0
1097000, 97764, 1, 0
1097000, 137270, 0, 0
1098000, 118951, 0, 0
1098000, 85549, 1, 0
1099000, 172752, 0, 0
1099001, 137404, 1, 0
1100000, 154890, 1, 0
1100000, 191365, 0, 0
1101000, 168997, 0, 0
1101000, 129808, 1, 0
1102000, 115988, 1, 0
1102000, 124514, 0, 0
1103000, 123047, 0, 0
1103000, 102613, 1, 0
1104000, 150881, 0, 0
1104000, 110732, 1, 0
1105000, 204249, 0, 0
1105000, 162377, 1, 0
1106000, 101346, 1, 0
1106000, 173908, 0, 0
1107000, 207597, 0, 0
1107000, 148854, 1, 0
1108000, 182570, 0, 0
1108000, 125917, 1, 0
1109000, 128742, 0, 0
1109001, 61280, 1, 0
1110000, 201649, 0, 0
1110000, 150525, 1, 0
1111000, 205273, 0, 0
1111000, 183909, 1, 0
1112000, 195018, 0, 0
1112000, 150953, 1, 0
1113000, 77956, 1, 0
1113000, 122149, 0, 0
1114000, 108458, 1, 0
1114000, 118908, 0, 0
1115000, 122391, 1, 0
1115000, 99967, 0, 0
1116000, 119033, 1, 0
1116000, 162644, 0, 0
1117000, 162217, 0, 0
1117000, 72576, 1, 0
1118000, 149789, 0, 0
1118000, 117198, 1, 0
1119000, 93462, 0, 0
1119000, 33876, 1, 0
1120000, 66150, 0, 0
1120000, 25591, 1, 0
1121000, 81026, 0, 0
1121001, 41698, 1, 0
1122000, 77049, 0, 0
1122000, 78968, 1, 0
1123000, 76598, 0, 0
1123000, 50878, 1, 0
1124000, 174650, 0, 0
1124001, 137499, 1, 0
1125000, 187414, 0, 0
1125000, 139788, 1, 0
1126000, 155131, 1, 0
1126000, 201091, 0, 0
1127000, 82585, 0, 0
1127000, 61319, 1, 0
1128000, 129764, 0, 0
1128001, 111139, 1, 0
1129000, 197902, 0, 0
1129000, 161557, 1, 0
1130000, 127163, 1, 0
1130000, 182630, 0, 0
1131000, 145176, 1, 0
1131000, 199955, 0, 0
1132000, 194561, 0, 0
1132000, 159680, 1, 0
1133000, 159498, 1, 0
1133000, 199424, 0, 0
1134000, 206090, 0, 0
1134000, 169319, 1, 0
1135000, 201473, 0, 0
1135001, 163252, 1, 0
1136000, 157746, 1, 0
1136000, 199057, 0, 0
1137000, 202173, 0, 0
1137002, 162504, 1, 0
1138000, 125478, 1, 0
1138000, 150818, 0, 0
1139000, 94162, 1, 0
1139000, 141642, 0, 0
1140000, 203200, 0, 0
1140000, 158120, 1, 0
1141000, 201525, 0, 0
1141000, 149931, 1, 0
1142000, 200689, 0, 0
1142000, 166199, 1, 0
1143000, 164492, 1, 0
1143000, 194561, 0, 0
1144000, 202038, 0, 0
1144000, 169579, 1, 0
1145000, 146022, 1, 0
1145000, 197146, 0, 0
1146000, 159696, 0, 0
1146000, 101979, 1, 0
1147000, 140683, 0, 0
1147000, 102260, 1, 0
1148000, 141336, 1, 0
1148000, 179679, 0, 0
1149000, 166660, 1, 0
1149000, 205169, 0, 0
1150000, 168210, 1, 0
1150000, 209228, 0, 0
1151000, 163439, 1, 0
1151000, 207577, 0, 0
1152000, 173885, 0, 0
1152000, 126892, 1, 0
1153000, 170238, 0, 0
1153000, 127959, 1, 0
1154000, 202546, 0, 0
1154001, 173842, 1, 0
1155000, 202090, 0, 0
1155000, 169135, 1, 0
1156000, 203363, 0, 0
1156000, 166081, 1, 0
1157000, 196176, 0, 0
1157000, 131774, 1, 0
1158000, 212043, 0, 0
1158000, 99594, 1, 0
1159000, 158598, 1, 0
1159000, 197068, 0, 0
1160000, 209022, 0, 0
1160000, 137114, 1, 0
1161000, 142573, 0, 0
1161001, 101635, 1, 0
1162000, 207254, 0, 0
1162000, 159266, 1, 0
1163000, 174353, 0, 0
1163000, 157928, 1, 0
1164000, 179090, 0, 0
1164000, 149769, 1, 0
1165000, 195884, 0, 0
1165000, 160424, 1, 0
1166000, 203912, 0, 0
1166000, 135185, 1, 0
1167000, 212446, 0, 0
1167000, 130053, 1, 0
1168000, 222898, 0, 0
1168001, 52639, 1, 0
1169000, 185946, 0, 0
1169001, 85272, 1, 0
1170000, 208989, 0, 0
1170000, 145168, 1, 0
1171000, 162050, 1, 0
1171000, 205794, 0, 0
1172000, 182815, 0, 0
1172000, 96898, 1, 0
1173000, 164482, 1, 0
1173000, 192414, 0, 0
1174000, 160227, 0, 0
1174000, 124122, 1, 0
1175000, 188280, 0, 0
1175000, 134531, 1, 0
1176000, 176417, 0, 0
1176001, 126640, 1, 0
1177000, 169538, 0, 0
1177000, 96514, 1, 0
1178000, 201929, 0, 0
1178000, 116903, 1, 0
1179000, 154339, 0, 0
1179000, 94518, 1, 0
1180000, 196457, 0, 0
1180001, 153415, 1, 0
1181000, 190964, 0, 0
1181000, 142927, 1, 0
1182000, 136140, 1, 0
1182000, 206659, 0, 0
1183000, 162862, 0, 0
1183000, 82892, 1, 0
1184000, 162919, 0, 0
1184001, 105265, 1, 0
1185000, 120690, 0, 0
1185000, 49645, 1, 0
1186000, 145846, 0, 0
1186000, 122563, 1, 0
1187000, 153567, 1, 0
1187000, 204290, 0, 0
1188000, 190514, 0, 0
1188000, 159277, 1, 0
1189000, 157204, 0, 0
1189000, 120864, 1, 0
1190000, 184581, 0, 0
1190000, 155939, 1, 0
1191000, 203869, 0, 0
1191000, 128710, 1, 0
1192000, 202216, 0, 0
1192000, 115032, 1, 0
1193000, 93865, 0, 0
1193000, 79627, 1, 0
1194000, 200739, 0, 0
1194000, 163524, 1, 0
1195000, 163898, 1, 0
1195000, 200978, 0, 0
1196000, 162103, 1, 0
1196000, 189180, 0, 0
1197000, 178516, 0, 0
1197000, 139570, 1, 0
1198000, 206024, 0, 0
1198000, 104838, 1, 0
1199000, 206322, 0, 0
1199001, 136748, 1, 0
1200000, 193871, 0, 0
1200000, 152109, 1, 0
