
Script Directory: /root/CXLSSDEval/scripts
[0;34m============================================[0m
[0;34mCXL SSD Test Suite[0m
[0;34m============================================[0m
Configuration: /root/CXLSSDEval/scripts/config.yaml
Device: /dev/nvmex0n1
Results Directory: results
Start Time: 2025-12-11 14:33:15

[0;34m============================================[0m
[0;34mChecking Prerequisites[0m
[0;34m============================================[0m
[0;32m✓ Configuration file found: /root/CXLSSDEval/scripts/config.yaml[0m
[0;32m✓ Device found: /dev/nvmex0n1[0m
[0;32m✓ FIO is installed (fio-3.36)[0m
[0;32m✓ Python3 is installed (Python 3.13.9)[0m
[1;33m⚠ RocksDB db_bench not found - RocksDB tests will be skipped[0m

[0;34m============================================[0m
[0;34mRunning Raw Device Tests[0m
[0;34m============================================[0m
[2025-12-11 14:33:15] =========================================
[2025-12-11 14:33:15] Starting Raw Device Test Suite
[2025-12-11 14:33:15] Device: /dev/nvmex0n1
[2025-12-11 14:33:15] Results Directory: results/raw
[2025-12-11 14:33:15] =========================================
[2025-12-11 14:33:15] Starting all raw device tests on /dev/nvmex0n1
[2025-12-11 14:33:15] Executing: test_qd_thread.sh
[2025-12-11 14:33:15] ===== Starting Thread Variation =====
[2025-12-11 14:33:15] Starting Thread Variation tests for read
[2025-12-11 14:33:15]   Testing Jobs=1, Type=read
[2025-12-11 14:33:15] TRIM support detected for /dev/nvmex0n1 (max_bytes: 2199023255040)
[2025-12-11 14:33:15] Clearing device /dev/nvmex0n1 using blkdiscard...
[2025-12-11 14:33:17] Device cleared successfully with blkdiscard
[2025-12-11 14:33:17] Waiting 3 seconds for device to stabilize...
[2025-12-11 14:33:20] Running test: jobs1_read
[2025-12-11 14:33:50] Test completed: jobs1_read
[2025-12-11 14:33:50]   Testing Jobs=2, Type=read
[2025-12-11 14:33:50] TRIM support detected for /dev/nvmex0n1 (max_bytes: 2199023255040)
[2025-12-11 14:33:50] Clearing device /dev/nvmex0n1 using blkdiscard...
[2025-12-11 14:33:52] Device cleared successfully with blkdiscard
[2025-12-11 14:33:52] Waiting 3 seconds for device to stabilize...
[2025-12-11 14:33:55] Running test: jobs2_read
[2025-12-11 14:34:26] Test completed: jobs2_read
[2025-12-11 14:34:26]   Testing Jobs=4, Type=read
[2025-12-11 14:34:26] TRIM support detected for /dev/nvmex0n1 (max_bytes: 2199023255040)
[2025-12-11 14:34:26] Clearing device /dev/nvmex0n1 using blkdiscard...
[2025-12-11 14:34:28] Device cleared successfully with blkdiscard
[2025-12-11 14:34:28] Waiting 3 seconds for device to stabilize...
[2025-12-11 14:34:31] Running test: jobs4_read
[2025-12-11 14:35:01] Test completed: jobs4_read
[2025-12-11 14:35:01]   Testing Jobs=8, Type=read
[2025-12-11 14:35:01] TRIM support detected for /dev/nvmex0n1 (max_bytes: 2199023255040)
[2025-12-11 14:35:01] Clearing device /dev/nvmex0n1 using blkdiscard...
[2025-12-11 14:35:03] Device cleared successfully with blkdiscard
[2025-12-11 14:35:03] Waiting 3 seconds for device to stabilize...
[2025-12-11 14:35:06] Running test: jobs8_read
[2025-12-11 14:35:36] Test completed: jobs8_read
[2025-12-11 14:35:36]   Testing Jobs=16, Type=read
[2025-12-11 14:35:36] TRIM support detected for /dev/nvmex0n1 (max_bytes: 2199023255040)
[2025-12-11 14:35:36] Clearing device /dev/nvmex0n1 using blkdiscard...
[2025-12-11 14:35:38] Device cleared successfully with blkdiscard
[2025-12-11 14:35:38] Waiting 3 seconds for device to stabilize...
[2025-12-11 14:35:41] Running test: jobs16_read
[2025-12-11 14:36:12] Test completed: jobs16_read
[2025-12-11 14:36:12]   Testing Jobs=32, Type=read
[2025-12-11 14:36:12] TRIM support detected for /dev/nvmex0n1 (max_bytes: 2199023255040)
[2025-12-11 14:36:12] Clearing device /dev/nvmex0n1 using blkdiscard...
[2025-12-11 14:36:14] Device cleared successfully with blkdiscard
[2025-12-11 14:36:14] Waiting 3 seconds for device to stabilize...
[2025-12-11 14:36:17] Running test: jobs32_read
[2025-12-11 14:36:47] Test completed: jobs32_read
[2025-12-11 14:36:47] Starting Thread Variation tests for write
[2025-12-11 14:36:47]   Testing Jobs=1, Type=write
[2025-12-11 14:36:47] TRIM support detected for /dev/nvmex0n1 (max_bytes: 2199023255040)
[2025-12-11 14:36:47] Clearing device /dev/nvmex0n1 using blkdiscard...
[2025-12-11 14:37:07] Device cleared successfully with blkdiscard
[2025-12-11 14:37:07] Waiting 3 seconds for device to stabilize...
[2025-12-11 14:37:10] Running test: jobs1_write
[2025-12-11 14:37:40] Test completed: jobs1_write
[2025-12-11 14:37:40]   Testing Jobs=2, Type=write
[2025-12-11 14:37:40] TRIM support detected for /dev/nvmex0n1 (max_bytes: 2199023255040)
[2025-12-11 14:37:40] Clearing device /dev/nvmex0n1 using blkdiscard...
[2025-12-11 14:37:43] Device cleared successfully with blkdiscard
[2025-12-11 14:37:43] Waiting 3 seconds for device to stabilize...
[2025-12-11 14:37:46] Running test: jobs2_write
[2025-12-11 14:38:17] Test completed: jobs2_write
[2025-12-11 14:38:17]   Testing Jobs=4, Type=write
[2025-12-11 14:38:17] TRIM support detected for /dev/nvmex0n1 (max_bytes: 2199023255040)
[2025-12-11 14:38:17] Clearing device /dev/nvmex0n1 using blkdiscard...
[2025-12-11 14:38:19] Device cleared successfully with blkdiscard
[2025-12-11 14:38:19] Waiting 3 seconds for device to stabilize...
[2025-12-11 14:38:22] Running test: jobs4_write
[2025-12-11 14:38:52] Test completed: jobs4_write
[2025-12-11 14:38:52]   Testing Jobs=8, Type=write
[2025-12-11 14:38:52] TRIM support detected for /dev/nvmex0n1 (max_bytes: 2199023255040)
[2025-12-11 14:38:52] Clearing device /dev/nvmex0n1 using blkdiscard...
[2025-12-11 14:38:54] Device cleared successfully with blkdiscard
[2025-12-11 14:38:54] Waiting 3 seconds for device to stabilize...
[2025-12-11 14:38:57] Running test: jobs8_write
[2025-12-11 14:39:27] Test completed: jobs8_write
[2025-12-11 14:39:27]   Testing Jobs=16, Type=write
[2025-12-11 14:39:28] TRIM support detected for /dev/nvmex0n1 (max_bytes: 2199023255040)
[2025-12-11 14:39:28] Clearing device /dev/nvmex0n1 using blkdiscard...
[2025-12-11 14:39:47] Device cleared successfully with blkdiscard
[2025-12-11 14:39:47] Waiting 3 seconds for device to stabilize...
[2025-12-11 14:39:50] Running test: jobs16_write
[2025-12-11 14:40:21] Test completed: jobs16_write
[2025-12-11 14:40:21]   Testing Jobs=32, Type=write
[2025-12-11 14:40:21] TRIM support detected for /dev/nvmex0n1 (max_bytes: 2199023255040)
[2025-12-11 14:40:21] Clearing device /dev/nvmex0n1 using blkdiscard...
[2025-12-11 14:40:23] Device cleared successfully with blkdiscard
[2025-12-11 14:40:23] Waiting 3 seconds for device to stabilize...
[2025-12-11 14:40:26] Running test: jobs32_write
[2025-12-11 14:40:56] Test completed: jobs32_write
[2025-12-11 14:40:56] ===== Completed Thread Variation =====
[2025-12-11 14:40:56] Executing: test_blocksize.sh
[2025-12-11 14:40:56] ===== Starting Block Size Variation =====
[2025-12-11 14:40:56] Starting Block Size Variation tests for read
[2025-12-11 14:40:56]   Testing Block Size=512, Type=read
[2025-12-11 14:40:56] TRIM support detected for /dev/nvmex0n1 (max_bytes: 2199023255040)
[2025-12-11 14:40:56] Clearing device /dev/nvmex0n1 using blkdiscard...
[2025-12-11 14:40:58] Device cleared successfully with blkdiscard
[2025-12-11 14:40:58] Waiting 3 seconds for device to stabilize...
[2025-12-11 14:41:01] Running test: bs_512_read
[2025-12-11 14:41:32] Test completed: bs_512_read
[2025-12-11 14:41:32]   Testing Block Size=1k, Type=read
[2025-12-11 14:41:32] TRIM support detected for /dev/nvmex0n1 (max_bytes: 2199023255040)
[2025-12-11 14:41:32] Clearing device /dev/nvmex0n1 using blkdiscard...
[2025-12-11 14:41:33] Device cleared successfully with blkdiscard
[2025-12-11 14:41:33] Waiting 3 seconds for device to stabilize...
[2025-12-11 14:41:36] Running test: bs_1k_read
[2025-12-11 14:42:07] Test completed: bs_1k_read
[2025-12-11 14:42:07]   Testing Block Size=4k, Type=read
[2025-12-11 14:42:07] TRIM support detected for /dev/nvmex0n1 (max_bytes: 2199023255040)
[2025-12-11 14:42:07] Clearing device /dev/nvmex0n1 using blkdiscard...
[2025-12-11 14:42:09] Device cleared successfully with blkdiscard
[2025-12-11 14:42:09] Waiting 3 seconds for device to stabilize...
[2025-12-11 14:42:12] Running test: bs_4k_read
[2025-12-11 14:42:42] Test completed: bs_4k_read
[2025-12-11 14:42:42]   Testing Block Size=16k, Type=read
[2025-12-11 14:42:42] TRIM support detected for /dev/nvmex0n1 (max_bytes: 2199023255040)
[2025-12-11 14:42:42] Clearing device /dev/nvmex0n1 using blkdiscard...
[2025-12-11 14:42:44] Device cleared successfully with blkdiscard
[2025-12-11 14:42:44] Waiting 3 seconds for device to stabilize...
[2025-12-11 14:42:47] Running test: bs_16k_read
[2025-12-11 14:43:17] Test completed: bs_16k_read
[2025-12-11 14:43:17]   Testing Block Size=64k, Type=read
[2025-12-11 14:43:17] TRIM support detected for /dev/nvmex0n1 (max_bytes: 2199023255040)
[2025-12-11 14:43:17] Clearing device /dev/nvmex0n1 using blkdiscard...
[2025-12-11 14:43:19] Device cleared successfully with blkdiscard
[2025-12-11 14:43:19] Waiting 3 seconds for device to stabilize...
[2025-12-11 14:43:22] Running test: bs_64k_read
[2025-12-11 14:43:53] Test completed: bs_64k_read
[2025-12-11 14:43:53]   Testing Block Size=256k, Type=read
[2025-12-11 14:43:53] TRIM support detected for /dev/nvmex0n1 (max_bytes: 2199023255040)
[2025-12-11 14:43:53] Clearing device /dev/nvmex0n1 using blkdiscard...
[2025-12-11 14:44:12] Device cleared successfully with blkdiscard
[2025-12-11 14:44:12] Waiting 3 seconds for device to stabilize...
[2025-12-11 14:44:15] Running test: bs_256k_read
[2025-12-11 14:44:45] Test completed: bs_256k_read
[2025-12-11 14:44:45]   Testing Block Size=1m, Type=read
[2025-12-11 14:44:46] TRIM support detected for /dev/nvmex0n1 (max_bytes: 2199023255040)
[2025-12-11 14:44:46] Clearing device /dev/nvmex0n1 using blkdiscard...
[2025-12-11 14:44:47] Device cleared successfully with blkdiscard
[2025-12-11 14:44:47] Waiting 3 seconds for device to stabilize...
[2025-12-11 14:44:50] Running test: bs_1m_read
[2025-12-11 14:45:21] Test completed: bs_1m_read
[2025-12-11 14:45:21]   Testing Block Size=4m, Type=read
[2025-12-11 14:45:21] TRIM support detected for /dev/nvmex0n1 (max_bytes: 2199023255040)
[2025-12-11 14:45:21] Clearing device /dev/nvmex0n1 using blkdiscard...
[2025-12-11 14:45:23] Device cleared successfully with blkdiscard
[2025-12-11 14:45:23] Waiting 3 seconds for device to stabilize...
[2025-12-11 14:45:26] Running test: bs_4m_read
[2025-12-11 14:45:56] Test completed: bs_4m_read
[2025-12-11 14:45:56]   Testing Block Size=16m, Type=read
[2025-12-11 14:45:56] TRIM support detected for /dev/nvmex0n1 (max_bytes: 2199023255040)
[2025-12-11 14:45:56] Clearing device /dev/nvmex0n1 using blkdiscard...
[2025-12-11 14:45:58] Device cleared successfully with blkdiscard
[2025-12-11 14:45:58] Waiting 3 seconds for device to stabilize...
[2025-12-11 14:46:01] Running test: bs_16m_read
[2025-12-11 14:46:32] Test completed: bs_16m_read
[2025-12-11 14:46:32]   Testing Block Size=64m, Type=read
[2025-12-11 14:46:32] TRIM support detected for /dev/nvmex0n1 (max_bytes: 2199023255040)
[2025-12-11 14:46:32] Clearing device /dev/nvmex0n1 using blkdiscard...
[2025-12-11 14:46:33] Device cleared successfully with blkdiscard
[2025-12-11 14:46:33] Waiting 3 seconds for device to stabilize...
[2025-12-11 14:46:36] Running test: bs_64m_read
[2025-12-11 14:47:07] Test completed: bs_64m_read
[2025-12-11 14:47:07] Starting Block Size Variation tests for write
[2025-12-11 14:47:07]   Testing Block Size=512, Type=write
[2025-12-11 14:47:07] TRIM support detected for /dev/nvmex0n1 (max_bytes: 2199023255040)
[2025-12-11 14:47:07] Clearing device /dev/nvmex0n1 using blkdiscard...
[2025-12-11 14:47:09] Device cleared successfully with blkdiscard
[2025-12-11 14:47:09] Waiting 3 seconds for device to stabilize...
[2025-12-11 14:47:12] Running test: bs_512_write
[2025-12-11 14:47:42] Test completed: bs_512_write
[2025-12-11 14:47:42]   Testing Block Size=1k, Type=write
[2025-12-11 14:47:42] TRIM support detected for /dev/nvmex0n1 (max_bytes: 2199023255040)
[2025-12-11 14:47:42] Clearing device /dev/nvmex0n1 using blkdiscard...
[2025-12-11 14:47:44] Device cleared successfully with blkdiscard
[2025-12-11 14:47:44] Waiting 3 seconds for device to stabilize...
[2025-12-11 14:47:47] Running test: bs_1k_write
[2025-12-11 14:48:17] Test completed: bs_1k_write
[2025-12-11 14:48:17]   Testing Block Size=4k, Type=write
[2025-12-11 14:48:18] TRIM support detected for /dev/nvmex0n1 (max_bytes: 2199023255040)
[2025-12-11 14:48:18] Clearing device /dev/nvmex0n1 using blkdiscard...
[2025-12-11 14:48:19] Device cleared successfully with blkdiscard
[2025-12-11 14:48:19] Waiting 3 seconds for device to stabilize...
[2025-12-11 14:48:22] Running test: bs_4k_write
[2025-12-11 14:48:53] Test completed: bs_4k_write
[2025-12-11 14:48:53]   Testing Block Size=16k, Type=write
[2025-12-11 14:48:53] TRIM support detected for /dev/nvmex0n1 (max_bytes: 2199023255040)
[2025-12-11 14:48:53] Clearing device /dev/nvmex0n1 using blkdiscard...
[2025-12-11 14:49:12] Device cleared successfully with blkdiscard
[2025-12-11 14:49:12] Waiting 3 seconds for device to stabilize...
[2025-12-11 14:49:15] Running test: bs_16k_write
[2025-12-11 14:49:46] Test completed: bs_16k_write
[2025-12-11 14:49:46]   Testing Block Size=64k, Type=write
[2025-12-11 14:49:46] TRIM support detected for /dev/nvmex0n1 (max_bytes: 2199023255040)
[2025-12-11 14:49:46] Clearing device /dev/nvmex0n1 using blkdiscard...
[2025-12-11 14:49:48] Device cleared successfully with blkdiscard
[2025-12-11 14:49:48] Waiting 3 seconds for device to stabilize...
[2025-12-11 14:49:51] Running test: bs_64k_write
[2025-12-11 14:50:21] Test completed: bs_64k_write
[2025-12-11 14:50:21]   Testing Block Size=256k, Type=write
[2025-12-11 14:50:21] TRIM support detected for /dev/nvmex0n1 (max_bytes: 2199023255040)
[2025-12-11 14:50:21] Clearing device /dev/nvmex0n1 using blkdiscard...
[2025-12-11 14:50:23] Device cleared successfully with blkdiscard
[2025-12-11 14:50:23] Waiting 3 seconds for device to stabilize...
[2025-12-11 14:50:26] Running test: bs_256k_write
[2025-12-11 14:50:57] Test completed: bs_256k_write
[2025-12-11 14:50:57]   Testing Block Size=1m, Type=write
[2025-12-11 14:50:57] TRIM support detected for /dev/nvmex0n1 (max_bytes: 2199023255040)
[2025-12-11 14:50:57] Clearing device /dev/nvmex0n1 using blkdiscard...
[2025-12-11 14:51:18] Device cleared successfully with blkdiscard
[2025-12-11 14:51:18] Waiting 3 seconds for device to stabilize...
[2025-12-11 14:51:21] Running test: bs_1m_write
[2025-12-11 14:51:52] Test completed: bs_1m_write
[2025-12-11 14:51:52]   Testing Block Size=4m, Type=write
[2025-12-11 14:51:52] TRIM support detected for /dev/nvmex0n1 (max_bytes: 2199023255040)
[2025-12-11 14:51:52] Clearing device /dev/nvmex0n1 using blkdiscard...
[2025-12-11 14:51:57] Device cleared successfully with blkdiscard
[2025-12-11 14:51:57] Waiting 3 seconds for device to stabilize...
[2025-12-11 14:52:00] Running test: bs_4m_write
[2025-12-11 14:52:30] Test completed: bs_4m_write
[2025-12-11 14:52:30]   Testing Block Size=16m, Type=write
[2025-12-11 14:52:30] TRIM support detected for /dev/nvmex0n1 (max_bytes: 2199023255040)
[2025-12-11 14:52:30] Clearing device /dev/nvmex0n1 using blkdiscard...
[2025-12-11 14:52:32] Device cleared successfully with blkdiscard
[2025-12-11 14:52:32] Waiting 3 seconds for device to stabilize...
[2025-12-11 14:52:35] Running test: bs_16m_write
[2025-12-11 14:53:06] Test completed: bs_16m_write
[2025-12-11 14:53:06]   Testing Block Size=64m, Type=write
[2025-12-11 14:53:06] TRIM support detected for /dev/nvmex0n1 (max_bytes: 2199023255040)
[2025-12-11 14:53:06] Clearing device /dev/nvmex0n1 using blkdiscard...
[2025-12-11 14:53:08] Device cleared successfully with blkdiscard
[2025-12-11 14:53:08] Waiting 3 seconds for device to stabilize...
[2025-12-11 14:53:11] Running test: bs_64m_write
[2025-12-11 14:53:42] Test completed: bs_64m_write
[2025-12-11 14:53:42] ===== Completed Block Size Variation =====
[2025-12-11 14:53:42] Executing: test_access_pattern.sh
[2025-12-11 14:53:42] ===== Starting Access Pattern =====
[2025-12-11 14:53:42] Starting Access Pattern tests
[2025-12-11 14:53:42]   Testing Pattern=read
[2025-12-11 14:53:42] TRIM support detected for /dev/nvmex0n1 (max_bytes: 2199023255040)
[2025-12-11 14:53:42] Clearing device /dev/nvmex0n1 using blkdiscard...
[2025-12-11 14:53:44] Device cleared successfully with blkdiscard
[2025-12-11 14:53:44] Waiting 3 seconds for device to stabilize...
[2025-12-11 14:53:47] Running test: pattern_read
[2025-12-11 14:54:18] Test completed: pattern_read
[2025-12-11 14:54:18]   Testing Pattern=write
[2025-12-11 14:54:18] TRIM support detected for /dev/nvmex0n1 (max_bytes: 2199023255040)
[2025-12-11 14:54:18] Clearing device /dev/nvmex0n1 using blkdiscard...
[2025-12-11 14:54:20] Device cleared successfully with blkdiscard
[2025-12-11 14:54:20] Waiting 3 seconds for device to stabilize...
[2025-12-11 14:54:23] Running test: pattern_write
[2025-12-11 14:54:53] Test completed: pattern_write
[2025-12-11 14:54:53]   Testing Pattern=randread
[2025-12-11 14:54:53] TRIM support detected for /dev/nvmex0n1 (max_bytes: 2199023255040)
[2025-12-11 14:54:53] Clearing device /dev/nvmex0n1 using blkdiscard...
[2025-12-11 14:54:55] Device cleared successfully with blkdiscard
[2025-12-11 14:54:55] Waiting 3 seconds for device to stabilize...
[2025-12-11 14:54:58] Running test: pattern_randread
[2025-12-11 14:55:28] Test completed: pattern_randread
[2025-12-11 14:55:28]   Testing Pattern=randwrite
[2025-12-11 14:55:28] TRIM support detected for /dev/nvmex0n1 (max_bytes: 2199023255040)
[2025-12-11 14:55:28] Clearing device /dev/nvmex0n1 using blkdiscard...
[2025-12-11 14:55:48] Device cleared successfully with blkdiscard
[2025-12-11 14:55:48] Waiting 3 seconds for device to stabilize...
[2025-12-11 14:55:51] Running test: pattern_randwrite
[2025-12-11 14:56:22] Test completed: pattern_randwrite
[2025-12-11 14:56:22] ===== Completed Access Pattern =====
[2025-12-11 14:56:22] Executing: test_rwmix.sh
[2025-12-11 14:56:22] ===== Starting Read/Write Mix =====
[2025-12-11 14:56:22] Starting Read/Write Mix tests
[2025-12-11 14:56:22]   Testing Read:Write = 100:0
[2025-12-11 14:56:22] TRIM support detected for /dev/nvmex0n1 (max_bytes: 2199023255040)
[2025-12-11 14:56:22] Clearing device /dev/nvmex0n1 using blkdiscard...
[2025-12-11 14:56:37] Device cleared successfully with blkdiscard
[2025-12-11 14:56:37] Waiting 3 seconds for device to stabilize...
[2025-12-11 14:56:40] Running test: rwmix_r100_w0
[2025-12-11 14:57:11] Test completed: rwmix_r100_w0
[2025-12-11 14:57:11]   Testing Read:Write = 75:25
[2025-12-11 14:57:11] TRIM support detected for /dev/nvmex0n1 (max_bytes: 2199023255040)
[2025-12-11 14:57:11] Clearing device /dev/nvmex0n1 using blkdiscard...
[2025-12-11 14:57:12] Device cleared successfully with blkdiscard
[2025-12-11 14:57:12] Waiting 3 seconds for device to stabilize...
[2025-12-11 14:57:15] Running test: rwmix_r75_w25
[2025-12-11 14:57:46] Test completed: rwmix_r75_w25
[2025-12-11 14:57:46]   Testing Read:Write = 50:50
[2025-12-11 14:57:46] TRIM support detected for /dev/nvmex0n1 (max_bytes: 2199023255040)
[2025-12-11 14:57:46] Clearing device /dev/nvmex0n1 using blkdiscard...
[2025-12-11 14:57:48] Device cleared successfully with blkdiscard
[2025-12-11 14:57:48] Waiting 3 seconds for device to stabilize...
[2025-12-11 14:57:51] Running test: rwmix_r50_w50
[2025-12-11 14:58:21] Test completed: rwmix_r50_w50
[2025-12-11 14:58:21]   Testing Read:Write = 25:75
[2025-12-11 14:58:21] TRIM support detected for /dev/nvmex0n1 (max_bytes: 2199023255040)
[2025-12-11 14:58:21] Clearing device /dev/nvmex0n1 using blkdiscard...
[2025-12-11 14:58:23] Device cleared successfully with blkdiscard
[2025-12-11 14:58:23] Waiting 3 seconds for device to stabilize...
[2025-12-11 14:58:26] Running test: rwmix_r25_w75
[2025-12-11 14:58:57] Test completed: rwmix_r25_w75
[2025-12-11 14:58:57]   Testing Read:Write = 0:100
[2025-12-11 14:58:57] TRIM support detected for /dev/nvmex0n1 (max_bytes: 2199023255040)
[2025-12-11 14:58:57] Clearing device /dev/nvmex0n1 using blkdiscard...
[2025-12-11 14:58:58] Device cleared successfully with blkdiscard
[2025-12-11 14:58:58] Waiting 3 seconds for device to stabilize...
[2025-12-11 14:59:01] Running test: rwmix_r0_w100
[2025-12-11 14:59:32] Test completed: rwmix_r0_w100
[2025-12-11 14:59:32] ===== Completed Read/Write Mix =====
[2025-12-11 14:59:32] Executing: test_distribution.sh
[2025-12-11 14:59:32] ===== Starting Access Distribution =====
[2025-12-11 14:59:32] Starting Access Distribution tests for read
[2025-12-11 14:59:32]   Testing Distribution=uniform, Type=read
[2025-12-11 14:59:32] TRIM support detected for /dev/nvmex0n1 (max_bytes: 2199023255040)
[2025-12-11 14:59:32] Clearing device /dev/nvmex0n1 using blkdiscard...
[2025-12-11 14:59:34] Device cleared successfully with blkdiscard
[2025-12-11 14:59:34] Waiting 3 seconds for device to stabilize...
[2025-12-11 14:59:37] Running test: dist_uniform_read
[2025-12-11 15:00:07] Test completed: dist_uniform_read
[2025-12-11 15:00:07]   Testing Distribution=zipf:1.2, Type=read
[2025-12-11 15:00:07] TRIM support detected for /dev/nvmex0n1 (max_bytes: 2199023255040)
[2025-12-11 15:00:07] Clearing device /dev/nvmex0n1 using blkdiscard...
[2025-12-11 15:00:09] Device cleared successfully with blkdiscard
[2025-12-11 15:00:09] Waiting 3 seconds for device to stabilize...
[2025-12-11 15:00:12] Running test: dist_zipf_read
[2025-12-11 15:00:43] Test completed: dist_zipf_read
[2025-12-11 15:00:43]   Testing Distribution=normal:50, Type=read
[2025-12-11 15:00:43] TRIM support detected for /dev/nvmex0n1 (max_bytes: 2199023255040)
[2025-12-11 15:00:43] Clearing device /dev/nvmex0n1 using blkdiscard...
[2025-12-11 15:00:45] Device cleared successfully with blkdiscard
[2025-12-11 15:00:45] Waiting 3 seconds for device to stabilize...
[2025-12-11 15:00:48] Running test: dist_normal_read
[2025-12-11 15:01:18] Test completed: dist_normal_read
[2025-12-11 15:01:18]   Testing Distribution=pareto:0.9, Type=read
[2025-12-11 15:01:18] TRIM support detected for /dev/nvmex0n1 (max_bytes: 2199023255040)
[2025-12-11 15:01:18] Clearing device /dev/nvmex0n1 using blkdiscard...
[2025-12-11 15:01:20] Device cleared successfully with blkdiscard
[2025-12-11 15:01:20] Waiting 3 seconds for device to stabilize...
[2025-12-11 15:01:23] Running test: dist_pareto_read
[2025-12-11 15:01:53] Test completed: dist_pareto_read
[2025-12-11 15:01:53] Starting Access Distribution tests for write
[2025-12-11 15:01:53]   Testing Distribution=uniform, Type=write
[2025-12-11 15:01:53] TRIM support detected for /dev/nvmex0n1 (max_bytes: 2199023255040)
[2025-12-11 15:01:53] Clearing device /dev/nvmex0n1 using blkdiscard...
[2025-12-11 15:01:55] Device cleared successfully with blkdiscard
[2025-12-11 15:01:55] Waiting 3 seconds for device to stabilize...
[2025-12-11 15:01:58] Running test: dist_uniform_write
[2025-12-11 15:02:29] Test completed: dist_uniform_write
[2025-12-11 15:02:29]   Testing Distribution=zipf:1.2, Type=write
[2025-12-11 15:02:29] TRIM support detected for /dev/nvmex0n1 (max_bytes: 2199023255040)
[2025-12-11 15:02:29] Clearing device /dev/nvmex0n1 using blkdiscard...
[2025-12-11 15:02:45] Device cleared successfully with blkdiscard
[2025-12-11 15:02:45] Waiting 3 seconds for device to stabilize...
[2025-12-11 15:02:48] Running test: dist_zipf_write
[2025-12-11 15:03:18] Test completed: dist_zipf_write
[2025-12-11 15:03:18]   Testing Distribution=normal:50, Type=write
[2025-12-11 15:03:18] TRIM support detected for /dev/nvmex0n1 (max_bytes: 2199023255040)
[2025-12-11 15:03:18] Clearing device /dev/nvmex0n1 using blkdiscard...
[2025-12-11 15:03:35] Device cleared successfully with blkdiscard
[2025-12-11 15:03:35] Waiting 3 seconds for device to stabilize...
[2025-12-11 15:03:38] Running test: dist_normal_write
[2025-12-11 15:04:09] Test completed: dist_normal_write
[2025-12-11 15:04:09]   Testing Distribution=pareto:0.9, Type=write
[2025-12-11 15:04:09] TRIM support detected for /dev/nvmex0n1 (max_bytes: 2199023255040)
[2025-12-11 15:04:09] Clearing device /dev/nvmex0n1 using blkdiscard...
[2025-12-11 15:04:11] Device cleared successfully with blkdiscard
[2025-12-11 15:04:11] Waiting 3 seconds for device to stabilize...
[2025-12-11 15:04:14] Running test: dist_pareto_write
[2025-12-11 15:04:44] Test completed: dist_pareto_write
[2025-12-11 15:04:44] ===== Completed Access Distribution =====
[2025-12-11 15:04:44] Executing: test_endurance.sh
[2025-12-11 15:04:44] ===== Starting Endurance Test =====
[2025-12-11 15:04:44] Starting Endurance Test (Duration: 1200s)
[2025-12-11 15:04:44]   Running endurance test with 70:30 read:write ratio
[2025-12-11 15:24:45] Endurance test completed successfully
[2025-12-11 15:24:45] ===== Completed Endurance Test =====
[2025-12-11 15:24:45] All raw device tests completed
[2025-12-11 15:24:45] =========================================
[2025-12-11 15:24:45] Raw Device Test Suite Completed
[2025-12-11 15:24:45] =========================================
[0;32m✓ Raw device tests completed successfully[0m

[0;34m============================================[0m
[0;34mParsing Test Results[0m
[0;34m============================================[0m
[1;33m⚠ Result parser script not found[0m

[0;34m============================================[0m
[0;34mValidating Test Results[0m
[0;34m============================================[0m
[1;33m⚠ Result validator script not found[0m

[0;34m============================================[0m
[0;34mGenerating Test Report[0m
[0;34m============================================[0m
[1;33m⚠ Report generator script not found[0m

[0;34m============================================[0m
[0;34mGenerating Visualizations[0m
[0;34m============================================[0m
[1;33m⚠ Visualization script not found[0m

[0;34m============================================[0m
[0;34mTest Execution Summary[0m
[0;34m============================================[0m
Test Start Time: 2025-12-11 14:33:15
Test End Time: 2025-12-11 15:24:45
Total Duration: 0h 51m 30s

Results Directory: results
JSON Result Files: 50
Log Files: 5

[0;32m✓ All tests completed![0m
