1000, 160356, 0, 0
1000, 80328, 1, 0
2000, 183981, 0, 0
2000, 84725, 1, 0
3000, 189741, 0, 0
3000, 91037, 1, 0
4000, 105543, 0, 0
4000, 38340, 1, 0
5000, 26546, 1, 0
5000, 86957, 0, 0
6000, 87284, 0, 0
6000, 26486, 1, 0
7000, 26561, 1, 0
7000, 87313, 0, 0
8000, 87221, 0, 0
8000, 26529, 1, 0
9000, 89641, 0, 0
9000, 29400, 1, 0
10000, 87886, 0, 0
10000, 28486, 1, 0
11000, 88190, 0, 0
11000, 28419, 1, 0
12000, 87548, 0, 0
12000, 27508, 1, 0
13000, 26694, 1, 0
13000, 86965, 0, 0
14000, 86894, 0, 0
14000, 26652, 1, 0
15000, 87089, 0, 0
15000, 26633, 1, 0
16000, 86961, 0, 0
16000, 26409, 1, 0
17000, 86878, 0, 0
17000, 26519, 1, 0
18000, 87038, 0, 0
18000, 26711, 1, 0
19000, 86907, 0, 0
19000, 26656, 1, 0
20000, 86958, 0, 0
20000, 26643, 1, 0
21000, 26560, 1, 0
21000, 87091, 0, 0
22000, 87080, 0, 0
22000, 26559, 1, 0
23000, 87064, 0, 0
23000, 26625, 1, 0
24000, 86932, 0, 0
24000, 26412, 1, 0
25000, 87182, 0, 0
25000, 26522, 1, 0
26000, 87127, 0, 0
26000, 26435, 1, 0
27000, 26613, 1, 0
27000, 87284, 0, 0
28000, 87888, 0, 0
28000, 27885, 1, 0
29000, 88192, 0, 0
29000, 28280, 1, 0
30000, 88088, 0, 0
30000, 28135, 1, 0
31000, 87136, 0, 0
31000, 26903, 1, 0
32000, 133951, 0, 0
32000, 70065, 1, 0
33000, 91874, 0, 0
33000, 33285, 1, 0
34000, 88433, 0, 0
34000, 28803, 1, 0
35000, 88746, 0, 0
35000, 29679, 1, 0
36000, 87722, 0, 0
36000, 27659, 1, 0
37000, 87965, 0, 0
37000, 27521, 1, 0
38000, 87826, 0, 0
38000, 27513, 1, 0
39000, 87871, 0, 0
39000, 27296, 1, 0
40000, 144776, 0, 0
40000, 78115, 1, 0
41000, 96517, 0, 0
41000, 35266, 1, 0
42000, 26536, 1, 0
42000, 84605, 0, 0
43000, 84018, 0, 0
43000, 26453, 1, 0
44000, 84565, 0, 0
44000, 26644, 1, 0
45000, 83683, 0, 0
45000, 26720, 1, 0
46000, 85988, 0, 0
46000, 26630, 1, 0
47000, 86307, 0, 0
47000, 26491, 1, 0
48000, 83344, 0, 0
48000, 26474, 1, 0
49000, 81299, 0, 0
49000, 26726, 1, 0
50000, 84593, 0, 0
50000, 26517, 1, 0
51000, 86980, 0, 0
51000, 26460, 1, 0
52000, 86799, 0, 0
52000, 26432, 1, 0
53000, 86941, 0, 0
53000, 26430, 1, 0
54000, 86845, 0, 0
54000, 26350, 1, 0
55000, 86769, 0, 0
55000, 26501, 1, 0
56000, 26453, 1, 0
56000, 86964, 0, 0
57000, 87066, 0, 0
57000, 26812, 1, 0
58000, 40768, 1, 0
58000, 102136, 0, 0
59000, 191974, 0, 0
59000, 124865, 1, 0
60000, 124170, 0, 0
60000, 61737, 1, 0
61000, 87982, 0, 0
61000, 28336, 1, 0
62000, 87130, 0, 0
62001, 26600, 1, 0
63000, 86849, 0, 0
63000, 26622, 1, 0
64000, 86948, 0, 0
64000, 26434, 1, 0
65000, 87008, 0, 0
65000, 26625, 1, 0
66000, 88284, 0, 0
66000, 28981, 1, 0
67000, 28930, 1, 0
67000, 88557, 0, 0
68000, 87284, 0, 0
68000, 27092, 1, 0
69000, 87332, 0, 0
69000, 27150, 1, 0
70000, 28658, 1, 0
70000, 88993, 0, 0
71000, 46002, 1, 0
71000, 105621, 0, 0
72000, 99530, 0, 0
72000, 38469, 1, 0
73000, 88308, 0, 0
73000, 28502, 1, 0
74000, 28597, 1, 0
74000, 88190, 0, 0
75000, 87269, 0, 0
75000, 26880, 1, 0
76000, 87038, 0, 0
76000, 26923, 1, 0
77000, 85644, 0, 0
77000, 25676, 1, 0
78000, 78980, 0, 0
78000, 20688, 1, 0
79000, 79584, 0, 0
79000, 22254, 1, 0
80000, 79618, 0, 0
80000, 22262, 1, 0
81000, 79292, 0, 0
81000, 21538, 1, 0
82000, 78755, 0, 0
82000, 20317, 1, 0
83000, 20271, 1, 0
83000, 78463, 0, 0
84000, 78560, 0, 0
84000, 20327, 1, 0
85000, 78594, 0, 0
85000, 20289, 1, 0
86000, 78471, 0, 0
86000, 20286, 1, 0
87000, 78507, 0, 0
87000, 20290, 1, 0
88000, 78678, 0, 0
88000, 20324, 1, 0
89000, 78693, 0, 0
89000, 20317, 1, 0
90000, 78693, 0, 0
90000, 20293, 1, 0
91000, 78661, 0, 0
91000, 20283, 1, 0
92000, 79178, 0, 0
92000, 21218, 1, 0
93000, 79545, 0, 0
93000, 22242, 1, 0
94000, 79611, 0, 0
94000, 22232, 1, 0
95000, 79022, 0, 0
95000, 21315, 1, 0
96000, 78607, 0, 0
96000, 20287, 1, 0
97000, 20399, 1, 0
97000, 78634, 0, 0
98000, 78642, 0, 0
98000, 20334, 1, 0
99000, 78658, 0, 0
99000, 20313, 1, 0
100000, 78806, 0, 0
100000, 20357, 1, 0
101000, 78550, 0, 0
101000, 20304, 1, 0
102000, 20307, 1, 0
102000, 78532, 0, 0
103000, 78714, 0, 0
103000, 20348, 1, 0
104000, 78615, 0, 0
104000, 20326, 1, 0
105000, 79061, 0, 0
105000, 21385, 1, 0
106000, 79559, 0, 0
106000, 22113, 1, 0
107000, 78626, 0, 0
107000, 20409, 1, 0
108000, 20321, 1, 0
108000, 78742, 0, 0
109000, 78584, 0, 0
109000, 20319, 1, 0
110000, 78580, 0, 0
110000, 20451, 1, 0
111000, 78996, 0, 0
111000, 20347, 1, 0
112000, 78520, 0, 0
112000, 20339, 1, 0
113000, 79296, 0, 0
113000, 21326, 1, 0
114000, 79289, 0, 0
114000, 21862, 1, 0
115000, 78810, 0, 0
115000, 20312, 1, 0
116000, 78434, 0, 0
116000, 20328, 1, 0
117000, 78589, 0, 0
117000, 20362, 1, 0
118000, 78882, 0, 0
118000, 20470, 1, 0
119000, 78551, 0, 0
119000, 20374, 1, 0
120000, 78836, 0, 0
120000, 20447, 1, 0
121000, 79488, 0, 0
121000, 22193, 1, 0
122000, 79224, 0, 0
122000, 21350, 1, 0
123000, 78536, 0, 0
123000, 20315, 1, 0
124000, 78760, 0, 0
124000, 20289, 1, 0
125000, 78663, 0, 0
125000, 20296, 1, 0
126000, 78582, 0, 0
126000, 20287, 1, 0
127000, 78677, 0, 0
127000, 20318, 1, 0
128000, 78613, 0, 0
128000, 20334, 1, 0
129000, 78538, 0, 0
129000, 20300, 1, 0
130000, 78715, 0, 0
130000, 20292, 1, 0
131000, 78532, 0, 0
131000, 20328, 1, 0
132000, 78582, 0, 0
132000, 20281, 1, 0
133000, 78667, 0, 0
133000, 20323, 1, 0
134000, 78636, 0, 0
134000, 20262, 1, 0
135000, 22021, 1, 0
135000, 79576, 0, 0
136000, 142413, 0, 0
136000, 78579, 1, 0
137000, 149642, 0, 0
137002, 90315, 1, 0
138000, 114451, 1, 0
138000, 168328, 0, 0
139000, 116877, 0, 0
139000, 52632, 1, 0
140000, 78747, 0, 0
140000, 20548, 1, 0
141000, 78754, 0, 0
141000, 20336, 1, 0
142000, 78816, 0, 0
142000, 20297, 1, 0
143000, 78763, 0, 0
143000, 20345, 1, 0
144000, 78739, 0, 0
144000, 20335, 1, 0
145000, 78697, 0, 0
145000, 20334, 1, 0
146000, 20329, 1, 0
146000, 78791, 0, 0
147000, 20318, 1, 0
147000, 78682, 0, 0
148000, 77926, 0, 0
148000, 20351, 1, 0
149000, 20263, 1, 0
149000, 75745, 0, 0
150000, 76472, 0, 0
150000, 20310, 1, 0
151000, 75747, 0, 0
151000, 20290, 1, 0
152000, 77437, 0, 0
152000, 20318, 1, 0
153000, 78073, 0, 0
153000, 20320, 1, 0
154000, 75111, 0, 0
154000, 20310, 1, 0
155000, 74780, 0, 0
155000, 21691, 1, 0
156000, 78381, 0, 0
156000, 22142, 1, 0
157000, 79250, 0, 0
157000, 21684, 1, 0
158000, 78748, 0, 0
158000, 20384, 1, 0
159000, 20366, 1, 0
159000, 78754, 0, 0
160000, 78503, 0, 0
160000, 20415, 1, 0
161000, 78544, 0, 0
161000, 20328, 1, 0
162000, 20404, 1, 0
162000, 78752, 0, 0
163000, 78758, 0, 0
163000, 20494, 1, 0
164000, 78971, 0, 0
164000, 20799, 1, 0
165000, 79393, 0, 0
165000, 21648, 1, 0
166000, 82276, 0, 0
166000, 24683, 1, 0
167000, 79675, 0, 0
167000, 22290, 1, 0
168000, 79599, 0, 0
168000, 22139, 1, 0
169000, 21502, 1, 0
169000, 79188, 0, 0
170000, 21433, 1, 0
170000, 79393, 0, 0
171000, 78683, 0, 0
171000, 20319, 1, 0
172000, 79525, 0, 0
172000, 21956, 1, 0
173000, 78934, 0, 0
173000, 20842, 1, 0
174000, 78589, 0, 0
174000, 20300, 1, 0
175000, 78620, 0, 0
175000, 20358, 1, 0
176000, 78636, 0, 0
176000, 20320, 1, 0
177000, 20351, 1, 0
177000, 78659, 0, 0
178000, 78511, 0, 0
178000, 20345, 1, 0
179000, 78643, 0, 0
179000, 20341, 1, 0
180000, 78910, 0, 0
180000, 21024, 1, 0
181000, 84960, 0, 0
181000, 26000, 1, 0
182000, 78965, 0, 0
182000, 20775, 1, 0
183000, 78963, 0, 0
183000, 20746, 1, 0
184000, 78652, 0, 0
184000, 20502, 1, 0
185000, 20175, 1, 0
185000, 78491, 0, 0
186000, 78590, 0, 0
186000, 20418, 1, 0
187000, 78490, 0, 0
187000, 20161, 1, 0
188000, 78361, 0, 0
188000, 20075, 1, 0
189000, 78295, 0, 0
189000, 20131, 1, 0
190000, 78286, 0, 0
190000, 19975, 1, 0
191000, 78465, 0, 0
191000, 20161, 1, 0
192000, 79529, 0, 0
192000, 21912, 1, 0
193000, 79390, 0, 0
193000, 21765, 1, 0
194000, 78495, 0, 0
194000, 20137, 1, 0
195000, 78530, 0, 0
195000, 20211, 1, 0
196000, 78584, 0, 0
196000, 20272, 1, 0
197000, 20158, 1, 0
197000, 78552, 0, 0
198000, 78475, 0, 0
198000, 20156, 1, 0
199000, 78427, 0, 0
199000, 20158, 1, 0
200000, 78516, 0, 0
200000, 20159, 1, 0
201000, 20172, 1, 0
201000, 78594, 0, 0
202000, 78539, 0, 0
202000, 20179, 1, 0
203000, 78516, 0, 0
203000, 20148, 1, 0
204000, 78361, 0, 0
204000, 20176, 1, 0
205000, 78437, 0, 0
205000, 20171, 1, 0
206000, 78507, 0, 0
206000, 20178, 1, 0
207000, 79531, 0, 0
207000, 22198, 1, 0
208000, 78524, 0, 0
208000, 20296, 1, 0
209000, 20213, 1, 0
209000, 42941, 0, 0
210000, 23700, 0, 0
210000, 20179, 1, 0
211000, 23716, 0, 0
211000, 20223, 1, 0
212000, 20138, 1, 0
212000, 23600, 0, 0
213000, 23617, 0, 0
213000, 20150, 1, 0
214000, 23578, 0, 0
214000, 20125, 1, 0
215000, 23610, 0, 0
215000, 20141, 1, 0
216000, 23627, 0, 0
216000, 20130, 1, 0
217000, 23639, 0, 0
217000, 20145, 1, 0
218000, 23652, 0, 0
218000, 20249, 1, 0
219000, 24343, 0, 0
219000, 21733, 1, 0
220000, 20221, 1, 0
220000, 23727, 0, 0
221000, 23710, 0, 0
221000, 20261, 1, 0
222000, 20155, 1, 0
222000, 23589, 0, 0
223000, 20234, 1, 0
223000, 23702, 0, 0
224000, 23755, 0, 0
224000, 20261, 1, 0
225000, 23592, 0, 0
225000, 20105, 1, 0
226000, 23609, 0, 0
226000, 20161, 1, 0
227000, 23633, 0, 0
227000, 20133, 1, 0
228000, 24270, 0, 0
228000, 21693, 1, 0
229000, 24449, 0, 0
229000, 22108, 1, 0
230000, 24438, 0, 0
230000, 21962, 1, 0
231000, 24452, 0, 0
231000, 22010, 1, 0
232000, 23986, 0, 0
232000, 20703, 1, 0
233000, 23665, 0, 0
233000, 20168, 1, 0
234000, 23646, 0, 0
234000, 20144, 1, 0
235000, 20142, 1, 0
235000, 23651, 0, 0
236000, 23679, 0, 0
236000, 20179, 1, 0
237000, 23684, 0, 0
237000, 20165, 1, 0
238000, 20180, 1, 0
238000, 23659, 0, 0
239000, 24388, 0, 0
239000, 21821, 1, 0
240000, 23771, 0, 0
240000, 20270, 1, 0
241000, 23760, 0, 0
241000, 20242, 1, 0
242000, 23752, 0, 0
242000, 20296, 1, 0
243000, 23665, 0, 0
243000, 20154, 1, 0
244000, 23625, 0, 0
244000, 20113, 1, 0
245000, 23669, 0, 0
245000, 20155, 1, 0
246000, 23659, 0, 0
246000, 20162, 1, 0
247000, 23680, 0, 0
247000, 20196, 1, 0
248000, 23675, 0, 0
248000, 20192, 1, 0
249000, 23632, 0, 0
249000, 20180, 1, 0
250000, 23665, 0, 0
250000, 20160, 1, 0
251000, 23692, 0, 0
251000, 20157, 1, 0
252000, 23651, 0, 0
252000, 20169, 1, 0
253000, 24218, 0, 0
253000, 21461, 1, 0
254000, 23897, 0, 0
254000, 20707, 1, 0
255000, 23544, 0, 0
255000, 20141, 1, 0
256000, 20026, 1, 0
256000, 23484, 0, 0
257000, 20139, 1, 0
257000, 23644, 0, 0
258000, 23530, 0, 0
258000, 20113, 1, 0
259000, 23630, 0, 0
259000, 20190, 1, 0
260000, 23660, 0, 0
260000, 20204, 1, 0
261000, 23627, 0, 0
261000, 20148, 1, 0
262000, 23544, 0, 0
262000, 20142, 1, 0
263000, 24374, 0, 0
263000, 21938, 1, 0
264000, 20362, 1, 0
264000, 23793, 0, 0
265000, 23710, 0, 0
265000, 20237, 1, 0
266000, 20225, 1, 0
266000, 23714, 0, 0
267000, 23619, 0, 0
267000, 20137, 1, 0
268000, 23649, 0, 0
268000, 20198, 1, 0
269000, 23705, 0, 0
269000, 20198, 1, 0
270000, 20214, 1, 0
270000, 23718, 0, 0
271000, 23763, 0, 0
271000, 20277, 1, 0
272000, 20250, 1, 0
272000, 23735, 0, 0
273000, 23704, 0, 0
273000, 20216, 1, 0
274000, 23749, 0, 0
274000, 20249, 1, 0
275000, 23727, 0, 0
275000, 20240, 1, 0
276000, 20210, 1, 0
276000, 23695, 0, 0
277000, 23711, 0, 0
277000, 20251, 1, 0
278000, 23701, 0, 0
278000, 20229, 1, 0
279000, 20236, 1, 0
279000, 23697, 0, 0
280000, 23720, 0, 0
280000, 20243, 1, 0
281000, 23665, 0, 0
281000, 20205, 1, 0
282000, 23723, 0, 0
282000, 20231, 1, 0
283000, 23719, 0, 0
283000, 20247, 1, 0
284000, 23698, 0, 0
284000, 20215, 1, 0
285000, 23914, 0, 0
285000, 20599, 1, 0
286000, 24333, 0, 0
286000, 21713, 1, 0
287000, 23657, 0, 0
287000, 20166, 1, 0
288000, 20142, 1, 0
288000, 23635, 0, 0
289000, 20196, 1, 0
289000, 23675, 0, 0
290000, 20173, 1, 0
290000, 23673, 0, 0
291000, 20151, 1, 0
291000, 23655, 0, 0
292000, 20129, 1, 0
292000, 23659, 0, 0
293000, 23671, 0, 0
293000, 20164, 1, 0
294000, 23672, 0, 0
294000, 20158, 1, 0
295000, 23655, 0, 0
295000, 20173, 1, 0
296000, 23692, 0, 0
296000, 20167, 1, 0
297000, 23683, 0, 0
297000, 20167, 1, 0
298000, 20167, 1, 0
298000, 23729, 0, 0
299000, 23667, 0, 0
299000, 20163, 1, 0
300000, 20156, 1, 0
300000, 23669, 0, 0
301000, 20196, 1, 0
301000, 23695, 0, 0
302000, 20195, 1, 0
302000, 23715, 0, 0
303000, 23567, 0, 0
303000, 20118, 1, 0
304000, 20164, 1, 0
304000, 23642, 0, 0
305000, 20212, 1, 0
305000, 23645, 0, 0
306000, 20147, 1, 0
306000, 23600, 0, 0
307000, 24313, 0, 0
307000, 21866, 1, 0
308000, 23651, 0, 0
308000, 20316, 1, 0
309000, 20179, 1, 0
309000, 23600, 0, 0
310000, 23660, 0, 0
310000, 20203, 1, 0
311000, 20152, 1, 0
311000, 23604, 0, 0
312000, 23611, 0, 0
312000, 20170, 1, 0
313000, 21286, 1, 0
313000, 24143, 0, 0
314000, 24844, 0, 0
314000, 22335, 1, 0
315000, 21045, 1, 0
315000, 24020, 0, 0
316000, 20156, 1, 0
316000, 23639, 0, 0
317000, 23632, 0, 0
317000, 20186, 1, 0
318000, 23638, 0, 0
318000, 20143, 1, 0
319000, 20198, 1, 0
319000, 23649, 0, 0
320000, 21022, 1, 0
320000, 23993, 0, 0
321000, 23620, 0, 0
321000, 20183, 1, 0
322000, 23611, 0, 0
322000, 20154, 1, 0
323000, 24309, 0, 0
323000, 21817, 1, 0
324000, 24200, 0, 0
324000, 21415, 1, 0
325000, 23595, 0, 0
325000, 20152, 1, 0
326000, 23656, 0, 0
326000, 20197, 1, 0
327000, 23617, 0, 0
327000, 20185, 1, 0
328000, 23659, 0, 0
328000, 20214, 1, 0
329000, 23604, 0, 0
329000, 20174, 1, 0
330000, 23647, 0, 0
330000, 20219, 1, 0
331000, 23620, 0, 0
331000, 20158, 1, 0
332000, 20209, 1, 0
332000, 23654, 0, 0
333000, 24076, 0, 0
333000, 20853, 1, 0
334000, 23706, 0, 0
334000, 20241, 1, 0
335000, 24361, 0, 0
335000, 21650, 1, 0
336000, 20472, 1, 0
336000, 23865, 0, 0
337000, 23668, 0, 0
337000, 20187, 1, 0
338000, 23644, 0, 0
338000, 20217, 1, 0
339000, 23967, 0, 0
339000, 20850, 1, 0
340000, 23606, 0, 0
340000, 20158, 1, 0
341000, 23744, 0, 0
341000, 20339, 1, 0
342000, 23634, 0, 0
342000, 20170, 1, 0
343000, 23685, 0, 0
343000, 20206, 1, 0
344000, 23663, 0, 0
344000, 20265, 1, 0
345000, 24413, 0, 0
345000, 21890, 1, 0
346000, 20438, 1, 0
346000, 23812, 0, 0
347000, 24289, 0, 0
347000, 21717, 1, 0
348000, 21231, 1, 0
348000, 24048, 0, 0
349000, 23760, 0, 0
349000, 20420, 1, 0
350000, 23712, 0, 0
350000, 20298, 1, 0
351000, 23747, 0, 0
351000, 20311, 1, 0
352000, 23619, 0, 0
352000, 20163, 1, 0
353000, 23608, 0, 0
353000, 20141, 1, 0
354000, 23647, 0, 0
354000, 20184, 1, 0
355000, 23659, 0, 0
355000, 20199, 1, 0
356000, 23649, 0, 0
356000, 20189, 1, 0
357000, 23670, 0, 0
357000, 20211, 1, 0
358000, 23638, 0, 0
358000, 20184, 1, 0
359000, 23555, 0, 0
359000, 20110, 1, 0
360000, 23608, 0, 0
360000, 20157, 1, 0
361000, 23649, 0, 0
361000, 20203, 1, 0
362000, 20214, 1, 0
362000, 23637, 0, 0
363000, 23575, 0, 0
363000, 20116, 1, 0
364000, 23662, 0, 0
364000, 20210, 1, 0
365000, 23592, 0, 0
365000, 20147, 1, 0
366000, 23649, 0, 0
366000, 20176, 1, 0
367000, 23628, 0, 0
367000, 20169, 1, 0
368000, 20209, 1, 0
368000, 23664, 0, 0
369000, 24313, 0, 0
369000, 21728, 1, 0
370000, 20544, 1, 0
370000, 23813, 0, 0
371000, 20227, 1, 0
371000, 23650, 0, 0
372000, 23636, 0, 0
372000, 20183, 1, 0
373000, 23606, 0, 0
373000, 20170, 1, 0
374000, 23600, 0, 0
374000, 20154, 1, 0
375000, 24019, 0, 0
375000, 20824, 1, 0
376000, 20188, 1, 0
376000, 23666, 0, 0
377000, 23610, 0, 0
377000, 20157, 1, 0
378000, 20077, 1, 0
378000, 23535, 0, 0
379000, 23933, 0, 0
379000, 20857, 1, 0
380000, 24402, 0, 0
380000, 22024, 1, 0
381000, 20240, 1, 0
381000, 23671, 0, 0
382000, 23564, 0, 0
382000, 20094, 1, 0
383000, 23662, 0, 0
383000, 20207, 1, 0
384000, 20202, 1, 0
384000, 23691, 0, 0
385000, 23642, 0, 0
385000, 20201, 1, 0
386000, 23622, 0, 0
386000, 20167, 1, 0
387000, 24338, 0, 0
387000, 21864, 1, 0
388000, 23639, 0, 0
388000, 20173, 1, 0
389000, 23689, 0, 0
389000, 20326, 1, 0
390000, 24381, 0, 0
390000, 21997, 1, 0
391000, 24217, 0, 0
391000, 21352, 1, 0
392000, 23688, 0, 0
392000, 20243, 1, 0
393000, 20118, 1, 0
393000, 23569, 0, 0
394000, 20144, 1, 0
394000, 23597, 0, 0
395000, 20127, 1, 0
395000, 23592, 0, 0
396000, 23626, 0, 0
396000, 20133, 1, 0
397000, 23849, 0, 0
397000, 20807, 1, 0
398000, 24024, 0, 0
398000, 21042, 1, 0
399000, 23638, 0, 0
399000, 20178, 1, 0
400000, 20186, 1, 0
400000, 23669, 0, 0
401000, 23614, 0, 0
401000, 20211, 1, 0
402000, 23598, 0, 0
402000, 20146, 1, 0
403000, 23673, 0, 0
403000, 20237, 1, 0
404000, 20173, 1, 0
404000, 23628, 0, 0
405000, 20125, 1, 0
405000, 23603, 0, 0
406000, 20207, 1, 0
406000, 23667, 0, 0
407000, 23640, 0, 0
407000, 20198, 1, 0
408000, 23703, 0, 0
408000, 20207, 1, 0
409000, 23669, 0, 0
409000, 20278, 1, 0
410000, 23614, 0, 0
410000, 20171, 1, 0
411000, 23862, 0, 0
411000, 20737, 1, 0
412000, 24118, 0, 0
412000, 21234, 1, 0
413000, 21417, 1, 0
413000, 24173, 0, 0
414000, 23870, 0, 0
414000, 20647, 1, 0
415000, 20186, 1, 0
415000, 23666, 0, 0
416000, 23737, 0, 0
416000, 20246, 1, 0
417000, 20178, 1, 0
417000, 23670, 0, 0
418000, 23692, 0, 0
418000, 20188, 1, 0
419000, 23774, 0, 0
419000, 20425, 1, 0
420000, 24155, 0, 0
420000, 21401, 1, 0
421000, 24269, 0, 0
421000, 21613, 1, 0
422000, 23625, 0, 0
422000, 20150, 1, 0
423000, 20147, 1, 0
423000, 23618, 0, 0
424000, 23642, 0, 0
424000, 20194, 1, 0
425000, 20152, 1, 0
425000, 23590, 0, 0
426000, 20189, 1, 0
426000, 23659, 0, 0
427000, 20191, 1, 0
427000, 23665, 0, 0
428000, 20187, 1, 0
428000, 23639, 0, 0
429000, 23647, 0, 0
429000, 20189, 1, 0
430000, 23631, 0, 0
430000, 20174, 1, 0
431000, 20217, 1, 0
431000, 23644, 0, 0
432000, 23612, 0, 0
432000, 20169, 1, 0
433000, 23605, 0, 0
433000, 20194, 1, 0
434000, 23642, 0, 0
434000, 20167, 1, 0
435000, 23672, 0, 0
435000, 20269, 1, 0
436000, 22045, 1, 0
436000, 24582, 0, 0
437000, 23767, 0, 0
437000, 20633, 1, 0
438000, 23633, 0, 0
438000, 20175, 1, 0
439000, 21241, 1, 0
439000, 24032, 0, 0
440000, 20761, 1, 0
440000, 23863, 0, 0
441000, 23597, 0, 0
441000, 20129, 1, 0
442000, 23634, 0, 0
442000, 20184, 1, 0
443000, 23670, 0, 0
443000, 20180, 1, 0
444000, 23671, 0, 0
444000, 20204, 1, 0
445000, 23675, 0, 0
445000, 20186, 1, 0
446000, 23806, 0, 0
446000, 20414, 1, 0
447000, 22036, 1, 0
447000, 24402, 0, 0
448000, 23985, 0, 0
448000, 20615, 1, 0
449000, 20229, 1, 0
449000, 23668, 0, 0
450000, 23643, 0, 0
450000, 20197, 1, 0
451000, 20219, 1, 0
451000, 23705, 0, 0
452000, 20165, 1, 0
452000, 23657, 0, 0
453000, 20153, 1, 0
453000, 23651, 0, 0
454000, 20189, 1, 0
454000, 23678, 0, 0
455000, 20200, 1, 0
455000, 23689, 0, 0
456000, 23669, 0, 0
456000, 20190, 1, 0
457000, 23725, 0, 0
457000, 20287, 1, 0
458000, 24341, 0, 0
458000, 21825, 1, 0
459000, 20374, 1, 0
459000, 23764, 0, 0
460000, 20200, 1, 0
460000, 23661, 0, 0
461000, 23648, 0, 0
461000, 20184, 1, 0
462000, 23642, 0, 0
462000, 20155, 1, 0
463000, 23684, 0, 0
463000, 20213, 1, 0
464000, 23648, 0, 0
464000, 20170, 1, 0
465000, 20158, 1, 0
465000, 23651, 0, 0
466000, 23707, 0, 0
466000, 20196, 1, 0
467000, 23656, 0, 0
467000, 20181, 1, 0
468000, 23658, 0, 0
468000, 20196, 1, 0
469000, 23596, 0, 0
469000, 20164, 1, 0
470000, 23688, 0, 0
470000, 20182, 1, 0
471000, 23600, 0, 0
471000, 20192, 1, 0
472000, 20184, 1, 0
472000, 23655, 0, 0
473000, 23839, 0, 0
473000, 20636, 1, 0
474000, 24303, 0, 0
474000, 21666, 1, 0
475000, 23835, 0, 0
475000, 20415, 1, 0
476000, 23586, 0, 0
476000, 20165, 1, 0
477000, 23705, 0, 0
477000, 20249, 1, 0
478000, 23689, 0, 0
478000, 20204, 1, 0
479000, 20200, 1, 0
479000, 23682, 0, 0
480000, 20135, 1, 0
480000, 23641, 0, 0
481000, 23683, 0, 0
481000, 20187, 1, 0
482000, 23657, 0, 0
482000, 20162, 1, 0
483000, 20282, 1, 0
483000, 23725, 0, 0
484000, 23571, 0, 0
484000, 20150, 1, 0
485000, 23597, 0, 0
485000, 20184, 1, 0
486000, 20162, 1, 0
486000, 23595, 0, 0
487000, 23565, 0, 0
487000, 20104, 1, 0
488000, 23593, 0, 0
488000, 20161, 1, 0
489000, 24004, 0, 0
489000, 21092, 1, 0
490000, 24277, 0, 0
490000, 21388, 1, 0
491000, 23818, 0, 0
491000, 20440, 1, 0
492000, 23740, 0, 0
492000, 20268, 1, 0
493000, 20205, 1, 0
493000, 23666, 0, 0
494000, 23726, 0, 0
494000, 20251, 1, 0
495000, 20201, 1, 0
495000, 23645, 0, 0
496000, 20249, 1, 0
496000, 23725, 0, 0
497000, 23638, 0, 0
497000, 20207, 1, 0
498000, 23676, 0, 0
498000, 20248, 1, 0
499000, 23732, 0, 0
499000, 20270, 1, 0
500000, 20429, 1, 0
500000, 23790, 0, 0
501000, 24290, 0, 0
501000, 21715, 1, 0
502000, 23582, 0, 0
502000, 20123, 1, 0
503000, 23638, 0, 0
503000, 20180, 1, 0
504000, 23605, 0, 0
504000, 20164, 1, 0
505000, 23540, 0, 0
505000, 20107, 1, 0
506000, 23445, 0, 0
506000, 20039, 1, 0
507000, 20095, 1, 0
507000, 23532, 0, 0
508000, 23528, 0, 0
508000, 20060, 1, 0
509000, 23527, 0, 0
509000, 20093, 1, 0
510000, 20089, 1, 0
510000, 23506, 0, 0
511000, 23594, 0, 0
511000, 20133, 1, 0
512000, 20121, 1, 0
512000, 23573, 0, 0
513000, 23532, 0, 0
513000, 20106, 1, 0
514000, 23454, 0, 0
514000, 20049, 1, 0
515000, 23505, 0, 0
515000, 20106, 1, 0
516000, 23605, 0, 0
516000, 20162, 1, 0
517000, 23563, 0, 0
517000, 20179, 1, 0
518000, 23604, 0, 0
518000, 20147, 1, 0
519000, 23591, 0, 0
519000, 20231, 1, 0
520000, 23600, 0, 0
520000, 20161, 1, 0
521000, 23597, 0, 0
521000, 20177, 1, 0
522000, 23559, 0, 0
522000, 20180, 1, 0
523000, 20227, 1, 0
523000, 23641, 0, 0
524000, 20162, 1, 0
524000, 23583, 0, 0
525000, 23692, 0, 0
525000, 20348, 1, 0
526000, 24315, 0, 0
526000, 21708, 1, 0
527000, 23726, 0, 0
527000, 20280, 1, 0
528000, 20263, 1, 0
528000, 23715, 0, 0
529000, 20216, 1, 0
529000, 23702, 0, 0
530000, 20255, 1, 0
530000, 23733, 0, 0
531000, 23688, 0, 0
531000, 20220, 1, 0
532000, 23758, 0, 0
532000, 20282, 1, 0
533000, 23653, 0, 0
533000, 20216, 1, 0
534000, 23708, 0, 0
534000, 20244, 1, 0
535000, 24021, 0, 0
535000, 21004, 1, 0
536000, 21072, 1, 0
536000, 23980, 0, 0
537000, 23534, 0, 0
537000, 20106, 1, 0
538000, 20144, 1, 0
538000, 23596, 0, 0
539000, 20190, 1, 0
539000, 23598, 0, 0
540000, 23637, 0, 0
540000, 20177, 1, 0
541000, 23571, 0, 0
541000, 20125, 1, 0
542000, 23640, 0, 0
542000, 20188, 1, 0
543000, 23625, 0, 0
543000, 20193, 1, 0
544000, 23572, 0, 0
544000, 20126, 1, 0
545000, 23617, 0, 0
545000, 20172, 1, 0
546000, 23586, 0, 0
546000, 20160, 1, 0
547000, 23641, 0, 0
547000, 20175, 1, 0
548000, 23643, 0, 0
548000, 20193, 1, 0
549000, 23583, 0, 0
549000, 20159, 1, 0
550000, 23618, 0, 0
550000, 20167, 1, 0
551000, 23643, 0, 0
551000, 20187, 1, 0
552000, 20124, 1, 0
552000, 23580, 0, 0
553000, 23647, 0, 0
553000, 20229, 1, 0
554000, 23602, 0, 0
554000, 20145, 1, 0
555000, 20173, 1, 0
555000, 23625, 0, 0
556000, 23583, 0, 0
556000, 20152, 1, 0
557000, 23592, 0, 0
557000, 20143, 1, 0
558000, 23596, 0, 0
558000, 20155, 1, 0
559000, 23613, 0, 0
559000, 20167, 1, 0
560000, 23571, 0, 0
560000, 20127, 1, 0
561000, 20170, 1, 0
561000, 23618, 0, 0
562000, 23580, 0, 0
562000, 20159, 1, 0
563000, 20154, 1, 0
563000, 23600, 0, 0
564000, 23565, 0, 0
564000, 20109, 1, 0
565000, 23586, 0, 0
565000, 20147, 1, 0
566000, 23631, 0, 0
566000, 20238, 1, 0
567000, 23565, 0, 0
567000, 20164, 1, 0
568000, 20121, 1, 0
568000, 23567, 0, 0
569000, 23614, 0, 0
569000, 20198, 1, 0
570000, 23630, 0, 0
570000, 20183, 1, 0
571000, 20178, 1, 0
571000, 23580, 0, 0
572000, 24446, 0, 0
572000, 22057, 1, 0
573000, 20336, 1, 0
573000, 23784, 0, 0
574000, 23662, 0, 0
574000, 20217, 1, 0
575000, 23698, 0, 0
575000, 20241, 1, 0
576000, 23737, 0, 0
576000, 20271, 1, 0
577000, 20362, 1, 0
577000, 23773, 0, 0
578000, 23720, 0, 0
578000, 20305, 1, 0
579000, 20246, 1, 0
579000, 23659, 0, 0
580000, 23613, 0, 0
580000, 20157, 1, 0
581000, 20124, 1, 0
581000, 23589, 0, 0
582000, 23593, 0, 0
582000, 20148, 1, 0
583000, 20133, 1, 0
583000, 23588, 0, 0
584000, 23550, 0, 0
584000, 20110, 1, 0
585000, 23601, 0, 0
585000, 20141, 1, 0
586000, 23598, 0, 0
586000, 20127, 1, 0
587000, 23573, 0, 0
587000, 20145, 1, 0
588000, 23556, 0, 0
588000, 20149, 1, 0
589000, 23596, 0, 0
589000, 20160, 1, 0
590000, 23591, 0, 0
590000, 20132, 1, 0
591000, 23560, 0, 0
591000, 20128, 1, 0
592000, 23523, 0, 0
592000, 20119, 1, 0
593000, 23607, 0, 0
593000, 20147, 1, 0
594000, 20091, 1, 0
594000, 23537, 0, 0
595000, 23607, 0, 0
595000, 20151, 1, 0
596000, 23618, 0, 0
596000, 20147, 1, 0
597000, 20672, 1, 0
597000, 23850, 0, 0
598000, 23626, 0, 0
598000, 20245, 1, 0
599000, 20173, 1, 0
599000, 23609, 0, 0
600000, 23584, 0, 0
600000, 20152, 1, 0
601000, 20178, 1, 0
601000, 23594, 0, 0
602000, 23776, 0, 0
602000, 20563, 1, 0
603000, 22271, 1, 0
603000, 24506, 0, 0
604000, 21259, 1, 0
604000, 24387, 0, 0
605000, 23992, 0, 0
605000, 20953, 1, 0
606000, 24252, 0, 0
606000, 21564, 1, 0
607000, 23732, 0, 0
607000, 20272, 1, 0
608000, 23737, 0, 0
608000, 20337, 1, 0
609000, 20289, 1, 0
609000, 23698, 0, 0
610000, 20232, 1, 0
610000, 23701, 0, 0
611000, 23670, 0, 0
611000, 20215, 1, 0
612000, 23729, 0, 0
612000, 20248, 1, 0
613000, 23737, 0, 0
613000, 20260, 1, 0
614000, 23689, 0, 0
614000, 20220, 1, 0
615000, 23718, 0, 0
615000, 20232, 1, 0
616000, 24351, 0, 0
616000, 21814, 1, 0
617000, 23919, 0, 0
617000, 20733, 1, 0
618000, 23721, 0, 0
618000, 20260, 1, 0
619000, 23757, 0, 0
619000, 20318, 1, 0
620000, 23711, 0, 0
620000, 20230, 1, 0
621000, 23715, 0, 0
621000, 20254, 1, 0
622000, 23704, 0, 0
622000, 20251, 1, 0
623000, 20242, 1, 0
623000, 23696, 0, 0
624000, 23709, 0, 0
624000, 20239, 1, 0
625000, 20289, 1, 0
625000, 23734, 0, 0
626000, 20272, 1, 0
626000, 23727, 0, 0
627000, 20271, 1, 0
627000, 23718, 0, 0
628000, 23704, 0, 0
628000, 20235, 1, 0
629000, 23702, 0, 0
629000, 20240, 1, 0
630000, 23696, 0, 0
630000, 20256, 1, 0
631000, 24113, 0, 0
631000, 21176, 1, 0
632000, 24008, 0, 0
632000, 21048, 1, 0
633000, 23679, 0, 0
633000, 20236, 1, 0
634000, 23787, 0, 0
634000, 20351, 1, 0
635000, 20257, 1, 0
635000, 23715, 0, 0
636000, 23644, 0, 0
636000, 20232, 1, 0
637000, 23738, 0, 0
637000, 20265, 1, 0
638000, 23711, 0, 0
638000, 20243, 1, 0
639000, 23709, 0, 0
639000, 20254, 1, 0
640000, 20250, 1, 0
640000, 23705, 0, 0
641000, 20260, 1, 0
641000, 23695, 0, 0
642000, 21790, 1, 0
642000, 24314, 0, 0
643000, 21677, 1, 0
643000, 24333, 0, 0
644000, 23821, 0, 0
644000, 20369, 1, 0
645000, 23694, 0, 0
645000, 20243, 1, 0
646000, 20237, 1, 0
646000, 23713, 0, 0
647000, 20255, 1, 0
647000, 23706, 0, 0
648000, 20284, 1, 0
648000, 23753, 0, 0
649000, 23729, 0, 0
649000, 20275, 1, 0
650000, 23781, 0, 0
650000, 20378, 1, 0
651000, 24363, 0, 0
651000, 21943, 1, 0
652000, 23758, 0, 0
652000, 20314, 1, 0
653000, 20250, 1, 0
653000, 23696, 0, 0
654000, 23719, 0, 0
654000, 20277, 1, 0
655000, 23715, 0, 0
655000, 20282, 1, 0
656000, 23725, 0, 0
656000, 20272, 1, 0
657000, 23809, 0, 0
657000, 20382, 1, 0
658000, 23854, 0, 0
658000, 20473, 1, 0
659000, 23852, 0, 0
659000, 20483, 1, 0
660000, 20264, 1, 0
660000, 23710, 0, 0
661000, 23712, 0, 0
661000, 20241, 1, 0
662000, 20226, 1, 0
662000, 23687, 0, 0
663000, 20261, 1, 0
663000, 23714, 0, 0
664000, 23699, 0, 0
664000, 20206, 1, 0
665000, 20245, 1, 0
665000, 23680, 0, 0
666000, 23712, 0, 0
666000, 20264, 1, 0
667000, 20272, 1, 0
667000, 23723, 0, 0
668000, 20264, 1, 0
668000, 23729, 0, 0
669000, 20285, 1, 0
669000, 23726, 0, 0
670000, 23734, 0, 0
670000, 20266, 1, 0
671000, 23722, 0, 0
671000, 20257, 1, 0
672000, 23654, 0, 0
672000, 20201, 1, 0
673000, 23711, 0, 0
673000, 20265, 1, 0
674000, 23720, 0, 0
674000, 20251, 1, 0
675000, 23694, 0, 0
675000, 20214, 1, 0
676000, 20583, 1, 0
676000, 23844, 0, 0
677000, 24221, 0, 0
677000, 21468, 1, 0
678000, 23671, 0, 0
678000, 20239, 1, 0
679000, 23741, 0, 0
679000, 20349, 1, 0
680000, 20257, 1, 0
680000, 23732, 0, 0
681000, 23676, 0, 0
681000, 20219, 1, 0
682000, 23676, 0, 0
682000, 20209, 1, 0
683000, 20251, 1, 0
683000, 23717, 0, 0
684000, 20224, 1, 0
684000, 23704, 0, 0
685000, 23668, 0, 0
685000, 20241, 1, 0
686000, 23711, 0, 0
686000, 20241, 1, 0
687000, 23710, 0, 0
687000, 20241, 1, 0
688000, 23695, 0, 0
688000, 20230, 1, 0
689000, 23666, 0, 0
689000, 20260, 1, 0
690000, 23686, 0, 0
690000, 20301, 1, 0
691000, 20278, 1, 0
691000, 23718, 0, 0
692000, 23750, 0, 0
692000, 20304, 1, 0
693000, 20240, 1, 0
693000, 23713, 0, 0
694000, 23737, 0, 0
694000, 20325, 1, 0
695000, 23715, 0, 0
695000, 20317, 1, 0
696000, 23694, 0, 0
696000, 20246, 1, 0
697000, 20212, 1, 0
697000, 23655, 0, 0
698000, 23880, 0, 0
698000, 20634, 1, 0
699000, 24172, 0, 0
699000, 21486, 1, 0
700000, 20215, 1, 0
700000, 23705, 0, 0
701000, 23744, 0, 0
701000, 20266, 1, 0
702000, 23758, 0, 0
702000, 20316, 1, 0
703000, 23736, 0, 0
703000, 20262, 1, 0
704000, 20245, 1, 0
704000, 23697, 0, 0
705000, 20233, 1, 0
705000, 23694, 0, 0
706000, 23703, 0, 0
706000, 20245, 1, 0
707000, 20250, 1, 0
707000, 23689, 0, 0
708000, 23642, 0, 0
708000, 20189, 1, 0
709000, 23779, 0, 0
709000, 20292, 1, 0
710000, 23718, 0, 0
710000, 20266, 1, 0
711000, 23728, 0, 0
711000, 20263, 1, 0
712000, 23920, 0, 0
712000, 20701, 1, 0
713000, 24165, 0, 0
713000, 21432, 1, 0
714000, 23738, 0, 0
714000, 20268, 1, 0
715000, 23726, 0, 0
715000, 20258, 1, 0
716000, 23733, 0, 0
716000, 20292, 1, 0
717000, 20245, 1, 0
717000, 23675, 0, 0
718000, 23699, 0, 0
718000, 20215, 1, 0
719000, 23699, 0, 0
719000, 20241, 1, 0
720000, 23746, 0, 0
720000, 20266, 1, 0
721000, 20249, 1, 0
721000, 23702, 0, 0
722000, 23679, 0, 0
722000, 20229, 1, 0
723000, 20333, 1, 0
723000, 23780, 0, 0
724000, 23724, 0, 0
724000, 20254, 1, 0
725000, 23684, 0, 0
725000, 20238, 1, 0
726000, 23701, 0, 0
726000, 20233, 1, 0
727000, 23705, 0, 0
727000, 20239, 1, 0
728000, 23645, 0, 0
728000, 20191, 1, 0
729000, 23647, 0, 0
729000, 20177, 1, 0
730000, 23651, 0, 0
730000, 20208, 1, 0
731000, 23809, 0, 0
731000, 20350, 1, 0
732000, 20209, 1, 0
732000, 23671, 0, 0
733000, 23733, 0, 0
733000, 20265, 1, 0
734000, 23667, 0, 0
734000, 20228, 1, 0
735000, 23740, 0, 0
735000, 20267, 1, 0
736000, 20243, 1, 0
736000, 23725, 0, 0
737000, 23724, 0, 0
737000, 20266, 1, 0
738000, 23706, 0, 0
738000, 20268, 1, 0
739000, 23802, 0, 0
739000, 20522, 1, 0
740000, 24034, 0, 0
740000, 20970, 1, 0
741000, 23888, 0, 0
741000, 20528, 1, 0
742000, 24395, 0, 0
742000, 21971, 1, 0
743000, 23734, 0, 0
743000, 20316, 1, 0
744000, 23727, 0, 0
744000, 20242, 1, 0
745000, 23664, 0, 0
745000, 20207, 1, 0
746000, 23690, 0, 0
746000, 20240, 1, 0
747000, 23750, 0, 0
747000, 20297, 1, 0
748000, 23722, 0, 0
748000, 20249, 1, 0
749000, 23665, 0, 0
749000, 20221, 1, 0
750000, 23682, 0, 0
750000, 20243, 1, 0
751000, 23740, 0, 0
751000, 20265, 1, 0
752000, 23746, 0, 0
752000, 20269, 1, 0
753000, 23728, 0, 0
753000, 20241, 1, 0
754000, 23681, 0, 0
754000, 20228, 1, 0
755000, 23708, 0, 0
755000, 20239, 1, 0
756000, 23729, 0, 0
756000, 20277, 1, 0
757000, 20191, 1, 0
757000, 23669, 0, 0
758000, 23672, 0, 0
758000, 20214, 1, 0
759000, 23697, 0, 0
759000, 20266, 1, 0
760000, 23706, 0, 0
760000, 20238, 1, 0
761000, 20267, 1, 0
761000, 23744, 0, 0
762000, 24086, 0, 0
762000, 21317, 1, 0
763000, 24102, 0, 0
763000, 21311, 1, 0
764000, 20128, 1, 0
764000, 23575, 0, 0
765000, 23517, 0, 0
765000, 20085, 1, 0
766000, 23534, 0, 0
766000, 20086, 1, 0
767000, 20124, 1, 0
767000, 23599, 0, 0
768000, 20131, 1, 0
768000, 23560, 0, 0
769000, 23598, 0, 0
769000, 20146, 1, 0
770000, 20082, 1, 0
770000, 23547, 0, 0
771000, 23628, 0, 0
771000, 20159, 1, 0
772000, 23571, 0, 0
772000, 20105, 1, 0
773000, 23579, 0, 0
773000, 20136, 1, 0
774000, 23567, 0, 0
774000, 20164, 1, 0
775000, 20135, 1, 0
775000, 23571, 0, 0
776000, 23738, 0, 0
776000, 20476, 1, 0
777000, 24574, 0, 0
777000, 22540, 1, 0
778000, 24519, 0, 0
778000, 22236, 1, 0
779000, 24362, 0, 0
779000, 21810, 1, 0
780000, 20321, 1, 0
780000, 23735, 0, 0
781000, 23752, 0, 0
781000, 20345, 1, 0
782000, 23704, 0, 0
782000, 20308, 1, 0
783000, 20243, 1, 0
783000, 23700, 0, 0
784000, 23791, 0, 0
784000, 20354, 1, 0
785000, 20250, 1, 0
785000, 23683, 0, 0
786000, 20265, 1, 0
786000, 23737, 0, 0
787000, 20258, 1, 0
787000, 23735, 0, 0
788000, 23726, 0, 0
788000, 20246, 1, 0
789000, 23743, 0, 0
789000, 20306, 1, 0
790000, 23985, 0, 0
790000, 20901, 1, 0
791000, 23725, 0, 0
791000, 20286, 1, 0
792000, 23733, 0, 0
792000, 20246, 1, 0
793000, 23623, 0, 0
793000, 20188, 1, 0
794000, 20200, 1, 0
794000, 23658, 0, 0
795000, 20255, 1, 0
795000, 23703, 0, 0
796000, 23704, 0, 0
796000, 20248, 1, 0
797000, 23718, 0, 0
797000, 20257, 1, 0
798000, 21204, 1, 0
798000, 24077, 0, 0
799000, 20728, 1, 0
799000, 23848, 0, 0
800000, 20160, 1, 0
800000, 23648, 0, 0
801000, 23588, 0, 0
801000, 20108, 1, 0
802000, 23711, 0, 0
802000, 20287, 1, 0
803000, 20240, 1, 0
803000, 23691, 0, 0
804000, 23679, 0, 0
804000, 20242, 1, 0
805000, 20183, 1, 0
805000, 23652, 0, 0
806000, 23678, 0, 0
806000, 20205, 1, 0
807000, 20246, 1, 0
807000, 23734, 0, 0
808000, 23687, 0, 0
808000, 20241, 1, 0
809000, 23720, 0, 0
809000, 20257, 1, 0
810000, 21834, 1, 0
810000, 24345, 0, 0
811000, 23563, 0, 0
811000, 20121, 1, 0
812000, 23577, 0, 0
812000, 20112, 1, 0
813000, 20097, 1, 0
813000, 23545, 0, 0
814000, 23593, 0, 0
814000, 20117, 1, 0
815000, 23625, 0, 0
815000, 20154, 1, 0
816000, 23555, 0, 0
816000, 20110, 1, 0
817000, 23609, 0, 0
817000, 20145, 1, 0
818000, 23582, 0, 0
818000, 20138, 1, 0
819000, 23637, 0, 0
819000, 20190, 1, 0
820000, 23583, 0, 0
820000, 20124, 1, 0
821000, 23565, 0, 0
821000, 20114, 1, 0
822000, 24331, 0, 0
822000, 21810, 1, 0
823000, 20808, 1, 0
823000, 24090, 0, 0
824000, 23707, 0, 0
824000, 20249, 1, 0
825000, 20236, 1, 0
825000, 23710, 0, 0
826000, 23724, 0, 0
826000, 20239, 1, 0
827000, 20239, 1, 0
827000, 23713, 0, 0
828000, 20254, 1, 0
828000, 23715, 0, 0
829000, 20290, 1, 0
829000, 23722, 0, 0
830000, 23726, 0, 0
830000, 20260, 1, 0
831000, 23702, 0, 0
831000, 20242, 1, 0
832000, 23686, 0, 0
832000, 20217, 1, 0
833000, 23691, 0, 0
833000, 20239, 1, 0
834000, 20235, 1, 0
834000, 23691, 0, 0
835000, 24434, 0, 0
835000, 22058, 1, 0
836000, 23666, 0, 0
836000, 20248, 1, 0
837000, 23606, 0, 0
837000, 20137, 1, 0
838000, 23632, 0, 0
838000, 20213, 1, 0
839000, 23704, 0, 0
839000, 20238, 1, 0
840000, 23662, 0, 0
840000, 20200, 1, 0
841000, 20213, 1, 0
841000, 23688, 0, 0
842000, 20209, 1, 0
842000, 23673, 0, 0
843000, 23704, 0, 0
843000, 20241, 1, 0
844000, 23708, 0, 0
844000, 20244, 1, 0
845000, 23678, 0, 0
845000, 20226, 1, 0
846000, 21044, 1, 0
846000, 23993, 0, 0
847000, 23958, 0, 0
847000, 20976, 1, 0
848000, 20144, 1, 0
848000, 23588, 0, 0
849000, 23558, 0, 0
849000, 20102, 1, 0
850000, 23505, 0, 0
850000, 20084, 1, 0
851000, 23624, 0, 0
851000, 20144, 1, 0
852000, 23570, 0, 0
852000, 20133, 1, 0
853000, 23543, 0, 0
853000, 20114, 1, 0
854000, 23595, 0, 0
854000, 20162, 1, 0
855000, 23585, 0, 0
855000, 20142, 1, 0
856000, 20123, 1, 0
856000, 23588, 0, 0
857000, 23561, 0, 0
857000, 20104, 1, 0
858000, 21677, 1, 0
858000, 24266, 0, 0
859000, 23805, 0, 0
859000, 20581, 1, 0
860000, 23739, 0, 0
860000, 20251, 1, 0
861000, 20236, 1, 0
861000, 23713, 0, 0
862000, 23738, 0, 0
862000, 20335, 1, 0
863000, 23639, 0, 0
863000, 20241, 1, 0
864000, 23688, 0, 0
864000, 20263, 1, 0
865000, 23623, 0, 0
865000, 20154, 1, 0
866000, 23718, 0, 0
866000, 20263, 1, 0
867000, 23702, 0, 0
867000, 20296, 1, 0
868000, 23711, 0, 0
868000, 20328, 1, 0
869000, 20280, 1, 0
869000, 23715, 0, 0
870000, 23687, 0, 0
870000, 20228, 1, 0
871000, 23738, 0, 0
871000, 20249, 1, 0
872000, 20195, 1, 0
872000, 23647, 0, 0
873000, 20256, 1, 0
873000, 23742, 0, 0
874000, 20944, 1, 0
874000, 24001, 0, 0
875000, 24414, 0, 0
875000, 22076, 1, 0
876000, 20665, 1, 0
876000, 23863, 0, 0
877000, 23710, 0, 0
877000, 20248, 1, 0
878000, 20203, 1, 0
878000, 23663, 0, 0
879000, 23714, 0, 0
879000, 20259, 1, 0
880000, 23695, 0, 0
880000, 20241, 1, 0
881000, 23635, 0, 0
881000, 20177, 1, 0
882000, 24202, 0, 0
882000, 21548, 1, 0
883000, 24309, 0, 0
883000, 21795, 1, 0
884000, 23546, 0, 0
884000, 20117, 1, 0
885000, 23469, 0, 0
885000, 20064, 1, 0
886000, 20084, 1, 0
886000, 23565, 0, 0
887000, 23610, 0, 0
887000, 20134, 1, 0
888000, 23512, 0, 0
888000, 20082, 1, 0
889000, 23538, 0, 0
889000, 20090, 1, 0
890000, 23574, 0, 0
890000, 20144, 1, 0
891000, 23594, 0, 0
891000, 20157, 1, 0
892000, 21701, 1, 0
892000, 24246, 0, 0
893000, 20376, 1, 0
893000, 23773, 0, 0
894000, 23702, 0, 0
894000, 20230, 1, 0
895000, 23691, 0, 0
895000, 20205, 1, 0
896000, 23740, 0, 0
896000, 20345, 1, 0
897000, 20402, 1, 0
897000, 23748, 0, 0
898000, 20454, 1, 0
898000, 23821, 0, 0
899000, 23861, 0, 0
899000, 20507, 1, 0
900000, 23833, 0, 0
900000, 20444, 1, 0
901000, 23814, 0, 0
901000, 20452, 1, 0
902000, 20713, 1, 0
902000, 23900, 0, 0
903000, 22043, 1, 0
903000, 24418, 0, 0
904000, 23890, 0, 0
904000, 20823, 1, 0
905000, 23583, 0, 0
905000, 20135, 1, 0
906000, 20152, 1, 0
906000, 23602, 0, 0
907000, 20135, 1, 0
907000, 23595, 0, 0
908000, 23622, 0, 0
908000, 20140, 1, 0
909000, 20140, 1, 0
909000, 23561, 0, 0
910000, 23584, 0, 0
910000, 20121, 1, 0
911000, 23559, 0, 0
911000, 20119, 1, 0
912000, 23565, 0, 0
912000, 20107, 1, 0
913000, 23608, 0, 0
913000, 20140, 1, 0
914000, 23696, 0, 0
914000, 20256, 1, 0
915000, 20148, 1, 0
915000, 23611, 0, 0
916000, 23581, 0, 0
916000, 20122, 1, 0
917000, 23539, 0, 0
917000, 20089, 1, 0
918000, 20157, 1, 0
918000, 23587, 0, 0
919000, 23605, 0, 0
919000, 20167, 1, 0
920000, 20088, 1, 0
920000, 23562, 0, 0
921000, 20155, 1, 0
921000, 23609, 0, 0
922000, 23557, 0, 0
922000, 20128, 1, 0
923000, 23666, 0, 0
923000, 20199, 1, 0
924000, 24209, 0, 0
924000, 21532, 1, 0
925000, 24412, 0, 0
925000, 21783, 1, 0
926000, 23939, 0, 0
926000, 20543, 1, 0
927000, 23876, 0, 0
927000, 20407, 1, 0
928000, 23857, 0, 0
928000, 20419, 1, 0
929000, 23784, 0, 0
929000, 20370, 1, 0
930000, 20367, 1, 0
930000, 23780, 0, 0
931000, 23836, 0, 0
931000, 20391, 1, 0
932000, 20326, 1, 0
932000, 23790, 0, 0
933000, 20365, 1, 0
933000, 23807, 0, 0
934000, 23832, 0, 0
934000, 20400, 1, 0
935000, 23878, 0, 0
935000, 20431, 1, 0
936000, 24104, 0, 0
936000, 20985, 1, 0
937000, 25092, 0, 0
937000, 22800, 1, 0
938000, 22035, 1, 0
938000, 24416, 0, 0
939000, 23662, 0, 0
939000, 20235, 1, 0
940000, 23624, 0, 0
940000, 20157, 1, 0
941000, 23668, 0, 0
941000, 20200, 1, 0
942000, 23700, 0, 0
942000, 20249, 1, 0
943000, 20235, 1, 0
943000, 23689, 0, 0
944000, 20262, 1, 0
944000, 23706, 0, 0
945000, 20218, 1, 0
945000, 23675, 0, 0
946000, 23642, 0, 0
946000, 20205, 1, 0
947000, 23657, 0, 0
947000, 20205, 1, 0
948000, 23696, 0, 0
948000, 20226, 1, 0
949000, 20307, 1, 0
949000, 23682, 0, 0
950000, 24061, 0, 0
950000, 21108, 1, 0
951000, 23680, 0, 0
951000, 20273, 1, 0
952000, 23938, 0, 0
952000, 20784, 1, 0
953000, 22323, 1, 0
953000, 24557, 0, 0
954000, 24293, 0, 0
954000, 21510, 1, 0
955000, 23887, 0, 0
955000, 20516, 1, 0
956000, 24035, 0, 0
956000, 20858, 1, 0
957000, 24184, 0, 0
957000, 21494, 1, 0
958000, 23683, 0, 0
958000, 20231, 1, 0
959000, 23695, 0, 0
959000, 20242, 1, 0
960000, 23677, 0, 0
960000, 20205, 1, 0
961000, 20199, 1, 0
961000, 23623, 0, 0
962000, 20443, 1, 0
962000, 23842, 0, 0
963000, 20400, 1, 0
963000, 23864, 0, 0
964000, 20426, 1, 0
964000, 23890, 0, 0
965000, 20384, 1, 0
965000, 23816, 0, 0
966000, 23940, 0, 0
966000, 20632, 1, 0
967000, 23917, 0, 0
967000, 20433, 1, 0
968000, 24269, 0, 0
968000, 21416, 1, 0
969000, 23914, 0, 0
969000, 20823, 1, 0
970000, 23653, 0, 0
970000, 20228, 1, 0
971000, 23627, 0, 0
971000, 20176, 1, 0
972000, 23649, 0, 0
972000, 20175, 1, 0
973000, 23656, 0, 0
973000, 20209, 1, 0
974000, 23648, 0, 0
974000, 20214, 1, 0
975000, 20205, 1, 0
975000, 23653, 0, 0
976000, 23602, 0, 0
976000, 20153, 1, 0
977000, 23637, 0, 0
977000, 20181, 1, 0
978000, 23693, 0, 0
978000, 20232, 1, 0
979000, 20237, 1, 0
979000, 23670, 0, 0
980000, 23645, 0, 0
980000, 20212, 1, 0
981000, 23717, 0, 0
981000, 20265, 1, 0
982000, 23651, 0, 0
982000, 20236, 1, 0
983000, 23669, 0, 0
983000, 20241, 1, 0
984000, 23669, 0, 0
984000, 20227, 1, 0
985000, 24132, 0, 0
985000, 21313, 1, 0
986000, 24383, 0, 0
986000, 21760, 1, 0
987000, 23837, 0, 0
987000, 20391, 1, 0
988000, 23870, 0, 0
988000, 20459, 1, 0
989000, 23701, 0, 0
989000, 20279, 1, 0
990000, 20265, 1, 0
990000, 23688, 0, 0
991000, 20241, 1, 0
991000, 23652, 0, 0
992000, 23793, 0, 0
992000, 20353, 1, 0
993000, 20424, 1, 0
993000, 23905, 0, 0
994000, 23832, 0, 0
994000, 20347, 1, 0
995000, 23887, 0, 0
995000, 20419, 1, 0
996000, 23909, 0, 0
996000, 20427, 1, 0
997000, 20316, 1, 0
997000, 23772, 0, 0
998000, 20315, 1, 0
998000, 23799, 0, 0
999000, 23850, 0, 0
999000, 20399, 1, 0
1000000, 23957, 0, 0
1000000, 20659, 1, 0
1001000, 22191, 1, 0
1001000, 24507, 0, 0
1002000, 23928, 0, 0
1002000, 20552, 1, 0
1003000, 23847, 0, 0
1003000, 20478, 1, 0
1004000, 23862, 0, 0
1004000, 20475, 1, 0
1005000, 20378, 1, 0
1005000, 23850, 0, 0
1006000, 23851, 0, 0
1006000, 20452, 1, 0
1007000, 23811, 0, 0
1007000, 20366, 1, 0
1008000, 20628, 1, 0
1008000, 23925, 0, 0
1009000, 24483, 0, 0
1009000, 22218, 1, 0
1010000, 24058, 0, 0
1010000, 21044, 1, 0
1011000, 23619, 0, 0
1011000, 20215, 1, 0
1012000, 24162, 0, 0
1012000, 21537, 1, 0
1013000, 24378, 0, 0
1013000, 22022, 1, 0
1014000, 23927, 0, 0
1014000, 20716, 1, 0
1015000, 23552, 0, 0
1015000, 20104, 1, 0
1016000, 23565, 0, 0
1016000, 20117, 1, 0
1017000, 20110, 1, 0
1017000, 23542, 0, 0
1018000, 20066, 1, 0
1018000, 23489, 0, 0
1019000, 23530, 0, 0
1019000, 20093, 1, 0
1020000, 23707, 0, 0
1020000, 20359, 1, 0
1021000, 20122, 1, 0
1021000, 23587, 0, 0
1022000, 24462, 0, 0
1022000, 22093, 1, 0
1023000, 24231, 0, 0
1023000, 21487, 1, 0
1024000, 23660, 0, 0
1024000, 20237, 1, 0
1025000, 23549, 0, 0
1025000, 20106, 1, 0
1026000, 20280, 1, 0
1026000, 23697, 0, 0
1027000, 23697, 0, 0
1027000, 20249, 1, 0
1028000, 23683, 0, 0
1028000, 20279, 1, 0
1029000, 20089, 1, 0
1029000, 23499, 0, 0
1030000, 23694, 0, 0
1030000, 20381, 1, 0
1031000, 23702, 0, 0
1031000, 20252, 1, 0
1032000, 23743, 0, 0
1032000, 20352, 1, 0
1033000, 24234, 0, 0
1033000, 21497, 1, 0
1034000, 22017, 1, 0
1034000, 24382, 0, 0
1035000, 21178, 1, 0
1035000, 24050, 0, 0
1036000, 23618, 0, 0
1036000, 20202, 1, 0
1037000, 23638, 0, 0
1037000, 20181, 1, 0
1038000, 20204, 1, 0
1038000, 23626, 0, 0
1039000, 21978, 1, 0
1039000, 24392, 0, 0
1040000, 24231, 0, 0
1040000, 21585, 1, 0
1041000, 23991, 0, 0
1041000, 20879, 1, 0
1042000, 24371, 0, 0
1042000, 22028, 1, 0
1043000, 24120, 0, 0
1043000, 21027, 1, 0
1044000, 20744, 1, 0
1044000, 24077, 0, 0
1045000, 23735, 0, 0
1045000, 20299, 1, 0
1046000, 23945, 0, 0
1046000, 20889, 1, 0
1047000, 24326, 0, 0
1047000, 21969, 1, 0
1048000, 21708, 1, 0
1048000, 24210, 0, 0
1049000, 23513, 0, 0
1049000, 20072, 1, 0
1050000, 20016, 1, 0
1050000, 23418, 0, 0
1051000, 20152, 1, 0
1051000, 23568, 0, 0
1052000, 20084, 1, 0
1052000, 23504, 0, 0
1053000, 23510, 0, 0
1053000, 20086, 1, 0
1054000, 23852, 0, 0
1054000, 20780, 1, 0
1055000, 24020, 0, 0
1055000, 21063, 1, 0
1056000, 23793, 0, 0
1056000, 20738, 1, 0
1057000, 23688, 0, 0
1057000, 20284, 1, 0
1058000, 23573, 0, 0
1058000, 20195, 1, 0
1059000, 23465, 0, 0
1059000, 20049, 1, 0
1060000, 23384, 0, 0
1060000, 19979, 1, 0
1061000, 23477, 0, 0
1061000, 20060, 1, 0
1062000, 20089, 1, 0
1062000, 23528, 0, 0
1063000, 23569, 0, 0
1063000, 20114, 1, 0
1064000, 23524, 0, 0
1064000, 20100, 1, 0
1065000, 23553, 0, 0
1065000, 20113, 1, 0
1066000, 23839, 0, 0
1066000, 20765, 1, 0
1067000, 21776, 1, 0
1067000, 24303, 0, 0
1068000, 23579, 0, 0
1068000, 20163, 1, 0
1069000, 23625, 0, 0
1069000, 20184, 1, 0
1070000, 23617, 0, 0
1070000, 20188, 1, 0
1071000, 23605, 0, 0
1071000, 20156, 1, 0
1072000, 23616, 0, 0
1072000, 20177, 1, 0
1073000, 23598, 0, 0
1073000, 20178, 1, 0
1074000, 20541, 1, 0
1074000, 23806, 0, 0
1075000, 24402, 0, 0
1075000, 22012, 1, 0
1076000, 23687, 0, 0
1076000, 20446, 1, 0
1077000, 23509, 0, 0
1077000, 20097, 1, 0
1078000, 23534, 0, 0
1078000, 20093, 1, 0
1079000, 23534, 0, 0
1079000, 20082, 1, 0
1080000, 23531, 0, 0
1080000, 20072, 1, 0
1081000, 23515, 0, 0
1081000, 20072, 1, 0
1082000, 20046, 1, 0
1082000, 23477, 0, 0
1083000, 20066, 1, 0
1083000, 23508, 0, 0
1084000, 23528, 0, 0
1084000, 20095, 1, 0
1085000, 23522, 0, 0
1085000, 20105, 1, 0
1086000, 23525, 0, 0
1086000, 20096, 1, 0
1087000, 23527, 0, 0
1087000, 20096, 1, 0
1088000, 23502, 0, 0
1088000, 20079, 1, 0
1089000, 23521, 0, 0
1089000, 20094, 1, 0
1090000, 20076, 1, 0
1090000, 23488, 0, 0
1091000, 23473, 0, 0
1091000, 20060, 1, 0
1092000, 23522, 0, 0
1092000, 20079, 1, 0
1093000, 23484, 0, 0
1093000, 20049, 1, 0
1094000, 20038, 1, 0
1094000, 23494, 0, 0
1095000, 24339, 0, 0
1095000, 21903, 1, 0
1096000, 23607, 0, 0
1096000, 20168, 1, 0
1097000, 20163, 1, 0
1097000, 23618, 0, 0
1098000, 23564, 0, 0
1098000, 20141, 1, 0
1099000, 23629, 0, 0
1099000, 20166, 1, 0
1100000, 23557, 0, 0
1100000, 20123, 1, 0
1101000, 23595, 0, 0
1101000, 20137, 1, 0
1102000, 23606, 0, 0
1102000, 20154, 1, 0
1103000, 20162, 1, 0
1103000, 23613, 0, 0
1104000, 23585, 0, 0
1104000, 20150, 1, 0
1105000, 23602, 0, 0
1105000, 20153, 1, 0
1106000, 23619, 0, 0
1106000, 20197, 1, 0
1107000, 20166, 1, 0
1107000, 23574, 0, 0
1108000, 23614, 0, 0
1108000, 20163, 1, 0
1109000, 20135, 1, 0
1109000, 23570, 0, 0
1110000, 23752, 0, 0
1110000, 20502, 1, 0
1111000, 24320, 0, 0
1111000, 21957, 1, 0
1112000, 23495, 0, 0
1112000, 20089, 1, 0
1113000, 20054, 1, 0
1113000, 23503, 0, 0
1114000, 23515, 0, 0
1114000, 20072, 1, 0
1115000, 23531, 0, 0
1115000, 20099, 1, 0
1116000, 20171, 1, 0
1116000, 23557, 0, 0
1117000, 21867, 1, 0
1117000, 24325, 0, 0
1118000, 24429, 0, 0
1118000, 22056, 1, 0
1119000, 24039, 0, 0
1119000, 20708, 1, 0
1120000, 23703, 0, 0
1120000, 20335, 1, 0
1121000, 20083, 1, 0
1121000, 23524, 0, 0
1122000, 23527, 0, 0
1122000, 20089, 1, 0
1123000, 23526, 0, 0
1123000, 20142, 1, 0
1124000, 23500, 0, 0
1124000, 20114, 1, 0
1125000, 23439, 0, 0
1125000, 20055, 1, 0
1126000, 20058, 1, 0
1126000, 23492, 0, 0
1127000, 20126, 1, 0
1127000, 23510, 0, 0
1128000, 23529, 0, 0
1128000, 20167, 1, 0
1129000, 23496, 0, 0
1129000, 20068, 1, 0
1130000, 23458, 0, 0
1130000, 20066, 1, 0
1131000, 23512, 0, 0
1131000, 20065, 1, 0
1132000, 23481, 0, 0
1132000, 20045, 1, 0
1133000, 24267, 0, 0
1133000, 21789, 1, 0
1134000, 24549, 0, 0
1134000, 22177, 1, 0
1135000, 21928, 1, 0
1135000, 24704, 0, 0
1136000, 24077, 0, 0
1136000, 21102, 1, 0
1137000, 25312, 0, 0
1137000, 23120, 1, 0
1138000, 24352, 0, 0
1138000, 21806, 1, 0
1139000, 22128, 1, 0
1139000, 24450, 0, 0
1140000, 21929, 1, 0
1140000, 24481, 0, 0
1141000, 23638, 0, 0
1141000, 20176, 1, 0
1142000, 23583, 0, 0
1142000, 20136, 1, 0
1143000, 23604, 0, 0
1143000, 20142, 1, 0
1144000, 23617, 0, 0
1144000, 20179, 1, 0
1145000, 23599, 0, 0
1145000, 20140, 1, 0
1146000, 20518, 1, 0
1146000, 23747, 0, 0
1147000, 24259, 0, 0
1147000, 21520, 1, 0
1148000, 23645, 0, 0
1148000, 20193, 1, 0
1149000, 23631, 0, 0
1149000, 20189, 1, 0
1150000, 23643, 0, 0
1150000, 20223, 1, 0
1151000, 20197, 1, 0
1151000, 23691, 0, 0
1152000, 20142, 1, 0
1152000, 23626, 0, 0
1153000, 23629, 0, 0
1153000, 20213, 1, 0
1154000, 20200, 1, 0
1154000, 23620, 0, 0
1155000, 23564, 0, 0
1155000, 20134, 1, 0
1156000, 23740, 0, 0
1156000, 20455, 1, 0
1157000, 22115, 1, 0
1157000, 24392, 0, 0
1158000, 23872, 0, 0
1158000, 20629, 1, 0
1159000, 23669, 0, 0
1159000, 20219, 1, 0
1160000, 20275, 1, 0
1160000, 23653, 0, 0
1161000, 23680, 0, 0
1161000, 20240, 1, 0
1162000, 23657, 0, 0
1162000, 20199, 1, 0
1163000, 23659, 0, 0
1163000, 20208, 1, 0
1164000, 23665, 0, 0
1164000, 20218, 1, 0
1165000, 23680, 0, 0
1165000, 20197, 1, 0
1166000, 20169, 1, 0
1166000, 23643, 0, 0
1167000, 20272, 1, 0
1167000, 23729, 0, 0
1168000, 23619, 0, 0
1168000, 20173, 1, 0
1169000, 20148, 1, 0
1169000, 23612, 0, 0
1170000, 20179, 1, 0
1170000, 23611, 0, 0
1171000, 20131, 1, 0
1171000, 23570, 0, 0
1172000, 20187, 1, 0
1172000, 23606, 0, 0
1173000, 20147, 1, 0
1173000, 23577, 0, 0
1174000, 23608, 0, 0
1174000, 20167, 1, 0
1175000, 20142, 1, 0
1175000, 23581, 0, 0
1176000, 23622, 0, 0
1176000, 20168, 1, 0
1177000, 23582, 0, 0
1177000, 20182, 1, 0
1178000, 23649, 0, 0
1178000, 20181, 1, 0
1179000, 24241, 0, 0
1179000, 21628, 1, 0
1180000, 20600, 1, 0
1180000, 23793, 0, 0
1181000, 23678, 0, 0
1181000, 20222, 1, 0
1182000, 23662, 0, 0
1182000, 20226, 1, 0
1183000, 23623, 0, 0
1183000, 20173, 1, 0
1184000, 23608, 0, 0
1184000, 20175, 1, 0
1185000, 23919, 0, 0
1185000, 20729, 1, 0
1186000, 23642, 0, 0
1186000, 20157, 1, 0
1187000, 23599, 0, 0
1187000, 20156, 1, 0
1188000, 23625, 0, 0
1188000, 20156, 1, 0
1189000, 20266, 1, 0
1189000, 23670, 0, 0
1190000, 23663, 0, 0
1190000, 20231, 1, 0
1191000, 20118, 1, 0
1191000, 23567, 0, 0
1192000, 23606, 0, 0
1192000, 20170, 1, 0
1193000, 23611, 0, 0
1193000, 20155, 1, 0
1194000, 23604, 0, 0
1194000, 20167, 1, 0
1195000, 20188, 1, 0
1195000, 23626, 0, 0
1196000, 23616, 0, 0
1196000, 20179, 1, 0
1197000, 23642, 0, 0
1197000, 20183, 1, 0
1198000, 23590, 0, 0
1198000, 20146, 1, 0
1199000, 24213, 0, 0
1199000, 21539, 1, 0
1200000, 23814, 0, 0
1200000, 20538, 1, 0
