1000, 160104, 0, 0
1000, 79932, 1, 0
2000, 183672, 0, 0
2000, 84259, 1, 0
3000, 189418, 0, 0
3000, 90546, 1, 0
4000, 105466, 0, 0
4000, 38231, 1, 0
5000, 26517, 1, 0
5000, 86936, 0, 0
6000, 87263, 0, 0
6000, 26456, 1, 0
7000, 26532, 1, 0
7000, 87292, 0, 0
8000, 87200, 0, 0
8000, 26499, 1, 0
9000, 89609, 0, 0
9000, 29353, 1, 0
10000, 87848, 0, 0
10000, 28430, 1, 0
11000, 88151, 0, 0
11000, 28363, 1, 0
12000, 87520, 0, 0
12000, 27467, 1, 0
13000, 26665, 1, 0
13000, 86945, 0, 0
14000, 86873, 0, 0
14000, 26623, 1, 0
15000, 87069, 0, 0
15000, 26604, 1, 0
16000, 86941, 0, 0
16000, 26379, 1, 0
17000, 86858, 0, 0
17000, 26490, 1, 0
18000, 87017, 0, 0
18000, 26681, 1, 0
19000, 86887, 0, 0
19000, 26627, 1, 0
20000, 86938, 0, 0
20000, 26614, 1, 0
21000, 26531, 1, 0
21000, 87071, 0, 0
22000, 87059, 0, 0
22000, 26530, 1, 0
23000, 87043, 0, 0
23000, 26596, 1, 0
24000, 86912, 0, 0
24000, 26383, 1, 0
25000, 87161, 0, 0
25000, 26493, 1, 0
26000, 87107, 0, 0
26000, 26405, 1, 0
27000, 26584, 1, 0
27000, 87263, 0, 0
28000, 87853, 0, 0
28000, 27836, 1, 0
29000, 88152, 0, 0
29000, 28224, 1, 0
30000, 88051, 0, 0
30000, 28084, 1, 0
31000, 87115, 0, 0
31000, 26874, 1, 0
32000, 133765, 0, 0
32000, 69813, 1, 0
33000, 91825, 0, 0
33000, 33215, 1, 0
34000, 88402, 0, 0
34000, 28762, 1, 0
35000, 88710, 0, 0
35000, 29628, 1, 0
36000, 87701, 0, 0
36000, 27628, 1, 0
37000, 87944, 0, 0
37000, 27492, 1, 0
38000, 87805, 0, 0
38000, 27483, 1, 0
39000, 87850, 0, 0
39000, 27266, 1, 0
40000, 144568, 0, 0
40000, 77814, 1, 0
41000, 96468, 0, 0
41000, 35193, 1, 0
42000, 26506, 1, 0
42000, 84585, 0, 0
43000, 83998, 0, 0
43000, 26423, 1, 0
44000, 84544, 0, 0
44000, 26615, 1, 0
45000, 83662, 0, 0
45000, 26690, 1, 0
46000, 85967, 0, 0
46000, 26601, 1, 0
47000, 86286, 0, 0
47000, 26462, 1, 0
48000, 83323, 0, 0
48000, 26444, 1, 0
49000, 81278, 0, 0
49000, 26697, 1, 0
50000, 84573, 0, 0
50000, 26488, 1, 0
51000, 86959, 0, 0
51000, 26431, 1, 0
52000, 86778, 0, 0
52000, 26403, 1, 0
53000, 86920, 0, 0
53000, 26401, 1, 0
54000, 86824, 0, 0
54000, 26321, 1, 0
55000, 86749, 0, 0
55000, 26472, 1, 0
56000, 26422, 1, 0
56000, 86943, 0, 0
57000, 87045, 0, 0
57000, 26783, 1, 0
58000, 40661, 1, 0
58000, 102061, 0, 0
59000, 191621, 0, 0
59000, 124362, 1, 0
60000, 124023, 0, 0
60000, 61529, 1, 0
61000, 87946, 0, 0
61000, 28284, 1, 0
62000, 87110, 0, 0
62001, 26570, 1, 0
63000, 86828, 0, 0
63000, 26593, 1, 0
64000, 86927, 0, 0
64000, 26405, 1, 0
65000, 86987, 0, 0
65000, 26596, 1, 0
66000, 88245, 0, 0
66000, 28926, 1, 0
67000, 28875, 1, 0
67000, 88518, 0, 0
68000, 87263, 0, 0
68000, 27061, 1, 0
69000, 87311, 0, 0
69000, 27120, 1, 0
70000, 28613, 1, 0
70000, 88961, 0, 0
71000, 45863, 1, 0
71000, 105527, 0, 0
72000, 99454, 0, 0
72000, 38365, 1, 0
73000, 88269, 0, 0
73000, 28447, 1, 0
74000, 28542, 1, 0
74000, 88151, 0, 0
75000, 87248, 0, 0
75000, 26850, 1, 0
76000, 87018, 0, 0
76000, 26893, 1, 0
77000, 85624, 0, 0
77000, 25647, 1, 0
78000, 78957, 0, 0
78000, 20654, 1, 0
79000, 79545, 0, 0
79000, 22199, 1, 0
80000, 79579, 0, 0
80000, 22206, 1, 0
81000, 79258, 0, 0
81000, 21492, 1, 0
82000, 78734, 0, 0
82000, 20288, 1, 0
83000, 20242, 1, 0
83000, 78443, 0, 0
84000, 78539, 0, 0
84000, 20297, 1, 0
85000, 78573, 0, 0
85000, 20259, 1, 0
86000, 78450, 0, 0
86000, 20257, 1, 0
87000, 78487, 0, 0
87000, 20261, 1, 0
88000, 78657, 0, 0
88000, 20294, 1, 0
89000, 78672, 0, 0
89000, 20288, 1, 0
90000, 78673, 0, 0
90000, 20264, 1, 0
91000, 78640, 0, 0
91000, 20254, 1, 0
92000, 79150, 0, 0
92000, 21176, 1, 0
93000, 79505, 0, 0
93000, 22186, 1, 0
94000, 79572, 0, 0
94000, 22176, 1, 0
95000, 78992, 0, 0
95000, 21271, 1, 0
96000, 78586, 0, 0
96000, 20258, 1, 0
97000, 20369, 1, 0
97000, 78613, 0, 0
98000, 78621, 0, 0
98000, 20304, 1, 0
99000, 78638, 0, 0
99000, 20284, 1, 0
100000, 78785, 0, 0
100000, 20327, 1, 0
101000, 78529, 0, 0
101000, 20275, 1, 0
102000, 20278, 1, 0
102000, 78511, 0, 0
103000, 78694, 0, 0
103000, 20318, 1, 0
104000, 78594, 0, 0
104000, 20296, 1, 0
105000, 79030, 0, 0
105000, 21342, 1, 0
106000, 79523, 0, 0
106000, 22062, 1, 0
107000, 78606, 0, 0
107000, 20381, 1, 0
108000, 20292, 1, 0
108000, 78722, 0, 0
109000, 78563, 0, 0
109000, 20291, 1, 0
110000, 78560, 0, 0
110000, 20422, 1, 0
111000, 78975, 0, 0
111000, 20318, 1, 0
112000, 78499, 0, 0
112000, 20311, 1, 0
113000, 79265, 0, 0
113000, 21283, 1, 0
114000, 79255, 0, 0
114000, 21812, 1, 0
115000, 78789, 0, 0
115000, 20282, 1, 0
116000, 78413, 0, 0
116000, 20298, 1, 0
117000, 78568, 0, 0
117000, 20333, 1, 0
118000, 78861, 0, 0
118000, 20440, 1, 0
119000, 78529, 0, 0
119000, 20344, 1, 0
120000, 78814, 0, 0
120000, 20418, 1, 0
121000, 79450, 0, 0
121000, 22139, 1, 0
122000, 79194, 0, 0
122000, 21308, 1, 0
123000, 78516, 0, 0
123000, 20286, 1, 0
124000, 78740, 0, 0
124000, 20260, 1, 0
125000, 78643, 0, 0
125000, 20267, 1, 0
126000, 78562, 0, 0
126000, 20258, 1, 0
127000, 78656, 0, 0
127000, 20288, 1, 0
128000, 78592, 0, 0
128000, 20303, 1, 0
129000, 78517, 0, 0
129000, 20271, 1, 0
130000, 78695, 0, 0
130000, 20262, 1, 0
131000, 78511, 0, 0
131000, 20298, 1, 0
132000, 78561, 0, 0
132000, 20252, 1, 0
133000, 78646, 0, 0
133000, 20293, 1, 0
134000, 78615, 0, 0
134000, 20232, 1, 0
135000, 21967, 1, 0
135000, 79538, 0, 0
136000, 142180, 0, 0
136000, 78238, 1, 0
137000, 149389, 0, 0
137002, 89941, 1, 0
138000, 114006, 1, 0
138000, 168011, 0, 0
139000, 116736, 0, 0
139000, 52428, 1, 0
140000, 78725, 0, 0
140000, 20516, 1, 0
141000, 78734, 0, 0
141000, 20307, 1, 0
142000, 78795, 0, 0
142000, 20268, 1, 0
143000, 78743, 0, 0
143000, 20316, 1, 0
144000, 78718, 0, 0
144000, 20306, 1, 0
145000, 78676, 0, 0
145000, 20305, 1, 0
146000, 20300, 1, 0
146000, 78770, 0, 0
147000, 20289, 1, 0
147000, 78661, 0, 0
148000, 77905, 0, 0
148000, 20321, 1, 0
149000, 20234, 1, 0
149000, 75725, 0, 0
150000, 76452, 0, 0
150000, 20281, 1, 0
151000, 75727, 0, 0
151000, 20260, 1, 0
152000, 77416, 0, 0
152000, 20288, 1, 0
153000, 78052, 0, 0
153000, 20290, 1, 0
154000, 75090, 0, 0
154000, 20281, 1, 0
155000, 74745, 0, 0
155000, 21642, 1, 0
156000, 78342, 0, 0
156000, 22086, 1, 0
157000, 79216, 0, 0
157000, 21635, 1, 0
158000, 78727, 0, 0
158000, 20354, 1, 0
159000, 20337, 1, 0
159000, 78734, 0, 0
160000, 78482, 0, 0
160000, 20385, 1, 0
161000, 78524, 0, 0
161000, 20299, 1, 0
162000, 20373, 1, 0
162000, 78731, 0, 0
163000, 78736, 0, 0
163000, 20462, 1, 0
164000, 78946, 0, 0
164000, 20764, 1, 0
165000, 79361, 0, 0
165000, 21602, 1, 0
166000, 82227, 0, 0
166000, 24614, 1, 0
167000, 79636, 0, 0
167000, 22235, 1, 0
168000, 79561, 0, 0
168000, 22085, 1, 0
169000, 21458, 1, 0
169000, 79157, 0, 0
170000, 21392, 1, 0
170000, 79364, 0, 0
171000, 78662, 0, 0
171000, 20290, 1, 0
172000, 79489, 0, 0
172000, 21904, 1, 0
173000, 78911, 0, 0
173000, 20809, 1, 0
174000, 78569, 0, 0
174000, 20268, 1, 0
175000, 78599, 0, 0
175000, 20327, 1, 0
176000, 78615, 0, 0
176000, 20290, 1, 0
177000, 20321, 1, 0
177000, 78638, 0, 0
178000, 78490, 0, 0
178000, 20315, 1, 0
179000, 78622, 0, 0
179000, 20311, 1, 0
180000, 78882, 0, 0
180000, 20984, 1, 0
181000, 84906, 0, 0
181000, 25926, 1, 0
182000, 78944, 0, 0
182000, 20746, 1, 0
183000, 78942, 0, 0
183000, 20717, 1, 0
184000, 78631, 0, 0
184000, 20473, 1, 0
185000, 20146, 1, 0
185000, 78470, 0, 0
186000, 78568, 0, 0
186000, 20386, 1, 0
187000, 78469, 0, 0
187000, 20132, 1, 0
188000, 78340, 0, 0
188000, 20046, 1, 0
189000, 78274, 0, 0
189000, 20102, 1, 0
190000, 78265, 0, 0
190000, 19945, 1, 0
191000, 78444, 0, 0
191000, 20131, 1, 0
192000, 79492, 0, 0
192000, 21860, 1, 0
193000, 79355, 0, 0
193000, 21716, 1, 0
194000, 78474, 0, 0
194000, 20108, 1, 0
195000, 78509, 0, 0
195000, 20182, 1, 0
196000, 78562, 0, 0
196000, 20242, 1, 0
197000, 20129, 1, 0
197000, 78531, 0, 0
198000, 78454, 0, 0
198000, 20126, 1, 0
199000, 78406, 0, 0
199000, 20129, 1, 0
200000, 78496, 0, 0
200000, 20130, 1, 0
201000, 20142, 1, 0
201000, 78574, 0, 0
202000, 78519, 0, 0
202000, 20149, 1, 0
203000, 78496, 0, 0
203000, 20118, 1, 0
204000, 78341, 0, 0
204000, 20147, 1, 0
205000, 78417, 0, 0
205000, 20142, 1, 0
206000, 78487, 0, 0
206000, 20149, 1, 0
207000, 79491, 0, 0
207000, 22142, 1, 0
208000, 78503, 0, 0
208000, 20267, 1, 0
209000, 20184, 1, 0
209000, 42921, 0, 0
210000, 23679, 0, 0
210000, 20150, 1, 0
211000, 23695, 0, 0
211000, 20193, 1, 0
212000, 20109, 1, 0
212000, 23580, 0, 0
213000, 23597, 0, 0
213000, 20121, 1, 0
214000, 23558, 0, 0
214000, 20096, 1, 0
215000, 23589, 0, 0
215000, 20112, 1, 0
216000, 23606, 0, 0
216000, 20101, 1, 0
217000, 23618, 0, 0
217000, 20116, 1, 0
218000, 23630, 0, 0
218000, 20218, 1, 0
219000, 24308, 0, 0
219000, 21681, 1, 0
220000, 20192, 1, 0
220000, 23706, 0, 0
221000, 23688, 0, 0
221000, 20231, 1, 0
222000, 20125, 1, 0
222000, 23568, 0, 0
223000, 20204, 1, 0
223000, 23681, 0, 0
224000, 23734, 0, 0
224000, 20231, 1, 0
225000, 23572, 0, 0
225000, 20076, 1, 0
226000, 23589, 0, 0
226000, 20131, 1, 0
227000, 23613, 0, 0
227000, 20103, 1, 0
228000, 24235, 0, 0
228000, 21643, 1, 0
229000, 24410, 0, 0
229000, 22052, 1, 0
230000, 24400, 0, 0
230000, 21909, 1, 0
231000, 24412, 0, 0
231000, 21955, 1, 0
232000, 23961, 0, 0
232000, 20668, 1, 0
233000, 23644, 0, 0
233000, 20139, 1, 0
234000, 23626, 0, 0
234000, 20115, 1, 0
235000, 20112, 1, 0
235000, 23630, 0, 0
236000, 23658, 0, 0
236000, 20149, 1, 0
237000, 23663, 0, 0
237000, 20136, 1, 0
238000, 20151, 1, 0
238000, 23638, 0, 0
239000, 24351, 0, 0
239000, 21770, 1, 0
240000, 23750, 0, 0
240000, 20240, 1, 0
241000, 23739, 0, 0
241000, 20212, 1, 0
242000, 23730, 0, 0
242000, 20265, 1, 0
243000, 23644, 0, 0
243000, 20125, 1, 0
244000, 23604, 0, 0
244000, 20084, 1, 0
245000, 23648, 0, 0
245000, 20125, 1, 0
246000, 23638, 0, 0
246000, 20133, 1, 0
247000, 23659, 0, 0
247000, 20166, 1, 0
248000, 23654, 0, 0
248000, 20163, 1, 0
249000, 23611, 0, 0
249000, 20150, 1, 0
250000, 23644, 0, 0
250000, 20131, 1, 0
251000, 23671, 0, 0
251000, 20128, 1, 0
252000, 23630, 0, 0
252000, 20140, 1, 0
253000, 24185, 0, 0
253000, 21414, 1, 0
254000, 23872, 0, 0
254000, 20671, 1, 0
255000, 23522, 0, 0
255000, 20110, 1, 0
256000, 19996, 1, 0
256000, 23463, 0, 0
257000, 20109, 1, 0
257000, 23624, 0, 0
258000, 23510, 0, 0
258000, 20084, 1, 0
259000, 23610, 0, 0
259000, 20160, 1, 0
260000, 23640, 0, 0
260000, 20175, 1, 0
261000, 23607, 0, 0
261000, 20119, 1, 0
262000, 23524, 0, 0
262000, 20113, 1, 0
263000, 24336, 0, 0
263000, 21885, 1, 0
264000, 20332, 1, 0
264000, 23771, 0, 0
265000, 23690, 0, 0
265000, 20208, 1, 0
266000, 20196, 1, 0
266000, 23693, 0, 0
267000, 23598, 0, 0
267000, 20107, 1, 0
268000, 23628, 0, 0
268000, 20168, 1, 0
269000, 23684, 0, 0
269000, 20168, 1, 0
270000, 20184, 1, 0
270000, 23697, 0, 0
271000, 23742, 0, 0
271000, 20248, 1, 0
272000, 20221, 1, 0
272000, 23714, 0, 0
273000, 23683, 0, 0
273000, 20187, 1, 0
274000, 23728, 0, 0
274000, 20219, 1, 0
275000, 23706, 0, 0
275000, 20210, 1, 0
276000, 20180, 1, 0
276000, 23674, 0, 0
277000, 23690, 0, 0
277000, 20222, 1, 0
278000, 23680, 0, 0
278000, 20199, 1, 0
279000, 20206, 1, 0
279000, 23676, 0, 0
280000, 23699, 0, 0
280000, 20213, 1, 0
281000, 23644, 0, 0
281000, 20175, 1, 0
282000, 23702, 0, 0
282000, 20202, 1, 0
283000, 23698, 0, 0
283000, 20217, 1, 0
284000, 23677, 0, 0
284000, 20185, 1, 0
285000, 23889, 0, 0
285000, 20565, 1, 0
286000, 24297, 0, 0
286000, 21663, 1, 0
287000, 23637, 0, 0
287000, 20137, 1, 0
288000, 20113, 1, 0
288000, 23614, 0, 0
289000, 20166, 1, 0
289000, 23654, 0, 0
290000, 20144, 1, 0
290000, 23653, 0, 0
291000, 20122, 1, 0
291000, 23635, 0, 0
292000, 20100, 1, 0
292000, 23638, 0, 0
293000, 23651, 0, 0
293000, 20134, 1, 0
294000, 23652, 0, 0
294000, 20129, 1, 0
295000, 23634, 0, 0
295000, 20144, 1, 0
296000, 23672, 0, 0
296000, 20138, 1, 0
297000, 23663, 0, 0
297000, 20138, 1, 0
298000, 20138, 1, 0
298000, 23709, 0, 0
299000, 23646, 0, 0
299000, 20134, 1, 0
300000, 20127, 1, 0
300000, 23649, 0, 0
301000, 20166, 1, 0
301000, 23675, 0, 0
302000, 20166, 1, 0
302000, 23694, 0, 0
303000, 23546, 0, 0
303000, 20089, 1, 0
304000, 20135, 1, 0
304000, 23622, 0, 0
305000, 20182, 1, 0
305000, 23623, 0, 0
306000, 20118, 1, 0
306000, 23579, 0, 0
307000, 24276, 0, 0
307000, 21813, 1, 0
308000, 23629, 0, 0
308000, 20285, 1, 0
309000, 20150, 1, 0
309000, 23579, 0, 0
310000, 23640, 0, 0
310000, 20174, 1, 0
311000, 20123, 1, 0
311000, 23583, 0, 0
312000, 23590, 0, 0
312000, 20141, 1, 0
313000, 21241, 1, 0
313000, 24112, 0, 0
314000, 24804, 0, 0
314000, 22278, 1, 0
315000, 21005, 1, 0
315000, 23992, 0, 0
316000, 20127, 1, 0
316000, 23619, 0, 0
317000, 23612, 0, 0
317000, 20157, 1, 0
318000, 23618, 0, 0
318000, 20115, 1, 0
319000, 20168, 1, 0
319000, 23628, 0, 0
320000, 20981, 1, 0
320000, 23965, 0, 0
321000, 23600, 0, 0
321000, 20154, 1, 0
322000, 23590, 0, 0
322000, 20124, 1, 0
323000, 24273, 0, 0
323000, 21764, 1, 0
324000, 24169, 0, 0
324000, 21372, 1, 0
325000, 23574, 0, 0
325000, 20123, 1, 0
326000, 23635, 0, 0
326000, 20167, 1, 0
327000, 23597, 0, 0
327000, 20155, 1, 0
328000, 23638, 0, 0
328000, 20185, 1, 0
329000, 23583, 0, 0
329000, 20144, 1, 0
330000, 23626, 0, 0
330000, 20190, 1, 0
331000, 23600, 0, 0
331000, 20129, 1, 0
332000, 20180, 1, 0
332000, 23633, 0, 0
333000, 24051, 0, 0
333000, 20818, 1, 0
334000, 23685, 0, 0
334000, 20212, 1, 0
335000, 24328, 0, 0
335000, 21602, 1, 0
336000, 20443, 1, 0
336000, 23845, 0, 0
337000, 23647, 0, 0
337000, 20158, 1, 0
338000, 23623, 0, 0
338000, 20188, 1, 0
339000, 23940, 0, 0
339000, 20812, 1, 0
340000, 23585, 0, 0
340000, 20129, 1, 0
341000, 23723, 0, 0
341000, 20308, 1, 0
342000, 23613, 0, 0
342000, 20142, 1, 0
343000, 23665, 0, 0
343000, 20177, 1, 0
344000, 23643, 0, 0
344000, 20236, 1, 0
345000, 24376, 0, 0
345000, 21837, 1, 0
346000, 20408, 1, 0
346000, 23791, 0, 0
347000, 24254, 0, 0
347000, 21666, 1, 0
348000, 21189, 1, 0
348000, 24019, 0, 0
349000, 23738, 0, 0
349000, 20390, 1, 0
350000, 23691, 0, 0
350000, 20269, 1, 0
351000, 23725, 0, 0
351000, 20281, 1, 0
352000, 23598, 0, 0
352000, 20133, 1, 0
353000, 23587, 0, 0
353000, 20112, 1, 0
354000, 23626, 0, 0
354000, 20155, 1, 0
355000, 23638, 0, 0
355000, 20170, 1, 0
356000, 23628, 0, 0
356000, 20160, 1, 0
357000, 23649, 0, 0
357000, 20182, 1, 0
358000, 23617, 0, 0
358000, 20155, 1, 0
359000, 23534, 0, 0
359000, 20080, 1, 0
360000, 23587, 0, 0
360000, 20127, 1, 0
361000, 23628, 0, 0
361000, 20173, 1, 0
362000, 20184, 1, 0
362000, 23616, 0, 0
363000, 23554, 0, 0
363000, 20087, 1, 0
364000, 23641, 0, 0
364000, 20181, 1, 0
365000, 23572, 0, 0
365000, 20117, 1, 0
366000, 23628, 0, 0
366000, 20146, 1, 0
367000, 23607, 0, 0
367000, 20140, 1, 0
368000, 20179, 1, 0
368000, 23643, 0, 0
369000, 24276, 0, 0
369000, 21677, 1, 0
370000, 20510, 1, 0
370000, 23789, 0, 0
371000, 20197, 1, 0
371000, 23629, 0, 0
372000, 23615, 0, 0
372000, 20154, 1, 0
373000, 23586, 0, 0
373000, 20141, 1, 0
374000, 23580, 0, 0
374000, 20124, 1, 0
375000, 23993, 0, 0
375000, 20787, 1, 0
376000, 20158, 1, 0
376000, 23645, 0, 0
377000, 23589, 0, 0
377000, 20128, 1, 0
378000, 20048, 1, 0
378000, 23515, 0, 0
379000, 23904, 0, 0
379000, 20817, 1, 0
380000, 24362, 0, 0
380000, 21968, 1, 0
381000, 20210, 1, 0
381000, 23650, 0, 0
382000, 23543, 0, 0
382000, 20064, 1, 0
383000, 23641, 0, 0
383000, 20178, 1, 0
384000, 20173, 1, 0
384000, 23671, 0, 0
385000, 23621, 0, 0
385000, 20171, 1, 0
386000, 23602, 0, 0
386000, 20138, 1, 0
387000, 24300, 0, 0
387000, 21810, 1, 0
388000, 23619, 0, 0
388000, 20144, 1, 0
389000, 23666, 0, 0
389000, 20295, 1, 0
390000, 24342, 0, 0
390000, 21942, 1, 0
391000, 24187, 0, 0
391000, 21309, 1, 0
392000, 23667, 0, 0
392000, 20214, 1, 0
393000, 20088, 1, 0
393000, 23549, 0, 0
394000, 20115, 1, 0
394000, 23577, 0, 0
395000, 20097, 1, 0
395000, 23572, 0, 0
396000, 23606, 0, 0
396000, 20104, 1, 0
397000, 23822, 0, 0
397000, 20767, 1, 0
398000, 23996, 0, 0
398000, 21002, 1, 0
399000, 23617, 0, 0
399000, 20148, 1, 0
400000, 20157, 1, 0
400000, 23649, 0, 0
401000, 23593, 0, 0
401000, 20181, 1, 0
402000, 23577, 0, 0
402000, 20118, 1, 0
403000, 23652, 0, 0
403000, 20208, 1, 0
404000, 20144, 1, 0
404000, 23607, 0, 0
405000, 20096, 1, 0
405000, 23582, 0, 0
406000, 20179, 1, 0
406000, 23647, 0, 0
407000, 23619, 0, 0
407000, 20169, 1, 0
408000, 23682, 0, 0
408000, 20178, 1, 0
409000, 23647, 0, 0
409000, 20248, 1, 0
410000, 23594, 0, 0
410000, 20142, 1, 0
411000, 23836, 0, 0
411000, 20700, 1, 0
412000, 24088, 0, 0
412000, 21191, 1, 0
413000, 21370, 1, 0
413000, 24140, 0, 0
414000, 23845, 0, 0
414000, 20612, 1, 0
415000, 20157, 1, 0
415000, 23646, 0, 0
416000, 23717, 0, 0
416000, 20217, 1, 0
417000, 20149, 1, 0
417000, 23649, 0, 0
418000, 23672, 0, 0
418000, 20159, 1, 0
419000, 23751, 0, 0
419000, 20392, 1, 0
420000, 24121, 0, 0
420000, 21353, 1, 0
421000, 24235, 0, 0
421000, 21564, 1, 0
422000, 23605, 0, 0
422000, 20121, 1, 0
423000, 20118, 1, 0
423000, 23598, 0, 0
424000, 23621, 0, 0
424000, 20165, 1, 0
425000, 20123, 1, 0
425000, 23570, 0, 0
426000, 20160, 1, 0
426000, 23638, 0, 0
427000, 20162, 1, 0
427000, 23645, 0, 0
428000, 20158, 1, 0
428000, 23619, 0, 0
429000, 23626, 0, 0
429000, 20159, 1, 0
430000, 23611, 0, 0
430000, 20144, 1, 0
431000, 20188, 1, 0
431000, 23623, 0, 0
432000, 23591, 0, 0
432000, 20140, 1, 0
433000, 23585, 0, 0
433000, 20164, 1, 0
434000, 23621, 0, 0
434000, 20138, 1, 0
435000, 23652, 0, 0
435000, 20239, 1, 0
436000, 21992, 1, 0
436000, 24544, 0, 0
437000, 23742, 0, 0
437000, 20597, 1, 0
438000, 23613, 0, 0
438000, 20146, 1, 0
439000, 21195, 1, 0
439000, 24000, 0, 0
440000, 20724, 1, 0
440000, 23837, 0, 0
441000, 23576, 0, 0
441000, 20099, 1, 0
442000, 23614, 0, 0
442000, 20155, 1, 0
443000, 23649, 0, 0
443000, 20150, 1, 0
444000, 23651, 0, 0
444000, 20175, 1, 0
445000, 23655, 0, 0
445000, 20156, 1, 0
446000, 23783, 0, 0
446000, 20382, 1, 0
447000, 21982, 1, 0
447000, 24365, 0, 0
448000, 23964, 0, 0
448000, 20586, 1, 0
449000, 20199, 1, 0
449000, 23647, 0, 0
450000, 23622, 0, 0
450000, 20167, 1, 0
451000, 20189, 1, 0
451000, 23684, 0, 0
452000, 20136, 1, 0
452000, 23636, 0, 0
453000, 20124, 1, 0
453000, 23630, 0, 0
454000, 20159, 1, 0
454000, 23657, 0, 0
455000, 20170, 1, 0
455000, 23668, 0, 0
456000, 23649, 0, 0
456000, 20160, 1, 0
457000, 23703, 0, 0
457000, 20256, 1, 0
458000, 24305, 0, 0
458000, 21774, 1, 0
459000, 20343, 1, 0
459000, 23742, 0, 0
460000, 20171, 1, 0
460000, 23640, 0, 0
461000, 23628, 0, 0
461000, 20155, 1, 0
462000, 23621, 0, 0
462000, 20126, 1, 0
463000, 23663, 0, 0
463000, 20183, 1, 0
464000, 23628, 0, 0
464000, 20140, 1, 0
465000, 20129, 1, 0
465000, 23630, 0, 0
466000, 23686, 0, 0
466000, 20167, 1, 0
467000, 23635, 0, 0
467000, 20151, 1, 0
468000, 23637, 0, 0
468000, 20166, 1, 0
469000, 23575, 0, 0
469000, 20134, 1, 0
470000, 23667, 0, 0
470000, 20153, 1, 0
471000, 23579, 0, 0
471000, 20163, 1, 0
472000, 20154, 1, 0
472000, 23634, 0, 0
473000, 23814, 0, 0
473000, 20601, 1, 0
474000, 24269, 0, 0
474000, 21619, 1, 0
475000, 23814, 0, 0
475000, 20386, 1, 0
476000, 23565, 0, 0
476000, 20136, 1, 0
477000, 23684, 0, 0
477000, 20219, 1, 0
478000, 23669, 0, 0
478000, 20175, 1, 0
479000, 20171, 1, 0
479000, 23661, 0, 0
480000, 20105, 1, 0
480000, 23621, 0, 0
481000, 23663, 0, 0
481000, 20158, 1, 0
482000, 23637, 0, 0
482000, 20133, 1, 0
483000, 20252, 1, 0
483000, 23704, 0, 0
484000, 23551, 0, 0
484000, 20121, 1, 0
485000, 23576, 0, 0
485000, 20154, 1, 0
486000, 20133, 1, 0
486000, 23574, 0, 0
487000, 23545, 0, 0
487000, 20075, 1, 0
488000, 23572, 0, 0
488000, 20131, 1, 0
489000, 23975, 0, 0
489000, 21050, 1, 0
490000, 24249, 0, 0
490000, 21347, 1, 0
491000, 23798, 0, 0
491000, 20411, 1, 0
492000, 23720, 0, 0
492000, 20238, 1, 0
493000, 20175, 1, 0
493000, 23645, 0, 0
494000, 23706, 0, 0
494000, 20222, 1, 0
495000, 20172, 1, 0
495000, 23624, 0, 0
496000, 20220, 1, 0
496000, 23704, 0, 0
497000, 23617, 0, 0
497000, 20178, 1, 0
498000, 23655, 0, 0
498000, 20219, 1, 0
499000, 23711, 0, 0
499000, 20240, 1, 0
500000, 20397, 1, 0
500000, 23768, 0, 0
501000, 24255, 0, 0
501000, 21666, 1, 0
502000, 23562, 0, 0
502000, 20093, 1, 0
503000, 23617, 0, 0
503000, 20150, 1, 0
504000, 23584, 0, 0
504000, 20134, 1, 0
505000, 23519, 0, 0
505000, 20078, 1, 0
506000, 23424, 0, 0
506000, 20010, 1, 0
507000, 20066, 1, 0
507000, 23511, 0, 0
508000, 23507, 0, 0
508000, 20031, 1, 0
509000, 23506, 0, 0
509000, 20063, 1, 0
510000, 20059, 1, 0
510000, 23485, 0, 0
511000, 23573, 0, 0
511000, 20104, 1, 0
512000, 20092, 1, 0
512000, 23552, 0, 0
513000, 23511, 0, 0
513000, 20077, 1, 0
514000, 23433, 0, 0
514000, 20019, 1, 0
515000, 23484, 0, 0
515000, 20076, 1, 0
516000, 23585, 0, 0
516000, 20133, 1, 0
517000, 23543, 0, 0
517000, 20150, 1, 0
518000, 23583, 0, 0
518000, 20118, 1, 0
519000, 23571, 0, 0
519000, 20201, 1, 0
520000, 23580, 0, 0
520000, 20132, 1, 0
521000, 23577, 0, 0
521000, 20147, 1, 0
522000, 23539, 0, 0
522000, 20151, 1, 0
523000, 20197, 1, 0
523000, 23621, 0, 0
524000, 20133, 1, 0
524000, 23562, 0, 0
525000, 23669, 0, 0
525000, 20316, 1, 0
526000, 24280, 0, 0
526000, 21659, 1, 0
527000, 23705, 0, 0
527000, 20251, 1, 0
528000, 20234, 1, 0
528000, 23694, 0, 0
529000, 20186, 1, 0
529000, 23680, 0, 0
530000, 20226, 1, 0
530000, 23712, 0, 0
531000, 23667, 0, 0
531000, 20191, 1, 0
532000, 23737, 0, 0
532000, 20252, 1, 0
533000, 23632, 0, 0
533000, 20187, 1, 0
534000, 23687, 0, 0
534000, 20214, 1, 0
535000, 23992, 0, 0
535000, 20964, 1, 0
536000, 21031, 1, 0
536000, 23951, 0, 0
537000, 23513, 0, 0
537000, 20076, 1, 0
538000, 20115, 1, 0
538000, 23575, 0, 0
539000, 20161, 1, 0
539000, 23576, 0, 0
540000, 23615, 0, 0
540000, 20147, 1, 0
541000, 23550, 0, 0
541000, 20096, 1, 0
542000, 23619, 0, 0
542000, 20159, 1, 0
543000, 23604, 0, 0
543000, 20163, 1, 0
544000, 23550, 0, 0
544000, 20097, 1, 0
545000, 23596, 0, 0
545000, 20142, 1, 0
546000, 23565, 0, 0
546000, 20130, 1, 0
547000, 23620, 0, 0
547000, 20145, 1, 0
548000, 23622, 0, 0
548000, 20163, 1, 0
549000, 23562, 0, 0
549000, 20128, 1, 0
550000, 23597, 0, 0
550000, 20137, 1, 0
551000, 23622, 0, 0
551000, 20158, 1, 0
552000, 20094, 1, 0
552000, 23559, 0, 0
553000, 23625, 0, 0
553000, 20198, 1, 0
554000, 23581, 0, 0
554000, 20115, 1, 0
555000, 20143, 1, 0
555000, 23603, 0, 0
556000, 23562, 0, 0
556000, 20122, 1, 0
557000, 23570, 0, 0
557000, 20114, 1, 0
558000, 23575, 0, 0
558000, 20126, 1, 0
559000, 23592, 0, 0
559000, 20136, 1, 0
560000, 23550, 0, 0
560000, 20097, 1, 0
561000, 20140, 1, 0
561000, 23597, 0, 0
562000, 23559, 0, 0
562000, 20129, 1, 0
563000, 20124, 1, 0
563000, 23579, 0, 0
564000, 23544, 0, 0
564000, 20079, 1, 0
565000, 23566, 0, 0
565000, 20117, 1, 0
566000, 23610, 0, 0
566000, 20207, 1, 0
567000, 23545, 0, 0
567000, 20135, 1, 0
568000, 20092, 1, 0
568000, 23547, 0, 0
569000, 23593, 0, 0
569000, 20168, 1, 0
570000, 23609, 0, 0
570000, 20154, 1, 0
571000, 20148, 1, 0
571000, 23560, 0, 0
572000, 24406, 0, 0
572000, 22003, 1, 0
573000, 20306, 1, 0
573000, 23763, 0, 0
574000, 23641, 0, 0
574000, 20188, 1, 0
575000, 23677, 0, 0
575000, 20212, 1, 0
576000, 23716, 0, 0
576000, 20242, 1, 0
577000, 20332, 1, 0
577000, 23751, 0, 0
578000, 23699, 0, 0
578000, 20275, 1, 0
579000, 20215, 1, 0
579000, 23637, 0, 0
580000, 23592, 0, 0
580000, 20128, 1, 0
581000, 20095, 1, 0
581000, 23568, 0, 0
582000, 23572, 0, 0
582000, 20119, 1, 0
583000, 20104, 1, 0
583000, 23567, 0, 0
584000, 23529, 0, 0
584000, 20081, 1, 0
585000, 23580, 0, 0
585000, 20112, 1, 0
586000, 23577, 0, 0
586000, 20098, 1, 0
587000, 23552, 0, 0
587000, 20115, 1, 0
588000, 23534, 0, 0
588000, 20120, 1, 0
589000, 23574, 0, 0
589000, 20131, 1, 0
590000, 23570, 0, 0
590000, 20103, 1, 0
591000, 23539, 0, 0
591000, 20099, 1, 0
592000, 23502, 0, 0
592000, 20090, 1, 0
593000, 23586, 0, 0
593000, 20118, 1, 0
594000, 20062, 1, 0
594000, 23515, 0, 0
595000, 23585, 0, 0
595000, 20121, 1, 0
596000, 23596, 0, 0
596000, 20118, 1, 0
597000, 20635, 1, 0
597000, 23823, 0, 0
598000, 23605, 0, 0
598000, 20215, 1, 0
599000, 20144, 1, 0
599000, 23589, 0, 0
600000, 23564, 0, 0
600000, 20122, 1, 0
601000, 20149, 1, 0
601000, 23574, 0, 0
602000, 23752, 0, 0
602000, 20528, 1, 0
603000, 22214, 1, 0
603000, 24466, 0, 0
604000, 21220, 1, 0
604000, 24360, 0, 0
605000, 23965, 0, 0
605000, 20915, 1, 0
606000, 24219, 0, 0
606000, 21517, 1, 0
607000, 23711, 0, 0
607000, 20242, 1, 0
608000, 23716, 0, 0
608000, 20308, 1, 0
609000, 20259, 1, 0
609000, 23677, 0, 0
610000, 20203, 1, 0
610000, 23680, 0, 0
611000, 23649, 0, 0
611000, 20186, 1, 0
612000, 23708, 0, 0
612000, 20219, 1, 0
613000, 23717, 0, 0
613000, 20231, 1, 0
614000, 23668, 0, 0
614000, 20190, 1, 0
615000, 23698, 0, 0
615000, 20202, 1, 0
616000, 24314, 0, 0
616000, 21763, 1, 0
617000, 23895, 0, 0
617000, 20699, 1, 0
618000, 23700, 0, 0
618000, 20231, 1, 0
619000, 23736, 0, 0
619000, 20288, 1, 0
620000, 23691, 0, 0
620000, 20201, 1, 0
621000, 23694, 0, 0
621000, 20225, 1, 0
622000, 23683, 0, 0
622000, 20222, 1, 0
623000, 20213, 1, 0
623000, 23675, 0, 0
624000, 23688, 0, 0
624000, 20210, 1, 0
625000, 20260, 1, 0
625000, 23713, 0, 0
626000, 20243, 1, 0
626000, 23706, 0, 0
627000, 20242, 1, 0
627000, 23697, 0, 0
628000, 23683, 0, 0
628000, 20206, 1, 0
629000, 23680, 0, 0
629000, 20210, 1, 0
630000, 23676, 0, 0
630000, 20227, 1, 0
631000, 24084, 0, 0
631000, 21134, 1, 0
632000, 23979, 0, 0
632000, 21007, 1, 0
633000, 23658, 0, 0
633000, 20206, 1, 0
634000, 23766, 0, 0
634000, 20321, 1, 0
635000, 20227, 1, 0
635000, 23695, 0, 0
636000, 23623, 0, 0
636000, 20203, 1, 0
637000, 23717, 0, 0
637000, 20236, 1, 0
638000, 23690, 0, 0
638000, 20214, 1, 0
639000, 23687, 0, 0
639000, 20224, 1, 0
640000, 20221, 1, 0
640000, 23684, 0, 0
641000, 20231, 1, 0
641000, 23674, 0, 0
642000, 21738, 1, 0
642000, 24278, 0, 0
643000, 21630, 1, 0
643000, 24300, 0, 0
644000, 23801, 0, 0
644000, 20340, 1, 0
645000, 23673, 0, 0
645000, 20213, 1, 0
646000, 20207, 1, 0
646000, 23692, 0, 0
647000, 20225, 1, 0
647000, 23685, 0, 0
648000, 20255, 1, 0
648000, 23732, 0, 0
649000, 23707, 0, 0
649000, 20246, 1, 0
650000, 23759, 0, 0
650000, 20346, 1, 0
651000, 24325, 0, 0
651000, 21890, 1, 0
652000, 23736, 0, 0
652000, 20284, 1, 0
653000, 20221, 1, 0
653000, 23675, 0, 0
654000, 23698, 0, 0
654000, 20247, 1, 0
655000, 23694, 0, 0
655000, 20252, 1, 0
656000, 23704, 0, 0
656000, 20243, 1, 0
657000, 23787, 0, 0
657000, 20352, 1, 0
658000, 23833, 0, 0
658000, 20443, 1, 0
659000, 23830, 0, 0
659000, 20451, 1, 0
660000, 20235, 1, 0
660000, 23689, 0, 0
661000, 23691, 0, 0
661000, 20211, 1, 0
662000, 20196, 1, 0
662000, 23666, 0, 0
663000, 20232, 1, 0
663000, 23693, 0, 0
664000, 23678, 0, 0
664000, 20177, 1, 0
665000, 20216, 1, 0
665000, 23659, 0, 0
666000, 23691, 0, 0
666000, 20235, 1, 0
667000, 20242, 1, 0
667000, 23702, 0, 0
668000, 20235, 1, 0
668000, 23709, 0, 0
669000, 20255, 1, 0
669000, 23705, 0, 0
670000, 23714, 0, 0
670000, 20237, 1, 0
671000, 23701, 0, 0
671000, 20228, 1, 0
672000, 23633, 0, 0
672000, 20171, 1, 0
673000, 23690, 0, 0
673000, 20235, 1, 0
674000, 23699, 0, 0
674000, 20221, 1, 0
675000, 23674, 0, 0
675000, 20185, 1, 0
676000, 20549, 1, 0
676000, 23820, 0, 0
677000, 24189, 0, 0
677000, 21423, 1, 0
678000, 23651, 0, 0
678000, 20209, 1, 0
679000, 23719, 0, 0
679000, 20318, 1, 0
680000, 20228, 1, 0
680000, 23712, 0, 0
681000, 23656, 0, 0
681000, 20190, 1, 0
682000, 23655, 0, 0
682000, 20180, 1, 0
683000, 20222, 1, 0
683000, 23697, 0, 0
684000, 20195, 1, 0
684000, 23683, 0, 0
685000, 23648, 0, 0
685000, 20212, 1, 0
686000, 23691, 0, 0
686000, 20212, 1, 0
687000, 23690, 0, 0
687000, 20212, 1, 0
688000, 23675, 0, 0
688000, 20201, 1, 0
689000, 23646, 0, 0
689000, 20231, 1, 0
690000, 23666, 0, 0
690000, 20272, 1, 0
691000, 20249, 1, 0
691000, 23698, 0, 0
692000, 23730, 0, 0
692000, 20275, 1, 0
693000, 20211, 1, 0
693000, 23692, 0, 0
694000, 23717, 0, 0
694000, 20295, 1, 0
695000, 23695, 0, 0
695000, 20288, 1, 0
696000, 23674, 0, 0
696000, 20217, 1, 0
697000, 20183, 1, 0
697000, 23635, 0, 0
698000, 23856, 0, 0
698000, 20599, 1, 0
699000, 24139, 0, 0
699000, 21439, 1, 0
700000, 20186, 1, 0
700000, 23684, 0, 0
701000, 23723, 0, 0
701000, 20235, 1, 0
702000, 23737, 0, 0
702000, 20285, 1, 0
703000, 23715, 0, 0
703000, 20232, 1, 0
704000, 20216, 1, 0
704000, 23676, 0, 0
705000, 20204, 1, 0
705000, 23673, 0, 0
706000, 23682, 0, 0
706000, 20216, 1, 0
707000, 20220, 1, 0
707000, 23668, 0, 0
708000, 23621, 0, 0
708000, 20160, 1, 0
709000, 23758, 0, 0
709000, 20262, 1, 0
710000, 23698, 0, 0
710000, 20237, 1, 0
711000, 23707, 0, 0
711000, 20233, 1, 0
712000, 23894, 0, 0
712000, 20665, 1, 0
713000, 24133, 0, 0
713000, 21386, 1, 0
714000, 23717, 0, 0
714000, 20239, 1, 0
715000, 23705, 0, 0
715000, 20229, 1, 0
716000, 23713, 0, 0
716000, 20263, 1, 0
717000, 20215, 1, 0
717000, 23654, 0, 0
718000, 23678, 0, 0
718000, 20186, 1, 0
719000, 23678, 0, 0
719000, 20211, 1, 0
720000, 23725, 0, 0
720000, 20236, 1, 0
721000, 20220, 1, 0
721000, 23682, 0, 0
722000, 23658, 0, 0
722000, 20199, 1, 0
723000, 20303, 1, 0
723000, 23759, 0, 0
724000, 23703, 0, 0
724000, 20225, 1, 0
725000, 23663, 0, 0
725000, 20208, 1, 0
726000, 23681, 0, 0
726000, 20204, 1, 0
727000, 23685, 0, 0
727000, 20210, 1, 0
728000, 23625, 0, 0
728000, 20161, 1, 0
729000, 23626, 0, 0
729000, 20147, 1, 0
730000, 23631, 0, 0
730000, 20179, 1, 0
731000, 23788, 0, 0
731000, 20320, 1, 0
732000, 20180, 1, 0
732000, 23651, 0, 0
733000, 23713, 0, 0
733000, 20235, 1, 0
734000, 23646, 0, 0
734000, 20198, 1, 0
735000, 23719, 0, 0
735000, 20238, 1, 0
736000, 20214, 1, 0
736000, 23704, 0, 0
737000, 23703, 0, 0
737000, 20237, 1, 0
738000, 23685, 0, 0
738000, 20239, 1, 0
739000, 23779, 0, 0
739000, 20488, 1, 0
740000, 24007, 0, 0
740000, 20931, 1, 0
741000, 23865, 0, 0
741000, 20495, 1, 0
742000, 24358, 0, 0
742000, 21919, 1, 0
743000, 23713, 0, 0
743000, 20286, 1, 0
744000, 23706, 0, 0
744000, 20213, 1, 0
745000, 23643, 0, 0
745000, 20178, 1, 0
746000, 23669, 0, 0
746000, 20211, 1, 0
747000, 23729, 0, 0
747000, 20267, 1, 0
748000, 23701, 0, 0
748000, 20220, 1, 0
749000, 23644, 0, 0
749000, 20191, 1, 0
750000, 23662, 0, 0
750000, 20213, 1, 0
751000, 23720, 0, 0
751000, 20235, 1, 0
752000, 23726, 0, 0
752000, 20240, 1, 0
753000, 23707, 0, 0
753000, 20211, 1, 0
754000, 23661, 0, 0
754000, 20198, 1, 0
755000, 23687, 0, 0
755000, 20209, 1, 0
756000, 23709, 0, 0
756000, 20248, 1, 0
757000, 20162, 1, 0
757000, 23648, 0, 0
758000, 23651, 0, 0
758000, 20185, 1, 0
759000, 23676, 0, 0
759000, 20236, 1, 0
760000, 23685, 0, 0
760000, 20208, 1, 0
761000, 20237, 1, 0
761000, 23723, 0, 0
762000, 24053, 0, 0
762000, 21269, 1, 0
763000, 24071, 0, 0
763000, 21265, 1, 0
764000, 20099, 1, 0
764000, 23555, 0, 0
765000, 23496, 0, 0
765000, 20055, 1, 0
766000, 23514, 0, 0
766000, 20057, 1, 0
767000, 20094, 1, 0
767000, 23578, 0, 0
768000, 20102, 1, 0
768000, 23539, 0, 0
769000, 23577, 0, 0
769000, 20117, 1, 0
770000, 20053, 1, 0
770000, 23526, 0, 0
771000, 23608, 0, 0
771000, 20130, 1, 0
772000, 23550, 0, 0
772000, 20076, 1, 0
773000, 23558, 0, 0
773000, 20106, 1, 0
774000, 23545, 0, 0
774000, 20134, 1, 0
775000, 20105, 1, 0
775000, 23550, 0, 0
776000, 23715, 0, 0
776000, 20444, 1, 0
777000, 24534, 0, 0
777000, 22484, 1, 0
778000, 24480, 0, 0
778000, 22181, 1, 0
779000, 24326, 0, 0
779000, 21759, 1, 0
780000, 20291, 1, 0
780000, 23714, 0, 0
781000, 23731, 0, 0
781000, 20316, 1, 0
782000, 23684, 0, 0
782000, 20279, 1, 0
783000, 20214, 1, 0
783000, 23679, 0, 0
784000, 23769, 0, 0
784000, 20323, 1, 0
785000, 20221, 1, 0
785000, 23663, 0, 0
786000, 20235, 1, 0
786000, 23717, 0, 0
787000, 20229, 1, 0
787000, 23714, 0, 0
788000, 23705, 0, 0
788000, 20216, 1, 0
789000, 23721, 0, 0
789000, 20275, 1, 0
790000, 23959, 0, 0
790000, 20863, 1, 0
791000, 23704, 0, 0
791000, 20257, 1, 0
792000, 23713, 0, 0
792000, 20217, 1, 0
793000, 23602, 0, 0
793000, 20159, 1, 0
794000, 20171, 1, 0
794000, 23637, 0, 0
795000, 20226, 1, 0
795000, 23683, 0, 0
796000, 23684, 0, 0
796000, 20219, 1, 0
797000, 23698, 0, 0
797000, 20228, 1, 0
798000, 21161, 1, 0
798000, 24046, 0, 0
799000, 20690, 1, 0
799000, 23822, 0, 0
800000, 20131, 1, 0
800000, 23628, 0, 0
801000, 23567, 0, 0
801000, 20078, 1, 0
802000, 23690, 0, 0
802000, 20257, 1, 0
803000, 20211, 1, 0
803000, 23671, 0, 0
804000, 23659, 0, 0
804000, 20213, 1, 0
805000, 20154, 1, 0
805000, 23632, 0, 0
806000, 23657, 0, 0
806000, 20175, 1, 0
807000, 20217, 1, 0
807000, 23714, 0, 0
808000, 23667, 0, 0
808000, 20212, 1, 0
809000, 23700, 0, 0
809000, 20228, 1, 0
810000, 21782, 1, 0
810000, 24307, 0, 0
811000, 23542, 0, 0
811000, 20092, 1, 0
812000, 23556, 0, 0
812000, 20083, 1, 0
813000, 20068, 1, 0
813000, 23525, 0, 0
814000, 23572, 0, 0
814000, 20088, 1, 0
815000, 23604, 0, 0
815000, 20124, 1, 0
816000, 23534, 0, 0
816000, 20081, 1, 0
817000, 23587, 0, 0
817000, 20116, 1, 0
818000, 23560, 0, 0
818000, 20109, 1, 0
819000, 23615, 0, 0
819000, 20159, 1, 0
820000, 23562, 0, 0
820000, 20095, 1, 0
821000, 23544, 0, 0
821000, 20085, 1, 0
822000, 24294, 0, 0
822000, 21758, 1, 0
823000, 20779, 1, 0
823000, 24070, 0, 0
824000, 23686, 0, 0
824000, 20220, 1, 0
825000, 20207, 1, 0
825000, 23689, 0, 0
826000, 23703, 0, 0
826000, 20210, 1, 0
827000, 20209, 1, 0
827000, 23692, 0, 0
828000, 20224, 1, 0
828000, 23694, 0, 0
829000, 20260, 1, 0
829000, 23700, 0, 0
830000, 23706, 0, 0
830000, 20230, 1, 0
831000, 23681, 0, 0
831000, 20212, 1, 0
832000, 23665, 0, 0
832000, 20188, 1, 0
833000, 23670, 0, 0
833000, 20209, 1, 0
834000, 20205, 1, 0
834000, 23671, 0, 0
835000, 24395, 0, 0
835000, 22001, 1, 0
836000, 23645, 0, 0
836000, 20217, 1, 0
837000, 23585, 0, 0
837000, 20107, 1, 0
838000, 23611, 0, 0
838000, 20183, 1, 0
839000, 23683, 0, 0
839000, 20208, 1, 0
840000, 23642, 0, 0
840000, 20171, 1, 0
841000, 20184, 1, 0
841000, 23667, 0, 0
842000, 20180, 1, 0
842000, 23652, 0, 0
843000, 23683, 0, 0
843000, 20211, 1, 0
844000, 23688, 0, 0
844000, 20214, 1, 0
845000, 23657, 0, 0
845000, 20196, 1, 0
846000, 21003, 1, 0
846000, 23964, 0, 0
847000, 23931, 0, 0
847000, 20935, 1, 0
848000, 20115, 1, 0
848000, 23568, 0, 0
849000, 23537, 0, 0
849000, 20072, 1, 0
850000, 23484, 0, 0
850000, 20054, 1, 0
851000, 23603, 0, 0
851000, 20115, 1, 0
852000, 23550, 0, 0
852000, 20104, 1, 0
853000, 23523, 0, 0
853000, 20085, 1, 0
854000, 23574, 0, 0
854000, 20132, 1, 0
855000, 23565, 0, 0
855000, 20112, 1, 0
856000, 20093, 1, 0
856000, 23568, 0, 0
857000, 23540, 0, 0
857000, 20074, 1, 0
858000, 21627, 1, 0
858000, 24230, 0, 0
859000, 23780, 0, 0
859000, 20546, 1, 0
860000, 23718, 0, 0
860000, 20221, 1, 0
861000, 20207, 1, 0
861000, 23693, 0, 0
862000, 23717, 0, 0
862000, 20305, 1, 0
863000, 23618, 0, 0
863000, 20212, 1, 0
864000, 23667, 0, 0
864000, 20234, 1, 0
865000, 23603, 0, 0
865000, 20125, 1, 0
866000, 23698, 0, 0
866000, 20234, 1, 0
867000, 23681, 0, 0
867000, 20267, 1, 0
868000, 23691, 0, 0
868000, 20300, 1, 0
869000, 20250, 1, 0
869000, 23694, 0, 0
870000, 23666, 0, 0
870000, 20199, 1, 0
871000, 23717, 0, 0
871000, 20220, 1, 0
872000, 20166, 1, 0
872000, 23626, 0, 0
873000, 20227, 1, 0
873000, 23721, 0, 0
874000, 20904, 1, 0
874000, 23974, 0, 0
875000, 24375, 0, 0
875000, 22020, 1, 0
876000, 20630, 1, 0
876000, 23839, 0, 0
877000, 23690, 0, 0
877000, 20218, 1, 0
878000, 20173, 1, 0
878000, 23643, 0, 0
879000, 23694, 0, 0
879000, 20229, 1, 0
880000, 23675, 0, 0
880000, 20212, 1, 0
881000, 23615, 0, 0
881000, 20147, 1, 0
882000, 24168, 0, 0
882000, 21499, 1, 0
883000, 24273, 0, 0
883000, 21742, 1, 0
884000, 23526, 0, 0
884000, 20088, 1, 0
885000, 23448, 0, 0
885000, 20035, 1, 0
886000, 20054, 1, 0
886000, 23545, 0, 0
887000, 23590, 0, 0
887000, 20105, 1, 0
888000, 23491, 0, 0
888000, 20053, 1, 0
889000, 23517, 0, 0
889000, 20060, 1, 0
890000, 23554, 0, 0
890000, 20115, 1, 0
891000, 23574, 0, 0
891000, 20127, 1, 0
892000, 21651, 1, 0
892000, 24211, 0, 0
893000, 20345, 1, 0
893000, 23751, 0, 0
894000, 23682, 0, 0
894000, 20201, 1, 0
895000, 23671, 0, 0
895000, 20176, 1, 0
896000, 23719, 0, 0
896000, 20316, 1, 0
897000, 20372, 1, 0
897000, 23728, 0, 0
898000, 20424, 1, 0
898000, 23801, 0, 0
899000, 23840, 0, 0
899000, 20476, 1, 0
900000, 23813, 0, 0
900000, 20415, 1, 0
901000, 23794, 0, 0
901000, 20422, 1, 0
902000, 20679, 1, 0
902000, 23876, 0, 0
903000, 21987, 1, 0
903000, 24378, 0, 0
904000, 23863, 0, 0
904000, 20785, 1, 0
905000, 23562, 0, 0
905000, 20105, 1, 0
906000, 20122, 1, 0
906000, 23582, 0, 0
907000, 20105, 1, 0
907000, 23574, 0, 0
908000, 23601, 0, 0
908000, 20110, 1, 0
909000, 20110, 1, 0
909000, 23540, 0, 0
910000, 23564, 0, 0
910000, 20091, 1, 0
911000, 23538, 0, 0
911000, 20090, 1, 0
912000, 23545, 0, 0
912000, 20077, 1, 0
913000, 23587, 0, 0
913000, 20111, 1, 0
914000, 23674, 0, 0
914000, 20225, 1, 0
915000, 20118, 1, 0
915000, 23590, 0, 0
916000, 23560, 0, 0
916000, 20093, 1, 0
917000, 23518, 0, 0
917000, 20059, 1, 0
918000, 20128, 1, 0
918000, 23566, 0, 0
919000, 23584, 0, 0
919000, 20137, 1, 0
920000, 20059, 1, 0
920000, 23542, 0, 0
921000, 20126, 1, 0
921000, 23589, 0, 0
922000, 23536, 0, 0
922000, 20098, 1, 0
923000, 23646, 0, 0
923000, 20170, 1, 0
924000, 24176, 0, 0
924000, 21485, 1, 0
925000, 24380, 0, 0
925000, 21738, 1, 0
926000, 23918, 0, 0
926000, 20512, 1, 0
927000, 23856, 0, 0
927000, 20378, 1, 0
928000, 23837, 0, 0
928000, 20390, 1, 0
929000, 23762, 0, 0
929000, 20339, 1, 0
930000, 20337, 1, 0
930000, 23760, 0, 0
931000, 23816, 0, 0
931000, 20362, 1, 0
932000, 20297, 1, 0
932000, 23770, 0, 0
933000, 20336, 1, 0
933000, 23787, 0, 0
934000, 23811, 0, 0
934000, 20371, 1, 0
935000, 23857, 0, 0
935000, 20401, 1, 0
936000, 24077, 0, 0
936000, 20947, 1, 0
937000, 25050, 0, 0
937000, 22742, 1, 0
938000, 21981, 1, 0
938000, 24378, 0, 0
939000, 23641, 0, 0
939000, 20206, 1, 0
940000, 23603, 0, 0
940000, 20127, 1, 0
941000, 23647, 0, 0
941000, 20170, 1, 0
942000, 23679, 0, 0
942000, 20220, 1, 0
943000, 20206, 1, 0
943000, 23668, 0, 0
944000, 20232, 1, 0
944000, 23684, 0, 0
945000, 20189, 1, 0
945000, 23654, 0, 0
946000, 23621, 0, 0
946000, 20176, 1, 0
947000, 23635, 0, 0
947000, 20175, 1, 0
948000, 23674, 0, 0
948000, 20197, 1, 0
949000, 20277, 1, 0
949000, 23661, 0, 0
950000, 24032, 0, 0
950000, 21067, 1, 0
951000, 23659, 0, 0
951000, 20244, 1, 0
952000, 23912, 0, 0
952000, 20748, 1, 0
953000, 22267, 1, 0
953000, 24518, 0, 0
954000, 24265, 0, 0
954000, 21470, 1, 0
955000, 23867, 0, 0
955000, 20487, 1, 0
956000, 24010, 0, 0
956000, 20822, 1, 0
957000, 24151, 0, 0
957000, 21448, 1, 0
958000, 23663, 0, 0
958000, 20201, 1, 0
959000, 23674, 0, 0
959000, 20212, 1, 0
960000, 23656, 0, 0
960000, 20175, 1, 0
961000, 20170, 1, 0
961000, 23602, 0, 0
962000, 20413, 1, 0
962000, 23822, 0, 0
963000, 20371, 1, 0
963000, 23844, 0, 0
964000, 20397, 1, 0
964000, 23870, 0, 0
965000, 20355, 1, 0
965000, 23796, 0, 0
966000, 23917, 0, 0
966000, 20599, 1, 0
967000, 23896, 0, 0
967000, 20403, 1, 0
968000, 24238, 0, 0
968000, 21372, 1, 0
969000, 23888, 0, 0
969000, 20787, 1, 0
970000, 23632, 0, 0
970000, 20198, 1, 0
971000, 23606, 0, 0
971000, 20147, 1, 0
972000, 23629, 0, 0
972000, 20145, 1, 0
973000, 23636, 0, 0
973000, 20179, 1, 0
974000, 23627, 0, 0
974000, 20185, 1, 0
975000, 20177, 1, 0
975000, 23632, 0, 0
976000, 23581, 0, 0
976000, 20124, 1, 0
977000, 23616, 0, 0
977000, 20152, 1, 0
978000, 23673, 0, 0
978000, 20203, 1, 0
979000, 20208, 1, 0
979000, 23650, 0, 0
980000, 23625, 0, 0
980000, 20183, 1, 0
981000, 23696, 0, 0
981000, 20236, 1, 0
982000, 23631, 0, 0
982000, 20207, 1, 0
983000, 23648, 0, 0
983000, 20212, 1, 0
984000, 23648, 0, 0
984000, 20198, 1, 0
985000, 24101, 0, 0
985000, 21270, 1, 0
986000, 24350, 0, 0
986000, 21714, 1, 0
987000, 23816, 0, 0
987000, 20362, 1, 0
988000, 23849, 0, 0
988000, 20429, 1, 0
989000, 23681, 0, 0
989000, 20249, 1, 0
990000, 20235, 1, 0
990000, 23667, 0, 0
991000, 20212, 1, 0
991000, 23632, 0, 0
992000, 23772, 0, 0
992000, 20323, 1, 0
993000, 20395, 1, 0
993000, 23885, 0, 0
994000, 23811, 0, 0
994000, 20318, 1, 0
995000, 23866, 0, 0
995000, 20390, 1, 0
996000, 23888, 0, 0
996000, 20398, 1, 0
997000, 20287, 1, 0
997000, 23751, 0, 0
998000, 20286, 1, 0
998000, 23778, 0, 0
999000, 23829, 0, 0
999000, 20370, 1, 0
1000000, 23934, 0, 0
1000000, 20625, 1, 0
1001000, 22136, 1, 0
1001000, 24468, 0, 0
1002000, 23906, 0, 0
1002000, 20520, 1, 0
1003000, 23825, 0, 0
1003000, 20447, 1, 0
1004000, 23841, 0, 0
1004000, 20445, 1, 0
1005000, 20349, 1, 0
1005000, 23829, 0, 0
1006000, 23830, 0, 0
1006000, 20422, 1, 0
1007000, 23791, 0, 0
1007000, 20337, 1, 0
1008000, 20595, 1, 0
1008000, 23901, 0, 0
1009000, 24444, 0, 0
1009000, 22162, 1, 0
1010000, 24031, 0, 0
1010000, 21005, 1, 0
1011000, 23598, 0, 0
1011000, 20185, 1, 0
1012000, 24126, 0, 0
1012000, 21487, 1, 0
1013000, 24339, 0, 0
1013000, 21966, 1, 0
1014000, 23903, 0, 0
1014000, 20682, 1, 0
1015000, 23531, 0, 0
1015000, 20075, 1, 0
1016000, 23545, 0, 0
1016000, 20088, 1, 0
1017000, 20081, 1, 0
1017000, 23521, 0, 0
1018000, 20037, 1, 0
1018000, 23468, 0, 0
1019000, 23509, 0, 0
1019000, 20063, 1, 0
1020000, 23684, 0, 0
1020000, 20326, 1, 0
1021000, 20093, 1, 0
1021000, 23567, 0, 0
1022000, 24423, 0, 0
1022000, 22037, 1, 0
1023000, 24200, 0, 0
1023000, 21441, 1, 0
1024000, 23639, 0, 0
1024000, 20207, 1, 0
1025000, 23529, 0, 0
1025000, 20077, 1, 0
1026000, 20249, 1, 0
1026000, 23676, 0, 0
1027000, 23676, 0, 0
1027000, 20219, 1, 0
1028000, 23661, 0, 0
1028000, 20249, 1, 0
1029000, 20059, 1, 0
1029000, 23478, 0, 0
1030000, 23671, 0, 0
1030000, 20349, 1, 0
1031000, 23682, 0, 0
1031000, 20223, 1, 0
1032000, 23721, 0, 0
1032000, 20321, 1, 0
1033000, 24201, 0, 0
1033000, 21450, 1, 0
1034000, 21962, 1, 0
1034000, 24342, 0, 0
1035000, 21135, 1, 0
1035000, 24019, 0, 0
1036000, 23597, 0, 0
1036000, 20173, 1, 0
1037000, 23617, 0, 0
1037000, 20152, 1, 0
1038000, 20175, 1, 0
1038000, 23605, 0, 0
1039000, 21923, 1, 0
1039000, 24353, 0, 0
1040000, 24197, 0, 0
1040000, 21537, 1, 0
1041000, 23965, 0, 0
1041000, 20842, 1, 0
1042000, 24333, 0, 0
1042000, 21974, 1, 0
1043000, 24095, 0, 0
1043000, 20992, 1, 0
1044000, 20715, 1, 0
1044000, 24056, 0, 0
1045000, 23714, 0, 0
1045000, 20270, 1, 0
1046000, 23916, 0, 0
1046000, 20849, 1, 0
1047000, 24286, 0, 0
1047000, 21912, 1, 0
1048000, 21655, 1, 0
1048000, 24174, 0, 0
1049000, 23492, 0, 0
1049000, 20042, 1, 0
1050000, 19985, 1, 0
1050000, 23397, 0, 0
1051000, 20122, 1, 0
1051000, 23547, 0, 0
1052000, 20054, 1, 0
1052000, 23482, 0, 0
1053000, 23489, 0, 0
1053000, 20057, 1, 0
1054000, 23825, 0, 0
1054000, 20742, 1, 0
1055000, 23991, 0, 0
1055000, 21022, 1, 0
1056000, 23766, 0, 0
1056000, 20700, 1, 0
1057000, 23666, 0, 0
1057000, 20253, 1, 0
1058000, 23551, 0, 0
1058000, 20164, 1, 0
1059000, 23444, 0, 0
1059000, 20020, 1, 0
1060000, 23363, 0, 0
1060000, 19950, 1, 0
1061000, 23457, 0, 0
1061000, 20030, 1, 0
1062000, 20060, 1, 0
1062000, 23508, 0, 0
1063000, 23548, 0, 0
1063000, 20085, 1, 0
1064000, 23504, 0, 0
1064000, 20071, 1, 0
1065000, 23533, 0, 0
1065000, 20083, 1, 0
1066000, 23812, 0, 0
1066000, 20726, 1, 0
1067000, 21724, 1, 0
1067000, 24268, 0, 0
1068000, 23559, 0, 0
1068000, 20133, 1, 0
1069000, 23605, 0, 0
1069000, 20155, 1, 0
1070000, 23596, 0, 0
1070000, 20158, 1, 0
1071000, 23585, 0, 0
1071000, 20126, 1, 0
1072000, 23595, 0, 0
1072000, 20147, 1, 0
1073000, 23578, 0, 0
1073000, 20148, 1, 0
1074000, 20506, 1, 0
1074000, 23782, 0, 0
1075000, 24363, 0, 0
1075000, 21956, 1, 0
1076000, 23663, 0, 0
1076000, 20412, 1, 0
1077000, 23489, 0, 0
1077000, 20068, 1, 0
1078000, 23514, 0, 0
1078000, 20063, 1, 0
1079000, 23514, 0, 0
1079000, 20053, 1, 0
1080000, 23510, 0, 0
1080000, 20042, 1, 0
1081000, 23495, 0, 0
1081000, 20043, 1, 0
1082000, 20017, 1, 0
1082000, 23457, 0, 0
1083000, 20037, 1, 0
1083000, 23487, 0, 0
1084000, 23507, 0, 0
1084000, 20066, 1, 0
1085000, 23502, 0, 0
1085000, 20076, 1, 0
1086000, 23505, 0, 0
1086000, 20067, 1, 0
1087000, 23507, 0, 0
1087000, 20067, 1, 0
1088000, 23482, 0, 0
1088000, 20050, 1, 0
1089000, 23501, 0, 0
1089000, 20064, 1, 0
1090000, 20046, 1, 0
1090000, 23467, 0, 0
1091000, 23453, 0, 0
1091000, 20031, 1, 0
1092000, 23502, 0, 0
1092000, 20049, 1, 0
1093000, 23464, 0, 0
1093000, 20019, 1, 0
1094000, 20009, 1, 0
1094000, 23474, 0, 0
1095000, 24300, 0, 0
1095000, 21849, 1, 0
1096000, 23586, 0, 0
1096000, 20138, 1, 0
1097000, 20133, 1, 0
1097000, 23598, 0, 0
1098000, 23543, 0, 0
1098000, 20111, 1, 0
1099000, 23608, 0, 0
1099000, 20136, 1, 0
1100000, 23536, 0, 0
1100000, 20093, 1, 0
1101000, 23574, 0, 0
1101000, 20108, 1, 0
1102000, 23586, 0, 0
1102000, 20124, 1, 0
1103000, 20133, 1, 0
1103000, 23593, 0, 0
1104000, 23564, 0, 0
1104000, 20121, 1, 0
1105000, 23581, 0, 0
1105000, 20124, 1, 0
1106000, 23598, 0, 0
1106000, 20167, 1, 0
1107000, 20137, 1, 0
1107000, 23553, 0, 0
1108000, 23593, 0, 0
1108000, 20134, 1, 0
1109000, 20105, 1, 0
1109000, 23550, 0, 0
1110000, 23727, 0, 0
1110000, 20466, 1, 0
1111000, 24280, 0, 0
1111000, 21901, 1, 0
1112000, 23473, 0, 0
1112000, 20059, 1, 0
1113000, 20024, 1, 0
1113000, 23482, 0, 0
1114000, 23494, 0, 0
1114000, 20042, 1, 0
1115000, 23510, 0, 0
1115000, 20069, 1, 0
1116000, 20141, 1, 0
1116000, 23536, 0, 0
1117000, 21814, 1, 0
1117000, 24288, 0, 0
1118000, 24390, 0, 0
1118000, 22001, 1, 0
1119000, 24018, 0, 0
1119000, 20679, 1, 0
1120000, 23681, 0, 0
1120000, 20305, 1, 0
1121000, 20053, 1, 0
1121000, 23503, 0, 0
1122000, 23506, 0, 0
1122000, 20060, 1, 0
1123000, 23506, 0, 0
1123000, 20112, 1, 0
1124000, 23479, 0, 0
1124000, 20084, 1, 0
1125000, 23418, 0, 0
1125000, 20025, 1, 0
1126000, 20029, 1, 0
1126000, 23472, 0, 0
1127000, 20096, 1, 0
1127000, 23489, 0, 0
1128000, 23508, 0, 0
1128000, 20138, 1, 0
1129000, 23476, 0, 0
1129000, 20039, 1, 0
1130000, 23437, 0, 0
1130000, 20036, 1, 0
1131000, 23491, 0, 0
1131000, 20035, 1, 0
1132000, 23460, 0, 0
1132000, 20015, 1, 0
1133000, 24230, 0, 0
1133000, 21737, 1, 0
1134000, 24509, 0, 0
1134000, 22120, 1, 0
1135000, 21878, 1, 0
1135000, 24670, 0, 0
1136000, 24048, 0, 0
1136000, 21061, 1, 0
1137000, 25270, 0, 0
1137000, 23059, 1, 0
1138000, 24316, 0, 0
1138000, 21755, 1, 0
1139000, 22072, 1, 0
1139000, 24411, 0, 0
1140000, 21877, 1, 0
1140000, 24446, 0, 0
1141000, 23618, 0, 0
1141000, 20147, 1, 0
1142000, 23562, 0, 0
1142000, 20106, 1, 0
1143000, 23584, 0, 0
1143000, 20113, 1, 0
1144000, 23596, 0, 0
1144000, 20150, 1, 0
1145000, 23578, 0, 0
1145000, 20110, 1, 0
1146000, 20483, 1, 0
1146000, 23722, 0, 0
1147000, 24227, 0, 0
1147000, 21474, 1, 0
1148000, 23625, 0, 0
1148000, 20164, 1, 0
1149000, 23611, 0, 0
1149000, 20160, 1, 0
1150000, 23622, 0, 0
1150000, 20193, 1, 0
1151000, 20168, 1, 0
1151000, 23670, 0, 0
1152000, 20113, 1, 0
1152000, 23606, 0, 0
1153000, 23607, 0, 0
1153000, 20183, 1, 0
1154000, 20171, 1, 0
1154000, 23599, 0, 0
1155000, 23544, 0, 0
1155000, 20105, 1, 0
1156000, 23716, 0, 0
1156000, 20421, 1, 0
1157000, 22058, 1, 0
1157000, 24353, 0, 0
1158000, 23849, 0, 0
1158000, 20596, 1, 0
1159000, 23648, 0, 0
1159000, 20189, 1, 0
1160000, 20244, 1, 0
1160000, 23631, 0, 0
1161000, 23659, 0, 0
1161000, 20210, 1, 0
1162000, 23637, 0, 0
1162000, 20170, 1, 0
1163000, 23639, 0, 0
1163000, 20180, 1, 0
1164000, 23645, 0, 0
1164000, 20189, 1, 0
1165000, 23660, 0, 0
1165000, 20168, 1, 0
1166000, 20140, 1, 0
1166000, 23623, 0, 0
1167000, 20242, 1, 0
1167000, 23708, 0, 0
1168000, 23598, 0, 0
1168000, 20144, 1, 0
1169000, 20118, 1, 0
1169000, 23591, 0, 0
1170000, 20149, 1, 0
1170000, 23590, 0, 0
1171000, 20102, 1, 0
1171000, 23549, 0, 0
1172000, 20158, 1, 0
1172000, 23586, 0, 0
1173000, 20118, 1, 0
1173000, 23557, 0, 0
1174000, 23588, 0, 0
1174000, 20137, 1, 0
1175000, 20113, 1, 0
1175000, 23561, 0, 0
1176000, 23601, 0, 0
1176000, 20139, 1, 0
1177000, 23561, 0, 0
1177000, 20152, 1, 0
1178000, 23628, 0, 0
1178000, 20151, 1, 0
1179000, 24206, 0, 0
1179000, 21579, 1, 0
1180000, 20565, 1, 0
1180000, 23768, 0, 0
1181000, 23657, 0, 0
1181000, 20193, 1, 0
1182000, 23641, 0, 0
1182000, 20197, 1, 0
1183000, 23602, 0, 0
1183000, 20144, 1, 0
1184000, 23587, 0, 0
1184000, 20146, 1, 0
1185000, 23894, 0, 0
1185000, 20693, 1, 0
1186000, 23622, 0, 0
1186000, 20128, 1, 0
1187000, 23579, 0, 0
1187000, 20127, 1, 0
1188000, 23605, 0, 0
1188000, 20127, 1, 0
1189000, 20236, 1, 0
1189000, 23649, 0, 0
1190000, 23642, 0, 0
1190000, 20201, 1, 0
1191000, 20089, 1, 0
1191000, 23546, 0, 0
1192000, 23586, 0, 0
1192000, 20141, 1, 0
1193000, 23590, 0, 0
1193000, 20126, 1, 0
1194000, 23584, 0, 0
1194000, 20137, 1, 0
1195000, 20159, 1, 0
1195000, 23605, 0, 0
1196000, 23596, 0, 0
1196000, 20150, 1, 0
1197000, 23622, 0, 0
1197000, 20154, 1, 0
1198000, 23569, 0, 0
1198000, 20116, 1, 0
1199000, 24178, 0, 0
1199000, 21490, 1, 0
1200000, 23790, 0, 0
1200000, 20504, 1, 0
