1000, 19976, 0, 0
1000, 8872, 1, 0
2000, 17844, 0, 0
2000, 7424, 1, 0
3000, 17172, 0, 0
3000, 7140, 1, 0
4000, 32480, 0, 0
4000, 13984, 1, 0
5000, 40608, 0, 0
5000, 17160, 1, 0
6000, 40464, 0, 0
6000, 17348, 1, 0
7000, 40296, 0, 0
7000, 17636, 1, 0
8000, 40700, 0, 0
8000, 16608, 1, 0
9000, 38860, 0, 0
9000, 16892, 1, 0
10000, 39672, 0, 0
10000, 17224, 1, 0
11000, 39688, 0, 0
11000, 16924, 1, 0
12000, 40200, 0, 0
12000, 16844, 1, 0
13000, 40444, 0, 0
13000, 17740, 1, 0
14000, 40524, 0, 0
14000, 17476, 1, 0
15000, 40624, 0, 0
15000, 17008, 1, 0
16000, 40504, 0, 0
16000, 17588, 1, 0
17000, 40664, 0, 0
17000, 17252, 1, 0
18000, 40344, 0, 0
18000, 17804, 1, 0
19000, 40548, 0, 0
19000, 17524, 1, 0
20000, 40404, 0, 0
20000, 17748, 1, 0
21000, 40516, 0, 0
21000, 17408, 1, 0
22000, 40376, 0, 0
22000, 17728, 1, 0
23000, 40388, 0, 0
23000, 17660, 1, 0
24000, 40628, 0, 0
24000, 17388, 1, 0
25000, 40588, 0, 0
25000, 16888, 1, 0
26000, 40604, 0, 0
26000, 17140, 1, 0
27000, 40376, 0, 0
27000, 17388, 1, 0
28000, 39860, 0, 0
28000, 17224, 1, 0
29000, 39568, 0, 0
29000, 17244, 1, 0
30000, 39612, 0, 0
30000, 17516, 1, 0
31000, 40532, 0, 0
31000, 16932, 1, 0
32000, 24072, 0, 0
32000, 10140, 1, 0
33000, 37460, 0, 0
33000, 15996, 1, 0
34000, 39504, 0, 0
34000, 17108, 1, 0
35000, 39228, 0, 0
35000, 16748, 1, 0
36000, 39912, 0, 0
36000, 17664, 1, 0
37001, 39832, 0, 0
37001, 17546, 1, 0
38000, 40020, 0, 0
38000, 17128, 1, 0
39000, 40084, 0, 0
39000, 17144, 1, 0
40000, 21716, 0, 0
40000, 9944, 1, 0
41000, 35772, 0, 0
41000, 14848, 1, 0
42000, 41680, 0, 0
42000, 17348, 1, 0
43000, 41848, 0, 0
43000, 17920, 1, 0
44000, 41492, 0, 0
44000, 17936, 1, 0
45000, 42024, 0, 0
45000, 17716, 1, 0
46000, 41016, 0, 0
46000, 17264, 1, 0
47000, 40836, 0, 0
47000, 17596, 1, 0
48000, 42200, 0, 0
48000, 17728, 1, 0
49000, 43000, 0, 0
49000, 18484, 1, 0
50000, 41540, 0, 0
50000, 17824, 1, 0
51000, 40648, 0, 0
51000, 17212, 1, 0
52000, 40564, 0, 0
52000, 17608, 1, 0
53000, 40476, 0, 0
53000, 17852, 1, 0
54000, 40660, 0, 0
54000, 17296, 1, 0
55000, 40700, 0, 0
55000, 17316, 1, 0
56000, 40524, 0, 0
56000, 17492, 1, 0
57001, 40211, 0, 0
57001, 18129, 1, 0
58000, 33036, 0, 0
58000, 14304, 1, 0
59000, 15912, 0, 0
59000, 6804, 1, 0
60000, 26264, 0, 0
60000, 11016, 1, 0
61000, 39652, 0, 0
61000, 17304, 1, 0
62000, 40432, 0, 0
62000, 17600, 1, 0
63000, 40704, 0, 0
63000, 16964, 1, 0
64000, 40660, 0, 0
64000, 17236, 1, 0
65000, 40440, 0, 0
65000, 17568, 1, 0
66000, 39576, 0, 0
66000, 16828, 1, 0
67000, 39632, 0, 0
67000, 16188, 1, 0
68000, 40404, 0, 0
68000, 17120, 1, 0
69000, 40312, 0, 0
69000, 17180, 1, 0
70000, 39368, 0, 0
70000, 16792, 1, 0
71000, 31532, 0, 0
71000, 13520, 1, 0
72000, 34220, 0, 0
72000, 14420, 1, 0
73000, 39524, 0, 0
73000, 17220, 1, 0
74000, 39504, 0, 0
74000, 17248, 1, 0
75000, 40552, 0, 0
75000, 16832, 1, 0
76000, 40524, 0, 0
76000, 17064, 1, 0
77000, 41268, 0, 0
77000, 17776, 1, 0
78000, 45320, 0, 0
78000, 19560, 1, 0
79000, 44732, 0, 0
79000, 18820, 1, 0
80000, 44460, 0, 0
80000, 19528, 1, 0
81000, 45060, 0, 0
81000, 19028, 1, 0
82000, 45588, 0, 0
82000, 19440, 1, 0
83000, 45788, 0, 0
83000, 19544, 1, 0
84000, 45660, 0, 0
84000, 19600, 1, 0
85000, 45708, 0, 0
85000, 19572, 1, 0
86000, 45716, 0, 0
86000, 19612, 1, 0
87001, 45726, 0, 0
87001, 19492, 1, 0
88000, 45516, 0, 0
88000, 19884, 1, 0
89000, 45696, 0, 0
89000, 19152, 1, 0
90000, 45532, 0, 0
90000, 20012, 1, 0
91000, 45544, 0, 0
91000, 19852, 1, 0
92000, 45136, 0, 0
92000, 19368, 1, 0
93000, 44568, 0, 0
93000, 19304, 1, 0
94000, 44628, 0, 0
94000, 19168, 1, 0
95000, 45204, 0, 0
95000, 19124, 1, 0
96000, 45636, 0, 0
96000, 19820, 1, 0
97000, 45588, 0, 0
97000, 19604, 1, 0
98000, 45812, 0, 0
98000, 18996, 1, 0
99000, 45652, 0, 0
99000, 19428, 1, 0
100000, 45584, 0, 0
100000, 19500, 1, 0
101000, 45708, 0, 0
101000, 19456, 1, 0
102000, 45752, 0, 0
102000, 19340, 1, 0
103000, 45572, 0, 0
103000, 19756, 1, 0
104000, 45788, 0, 0
104000, 18980, 1, 0
105000, 45188, 0, 0
105000, 19204, 1, 0
106000, 44488, 0, 0
106000, 19756, 1, 0
107000, 45704, 0, 0
107000, 19400, 1, 0
108000, 45568, 0, 0
108000, 19536, 1, 0
109000, 45672, 0, 0
109000, 19684, 1, 0
110000, 45548, 0, 0
110000, 19880, 1, 0
111000, 45524, 0, 0
111000, 19340, 1, 0
112000, 45648, 0, 0
112000, 19696, 1, 0
113000, 45024, 0, 0
113000, 19404, 1, 0
114000, 44888, 0, 0
114000, 19112, 1, 0
115000, 45520, 0, 0
115000, 19784, 1, 0
116000, 45680, 0, 0
116000, 19812, 1, 0
117000, 45776, 0, 0
117000, 19256, 1, 0
118000, 45500, 0, 0
118000, 19356, 1, 0
119000, 45656, 0, 0
119000, 19600, 1, 0
120000, 45532, 0, 0
120000, 19532, 1, 0
121000, 44684, 0, 0
121000, 19072, 1, 0
122000, 45100, 0, 0
122000, 19248, 1, 0
123000, 45676, 0, 0
123000, 19604, 1, 0
124000, 45584, 0, 0
124000, 19684, 1, 0
125000, 45688, 0, 0
125000, 19264, 1, 0
126000, 45616, 0, 0
126000, 19932, 1, 0
127000, 45532, 0, 0
127000, 19844, 1, 0
128000, 45528, 0, 0
128000, 20172, 1, 0
129000, 45696, 0, 0
129000, 19516, 1, 0
130000, 45532, 0, 0
130000, 19980, 1, 0
131000, 45712, 0, 0
131000, 19448, 1, 0
132000, 45608, 0, 0
132000, 19968, 1, 0
133000, 45644, 0, 0
133000, 19440, 1, 0
134000, 45640, 0, 0
134000, 19752, 1, 0
135000, 44684, 0, 0
135000, 19056, 1, 0
136000, 22212, 0, 0
136000, 9596, 1, 0
137000, 20892, 0, 0
137000, 8740, 1, 0
138000, 18076, 0, 0
138000, 7596, 1, 0
139000, 28544, 0, 0
139000, 11488, 1, 0
140000, 45548, 0, 0
140000, 19348, 1, 0
141000, 45688, 0, 0
141000, 19256, 1, 0
142000, 45492, 0, 0
142000, 19692, 1, 0
143000, 45504, 0, 0
143000, 19932, 1, 0
144000, 45532, 0, 0
144000, 19672, 1, 0
145000, 45600, 0, 0
145000, 19708, 1, 0
146000, 45448, 0, 0
146000, 19908, 1, 0
147000, 45604, 0, 0
147000, 19756, 1, 0
148000, 45920, 0, 0
148000, 19972, 1, 0
149000, 47264, 0, 0
149000, 20176, 1, 0
150000, 46776, 0, 0
150000, 20080, 1, 0
151000, 47312, 0, 0
151000, 20000, 1, 0
152000, 46308, 0, 0
152000, 19648, 1, 0
153001, 45782, 0, 0
153001, 20215, 1, 0
154000, 47504, 0, 0
154000, 20524, 1, 0
155000, 47392, 0, 0
155000, 19936, 1, 0
156000, 45236, 0, 0
156000, 19540, 1, 0
157000, 44940, 0, 0
157000, 19204, 1, 0
158000, 45768, 0, 0
158000, 18896, 1, 0
159000, 45436, 0, 0
159000, 19980, 1, 0
160000, 45752, 0, 0
160000, 19472, 1, 0
161000, 45792, 0, 0
161000, 19112, 1, 0
162000, 45600, 0, 0
162000, 19488, 1, 0
163000, 45484, 0, 0
163000, 19640, 1, 0
164000, 45380, 0, 0
164000, 19400, 1, 0
165000, 44976, 0, 0
165000, 18856, 1, 0
166000, 42928, 0, 0
166000, 17852, 1, 0
167000, 44488, 0, 0
167000, 19364, 1, 0
168000, 44608, 0, 0
168000, 19148, 1, 0
169000, 44940, 0, 0
169000, 19736, 1, 0
170000, 44944, 0, 0
170000, 19232, 1, 0
171000, 45572, 0, 0
171000, 19860, 1, 0
172000, 44800, 0, 0
172000, 18840, 1, 0
173000, 45396, 0, 0
173000, 19396, 1, 0
174000, 45756, 0, 0
174000, 19184, 1, 0
175000, 45664, 0, 0
175000, 19596, 1, 0
176000, 45684, 0, 0
176000, 19340, 1, 0
177000, 45620, 0, 0
177000, 19708, 1, 0
178000, 45680, 0, 0
178000, 19596, 1, 0
179000, 45732, 0, 0
179000, 19308, 1, 0
180000, 45304, 0, 0
180000, 19328, 1, 0
181000, 41416, 0, 0
181000, 17428, 1, 0
182000, 45304, 0, 0
182000, 19648, 1, 0
183000, 45348, 0, 0
183000, 19704, 1, 0
184000, 45596, 0, 0
184000, 19484, 1, 0
185000, 45928, 0, 0
185000, 19040, 1, 0
186000, 45508, 0, 0
186000, 19964, 1, 0
187000, 45768, 0, 0
187000, 19688, 1, 0
188000, 45868, 0, 0
188000, 19456, 1, 0
189000, 45912, 0, 0
189000, 19600, 1, 0
190000, 45824, 0, 0
190000, 19916, 1, 0
191000, 45736, 0, 0
191000, 19860, 1, 0
192000, 44576, 0, 0
192000, 19656, 1, 0
193000, 44820, 0, 0
193000, 19260, 1, 0
194000, 45788, 0, 0
194000, 19608, 1, 0
195000, 45744, 0, 0
195000, 19464, 1, 0
196000, 45676, 0, 0
196000, 19716, 1, 0
197000, 45780, 0, 0
197000, 19312, 1, 0
198000, 45848, 0, 0
198000, 19400, 1, 0
199000, 45728, 0, 0
199000, 19796, 1, 0
200000, 45844, 0, 0
200000, 19348, 1, 0
201000, 45580, 0, 0
201000, 19964, 1, 0
202000, 45756, 0, 0
202000, 19620, 1, 0
203000, 45656, 0, 0
203000, 19868, 1, 0
204000, 45740, 0, 0
204000, 20072, 1, 0
205000, 45792, 0, 0
205000, 19488, 1, 0
206000, 45892, 0, 0
206000, 19156, 1, 0
207000, 44548, 0, 0
207000, 19436, 1, 0
208000, 45672, 0, 0
208000, 19828, 1, 0
209000, 77012, 0, 0
209000, 33228, 1, 0
210000, 122108, 0, 0
210000, 53244, 1, 0
211000, 123096, 0, 0
211000, 51604, 1, 0
212000, 123088, 0, 0
212000, 52596, 1, 0
213000, 122892, 0, 0
213000, 52876, 1, 0
214000, 122904, 0, 0
214000, 52972, 1, 0
215000, 123492, 0, 0
215000, 52252, 1, 0
216000, 122812, 0, 0
216000, 52772, 1, 0
217000, 122796, 0, 0
217000, 52888, 1, 0
218000, 122880, 0, 0
218000, 52144, 1, 0
219000, 117000, 0, 0
219000, 50544, 1, 0
220000, 122548, 0, 0
220000, 52248, 1, 0
221000, 122420, 0, 0
221000, 52536, 1, 0
222000, 123468, 0, 0
222000, 52148, 1, 0
223000, 122544, 0, 0
223000, 52532, 1, 0
224000, 122840, 0, 0
224000, 51588, 1, 0
225000, 123168, 0, 0
225000, 52824, 1, 0
226000, 122328, 0, 0
226000, 53364, 1, 0
227000, 123176, 0, 0
227000, 52300, 1, 0
228000, 117440, 0, 0
228000, 50516, 1, 0
229000, 117188, 0, 0
229000, 48492, 1, 0
230000, 116636, 0, 0
230000, 49768, 1, 0
231000, 115624, 0, 0
231000, 50420, 1, 0
232000, 120584, 0, 0
232000, 51664, 1, 0
233000, 122600, 0, 0
233000, 52692, 1, 0
234000, 122960, 0, 0
234000, 52636, 1, 0
235000, 122072, 0, 0
235000, 53464, 1, 0
236000, 122560, 0, 0
236000, 52816, 1, 0
237000, 122728, 0, 0
237000, 52436, 1, 0
238000, 122872, 0, 0
238000, 52516, 1, 0
239000, 116876, 0, 0
239000, 50052, 1, 0
240000, 121616, 0, 0
240000, 52956, 1, 0
241000, 122140, 0, 0
241000, 52676, 1, 0
242000, 122400, 0, 0
242000, 51992, 1, 0
243000, 122988, 0, 0
243000, 52472, 1, 0
244000, 122208, 0, 0
244000, 53532, 1, 0
245000, 122844, 0, 0
245000, 52576, 1, 0
246000, 123000, 0, 0
246000, 52276, 1, 0
247000, 123224, 0, 0
247000, 52004, 1, 0
248000, 122192, 0, 0
248000, 53052, 1, 0
249000, 122788, 0, 0
249000, 52792, 1, 0
250000, 122428, 0, 0
250000, 52912, 1, 0
251000, 122908, 0, 0
251000, 52404, 1, 0
252000, 122784, 0, 0
252000, 52552, 1, 0
253000, 118784, 0, 0
253000, 49984, 1, 0
254000, 120512, 0, 0
254000, 52028, 1, 0
255000, 122748, 0, 0
255001, 53420, 1, 0
256000, 123784, 0, 0
256000, 52712, 1, 0
257000, 122488, 0, 0
257000, 53016, 1, 0
258000, 123680, 0, 0
258000, 52576, 1, 0
259000, 123124, 0, 0
259000, 52392, 1, 0
260000, 122424, 0, 0
260000, 52828, 1, 0
261001, 122889, 0, 0
261001, 52643, 1, 0
262000, 123596, 0, 0
262000, 52324, 1, 0
263000, 116364, 0, 0
263000, 50308, 1, 0
264000, 121912, 0, 0
264000, 52424, 1, 0
265000, 121976, 0, 0
265000, 52964, 1, 0
266000, 121992, 0, 0
266000, 53152, 1, 0
267000, 122788, 0, 0
267000, 52828, 1, 0
268000, 122824, 0, 0
268000, 52644, 1, 0
269000, 122140, 0, 0
269000, 52868, 1, 0
270000, 122284, 0, 0
270000, 52820, 1, 0
271000, 121864, 0, 0
271000, 52680, 1, 0
272000, 122880, 0, 0
272000, 51928, 1, 0
273000, 122244, 0, 0
273000, 52756, 1, 0
274000, 122376, 0, 0
274000, 52440, 1, 0
275000, 122240, 0, 0
275000, 52564, 1, 0
276000, 122368, 0, 0
276000, 52876, 1, 0
277000, 122472, 0, 0
277000, 52364, 1, 0
278000, 122716, 0, 0
278000, 52380, 1, 0
279000, 122132, 0, 0
279000, 52840, 1, 0
280000, 122660, 0, 0
280000, 52296, 1, 0
281000, 122688, 0, 0
281000, 52496, 1, 0
282000, 122028, 0, 0
282000, 53052, 1, 0
283000, 122668, 0, 0
283000, 52104, 1, 0
284000, 122924, 0, 0
284000, 52000, 1, 0
285000, 121144, 0, 0
285000, 51760, 1, 0
286000, 117104, 0, 0
286000, 50324, 1, 0
287000, 123212, 0, 0
287000, 52228, 1, 0
288000, 122252, 0, 0
288000, 53356, 1, 0
289000, 122992, 0, 0
289000, 52264, 1, 0
290000, 123068, 0, 0
290000, 52076, 1, 0
291000, 122956, 0, 0
291000, 52584, 1, 0
292000, 123516, 0, 0
292000, 51764, 1, 0
293000, 122448, 0, 0
293000, 53036, 1, 0
294000, 122220, 0, 0
294000, 53120, 1, 0
295000, 122728, 0, 0
295000, 52780, 1, 0
296000, 122160, 0, 0
296000, 53056, 1, 0
297000, 122796, 0, 0
297000, 52352, 1, 0
298000, 122472, 0, 0
298000, 52656, 1, 0
299000, 122956, 0, 0
299000, 52252, 1, 0
300000, 123828, 0, 0
300000, 51452, 1, 0
301000, 122560, 0, 0
301000, 52492, 1, 0
302000, 122492, 0, 0
302000, 52648, 1, 0
303000, 123028, 0, 0
303000, 52908, 1, 0
304000, 123032, 0, 0
304000, 52532, 1, 0
305000, 122812, 0, 0
305000, 52412, 1, 0
306000, 122156, 0, 0
306000, 53840, 1, 0
307000, 116740, 0, 0
307000, 50352, 1, 0
308000, 122284, 0, 0
308000, 52808, 1, 0
309000, 123088, 0, 0
309000, 52400, 1, 0
310000, 123052, 0, 0
310000, 52252, 1, 0
311000, 122856, 0, 0
311000, 52956, 1, 0
312001, 123240, 0, 0
312001, 52215, 1, 0
313000, 118540, 0, 0
313000, 51004, 1, 0
314000, 114552, 0, 0
314000, 48976, 1, 0
315000, 119900, 0, 0
315000, 50916, 1, 0
316000, 123208, 0, 0
316000, 52332, 1, 0
317000, 122776, 0, 0
317000, 52792, 1, 0
318000, 122880, 0, 0
318000, 52544, 1, 0
319000, 123204, 0, 0
319000, 52128, 1, 0
320001, 119572, 0, 0
320001, 51496, 1, 0
321000, 123072, 0, 0
321000, 52332, 1, 0
322000, 123500, 0, 0
322000, 52168, 1, 0
323000, 117256, 0, 0
323000, 49952, 1, 0
324000, 117976, 0, 0
324000, 51300, 1, 0
325000, 123388, 0, 0
325000, 52400, 1, 0
326000, 122732, 0, 0
326000, 52472, 1, 0
327000, 122368, 0, 0
327000, 53356, 1, 0
328000, 122528, 0, 0
328000, 52844, 1, 0
329000, 122928, 0, 0
329000, 52592, 1, 0
330000, 122624, 0, 0
330000, 52800, 1, 0
331000, 123796, 0, 0
331000, 51744, 1, 0
332000, 123112, 0, 0
332000, 52012, 1, 0
333000, 119716, 0, 0
333000, 51760, 1, 0
334000, 121916, 0, 0
334000, 53224, 1, 0
335000, 117344, 0, 0
335000, 50148, 1, 0
336000, 121952, 0, 0
336000, 51656, 1, 0
337000, 122352, 0, 0
337000, 52884, 1, 0
338000, 122488, 0, 0
338000, 52988, 1, 0
339000, 120624, 0, 0
339000, 51152, 1, 0
340000, 122976, 0, 0
340000, 52596, 1, 0
341000, 122304, 0, 0
341000, 52188, 1, 0
342000, 122788, 0, 0
342000, 52812, 1, 0
343000, 122396, 0, 0
343000, 52672, 1, 0
344000, 122480, 0, 0
344000, 52748, 1, 0
345000, 116944, 0, 0
345000, 49732, 1, 0
346000, 121880, 0, 0
346000, 51932, 1, 0
347000, 117336, 0, 0
347000, 50468, 1, 0
348000, 119400, 0, 0
348000, 50856, 1, 0
349000, 122300, 0, 0
349000, 51920, 1, 0
350000, 121780, 0, 0
350000, 53196, 1, 0
351000, 121536, 0, 0
351000, 52992, 1, 0
352000, 122792, 0, 0
352000, 52912, 1, 0
353000, 122560, 0, 0
353000, 53296, 1, 0
354000, 123060, 0, 0
354000, 52192, 1, 0
355000, 123248, 0, 0
355000, 52044, 1, 0
356000, 123496, 0, 0
356000, 51840, 1, 0
357000, 122548, 0, 0
357000, 52576, 1, 0
358000, 123392, 0, 0
358000, 52056, 1, 0
359000, 122984, 0, 0
359000, 53176, 1, 0
360000, 123008, 0, 0
360000, 52556, 1, 0
361000, 123108, 0, 0
361000, 52264, 1, 0
362000, 123220, 0, 0
362000, 52148, 1, 0
363000, 123080, 0, 0
363000, 52776, 1, 0
364000, 123344, 0, 0
364000, 51892, 1, 0
365000, 123296, 0, 0
365000, 52524, 1, 0
366000, 123008, 0, 0
366000, 52264, 1, 0
367000, 122284, 0, 0
367000, 53436, 1, 0
368000, 122056, 0, 0
368000, 53392, 1, 0
369000, 117452, 0, 0
369000, 49936, 1, 0
370000, 120880, 0, 0
370000, 52752, 1, 0
371000, 122248, 0, 0
371000, 52956, 1, 0
372000, 123352, 0, 0
372000, 52100, 1, 0
373000, 122272, 0, 0
373000, 53572, 1, 0
374000, 123220, 0, 0
374000, 52352, 1, 0
375000, 119968, 0, 0
375000, 51748, 1, 0
376000, 122316, 0, 0
376000, 53128, 1, 0
377000, 122756, 0, 0
377000, 52824, 1, 0
378000, 124460, 0, 0
378000, 51700, 1, 0
379000, 120360, 0, 0
379000, 51576, 1, 0
380000, 116096, 0, 0
380000, 50120, 1, 0
381000, 122652, 0, 0
381000, 52540, 1, 0
382000, 123148, 0, 0
382000, 53016, 1, 0
383000, 123140, 0, 0
383000, 51936, 1, 0
384000, 123240, 0, 0
384000, 51856, 1, 0
385000, 122924, 0, 0
385000, 52524, 1, 0
386000, 123304, 0, 0
386000, 52064, 1, 0
387000, 116876, 0, 0
387000, 50216, 1, 0
388000, 123388, 0, 0
388000, 51884, 1, 0
389000, 122632, 0, 0
389000, 52144, 1, 0
390000, 116168, 0, 0
390000, 50400, 1, 0
391000, 118756, 0, 0
391000, 50316, 1, 0
392000, 122960, 0, 0
392000, 52104, 1, 0
393000, 123784, 0, 0
393000, 51996, 1, 0
394000, 122944, 0, 0
394000, 52936, 1, 0
395000, 123212, 0, 0
395000, 52684, 1, 0
396000, 122404, 0, 0
396000, 53220, 1, 0
397000, 121168, 0, 0
397000, 51280, 1, 0
398000, 119836, 0, 0
398000, 51192, 1, 0
399000, 122716, 0, 0
399000, 52620, 1, 0
400000, 122760, 0, 0
400000, 52604, 1, 0
401000, 122040, 0, 0
401000, 53644, 1, 0
402000, 122552, 0, 0
402000, 53164, 1, 0
403000, 122312, 0, 0
403000, 52968, 1, 0
404000, 122556, 0, 0
404001, 53112, 1, 0
405000, 123152, 0, 0
405000, 52492, 1, 0
406000, 123136, 0, 0
406000, 52124, 1, 0
407000, 122716, 0, 0
407000, 52596, 1, 0
408000, 122428, 0, 0
408000, 52720, 1, 0
409000, 122388, 0, 0
409000, 52708, 1, 0
410000, 122924, 0, 0
410000, 52576, 1, 0
411000, 121144, 0, 0
411000, 51496, 1, 0
412000, 119612, 0, 0
412000, 50328, 1, 0
413000, 117648, 0, 0
413000, 51436, 1, 0
414000, 121336, 0, 0
414000, 51608, 1, 0
415000, 122800, 0, 0
415000, 52404, 1, 0
416000, 121940, 0, 0
416000, 52828, 1, 0
417000, 122180, 0, 0
417000, 53324, 1, 0
418000, 122744, 0, 0
418000, 52304, 1, 0
419000, 122236, 0, 0
419000, 51824, 1, 0
420000, 118508, 0, 0
420000, 50568, 1, 0
421000, 117716, 0, 0
421000, 50444, 1, 0
422000, 122652, 0, 0
422000, 52912, 1, 0
423000, 122764, 0, 0
423000, 53036, 1, 0
424000, 122860, 0, 0
424000, 52448, 1, 0
425000, 123008, 0, 0
425000, 52904, 1, 0
426000, 122432, 0, 0
426000, 52872, 1, 0
427000, 123024, 0, 0
427000, 52328, 1, 0
428000, 122680, 0, 0
428000, 52712, 1, 0
429000, 123020, 0, 0
429000, 52228, 1, 0
430000, 123468, 0, 0
430000, 52064, 1, 0
431000, 123008, 0, 0
431000, 52216, 1, 0
432000, 122848, 0, 0
432000, 52916, 1, 0
433000, 123108, 0, 0
433000, 52388, 1, 0
434000, 122636, 0, 0
434000, 52992, 1, 0
435000, 122184, 0, 0
435000, 52872, 1, 0
436000, 115932, 0, 0
436000, 49628, 1, 0
437000, 121288, 0, 0
437000, 52044, 1, 0
438000, 122796, 0, 0
438000, 52828, 1, 0
439000, 119372, 0, 0
439000, 50744, 1, 0
440000, 120956, 0, 0
440000, 51676, 1, 0
441000, 122400, 0, 0
441000, 53444, 1, 0
442000, 122764, 0, 0
442000, 52648, 1, 0
443000, 122812, 0, 0
443000, 52580, 1, 0
444000, 122852, 0, 0
444000, 52272, 1, 0
445000, 122244, 0, 0
445000, 53204, 1, 0
446000, 122008, 0, 0
446000, 51752, 1, 0
447000, 116856, 0, 0
447000, 49568, 1, 0
448000, 120720, 0, 0
448000, 51880, 1, 0
449000, 122520, 0, 0
449000, 52740, 1, 0
450000, 122804, 0, 0
450000, 52520, 1, 0
451000, 123124, 0, 0
451000, 51904, 1, 0
452000, 123032, 0, 0
452000, 52248, 1, 0
453000, 122908, 0, 0
453000, 52656, 1, 0
454000, 122376, 0, 0
454000, 52824, 1, 0
455000, 122532, 0, 0
455000, 52548, 1, 0
456000, 122880, 0, 0
456000, 52484, 1, 0
457000, 122148, 0, 0
457000, 52488, 1, 0
458000, 117096, 0, 0
458000, 50248, 1, 0
459000, 122576, 0, 0
459000, 51548, 1, 0
460000, 122392, 0, 0
460000, 53072, 1, 0
461000, 122904, 0, 0
461000, 52400, 1, 0
462000, 123060, 0, 0
462000, 52520, 1, 0
463000, 122672, 0, 0
463000, 52380, 1, 0
464000, 122964, 0, 0
464000, 52556, 1, 0
465000, 123292, 0, 0
465000, 51996, 1, 0
466000, 121956, 0, 0
466000, 53324, 1, 0
467000, 122560, 0, 0
467000, 52768, 1, 0
468000, 122528, 0, 0
468000, 52956, 1, 0
469000, 122348, 0, 0
469000, 53384, 1, 0
470000, 123224, 0, 0
470000, 51788, 1, 0
471000, 122952, 0, 0
471000, 52820, 1, 0
472000, 123228, 0, 0
472000, 51980, 1, 0
473000, 120884, 0, 0
473000, 52336, 1, 0
474000, 117472, 0, 0
474000, 50368, 1, 0
475000, 121876, 0, 0
475000, 52100, 1, 0
476000, 123168, 0, 0
476000, 52508, 1, 0
477000, 122148, 0, 0
477000, 52924, 1, 0
478000, 122232, 0, 0
478000, 52888, 1, 0
479000, 122708, 0, 0
479000, 52536, 1, 0
480000, 122980, 0, 0
480000, 52484, 1, 0
481000, 122960, 0, 0
481000, 52312, 1, 0
482000, 122092, 0, 0
482000, 53348, 1, 0
483000, 121852, 0, 0
483000, 52868, 1, 0
484000, 122596, 0, 0
484000, 53504, 1, 0
485000, 123100, 0, 0
485000, 52480, 1, 0
486000, 123768, 0, 0
486000, 51972, 1, 0
487000, 123628, 0, 0
487000, 52260, 1, 0
488000, 123532, 0, 0
488000, 52264, 1, 0
489000, 118880, 0, 0
489000, 51988, 1, 0
490000, 118104, 0, 0
490000, 50928, 1, 0
491000, 121420, 0, 0
491000, 52464, 1, 0
492000, 121852, 0, 0
492000, 53052, 1, 0
493000, 122920, 0, 0
493000, 52228, 1, 0
494000, 122188, 0, 0
494000, 52592, 1, 0
495000, 122568, 0, 0
495000, 52964, 1, 0
496000, 122476, 0, 0
496000, 52276, 1, 0
497000, 122352, 0, 0
497000, 53256, 1, 0
498000, 122260, 0, 0
498000, 52816, 1, 0
499000, 123556, 0, 0
499000, 51088, 1, 0
500000, 121596, 0, 0
500000, 52312, 1, 0
501000, 117620, 0, 0
501000, 50248, 1, 0
502000, 122656, 0, 0
502000, 53224, 1, 0
503000, 122972, 0, 0
503000, 52576, 1, 0
504000, 122592, 0, 0
504000, 53064, 1, 0
505000, 123164, 0, 0
505000, 53140, 1, 0
506000, 123856, 0, 0
506000, 52876, 1, 0
507000, 123596, 0, 0
507000, 52712, 1, 0
508000, 123532, 0, 0
508000, 52708, 1, 0
509000, 123388, 0, 0
509000, 52956, 1, 0
510000, 123400, 0, 0
510000, 52916, 1, 0
511000, 123128, 0, 0
511000, 52792, 1, 0
512000, 122964, 0, 0
512000, 52936, 1, 0
513000, 123520, 0, 0
513000, 52776, 1, 0
514000, 123928, 0, 0
514000, 52708, 1, 0
515000, 123392, 0, 0
515000, 53076, 1, 0
516000, 122856, 0, 0
516000, 52764, 1, 0
517000, 123660, 0, 0
517000, 52224, 1, 0
518000, 122784, 0, 0
518000, 52904, 1, 0
519000, 123092, 0, 0
519000, 52364, 1, 0
520000, 122988, 0, 0
520000, 52836, 1, 0
521000, 122628, 0, 0
521000, 53036, 1, 0
522000, 122880, 0, 0
522000, 53164, 1, 0
523000, 122484, 0, 0
523000, 52812, 1, 0
524000, 122792, 0, 0
524000, 53172, 1, 0
525000, 121400, 0, 0
525000, 53300, 1, 0
526000, 117028, 0, 0
526000, 50748, 1, 0
527000, 122360, 0, 0
527000, 52328, 1, 0
528000, 122624, 0, 0
528000, 52324, 1, 0
529000, 121936, 0, 0
529000, 53096, 1, 0
530000, 122112, 0, 0
530000, 52632, 1, 0
531000, 122412, 0, 0
531000, 52840, 1, 0
532000, 122248, 0, 0
532000, 52260, 1, 0
533000, 122776, 0, 0
533000, 52644, 1, 0
534000, 122272, 0, 0
534000, 52632, 1, 0
535000, 119408, 0, 0
535000, 51836, 1, 0
536000, 120240, 0, 0
536000, 50700, 1, 0
537000, 123204, 0, 0
537000, 53140, 1, 0
538000, 123056, 0, 0
538000, 52640, 1, 0
539000, 123652, 0, 0
539000, 51980, 1, 0
540000, 122796, 0, 0
540000, 52600, 1, 0
541000, 123748, 0, 0
541000, 52224, 1, 0
542000, 122724, 0, 0
542000, 52640, 1, 0
543000, 122696, 0, 0
543000, 52756, 1, 0
544000, 123384, 0, 0
544000, 52636, 1, 0
545000, 123244, 0, 0
545000, 52224, 1, 0
546000, 122920, 0, 0
546000, 53000, 1, 0
547000, 122524, 0, 0
547000, 52900, 1, 0
548000, 122852, 0, 0
548000, 52652, 1, 0
549000, 122696, 0, 0
549000, 53060, 1, 0
550000, 123068, 0, 0
550000, 52628, 1, 0
551000, 122712, 0, 0
551000, 52644, 1, 0
552000, 123260, 0, 0
552000, 52744, 1, 0
553000, 123148, 0, 0
553000, 51956, 1, 0
554001, 122225, 0, 0
554001, 53570, 1, 0
555000, 122396, 0, 0
555000, 53152, 1, 0
556000, 123032, 0, 0
556000, 52724, 1, 0
557000, 123528, 0, 0
557000, 52304, 1, 0
558000, 122524, 0, 0
558000, 53220, 1, 0
559000, 122576, 0, 0
559000, 53200, 1, 0
560000, 123204, 0, 0
560000, 52648, 1, 0
561000, 122448, 0, 0
561000, 53344, 1, 0
562000, 123952, 0, 0
562000, 51644, 1, 0
563000, 122916, 0, 0
563000, 52944, 1, 0
564000, 122660, 0, 0
564000, 53376, 1, 0
565000, 122872, 0, 0
565000, 53092, 1, 0
566000, 123012, 0, 0
566000, 52168, 1, 0
567000, 123448, 0, 0
567000, 52512, 1, 0
568000, 123040, 0, 0
568000, 52876, 1, 0
569000, 122764, 0, 0
569000, 52680, 1, 0
570000, 123400, 0, 0
570000, 52120, 1, 0
571000, 122944, 0, 0
571000, 52768, 1, 0
572000, 116504, 0, 0
572000, 49600, 1, 0
573000, 121892, 0, 0
573000, 52396, 1, 0
574000, 122856, 0, 0
574000, 52484, 1, 0
575000, 122076, 0, 0
575000, 52936, 1, 0
576000, 121668, 0, 0
576000, 53296, 1, 0
577000, 121340, 0, 0
577000, 52980, 1, 0
578000, 122536, 0, 0
578000, 52236, 1, 0
579000, 122724, 0, 0
579000, 52308, 1, 0
580000, 123140, 0, 0
580000, 52600, 1, 0
581000, 123004, 0, 0
581000, 52780, 1, 0
582000, 123104, 0, 0
582000, 52588, 1, 0
583000, 123124, 0, 0
583000, 52828, 1, 0
584000, 122984, 0, 0
584000, 53076, 1, 0
585000, 123012, 0, 0
585000, 52860, 1, 0
586000, 123032, 0, 0
586000, 52700, 1, 0
587000, 123724, 0, 0
587000, 52192, 1, 0
588000, 123040, 0, 0
588000, 52892, 1, 0
589000, 122988, 0, 0
589000, 52824, 1, 0
590000, 123572, 0, 0
590000, 52092, 1, 0
591000, 122712, 0, 0
591000, 53488, 1, 0
592000, 123324, 0, 0
592000, 52832, 1, 0
593000, 122936, 0, 0
593000, 52896, 1, 0
594000, 122728, 0, 0
594000, 53508, 1, 0
595000, 123108, 0, 0
595000, 52488, 1, 0
596000, 122920, 0, 0
596000, 52840, 1, 0
597000, 120596, 0, 0
597000, 52232, 1, 0
598000, 123520, 0, 0
598000, 51788, 1, 0
599000, 122724, 0, 0
599000, 52820, 1, 0
600000, 123224, 0, 0
600000, 52688, 1, 0
601000, 122560, 0, 0
601000, 53132, 1, 0
602000, 121852, 0, 0
602000, 51780, 1, 0
603000, 116216, 0, 0
603000, 48888, 1, 0
604000, 117872, 0, 0
604000, 50976, 1, 0
605000, 119820, 0, 0
605000, 51536, 1, 0
606000, 117432, 0, 0
606000, 51140, 1, 0
607000, 122024, 0, 0
607000, 52700, 1, 0
608000, 122692, 0, 0
608000, 51728, 1, 0
609000, 122604, 0, 0
609000, 52360, 1, 0
610000, 122512, 0, 0
610000, 52416, 1, 0
611000, 122432, 0, 0
611000, 52920, 1, 0
612000, 122372, 0, 0
612000, 52396, 1, 0
613000, 122168, 0, 0
613000, 52728, 1, 0
614000, 122728, 0, 0
614000, 52268, 1, 0
615000, 122060, 0, 0
615000, 53040, 1, 0
616000, 116620, 0, 0
616000, 50488, 1, 0
617000, 120036, 0, 0
617000, 52664, 1, 0
618000, 121980, 0, 0
618000, 52848, 1, 0
619000, 121844, 0, 0
619000, 52620, 1, 0
620000, 122480, 0, 0
620000, 52596, 1, 0
621000, 122496, 0, 0
621000, 52296, 1, 0
622000, 123384, 0, 0
622000, 51536, 1, 0
623000, 122756, 0, 0
623000, 52144, 1, 0
624000, 122448, 0, 0
624000, 52628, 1, 0
625000, 122172, 0, 0
625000, 52472, 1, 0
626000, 122596, 0, 0
626000, 52248, 1, 0
627000, 122972, 0, 0
627000, 51692, 1, 0
628000, 121716, 0, 0
628000, 53524, 1, 0
629000, 122260, 0, 0
629000, 52672, 1, 0
630000, 122240, 0, 0
630000, 52712, 1, 0
631000, 119000, 0, 0
631000, 51240, 1, 0
632000, 118924, 0, 0
632000, 52120, 1, 0
633000, 122632, 0, 0
633000, 52584, 1, 0
634000, 121984, 0, 0
634000, 52160, 1, 0
635000, 122848, 0, 0
635000, 52064, 1, 0
636000, 122328, 0, 0
636000, 52972, 1, 0
637000, 122480, 0, 0
637000, 52336, 1, 0
638000, 122476, 0, 0
638000, 52360, 1, 0
639000, 122600, 0, 0
639000, 52368, 1, 0
640000, 122824, 0, 0
640000, 52172, 1, 0
641000, 121332, 0, 0
641000, 53756, 1, 0
642000, 117548, 0, 0
642000, 49884, 1, 0
643000, 116580, 0, 0
643000, 51148, 1, 0
644000, 122236, 0, 0
644000, 51696, 1, 0
645000, 122748, 0, 0
645000, 52356, 1, 0
646000, 122528, 0, 0
646000, 52316, 1, 0
647000, 123200, 0, 0
647000, 51724, 1, 0
648000, 122216, 0, 0
648000, 52328, 1, 0
649000, 122380, 0, 0
649000, 52468, 1, 0
650000, 121672, 0, 0
650000, 52424, 1, 0
651000, 117284, 0, 0
651000, 49540, 1, 0
652000, 121920, 0, 0
652000, 52520, 1, 0
653000, 122704, 0, 0
653000, 52356, 1, 0
654000, 122796, 0, 0
654000, 51844, 1, 0
655000, 122620, 0, 0
655000, 52084, 1, 0
656000, 122360, 0, 0
656000, 52552, 1, 0
657000, 121632, 0, 0
657000, 52368, 1, 0
658000, 121208, 0, 0
658000, 52624, 1, 0
659000, 121512, 0, 0
659000, 51924, 1, 0
660000, 122176, 0, 0
660000, 52872, 1, 0
661000, 122280, 0, 0
661000, 52608, 1, 0
662000, 122988, 0, 0
662000, 52168, 1, 0
663000, 122860, 0, 0
663000, 51860, 1, 0
664000, 122960, 0, 0
664000, 52176, 1, 0
665000, 122572, 0, 0
665000, 52444, 1, 0
666000, 122204, 0, 0
666000, 52628, 1, 0
667000, 122700, 0, 0
667000, 52160, 1, 0
668000, 122672, 0, 0
668000, 51980, 1, 0
669000, 122492, 0, 0
669000, 52320, 1, 0
670000, 122284, 0, 0
670000, 52404, 1, 0
671000, 122788, 0, 0
671000, 52112, 1, 0
672000, 122812, 0, 0
672000, 52436, 1, 0
673000, 121820, 0, 0
673000, 53272, 1, 0
674000, 122528, 0, 0
674000, 52248, 1, 0
675000, 123100, 0, 0
675000, 52012, 1, 0
676000, 121144, 0, 0
676000, 52004, 1, 0
677000, 117932, 0, 0
677000, 50820, 1, 0
678000, 122196, 0, 0
678000, 53156, 1, 0
679000, 122412, 0, 0
679000, 51908, 1, 0
680000, 122596, 0, 0
680000, 52264, 1, 0
681000, 122756, 0, 0
681000, 52312, 1, 0
682000, 122248, 0, 0
682000, 53128, 1, 0
683000, 122396, 0, 0
683000, 52404, 1, 0
684000, 122380, 0, 0
684000, 52776, 1, 0
685000, 123064, 0, 0
685000, 51944, 1, 0
686000, 122256, 0, 0
686000, 52836, 1, 0
687000, 122408, 0, 0
687000, 52460, 1, 0
688000, 122352, 0, 0
688000, 52840, 1, 0
689000, 122592, 0, 0
689000, 52432, 1, 0
690000, 122628, 0, 0
690000, 52392, 1, 0
691000, 122464, 0, 0
691000, 52260, 1, 0
692000, 122336, 0, 0
692000, 52148, 1, 0
693000, 122748, 0, 0
693000, 52252, 1, 0
694000, 122144, 0, 0
694000, 52388, 1, 0
695000, 122924, 0, 0
695000, 51836, 1, 0
696000, 122144, 0, 0
696000, 52856, 1, 0
697000, 123088, 0, 0
697000, 52256, 1, 0
698000, 121336, 0, 0
698000, 51420, 1, 0
699000, 118756, 0, 0
699000, 50252, 1, 0
700000, 122356, 0, 0
700000, 52624, 1, 0
701000, 122804, 0, 0
701000, 51880, 1, 0
702000, 121784, 0, 0
702000, 52668, 1, 0
703000, 122804, 0, 0
703000, 51984, 1, 0
704000, 122380, 0, 0
704000, 52560, 1, 0
705000, 122120, 0, 0
705000, 52916, 1, 0
706000, 122492, 0, 0
706000, 52584, 1, 0
707000, 122028, 0, 0
707000, 53004, 1, 0
708000, 123080, 0, 0
708000, 52408, 1, 0
709000, 121260, 0, 0
709000, 53236, 1, 0
710000, 122600, 0, 0
710000, 52320, 1, 0
711000, 122660, 0, 0
711000, 52004, 1, 0
712000, 121308, 0, 0
712000, 51176, 1, 0
713000, 118344, 0, 0
713000, 50728, 1, 0
714000, 123220, 0, 0
714000, 51476, 1, 0
715000, 122512, 0, 0
715000, 52212, 1, 0
716000, 122484, 0, 0
716000, 52304, 1, 0
717000, 122560, 0, 0
717000, 52428, 1, 0
718000, 123144, 0, 0
718000, 51924, 1, 0
719000, 122284, 0, 0
719000, 52644, 1, 0
720000, 122312, 0, 0
720000, 52284, 1, 0
721000, 122240, 0, 0
721000, 52872, 1, 0
722000, 122404, 0, 0
722000, 52676, 1, 0
723000, 121572, 0, 0
723000, 52940, 1, 0
724000, 122096, 0, 0
724000, 52716, 1, 0
725000, 122884, 0, 0
725000, 52216, 1, 0
726000, 122216, 0, 0
726000, 52760, 1, 0
727000, 122904, 0, 0
727000, 52116, 1, 0
728000, 122924, 0, 0
728000, 52380, 1, 0
729000, 122776, 0, 0
729000, 52744, 1, 0
730000, 122668, 0, 0
730000, 52588, 1, 0
731000, 121496, 0, 0
731000, 52804, 1, 0
732000, 123032, 0, 0
732000, 52060, 1, 0
733000, 122108, 0, 0
733000, 52800, 1, 0
734000, 122752, 0, 0
734000, 52316, 1, 0
735000, 122368, 0, 0
735000, 52260, 1, 0
736000, 123292, 0, 0
736000, 51520, 1, 0
737000, 122180, 0, 0
737000, 52576, 1, 0
738000, 122396, 0, 0
738000, 52620, 1, 0
739000, 121476, 0, 0
739000, 52024, 1, 0
740000, 119640, 0, 0
740000, 51636, 1, 0
741000, 121332, 0, 0
741000, 51748, 1, 0
742000, 116520, 0, 0
742000, 50120, 1, 0
743000, 122508, 0, 0
743000, 52020, 1, 0
744000, 122668, 0, 0
744000, 52240, 1, 0
745000, 122840, 0, 0
745000, 52324, 1, 0
746000, 122768, 0, 0
746000, 52360, 1, 0
747000, 121744, 0, 0
747000, 52808, 1, 0
748000, 122348, 0, 0
748000, 52640, 1, 0
749000, 122152, 0, 0
749000, 53048, 1, 0
750000, 122896, 0, 0
750000, 52064, 1, 0
751000, 121900, 0, 0
751000, 53024, 1, 0
752000, 122624, 0, 0
752000, 51920, 1, 0
753000, 122120, 0, 0
753000, 52896, 1, 0
754000, 122548, 0, 0
754000, 52512, 1, 0
755000, 122284, 0, 0
755000, 52824, 1, 0
756000, 122108, 0, 0
756000, 52604, 1, 0
757000, 122156, 0, 0
757000, 53316, 1, 0
758000, 122336, 0, 0
758000, 52848, 1, 0
759000, 122360, 0, 0
759000, 52688, 1, 0
760000, 122556, 0, 0
760000, 52316, 1, 0
761000, 122344, 0, 0
761000, 52464, 1, 0
762000, 118516, 0, 0
762000, 51156, 1, 0
763000, 118584, 0, 0
763000, 51124, 1, 0
764000, 123468, 0, 0
764000, 52512, 1, 0
765000, 123080, 0, 0
765000, 53236, 1, 0
766000, 123240, 0, 0
766000, 53136, 1, 0
767000, 123168, 0, 0
767000, 52536, 1, 0
768000, 122992, 0, 0
768000, 53156, 1, 0
769000, 122912, 0, 0
769000, 52760, 1, 0
770000, 123120, 0, 0
770000, 53208, 1, 0
771000, 122628, 0, 0
771000, 52904, 1, 0
772000, 123164, 0, 0
772000, 52952, 1, 0
773000, 122864, 0, 0
773000, 52992, 1, 0
774000, 123088, 0, 0
774000, 52888, 1, 0
775000, 122540, 0, 0
775000, 53416, 1, 0
776000, 122300, 0, 0
776000, 51832, 1, 0
777000, 115244, 0, 0
777000, 49036, 1, 0
778000, 115580, 0, 0
778000, 49672, 1, 0
779000, 117144, 0, 0
779000, 50068, 1, 0
780000, 122296, 0, 0
780000, 52184, 1, 0
781000, 122348, 0, 0
781000, 52216, 1, 0
782000, 122212, 0, 0
782000, 52548, 1, 0
783000, 122704, 0, 0
783000, 52320, 1, 0
784000, 121312, 0, 0
784000, 52932, 1, 0
785000, 122656, 0, 0
785000, 52512, 1, 0
786000, 122564, 0, 0
786000, 52044, 1, 0
787000, 122928, 0, 0
787000, 51852, 1, 0
788000, 122412, 0, 0
788000, 52352, 1, 0
789000, 122404, 0, 0
789000, 52196, 1, 0
790000, 120044, 0, 0
790000, 51440, 1, 0
791000, 122804, 0, 0
791000, 51808, 1, 0
792000, 122504, 0, 0
792000, 52388, 1, 0
793000, 122744, 0, 0
793000, 52732, 1, 0
794000, 123356, 0, 0
794000, 51964, 1, 0
795000, 122804, 0, 0
795000, 52012, 1, 0
796000, 122380, 0, 0
796000, 52704, 1, 0
797000, 122304, 0, 0
797000, 52500, 1, 0
798000, 119132, 0, 0
798000, 51148, 1, 0
799000, 121120, 0, 0
799000, 51456, 1, 0
800000, 122276, 0, 0
800000, 53372, 1, 0
801000, 122640, 0, 0
801000, 53272, 1, 0
802000, 122580, 0, 0
802000, 52284, 1, 0
803000, 122400, 0, 0
803000, 52584, 1, 0
804000, 122356, 0, 0
804000, 52904, 1, 0
805000, 122144, 0, 0
805000, 53268, 1, 0
806000, 122936, 0, 0
806000, 52336, 1, 0
807000, 122792, 0, 0
807000, 51852, 1, 0
808000, 122736, 0, 0
808000, 52404, 1, 0
809000, 122244, 0, 0
809000, 52524, 1, 0
810000, 116288, 0, 0
810000, 50812, 1, 0
811000, 123116, 0, 0
811000, 53016, 1, 0
812000, 123128, 0, 0
812000, 52740, 1, 0
813000, 123128, 0, 0
813000, 53172, 1, 0
814000, 122464, 0, 0
814000, 53404, 1, 0
815000, 123568, 0, 0
815000, 52032, 1, 0
816000, 122904, 0, 0
816000, 53148, 1, 0
817000, 123168, 0, 0
817000, 52612, 1, 0
818000, 122776, 0, 0
818000, 53060, 1, 0
819000, 122440, 0, 0
819000, 53128, 1, 0
820000, 123256, 0, 0
820000, 52524, 1, 0
821000, 123732, 0, 0
821000, 52312, 1, 0
822000, 117112, 0, 0
822000, 50032, 1, 0
823000, 120380, 0, 0
823000, 51196, 1, 0
824000, 123092, 0, 0
824000, 51844, 1, 0
825000, 122572, 0, 0
825000, 52280, 1, 0
826000, 122424, 0, 0
826000, 52556, 1, 0
827000, 122116, 0, 0
827000, 52788, 1, 0
828000, 122016, 0, 0
828000, 53052, 1, 0
829000, 122392, 0, 0
829000, 52248, 1, 0
830000, 123384, 0, 0
830000, 51368, 1, 0
831000, 122236, 0, 0
831000, 52704, 1, 0
832000, 122692, 0, 0
832000, 52524, 1, 0
833000, 121844, 0, 0
833000, 53236, 1, 0
834000, 122528, 0, 0
834000, 52628, 1, 0
835000, 116040, 0, 0
835000, 49936, 1, 0
836000, 122760, 0, 0
836000, 52232, 1, 0
837000, 123452, 0, 0
837000, 52320, 1, 0
838000, 123584, 0, 0
838000, 51576, 1, 0
839000, 123104, 0, 0
839000, 51864, 1, 0
840000, 123104, 0, 0
840000, 52052, 1, 0
841000, 122592, 0, 0
841000, 52648, 1, 0
842000, 123840, 0, 0
842000, 51092, 1, 0
843000, 122316, 0, 0
843000, 52808, 1, 0
844000, 122480, 0, 0
844000, 52384, 1, 0
845000, 122704, 0, 0
845000, 52548, 1, 0
846000, 119760, 0, 0
846000, 51236, 1, 0
847000, 119828, 0, 0
847000, 51756, 1, 0
848000, 123132, 0, 0
848000, 52592, 1, 0
849000, 122984, 0, 0
849000, 53232, 1, 0
850000, 124180, 0, 0
850000, 52020, 1, 0
851000, 122864, 0, 0
851000, 52880, 1, 0
852000, 123116, 0, 0
852000, 52748, 1, 0
853001, 123788, 0, 0
853001, 52167, 1, 0
854000, 123100, 0, 0
854000, 52540, 1, 0
855000, 123144, 0, 0
855000, 52600, 1, 0
856000, 123804, 0, 0
856000, 52056, 1, 0
857000, 123560, 0, 0
857000, 52364, 1, 0
858000, 117756, 0, 0
858000, 50252, 1, 0
859000, 120844, 0, 0
859000, 52536, 1, 0
860000, 122116, 0, 0
860000, 52800, 1, 0
861000, 122924, 0, 0
861000, 51860, 1, 0
862000, 121404, 0, 0
862000, 53368, 1, 0
863000, 122424, 0, 0
863000, 52864, 1, 0
864000, 122432, 0, 0
864000, 52704, 1, 0
865000, 123012, 0, 0
865000, 52504, 1, 0
866000, 122372, 0, 0
866000, 52576, 1, 0
867000, 122072, 0, 0
867000, 52768, 1, 0
868000, 122296, 0, 0
868000, 52360, 1, 0
869000, 122548, 0, 0
869000, 52332, 1, 0
870000, 122200, 0, 0
870000, 52868, 1, 0
871000, 122020, 0, 0
871000, 52924, 1, 0
872000, 122800, 0, 0
872000, 52496, 1, 0
873000, 121712, 0, 0
873000, 53240, 1, 0
874000, 119364, 0, 0
874000, 51968, 1, 0
875000, 117112, 0, 0
875000, 49016, 1, 0
876000, 119940, 0, 0
876000, 53028, 1, 0
877000, 122600, 0, 0
877000, 52412, 1, 0
878000, 122440, 0, 0
878000, 52792, 1, 0
879000, 122576, 0, 0
879000, 52352, 1, 0
880000, 122372, 0, 0
880000, 52584, 1, 0
881000, 123228, 0, 0
881000, 52312, 1, 0
882000, 117744, 0, 0
882000, 50764, 1, 0
883000, 116832, 0, 0
883000, 50512, 1, 0
884000, 123228, 0, 0
884000, 52992, 1, 0
885000, 123684, 0, 0
885000, 52868, 1, 0
886000, 123624, 0, 0
886000, 52508, 1, 0
887000, 122472, 0, 0
887000, 53252, 1, 0
888000, 123160, 0, 0
888000, 53372, 1, 0
889000, 123524, 0, 0
889000, 52552, 1, 0
890000, 123132, 0, 0
890000, 52864, 1, 0
891000, 123244, 0, 0
891000, 52396, 1, 0
892000, 117368, 0, 0
892000, 50728, 1, 0
893000, 122328, 0, 0
893000, 51772, 1, 0
894000, 123364, 0, 0
894000, 51616, 1, 0
895000, 123076, 0, 0
895000, 51884, 1, 0
896000, 121844, 0, 0
896000, 52860, 1, 0
897000, 122544, 0, 0
897000, 51672, 1, 0
898000, 122044, 0, 0
898000, 51880, 1, 0
899000, 121116, 0, 0
899000, 52360, 1, 0
900000, 121628, 0, 0
900000, 52312, 1, 0
901000, 120972, 0, 0
901000, 52988, 1, 0
902000, 120532, 0, 0
902000, 52080, 1, 0
903000, 115820, 0, 0
903000, 50484, 1, 0
904000, 120892, 0, 0
904000, 51216, 1, 0
905000, 123024, 0, 0
905000, 52968, 1, 0
906000, 122828, 0, 0
906000, 52836, 1, 0
907000, 123344, 0, 0
907000, 52520, 1, 0
908000, 123040, 0, 0
908000, 52504, 1, 0
909000, 123516, 0, 0
909000, 52488, 1, 0
910000, 123204, 0, 0
910000, 52592, 1, 0
911000, 123196, 0, 0
911000, 52968, 1, 0
912000, 122852, 0, 0
912000, 53164, 1, 0
913000, 123164, 0, 0
913000, 52648, 1, 0
914000, 121696, 0, 0
914000, 53236, 1, 0
915000, 122948, 0, 0
915000, 52860, 1, 0
916000, 123084, 0, 0
916000, 52756, 1, 0
917000, 123428, 0, 0
917000, 52884, 1, 0
918000, 123376, 0, 0
918000, 52288, 1, 0
919000, 123396, 0, 0
919000, 52296, 1, 0
920000, 123208, 0, 0
920000, 52804, 1, 0
921000, 123016, 0, 0
921000, 52580, 1, 0
922000, 123768, 0, 0
922000, 52280, 1, 0
923000, 122484, 0, 0
923000, 52736, 1, 0
924000, 117964, 0, 0
924000, 50824, 1, 0
925000, 116672, 0, 0
925000, 50528, 1, 0
926000, 121048, 0, 0
926000, 52064, 1, 0
927000, 121828, 0, 0
927000, 51736, 1, 0
928000, 121776, 0, 0
928000, 52072, 1, 0
929000, 121992, 0, 0
929000, 52128, 1, 0
930000, 122096, 0, 0
930000, 52284, 1, 0
931000, 121456, 0, 0
931000, 52440, 1, 0
932000, 122340, 0, 0
932000, 52044, 1, 0
933000, 122068, 0, 0
933000, 51968, 1, 0
934000, 121800, 0, 0
934000, 52236, 1, 0
935000, 121168, 0, 0
935000, 52444, 1, 0
936000, 119656, 0, 0
936000, 51224, 1, 0
937000, 112532, 0, 0
937000, 48764, 1, 0
938000, 116120, 0, 0
938000, 50100, 1, 0
939000, 122992, 0, 0
939000, 52236, 1, 0
940000, 122996, 0, 0
940000, 52496, 1, 0
941000, 122636, 0, 0
941000, 52748, 1, 0
942000, 122292, 0, 0
942000, 52624, 1, 0
943000, 123068, 0, 0
943000, 52028, 1, 0
944000, 122732, 0, 0
944000, 52052, 1, 0
945000, 122720, 0, 0
945000, 52556, 1, 0
946000, 122752, 0, 0
946000, 52564, 1, 0
947000, 122408, 0, 0
947000, 53060, 1, 0
948000, 123252, 0, 0
948000, 51600, 1, 0
949000, 122632, 0, 0
949000, 52364, 1, 0
950000, 119564, 0, 0
950000, 50940, 1, 0
951000, 123184, 0, 0
951000, 51844, 1, 0
952000, 120368, 0, 0
952000, 51736, 1, 0
953000, 115400, 0, 0
953000, 49628, 1, 0
954000, 117884, 0, 0
954000, 50660, 1, 0
955000, 121716, 0, 0
955000, 51532, 1, 0
956000, 120332, 0, 0
956000, 51272, 1, 0
957000, 117756, 0, 0
957000, 51124, 1, 0
958000, 122068, 0, 0
958000, 53236, 1, 0
959000, 122816, 0, 0
959000, 52024, 1, 0
960000, 122856, 0, 0
960000, 52412, 1, 0
961000, 122340, 0, 0
961000, 53156, 1, 0
962000, 121784, 0, 0
962000, 52016, 1, 0
963000, 121768, 0, 0
963000, 51876, 1, 0
964000, 121560, 0, 0
964000, 52092, 1, 0
965001, 122121, 0, 0
965001, 51804, 1, 0
966000, 121444, 0, 0
966000, 51048, 1, 0
967000, 120688, 0, 0
967000, 52752, 1, 0
968000, 117956, 0, 0
968000, 50892, 1, 0
969000, 121472, 0, 0
969000, 50720, 1, 0
970000, 122472, 0, 0
970000, 52740, 1, 0
971000, 123592, 0, 0
971000, 51932, 1, 0
972000, 122548, 0, 0
972000, 52816, 1, 0
973000, 122600, 0, 0
973000, 52832, 1, 0
974000, 122460, 0, 0
974000, 52836, 1, 0
975000, 123044, 0, 0
975000, 52332, 1, 0
976000, 123144, 0, 0
976000, 52468, 1, 0
977000, 123464, 0, 0
977000, 52004, 1, 0
978000, 122232, 0, 0
978000, 52780, 1, 0
979000, 122312, 0, 0
979000, 52984, 1, 0
980000, 123556, 0, 0
980000, 51556, 1, 0
981000, 122436, 0, 0
981000, 52488, 1, 0
982000, 122448, 0, 0
982000, 52780, 1, 0
983000, 122604, 0, 0
983000, 52664, 1, 0
984000, 122772, 0, 0
984000, 52308, 1, 0
985000, 119320, 0, 0
985000, 50408, 1, 0
986000, 117260, 0, 0
986000, 49992, 1, 0
987000, 121432, 0, 0
987000, 52656, 1, 0
988000, 121160, 0, 0
988000, 52356, 1, 0
989000, 122436, 0, 0
989000, 52536, 1, 0
990000, 122576, 0, 0
990000, 52500, 1, 0
991000, 122572, 0, 0
991000, 52612, 1, 0
992000, 122404, 0, 0
992000, 51828, 1, 0
993000, 120996, 0, 0
993000, 52480, 1, 0
994000, 122096, 0, 0
994000, 52020, 1, 0
995000, 121328, 0, 0
995000, 52212, 1, 0
996000, 122060, 0, 0
996000, 51404, 1, 0
997000, 122164, 0, 0
997000, 52180, 1, 0
998000, 122208, 0, 0
998000, 52160, 1, 0
999000, 121804, 0, 0
999000, 51904, 1, 0
1000000, 121072, 0, 0
1000000, 51440, 1, 0
1001000, 116272, 0, 0
1001000, 49024, 1, 0
1002000, 121000, 0, 0
1002000, 52072, 1, 0
1003000, 121980, 0, 0
1003000, 51500, 1, 0
1004000, 121300, 0, 0
1004000, 52400, 1, 0
1005000, 121792, 0, 0
1005000, 51996, 1, 0
1006000, 121860, 0, 0
1006000, 51884, 1, 0
1007000, 122384, 0, 0
1007000, 51548, 1, 0
1008000, 120668, 0, 0
1008000, 52212, 1, 0
1009000, 115956, 0, 0
1009000, 49440, 1, 0
1010000, 119420, 0, 0
1010000, 51580, 1, 0
1011000, 123016, 0, 0
1011000, 52352, 1, 0
1012000, 118424, 0, 0
1012000, 50356, 1, 0
1013000, 116668, 0, 0
1013000, 49620, 1, 0
1014000, 120848, 0, 0
1014000, 51752, 1, 0
1015001, 123656, 0, 0
1015001, 52287, 1, 0
1016000, 123344, 0, 0
1016000, 52540, 1, 0
1017000, 123548, 0, 0
1017000, 52452, 1, 0
1018000, 123784, 0, 0
1018000, 52812, 1, 0
1019000, 123328, 0, 0
1019000, 53024, 1, 0
1020000, 121856, 0, 0
1020000, 52604, 1, 0
1021000, 122792, 0, 0
1021000, 53240, 1, 0
1022000, 115724, 0, 0
1022000, 50052, 1, 0
1023000, 117728, 0, 0
1023000, 51168, 1, 0
1024000, 122200, 0, 0
1024000, 52944, 1, 0
1025000, 123484, 0, 0
1025000, 52700, 1, 0
1026000, 122328, 0, 0
1026000, 52464, 1, 0
1027000, 122204, 0, 0
1027000, 52944, 1, 0
1028000, 122308, 0, 0
1028000, 52576, 1, 0
1029000, 123488, 0, 0
1029000, 53040, 1, 0
1030000, 122228, 0, 0
1030000, 52228, 1, 0
1031000, 122584, 0, 0
1031000, 52464, 1, 0
1032000, 121656, 0, 0
1032000, 52768, 1, 0
1033000, 118992, 0, 0
1033000, 49608, 1, 0
1034000, 115948, 0, 0
1034000, 50416, 1, 0
1035000, 119424, 0, 0
1035000, 51020, 1, 0
1036000, 123204, 0, 0
1036000, 52188, 1, 0
1037000, 123152, 0, 0
1037000, 52356, 1, 0
1038000, 123436, 0, 0
1038000, 51852, 1, 0
1039000, 116488, 0, 0
1039000, 50060, 1, 0
1040000, 118076, 0, 0
1040000, 50224, 1, 0
1041000, 119844, 0, 0
1041000, 51936, 1, 0
1042000, 116520, 0, 0
1042000, 49896, 1, 0
1043000, 120008, 0, 0
1043000, 50788, 1, 0
1044000, 120028, 0, 0
1044000, 51808, 1, 0
1045000, 122200, 0, 0
1045000, 52588, 1, 0
1046000, 120416, 0, 0
1046000, 51216, 1, 0
1047000, 116700, 0, 0
1047000, 50160, 1, 0
1048000, 117864, 0, 0
1048000, 50104, 1, 0
1049000, 123312, 0, 0
1049000, 53228, 1, 0
1050000, 124172, 0, 0
1050000, 52908, 1, 0
1051000, 123204, 0, 0
1051000, 52556, 1, 0
1052000, 123624, 0, 0
1052000, 52884, 1, 0
1053000, 123320, 0, 0
1053000, 53000, 1, 0
1054000, 120712, 0, 0
1054000, 51900, 1, 0
1055000, 119844, 0, 0
1055000, 50916, 1, 0
1056000, 121276, 0, 0
1056000, 51716, 1, 0
1057000, 123384, 0, 0
1057000, 51216, 1, 0
1058000, 123808, 0, 0
1058000, 51896, 1, 0
1059000, 123564, 0, 0
1059000, 53064, 1, 0
1060000, 124532, 0, 0
1060000, 52776, 1, 0
1061000, 123524, 0, 0
1061000, 53024, 1, 0
1062000, 123956, 0, 0
1062000, 52316, 1, 0
1063000, 123536, 0, 0
1063000, 52300, 1, 0
1064000, 123460, 0, 0
1064000, 52896, 1, 0
1065000, 122712, 0, 0
1065000, 53360, 1, 0
1066000, 120692, 0, 0
1066000, 52036, 1, 0
1067000, 116608, 0, 0
1067000, 50852, 1, 0
1068000, 123348, 0, 0
1068000, 52536, 1, 0
1069000, 122328, 0, 0
1069000, 53192, 1, 0
1070000, 123256, 0, 0
1070000, 52300, 1, 0
1071000, 122992, 0, 0
1071000, 52612, 1, 0
1072000, 122908, 0, 0
1072000, 52784, 1, 0
1073000, 122580, 0, 0
1073000, 53076, 1, 0
1074000, 122164, 0, 0
1074000, 51316, 1, 0
1075000, 116212, 0, 0
1075000, 50016, 1, 0
1076000, 121680, 0, 0
1076000, 52848, 1, 0
1077000, 123032, 0, 0
1077000, 53296, 1, 0
1078000, 123604, 0, 0
1078000, 52696, 1, 0
1079000, 122684, 0, 0
1079000, 53588, 1, 0
1080000, 123712, 0, 0
1080000, 52596, 1, 0
1081000, 123392, 0, 0
1081000, 52904, 1, 0
1082000, 123912, 0, 0
1082000, 52796, 1, 0
1083000, 123600, 0, 0
1083000, 52732, 1, 0
1084000, 123324, 0, 0
1084000, 53052, 1, 0
1085000, 123408, 0, 0
1085000, 52756, 1, 0
1086000, 123884, 0, 0
1086000, 52408, 1, 0
1087000, 123776, 0, 0
1087000, 52332, 1, 0
1088000, 123532, 0, 0
1088000, 53004, 1, 0
1089000, 123420, 0, 0
1089000, 52796, 1, 0
1090000, 123680, 0, 0
1090000, 52884, 1, 0
1091000, 123696, 0, 0
1091000, 52836, 1, 0
1092000, 123752, 0, 0
1092000, 52628, 1, 0
1093000, 123012, 0, 0
1093000, 53608, 1, 0
1094000, 123736, 0, 0
1094000, 52924, 1, 0
1095000, 116880, 0, 0
1095000, 49992, 1, 0
1096000, 122988, 0, 0
1096000, 52788, 1, 0
1097000, 122924, 0, 0
1097000, 52588, 1, 0
1098000, 123216, 0, 0
1098000, 52856, 1, 0
1099000, 123012, 0, 0
1099000, 52420, 1, 0
1100000, 123000, 0, 0
1100000, 53152, 1, 0
1101000, 122668, 0, 0
1101000, 53092, 1, 0
1102000, 123004, 0, 0
1102000, 52796, 1, 0
1103000, 122436, 0, 0
1103000, 53196, 1, 0
1104000, 123128, 0, 0
1104000, 52772, 1, 0
1105000, 122708, 0, 0
1105000, 52984, 1, 0
1106000, 123320, 0, 0
1106000, 52240, 1, 0
1107000, 122760, 0, 0
1107000, 53048, 1, 0
1108000, 123376, 0, 0
1108000, 52288, 1, 0
1109000, 122692, 0, 0
1109000, 53228, 1, 0
1110000, 121724, 0, 0
1110000, 52192, 1, 0
1111000, 116620, 0, 0
1111000, 50168, 1, 0
1112000, 124236, 0, 0
1112000, 52232, 1, 0
1113000, 123080, 0, 0
1113000, 53432, 1, 0
1114000, 123752, 0, 0
1114000, 52708, 1, 0
1115000, 122764, 0, 0
1115000, 53476, 1, 0
1116000, 122536, 0, 0
1116000, 53368, 1, 0
1117000, 117180, 0, 0
1117000, 50008, 1, 0
1118000, 116292, 0, 0
1118000, 49732, 1, 0
1119000, 121088, 0, 0
1119000, 51092, 1, 0
1120000, 122204, 0, 0
1120000, 52428, 1, 0
1121000, 122992, 0, 0
1121000, 53500, 1, 0
1122000, 123648, 0, 0
1122000, 52504, 1, 0
1123000, 123064, 0, 0
1123000, 53244, 1, 0
1124000, 123552, 0, 0
1124000, 52704, 1, 0
1125000, 124380, 0, 0
1125000, 52476, 1, 0
1126000, 124004, 0, 0
1126000, 52372, 1, 0
1127000, 123596, 0, 0
1127000, 52772, 1, 0
1128000, 123024, 0, 0
1128000, 53020, 1, 0
1129000, 123736, 0, 0
1129000, 52648, 1, 0
1130000, 123016, 0, 0
1130000, 53888, 1, 0
1131000, 123636, 0, 0
1131000, 52676, 1, 0
1132000, 123732, 0, 0
1132000, 53000, 1, 0
1133000, 117392, 0, 0
1133000, 50104, 1, 0
1134000, 115684, 0, 0
1134000, 49620, 1, 0
1135000, 115916, 0, 0
1135000, 49268, 1, 0
1136000, 119600, 0, 0
1136000, 50968, 1, 0
1137000, 111972, 0, 0
1137000, 47560, 1, 0
1138000, 117120, 0, 0
1138000, 50156, 1, 0
1139000, 115972, 0, 0
1139000, 49796, 1, 0
1140000, 116276, 0, 0
1140000, 49916, 1, 0
1141000, 122496, 0, 0
1141000, 53144, 1, 0
1142000, 122716, 0, 0
1142000, 53128, 1, 0
1143000, 123264, 0, 0
1143000, 52548, 1, 0
1144000, 122500, 0, 0
1144000, 53068, 1, 0
1145000, 122684, 0, 0
1145000, 53252, 1, 0
1146000, 122056, 0, 0
1146000, 51676, 1, 0
1147000, 117912, 0, 0
1147000, 50656, 1, 0
1148000, 122772, 0, 0
1148000, 52548, 1, 0
1149000, 122408, 0, 0
1149000, 53268, 1, 0
1150000, 122312, 0, 0
1150000, 52976, 1, 0
1151000, 122628, 0, 0
1151000, 52424, 1, 0
1152000, 122888, 0, 0
1152000, 52848, 1, 0
1153000, 121812, 0, 0
1153000, 53668, 1, 0
1154000, 122072, 0, 0
1154000, 53640, 1, 0
1155000, 122764, 0, 0
1155000, 53188, 1, 0
1156000, 121968, 0, 0
1156000, 52168, 1, 0
1157000, 117016, 0, 0
1157000, 48976, 1, 0
1158000, 120676, 0, 0
1158000, 52548, 1, 0
1159000, 122060, 0, 0
1159000, 53176, 1, 0
1160000, 123112, 0, 0
1160000, 52020, 1, 0
1161000, 122280, 0, 0
1161000, 52728, 1, 0
1162000, 123316, 0, 0
1162000, 52028, 1, 0
1163000, 122504, 0, 0
1163000, 52736, 1, 0
1164000, 122756, 0, 0
1164000, 52368, 1, 0
1165000, 122824, 0, 0
1165000, 52460, 1, 0
1166000, 123020, 0, 0
1166000, 52336, 1, 0
1167000, 122672, 0, 0
1167000, 52100, 1, 0
1168000, 122972, 0, 0
1168000, 52532, 1, 0
1169000, 123040, 0, 0
1169000, 52748, 1, 0
1170000, 122552, 0, 0
1170000, 52992, 1, 0
1171000, 122588, 0, 0
1171000, 53568, 1, 0
1172000, 122564, 0, 0
1172000, 53036, 1, 0
1173000, 123296, 0, 0
1173000, 52648, 1, 0
1174000, 123132, 0, 0
1174000, 52412, 1, 0
1175000, 122856, 0, 0
1175000, 53152, 1, 0
1176000, 123004, 0, 0
1176000, 52476, 1, 0
1177000, 122720, 0, 0
1177000, 53008, 1, 0
1178000, 122876, 0, 0
1178000, 52632, 1, 0
1179000, 118400, 0, 0
1179000, 49592, 1, 0
1180000, 122064, 0, 0
1180000, 51360, 1, 0
1181000, 121804, 0, 0
1181000, 53412, 1, 0
1182000, 122720, 0, 0
1182000, 52628, 1, 0
1183000, 123152, 0, 0
1183000, 52292, 1, 0
1184000, 122600, 0, 0
1184000, 53228, 1, 0
1185000, 120956, 0, 0
1185000, 51296, 1, 0
1186000, 122444, 0, 0
1186000, 53044, 1, 0
1187000, 122576, 0, 0
1187000, 53348, 1, 0
1188000, 122484, 0, 0
1188000, 53100, 1, 0
1189000, 122480, 0, 0
1189000, 52696, 1, 0
1190000, 123324, 0, 0
1190000, 51648, 1, 0
1191000, 123344, 0, 0
1191000, 52744, 1, 0
1192000, 122620, 0, 0
1192000, 53016, 1, 0
1193000, 123340, 0, 0
1193000, 52384, 1, 0
1194000, 122296, 0, 0
1194000, 53416, 1, 0
1195000, 122680, 0, 0
1195000, 52968, 1, 0
1196000, 122880, 0, 0
1196000, 52624, 1, 0
1197000, 122608, 0, 0
1197000, 52968, 1, 0
1198000, 123012, 0, 0
1198000, 52720, 1, 0
1199000, 117684, 0, 0
1199000, 50816, 1, 0
