1000, 4995, 0, 0
1000, 2218, 1, 0
2000, 4460, 0, 0
2000, 1856, 1, 0
3000, 4293, 0, 0
3000, 1785, 1, 0
4000, 8120, 0, 0
4000, 3496, 1, 0
5000, 10152, 0, 0
5000, 4290, 1, 0
6000, 10116, 0, 0
6000, 4337, 1, 0
7000, 10074, 0, 0
7000, 4409, 1, 0
8000, 10175, 0, 0
8000, 4152, 1, 0
9000, 9715, 0, 0
9000, 4223, 1, 0
10000, 9918, 0, 0
10000, 4306, 1, 0
11000, 9922, 0, 0
11000, 4231, 1, 0
12000, 10050, 0, 0
12000, 4211, 1, 0
13000, 10111, 0, 0
13000, 4435, 1, 0
14000, 10131, 0, 0
14000, 4369, 1, 0
15000, 10156, 0, 0
15000, 4252, 1, 0
16000, 10126, 0, 0
16000, 4397, 1, 0
17000, 10166, 0, 0
17000, 4313, 1, 0
18000, 10086, 0, 0
18000, 4451, 1, 0
19000, 10137, 0, 0
19000, 4381, 1, 0
20000, 10101, 0, 0
20000, 4437, 1, 0
21000, 10129, 0, 0
21000, 4352, 1, 0
22000, 10094, 0, 0
22000, 4432, 1, 0
23000, 10097, 0, 0
23000, 4415, 1, 0
24000, 10157, 0, 0
24000, 4347, 1, 0
25000, 10147, 0, 0
25000, 4222, 1, 0
26000, 10151, 0, 0
26000, 4285, 1, 0
27000, 10094, 0, 0
27000, 4347, 1, 0
28000, 9965, 0, 0
28000, 4306, 1, 0
29000, 9892, 0, 0
29000, 4311, 1, 0
30000, 9903, 0, 0
30000, 4379, 1, 0
31000, 10133, 0, 0
31000, 4233, 1, 0
32000, 6018, 0, 0
32000, 2535, 1, 0
33000, 9365, 0, 0
33000, 3999, 1, 0
34000, 9876, 0, 0
34000, 4277, 1, 0
35000, 9807, 0, 0
35000, 4187, 1, 0
36000, 9978, 0, 0
36000, 4416, 1, 0
37001, 9958, 0, 0
37001, 4386, 1, 0
38000, 10006, 0, 0
38000, 4282, 1, 0
39000, 10020, 0, 0
39000, 4286, 1, 0
40000, 5429, 0, 0
40000, 2486, 1, 0
41000, 8943, 0, 0
41000, 3712, 1, 0
42000, 10420, 0, 0
42000, 4337, 1, 0
43000, 10462, 0, 0
43000, 4480, 1, 0
44000, 10373, 0, 0
44000, 4484, 1, 0
45000, 10506, 0, 0
45000, 4429, 1, 0
46000, 10254, 0, 0
46000, 4316, 1, 0
47000, 10209, 0, 0
47000, 4399, 1, 0
48000, 10550, 0, 0
48000, 4432, 1, 0
49000, 10751, 0, 0
49000, 4621, 1, 0
50000, 10384, 0, 0
50000, 4456, 1, 0
51000, 10162, 0, 0
51000, 4303, 1, 0
52000, 10141, 0, 0
52000, 4402, 1, 0
53000, 10119, 0, 0
53000, 4463, 1, 0
54000, 10165, 0, 0
54000, 4324, 1, 0
55000, 10175, 0, 0
55000, 4329, 1, 0
56000, 10131, 0, 0
56000, 4373, 1, 0
57001, 10052, 0, 0
57001, 4532, 1, 0
58000, 8259, 0, 0
58000, 3576, 1, 0
59000, 3978, 0, 0
59000, 1701, 1, 0
60000, 6566, 0, 0
60000, 2754, 1, 0
61000, 9913, 0, 0
61000, 4326, 1, 0
62000, 10108, 0, 0
62000, 4400, 1, 0
63000, 10176, 0, 0
63000, 4241, 1, 0
64000, 10166, 0, 0
64000, 4309, 1, 0
65000, 10110, 0, 0
65000, 4392, 1, 0
66000, 9894, 0, 0
66000, 4207, 1, 0
67000, 9909, 0, 0
67000, 4047, 1, 0
68000, 10101, 0, 0
68000, 4280, 1, 0
69000, 10078, 0, 0
69000, 4295, 1, 0
70000, 9842, 0, 0
70000, 4198, 1, 0
71000, 7883, 0, 0
71000, 3380, 1, 0
72000, 8555, 0, 0
72000, 3605, 1, 0
73000, 9881, 0, 0
73000, 4305, 1, 0
74000, 9876, 0, 0
74000, 4312, 1, 0
75000, 10138, 0, 0
75000, 4208, 1, 0
76000, 10131, 0, 0
76000, 4266, 1, 0
77000, 10318, 0, 0
77000, 4444, 1, 0
78000, 11329, 0, 0
78000, 4890, 1, 0
79000, 11183, 0, 0
79000, 4705, 1, 0
80000, 11115, 0, 0
80000, 4882, 1, 0
81000, 11265, 0, 0
81000, 4757, 1, 0
82000, 11397, 0, 0
82000, 4860, 1, 0
83000, 11447, 0, 0
83000, 4886, 1, 0
84000, 11415, 0, 0
84000, 4900, 1, 0
85000, 11427, 0, 0
85000, 4893, 1, 0
86000, 11429, 0, 0
86000, 4903, 1, 0
87001, 11431, 0, 0
87001, 4873, 1, 0
88000, 11379, 0, 0
88000, 4971, 1, 0
89000, 11424, 0, 0
89000, 4788, 1, 0
90000, 11383, 0, 0
90000, 5003, 1, 0
91000, 11386, 0, 0
91000, 4963, 1, 0
92000, 11284, 0, 0
92000, 4842, 1, 0
93000, 11142, 0, 0
93000, 4826, 1, 0
94000, 11157, 0, 0
94000, 4793, 1, 0
95000, 11301, 0, 0
95000, 4780, 1, 0
96000, 11409, 0, 0
96000, 4955, 1, 0
97000, 11397, 0, 0
97000, 4901, 1, 0
98000, 11453, 0, 0
98000, 4749, 1, 0
99000, 11413, 0, 0
99000, 4857, 1, 0
100000, 11396, 0, 0
100000, 4875, 1, 0
101000, 11427, 0, 0
101000, 4864, 1, 0
102000, 11438, 0, 0
102000, 4835, 1, 0
103000, 11393, 0, 0
103000, 4939, 1, 0
104000, 11447, 0, 0
104000, 4745, 1, 0
105000, 11297, 0, 0
105000, 4801, 1, 0
106000, 11122, 0, 0
106000, 4939, 1, 0
107000, 11426, 0, 0
107000, 4850, 1, 0
108000, 11392, 0, 0
108000, 4884, 1, 0
109000, 11418, 0, 0
109000, 4921, 1, 0
110000, 11387, 0, 0
110000, 4970, 1, 0
111000, 11381, 0, 0
111000, 4835, 1, 0
112000, 11412, 0, 0
112000, 4924, 1, 0
113000, 11256, 0, 0
113000, 4851, 1, 0
114000, 11222, 0, 0
114000, 4778, 1, 0
115000, 11380, 0, 0
115000, 4946, 1, 0
116000, 11420, 0, 0
116000, 4953, 1, 0
117000, 11444, 0, 0
117000, 4814, 1, 0
118000, 11375, 0, 0
118000, 4839, 1, 0
119000, 11414, 0, 0
119000, 4900, 1, 0
120000, 11383, 0, 0
120000, 4883, 1, 0
121000, 11171, 0, 0
121000, 4768, 1, 0
122000, 11275, 0, 0
122000, 4812, 1, 0
123000, 11419, 0, 0
123000, 4901, 1, 0
124000, 11396, 0, 0
124000, 4921, 1, 0
125000, 11423, 0, 0
125000, 4816, 1, 0
126000, 11404, 0, 0
126000, 4983, 1, 0
127000, 11383, 0, 0
127000, 4961, 1, 0
128000, 11382, 0, 0
128000, 5043, 1, 0
129000, 11424, 0, 0
129000, 4879, 1, 0
130000, 11383, 0, 0
130000, 4995, 1, 0
131000, 11428, 0, 0
131000, 4862, 1, 0
132000, 11402, 0, 0
132000, 4992, 1, 0
133000, 11411, 0, 0
133000, 4860, 1, 0
134000, 11410, 0, 0
134000, 4938, 1, 0
135000, 11171, 0, 0
135000, 4764, 1, 0
136000, 5553, 0, 0
136000, 2399, 1, 0
137000, 5223, 0, 0
137000, 2185, 1, 0
138000, 4518, 0, 0
138000, 1899, 1, 0
139000, 7136, 0, 0
139000, 2872, 1, 0
140000, 11387, 0, 0
140000, 4837, 1, 0
141000, 11422, 0, 0
141000, 4814, 1, 0
142000, 11373, 0, 0
142000, 4923, 1, 0
143000, 11376, 0, 0
143000, 4983, 1, 0
144000, 11383, 0, 0
144000, 4918, 1, 0
145000, 11400, 0, 0
145000, 4927, 1, 0
146000, 11362, 0, 0
146000, 4977, 1, 0
147000, 11401, 0, 0
147000, 4939, 1, 0
148000, 11480, 0, 0
148000, 4993, 1, 0
149000, 11816, 0, 0
149000, 5044, 1, 0
150000, 11694, 0, 0
150000, 5020, 1, 0
151000, 11828, 0, 0
151000, 5000, 1, 0
152000, 11577, 0, 0
152000, 4912, 1, 0
153001, 11445, 0, 0
153001, 5053, 1, 0
154000, 11876, 0, 0
154000, 5131, 1, 0
155000, 11848, 0, 0
155000, 4984, 1, 0
156000, 11309, 0, 0
156000, 4885, 1, 0
157000, 11235, 0, 0
157000, 4801, 1, 0
158000, 11442, 0, 0
158000, 4724, 1, 0
159000, 11359, 0, 0
159000, 4995, 1, 0
160000, 11438, 0, 0
160000, 4868, 1, 0
161000, 11448, 0, 0
161000, 4778, 1, 0
162000, 11400, 0, 0
162000, 4872, 1, 0
163000, 11371, 0, 0
163000, 4910, 1, 0
164000, 11345, 0, 0
164000, 4850, 1, 0
165000, 11244, 0, 0
165000, 4714, 1, 0
166000, 10732, 0, 0
166000, 4463, 1, 0
167000, 11122, 0, 0
167000, 4841, 1, 0
168000, 11152, 0, 0
168000, 4787, 1, 0
169000, 11235, 0, 0
169000, 4934, 1, 0
170000, 11236, 0, 0
170000, 4808, 1, 0
171000, 11393, 0, 0
171000, 4965, 1, 0
172000, 11200, 0, 0
172000, 4710, 1, 0
173000, 11349, 0, 0
173000, 4849, 1, 0
174000, 11438, 0, 0
174000, 4796, 1, 0
175000, 11416, 0, 0
175000, 4899, 1, 0
176000, 11422, 0, 0
176000, 4835, 1, 0
177000, 11404, 0, 0
177000, 4927, 1, 0
178000, 11420, 0, 0
178000, 4899, 1, 0
179000, 11433, 0, 0
179000, 4827, 1, 0
180000, 11326, 0, 0
180000, 4832, 1, 0
181000, 10354, 0, 0
181000, 4357, 1, 0
182000, 11326, 0, 0
182000, 4912, 1, 0
183000, 11337, 0, 0
183000, 4926, 1, 0
184000, 11399, 0, 0
184000, 4871, 1, 0
185000, 11482, 0, 0
185000, 4760, 1, 0
186000, 11378, 0, 0
186000, 4991, 1, 0
187000, 11442, 0, 0
187000, 4922, 1, 0
188000, 11467, 0, 0
188000, 4864, 1, 0
189000, 11478, 0, 0
189000, 4900, 1, 0
190000, 11456, 0, 0
190000, 4979, 1, 0
191000, 11434, 0, 0
191000, 4965, 1, 0
192000, 11144, 0, 0
192000, 4914, 1, 0
193000, 11205, 0, 0
193000, 4815, 1, 0
194000, 11447, 0, 0
194000, 4902, 1, 0
195000, 11436, 0, 0
195000, 4866, 1, 0
196000, 11419, 0, 0
196000, 4929, 1, 0
197000, 11445, 0, 0
197000, 4828, 1, 0
198000, 11462, 0, 0
198000, 4850, 1, 0
199000, 11432, 0, 0
199000, 4949, 1, 0
200000, 11461, 0, 0
200000, 4837, 1, 0
201000, 11395, 0, 0
201000, 4991, 1, 0
202000, 11439, 0, 0
202000, 4905, 1, 0
203000, 11414, 0, 0
203000, 4967, 1, 0
204000, 11436, 0, 0
204000, 5018, 1, 0
205000, 11448, 0, 0
205000, 4872, 1, 0
206000, 11474, 0, 0
206000, 4789, 1, 0
207000, 11137, 0, 0
207000, 4859, 1, 0
208000, 11418, 0, 0
208000, 4957, 1, 0
209000, 19253, 0, 0
209000, 8307, 1, 0
210000, 30527, 0, 0
210000, 13311, 1, 0
211000, 30775, 0, 0
211000, 12901, 1, 0
212000, 30772, 0, 0
212000, 13149, 1, 0
213000, 30723, 0, 0
213000, 13219, 1, 0
214000, 30726, 0, 0
214000, 13243, 1, 0
215000, 30873, 0, 0
215000, 13063, 1, 0
216000, 30703, 0, 0
216000, 13193, 1, 0
217000, 30699, 0, 0
217000, 13222, 1, 0
218000, 30720, 0, 0
218000, 13036, 1, 0
219000, 29250, 0, 0
219000, 12636, 1, 0
220000, 30636, 0, 0
220000, 13062, 1, 0
221000, 30605, 0, 0
221000, 13134, 1, 0
222000, 30867, 0, 0
222000, 13037, 1, 0
223000, 30636, 0, 0
223000, 13133, 1, 0
224000, 30710, 0, 0
224000, 12897, 1, 0
225000, 30792, 0, 0
225000, 13206, 1, 0
226000, 30582, 0, 0
226000, 13341, 1, 0
227000, 30794, 0, 0
227000, 13075, 1, 0
228000, 29360, 0, 0
228000, 12629, 1, 0
229000, 29297, 0, 0
229000, 12123, 1, 0
230000, 29159, 0, 0
230000, 12442, 1, 0
231000, 28906, 0, 0
231000, 12605, 1, 0
232000, 30146, 0, 0
232000, 12916, 1, 0
233000, 30650, 0, 0
233000, 13173, 1, 0
234000, 30740, 0, 0
234000, 13159, 1, 0
235000, 30518, 0, 0
235000, 13366, 1, 0
236000, 30640, 0, 0
236000, 13204, 1, 0
237000, 30682, 0, 0
237000, 13110, 1, 0
238000, 30719, 0, 0
238000, 13128, 1, 0
239000, 29219, 0, 0
239000, 12513, 1, 0
240000, 30404, 0, 0
240000, 13239, 1, 0
241000, 30535, 0, 0
241000, 13169, 1, 0
242000, 30600, 0, 0
242000, 12998, 1, 0
243000, 30747, 0, 0
243000, 13118, 1, 0
244000, 30552, 0, 0
244000, 13383, 1, 0
245000, 30711, 0, 0
245000, 13144, 1, 0
246000, 30750, 0, 0
246000, 13069, 1, 0
247000, 30806, 0, 0
247000, 13001, 1, 0
248000, 30548, 0, 0
248000, 13263, 1, 0
249000, 30697, 0, 0
249000, 13198, 1, 0
250000, 30608, 0, 0
250000, 13228, 1, 0
251000, 30727, 0, 0
251000, 13101, 1, 0
252000, 30696, 0, 0
252000, 13138, 1, 0
253000, 29696, 0, 0
253000, 12496, 1, 0
254000, 30129, 0, 0
254000, 13007, 1, 0
255001, 30687, 0, 0
255001, 13355, 1, 0
256000, 30947, 0, 0
256000, 13178, 1, 0
257000, 30622, 0, 0
257000, 13254, 1, 0
258000, 30920, 0, 0
258000, 13144, 1, 0
259000, 30781, 0, 0
259000, 13098, 1, 0
260000, 30606, 0, 0
260000, 13207, 1, 0
261001, 30722, 0, 0
261001, 13160, 1, 0
262000, 30899, 0, 0
262000, 13081, 1, 0
263000, 29091, 0, 0
263000, 12577, 1, 0
264000, 30478, 0, 0
264000, 13106, 1, 0
265000, 30494, 0, 0
265000, 13241, 1, 0
266000, 30498, 0, 0
266000, 13288, 1, 0
267000, 30697, 0, 0
267000, 13207, 1, 0
268000, 30706, 0, 0
268000, 13161, 1, 0
269000, 30535, 0, 0
269000, 13217, 1, 0
270000, 30571, 0, 0
270000, 13205, 1, 0
271000, 30466, 0, 0
271000, 13170, 1, 0
272000, 30720, 0, 0
272000, 12982, 1, 0
273000, 30561, 0, 0
273000, 13189, 1, 0
274000, 30594, 0, 0
274000, 13110, 1, 0
275000, 30560, 0, 0
275000, 13141, 1, 0
276000, 30592, 0, 0
276000, 13219, 1, 0
277000, 30618, 0, 0
277000, 13091, 1, 0
278000, 30679, 0, 0
278000, 13095, 1, 0
279000, 30533, 0, 0
279000, 13210, 1, 0
280000, 30665, 0, 0
280000, 13074, 1, 0
281000, 30672, 0, 0
281000, 13125, 1, 0
282000, 30508, 0, 0
282000, 13262, 1, 0
283000, 30666, 0, 0
283000, 13026, 1, 0
284000, 30731, 0, 0
284000, 13000, 1, 0
285000, 30286, 0, 0
285000, 12940, 1, 0
286000, 29276, 0, 0
286000, 12581, 1, 0
287000, 30803, 0, 0
287000, 13057, 1, 0
288000, 30563, 0, 0
288000, 13339, 1, 0
289000, 30748, 0, 0
289000, 13066, 1, 0
290000, 30767, 0, 0
290000, 13019, 1, 0
291000, 30739, 0, 0
291000, 13146, 1, 0
292000, 30879, 0, 0
292000, 12941, 1, 0
293000, 30612, 0, 0
293000, 13259, 1, 0
294000, 30555, 0, 0
294000, 13280, 1, 0
295000, 30682, 0, 0
295000, 13195, 1, 0
296000, 30540, 0, 0
296000, 13264, 1, 0
297000, 30699, 0, 0
297000, 13088, 1, 0
298000, 30618, 0, 0
298000, 13164, 1, 0
299000, 30739, 0, 0
299000, 13063, 1, 0
300000, 30957, 0, 0
300000, 12863, 1, 0
301000, 30640, 0, 0
301000, 13123, 1, 0
302000, 30623, 0, 0
302000, 13162, 1, 0
303000, 30757, 0, 0
303000, 13227, 1, 0
304000, 30758, 0, 0
304000, 13133, 1, 0
305000, 30703, 0, 0
305000, 13103, 1, 0
306000, 30539, 0, 0
306000, 13460, 1, 0
307000, 29185, 0, 0
307000, 12588, 1, 0
308000, 30571, 0, 0
308000, 13202, 1, 0
309000, 30772, 0, 0
309000, 13100, 1, 0
310000, 30763, 0, 0
310000, 13063, 1, 0
311000, 30714, 0, 0
311000, 13239, 1, 0
312001, 30810, 0, 0
312001, 13053, 1, 0
313000, 29635, 0, 0
313000, 12751, 1, 0
314000, 28638, 0, 0
314000, 12244, 1, 0
315000, 29975, 0, 0
315000, 12729, 1, 0
316000, 30802, 0, 0
316000, 13083, 1, 0
317000, 30694, 0, 0
317000, 13198, 1, 0
318000, 30720, 0, 0
318000, 13136, 1, 0
319000, 30801, 0, 0
319000, 13032, 1, 0
320001, 29894, 0, 0
320001, 12873, 1, 0
321000, 30768, 0, 0
321000, 13083, 1, 0
322000, 30875, 0, 0
322000, 13042, 1, 0
323000, 29314, 0, 0
323000, 12488, 1, 0
324000, 29494, 0, 0
324000, 12825, 1, 0
325000, 30847, 0, 0
325000, 13100, 1, 0
326000, 30683, 0, 0
326000, 13118, 1, 0
327000, 30592, 0, 0
327000, 13339, 1, 0
328000, 30632, 0, 0
328000, 13211, 1, 0
329000, 30732, 0, 0
329000, 13148, 1, 0
330000, 30656, 0, 0
330000, 13200, 1, 0
331000, 30949, 0, 0
331000, 12936, 1, 0
332000, 30778, 0, 0
332000, 13003, 1, 0
333000, 29929, 0, 0
333000, 12940, 1, 0
334000, 30479, 0, 0
334000, 13306, 1, 0
335000, 29336, 0, 0
335000, 12537, 1, 0
336000, 30487, 0, 0
336000, 12914, 1, 0
337000, 30588, 0, 0
337000, 13221, 1, 0
338000, 30622, 0, 0
338000, 13247, 1, 0
339000, 30156, 0, 0
339000, 12788, 1, 0
340000, 30744, 0, 0
340000, 13149, 1, 0
341000, 30576, 0, 0
341000, 13047, 1, 0
342000, 30698, 0, 0
342000, 13203, 1, 0
343000, 30599, 0, 0
343000, 13168, 1, 0
344000, 30620, 0, 0
344000, 13187, 1, 0
345000, 29236, 0, 0
345000, 12433, 1, 0
346000, 30471, 0, 0
346000, 12983, 1, 0
347000, 29333, 0, 0
347000, 12617, 1, 0
348000, 29850, 0, 0
348000, 12714, 1, 0
349000, 30575, 0, 0
349000, 12980, 1, 0
350000, 30445, 0, 0
350000, 13299, 1, 0
351000, 30384, 0, 0
351000, 13248, 1, 0
352000, 30698, 0, 0
352000, 13228, 1, 0
353000, 30640, 0, 0
353000, 13324, 1, 0
354000, 30765, 0, 0
354000, 13048, 1, 0
355000, 30812, 0, 0
355000, 13011, 1, 0
356000, 30874, 0, 0
356000, 12960, 1, 0
357000, 30637, 0, 0
357000, 13144, 1, 0
358000, 30848, 0, 0
358000, 13014, 1, 0
359000, 30746, 0, 0
359000, 13294, 1, 0
360000, 30752, 0, 0
360000, 13139, 1, 0
361000, 30777, 0, 0
361000, 13066, 1, 0
362000, 30806, 0, 0
362000, 13037, 1, 0
363000, 30770, 0, 0
363000, 13194, 1, 0
364000, 30836, 0, 0
364000, 12973, 1, 0
365000, 30824, 0, 0
365000, 13131, 1, 0
366000, 30752, 0, 0
366000, 13066, 1, 0
367000, 30571, 0, 0
367000, 13359, 1, 0
368000, 30514, 0, 0
368000, 13348, 1, 0
369000, 29363, 0, 0
369000, 12484, 1, 0
370000, 30220, 0, 0
370000, 13188, 1, 0
371000, 30562, 0, 0
371000, 13239, 1, 0
372000, 30838, 0, 0
372000, 13025, 1, 0
373000, 30568, 0, 0
373000, 13393, 1, 0
374000, 30805, 0, 0
374000, 13088, 1, 0
375000, 29992, 0, 0
375000, 12937, 1, 0
376000, 30579, 0, 0
376000, 13282, 1, 0
377000, 30689, 0, 0
377000, 13206, 1, 0
378000, 31115, 0, 0
378000, 12925, 1, 0
379000, 30090, 0, 0
379000, 12894, 1, 0
380000, 29024, 0, 0
380000, 12530, 1, 0
381000, 30663, 0, 0
381000, 13135, 1, 0
382000, 30787, 0, 0
382000, 13254, 1, 0
383000, 30785, 0, 0
383000, 12984, 1, 0
384000, 30811, 0, 0
384000, 12964, 1, 0
385000, 30731, 0, 0
385000, 13131, 1, 0
386000, 30826, 0, 0
386000, 13016, 1, 0
387000, 29219, 0, 0
387000, 12554, 1, 0
388000, 30847, 0, 0
388000, 12971, 1, 0
389000, 30658, 0, 0
389000, 13036, 1, 0
390000, 29042, 0, 0
390000, 12600, 1, 0
391000, 29689, 0, 0
391000, 12579, 1, 0
392000, 30740, 0, 0
392000, 13026, 1, 0
393000, 30946, 0, 0
393000, 12999, 1, 0
394000, 30736, 0, 0
394000, 13234, 1, 0
395000, 30803, 0, 0
395000, 13171, 1, 0
396000, 30601, 0, 0
396000, 13305, 1, 0
397000, 30292, 0, 0
397000, 12820, 1, 0
398000, 29959, 0, 0
398000, 12798, 1, 0
399000, 30679, 0, 0
399000, 13155, 1, 0
400000, 30690, 0, 0
400000, 13151, 1, 0
401000, 30510, 0, 0
401000, 13411, 1, 0
402000, 30638, 0, 0
402000, 13291, 1, 0
403000, 30578, 0, 0
403000, 13242, 1, 0
404001, 30639, 0, 0
404001, 13278, 1, 0
405000, 30788, 0, 0
405000, 13123, 1, 0
406000, 30784, 0, 0
406000, 13031, 1, 0
407000, 30679, 0, 0
407000, 13149, 1, 0
408000, 30607, 0, 0
408000, 13180, 1, 0
409000, 30597, 0, 0
409000, 13177, 1, 0
410000, 30732, 0, 0
410000, 13144, 1, 0
411000, 30286, 0, 0
411000, 12874, 1, 0
412000, 29903, 0, 0
412000, 12582, 1, 0
413000, 29412, 0, 0
413000, 12859, 1, 0
414000, 30334, 0, 0
414000, 12902, 1, 0
415000, 30700, 0, 0
415000, 13101, 1, 0
416000, 30485, 0, 0
416000, 13208, 1, 0
417000, 30545, 0, 0
417000, 13330, 1, 0
418000, 30686, 0, 0
418000, 13076, 1, 0
419000, 30559, 0, 0
419000, 12956, 1, 0
420000, 29628, 0, 0
420000, 12642, 1, 0
421000, 29429, 0, 0
421000, 12611, 1, 0
422000, 30663, 0, 0
422000, 13228, 1, 0
423000, 30692, 0, 0
423000, 13259, 1, 0
424000, 30715, 0, 0
424000, 13112, 1, 0
425000, 30752, 0, 0
425000, 13226, 1, 0
426000, 30609, 0, 0
426000, 13218, 1, 0
427000, 30756, 0, 0
427000, 13082, 1, 0
428000, 30670, 0, 0
428000, 13178, 1, 0
429000, 30755, 0, 0
429000, 13057, 1, 0
430000, 30867, 0, 0
430000, 13016, 1, 0
431000, 30752, 0, 0
431000, 13054, 1, 0
432000, 30712, 0, 0
432000, 13229, 1, 0
433000, 30777, 0, 0
433000, 13097, 1, 0
434000, 30659, 0, 0
434000, 13248, 1, 0
435000, 30546, 0, 0
435000, 13218, 1, 0
436000, 28983, 0, 0
436000, 12407, 1, 0
437000, 30322, 0, 0
437000, 13011, 1, 0
438000, 30699, 0, 0
438000, 13207, 1, 0
439000, 29843, 0, 0
439000, 12686, 1, 0
440000, 30239, 0, 0
440000, 12919, 1, 0
441000, 30600, 0, 0
441000, 13361, 1, 0
442000, 30691, 0, 0
442000, 13162, 1, 0
443000, 30703, 0, 0
443000, 13145, 1, 0
444000, 30713, 0, 0
444000, 13068, 1, 0
445000, 30561, 0, 0
445000, 13301, 1, 0
446000, 30502, 0, 0
446000, 12938, 1, 0
447000, 29214, 0, 0
447000, 12392, 1, 0
448000, 30180, 0, 0
448000, 12969, 1, 0
449000, 30630, 0, 0
449000, 13185, 1, 0
450000, 30701, 0, 0
450000, 13130, 1, 0
451000, 30781, 0, 0
451000, 12976, 1, 0
452000, 30758, 0, 0
452000, 13062, 1, 0
453000, 30727, 0, 0
453000, 13164, 1, 0
454000, 30594, 0, 0
454000, 13206, 1, 0
455000, 30633, 0, 0
455000, 13137, 1, 0
456000, 30720, 0, 0
456000, 13121, 1, 0
457000, 30537, 0, 0
457000, 13122, 1, 0
458000, 29274, 0, 0
458000, 12562, 1, 0
459000, 30644, 0, 0
459000, 12887, 1, 0
460000, 30598, 0, 0
460000, 13268, 1, 0
461000, 30726, 0, 0
461000, 13100, 1, 0
462000, 30765, 0, 0
462000, 13130, 1, 0
463000, 30668, 0, 0
463000, 13095, 1, 0
464000, 30741, 0, 0
464000, 13140, 1, 0
465000, 30823, 0, 0
465000, 12998, 1, 0
466000, 30489, 0, 0
466000, 13331, 1, 0
467000, 30640, 0, 0
467000, 13192, 1, 0
468000, 30632, 0, 0
468000, 13239, 1, 0
469000, 30588, 0, 0
469000, 13346, 1, 0
470000, 30806, 0, 0
470000, 12947, 1, 0
471000, 30738, 0, 0
471000, 13205, 1, 0
472000, 30807, 0, 0
472000, 12995, 1, 0
473000, 30221, 0, 0
473000, 13084, 1, 0
474000, 29368, 0, 0
474000, 12592, 1, 0
475000, 30469, 0, 0
475000, 13025, 1, 0
476000, 30793, 0, 0
476000, 13127, 1, 0
477000, 30537, 0, 0
477000, 13231, 1, 0
478000, 30558, 0, 0
478000, 13222, 1, 0
479000, 30677, 0, 0
479000, 13134, 1, 0
480000, 30744, 0, 0
480000, 13121, 1, 0
481000, 30740, 0, 0
481000, 13078, 1, 0
482000, 30523, 0, 0
482000, 13337, 1, 0
483000, 30463, 0, 0
483000, 13217, 1, 0
484000, 30649, 0, 0
484000, 13376, 1, 0
485000, 30775, 0, 0
485000, 13120, 1, 0
486000, 30942, 0, 0
486000, 12993, 1, 0
487000, 30907, 0, 0
487000, 13065, 1, 0
488000, 30883, 0, 0
488000, 13066, 1, 0
489000, 29720, 0, 0
489000, 12997, 1, 0
490000, 29526, 0, 0
490000, 12732, 1, 0
491000, 30355, 0, 0
491000, 13116, 1, 0
492000, 30463, 0, 0
492000, 13263, 1, 0
493000, 30731, 0, 0
493000, 13057, 1, 0
494000, 30547, 0, 0
494000, 13148, 1, 0
495000, 30642, 0, 0
495000, 13241, 1, 0
496000, 30619, 0, 0
496000, 13069, 1, 0
497000, 30588, 0, 0
497000, 13314, 1, 0
498000, 30565, 0, 0
498000, 13204, 1, 0
499000, 30889, 0, 0
499000, 12772, 1, 0
500000, 30399, 0, 0
500000, 13078, 1, 0
501000, 29406, 0, 0
501000, 12562, 1, 0
502000, 30663, 0, 0
502000, 13306, 1, 0
503000, 30743, 0, 0
503000, 13144, 1, 0
504000, 30648, 0, 0
504000, 13266, 1, 0
505000, 30791, 0, 0
505000, 13285, 1, 0
506000, 30964, 0, 0
506000, 13219, 1, 0
507000, 30899, 0, 0
507000, 13178, 1, 0
508000, 30883, 0, 0
508000, 13177, 1, 0
509000, 30847, 0, 0
509000, 13239, 1, 0
510000, 30851, 0, 0
510000, 13229, 1, 0
511000, 30782, 0, 0
511000, 13198, 1, 0
512000, 30741, 0, 0
512000, 13234, 1, 0
513000, 30881, 0, 0
513000, 13194, 1, 0
514000, 30982, 0, 0
514000, 13177, 1, 0
515000, 30848, 0, 0
515000, 13269, 1, 0
516000, 30714, 0, 0
516000, 13191, 1, 0
517000, 30916, 0, 0
517000, 13056, 1, 0
518000, 30695, 0, 0
518000, 13226, 1, 0
519000, 30773, 0, 0
519000, 13091, 1, 0
520000, 30747, 0, 0
520000, 13209, 1, 0
521000, 30657, 0, 0
521000, 13259, 1, 0
522000, 30720, 0, 0
522000, 13291, 1, 0
523000, 30621, 0, 0
523000, 13203, 1, 0
524000, 30698, 0, 0
524000, 13293, 1, 0
525000, 30350, 0, 0
525000, 13325, 1, 0
526000, 29257, 0, 0
526000, 12687, 1, 0
527000, 30591, 0, 0
527000, 13082, 1, 0
528000, 30655, 0, 0
528000, 13081, 1, 0
529000, 30484, 0, 0
529000, 13274, 1, 0
530000, 30528, 0, 0
530000, 13158, 1, 0
531000, 30603, 0, 0
531000, 13210, 1, 0
532000, 30562, 0, 0
532000, 13065, 1, 0
533000, 30694, 0, 0
533000, 13161, 1, 0
534000, 30568, 0, 0
534000, 13158, 1, 0
535000, 29852, 0, 0
535000, 12959, 1, 0
536000, 30060, 0, 0
536000, 12675, 1, 0
537000, 30801, 0, 0
537000, 13285, 1, 0
538000, 30764, 0, 0
538000, 13160, 1, 0
539000, 30913, 0, 0
539000, 12995, 1, 0
540000, 30699, 0, 0
540000, 13150, 1, 0
541000, 30937, 0, 0
541000, 13056, 1, 0
542000, 30682, 0, 0
542000, 13160, 1, 0
543000, 30673, 0, 0
543000, 13189, 1, 0
544000, 30846, 0, 0
544000, 13159, 1, 0
545000, 30811, 0, 0
545000, 13056, 1, 0
546000, 30730, 0, 0
546000, 13250, 1, 0
547000, 30631, 0, 0
547000, 13225, 1, 0
548000, 30713, 0, 0
548000, 13163, 1, 0
549000, 30674, 0, 0
549000, 13265, 1, 0
550000, 30767, 0, 0
550000, 13157, 1, 0
551000, 30678, 0, 0
551000, 13161, 1, 0
552000, 30815, 0, 0
552000, 13186, 1, 0
553000, 30787, 0, 0
553000, 12989, 1, 0
554001, 30556, 0, 0
554001, 13392, 1, 0
555000, 30599, 0, 0
555000, 13288, 1, 0
556000, 30758, 0, 0
556000, 13181, 1, 0
557000, 30882, 0, 0
557000, 13076, 1, 0
558000, 30631, 0, 0
558000, 13305, 1, 0
559000, 30644, 0, 0
559000, 13300, 1, 0
560000, 30801, 0, 0
560000, 13162, 1, 0
561000, 30611, 0, 0
561000, 13336, 1, 0
562000, 30988, 0, 0
562000, 12911, 1, 0
563000, 30729, 0, 0
563000, 13236, 1, 0
564000, 30666, 0, 0
564000, 13344, 1, 0
565000, 30718, 0, 0
565000, 13273, 1, 0
566000, 30754, 0, 0
566000, 13042, 1, 0
567000, 30862, 0, 0
567000, 13128, 1, 0
568000, 30760, 0, 0
568000, 13219, 1, 0
569000, 30691, 0, 0
569000, 13170, 1, 0
570000, 30850, 0, 0
570000, 13030, 1, 0
571000, 30736, 0, 0
571000, 13192, 1, 0
572000, 29127, 0, 0
572000, 12400, 1, 0
573000, 30473, 0, 0
573000, 13099, 1, 0
574000, 30714, 0, 0
574000, 13121, 1, 0
575000, 30519, 0, 0
575000, 13234, 1, 0
576000, 30417, 0, 0
576000, 13324, 1, 0
577000, 30335, 0, 0
577000, 13245, 1, 0
578000, 30634, 0, 0
578000, 13059, 1, 0
579000, 30681, 0, 0
579000, 13077, 1, 0
580000, 30784, 0, 0
580000, 13150, 1, 0
581000, 30752, 0, 0
581000, 13195, 1, 0
582000, 30776, 0, 0
582000, 13147, 1, 0
583000, 30782, 0, 0
583000, 13207, 1, 0
584000, 30745, 0, 0
584000, 13269, 1, 0
585000, 30753, 0, 0
585000, 13215, 1, 0
586000, 30758, 0, 0
586000, 13175, 1, 0
587000, 30931, 0, 0
587000, 13048, 1, 0
588000, 30760, 0, 0
588000, 13223, 1, 0
589000, 30747, 0, 0
589000, 13206, 1, 0
590000, 30893, 0, 0
590000, 13024, 1, 0
591000, 30678, 0, 0
591000, 13371, 1, 0
592000, 30831, 0, 0
592000, 13208, 1, 0
593000, 30734, 0, 0
593000, 13224, 1, 0
594000, 30682, 0, 0
594000, 13377, 1, 0
595000, 30777, 0, 0
595000, 13122, 1, 0
596000, 30730, 0, 0
596000, 13210, 1, 0
597000, 30149, 0, 0
597000, 13058, 1, 0
598000, 30880, 0, 0
598000, 12947, 1, 0
599000, 30681, 0, 0
599000, 13205, 1, 0
600000, 30806, 0, 0
600000, 13172, 1, 0
601000, 30640, 0, 0
601000, 13283, 1, 0
602000, 30463, 0, 0
602000, 12945, 1, 0
603000, 29054, 0, 0
603000, 12222, 1, 0
604000, 29468, 0, 0
604000, 12744, 1, 0
605000, 29955, 0, 0
605000, 12884, 1, 0
606000, 29358, 0, 0
606000, 12785, 1, 0
607000, 30506, 0, 0
607000, 13175, 1, 0
608000, 30673, 0, 0
608000, 12932, 1, 0
609000, 30651, 0, 0
609000, 13090, 1, 0
610000, 30628, 0, 0
610000, 13104, 1, 0
611000, 30608, 0, 0
611000, 13230, 1, 0
612000, 30593, 0, 0
612000, 13099, 1, 0
613000, 30542, 0, 0
613000, 13182, 1, 0
614000, 30682, 0, 0
614000, 13067, 1, 0
615000, 30515, 0, 0
615000, 13260, 1, 0
616000, 29155, 0, 0
616000, 12622, 1, 0
617000, 30009, 0, 0
617000, 13166, 1, 0
618000, 30495, 0, 0
618000, 13212, 1, 0
619000, 30462, 0, 0
619000, 13155, 1, 0
620000, 30619, 0, 0
620000, 13149, 1, 0
621000, 30624, 0, 0
621000, 13074, 1, 0
622000, 30846, 0, 0
622000, 12884, 1, 0
623000, 30689, 0, 0
623000, 13036, 1, 0
624000, 30612, 0, 0
624000, 13157, 1, 0
625000, 30543, 0, 0
625000, 13118, 1, 0
626000, 30649, 0, 0
626000, 13062, 1, 0
627000, 30743, 0, 0
627000, 12923, 1, 0
628000, 30428, 0, 0
628000, 13381, 1, 0
629000, 30565, 0, 0
629000, 13168, 1, 0
630000, 30561, 0, 0
630000, 13178, 1, 0
631000, 29749, 0, 0
631000, 12810, 1, 0
632000, 29731, 0, 0
632000, 13030, 1, 0
633000, 30658, 0, 0
633000, 13146, 1, 0
634000, 30496, 0, 0
634000, 13040, 1, 0
635000, 30712, 0, 0
635000, 13016, 1, 0
636000, 30582, 0, 0
636000, 13243, 1, 0
637000, 30620, 0, 0
637000, 13084, 1, 0
638000, 30619, 0, 0
638000, 13090, 1, 0
639000, 30650, 0, 0
639000, 13092, 1, 0
640000, 30706, 0, 0
640000, 13043, 1, 0
641000, 30333, 0, 0
641000, 13439, 1, 0
642000, 29387, 0, 0
642000, 12471, 1, 0
643000, 29145, 0, 0
643000, 12787, 1, 0
644000, 30559, 0, 0
644000, 12924, 1, 0
645000, 30687, 0, 0
645000, 13089, 1, 0
646000, 30632, 0, 0
646000, 13079, 1, 0
647000, 30800, 0, 0
647000, 12931, 1, 0
648000, 30554, 0, 0
648000, 13082, 1, 0
649000, 30596, 0, 0
649000, 13117, 1, 0
650000, 30418, 0, 0
650000, 13106, 1, 0
651000, 29321, 0, 0
651000, 12385, 1, 0
652000, 30480, 0, 0
652000, 13130, 1, 0
653000, 30676, 0, 0
653000, 13089, 1, 0
654000, 30699, 0, 0
654000, 12961, 1, 0
655000, 30655, 0, 0
655000, 13021, 1, 0
656000, 30590, 0, 0
656000, 13138, 1, 0
657000, 30408, 0, 0
657000, 13092, 1, 0
658000, 30301, 0, 0
658000, 13156, 1, 0
659000, 30378, 0, 0
659000, 12981, 1, 0
660000, 30544, 0, 0
660000, 13218, 1, 0
661000, 30570, 0, 0
661000, 13152, 1, 0
662000, 30747, 0, 0
662000, 13042, 1, 0
663000, 30715, 0, 0
663000, 12965, 1, 0
664000, 30740, 0, 0
664000, 13044, 1, 0
665000, 30643, 0, 0
665000, 13111, 1, 0
666000, 30552, 0, 0
666000, 13157, 1, 0
667000, 30675, 0, 0
667000, 13040, 1, 0
668000, 30668, 0, 0
668000, 12995, 1, 0
669000, 30623, 0, 0
669000, 13080, 1, 0
670000, 30571, 0, 0
670000, 13101, 1, 0
671000, 30697, 0, 0
671000, 13028, 1, 0
672000, 30703, 0, 0
672000, 13109, 1, 0
673000, 30455, 0, 0
673000, 13318, 1, 0
674000, 30632, 0, 0
674000, 13062, 1, 0
675000, 30776, 0, 0
675000, 13003, 1, 0
676000, 30285, 0, 0
676000, 13001, 1, 0
677000, 29483, 0, 0
677000, 12705, 1, 0
678000, 30549, 0, 0
678000, 13289, 1, 0
679000, 30603, 0, 0
679000, 12977, 1, 0
680000, 30649, 0, 0
680000, 13066, 1, 0
681000, 30689, 0, 0
681000, 13078, 1, 0
682000, 30562, 0, 0
682000, 13282, 1, 0
683000, 30599, 0, 0
683000, 13101, 1, 0
684000, 30595, 0, 0
684000, 13194, 1, 0
685000, 30766, 0, 0
685000, 12986, 1, 0
686000, 30564, 0, 0
686000, 13209, 1, 0
687000, 30602, 0, 0
687000, 13115, 1, 0
688000, 30588, 0, 0
688000, 13210, 1, 0
689000, 30648, 0, 0
689000, 13108, 1, 0
690000, 30657, 0, 0
690000, 13098, 1, 0
691000, 30616, 0, 0
691000, 13065, 1, 0
692000, 30584, 0, 0
692000, 13037, 1, 0
693000, 30687, 0, 0
693000, 13063, 1, 0
694000, 30537, 0, 0
694000, 13097, 1, 0
695000, 30730, 0, 0
695000, 12959, 1, 0
696000, 30536, 0, 0
696000, 13214, 1, 0
697000, 30772, 0, 0
697000, 13064, 1, 0
698000, 30335, 0, 0
698000, 12855, 1, 0
699000, 29688, 0, 0
699000, 12563, 1, 0
700000, 30589, 0, 0
700000, 13156, 1, 0
701000, 30701, 0, 0
701000, 12970, 1, 0
702000, 30446, 0, 0
702000, 13167, 1, 0
703000, 30701, 0, 0
703000, 12996, 1, 0
704000, 30595, 0, 0
704000, 13140, 1, 0
705000, 30530, 0, 0
705000, 13229, 1, 0
706000, 30624, 0, 0
706000, 13146, 1, 0
707000, 30506, 0, 0
707000, 13251, 1, 0
708000, 30770, 0, 0
708000, 13102, 1, 0
709000, 30315, 0, 0
709000, 13309, 1, 0
710000, 30650, 0, 0
710000, 13080, 1, 0
711000, 30665, 0, 0
711000, 13001, 1, 0
712000, 30327, 0, 0
712000, 12794, 1, 0
713000, 29586, 0, 0
713000, 12682, 1, 0
714000, 30805, 0, 0
714000, 12869, 1, 0
715000, 30628, 0, 0
715000, 13053, 1, 0
716000, 30621, 0, 0
716000, 13076, 1, 0
717000, 30640, 0, 0
717000, 13107, 1, 0
718000, 30786, 0, 0
718000, 12981, 1, 0
719000, 30571, 0, 0
719000, 13161, 1, 0
720000, 30578, 0, 0
720000, 13071, 1, 0
721000, 30560, 0, 0
721000, 13218, 1, 0
722000, 30601, 0, 0
722000, 13169, 1, 0
723000, 30393, 0, 0
723000, 13235, 1, 0
724000, 30524, 0, 0
724000, 13179, 1, 0
725000, 30721, 0, 0
725000, 13054, 1, 0
726000, 30554, 0, 0
726000, 13190, 1, 0
727000, 30726, 0, 0
727000, 13029, 1, 0
728000, 30731, 0, 0
728000, 13095, 1, 0
729000, 30694, 0, 0
729000, 13186, 1, 0
730000, 30667, 0, 0
730000, 13147, 1, 0
731000, 30374, 0, 0
731000, 13201, 1, 0
732000, 30758, 0, 0
732000, 13015, 1, 0
733000, 30527, 0, 0
733000, 13200, 1, 0
734000, 30688, 0, 0
734000, 13079, 1, 0
735000, 30592, 0, 0
735000, 13065, 1, 0
736000, 30823, 0, 0
736000, 12880, 1, 0
737000, 30545, 0, 0
737000, 13144, 1, 0
738000, 30599, 0, 0
738000, 13155, 1, 0
739000, 30369, 0, 0
739000, 13006, 1, 0
740000, 29910, 0, 0
740000, 12909, 1, 0
741000, 30333, 0, 0
741000, 12937, 1, 0
742000, 29130, 0, 0
742000, 12530, 1, 0
743000, 30627, 0, 0
743000, 13005, 1, 0
744000, 30667, 0, 0
744000, 13060, 1, 0
745000, 30710, 0, 0
745000, 13081, 1, 0
746000, 30692, 0, 0
746000, 13090, 1, 0
747000, 30436, 0, 0
747000, 13202, 1, 0
748000, 30587, 0, 0
748000, 13160, 1, 0
749000, 30538, 0, 0
749000, 13262, 1, 0
750000, 30724, 0, 0
750000, 13016, 1, 0
751000, 30475, 0, 0
751000, 13256, 1, 0
752000, 30656, 0, 0
752000, 12980, 1, 0
753000, 30530, 0, 0
753000, 13224, 1, 0
754000, 30637, 0, 0
754000, 13128, 1, 0
755000, 30571, 0, 0
755000, 13206, 1, 0
756000, 30527, 0, 0
756000, 13151, 1, 0
757000, 30539, 0, 0
757000, 13329, 1, 0
758000, 30584, 0, 0
758000, 13212, 1, 0
759000, 30590, 0, 0
759000, 13172, 1, 0
760000, 30639, 0, 0
760000, 13079, 1, 0
761000, 30586, 0, 0
761000, 13116, 1, 0
762000, 29629, 0, 0
762000, 12789, 1, 0
763000, 29646, 0, 0
763000, 12781, 1, 0
764000, 30867, 0, 0
764000, 13128, 1, 0
765000, 30770, 0, 0
765000, 13309, 1, 0
766000, 30810, 0, 0
766000, 13284, 1, 0
767000, 30792, 0, 0
767000, 13134, 1, 0
768000, 30748, 0, 0
768000, 13289, 1, 0
769000, 30728, 0, 0
769000, 13190, 1, 0
770000, 30780, 0, 0
770000, 13301, 1, 0
771000, 30657, 0, 0
771000, 13226, 1, 0
772000, 30791, 0, 0
772000, 13238, 1, 0
773000, 30716, 0, 0
773000, 13248, 1, 0
774000, 30772, 0, 0
774000, 13222, 1, 0
775000, 30635, 0, 0
775000, 13354, 1, 0
776000, 30575, 0, 0
776000, 12958, 1, 0
777000, 28811, 0, 0
777000, 12259, 1, 0
778000, 28895, 0, 0
778000, 12418, 1, 0
779000, 29286, 0, 0
779000, 12517, 1, 0
780000, 30574, 0, 0
780000, 13046, 1, 0
781000, 30587, 0, 0
781000, 13054, 1, 0
782000, 30553, 0, 0
782000, 13137, 1, 0
783000, 30676, 0, 0
783000, 13080, 1, 0
784000, 30328, 0, 0
784000, 13233, 1, 0
785000, 30664, 0, 0
785000, 13128, 1, 0
786000, 30641, 0, 0
786000, 13011, 1, 0
787000, 30732, 0, 0
787000, 12963, 1, 0
788000, 30603, 0, 0
788000, 13088, 1, 0
789000, 30601, 0, 0
789000, 13049, 1, 0
790000, 30011, 0, 0
790000, 12860, 1, 0
791000, 30701, 0, 0
791000, 12952, 1, 0
792000, 30626, 0, 0
792000, 13097, 1, 0
793000, 30687, 0, 0
793000, 13183, 1, 0
794000, 30838, 0, 0
794000, 12991, 1, 0
795000, 30701, 0, 0
795000, 13003, 1, 0
796000, 30595, 0, 0
796000, 13176, 1, 0
797000, 30576, 0, 0
797000, 13125, 1, 0
798000, 29783, 0, 0
798000, 12787, 1, 0
799000, 30280, 0, 0
799000, 12864, 1, 0
800000, 30569, 0, 0
800000, 13343, 1, 0
801000, 30660, 0, 0
801000, 13318, 1, 0
802000, 30645, 0, 0
802000, 13071, 1, 0
803000, 30601, 0, 0
803000, 13146, 1, 0
804000, 30588, 0, 0
804000, 13226, 1, 0
805000, 30536, 0, 0
805000, 13317, 1, 0
806000, 30734, 0, 0
806000, 13084, 1, 0
807000, 30699, 0, 0
807000, 12963, 1, 0
808000, 30684, 0, 0
808000, 13101, 1, 0
809000, 30561, 0, 0
809000, 13131, 1, 0
810000, 29072, 0, 0
810000, 12703, 1, 0
811000, 30779, 0, 0
811000, 13254, 1, 0
812000, 30782, 0, 0
812000, 13185, 1, 0
813000, 30783, 0, 0
813000, 13293, 1, 0
814000, 30616, 0, 0
814000, 13351, 1, 0
815000, 30892, 0, 0
815000, 13008, 1, 0
816000, 30726, 0, 0
816000, 13287, 1, 0
817000, 30792, 0, 0
817000, 13153, 1, 0
818000, 30694, 0, 0
818000, 13265, 1, 0
819000, 30611, 0, 0
819000, 13282, 1, 0
820000, 30814, 0, 0
820000, 13131, 1, 0
821000, 30933, 0, 0
821000, 13078, 1, 0
822000, 29279, 0, 0
822000, 12508, 1, 0
823000, 30094, 0, 0
823000, 12799, 1, 0
824000, 30773, 0, 0
824000, 12961, 1, 0
825000, 30643, 0, 0
825000, 13070, 1, 0
826000, 30606, 0, 0
826000, 13139, 1, 0
827000, 30530, 0, 0
827000, 13197, 1, 0
828000, 30503, 0, 0
828000, 13263, 1, 0
829000, 30598, 0, 0
829000, 13063, 1, 0
830000, 30846, 0, 0
830000, 12841, 1, 0
831000, 30559, 0, 0
831000, 13176, 1, 0
832000, 30674, 0, 0
832000, 13131, 1, 0
833000, 30460, 0, 0
833000, 13309, 1, 0
834000, 30632, 0, 0
834000, 13157, 1, 0
835000, 29010, 0, 0
835000, 12484, 1, 0
836000, 30690, 0, 0
836000, 13058, 1, 0
837000, 30864, 0, 0
837000, 13080, 1, 0
838000, 30896, 0, 0
838000, 12894, 1, 0
839000, 30776, 0, 0
839000, 12966, 1, 0
840000, 30777, 0, 0
840000, 13013, 1, 0
841000, 30647, 0, 0
841000, 13162, 1, 0
842000, 30961, 0, 0
842000, 12773, 1, 0
843000, 30579, 0, 0
843000, 13202, 1, 0
844000, 30620, 0, 0
844000, 13096, 1, 0
845000, 30676, 0, 0
845000, 13137, 1, 0
846000, 29940, 0, 0
846000, 12809, 1, 0
847000, 29957, 0, 0
847000, 12939, 1, 0
848000, 30783, 0, 0
848000, 13148, 1, 0
849000, 30746, 0, 0
849000, 13308, 1, 0
850000, 31045, 0, 0
850000, 13005, 1, 0
851000, 30716, 0, 0
851000, 13220, 1, 0
852000, 30780, 0, 0
852000, 13187, 1, 0
853001, 30947, 0, 0
853001, 13041, 1, 0
854000, 30775, 0, 0
854000, 13135, 1, 0
855000, 30786, 0, 0
855000, 13150, 1, 0
856000, 30951, 0, 0
856000, 13014, 1, 0
857000, 30890, 0, 0
857000, 13091, 1, 0
858000, 29439, 0, 0
858000, 12564, 1, 0
859000, 30211, 0, 0
859000, 13133, 1, 0
860000, 30529, 0, 0
860000, 13200, 1, 0
861000, 30731, 0, 0
861000, 12965, 1, 0
862000, 30351, 0, 0
862000, 13342, 1, 0
863000, 30607, 0, 0
863000, 13216, 1, 0
864000, 30607, 0, 0
864000, 13176, 1, 0
865000, 30754, 0, 0
865000, 13126, 1, 0
866000, 30592, 0, 0
866000, 13144, 1, 0
867000, 30518, 0, 0
867000, 13192, 1, 0
868000, 30574, 0, 0
868000, 13090, 1, 0
869000, 30637, 0, 0
869000, 13083, 1, 0
870000, 30550, 0, 0
870000, 13217, 1, 0
871000, 30505, 0, 0
871000, 13231, 1, 0
872000, 30700, 0, 0
872000, 13124, 1, 0
873000, 30428, 0, 0
873000, 13310, 1, 0
874000, 29841, 0, 0
874000, 12992, 1, 0
875000, 29278, 0, 0
875000, 12254, 1, 0
876000, 29985, 0, 0
876000, 13257, 1, 0
877000, 30650, 0, 0
877000, 13103, 1, 0
878000, 30610, 0, 0
878000, 13198, 1, 0
879000, 30644, 0, 0
879000, 13088, 1, 0
880000, 30593, 0, 0
880000, 13146, 1, 0
881000, 30807, 0, 0
881000, 13078, 1, 0
882000, 29436, 0, 0
882000, 12691, 1, 0
883000, 29208, 0, 0
883000, 12628, 1, 0
884000, 30808, 0, 0
884000, 13248, 1, 0
885000, 30920, 0, 0
885000, 13217, 1, 0
886000, 30906, 0, 0
886000, 13127, 1, 0
887000, 30618, 0, 0
887000, 13313, 1, 0
888000, 30790, 0, 0
888000, 13343, 1, 0
889000, 30881, 0, 0
889000, 13138, 1, 0
890000, 30783, 0, 0
890000, 13216, 1, 0
891000, 30811, 0, 0
891000, 13099, 1, 0
892000, 29342, 0, 0
892000, 12682, 1, 0
893000, 30582, 0, 0
893000, 12943, 1, 0
894000, 30841, 0, 0
894000, 12904, 1, 0
895000, 30769, 0, 0
895000, 12971, 1, 0
896000, 30461, 0, 0
896000, 13215, 1, 0
897000, 30636, 0, 0
897000, 12918, 1, 0
898000, 30511, 0, 0
898000, 12970, 1, 0
899000, 30279, 0, 0
899000, 13090, 1, 0
900000, 30407, 0, 0
900000, 13078, 1, 0
901000, 30243, 0, 0
901000, 13247, 1, 0
902000, 30133, 0, 0
902000, 13020, 1, 0
903000, 28955, 0, 0
903000, 12621, 1, 0
904000, 30223, 0, 0
904000, 12804, 1, 0
905000, 30756, 0, 0
905000, 13242, 1, 0
906000, 30707, 0, 0
906000, 13209, 1, 0
907000, 30837, 0, 0
907000, 13130, 1, 0
908000, 30760, 0, 0
908000, 13126, 1, 0
909000, 30879, 0, 0
909000, 13122, 1, 0
910000, 30801, 0, 0
910000, 13148, 1, 0
911000, 30799, 0, 0
911000, 13242, 1, 0
912000, 30713, 0, 0
912000, 13291, 1, 0
913000, 30791, 0, 0
913000, 13162, 1, 0
914000, 30424, 0, 0
914000, 13309, 1, 0
915000, 30737, 0, 0
915000, 13215, 1, 0
916000, 30771, 0, 0
916000, 13189, 1, 0
917000, 30857, 0, 0
917000, 13221, 1, 0
918000, 30844, 0, 0
918000, 13072, 1, 0
919000, 30849, 0, 0
919000, 13074, 1, 0
920000, 30802, 0, 0
920000, 13201, 1, 0
921000, 30754, 0, 0
921000, 13145, 1, 0
922000, 30942, 0, 0
922000, 13070, 1, 0
923000, 30621, 0, 0
923000, 13184, 1, 0
924000, 29491, 0, 0
924000, 12707, 1, 0
925000, 29168, 0, 0
925000, 12631, 1, 0
926000, 30262, 0, 0
926000, 13016, 1, 0
927000, 30457, 0, 0
927000, 12934, 1, 0
928000, 30444, 0, 0
928000, 13018, 1, 0
929000, 30498, 0, 0
929000, 13032, 1, 0
930000, 30524, 0, 0
930000, 13071, 1, 0
931000, 30364, 0, 0
931000, 13110, 1, 0
932000, 30585, 0, 0
932000, 13011, 1, 0
933000, 30517, 0, 0
933000, 12992, 1, 0
934000, 30450, 0, 0
934000, 13059, 1, 0
935000, 30292, 0, 0
935000, 13111, 1, 0
936000, 29914, 0, 0
936000, 12806, 1, 0
937000, 28133, 0, 0
937000, 12191, 1, 0
938000, 29031, 0, 0
938000, 12525, 1, 0
939000, 30749, 0, 0
939000, 13059, 1, 0
940000, 30749, 0, 0
940000, 13124, 1, 0
941000, 30660, 0, 0
941000, 13187, 1, 0
942000, 30574, 0, 0
942000, 13156, 1, 0
943000, 30767, 0, 0
943000, 13007, 1, 0
944000, 30683, 0, 0
944000, 13013, 1, 0
945000, 30680, 0, 0
945000, 13139, 1, 0
946000, 30688, 0, 0
946000, 13141, 1, 0
947000, 30602, 0, 0
947000, 13265, 1, 0
948000, 30813, 0, 0
948000, 12900, 1, 0
949000, 30658, 0, 0
949000, 13091, 1, 0
950000, 29892, 0, 0
950000, 12735, 1, 0
951000, 30795, 0, 0
951000, 12961, 1, 0
952000, 30092, 0, 0
952000, 12934, 1, 0
953000, 28850, 0, 0
953000, 12407, 1, 0
954000, 29471, 0, 0
954000, 12665, 1, 0
955000, 30429, 0, 0
955000, 12883, 1, 0
956000, 30083, 0, 0
956000, 12818, 1, 0
957000, 29439, 0, 0
957000, 12781, 1, 0
958000, 30517, 0, 0
958000, 13309, 1, 0
959000, 30704, 0, 0
959000, 13006, 1, 0
960000, 30714, 0, 0
960000, 13103, 1, 0
961000, 30585, 0, 0
961000, 13289, 1, 0
962000, 30447, 0, 0
962000, 13004, 1, 0
963000, 30442, 0, 0
963000, 12969, 1, 0
964000, 30390, 0, 0
964000, 13023, 1, 0
965001, 30530, 0, 0
965001, 12951, 1, 0
966000, 30361, 0, 0
966000, 12762, 1, 0
967000, 30172, 0, 0
967000, 13188, 1, 0
968000, 29489, 0, 0
968000, 12723, 1, 0
969000, 30368, 0, 0
969000, 12680, 1, 0
970000, 30618, 0, 0
970000, 13185, 1, 0
971000, 30898, 0, 0
971000, 12983, 1, 0
972000, 30637, 0, 0
972000, 13204, 1, 0
973000, 30650, 0, 0
973000, 13208, 1, 0
974000, 30615, 0, 0
974000, 13209, 1, 0
975000, 30761, 0, 0
975000, 13083, 1, 0
976000, 30786, 0, 0
976000, 13117, 1, 0
977000, 30866, 0, 0
977000, 13001, 1, 0
978000, 30558, 0, 0
978000, 13195, 1, 0
979000, 30578, 0, 0
979000, 13246, 1, 0
980000, 30889, 0, 0
980000, 12889, 1, 0
981000, 30609, 0, 0
981000, 13122, 1, 0
982000, 30612, 0, 0
982000, 13195, 1, 0
983000, 30651, 0, 0
983000, 13166, 1, 0
984000, 30693, 0, 0
984000, 13077, 1, 0
985000, 29830, 0, 0
985000, 12602, 1, 0
986000, 29315, 0, 0
986000, 12498, 1, 0
987000, 30358, 0, 0
987000, 13164, 1, 0
988000, 30290, 0, 0
988000, 13089, 1, 0
989000, 30609, 0, 0
989000, 13134, 1, 0
990000, 30644, 0, 0
990000, 13125, 1, 0
991000, 30643, 0, 0
991000, 13153, 1, 0
992000, 30601, 0, 0
992000, 12957, 1, 0
993000, 30249, 0, 0
993000, 13120, 1, 0
994000, 30524, 0, 0
994000, 13005, 1, 0
995000, 30332, 0, 0
995000, 13053, 1, 0
996000, 30515, 0, 0
996000, 12851, 1, 0
997000, 30541, 0, 0
997000, 13045, 1, 0
998000, 30552, 0, 0
998000, 13040, 1, 0
999000, 30451, 0, 0
999000, 12976, 1, 0
1000000, 30268, 0, 0
1000000, 12860, 1, 0
1001000, 29068, 0, 0
1001000, 12256, 1, 0
1002000, 30250, 0, 0
1002000, 13018, 1, 0
1003000, 30495, 0, 0
1003000, 12875, 1, 0
1004000, 30325, 0, 0
1004000, 13100, 1, 0
1005000, 30448, 0, 0
1005000, 12999, 1, 0
1006000, 30465, 0, 0
1006000, 12971, 1, 0
1007000, 30596, 0, 0
1007000, 12887, 1, 0
1008000, 30167, 0, 0
1008000, 13053, 1, 0
1009000, 28989, 0, 0
1009000, 12360, 1, 0
1010000, 29855, 0, 0
1010000, 12895, 1, 0
1011000, 30754, 0, 0
1011000, 13088, 1, 0
1012000, 29606, 0, 0
1012000, 12589, 1, 0
1013000, 29167, 0, 0
1013000, 12405, 1, 0
1014000, 30212, 0, 0
1014000, 12939, 1, 0
1015001, 30914, 0, 0
1015001, 13070, 1, 0
1016000, 30836, 0, 0
1016000, 13135, 1, 0
1017000, 30887, 0, 0
1017000, 13114, 1, 0
1018000, 30946, 0, 0
1018000, 13202, 1, 0
1019000, 30832, 0, 0
1019000, 13256, 1, 0
1020000, 30463, 0, 0
1020000, 13151, 1, 0
1021000, 30698, 0, 0
1021000, 13310, 1, 0
1022000, 28931, 0, 0
1022000, 12513, 1, 0
1023000, 29432, 0, 0
1023000, 12792, 1, 0
1024000, 30550, 0, 0
1024000, 13236, 1, 0
1025000, 30871, 0, 0
1025000, 13175, 1, 0
1026000, 30582, 0, 0
1026000, 13116, 1, 0
1027000, 30551, 0, 0
1027000, 13236, 1, 0
1028000, 30577, 0, 0
1028000, 13144, 1, 0
1029000, 30872, 0, 0
1029000, 13260, 1, 0
1030000, 30557, 0, 0
1030000, 13057, 1, 0
1031000, 30646, 0, 0
1031000, 13116, 1, 0
1032000, 30414, 0, 0
1032000, 13192, 1, 0
1033000, 29748, 0, 0
1033000, 12402, 1, 0
1034000, 28987, 0, 0
1034000, 12604, 1, 0
1035000, 29856, 0, 0
1035000, 12755, 1, 0
1036000, 30802, 0, 0
1036000, 13047, 1, 0
1037000, 30788, 0, 0
1037000, 13089, 1, 0
1038000, 30859, 0, 0
1038000, 12963, 1, 0
1039000, 29122, 0, 0
1039000, 12515, 1, 0
1040000, 29519, 0, 0
1040000, 12556, 1, 0
1041000, 29961, 0, 0
1041000, 12984, 1, 0
1042000, 29130, 0, 0
1042000, 12474, 1, 0
1043000, 30002, 0, 0
1043000, 12697, 1, 0
1044000, 30007, 0, 0
1044000, 12952, 1, 0
1045000, 30550, 0, 0
1045000, 13147, 1, 0
1046000, 30104, 0, 0
1046000, 12804, 1, 0
1047000, 29175, 0, 0
1047000, 12540, 1, 0
1048000, 29466, 0, 0
1048000, 12526, 1, 0
1049000, 30828, 0, 0
1049000, 13307, 1, 0
1050000, 31043, 0, 0
1050000, 13227, 1, 0
1051000, 30801, 0, 0
1051000, 13139, 1, 0
1052000, 30906, 0, 0
1052000, 13221, 1, 0
1053000, 30830, 0, 0
1053000, 13250, 1, 0
1054000, 30178, 0, 0
1054000, 12975, 1, 0
1055000, 29961, 0, 0
1055000, 12729, 1, 0
1056000, 30320, 0, 0
1056000, 12929, 1, 0
1057000, 30847, 0, 0
1057000, 12804, 1, 0
1058000, 30952, 0, 0
1058000, 12974, 1, 0
1059000, 30891, 0, 0
1059000, 13266, 1, 0
1060000, 31133, 0, 0
1060000, 13194, 1, 0
1061000, 30881, 0, 0
1061000, 13256, 1, 0
1062000, 30990, 0, 0
1062000, 13079, 1, 0
1063000, 30884, 0, 0
1063000, 13075, 1, 0
1064000, 30865, 0, 0
1064000, 13224, 1, 0
1065000, 30678, 0, 0
1065000, 13340, 1, 0
1066000, 30173, 0, 0
1066000, 13009, 1, 0
1067000, 29152, 0, 0
1067000, 12713, 1, 0
1068000, 30837, 0, 0
1068000, 13134, 1, 0
1069000, 30582, 0, 0
1069000, 13298, 1, 0
1070000, 30815, 0, 0
1070000, 13075, 1, 0
1071000, 30747, 0, 0
1071000, 13153, 1, 0
1072000, 30727, 0, 0
1072000, 13196, 1, 0
1073000, 30645, 0, 0
1073000, 13269, 1, 0
1074000, 30541, 0, 0
1074000, 12829, 1, 0
1075000, 29053, 0, 0
1075000, 12504, 1, 0
1076000, 30420, 0, 0
1076000, 13212, 1, 0
1077000, 30758, 0, 0
1077000, 13324, 1, 0
1078000, 30900, 0, 0
1078000, 13175, 1, 0
1079000, 30671, 0, 0
1079000, 13397, 1, 0
1080000, 30928, 0, 0
1080000, 13149, 1, 0
1081000, 30848, 0, 0
1081000, 13226, 1, 0
1082000, 30978, 0, 0
1082000, 13199, 1, 0
1083000, 30900, 0, 0
1083000, 13183, 1, 0
1084000, 30831, 0, 0
1084000, 13263, 1, 0
1085000, 30852, 0, 0
1085000, 13189, 1, 0
1086000, 30971, 0, 0
1086000, 13102, 1, 0
1087000, 30944, 0, 0
1087000, 13083, 1, 0
1088000, 30883, 0, 0
1088000, 13251, 1, 0
1089000, 30856, 0, 0
1089000, 13199, 1, 0
1090000, 30920, 0, 0
1090000, 13221, 1, 0
1091000, 30924, 0, 0
1091000, 13209, 1, 0
1092000, 30938, 0, 0
1092000, 13157, 1, 0
1093000, 30753, 0, 0
1093000, 13402, 1, 0
1094000, 30934, 0, 0
1094000, 13231, 1, 0
1095000, 29220, 0, 0
1095000, 12498, 1, 0
1096000, 30747, 0, 0
1096000, 13197, 1, 0
1097000, 30731, 0, 0
1097000, 13147, 1, 0
1098000, 30804, 0, 0
1098000, 13214, 1, 0
1099000, 30753, 0, 0
1099000, 13105, 1, 0
1100000, 30750, 0, 0
1100000, 13288, 1, 0
1101000, 30667, 0, 0
1101000, 13273, 1, 0
1102000, 30750, 0, 0
1102000, 13199, 1, 0
1103000, 30609, 0, 0
1103000, 13299, 1, 0
1104000, 30782, 0, 0
1104000, 13193, 1, 0
1105000, 30677, 0, 0
1105000, 13246, 1, 0
1106000, 30830, 0, 0
1106000, 13060, 1, 0
1107000, 30690, 0, 0
1107000, 13262, 1, 0
1108000, 30844, 0, 0
1108000, 13072, 1, 0
1109000, 30673, 0, 0
1109000, 13307, 1, 0
1110000, 30431, 0, 0
1110000, 13048, 1, 0
1111000, 29155, 0, 0
1111000, 12541, 1, 0
1112000, 31059, 0, 0
1112000, 13058, 1, 0
1113000, 30770, 0, 0
1113000, 13358, 1, 0
1114000, 30938, 0, 0
1114000, 13177, 1, 0
1115000, 30691, 0, 0
1115000, 13369, 1, 0
1116000, 30634, 0, 0
1116000, 13342, 1, 0
1117000, 29295, 0, 0
1117000, 12502, 1, 0
1118000, 29073, 0, 0
1118000, 12433, 1, 0
1119000, 30272, 0, 0
1119000, 12773, 1, 0
1120000, 30551, 0, 0
1120000, 13107, 1, 0
1121000, 30748, 0, 0
1121000, 13375, 1, 0
1122000, 30912, 0, 0
1122000, 13125, 1, 0
1123000, 30767, 0, 0
1123000, 13311, 1, 0
1124000, 30888, 0, 0
1124000, 13176, 1, 0
1125000, 31095, 0, 0
1125000, 13119, 1, 0
1126000, 31001, 0, 0
1126000, 13093, 1, 0
1127000, 30899, 0, 0
1127000, 13193, 1, 0
1128000, 30756, 0, 0
1128000, 13255, 1, 0
1129000, 30934, 0, 0
1129000, 13162, 1, 0
1130000, 30754, 0, 0
1130000, 13473, 1, 0
1131000, 30909, 0, 0
1131000, 13168, 1, 0
1132000, 30934, 0, 0
1132000, 13250, 1, 0
1133000, 29348, 0, 0
1133000, 12526, 1, 0
1134000, 28921, 0, 0
1134000, 12405, 1, 0
1135000, 28979, 0, 0
1135000, 12317, 1, 0
1136000, 29900, 0, 0
1136000, 12742, 1, 0
1137000, 27993, 0, 0
1137000, 11890, 1, 0
1138000, 29280, 0, 0
1138000, 12539, 1, 0
1139000, 28994, 0, 0
1139000, 12449, 1, 0
1140000, 29069, 0, 0
1140000, 12479, 1, 0
1141000, 30624, 0, 0
1141000, 13286, 1, 0
1142000, 30680, 0, 0
1142000, 13282, 1, 0
1143000, 30815, 0, 0
1143000, 13137, 1, 0
1144000, 30625, 0, 0
1144000, 13267, 1, 0
1145000, 30671, 0, 0
1145000, 13313, 1, 0
1146000, 30514, 0, 0
1146000, 12919, 1, 0
1147000, 29478, 0, 0
1147000, 12664, 1, 0
1148000, 30694, 0, 0
1148000, 13137, 1, 0
1149000, 30602, 0, 0
1149000, 13317, 1, 0
1150000, 30578, 0, 0
1150000, 13244, 1, 0
1151000, 30657, 0, 0
1151000, 13106, 1, 0
1152000, 30722, 0, 0
1152000, 13212, 1, 0
1153000, 30453, 0, 0
1153000, 13417, 1, 0
1154000, 30518, 0, 0
1154000, 13410, 1, 0
1155000, 30691, 0, 0
1155000, 13297, 1, 0
1156000, 30492, 0, 0
1156000, 13042, 1, 0
1157000, 29254, 0, 0
1157000, 12244, 1, 0
1158000, 30169, 0, 0
1158000, 13137, 1, 0
1159000, 30515, 0, 0
1159000, 13294, 1, 0
1160000, 30778, 0, 0
1160000, 13005, 1, 0
1161000, 30570, 0, 0
1161000, 13182, 1, 0
1162000, 30829, 0, 0
1162000, 13007, 1, 0
1163000, 30626, 0, 0
1163000, 13184, 1, 0
1164000, 30689, 0, 0
1164000, 13092, 1, 0
1165000, 30706, 0, 0
1165000, 13115, 1, 0
1166000, 30755, 0, 0
1166000, 13084, 1, 0
1167000, 30668, 0, 0
1167000, 13025, 1, 0
1168000, 30743, 0, 0
1168000, 13133, 1, 0
1169000, 30760, 0, 0
1169000, 13187, 1, 0
1170000, 30638, 0, 0
1170000, 13248, 1, 0
1171000, 30647, 0, 0
1171000, 13392, 1, 0
1172000, 30641, 0, 0
1172000, 13259, 1, 0
1173000, 30824, 0, 0
1173000, 13162, 1, 0
1174000, 30783, 0, 0
1174000, 13103, 1, 0
1175000, 30714, 0, 0
1175000, 13288, 1, 0
1176000, 30751, 0, 0
1176000, 13119, 1, 0
1177000, 30681, 0, 0
1177000, 13252, 1, 0
1178000, 30718, 0, 0
1178000, 13158, 1, 0
1179000, 29601, 0, 0
1179000, 12398, 1, 0
1180000, 30515, 0, 0
1180000, 12840, 1, 0
1181000, 30451, 0, 0
1181000, 13353, 1, 0
1182000, 30680, 0, 0
1182000, 13157, 1, 0
1183000, 30788, 0, 0
1183000, 13073, 1, 0
1184000, 30650, 0, 0
1184000, 13307, 1, 0
1185000, 30239, 0, 0
1185000, 12824, 1, 0
1186000, 30612, 0, 0
1186000, 13261, 1, 0
1187000, 30643, 0, 0
1187000, 13337, 1, 0
1188000, 30621, 0, 0
1188000, 13275, 1, 0
1189000, 30620, 0, 0
1189000, 13174, 1, 0
1190000, 30831, 0, 0
1190000, 12912, 1, 0
1191000, 30836, 0, 0
1191000, 13186, 1, 0
1192000, 30655, 0, 0
1192000, 13254, 1, 0
1193000, 30835, 0, 0
1193000, 13096, 1, 0
1194000, 30575, 0, 0
1194000, 13354, 1, 0
1195000, 30671, 0, 0
1195000, 13242, 1, 0
1196000, 30719, 0, 0
1196000, 13156, 1, 0
1197000, 30652, 0, 0
1197000, 13242, 1, 0
1198000, 30753, 0, 0
1198000, 13180, 1, 0
1199000, 29421, 0, 0
1199000, 12704, 1, 0
