1000, 196544, 0, 0
1000, 180100, 1, 0
2000, 180970, 1, 0
2000, 198969, 0, 0
3000, 205418, 0, 0
3000, 186686, 1, 0
4000, 207978, 0, 0
4001, 187006, 1, 0
5000, 184513, 1, 0
5000, 202733, 0, 0
6000, 194143, 0, 0
6000, 174539, 1, 0
7000, 178140, 1, 0
7000, 195741, 0, 0
8000, 196828, 0, 0
8000, 177828, 1, 0
9000, 200952, 0, 0
9000, 171919, 1, 0
10000, 202394, 0, 0
10000, 174972, 1, 0
11000, 152676, 0, 0
11000, 120326, 1, 0
12000, 198913, 0, 0
12000, 172627, 1, 0
13000, 202623, 0, 0
13001, 173050, 1, 0
14000, 202005, 0, 0
14000, 172852, 1, 0
15000, 181590, 1, 0
15000, 209242, 0, 0
16000, 184902, 1, 0
16000, 197885, 0, 0
17000, 140929, 1, 0
17000, 174301, 0, 0
18000, 164612, 1, 0
18000, 202953, 0, 0
19000, 196508, 0, 0
19000, 160126, 1, 0
20000, 180491, 0, 0
20000, 136757, 1, 0
21000, 205904, 0, 0
21000, 166539, 1, 0
22000, 167061, 1, 0
22000, 202758, 0, 0
23000, 198069, 0, 0
23001, 153721, 1, 0
24000, 202941, 0, 0
24000, 166003, 1, 0
25000, 202869, 0, 0
25000, 170201, 1, 0
26000, 190170, 0, 0
26000, 168646, 1, 0
27000, 198376, 0, 0
27000, 158573, 1, 0
28000, 194614, 0, 0
28000, 160461, 1, 0
29000, 170794, 1, 0
29000, 205916, 0, 0
30000, 159331, 0, 0
30000, 163975, 1, 0
31000, 197259, 0, 0
31000, 160197, 1, 0
32000, 196894, 0, 0
32000, 159169, 1, 0
33000, 205032, 0, 0
33000, 166082, 1, 0
34000, 203396, 0, 0
34000, 164944, 1, 0
35000, 155800, 1, 0
35000, 192647, 0, 0
36000, 194949, 0, 0
36000, 158651, 1, 0
37000, 191718, 0, 0
37000, 167428, 1, 0
38000, 199540, 0, 0
38001, 160977, 1, 0
39000, 106360, 1, 0
39000, 137504, 0, 0
40000, 194452, 0, 0
40000, 170843, 1, 0
41000, 204941, 0, 0
41000, 164093, 1, 0
42000, 202930, 0, 0
42000, 160657, 1, 0
43000, 161526, 0, 0
43000, 120952, 1, 0
44000, 111264, 1, 0
44000, 158040, 0, 0
45000, 198240, 0, 0
45000, 163230, 1, 0
46000, 164561, 1, 0
46000, 200787, 0, 0
47000, 194522, 0, 0
47000, 152198, 1, 0
48000, 163257, 1, 0
48000, 204656, 0, 0
49000, 140243, 1, 0
49000, 179872, 0, 0
50000, 157306, 0, 0
50000, 121335, 1, 0
51000, 125739, 0, 0
51001, 87582, 1, 0
52000, 32385, 1, 0
52000, 81703, 0, 0
53000, 202090, 0, 0
53000, 166490, 1, 0
54000, 134691, 0, 0
54000, 102587, 1, 0
55000, 202251, 0, 0
55000, 164660, 1, 0
56000, 210720, 0, 0
56000, 171339, 1, 0
57000, 205018, 0, 0
57000, 167410, 1, 0
58000, 201159, 0, 0
58001, 166166, 1, 0
59000, 198439, 0, 0
59000, 155734, 1, 0
60000, 204528, 0, 0
60000, 168416, 1, 0
61000, 200723, 0, 0
61000, 168546, 1, 0
62000, 205272, 0, 0
62000, 165740, 1, 0
63000, 162625, 1, 0
63000, 203326, 0, 0
64000, 200037, 0, 0
64000, 161745, 1, 0
65000, 181660, 0, 0
65000, 143931, 1, 0
66000, 99696, 0, 0
66000, 52541, 1, 0
67000, 157313, 1, 0
67000, 197435, 0, 0
68000, 203948, 0, 0
68000, 164574, 1, 0
69000, 97499, 1, 0
69000, 138645, 0, 0
70000, 164530, 1, 0
70000, 204613, 0, 0
71000, 159649, 1, 0
71000, 194334, 0, 0
72000, 202501, 0, 0
72001, 162015, 1, 0
73000, 163213, 1, 0
73000, 204340, 0, 0
74000, 94840, 0, 0
74000, 49897, 1, 0
75000, 99579, 0, 0
75000, 57748, 1, 0
76000, 205811, 0, 0
76000, 164450, 1, 0
77000, 165479, 1, 0
77000, 203148, 0, 0
78000, 197409, 0, 0
78001, 164811, 1, 0
79000, 196808, 0, 0
79000, 158980, 1, 0
80000, 208146, 0, 0
80001, 165277, 1, 0
81000, 204488, 0, 0
81004, 164217, 1, 0
82000, 159500, 1, 0
82000, 195680, 0, 0
83000, 202990, 0, 0
83000, 160487, 1, 0
84000, 203728, 0, 0
84000, 161888, 1, 0
85000, 165969, 1, 0
85000, 204392, 0, 0
86000, 204454, 0, 0
86000, 170643, 1, 0
87000, 198692, 0, 0
87000, 165258, 1, 0
88000, 201837, 0, 0
88000, 166472, 1, 0
89000, 200828, 0, 0
89000, 160255, 1, 0
90000, 198298, 0, 0
90000, 161713, 1, 0
91000, 202641, 0, 0
91001, 160822, 1, 0
92000, 205949, 0, 0
92001, 169120, 1, 0
93000, 199982, 0, 0
93000, 165231, 1, 0
94000, 203412, 0, 0
94000, 164227, 1, 0
95000, 193663, 0, 0
95000, 162694, 1, 0
96000, 152479, 1, 0
96000, 184067, 0, 0
97000, 61432, 1, 0
97000, 106769, 0, 0
98000, 161133, 1, 0
98000, 183323, 0, 0
99000, 137889, 1, 0
99001, 154624, 0, 0
100000, 201914, 0, 0
100001, 170636, 1, 0
101000, 202264, 0, 0
101001, 166856, 1, 0
102000, 198143, 0, 0
102000, 174454, 1, 0
103000, 187612, 0, 0
103000, 151014, 1, 0
104000, 199103, 0, 0
104000, 159483, 1, 0
105001, 202374, 0, 0
105001, 168279, 1, 0
106000, 166022, 1, 0
106000, 200711, 0, 0
107000, 199209, 0, 0
107000, 160993, 1, 0
108000, 202636, 0, 0
108002, 164981, 1, 0
109000, 170188, 1, 0
109000, 203639, 0, 0
110000, 201416, 0, 0
110001, 162283, 1, 0
111000, 207067, 0, 0
111000, 162249, 1, 0
112000, 106725, 1, 0
112000, 154296, 0, 0
113000, 112119, 0, 0
113000, 62791, 1, 0
114000, 207816, 0, 0
114000, 166187, 1, 0
115000, 183056, 0, 0
115000, 154388, 1, 0
116000, 211680, 0, 0
116001, 169488, 1, 0
117000, 90722, 0, 0
117000, 47037, 1, 0
118000, 166025, 1, 0
118000, 207735, 0, 0
119000, 201601, 0, 0
119000, 161964, 1, 0
120000, 156328, 0, 0
120003, 113021, 1, 0
121000, 203785, 0, 0
121000, 164843, 1, 0
122000, 204550, 0, 0
122000, 166868, 1, 0
123000, 91296, 1, 0
123000, 127329, 0, 0
124000, 75467, 0, 0
124000, 27344, 1, 0
125000, 203539, 0, 0
125000, 168788, 1, 0
126000, 162958, 1, 0
126000, 202272, 0, 0
127000, 197447, 0, 0
127000, 157791, 1, 0
128000, 165118, 1, 0
128000, 204229, 0, 0
129000, 203410, 0, 0
129000, 170984, 1, 0
130000, 203775, 0, 0
130002, 172031, 1, 0
131000, 193513, 0, 0
131000, 162899, 1, 0
132000, 197687, 0, 0
132001, 155896, 1, 0
133000, 205779, 0, 0
133000, 166205, 1, 0
134000, 167889, 1, 0
134000, 205829, 0, 0
135000, 95787, 0, 0
135000, 46975, 1, 0
136000, 87458, 0, 0
136000, 41048, 1, 0
137000, 203334, 0, 0
137000, 166709, 1, 0
138000, 206905, 0, 0
138000, 169850, 1, 0
139000, 197693, 0, 0
139001, 157983, 1, 0
140000, 168782, 1, 0
140000, 210124, 0, 0
141000, 174028, 0, 0
141000, 139323, 1, 0
142000, 118720, 0, 0
142000, 91330, 1, 0
143000, 162530, 1, 0
143000, 192393, 0, 0
144000, 199334, 0, 0
144000, 171768, 1, 0
145000, 202441, 0, 0
145000, 162741, 1, 0
146000, 199681, 0, 0
146001, 160905, 1, 0
147000, 183046, 0, 0
147000, 139923, 1, 0
148000, 157409, 1, 0
148000, 196564, 0, 0
149000, 200577, 0, 0
149000, 166830, 1, 0
150000, 203591, 0, 0
150000, 165169, 1, 0
151000, 205063, 0, 0
151000, 165673, 1, 0
152000, 138923, 1, 0
152000, 172894, 0, 0
153000, 203465, 0, 0
153000, 168138, 1, 0
154000, 197884, 0, 0
154000, 158140, 1, 0
155000, 200705, 0, 0
155000, 157884, 1, 0
156000, 184666, 0, 0
156000, 141879, 1, 0
157000, 166053, 1, 0
157000, 206069, 0, 0
158000, 167761, 1, 0
158000, 206191, 0, 0
159000, 200514, 0, 0
159000, 160687, 1, 0
160000, 167035, 1, 0
160000, 204749, 0, 0
161000, 185223, 0, 0
161000, 139988, 1, 0
162000, 204765, 0, 0
162000, 163977, 1, 0
163000, 195873, 0, 0
163000, 157757, 1, 0
164000, 201270, 0, 0
164000, 162387, 1, 0
165000, 205628, 0, 0
165000, 169345, 1, 0
166000, 206732, 0, 0
166000, 172670, 1, 0
167000, 127600, 1, 0
167000, 169695, 0, 0
168000, 201658, 0, 0
168000, 160840, 1, 0
169000, 214590, 0, 0
169000, 175780, 1, 0
170000, 208351, 0, 0
170000, 169774, 1, 0
171000, 101792, 1, 0
171000, 138208, 0, 0
172000, 176217, 0, 0
172000, 136490, 1, 0
173000, 110897, 1, 0
173000, 152906, 0, 0
174000, 102077, 0, 0
174000, 62618, 1, 0
175000, 49333, 1, 0
175000, 103510, 0, 0
176000, 191519, 1, 0
176000, 170487, 0, 0
177000, 209645, 1, 0
177000, 197724, 0, 0
178000, 178214, 1, 0
178000, 151606, 0, 0
179000, 172097, 0, 0
179001, 191257, 1, 0
180000, 183194, 0, 0
180000, 199128, 1, 0
181000, 141200, 0, 0
181000, 103026, 1, 0
182000, 172250, 1, 0
182000, 139313, 0, 0
183000, 176521, 1, 0
183000, 146608, 0, 0
184000, 183936, 0, 0
184001, 198111, 1, 0
185000, 206783, 1, 0
185000, 197942, 0, 0
186000, 199125, 0, 0
186001, 207193, 1, 0
187000, 192686, 1, 0
187000, 169404, 0, 0
188000, 134811, 0, 0
188000, 151990, 1, 0
189000, 196726, 0, 0
189000, 201681, 1, 0
190000, 203758, 1, 0
190000, 197828, 0, 0
191000, 164382, 0, 0
191000, 190730, 1, 0
192000, 117272, 1, 0
192000, 116014, 0, 0
193000, 128034, 0, 0
193002, 104489, 1, 0
194000, 127107, 0, 0
194000, 106923, 1, 0
195000, 172661, 0, 0
195000, 183703, 1, 0
196000, 182987, 1, 0
196000, 157545, 0, 0
197000, 197270, 0, 0
197001, 202229, 1, 0
198000, 196836, 0, 0
198000, 207684, 1, 0
199000, 166081, 0, 0
199000, 190528, 1, 0
200000, 182043, 0, 0
200000, 198762, 1, 0
201000, 152728, 0, 0
201000, 121005, 1, 0
202000, 100502, 0, 0
202000, 75453, 1, 0
203000, 178849, 1, 0
203000, 136924, 0, 0
204000, 142434, 0, 0
204000, 192460, 1, 0
205000, 196214, 1, 0
205000, 146703, 0, 0
206000, 89489, 0, 0
206000, 136098, 1, 0
207000, 119515, 0, 0
207001, 175995, 1, 0
208000, 201866, 1, 0
208000, 153402, 0, 0
209000, 154592, 0, 0
209000, 201532, 1, 0
210000, 165153, 1, 0
210000, 135555, 0, 0
211000, 173631, 1, 0
211000, 131067, 0, 0
212000, 153421, 0, 0
212000, 197684, 1, 0
213000, 140587, 0, 0
213000, 192938, 1, 0
214000, 142884, 0, 0
214000, 193730, 1, 0
215000, 189429, 1, 0
215000, 132638, 0, 0
216000, 139346, 1, 0
216000, 118732, 0, 0
217000, 191088, 1, 0
217000, 128481, 0, 0
218000, 160026, 1, 0
218000, 98297, 0, 0
219000, 143639, 0, 0
219000, 192287, 1, 0
220000, 53407, 0, 0
220000, 61260, 1, 0
221000, 146662, 0, 0
221000, 182356, 1, 0
222000, 159344, 0, 0
222001, 202754, 1, 0
223000, 184148, 1, 0
223000, 126421, 0, 0
224000, 135623, 0, 0
224000, 186713, 1, 0
225000, 154542, 0, 0
225002, 201982, 1, 0
226000, 201493, 1, 0
226000, 149188, 0, 0
227000, 192287, 1, 0
227000, 134378, 0, 0
228000, 144454, 0, 0
228000, 193685, 1, 0
229000, 157249, 0, 0
229000, 198908, 1, 0
230000, 165153, 0, 0
230000, 201688, 1, 0
231000, 193667, 1, 0
231000, 139373, 0, 0
232000, 133990, 0, 0
232002, 188645, 1, 0
233000, 158195, 0, 0
233000, 205537, 1, 0
234000, 199211, 1, 0
234000, 156315, 0, 0
235000, 191031, 1, 0
235000, 138668, 0, 0
236000, 110748, 0, 0
236000, 149204, 1, 0
237000, 101898, 0, 0
237000, 124792, 1, 0
238000, 160567, 0, 0
238000, 200507, 1, 0
239000, 108345, 0, 0
239000, 154199, 1, 0
240000, 196774, 1, 0
240000, 141869, 0, 0
241000, 152914, 0, 0
241001, 202789, 1, 0
242000, 86033, 0, 0
242000, 98435, 1, 0
243000, 125215, 0, 0
243000, 181868, 1, 0
244000, 149372, 0, 0
244000, 195833, 1, 0
245000, 154252, 0, 0
245000, 197690, 1, 0
246000, 125138, 0, 0
246000, 188128, 1, 0
247000, 123245, 0, 0
247000, 178848, 1, 0
248000, 195502, 1, 0
248000, 142784, 0, 0
249000, 109998, 0, 0
249001, 142115, 1, 0
250000, 204995, 1, 0
250000, 159067, 0, 0
251000, 137996, 1, 0
251000, 98326, 0, 0
252000, 126921, 0, 0
252000, 180057, 1, 0
253000, 203522, 1, 0
253000, 159077, 0, 0
254000, 144202, 0, 0
254000, 195624, 1, 0
255000, 102025, 0, 0
255000, 149748, 1, 0
256000, 135084, 0, 0
256000, 188336, 1, 0
257000, 205213, 1, 0
257000, 159808, 0, 0
258000, 157091, 0, 0
258000, 203806, 1, 0
259000, 193123, 1, 0
259000, 134126, 0, 0
260000, 188523, 1, 0
260000, 139137, 0, 0
261000, 155765, 0, 0
261001, 200039, 1, 0
262000, 138891, 0, 0
262000, 182732, 1, 0
263000, 121560, 0, 0
263001, 184873, 1, 0
264000, 161755, 0, 0
264000, 202611, 1, 0
265000, 155311, 0, 0
265001, 198148, 1, 0
266000, 205006, 1, 0
266000, 157302, 0, 0
267000, 104414, 0, 0
267000, 144660, 1, 0
268000, 149544, 0, 0
268000, 198304, 1, 0
269000, 163680, 0, 0
269000, 207499, 1, 0
270000, 88266, 0, 0
270000, 106966, 1, 0
271000, 133463, 0, 0
271001, 179559, 1, 0
272000, 185686, 1, 0
272000, 134577, 0, 0
273000, 202145, 1, 0
273000, 156160, 0, 0
274000, 201029, 1, 0
274000, 152094, 0, 0
275000, 187131, 1, 0
275000, 134268, 0, 0
276000, 200095, 1, 0
276000, 153597, 0, 0
277000, 128589, 0, 0
277000, 164810, 1, 0
278000, 190067, 1, 0
278000, 140158, 0, 0
279000, 172341, 1, 0
279000, 110624, 0, 0
280000, 129032, 0, 0
280000, 184292, 1, 0
281000, 142387, 0, 0
281001, 194167, 1, 0
282000, 197970, 1, 0
282000, 177022, 0, 0
283000, 172748, 1, 0
283000, 142895, 0, 0
284000, 185456, 1, 0
284000, 158922, 0, 0
285000, 160941, 0, 0
285002, 182049, 1, 0
286000, 194308, 1, 0
286000, 166683, 0, 0
287000, 67414, 0, 0
287000, 86806, 1, 0
288000, 187085, 1, 0
288000, 130414, 0, 0
289000, 185779, 1, 0
289000, 141630, 0, 0
290000, 182650, 1, 0
290000, 131537, 0, 0
291000, 187027, 1, 0
291000, 137636, 0, 0
292000, 144451, 0, 0
292000, 193663, 1, 0
293000, 194081, 1, 0
293000, 143929, 0, 0
294000, 140583, 0, 0
294000, 185737, 1, 0
295000, 170801, 1, 0
295000, 119438, 0, 0
296000, 149612, 0, 0
296000, 195412, 1, 0
297000, 194712, 1, 0
297000, 143289, 0, 0
298000, 84837, 0, 0
298000, 105718, 1, 0
299000, 113786, 1, 0
299000, 82582, 0, 0
300000, 189989, 1, 0
300000, 142144, 0, 0
301000, 85859, 1, 0
301000, 76004, 0, 0
302000, 190363, 1, 0
302000, 146793, 0, 0
303000, 187495, 1, 0
303000, 131600, 0, 0
304000, 131263, 0, 0
304000, 190358, 1, 0
305000, 190700, 1, 0
305000, 150782, 0, 0
306000, 183777, 1, 0
306000, 127952, 0, 0
307000, 133056, 0, 0
307000, 187962, 1, 0
308000, 140765, 0, 0
308000, 171601, 1, 0
309000, 182262, 0, 0
309000, 196963, 1, 0
310000, 176005, 0, 0
310000, 186448, 1, 0
311000, 178688, 1, 0
311000, 154404, 0, 0
312000, 126271, 0, 0
312000, 160632, 1, 0
313000, 189184, 1, 0
313000, 164415, 0, 0
314000, 195235, 1, 0
314000, 175436, 0, 0
315000, 175384, 1, 0
315000, 139947, 0, 0
316000, 155673, 0, 0
316000, 184354, 1, 0
317000, 113132, 0, 0
317000, 61659, 1, 0
318000, 186246, 1, 0
318000, 164901, 0, 0
319000, 120922, 0, 0
319001, 160367, 1, 0
320000, 167451, 0, 0
320000, 186463, 1, 0
321000, 178885, 1, 0
321000, 147225, 0, 0
322000, 159288, 0, 0
322000, 190908, 1, 0
323000, 135878, 0, 0
323000, 169553, 1, 0
324000, 149052, 0, 0
324000, 179678, 1, 0
325000, 102149, 0, 0
325000, 69958, 1, 0
326000, 60828, 1, 0
326000, 111077, 0, 0
327000, 142809, 0, 0
327000, 172234, 1, 0
328000, 169135, 0, 0
328000, 189803, 1, 0
329000, 193753, 1, 0
329000, 177271, 0, 0
330000, 178256, 0, 0
330000, 195399, 1, 0
331000, 153632, 0, 0
331000, 177197, 1, 0
332000, 167558, 1, 0
332000, 133388, 0, 0
333000, 165977, 0, 0
333000, 189552, 1, 0
334000, 162279, 1, 0
334000, 140778, 0, 0
335000, 161042, 1, 0
335000, 123872, 0, 0
336000, 183869, 1, 0
336000, 161173, 0, 0
337000, 143830, 0, 0
337001, 180197, 1, 0
338000, 186780, 1, 0
338000, 160705, 0, 0
339000, 154520, 0, 0
339000, 186400, 1, 0
340000, 105487, 1, 0
340000, 105471, 0, 0
341000, 171521, 0, 0
341001, 192224, 1, 0
342000, 191897, 1, 0
342000, 177661, 0, 0
343000, 159866, 0, 0
343000, 183183, 1, 0
344000, 150654, 0, 0
344001, 175166, 1, 0
345000, 154195, 0, 0
345000, 165992, 1, 0
346000, 140847, 0, 0
346000, 170892, 1, 0
347000, 135031, 0, 0
347000, 166665, 1, 0
348000, 136335, 0, 0
348001, 179582, 1, 0
349000, 176762, 0, 0
349000, 194508, 1, 0
350000, 193315, 0, 0
350000, 206211, 1, 0
351000, 60255, 0, 0
351001, 59013, 1, 0
352000, 138855, 0, 0
352000, 175662, 1, 0
353000, 164962, 0, 0
353000, 185389, 1, 0
354000, 158491, 1, 0
354000, 150269, 0, 0
355000, 104449, 0, 0
355000, 55385, 1, 0
356000, 59114, 1, 0
356000, 93865, 0, 0
357000, 172133, 1, 0
357000, 139035, 0, 0
358000, 198106, 1, 0
358000, 181318, 0, 0
359000, 135666, 0, 0
359000, 167443, 1, 0
360000, 144937, 0, 0
360000, 180860, 1, 0
361000, 177217, 1, 0
361000, 155679, 0, 0
362000, 147445, 0, 0
362000, 174501, 1, 0
363000, 172900, 0, 0
363002, 191668, 1, 0
364000, 133377, 0, 0
364000, 173678, 1, 0
365000, 178018, 1, 0
365000, 146194, 0, 0
366000, 79301, 1, 0
366000, 84447, 0, 0
367000, 114159, 0, 0
367000, 168197, 1, 0
368000, 54993, 0, 0
368000, 58725, 1, 0
369000, 175928, 1, 0
369000, 109990, 0, 0
370000, 93229, 0, 0
370001, 119872, 1, 0
371000, 111290, 0, 0
371000, 174079, 1, 0
372000, 120740, 0, 0
372000, 180774, 1, 0
373000, 142710, 0, 0
373000, 196617, 1, 0
374000, 83310, 0, 0
374000, 94094, 1, 0
375000, 131370, 0, 0
375000, 191134, 1, 0
376000, 182141, 1, 0
376000, 133782, 0, 0
377000, 132636, 0, 0
377000, 186157, 1, 0
378000, 159334, 0, 0
378000, 201051, 1, 0
379000, 179634, 1, 0
379000, 120837, 0, 0
380000, 146328, 0, 0
380001, 196596, 1, 0
381000, 84912, 1, 0
381000, 70786, 0, 0
382000, 194372, 1, 0
382000, 140750, 0, 0
383000, 88460, 0, 0
383000, 138462, 1, 0
384000, 137808, 0, 0
384000, 195112, 1, 0
385000, 126930, 0, 0
385000, 183712, 1, 0
386000, 113415, 0, 0
386000, 170057, 1, 0
387000, 120771, 0, 0
387000, 181132, 1, 0
388000, 107475, 0, 0
388000, 170013, 1, 0
389000, 124600, 0, 0
389000, 182978, 1, 0
390000, 194395, 1, 0
390000, 143277, 0, 0
391000, 128086, 0, 0
391000, 176438, 1, 0
392000, 192058, 1, 0
392000, 143022, 0, 0
393000, 116678, 0, 0
393000, 151301, 1, 0
394000, 201504, 1, 0
394000, 150217, 0, 0
395000, 142962, 0, 0
395000, 191122, 1, 0
396000, 51472, 1, 0
396000, 54430, 0, 0
397000, 121242, 0, 0
397000, 170271, 1, 0
398000, 59745, 0, 0
398000, 63963, 1, 0
399000, 63081, 0, 0
399001, 85892, 1, 0
400000, 142025, 0, 0
400001, 189857, 1, 0
401000, 190979, 1, 0
401000, 137427, 0, 0
402000, 136737, 0, 0
402000, 188607, 1, 0
403000, 185645, 1, 0
403000, 117085, 0, 0
404000, 180577, 1, 0
404000, 140010, 0, 0
405000, 177102, 1, 0
405000, 152516, 0, 0
406000, 187406, 1, 0
406000, 166653, 0, 0
407000, 175501, 1, 0
407000, 147628, 0, 0
408000, 140305, 0, 0
408001, 173250, 1, 0
409000, 169437, 0, 0
409000, 185886, 1, 0
410000, 184624, 1, 0
410000, 155401, 0, 0
411000, 135043, 1, 0
411000, 129741, 0, 0
412000, 145977, 0, 0
412000, 181446, 1, 0
413000, 131264, 0, 0
413000, 168836, 1, 0
414000, 166424, 0, 0
414000, 192037, 1, 0
415000, 100674, 0, 0
415000, 55913, 1, 0
416000, 161387, 0, 0
416000, 186837, 1, 0
417000, 141206, 0, 0
417000, 175196, 1, 0
418000, 161068, 0, 0
418000, 184995, 1, 0
419000, 153710, 1, 0
419000, 106269, 0, 0
420000, 173863, 0, 0
420001, 190954, 1, 0
421000, 161700, 0, 0
421000, 189203, 1, 0
422000, 135658, 0, 0
422000, 173220, 1, 0
423000, 143743, 0, 0
423001, 177227, 1, 0
424000, 126345, 0, 0
424000, 170048, 1, 0
425000, 176508, 0, 0
425000, 197748, 1, 0
426000, 134894, 0, 0
426000, 172562, 1, 0
427000, 146293, 0, 0
427000, 179439, 1, 0
428000, 126786, 0, 0
428000, 95029, 1, 0
429000, 86538, 1, 0
429000, 112386, 0, 0
430000, 162394, 0, 0
430000, 192280, 1, 0
431000, 188227, 1, 0
431000, 132341, 0, 0
432000, 124252, 0, 0
432000, 181800, 1, 0
433000, 141793, 0, 0
433000, 190160, 1, 0
434000, 83110, 0, 0
434000, 113928, 1, 0
435000, 115371, 0, 0
435000, 174829, 1, 0
436000, 142878, 0, 0
436001, 193770, 1, 0
437000, 148792, 0, 0
437000, 196304, 1, 0
438000, 206824, 1, 0
438000, 156168, 0, 0
439000, 195298, 1, 0
439000, 143637, 0, 0
440000, 160097, 0, 0
440000, 204539, 1, 0
441000, 158866, 0, 0
441000, 198260, 1, 0
442000, 191442, 1, 0
442000, 146425, 0, 0
443000, 159935, 0, 0
443000, 177084, 1, 0
444000, 138865, 0, 0
444000, 109310, 1, 0
445000, 178349, 1, 0
445000, 154930, 0, 0
446000, 179691, 1, 0
446000, 173961, 0, 0
447000, 194078, 1, 0
447000, 172903, 0, 0
448000, 174117, 0, 0
448000, 194873, 1, 0
449000, 200994, 0, 0
449000, 209465, 1, 0
450000, 180788, 1, 0
450000, 155912, 0, 0
451000, 157929, 0, 0
451000, 148446, 1, 0
452000, 185302, 0, 0
452000, 195003, 1, 0
453000, 184412, 0, 0
453000, 194615, 1, 0
454000, 197733, 0, 0
454001, 204417, 1, 0
455000, 167910, 0, 0
455000, 183431, 1, 0
456000, 157238, 0, 0
456000, 180335, 1, 0
457000, 196794, 1, 0
457000, 182607, 0, 0
458000, 185841, 0, 0
458000, 196044, 1, 0
459000, 190986, 1, 0
459000, 163573, 0, 0
460000, 161755, 0, 0
460001, 189529, 1, 0
461000, 152388, 0, 0
461000, 184572, 1, 0
462000, 130692, 0, 0
462000, 184572, 1, 0
463000, 120493, 0, 0
463000, 185064, 1, 0
464000, 139974, 0, 0
464000, 192981, 1, 0
465000, 157261, 0, 0
465001, 198589, 1, 0
466000, 203889, 1, 0
466000, 162863, 0, 0
467000, 122096, 0, 0
467001, 160722, 1, 0
468000, 150372, 1, 0
468000, 106473, 0, 0
469000, 104077, 1, 0
469000, 123131, 0, 0
470000, 150289, 0, 0
470001, 180066, 1, 0
471000, 138501, 0, 0
471000, 175635, 1, 0
472000, 179182, 0, 0
472002, 197472, 1, 0
473000, 168245, 0, 0
473000, 195359, 1, 0
474000, 184030, 0, 0
474000, 201947, 1, 0
475000, 138765, 0, 0
475000, 108088, 1, 0
476000, 48037, 1, 0
476000, 105126, 0, 0
477000, 187913, 0, 0
477000, 205341, 1, 0
478000, 157843, 0, 0
478000, 180924, 1, 0
479000, 177491, 1, 0
479000, 144629, 0, 0
480000, 206332, 1, 0
480000, 199025, 0, 0
481000, 168762, 0, 0
481002, 188377, 1, 0
482000, 138102, 0, 0
482000, 168593, 1, 0
483000, 157120, 1, 0
483000, 101322, 0, 0
484000, 125621, 0, 0
484001, 187189, 1, 0
485000, 66930, 0, 0
485000, 80442, 1, 0
486000, 157572, 0, 0
486000, 198586, 1, 0
487000, 168597, 1, 0
487000, 116746, 0, 0
488000, 198679, 1, 0
488000, 154234, 0, 0
489000, 185284, 1, 0
489000, 138761, 0, 0
490000, 187341, 1, 0
490000, 170110, 0, 0
491000, 137256, 0, 0
491000, 167593, 1, 0
492000, 175555, 0, 0
492000, 195109, 1, 0
493000, 157754, 0, 0
493000, 179619, 1, 0
494000, 156478, 0, 0
494001, 163537, 1, 0
495000, 130251, 0, 0
495000, 169822, 1, 0
496000, 171510, 0, 0
496000, 186916, 1, 0
497000, 182031, 0, 0
497000, 199785, 1, 0
498000, 167885, 1, 0
498000, 161208, 0, 0
499000, 177552, 1, 0
499000, 145865, 0, 0
500000, 124341, 0, 0
500000, 163463, 1, 0
501000, 151086, 0, 0
501000, 174757, 1, 0
502000, 139502, 0, 0
502000, 189052, 1, 0
503000, 123391, 0, 0
503000, 180910, 1, 0
504000, 84265, 0, 0
504000, 101740, 1, 0
505000, 103987, 0, 0
505000, 132107, 1, 0
506000, 152802, 0, 0
506000, 199153, 1, 0
507000, 133790, 0, 0
507000, 188735, 1, 0
508000, 131239, 0, 0
508000, 187215, 1, 0
509000, 147591, 0, 0
509001, 196798, 1, 0
510000, 163191, 0, 0
510000, 203275, 1, 0
511000, 26761, 1, 0
511000, 35500, 0, 0
512000, 186797, 1, 0
512000, 141239, 0, 0
513000, 138934, 0, 0
513000, 190264, 1, 0
514000, 137575, 0, 0
514001, 189053, 1, 0
515000, 122861, 0, 0
515001, 182812, 1, 0
516000, 159782, 0, 0
516000, 200643, 1, 0
517000, 206209, 1, 0
517000, 160161, 0, 0
518000, 158695, 0, 0
518000, 200704, 1, 0
519000, 124924, 0, 0
519000, 181683, 1, 0
520000, 140687, 0, 0
520000, 170704, 1, 0
521000, 122597, 0, 0
521001, 169492, 1, 0
522000, 133280, 0, 0
522000, 187308, 1, 0
523000, 126676, 0, 0
523000, 180280, 1, 0
524000, 113309, 0, 0
524001, 170516, 1, 0
525000, 178468, 1, 0
525000, 124714, 0, 0
526000, 120524, 0, 0
526000, 174190, 1, 0
527000, 112159, 0, 0
527001, 176831, 1, 0
528000, 176171, 1, 0
528000, 116970, 0, 0
529000, 112013, 0, 0
529000, 166122, 1, 0
530000, 134857, 0, 0
530000, 185792, 1, 0
531000, 176873, 1, 0
531000, 121892, 0, 0
532000, 151101, 0, 0
532000, 195084, 1, 0
533000, 189903, 1, 0
533000, 138400, 0, 0
534000, 135271, 0, 0
534000, 185452, 1, 0
535000, 147347, 1, 0
535000, 103370, 0, 0
536000, 149452, 0, 0
536000, 192124, 1, 0
537000, 97081, 0, 0
537001, 135885, 1, 0
538000, 181016, 1, 0
538000, 124102, 0, 0
539000, 192538, 1, 0
539000, 150520, 0, 0
540000, 154339, 0, 0
540000, 197841, 1, 0
541000, 149087, 0, 0
541000, 202641, 1, 0
542000, 176497, 1, 0
542000, 133243, 0, 0
543000, 117130, 0, 0
543000, 177890, 1, 0
544000, 69409, 0, 0
544000, 85902, 1, 0
545000, 177793, 1, 0
545000, 125725, 0, 0
546000, 129894, 0, 0
546000, 176480, 1, 0
547000, 175508, 1, 0
547000, 112556, 0, 0
548000, 137295, 0, 0
548000, 188757, 1, 0
549000, 93804, 0, 0
549000, 142188, 1, 0
550000, 132973, 0, 0
550001, 170683, 1, 0
551000, 123430, 0, 0
551000, 176188, 1, 0
552000, 135254, 0, 0
552001, 185254, 1, 0
553000, 104994, 1, 0
553000, 83084, 0, 0
554000, 36581, 0, 0
554001, 34553, 1, 0
555000, 117242, 0, 0
555001, 178501, 1, 0
556000, 139672, 0, 0
556000, 190022, 1, 0
557000, 145769, 0, 0
557000, 192972, 1, 0
558000, 199811, 1, 0
558000, 156004, 0, 0
559000, 137108, 1, 0
559000, 99084, 0, 0
560000, 136162, 0, 0
560000, 183148, 1, 0
561000, 188748, 1, 0
561000, 130539, 0, 0
562000, 140689, 0, 0
562000, 195226, 1, 0
563000, 185266, 1, 0
563000, 121315, 0, 0
564000, 110632, 0, 0
564000, 145903, 1, 0
565000, 142038, 0, 0
565000, 191191, 1, 0
566000, 168443, 0, 0
566000, 188594, 1, 0
567000, 127142, 0, 0
567000, 166860, 1, 0
568000, 126466, 0, 0
568000, 163772, 1, 0
569000, 138755, 0, 0
569001, 170099, 1, 0
570000, 169092, 0, 0
570000, 183647, 1, 0
571000, 125822, 0, 0
571000, 164927, 1, 0
572000, 168215, 0, 0
572000, 180051, 1, 0
573000, 189993, 0, 0
573000, 192340, 1, 0
574000, 173821, 0, 0
574000, 191893, 1, 0
575000, 152461, 0, 0
575000, 177659, 1, 0
576000, 164722, 0, 0
576001, 194553, 1, 0
577000, 148670, 0, 0
577000, 187734, 1, 0
578000, 152766, 0, 0
578001, 192509, 1, 0
579000, 108731, 0, 0
579000, 167403, 1, 0
580000, 149676, 0, 0
580000, 197561, 1, 0
581000, 115098, 0, 0
581000, 167340, 1, 0
582000, 124223, 0, 0
582000, 184538, 1, 0
583000, 107072, 0, 0
583000, 178160, 1, 0
584000, 145472, 0, 0
584000, 187471, 1, 0
585000, 150669, 0, 0
585000, 177617, 1, 0
586000, 175984, 1, 0
586000, 150346, 0, 0
587000, 126514, 0, 0
587000, 166191, 1, 0
588000, 188299, 1, 0
588000, 165289, 0, 0
589000, 202527, 1, 0
589000, 189373, 0, 0
590000, 134179, 0, 0
590000, 179651, 1, 0
591000, 180872, 1, 0
591000, 122324, 0, 0
592000, 158197, 0, 0
592001, 196513, 1, 0
593000, 167929, 0, 0
593000, 190259, 1, 0
594000, 191359, 1, 0
594000, 175165, 0, 0
595000, 127345, 0, 0
595000, 171920, 1, 0
596000, 170267, 0, 0
596000, 195769, 1, 0
597000, 163010, 0, 0
597001, 186649, 1, 0
598000, 165123, 0, 0
598000, 194722, 1, 0
599000, 143487, 0, 0
599001, 177184, 1, 0
600000, 174111, 0, 0
600000, 193094, 1, 0
601000, 140579, 0, 0
601000, 174459, 1, 0
602000, 194106, 1, 0
602000, 148300, 0, 0
603000, 106248, 0, 0
603002, 136614, 1, 0
604000, 48898, 1, 0
604000, 48554, 0, 0
605000, 127204, 0, 0
605000, 186912, 1, 0
606000, 125323, 1, 0
606000, 97864, 0, 0
607000, 182964, 1, 0
607000, 118138, 0, 0
608000, 145234, 0, 0
608000, 197362, 1, 0
609000, 173146, 1, 0
609000, 118893, 0, 0
610000, 139125, 0, 0
610002, 191633, 1, 0
611000, 106525, 0, 0
611000, 136981, 1, 0
612000, 76719, 0, 0
612000, 98305, 1, 0
613000, 113700, 1, 0
613000, 92779, 0, 0
614000, 149738, 0, 0
614000, 191562, 1, 0
615000, 142885, 0, 0
615000, 190919, 1, 0
616000, 154028, 0, 0
616001, 195824, 1, 0
617000, 144287, 0, 0
617000, 196124, 1, 0
618000, 146136, 0, 0
618000, 199174, 1, 0
619000, 52280, 0, 0
619001, 65380, 1, 0
620000, 200111, 1, 0
620000, 153896, 0, 0
621000, 152668, 0, 0
621000, 190313, 1, 0
622000, 197143, 1, 0
622000, 142307, 0, 0
623000, 142243, 0, 0
623000, 189528, 1, 0
624000, 196750, 1, 0
624000, 156241, 0, 0
625000, 154105, 0, 0
625001, 204058, 1, 0
626000, 179323, 1, 0
626000, 129166, 0, 0
627000, 97206, 0, 0
627000, 135263, 1, 0
628000, 96573, 0, 0
628000, 125901, 1, 0
629000, 150913, 0, 0
629000, 199927, 1, 0
630000, 199487, 1, 0
630000, 152028, 0, 0
631000, 142869, 0, 0
631000, 192609, 1, 0
632000, 194680, 1, 0
632000, 149943, 0, 0
633000, 157226, 0, 0
633000, 201662, 1, 0
634000, 162806, 0, 0
634000, 190994, 1, 0
635000, 139476, 0, 0
635000, 121188, 1, 0
636000, 169652, 1, 0
636000, 141321, 0, 0
637000, 153286, 0, 0
637001, 180258, 1, 0
638000, 182873, 1, 0
638000, 158733, 0, 0
639000, 153986, 0, 0
639001, 182897, 1, 0
640000, 209730, 1, 0
640000, 199487, 0, 0
641000, 188869, 0, 0
641003, 194713, 1, 0
642000, 201926, 0, 0
642002, 201969, 1, 0
643000, 143262, 0, 0
643000, 120513, 1, 0
644000, 73780, 1, 0
644000, 124619, 0, 0
645000, 197489, 0, 0
645000, 209856, 1, 0
646000, 194898, 0, 0
646000, 207879, 1, 0
647000, 172893, 1, 0
647000, 154891, 0, 0
648000, 162475, 0, 0
648000, 149408, 1, 0
649000, 165756, 0, 0
649003, 189385, 1, 0
650000, 201412, 1, 0
650000, 177461, 0, 0
651000, 189486, 1, 0
651000, 139886, 0, 0
652000, 188070, 1, 0
652000, 178458, 0, 0
653000, 177080, 1, 0
653000, 155048, 0, 0
654000, 195655, 0, 0
654000, 203930, 1, 0
655000, 171722, 0, 0
655000, 189385, 1, 0
656000, 197759, 1, 0
656000, 175841, 0, 0
657000, 199840, 0, 0
657000, 205330, 1, 0
658000, 196737, 0, 0
658000, 206366, 1, 0
659000, 162406, 0, 0
659000, 188387, 1, 0
660000, 169619, 0, 0
660000, 191926, 1, 0
661000, 191385, 0, 0
661000, 201697, 1, 0
662000, 207046, 1, 0
662000, 193998, 0, 0
663000, 169107, 0, 0
663000, 190167, 1, 0
664000, 179610, 0, 0
664000, 198396, 1, 0
665000, 204784, 1, 0
665000, 192716, 0, 0
666000, 201110, 0, 0
666001, 209207, 1, 0
667000, 165091, 0, 0
667000, 185966, 1, 0
668000, 198011, 0, 0
668000, 208638, 1, 0
669000, 204926, 1, 0
669000, 195827, 0, 0
670000, 201920, 1, 0
670000, 189647, 0, 0
671000, 181492, 1, 0
671000, 162473, 0, 0
672000, 174886, 0, 0
672000, 193122, 1, 0
673000, 195291, 0, 0
673000, 209037, 1, 0
674000, 199220, 0, 0
674000, 207290, 1, 0
675000, 139752, 0, 0
675002, 126384, 1, 0
676000, 165220, 0, 0
676000, 149451, 1, 0
677000, 122491, 0, 0
677000, 76230, 1, 0
678000, 125488, 0, 0
678000, 92805, 1, 0
679000, 140815, 0, 0
679000, 170378, 1, 0
680000, 186821, 0, 0
680000, 198821, 1, 0
681000, 198989, 0, 0
681002, 206737, 1, 0
682000, 194884, 0, 0
682000, 205308, 1, 0
683000, 167669, 0, 0
683000, 193618, 1, 0
684000, 197490, 1, 0
684000, 179345, 0, 0
685000, 157698, 0, 0
685000, 186197, 1, 0
686000, 197243, 0, 0
686000, 205539, 1, 0
687000, 160670, 0, 0
687000, 186411, 1, 0
688000, 194266, 0, 0
688000, 203902, 1, 0
689000, 198111, 0, 0
689000, 202330, 1, 0
690000, 205120, 1, 0
690000, 199259, 0, 0
691000, 146184, 0, 0
691000, 177079, 1, 0
692000, 197873, 1, 0
692000, 194453, 0, 0
693000, 135936, 0, 0
693000, 153092, 1, 0
694000, 181891, 1, 0
694000, 157620, 0, 0
695000, 174003, 1, 0
695000, 154153, 0, 0
696000, 191501, 0, 0
696000, 203976, 1, 0
697000, 193038, 0, 0
697000, 202543, 1, 0
698000, 197874, 0, 0
698001, 206521, 1, 0
699000, 171272, 0, 0
699000, 192986, 1, 0
700000, 141483, 1, 0
700000, 145506, 0, 0
701000, 152403, 0, 0
701001, 184653, 1, 0
702000, 196007, 0, 0
702000, 205156, 1, 0
703000, 190236, 1, 0
703000, 168251, 0, 0
704000, 196275, 1, 0
704000, 172721, 0, 0
705000, 187101, 0, 0
705000, 200504, 1, 0
706000, 163948, 1, 0
706000, 149784, 0, 0
707000, 121862, 0, 0
707000, 84756, 1, 0
708000, 204072, 1, 0
708000, 196164, 0, 0
709000, 201103, 0, 0
709001, 202191, 1, 0
710000, 193319, 0, 0
710000, 196201, 1, 0
711000, 146837, 0, 0
711000, 176430, 1, 0
712000, 195216, 1, 0
712000, 172659, 0, 0
713000, 141701, 0, 0
713001, 140535, 1, 0
714000, 199427, 0, 0
714000, 205052, 1, 0
715000, 137624, 0, 0
715000, 171640, 1, 0
716000, 194558, 1, 0
716000, 195075, 0, 0
717000, 198820, 0, 0
717000, 203719, 1, 0
718000, 198381, 0, 0
718001, 208287, 1, 0
719000, 180020, 1, 0
719000, 157243, 0, 0
720000, 184972, 0, 0
720000, 197337, 1, 0
721000, 193671, 0, 0
721001, 196899, 1, 0
722000, 191746, 0, 0
722000, 196339, 1, 0
723000, 180167, 1, 0
723000, 152970, 0, 0
724000, 167793, 0, 0
724000, 190733, 1, 0
725000, 153674, 0, 0
725001, 181252, 1, 0
726000, 197303, 0, 0
726000, 201686, 1, 0
727000, 155422, 0, 0
727000, 178298, 1, 0
728000, 158791, 1, 0
728000, 127029, 0, 0
729000, 177621, 1, 0
729000, 155531, 0, 0
730000, 196766, 0, 0
730001, 199051, 1, 0
731000, 141484, 0, 0
731001, 172262, 1, 0
732000, 184628, 1, 0
732000, 164126, 0, 0
733000, 182773, 1, 0
733000, 162667, 0, 0
734000, 192875, 0, 0
734000, 197454, 1, 0
735000, 157889, 0, 0
735000, 185045, 1, 0
736000, 178559, 0, 0
736000, 190818, 1, 0
737000, 171604, 0, 0
737001, 190019, 1, 0
738000, 174533, 0, 0
738000, 183913, 1, 0
739000, 176144, 1, 0
739000, 150797, 0, 0
740000, 180786, 0, 0
740001, 192734, 1, 0
741000, 183171, 0, 0
741000, 170692, 1, 0
742000, 143014, 1, 0
742000, 165496, 0, 0
743000, 137070, 0, 0
743000, 166999, 1, 0
744000, 171064, 0, 0
744000, 191550, 1, 0
745000, 185995, 0, 0
745001, 193668, 1, 0
746000, 185934, 0, 0
746000, 199781, 1, 0
747000, 168038, 0, 0
747000, 160596, 1, 0
748000, 167853, 0, 0
748000, 151110, 1, 0
749000, 200015, 0, 0
749000, 207220, 1, 0
750000, 197175, 0, 0
750001, 192285, 1, 0
751000, 169043, 1, 0
751000, 140918, 0, 0
752000, 166184, 1, 0
752000, 137642, 0, 0
753000, 195114, 1, 0
753000, 187325, 0, 0
754000, 196991, 0, 0
754001, 199268, 1, 0
755000, 151843, 0, 0
755000, 168718, 1, 0
756000, 183790, 0, 0
756000, 199866, 1, 0
757000, 203536, 1, 0
757000, 159613, 0, 0
758000, 200038, 1, 0
758000, 166801, 0, 0
759000, 164145, 0, 0
759000, 182819, 1, 0
760000, 139860, 0, 0
760000, 137159, 1, 0
761000, 206156, 1, 0
761000, 198290, 0, 0
762000, 196386, 0, 0
762000, 204507, 1, 0
763000, 174777, 0, 0
763001, 189383, 1, 0
764000, 191073, 1, 0
764000, 167237, 0, 0
765000, 188091, 0, 0
765000, 200702, 1, 0
766000, 189902, 0, 0
766000, 196867, 1, 0
767000, 178355, 1, 0
767000, 159460, 0, 0
768000, 197581, 0, 0
768000, 200549, 1, 0
769000, 200873, 0, 0
769001, 198848, 1, 0
770000, 173956, 0, 0
770000, 190507, 1, 0
771000, 190305, 1, 0
771000, 167846, 0, 0
772000, 174719, 0, 0
772000, 197205, 1, 0
773000, 154995, 0, 0
773000, 133609, 1, 0
774000, 158465, 0, 0
774000, 128761, 1, 0
775000, 177756, 0, 0
775000, 192045, 1, 0
776000, 176037, 0, 0
776000, 195563, 1, 0
777000, 158105, 0, 0
777000, 179000, 1, 0
778000, 191999, 0, 0
778001, 193375, 1, 0
779000, 156882, 0, 0
779000, 179945, 1, 0
780000, 171983, 1, 0
780000, 169868, 0, 0
781000, 200281, 1, 0
781000, 197169, 0, 0
782000, 194551, 1, 0
782000, 182074, 0, 0
783000, 178172, 1, 0
783000, 132204, 0, 0
784000, 85390, 0, 0
784000, 104149, 1, 0
785000, 98381, 0, 0
785000, 116315, 1, 0
786000, 161309, 0, 0
786000, 203684, 1, 0
787000, 197445, 1, 0
787000, 142341, 0, 0
788000, 125158, 0, 0
788000, 164082, 1, 0
789000, 145706, 0, 0
789000, 195345, 1, 0
790000, 132240, 0, 0
790000, 177709, 1, 0
791000, 72967, 0, 0
791000, 89097, 1, 0
792000, 158338, 0, 0
792000, 201340, 1, 0
793000, 162604, 0, 0
793000, 202395, 1, 0
794000, 182028, 1, 0
794000, 135595, 0, 0
795000, 106039, 0, 0
795000, 157017, 1, 0
796000, 150621, 0, 0
796001, 197859, 1, 0
797000, 159409, 0, 0
797000, 201391, 1, 0
798000, 152249, 0, 0
798001, 196889, 1, 0
799000, 191928, 1, 0
799000, 143164, 0, 0
800000, 140411, 0, 0
800000, 196342, 1, 0
801000, 169580, 1, 0
801000, 121877, 0, 0
802000, 196109, 1, 0
802000, 162543, 0, 0
803000, 99510, 0, 0
803000, 131807, 1, 0
804000, 135329, 0, 0
804000, 173711, 1, 0
805000, 156609, 0, 0
805000, 202828, 1, 0
806000, 159810, 0, 0
806001, 205390, 1, 0
807000, 143337, 0, 0
807000, 196434, 1, 0
808000, 145801, 0, 0
808000, 194015, 1, 0
809000, 129158, 1, 0
809000, 115133, 0, 0
810000, 115739, 0, 0
810000, 66526, 1, 0
811000, 129570, 0, 0
811000, 164714, 1, 0
812000, 188385, 0, 0
812001, 198333, 1, 0
813000, 200301, 0, 0
813000, 204338, 1, 0
814000, 184481, 1, 0
814000, 171170, 0, 0
815000, 172288, 0, 0
815000, 185163, 1, 0
816000, 146088, 0, 0
816000, 144700, 1, 0
817000, 208562, 1, 0
817000, 195143, 0, 0
818000, 195229, 0, 0
818000, 206903, 1, 0
819000, 129264, 0, 0
819000, 178809, 1, 0
820000, 149003, 0, 0
820000, 195646, 1, 0
821000, 148850, 0, 0
821000, 193273, 1, 0
822000, 160193, 0, 0
822000, 203899, 1, 0
823000, 133121, 0, 0
823001, 189433, 1, 0
824000, 158846, 0, 0
824000, 205073, 1, 0
825000, 152567, 0, 0
825000, 199063, 1, 0
826000, 161493, 0, 0
826001, 199346, 1, 0
827000, 134959, 0, 0
827000, 189463, 1, 0
828000, 158977, 0, 0
828000, 202471, 1, 0
829000, 153056, 0, 0
829000, 194208, 1, 0
830000, 157932, 0, 0
830000, 202535, 1, 0
831000, 148793, 0, 0
831001, 199842, 1, 0
832000, 196961, 1, 0
832000, 146517, 0, 0
833000, 91374, 0, 0
833000, 115848, 1, 0
834000, 153060, 0, 0
834000, 200533, 1, 0
835000, 192427, 1, 0
835000, 142271, 0, 0
836000, 138350, 0, 0
836000, 188760, 1, 0
837000, 198699, 1, 0
837000, 153333, 0, 0
838000, 199803, 1, 0
838000, 156764, 0, 0
839000, 132141, 0, 0
839000, 177617, 1, 0
840000, 192619, 1, 0
840000, 143563, 0, 0
841000, 141847, 0, 0
841000, 193370, 1, 0
842000, 174496, 1, 0
842000, 130373, 0, 0
843000, 132421, 0, 0
843000, 160226, 1, 0
844000, 158854, 0, 0
844002, 139564, 1, 0
845000, 167175, 0, 0
845000, 189344, 1, 0
846000, 184717, 0, 0
846000, 203024, 1, 0
847000, 149402, 0, 0
847002, 170187, 1, 0
848000, 200662, 1, 0
848000, 188943, 0, 0
849000, 85914, 1, 0
849000, 127252, 0, 0
850000, 204895, 1, 0
850000, 197665, 0, 0
851000, 131006, 1, 0
851000, 128327, 0, 0
852000, 167783, 1, 0
852000, 139777, 0, 0
853000, 138884, 1, 0
853000, 163833, 0, 0
854000, 149135, 0, 0
854000, 175297, 1, 0
855000, 172168, 0, 0
855000, 190353, 1, 0
856000, 182121, 0, 0
856000, 193327, 1, 0
857000, 200227, 0, 0
857000, 204883, 1, 0
858000, 209304, 1, 0
858000, 200516, 0, 0
859000, 172927, 1, 0
859000, 148585, 0, 0
860000, 175225, 1, 0
860000, 153349, 0, 0
861000, 151761, 0, 0
861000, 170999, 1, 0
862000, 144837, 0, 0
862000, 172950, 1, 0
863000, 164485, 0, 0
863000, 185571, 1, 0
864000, 184590, 0, 0
864000, 195407, 1, 0
865000, 200091, 1, 0
865000, 195825, 0, 0
866000, 200865, 1, 0
866000, 191951, 0, 0
867000, 126144, 0, 0
867000, 157070, 1, 0
868000, 155413, 0, 0
868000, 206716, 1, 0
869000, 165030, 0, 0
869000, 206270, 1, 0
870000, 207292, 1, 0
870000, 158723, 0, 0
871000, 141781, 0, 0
871000, 187923, 1, 0
872000, 188885, 1, 0
872000, 131369, 0, 0
873000, 115779, 0, 0
873000, 158921, 1, 0
874000, 131427, 0, 0
874000, 179220, 1, 0
875000, 195525, 1, 0
875000, 142950, 0, 0
876000, 137006, 1, 0
876000, 101466, 0, 0
877000, 194554, 1, 0
877000, 156540, 0, 0
878000, 178988, 1, 0
878000, 150392, 0, 0
879000, 136196, 0, 0
879001, 185759, 1, 0
880000, 154528, 0, 0
880001, 188393, 1, 0
881000, 157806, 0, 0
881000, 199526, 1, 0
882000, 162922, 0, 0
882000, 204990, 1, 0
883000, 88439, 0, 0
883001, 123234, 1, 0
884000, 186766, 1, 0
884000, 152203, 0, 0
885000, 143386, 0, 0
885001, 178289, 1, 0
886000, 206396, 1, 0
886000, 198044, 0, 0
887000, 160795, 0, 0
887000, 189592, 1, 0
888000, 138747, 0, 0
888001, 147758, 1, 0
889000, 129436, 0, 0
889000, 90223, 1, 0
890000, 109759, 0, 0
890000, 54097, 1, 0
891000, 75005, 1, 0
891000, 105521, 0, 0
892000, 187860, 1, 0
892000, 172246, 0, 0
893000, 172853, 1, 0
893000, 149632, 0, 0
894000, 199714, 0, 0
894000, 201628, 1, 0
895000, 178514, 0, 0
895001, 191438, 1, 0
896000, 193545, 1, 0
896000, 158512, 0, 0
897000, 182517, 1, 0
897000, 140896, 0, 0
898000, 152238, 0, 0
898000, 197365, 1, 0
899000, 129255, 0, 0
899000, 182171, 1, 0
900000, 192245, 1, 0
900000, 154699, 0, 0
901000, 148719, 0, 0
901000, 190799, 1, 0
902000, 143159, 0, 0
902000, 186675, 1, 0
903000, 121550, 0, 0
903001, 179688, 1, 0
904000, 200961, 1, 0
904000, 155761, 0, 0
905000, 71827, 0, 0
905001, 85804, 1, 0
906000, 199268, 1, 0
906000, 183314, 0, 0
907000, 167019, 0, 0
907001, 179936, 1, 0
908000, 174948, 0, 0
908001, 184204, 1, 0
909000, 64972, 1, 0
909000, 117994, 0, 0
910000, 149329, 0, 0
910000, 139020, 1, 0
911000, 155314, 0, 0
911000, 182210, 1, 0
912000, 198102, 1, 0
912000, 200118, 0, 0
913000, 199673, 0, 0
913001, 200191, 1, 0
914000, 127090, 0, 0
914002, 81660, 1, 0
915000, 169149, 0, 0
915000, 189202, 1, 0
916000, 175768, 0, 0
916003, 193433, 1, 0
917000, 188760, 0, 0
917000, 202962, 1, 0
918000, 192951, 1, 0
918000, 178619, 0, 0
919000, 172745, 0, 0
919000, 184170, 1, 0
920000, 178348, 1, 0
920000, 161282, 0, 0
921000, 175616, 0, 0
921000, 188568, 1, 0
922000, 208827, 1, 0
922000, 197373, 0, 0
923000, 151547, 0, 0
923000, 181417, 1, 0
924000, 210083, 1, 0
924000, 201366, 0, 0
925000, 181390, 0, 0
925000, 197812, 1, 0
926000, 182416, 1, 0
926001, 157600, 0, 0
927000, 164820, 1, 0
927000, 172846, 0, 0
928000, 91254, 1, 0
928000, 113732, 0, 0
929000, 198710, 0, 0
929000, 202663, 1, 0
930000, 156371, 0, 0
930000, 177831, 1, 0
931000, 174830, 0, 0
931000, 179488, 1, 0
932000, 153766, 0, 0
932001, 179493, 1, 0
933000, 99157, 0, 0
933000, 56150, 1, 0
934000, 178159, 0, 0
934000, 191674, 1, 0
935000, 158356, 0, 0
935001, 180455, 1, 0
936000, 191087, 0, 0
936000, 199088, 1, 0
937000, 184874, 1, 0
937000, 163096, 0, 0
938000, 160727, 0, 0
938000, 183841, 1, 0
939000, 135668, 0, 0
939000, 165194, 1, 0
940000, 182944, 1, 0
940000, 161611, 0, 0
941000, 198459, 0, 0
941000, 200420, 1, 0
942000, 195101, 0, 0
942000, 200014, 1, 0
943000, 177873, 1, 0
943000, 165671, 0, 0
944000, 189178, 0, 0
944000, 200572, 1, 0
945000, 199318, 0, 0
945000, 206849, 1, 0
946000, 204956, 1, 0
946000, 200334, 0, 0
947000, 114043, 0, 0
947000, 59042, 1, 0
948000, 181174, 0, 0
948001, 196140, 1, 0
949000, 190709, 0, 0
949000, 198524, 1, 0
950000, 185138, 1, 0
950000, 162609, 0, 0
951000, 158332, 0, 0
951000, 179610, 1, 0
952000, 183161, 1, 0
952000, 162836, 0, 0
953000, 204670, 1, 0
953000, 193805, 0, 0
954000, 200130, 0, 0
954000, 202078, 1, 0
955000, 152491, 1, 0
955000, 135546, 0, 0
956000, 178864, 0, 0
956001, 189283, 1, 0
957000, 198232, 0, 0
957001, 200251, 1, 0
958000, 134653, 0, 0
958000, 154745, 1, 0
959000, 164141, 1, 0
959000, 126773, 0, 0
960000, 126329, 0, 0
960000, 77607, 1, 0
961000, 137922, 0, 0
961000, 115008, 1, 0
962000, 196711, 0, 0
962000, 200690, 1, 0
963000, 162462, 0, 0
963000, 189049, 1, 0
964000, 178258, 0, 0
964000, 196561, 1, 0
965000, 198407, 0, 0
965000, 207109, 1, 0
966000, 202573, 1, 0
966000, 194407, 0, 0
967000, 180100, 1, 0
967000, 159211, 0, 0
968000, 196803, 1, 0
968000, 182615, 0, 0
969000, 198698, 0, 0
969001, 203606, 1, 0
970000, 174864, 0, 0
970000, 189544, 1, 0
971000, 160206, 0, 0
971000, 181896, 1, 0
972000, 176018, 0, 0
972000, 191296, 1, 0
973000, 152093, 0, 0
973000, 174404, 1, 0
974000, 196602, 0, 0
974000, 202684, 1, 0
975000, 168165, 0, 0
975000, 186286, 1, 0
976000, 194051, 1, 0
976000, 174933, 0, 0
977000, 141480, 0, 0
977000, 112864, 1, 0
978000, 144235, 0, 0
978001, 114128, 1, 0
979000, 162741, 0, 0
979001, 184338, 1, 0
980000, 195802, 1, 0
980000, 185917, 0, 0
981000, 184107, 1, 0
981000, 163692, 0, 0
982000, 180236, 0, 0
982000, 194226, 1, 0
983000, 165435, 0, 0
983000, 185292, 1, 0
984000, 180218, 0, 0
984001, 192565, 1, 0
985000, 183612, 1, 0
985000, 163248, 0, 0
986000, 131128, 0, 0
986000, 135963, 1, 0
987000, 141665, 0, 0
987000, 149604, 1, 0
988000, 204144, 1, 0
988000, 187081, 0, 0
989000, 147995, 0, 0
989000, 191888, 1, 0
990000, 142357, 0, 0
990000, 182039, 1, 0
991000, 143806, 0, 0
991000, 191446, 1, 0
992000, 152396, 0, 0
992001, 197120, 1, 0
993000, 160372, 0, 0
993000, 199845, 1, 0
994000, 154434, 0, 0
994000, 197425, 1, 0
995000, 126688, 0, 0
995000, 184303, 1, 0
996000, 91400, 0, 0
996000, 106934, 1, 0
997000, 178076, 1, 0
997000, 135837, 0, 0
998000, 183994, 1, 0
998000, 140398, 0, 0
999000, 193304, 1, 0
999000, 146786, 0, 0
1000000, 73502, 0, 0
1000000, 96386, 1, 0
1001000, 85353, 0, 0
1001000, 98190, 1, 0
1002000, 205876, 1, 0
1002000, 159011, 0, 0
1003000, 190859, 1, 0
1003000, 135260, 0, 0
1004000, 150928, 0, 0
1004000, 191276, 1, 0
1005000, 160736, 0, 0
1005001, 203355, 1, 0
1006000, 202103, 1, 0
1006000, 158389, 0, 0
1007000, 120595, 1, 0
1007000, 100027, 0, 0
1008000, 93264, 0, 0
1008001, 110292, 1, 0
1009000, 179796, 1, 0
1009000, 134795, 0, 0
1010000, 122138, 0, 0
1010001, 182179, 1, 0
1011000, 184200, 1, 0
1011000, 128216, 0, 0
1012000, 196343, 1, 0
1012000, 144210, 0, 0
1013000, 128732, 1, 0
1013000, 98252, 0, 0
1014000, 164457, 0, 0
1014000, 205355, 1, 0
1015000, 93748, 0, 0
1015001, 130171, 1, 0
1016000, 144395, 0, 0
1016001, 191360, 1, 0
1017000, 185041, 1, 0
1017000, 149482, 0, 0
1018000, 206301, 1, 0
1018000, 164690, 0, 0
1019000, 75273, 1, 0
1019000, 69859, 0, 0
1020000, 134892, 0, 0
1020000, 182575, 1, 0
1021000, 153967, 0, 0
1021000, 196780, 1, 0
1022000, 161090, 0, 0
1022000, 200919, 1, 0
1023000, 106027, 0, 0
1023000, 144548, 1, 0
1024000, 95232, 0, 0
1024000, 113915, 1, 0
1025000, 143785, 0, 0
1025000, 188063, 1, 0
1026000, 154700, 0, 0
1026002, 204726, 1, 0
1027000, 186058, 1, 0
1027000, 127068, 0, 0
1028000, 193748, 1, 0
1028000, 145923, 0, 0
1029000, 159614, 0, 0
1029000, 199883, 1, 0
1030000, 158785, 0, 0
1030000, 201215, 1, 0
1031000, 130789, 0, 0
1031000, 168133, 1, 0
1032000, 137311, 0, 0
1032000, 181450, 1, 0
1033000, 159537, 0, 0
1033000, 202851, 1, 0
1034000, 131623, 1, 0
1034000, 106337, 0, 0
1035000, 125472, 0, 0
1035000, 185257, 1, 0
1036000, 157779, 0, 0
1036000, 199678, 1, 0
1037000, 202772, 1, 0
1037000, 159834, 0, 0
1038000, 182918, 1, 0
1038000, 130243, 0, 0
1039000, 132345, 0, 0
1039000, 188298, 1, 0
1040000, 193755, 1, 0
1040000, 144241, 0, 0
1041000, 154598, 1, 0
1041000, 112850, 0, 0
1042000, 198102, 1, 0
1042000, 151889, 0, 0
1043000, 122876, 0, 0
1043000, 175136, 1, 0
1044000, 188325, 1, 0
1044000, 147613, 0, 0
1045000, 161253, 0, 0
1045000, 181606, 1, 0
1046000, 183531, 1, 0
1046000, 167199, 0, 0
1047000, 188543, 1, 0
1047000, 162838, 0, 0
1048000, 168501, 0, 0
1048001, 191160, 1, 0
1049000, 116044, 0, 0
1049000, 71826, 1, 0
1050000, 101375, 0, 0
1050000, 40927, 1, 0
1051000, 156571, 0, 0
1051000, 182609, 1, 0
1052000, 194566, 1, 0
1052000, 181533, 0, 0
1053000, 147809, 0, 0
1053001, 173613, 1, 0
1054000, 154926, 0, 0
1054000, 182673, 1, 0
1055000, 119740, 0, 0
1055000, 58598, 1, 0
1056000, 106131, 0, 0
1056002, 40054, 1, 0
1057000, 114085, 1, 0
1057000, 141402, 0, 0
1058000, 200714, 0, 0
1058000, 207024, 1, 0
1059000, 153377, 0, 0
1059000, 174338, 1, 0
1060000, 74652, 1, 0
1060000, 120462, 0, 0
1061000, 196938, 0, 0
1061001, 200094, 1, 0
1062000, 187918, 0, 0
1062000, 198298, 1, 0
1063000, 182437, 1, 0
1063000, 160790, 0, 0
1064000, 160134, 0, 0
1064000, 179658, 1, 0
1065000, 191564, 1, 0
1065000, 176995, 0, 0
1066000, 172497, 1, 0
1066000, 146781, 0, 0
1067000, 131309, 0, 0
1067000, 165739, 1, 0
1068000, 195763, 0, 0
1068000, 192978, 1, 0
1069000, 198937, 0, 0
1069001, 207842, 1, 0
1070000, 149887, 1, 0
1070000, 167177, 0, 0
1071000, 182573, 1, 0
1071000, 159933, 0, 0
1072000, 161162, 0, 0
1072000, 186849, 1, 0
1073000, 188327, 0, 0
1073001, 197884, 1, 0
1074000, 182247, 0, 0
1074000, 193600, 1, 0
1075000, 148925, 0, 0
1075001, 178140, 1, 0
1076000, 180716, 1, 0
1076000, 151558, 0, 0
1077000, 198431, 0, 0
1077000, 204898, 1, 0
1078000, 182839, 0, 0
1078000, 192393, 1, 0
1079000, 178882, 0, 0
1079000, 189894, 1, 0
1080000, 181940, 0, 0
1080001, 194792, 1, 0
1081000, 180466, 0, 0
1081001, 194045, 1, 0
1082000, 196149, 1, 0
1082000, 182806, 0, 0
1083000, 170873, 0, 0
1083000, 191211, 1, 0
1084000, 192752, 1, 0
1084000, 172155, 0, 0
1085000, 199321, 1, 0
1085000, 182494, 0, 0
1086000, 102200, 0, 0
1086000, 71090, 1, 0
1087000, 128123, 0, 0
1087000, 120249, 1, 0
1088000, 171370, 0, 0
1088000, 191483, 1, 0
1089000, 181461, 0, 0
1089000, 189501, 1, 0
1090000, 152101, 0, 0
1090000, 172524, 1, 0
1091000, 159462, 0, 0
1091000, 183813, 1, 0
1092000, 153366, 0, 0
1092001, 175683, 1, 0
1093000, 197435, 0, 0
1093000, 202757, 1, 0
1094000, 170210, 0, 0
1094000, 189966, 1, 0
1095000, 151996, 0, 0
1095000, 171636, 1, 0
1096000, 206427, 1, 0
1096000, 196794, 0, 0
1097000, 182944, 0, 0
1097000, 200476, 1, 0
1098000, 161335, 0, 0
1098000, 185551, 1, 0
1099000, 181886, 1, 0
1099000, 160011, 0, 0
1100000, 192807, 0, 0
1100000, 208341, 1, 0
1101000, 199807, 1, 0
1101000, 182567, 0, 0
1102000, 165474, 0, 0
1102001, 187378, 1, 0
1103000, 130059, 0, 0
1103000, 70840, 1, 0
1104000, 140371, 0, 0
1104001, 123578, 1, 0
1105000, 192271, 0, 0
1105000, 205563, 1, 0
1106000, 192457, 0, 0
1106001, 205174, 1, 0
1107000, 136866, 0, 0
1107000, 103701, 1, 0
1108000, 139775, 1, 0
1108000, 160233, 0, 0
1109000, 194772, 0, 0
1109000, 200727, 1, 0
1110000, 170285, 0, 0
1110000, 192973, 1, 0
1111000, 117902, 0, 0
1111000, 71000, 1, 0
1112000, 120052, 0, 0
1112001, 70981, 1, 0
1113000, 198369, 0, 0
1113000, 201420, 1, 0
1114000, 147413, 0, 0
1114000, 134231, 1, 0
1115000, 193061, 0, 0
1115000, 200218, 1, 0
1116000, 199257, 0, 0
1116000, 209342, 1, 0
1117000, 183085, 0, 0
1117000, 203420, 1, 0
1118000, 179842, 1, 0
1118000, 141193, 0, 0
1119000, 153976, 0, 0
1119000, 184947, 1, 0
1120000, 193904, 0, 0
1120000, 208254, 1, 0
1121000, 160036, 0, 0
1121001, 195052, 1, 0
1122000, 142915, 0, 0
1122000, 184851, 1, 0
1123000, 128947, 0, 0
1123000, 184830, 1, 0
1124000, 133472, 0, 0
1124000, 186360, 1, 0
1125000, 58996, 0, 0
1125000, 67660, 1, 0
1126000, 169660, 1, 0
1126000, 119197, 0, 0
1127000, 121401, 0, 0
1127000, 180551, 1, 0
1128000, 205155, 1, 0
1128000, 156655, 0, 0
1129000, 151652, 0, 0
1129000, 198403, 1, 0
1130000, 194014, 1, 0
1130000, 139833, 0, 0
1131000, 144653, 0, 0
1131000, 194302, 1, 0
1132000, 191598, 1, 0
1132000, 145095, 0, 0
1133000, 158659, 0, 0
1133000, 200670, 1, 0
1134000, 74430, 0, 0
1134000, 93541, 1, 0
1135000, 111717, 0, 0
1135000, 151916, 1, 0
1136000, 155671, 1, 0
1136000, 115314, 0, 0
1137000, 162062, 0, 0
1137000, 202028, 1, 0
1138000, 202434, 1, 0
1138000, 155837, 0, 0
1139000, 127607, 0, 0
1139000, 182352, 1, 0
1140000, 156637, 0, 0
1140000, 200675, 1, 0
1141000, 161113, 0, 0
1141000, 205901, 1, 0
1142000, 163139, 0, 0
1142000, 201782, 1, 0
1143000, 125048, 0, 0
1143000, 183470, 1, 0
1144000, 153430, 0, 0
1144000, 193898, 1, 0
1145000, 160056, 0, 0
1145000, 196520, 1, 0
1146000, 145857, 0, 0
1146000, 196690, 1, 0
1147000, 124887, 0, 0
1147001, 184577, 1, 0
1148000, 152264, 1, 0
1148000, 119047, 0, 0
1149000, 131791, 1, 0
1149000, 109113, 0, 0
1150000, 120167, 0, 0
1150000, 160058, 1, 0
1151000, 163349, 1, 0
1151000, 136378, 0, 0
1152000, 175686, 0, 0
1152000, 205412, 1, 0
1153000, 202019, 0, 0
1153000, 204347, 1, 0
1154000, 201963, 1, 0
1154000, 193506, 0, 0
1155000, 167383, 0, 0
1155000, 186270, 1, 0
1156000, 185123, 1, 0
1156000, 169068, 0, 0
1157000, 201497, 0, 0
1157000, 207439, 1, 0
1158000, 181606, 0, 0
1158000, 179231, 1, 0
1159000, 188360, 1, 0
1159000, 171072, 0, 0
1160000, 150352, 0, 0
1160000, 176733, 1, 0
1161000, 173127, 0, 0
1161000, 180805, 1, 0
1162000, 170573, 0, 0
1162000, 178610, 1, 0
1163000, 180666, 1, 0
1163000, 152620, 0, 0
1164000, 195937, 0, 0
1164000, 205909, 1, 0
1165000, 194841, 0, 0
1165000, 205054, 1, 0
1166000, 169326, 0, 0
1166000, 162912, 1, 0
1167000, 158540, 0, 0
1167001, 182336, 1, 0
1168000, 193727, 0, 0
1168001, 199069, 1, 0
1169000, 198757, 0, 0
1169000, 209693, 1, 0
1170000, 185750, 0, 0
1170000, 201411, 1, 0
1171000, 162389, 0, 0
1171000, 187179, 1, 0
1172000, 180235, 0, 0
1172001, 197062, 1, 0
1173000, 199567, 0, 0
1173000, 200951, 1, 0
1174000, 75693, 1, 0
1174000, 122512, 0, 0
1175000, 170971, 1, 0
1175000, 143064, 0, 0
1176000, 198045, 1, 0
1176000, 196513, 0, 0
1177000, 203404, 1, 0
1177000, 193704, 0, 0
1178000, 155636, 0, 0
1178001, 183536, 1, 0
1179000, 191164, 1, 0
1179000, 166982, 0, 0
1180000, 197290, 1, 0
1180000, 185719, 0, 0
1181000, 207176, 1, 0
1181000, 198489, 0, 0
1182000, 186466, 1, 0
1182000, 161878, 0, 0
1183000, 135023, 0, 0
1183000, 158764, 1, 0
1184000, 160943, 0, 0
1184000, 182339, 1, 0
1185000, 200902, 0, 0
1185000, 202450, 1, 0
1186000, 197676, 1, 0
1186000, 197229, 0, 0
1187000, 176829, 0, 0
1187000, 196832, 1, 0
1188000, 169081, 0, 0
1188000, 188265, 1, 0
1189000, 200396, 1, 0
1189000, 195060, 0, 0
1190000, 195799, 0, 0
1190000, 202362, 1, 0
1191000, 117245, 0, 0
1191000, 63624, 1, 0
1192000, 65933, 1, 0
1192000, 118103, 0, 0
1193000, 159919, 0, 0
1193000, 160006, 1, 0
1194000, 195140, 0, 0
1194000, 201144, 1, 0
1195000, 150903, 0, 0
1195000, 176641, 1, 0
1196000, 198719, 0, 0
1196001, 206951, 1, 0
1197000, 204080, 1, 0
1197000, 193937, 0, 0
1198000, 166603, 1, 0
1198000, 129218, 0, 0
1199000, 164220, 1, 0
1199000, 134057, 0, 0
1200000, 187850, 1, 0
1200000, 143622, 0, 0
