1000, 196797, 0, 0
1000, 180475, 1, 0
2000, 181321, 1, 0
2000, 199215, 0, 0
3000, 205691, 0, 0
3000, 187083, 1, 0
4000, 208268, 0, 0
4001, 187419, 1, 0
5000, 184920, 1, 0
5000, 203008, 0, 0
6000, 194374, 0, 0
6000, 174871, 1, 0
7000, 178489, 1, 0
7000, 196000, 0, 0
8000, 197068, 0, 0
8000, 178191, 1, 0
9000, 201206, 0, 0
9000, 172289, 1, 0
10000, 202661, 0, 0
10000, 175360, 1, 0
11000, 152891, 0, 0
11000, 120633, 1, 0
12000, 199205, 0, 0
12000, 173052, 1, 0
13000, 202876, 0, 0
13001, 173419, 1, 0
14000, 202274, 0, 0
14000, 173235, 1, 0
15000, 181999, 1, 0
15000, 209529, 0, 0
16000, 185320, 1, 0
16000, 198151, 0, 0
17000, 141294, 1, 0
17000, 174548, 0, 0
18000, 165117, 1, 0
18000, 203317, 0, 0
19000, 196844, 0, 0
19000, 160604, 1, 0
20000, 180798, 0, 0
20000, 137175, 1, 0
21000, 206265, 0, 0
21000, 167061, 1, 0
22000, 167568, 1, 0
22000, 203106, 0, 0
23000, 198379, 0, 0
23001, 154160, 1, 0
24000, 203298, 0, 0
24000, 166511, 1, 0
25000, 203204, 0, 0
25000, 170697, 1, 0
26000, 190513, 0, 0
26000, 169135, 1, 0
27000, 198697, 0, 0
27000, 159050, 1, 0
28000, 194957, 0, 0
28000, 160944, 1, 0
29000, 171319, 1, 0
29000, 206269, 0, 0
30000, 159639, 0, 0
30000, 164411, 1, 0
31000, 197575, 0, 0
31000, 160641, 1, 0
32000, 197215, 0, 0
32000, 159633, 1, 0
33000, 205386, 0, 0
33000, 166572, 1, 0
34000, 203749, 0, 0
34000, 165432, 1, 0
35000, 156236, 1, 0
35000, 192959, 0, 0
36000, 195312, 0, 0
36000, 159176, 1, 0
37000, 192067, 0, 0
37000, 167928, 1, 0
38000, 199890, 0, 0
38001, 161463, 1, 0
39000, 106671, 1, 0
39000, 137728, 0, 0
40000, 194780, 0, 0
40000, 171349, 1, 0
41000, 205294, 0, 0
41000, 164593, 1, 0
42000, 203269, 0, 0
42000, 161144, 1, 0
43000, 161795, 0, 0
43000, 121343, 1, 0
44000, 111429, 1, 0
44000, 158162, 0, 0
45000, 198564, 0, 0
45000, 163712, 1, 0
46000, 165067, 1, 0
46000, 201133, 0, 0
47000, 194819, 0, 0
47000, 152620, 1, 0
48000, 163733, 1, 0
48000, 204993, 0, 0
49000, 140673, 1, 0
49000, 180170, 0, 0
50000, 157586, 0, 0
50000, 121748, 1, 0
51000, 125957, 0, 0
51001, 87900, 1, 0
52000, 32577, 1, 0
52000, 81845, 0, 0
53000, 202450, 0, 0
53000, 167018, 1, 0
54000, 134942, 0, 0
54000, 102946, 1, 0
55000, 202586, 0, 0
55000, 165123, 1, 0
56000, 211090, 0, 0
56000, 171838, 1, 0
57000, 205390, 0, 0
57000, 167928, 1, 0
58000, 201503, 0, 0
58001, 166674, 1, 0
59000, 198757, 0, 0
59000, 156192, 1, 0
60000, 204873, 0, 0
60000, 168930, 1, 0
61000, 201068, 0, 0
61000, 169054, 1, 0
62000, 205628, 0, 0
62000, 166258, 1, 0
63000, 163100, 1, 0
63000, 203667, 0, 0
64000, 200384, 0, 0
64000, 162227, 1, 0
65000, 181949, 0, 0
65000, 144337, 1, 0
66000, 99870, 0, 0
66000, 52772, 1, 0
67000, 157769, 1, 0
67000, 197744, 0, 0
68000, 204294, 0, 0
68000, 165070, 1, 0
69000, 97844, 1, 0
69000, 138880, 0, 0
70000, 165052, 1, 0
70000, 204968, 0, 0
71000, 160126, 1, 0
71000, 194664, 0, 0
72000, 202869, 0, 0
72001, 162512, 1, 0
73000, 163717, 1, 0
73000, 204692, 0, 0
74000, 94996, 0, 0
74000, 50108, 1, 0
75000, 99747, 0, 0
75000, 57990, 1, 0
76000, 206177, 0, 0
76000, 164969, 1, 0
77000, 165995, 1, 0
77000, 203503, 0, 0
78000, 197743, 0, 0
78001, 165301, 1, 0
79000, 197121, 0, 0
79000, 159442, 1, 0
80000, 208538, 0, 0
80001, 165821, 1, 0
81000, 204852, 0, 0
81004, 164733, 1, 0
82000, 159980, 1, 0
82000, 196019, 0, 0
83000, 203319, 0, 0
83000, 160974, 1, 0
84000, 204075, 0, 0
84000, 162388, 1, 0
85000, 166476, 1, 0
85000, 204740, 0, 0
86000, 204798, 0, 0
86000, 171138, 1, 0
87000, 199024, 0, 0
87000, 165739, 1, 0
88000, 202160, 0, 0
88000, 166957, 1, 0
89000, 201156, 0, 0
89000, 160729, 1, 0
90000, 198631, 0, 0
90000, 162191, 1, 0
91000, 202988, 0, 0
91001, 161310, 1, 0
92000, 206319, 0, 0
92001, 169664, 1, 0
93000, 200312, 0, 0
93000, 165736, 1, 0
94000, 203777, 0, 0
94000, 164753, 1, 0
95000, 193977, 0, 0
95000, 163156, 1, 0
96000, 152968, 1, 0
96000, 184406, 0, 0
97000, 61681, 1, 0
97000, 106961, 0, 0
98000, 161573, 1, 0
98000, 183623, 0, 0
99000, 138327, 1, 0
99001, 154914, 0, 0
100000, 202291, 0, 0
100001, 171172, 1, 0
101000, 202610, 0, 0
101001, 167377, 1, 0
102000, 198493, 0, 0
102000, 174998, 1, 0
103000, 187876, 0, 0
103000, 151403, 1, 0
104000, 199425, 0, 0
104000, 159941, 1, 0
105001, 202731, 0, 0
105001, 168787, 1, 0
106000, 166534, 1, 0
106000, 201056, 0, 0
107000, 199525, 0, 0
107000, 161456, 1, 0
108000, 202971, 0, 0
108002, 165482, 1, 0
109000, 170712, 1, 0
109000, 203977, 0, 0
110000, 201747, 0, 0
110001, 162781, 1, 0
111000, 207426, 0, 0
111000, 162761, 1, 0
112000, 107093, 1, 0
112000, 154562, 0, 0
113000, 112304, 0, 0
113000, 63040, 1, 0
114000, 208174, 0, 0
114000, 166707, 1, 0
115000, 183358, 0, 0
115000, 154812, 1, 0
116000, 212076, 0, 0
116001, 170025, 1, 0
117000, 90873, 0, 0
117000, 47246, 1, 0
118000, 166549, 1, 0
118000, 208103, 0, 0
119000, 201936, 0, 0
119000, 162449, 1, 0
120000, 156572, 0, 0
120003, 113364, 1, 0
121000, 204130, 0, 0
121000, 165342, 1, 0
122000, 204906, 0, 0
122000, 167388, 1, 0
123000, 91589, 1, 0
123000, 127527, 0, 0
124000, 75593, 0, 0
124000, 27516, 1, 0
125000, 203903, 0, 0
125000, 169316, 1, 0
126000, 163455, 1, 0
126000, 202613, 0, 0
127000, 197760, 0, 0
127000, 158314, 1, 0
128000, 165614, 1, 0
128000, 204571, 0, 0
129000, 203775, 0, 0
129000, 171515, 1, 0
130000, 204145, 0, 0
130002, 172578, 1, 0
131000, 193835, 0, 0
131000, 163389, 1, 0
132000, 197994, 0, 0
132001, 156340, 1, 0
133000, 206147, 0, 0
133000, 166726, 1, 0
134000, 168424, 1, 0
134000, 206192, 0, 0
135000, 95952, 0, 0
135000, 47198, 1, 0
136000, 87605, 0, 0
136000, 41254, 1, 0
137000, 203669, 0, 0
137000, 167197, 1, 0
138000, 207269, 0, 0
138000, 170381, 1, 0
139000, 198012, 0, 0
139001, 158443, 1, 0
140000, 169331, 1, 0
140000, 210508, 0, 0
141000, 174353, 0, 0
141000, 139792, 1, 0
142000, 118930, 0, 0
142000, 91625, 1, 0
143000, 163064, 1, 0
143000, 192761, 0, 0
144000, 199690, 0, 0
144000, 172303, 1, 0
145000, 202796, 0, 0
145000, 163249, 1, 0
146000, 200039, 0, 0
146001, 161416, 1, 0
147000, 183276, 0, 0
147000, 140293, 1, 0
148000, 157874, 1, 0
148000, 196882, 0, 0
149000, 200954, 0, 0
149000, 167351, 1, 0
150000, 203932, 0, 0
150000, 165657, 1, 0
151000, 205419, 0, 0
151000, 166185, 1, 0
152000, 139365, 1, 0
152000, 173196, 0, 0
153000, 203795, 0, 0
153000, 168618, 1, 0
154000, 198198, 0, 0
154000, 158594, 1, 0
155000, 201018, 0, 0
155000, 158347, 1, 0
156000, 184969, 0, 0
156000, 142309, 1, 0
157000, 166564, 1, 0
157000, 206432, 0, 0
158000, 168273, 1, 0
158000, 206552, 0, 0
159000, 200832, 0, 0
159000, 161159, 1, 0
160000, 167520, 1, 0
160000, 205087, 0, 0
161000, 185545, 0, 0
161000, 140459, 1, 0
162000, 205112, 0, 0
162000, 164499, 1, 0
163000, 196168, 0, 0
163000, 158193, 1, 0
164000, 201618, 0, 0
164000, 162871, 1, 0
165000, 205988, 0, 0
165000, 169868, 1, 0
166000, 207087, 0, 0
166000, 173200, 1, 0
167000, 127999, 1, 0
167000, 169982, 0, 0
168000, 201991, 0, 0
168000, 161317, 1, 0
169000, 215019, 0, 0
169000, 176395, 1, 0
170000, 208716, 0, 0
170000, 170281, 1, 0
171000, 102126, 1, 0
171000, 138438, 0, 0
172000, 176494, 0, 0
172000, 136902, 1, 0
173000, 111280, 1, 0
173000, 153176, 0, 0
174000, 102248, 0, 0
174000, 62851, 1, 0
175000, 49641, 1, 0
175000, 103730, 0, 0
176000, 192143, 1, 0
176000, 170931, 0, 0
177000, 210363, 1, 0
177000, 198229, 0, 0
178000, 178742, 1, 0
178000, 151967, 0, 0
179000, 172525, 0, 0
179001, 191868, 1, 0
180000, 183658, 0, 0
180000, 199805, 1, 0
181000, 141544, 0, 0
181000, 103522, 1, 0
182000, 172795, 1, 0
182000, 139671, 0, 0
183000, 177057, 1, 0
183000, 146976, 0, 0
184000, 184404, 0, 0
184001, 198787, 1, 0
185000, 207539, 1, 0
185000, 198460, 0, 0
186000, 199659, 0, 0
186001, 207947, 1, 0
187000, 193341, 1, 0
187000, 169841, 0, 0
188000, 135148, 0, 0
188000, 152478, 1, 0
189000, 197256, 0, 0
189000, 202422, 1, 0
190000, 204500, 1, 0
190000, 198344, 0, 0
191000, 164803, 0, 0
191000, 191343, 1, 0
192000, 117684, 1, 0
192000, 116291, 0, 0
193000, 128348, 0, 0
193002, 104958, 1, 0
194000, 127431, 0, 0
194000, 107380, 1, 0
195000, 173098, 0, 0
195000, 184326, 1, 0
196000, 183577, 1, 0
196000, 157951, 0, 0
197000, 197814, 0, 0
197001, 202996, 1, 0
198000, 197349, 0, 0
198000, 208396, 1, 0
199000, 166505, 0, 0
199000, 191134, 1, 0
200000, 182516, 0, 0
200000, 199464, 1, 0
201000, 153109, 0, 0
201000, 121557, 1, 0
202000, 100735, 0, 0
202000, 75804, 1, 0
203000, 179390, 1, 0
203000, 137288, 0, 0
204000, 142861, 0, 0
204000, 193108, 1, 0
205000, 196892, 1, 0
205000, 147166, 0, 0
206000, 89772, 0, 0
206000, 136525, 1, 0
207000, 119887, 0, 0
207001, 176533, 1, 0
208000, 202547, 1, 0
208000, 153875, 0, 0
209000, 155069, 0, 0
209000, 202218, 1, 0
210000, 165735, 1, 0
210000, 135969, 0, 0
211000, 174216, 1, 0
211000, 131466, 0, 0
212000, 153894, 0, 0
212000, 198350, 1, 0
213000, 141010, 0, 0
213000, 193561, 1, 0
214000, 143321, 0, 0
214000, 194356, 1, 0
215000, 190041, 1, 0
215000, 133036, 0, 0
216000, 139838, 1, 0
216000, 119091, 0, 0
217000, 191681, 1, 0
217000, 128876, 0, 0
218000, 160484, 1, 0
218000, 98593, 0, 0
219000, 144069, 0, 0
219000, 192933, 1, 0
220000, 53561, 0, 0
220000, 61487, 1, 0
221000, 147102, 0, 0
221000, 182996, 1, 0
222000, 159834, 0, 0
222001, 203441, 1, 0
223000, 184688, 1, 0
223000, 126800, 0, 0
224000, 136021, 0, 0
224000, 187288, 1, 0
225000, 154996, 0, 0
225002, 202659, 1, 0
226000, 202146, 1, 0
226000, 149636, 0, 0
227000, 192863, 1, 0
227000, 134773, 0, 0
228000, 144888, 0, 0
228000, 194290, 1, 0
229000, 157731, 0, 0
229000, 199578, 1, 0
230000, 165644, 0, 0
230000, 202393, 1, 0
231000, 194269, 1, 0
231000, 139787, 0, 0
232000, 134378, 0, 0
232002, 189216, 1, 0
233000, 158663, 0, 0
233000, 206238, 1, 0
234000, 199906, 1, 0
234000, 156797, 0, 0
235000, 191647, 1, 0
235000, 139096, 0, 0
236000, 111076, 0, 0
236000, 149675, 1, 0
237000, 102207, 0, 0
237000, 125241, 1, 0
238000, 161044, 0, 0
238000, 201201, 1, 0
239000, 108669, 0, 0
239000, 154694, 1, 0
240000, 197384, 1, 0
240000, 142279, 0, 0
241000, 153367, 0, 0
241001, 203469, 1, 0
242000, 86291, 0, 0
242000, 98802, 1, 0
243000, 125599, 0, 0
243000, 182410, 1, 0
244000, 149818, 0, 0
244000, 196470, 1, 0
245000, 154732, 0, 0
245000, 198379, 1, 0
246000, 125526, 0, 0
246000, 188712, 1, 0
247000, 123620, 0, 0
247000, 179402, 1, 0
248000, 196156, 1, 0
248000, 143210, 0, 0
249000, 110331, 0, 0
249001, 142598, 1, 0
250000, 205695, 1, 0
250000, 159542, 0, 0
251000, 138445, 1, 0
251000, 98623, 0, 0
252000, 127310, 0, 0
252000, 180619, 1, 0
253000, 204229, 1, 0
253000, 159567, 0, 0
254000, 144649, 0, 0
254000, 196264, 1, 0
255000, 102335, 0, 0
255000, 150200, 1, 0
256000, 135485, 0, 0
256000, 188915, 1, 0
257000, 205908, 1, 0
257000, 160285, 0, 0
258000, 157562, 0, 0
258000, 204480, 1, 0
259000, 193715, 1, 0
259000, 134532, 0, 0
260000, 189136, 1, 0
260000, 139563, 0, 0
261000, 156240, 0, 0
261001, 200706, 1, 0
262000, 139311, 0, 0
262000, 183358, 1, 0
263000, 121941, 0, 0
263001, 185429, 1, 0
264000, 162261, 0, 0
264000, 203312, 1, 0
265000, 155796, 0, 0
265001, 198850, 1, 0
266000, 205710, 1, 0
266000, 157796, 0, 0
267000, 104728, 0, 0
267000, 145140, 1, 0
268000, 150014, 0, 0
268000, 198965, 1, 0
269000, 164163, 0, 0
269000, 208183, 1, 0
270000, 88528, 0, 0
270000, 107352, 1, 0
271000, 133863, 0, 0
271001, 180123, 1, 0
272000, 186268, 1, 0
272000, 134985, 0, 0
273000, 202798, 1, 0
273000, 156624, 0, 0
274000, 201685, 1, 0
274000, 152546, 0, 0
275000, 187713, 1, 0
275000, 134674, 0, 0
276000, 200782, 1, 0
276000, 154055, 0, 0
277000, 128972, 0, 0
277000, 165364, 1, 0
278000, 190679, 1, 0
278000, 140583, 0, 0
279000, 172837, 1, 0
279000, 110961, 0, 0
280000, 129416, 0, 0
280000, 184848, 1, 0
281000, 142817, 0, 0
281001, 194790, 1, 0
282000, 198641, 1, 0
282000, 177493, 0, 0
283000, 173246, 1, 0
283000, 143243, 0, 0
284000, 186023, 1, 0
284000, 159317, 0, 0
285000, 161350, 0, 0
285002, 182636, 1, 0
286000, 194966, 1, 0
286000, 167134, 0, 0
287000, 67614, 0, 0
287000, 87104, 1, 0
288000, 187673, 1, 0
288000, 130824, 0, 0
289000, 186372, 1, 0
289000, 142040, 0, 0
290000, 183190, 1, 0
290000, 131923, 0, 0
291000, 187593, 1, 0
291000, 138037, 0, 0
292000, 144890, 0, 0
292000, 194303, 1, 0
293000, 194716, 1, 0
293000, 144363, 0, 0
294000, 141011, 0, 0
294000, 186337, 1, 0
295000, 171353, 1, 0
295000, 119804, 0, 0
296000, 150083, 0, 0
296000, 196085, 1, 0
297000, 195341, 1, 0
297000, 143720, 0, 0
298000, 85091, 0, 0
298000, 106082, 1, 0
299000, 114128, 1, 0
299000, 82831, 0, 0
300000, 190604, 1, 0
300000, 142558, 0, 0
301000, 86172, 1, 0
301000, 76223, 0, 0
302000, 190996, 1, 0
302000, 147242, 0, 0
303000, 188069, 1, 0
303000, 131988, 0, 0
304000, 131654, 0, 0
304000, 190937, 1, 0
305000, 191342, 1, 0
305000, 151222, 0, 0
306000, 184342, 1, 0
306000, 128338, 0, 0
307000, 133467, 0, 0
307000, 188546, 1, 0
308000, 141143, 0, 0
308000, 172145, 1, 0
309000, 182738, 0, 0
309000, 197644, 1, 0
310000, 176447, 0, 0
310000, 187057, 1, 0
311000, 179232, 1, 0
311000, 154774, 0, 0
312000, 126554, 0, 0
312000, 161046, 1, 0
313000, 189783, 1, 0
313000, 164835, 0, 0
314000, 195869, 1, 0
314000, 175890, 0, 0
315000, 175878, 1, 0
315000, 140302, 0, 0
316000, 156071, 0, 0
316000, 184944, 1, 0
317000, 113396, 0, 0
317000, 62032, 1, 0
318000, 186857, 1, 0
318000, 165339, 0, 0
319000, 121224, 0, 0
319001, 160797, 1, 0
320000, 167894, 0, 0
320000, 187080, 1, 0
321000, 179451, 1, 0
321000, 147605, 0, 0
322000, 159715, 0, 0
322000, 191528, 1, 0
323000, 136221, 0, 0
323000, 170040, 1, 0
324000, 149427, 0, 0
324000, 180242, 1, 0
325000, 102384, 0, 0
325000, 70305, 1, 0
326000, 61197, 1, 0
326000, 111338, 0, 0
327000, 143178, 0, 0
327000, 172743, 1, 0
328000, 169583, 0, 0
328000, 190443, 1, 0
329000, 194427, 1, 0
329000, 177727, 0, 0
330000, 178719, 0, 0
330000, 196077, 1, 0
331000, 154016, 0, 0
331000, 177752, 1, 0
332000, 168042, 1, 0
332000, 133715, 0, 0
333000, 166410, 0, 0
333000, 190185, 1, 0
334000, 162799, 1, 0
334000, 141137, 0, 0
335000, 161508, 1, 0
335000, 124183, 0, 0
336000, 184445, 1, 0
336000, 161583, 0, 0
337000, 144192, 0, 0
337001, 180730, 1, 0
338000, 187356, 1, 0
338000, 161108, 0, 0
339000, 154906, 0, 0
339000, 186976, 1, 0
340000, 105844, 1, 0
340000, 105720, 0, 0
341000, 171965, 0, 0
341001, 192875, 1, 0
342000, 192566, 1, 0
342000, 178121, 0, 0
343000, 160273, 0, 0
343000, 183786, 1, 0
344000, 151035, 0, 0
344001, 175699, 1, 0
345000, 154597, 0, 0
345000, 166566, 1, 0
346000, 141210, 0, 0
346000, 171395, 1, 0
347000, 135368, 0, 0
347000, 167151, 1, 0
348000, 136668, 0, 0
348001, 180100, 1, 0
349000, 177205, 0, 0
349000, 195156, 1, 0
350000, 193814, 0, 0
350000, 206917, 1, 0
351000, 60425, 0, 0
351001, 59256, 1, 0
352000, 139239, 0, 0
352000, 176215, 1, 0
353000, 165387, 0, 0
353000, 186009, 1, 0
354000, 150660, 0, 0
354000, 159002, 1, 0
355000, 104689, 0, 0
355000, 55722, 1, 0
356000, 59438, 1, 0
356000, 94086, 0, 0
357000, 172644, 1, 0
357000, 139392, 0, 0
358000, 198789, 1, 0
358000, 181808, 0, 0
359000, 136015, 0, 0
359000, 167948, 1, 0
360000, 145304, 0, 0
360000, 181398, 1, 0
361000, 177793, 1, 0
361000, 156087, 0, 0
362000, 147809, 0, 0
362000, 175031, 1, 0
363000, 173353, 0, 0
363002, 192327, 1, 0
364000, 133717, 0, 0
364000, 174193, 1, 0
365000, 178573, 1, 0
365000, 146567, 0, 0
366000, 79616, 1, 0
366000, 84667, 0, 0
367000, 114497, 0, 0
367000, 168711, 1, 0
368000, 55151, 0, 0
368000, 58956, 1, 0
369000, 176424, 1, 0
369000, 110315, 0, 0
370000, 93510, 0, 0
370001, 120303, 1, 0
371000, 111625, 0, 0
371000, 174562, 1, 0
372000, 121104, 0, 0
372000, 181309, 1, 0
373000, 143130, 0, 0
373000, 197232, 1, 0
374000, 83556, 0, 0
374000, 94450, 1, 0
375000, 131762, 0, 0
375000, 191713, 1, 0
376000, 182725, 1, 0
376000, 134182, 0, 0
377000, 133034, 0, 0
377000, 186750, 1, 0
378000, 159812, 0, 0
378000, 201743, 1, 0
379000, 180162, 1, 0
379000, 121194, 0, 0
380000, 146756, 0, 0
380001, 197231, 1, 0
381000, 85203, 1, 0
381000, 70989, 0, 0
382000, 195000, 1, 0
382000, 141182, 0, 0
383000, 88726, 0, 0
383000, 138849, 1, 0
384000, 138214, 0, 0
384000, 195721, 1, 0
385000, 127308, 0, 0
385000, 184247, 1, 0
386000, 113757, 0, 0
386000, 170569, 1, 0
387000, 121142, 0, 0
387000, 181677, 1, 0
388000, 107792, 0, 0
388000, 170492, 1, 0
389000, 124978, 0, 0
389000, 183520, 1, 0
390000, 195007, 1, 0
390000, 143701, 0, 0
391000, 128467, 0, 0
391000, 176999, 1, 0
392000, 192686, 1, 0
392000, 143464, 0, 0
393000, 117025, 0, 0
393000, 151811, 1, 0
394000, 202158, 1, 0
394000, 150676, 0, 0
395000, 143390, 0, 0
395000, 191759, 1, 0
396000, 51693, 1, 0
396000, 54585, 0, 0
397000, 121616, 0, 0
397000, 170814, 1, 0
398000, 59919, 0, 0
398000, 64220, 1, 0
399000, 63271, 0, 0
399001, 86165, 1, 0
400000, 142461, 0, 0
400001, 190501, 1, 0
401000, 191594, 1, 0
401000, 137857, 0, 0
402000, 137152, 0, 0
402000, 189213, 1, 0
403000, 186184, 1, 0
403000, 117442, 0, 0
404000, 181157, 1, 0
404000, 140412, 0, 0
405000, 177659, 1, 0
405000, 152914, 0, 0
406000, 188042, 1, 0
406000, 167101, 0, 0
407000, 176036, 1, 0
407000, 148005, 0, 0
408000, 140650, 0, 0
408001, 173748, 1, 0
409000, 169868, 0, 0
409000, 186484, 1, 0
410000, 185182, 1, 0
410000, 155785, 0, 0
411000, 135489, 1, 0
411000, 130060, 0, 0
412000, 146355, 0, 0
412000, 182014, 1, 0
413000, 131595, 0, 0
413000, 169325, 1, 0
414000, 166862, 0, 0
414000, 192681, 1, 0
415000, 100910, 0, 0
415000, 56250, 1, 0
416000, 161818, 0, 0
416000, 187433, 1, 0
417000, 141546, 0, 0
417000, 175706, 1, 0
418000, 161488, 0, 0
418000, 185592, 1, 0
419000, 154104, 1, 0
419000, 106526, 0, 0
420000, 174325, 0, 0
420001, 191598, 1, 0
421000, 162118, 0, 0
421000, 189805, 1, 0
422000, 135982, 0, 0
422000, 173704, 1, 0
423000, 144089, 0, 0
423001, 177738, 1, 0
424000, 126651, 0, 0
424000, 170509, 1, 0
425000, 176962, 0, 0
425000, 198394, 1, 0
426000, 135223, 0, 0
426000, 173051, 1, 0
427000, 146674, 0, 0
427000, 179999, 1, 0
428000, 127088, 0, 0
428000, 95452, 1, 0
429000, 86954, 1, 0
429000, 112660, 0, 0
430000, 162838, 0, 0
430000, 192922, 1, 0
431000, 188832, 1, 0
431000, 132742, 0, 0
432000, 124623, 0, 0
432000, 182348, 1, 0
433000, 142227, 0, 0
433000, 190787, 1, 0
434000, 83365, 0, 0
434000, 114300, 1, 0
435000, 115727, 0, 0
435000, 175359, 1, 0
436000, 143308, 0, 0
436001, 194394, 1, 0
437000, 149233, 0, 0
437000, 196972, 1, 0
438000, 207549, 1, 0
438000, 156643, 0, 0
439000, 195933, 1, 0
439000, 144073, 0, 0
440000, 160579, 0, 0
440000, 205213, 1, 0
441000, 159343, 0, 0
441000, 198929, 1, 0
442000, 192044, 1, 0
442000, 146857, 0, 0
443000, 160322, 0, 0
443000, 177637, 1, 0
444000, 139202, 0, 0
444000, 109784, 1, 0
445000, 178907, 1, 0
445000, 155317, 0, 0
446000, 180342, 1, 0
446000, 174411, 0, 0
447000, 194739, 1, 0
447000, 173351, 0, 0
448000, 174564, 0, 0
448000, 195540, 1, 0
449000, 201522, 0, 0
449000, 210227, 1, 0
450000, 181369, 1, 0
450000, 156308, 0, 0
451000, 158335, 0, 0
451000, 149044, 1, 0
452000, 185781, 0, 0
452000, 195652, 1, 0
453000, 184865, 0, 0
453000, 195254, 1, 0
454000, 198233, 0, 0
454001, 205130, 1, 0
455000, 168316, 0, 0
455000, 184011, 1, 0
456000, 157623, 0, 0
456000, 180875, 1, 0
457000, 197448, 1, 0
457000, 183081, 0, 0
458000, 186325, 0, 0
458000, 196744, 1, 0
459000, 191581, 1, 0
459000, 163990, 0, 0
460000, 162163, 0, 0
460001, 190123, 1, 0
461000, 152774, 0, 0
461000, 185124, 1, 0
462000, 131078, 0, 0
462000, 185147, 1, 0
463000, 120853, 0, 0
463000, 185602, 1, 0
464000, 140386, 0, 0
464000, 193597, 1, 0
465000, 157727, 0, 0
465001, 199271, 1, 0
466000, 204591, 1, 0
466000, 163356, 0, 0
467000, 122468, 0, 0
467001, 161273, 1, 0
468000, 150843, 1, 0
468000, 106804, 0, 0
469000, 104520, 1, 0
469000, 123438, 0, 0
470000, 150692, 0, 0
470001, 180644, 1, 0
471000, 138859, 0, 0
471000, 176166, 1, 0
472000, 179655, 0, 0
472002, 198152, 1, 0
473000, 168691, 0, 0
473000, 196020, 1, 0
474000, 184530, 0, 0
474000, 202671, 1, 0
475000, 139112, 0, 0
475000, 108598, 1, 0
476000, 48377, 1, 0
476000, 105360, 0, 0
477000, 188368, 0, 0
477000, 206054, 1, 0
478000, 158275, 0, 0
478000, 181505, 1, 0
479000, 178023, 1, 0
479000, 144999, 0, 0
480000, 207076, 1, 0
480000, 199561, 0, 0
481000, 169191, 0, 0
481002, 189003, 1, 0
482000, 138441, 0, 0
482000, 169080, 1, 0
483000, 157571, 1, 0
483000, 101624, 0, 0
484000, 125997, 0, 0
484001, 187768, 1, 0
485000, 67131, 0, 0
485000, 80733, 1, 0
486000, 158066, 0, 0
486000, 199263, 1, 0
487000, 169119, 1, 0
487000, 117077, 0, 0
488000, 199361, 1, 0
488000, 154708, 0, 0
489000, 185883, 1, 0
489000, 139175, 0, 0
490000, 187955, 1, 0
490000, 170548, 0, 0
491000, 137590, 0, 0
491000, 168081, 1, 0
492000, 176006, 0, 0
492000, 195747, 1, 0
493000, 158151, 0, 0
493000, 180187, 1, 0
494000, 156874, 0, 0
494001, 164089, 1, 0
495000, 130571, 0, 0
495000, 170304, 1, 0
496000, 171949, 0, 0
496000, 187520, 1, 0
497000, 182527, 0, 0
497000, 200497, 1, 0
498000, 168497, 1, 0
498000, 161637, 0, 0
499000, 178093, 1, 0
499000, 146231, 0, 0
500000, 124642, 0, 0
500000, 163925, 1, 0
501000, 151477, 0, 0
501000, 175325, 1, 0
502000, 139911, 0, 0
502000, 189646, 1, 0
503000, 123758, 0, 0
503000, 181454, 1, 0
504000, 84509, 0, 0
504000, 102102, 1, 0
505000, 104298, 0, 0
505000, 132570, 1, 0
506000, 153261, 0, 0
506000, 199813, 1, 0
507000, 134186, 0, 0
507000, 189313, 1, 0
508000, 131627, 0, 0
508000, 187794, 1, 0
509000, 148034, 0, 0
509001, 197442, 1, 0
510000, 163675, 0, 0
510000, 203993, 1, 0
511000, 26902, 1, 0
511000, 35598, 0, 0
512000, 187412, 1, 0
512000, 141677, 0, 0
513000, 139338, 0, 0
513000, 190853, 1, 0
514000, 138001, 0, 0
514001, 189681, 1, 0
515000, 123235, 0, 0
515001, 183364, 1, 0
516000, 160283, 0, 0
516000, 201351, 1, 0
517000, 206952, 1, 0
517000, 160673, 0, 0
518000, 159204, 0, 0
518000, 201429, 1, 0
519000, 125306, 0, 0
519000, 182235, 1, 0
520000, 141094, 0, 0
520000, 171270, 1, 0
521000, 122955, 0, 0
521001, 170008, 1, 0
522000, 133670, 0, 0
522000, 187884, 1, 0
523000, 127045, 0, 0
523000, 180826, 1, 0
524000, 113646, 0, 0
524001, 171030, 1, 0
525000, 179024, 1, 0
525000, 125096, 0, 0
526000, 120888, 0, 0
526000, 174719, 1, 0
527000, 112492, 0, 0
527001, 177313, 1, 0
528000, 176722, 1, 0
528000, 117337, 0, 0
529000, 112364, 0, 0
529000, 166646, 1, 0
530000, 135264, 0, 0
530000, 186395, 1, 0
531000, 177415, 1, 0
531000, 122267, 0, 0
532000, 151566, 0, 0
532000, 195728, 1, 0
533000, 190519, 1, 0
533000, 138832, 0, 0
534000, 135677, 0, 0
534000, 186039, 1, 0
535000, 147794, 1, 0
535000, 103680, 0, 0
536000, 149906, 0, 0
536000, 192759, 1, 0
537000, 97373, 0, 0
537001, 136311, 1, 0
538000, 181571, 1, 0
538000, 124474, 0, 0
539000, 193178, 1, 0
539000, 150972, 0, 0
540000, 154814, 0, 0
540000, 198516, 1, 0
541000, 149554, 0, 0
541000, 203323, 1, 0
542000, 177106, 1, 0
542000, 133657, 0, 0
543000, 117485, 0, 0
543000, 178405, 1, 0
544000, 69614, 0, 0
544000, 86200, 1, 0
545000, 178352, 1, 0
545000, 126118, 0, 0
546000, 130290, 0, 0
546000, 177047, 1, 0
547000, 176000, 1, 0
547000, 112888, 0, 0
548000, 137718, 0, 0
548000, 189361, 1, 0
549000, 94094, 0, 0
549000, 142603, 1, 0
550000, 133372, 0, 0
550001, 171258, 1, 0
551000, 123805, 0, 0
551000, 176730, 1, 0
552000, 135676, 0, 0
552001, 185843, 1, 0
553000, 105363, 1, 0
553000, 83335, 0, 0
554000, 36686, 0, 0
554001, 34710, 1, 0
555000, 117595, 0, 0
555001, 179024, 1, 0
556000, 140115, 0, 0
556000, 190636, 1, 0
557000, 146216, 0, 0
557000, 193607, 1, 0
558000, 200479, 1, 0
558000, 156476, 0, 0
559000, 137539, 1, 0
559000, 99384, 0, 0
560000, 136585, 0, 0
560000, 183746, 1, 0
561000, 189337, 1, 0
561000, 130932, 0, 0
562000, 141129, 0, 0
562000, 195857, 1, 0
563000, 185817, 1, 0
563000, 121689, 0, 0
564000, 110974, 0, 0
564000, 146384, 1, 0
565000, 142473, 0, 0
565000, 191816, 1, 0
566000, 168894, 0, 0
566000, 189230, 1, 0
567000, 127473, 0, 0
567000, 167341, 1, 0
568000, 126791, 0, 0
568000, 164252, 1, 0
569000, 139104, 0, 0
569001, 170597, 1, 0
570000, 169536, 0, 0
570000, 184256, 1, 0
571000, 126139, 0, 0
571000, 165381, 1, 0
572000, 168640, 0, 0
572000, 180625, 1, 0
573000, 190492, 0, 0
573000, 193024, 1, 0
574000, 174278, 0, 0
574000, 192530, 1, 0
575000, 152841, 0, 0
575000, 178193, 1, 0
576000, 165147, 0, 0
576001, 195185, 1, 0
577000, 149083, 0, 0
577000, 188323, 1, 0
578000, 153231, 0, 0
578001, 193166, 1, 0
579000, 109054, 0, 0
579000, 167885, 1, 0
580000, 150131, 0, 0
580000, 198198, 1, 0
581000, 115452, 0, 0
581000, 167856, 1, 0
582000, 124602, 0, 0
582000, 185089, 1, 0
583000, 107408, 0, 0
583000, 178670, 1, 0
584000, 145880, 0, 0
584000, 188047, 1, 0
585000, 151058, 0, 0
585000, 178172, 1, 0
586000, 176535, 1, 0
586000, 150731, 0, 0
587000, 126830, 0, 0
587000, 166655, 1, 0
588000, 188932, 1, 0
588000, 165719, 0, 0
589000, 203244, 1, 0
589000, 189871, 0, 0
590000, 134545, 0, 0
590000, 180199, 1, 0
591000, 181424, 1, 0
591000, 122696, 0, 0
592000, 158647, 0, 0
592001, 197147, 1, 0
593000, 168364, 0, 0
593000, 190893, 1, 0
594000, 192024, 1, 0
594000, 175618, 0, 0
595000, 127700, 0, 0
595000, 172432, 1, 0
596000, 170744, 0, 0
596000, 196437, 1, 0
597000, 163432, 0, 0
597001, 187264, 1, 0
598000, 165564, 0, 0
598000, 195362, 1, 0
599000, 143864, 0, 0
599001, 177716, 1, 0
600000, 174568, 0, 0
600000, 193724, 1, 0
601000, 140927, 0, 0
601000, 174962, 1, 0
602000, 194736, 1, 0
602000, 148731, 0, 0
603000, 106553, 0, 0
603002, 137075, 1, 0
604000, 49104, 1, 0
604000, 48693, 0, 0
605000, 127580, 0, 0
605000, 187455, 1, 0
606000, 125734, 1, 0
606000, 98158, 0, 0
607000, 183512, 1, 0
607000, 118506, 0, 0
608000, 145691, 0, 0
608000, 198029, 1, 0
609000, 173662, 1, 0
609000, 119256, 0, 0
610000, 139540, 0, 0
610002, 192233, 1, 0
611000, 106846, 0, 0
611000, 137442, 1, 0
612000, 76953, 0, 0
612000, 98638, 1, 0
613000, 114094, 1, 0
613000, 93055, 0, 0
614000, 150198, 0, 0
614000, 192197, 1, 0
615000, 143322, 0, 0
615000, 191532, 1, 0
616000, 154497, 0, 0
616001, 196494, 1, 0
617000, 144731, 0, 0
617000, 196763, 1, 0
618000, 146573, 0, 0
618000, 199805, 1, 0
619000, 52434, 0, 0
619001, 65597, 1, 0
620000, 200796, 1, 0
620000, 154369, 0, 0
621000, 153131, 0, 0
621000, 190976, 1, 0
622000, 197765, 1, 0
622000, 142729, 0, 0
623000, 142667, 0, 0
623000, 190127, 1, 0
624000, 197413, 1, 0
624000, 156700, 0, 0
625000, 154565, 0, 0
625001, 204738, 1, 0
626000, 179894, 1, 0
626000, 129561, 0, 0
627000, 97507, 0, 0
627000, 135691, 1, 0
628000, 96860, 0, 0
628000, 126314, 1, 0
629000, 151363, 0, 0
629000, 200572, 1, 0
630000, 200168, 1, 0
630000, 152496, 0, 0
631000, 143290, 0, 0
631000, 193216, 1, 0
632000, 195302, 1, 0
632000, 150387, 0, 0
633000, 157695, 0, 0
633000, 202330, 1, 0
634000, 163267, 0, 0
634000, 191668, 1, 0
635000, 139820, 0, 0
635000, 121696, 1, 0
636000, 170180, 1, 0
636000, 141684, 0, 0
637000, 153676, 0, 0
637001, 180812, 1, 0
638000, 183435, 1, 0
638000, 159128, 0, 0
639000, 154359, 0, 0
639001, 183433, 1, 0
640000, 210450, 1, 0
640000, 200007, 0, 0
641000, 189363, 0, 0
641003, 195375, 1, 0
642000, 202442, 0, 0
642002, 202708, 1, 0
643000, 143618, 0, 0
643000, 121026, 1, 0
644000, 74195, 1, 0
644000, 124910, 0, 0
645000, 198024, 0, 0
645000, 210606, 1, 0
646000, 195397, 0, 0
646000, 208613, 1, 0
647000, 173425, 1, 0
647000, 155273, 0, 0
648000, 162881, 0, 0
648000, 149964, 1, 0
649000, 166195, 0, 0
649003, 190002, 1, 0
650000, 202123, 1, 0
650000, 177955, 0, 0
651000, 190108, 1, 0
651000, 140290, 0, 0
652000, 188708, 1, 0
652000, 178910, 0, 0
653000, 177630, 1, 0
653000, 155437, 0, 0
654000, 196178, 0, 0
654000, 204660, 1, 0
655000, 172158, 0, 0
655000, 189985, 1, 0
656000, 198428, 1, 0
656000, 176291, 0, 0
657000, 200353, 0, 0
657000, 206036, 1, 0
658000, 197240, 0, 0
658000, 207082, 1, 0
659000, 162810, 0, 0
659000, 188983, 1, 0
660000, 170050, 0, 0
660000, 192526, 1, 0
661000, 191872, 0, 0
661000, 202378, 1, 0
662000, 207757, 1, 0
662000, 194504, 0, 0
663000, 169539, 0, 0
663000, 190773, 1, 0
664000, 180069, 0, 0
664000, 199063, 1, 0
665000, 205491, 1, 0
665000, 193218, 0, 0
666000, 201642, 0, 0
666001, 209976, 1, 0
667000, 165521, 0, 0
667000, 186570, 1, 0
668000, 198549, 0, 0
668000, 209397, 1, 0
669000, 205675, 1, 0
669000, 196348, 0, 0
670000, 202633, 1, 0
670000, 190135, 0, 0
671000, 182057, 1, 0
671000, 162868, 0, 0
672000, 175334, 0, 0
672000, 193751, 1, 0
673000, 209750, 1, 0
673000, 195810, 0, 0
674000, 199707, 0, 0
674000, 208001, 1, 0
675000, 140092, 0, 0
675002, 126880, 1, 0
676000, 165627, 0, 0
676000, 150029, 1, 0
677000, 122773, 0, 0
677000, 76634, 1, 0
678000, 125788, 0, 0
678000, 93225, 1, 0
679000, 141173, 0, 0
679000, 170871, 1, 0
680000, 187316, 0, 0
680000, 199516, 1, 0
681000, 199497, 0, 0
681002, 207467, 1, 0
682000, 195383, 0, 0
682000, 206015, 1, 0
683000, 168095, 0, 0
683000, 194248, 1, 0
684000, 198134, 1, 0
684000, 179803, 0, 0
685000, 158092, 0, 0
685000, 186789, 1, 0
686000, 197745, 0, 0
686000, 206252, 1, 0
687000, 161081, 0, 0
687000, 186997, 1, 0
688000, 194778, 0, 0
688000, 204624, 1, 0
689000, 198632, 0, 0
689000, 203043, 1, 0
690000, 205846, 1, 0
690000, 199776, 0, 0
691000, 146541, 0, 0
691000, 177581, 1, 0
692000, 198577, 1, 0
692000, 194959, 0, 0
693000, 136270, 0, 0
693000, 153613, 1, 0
694000, 182474, 1, 0
694000, 158028, 0, 0
695000, 174531, 1, 0
695000, 154538, 0, 0
696000, 191986, 0, 0
696000, 204664, 1, 0
697000, 193530, 0, 0
697000, 203256, 1, 0
698000, 198384, 0, 0
698001, 207231, 1, 0
699000, 171702, 0, 0
699000, 193613, 1, 0
700000, 142006, 1, 0
700000, 145867, 0, 0
701000, 152794, 0, 0
701001, 185240, 1, 0
702000, 196531, 0, 0
702000, 205891, 1, 0
703000, 190870, 1, 0
703000, 168688, 0, 0
704000, 196913, 1, 0
704000, 173154, 0, 0
705000, 187573, 0, 0
705000, 201171, 1, 0
706000, 164451, 1, 0
706000, 150146, 0, 0
707000, 122147, 0, 0
707000, 85166, 1, 0
708000, 204808, 1, 0
708000, 196676, 0, 0
709000, 201618, 0, 0
709001, 202930, 1, 0
710000, 193812, 0, 0
710000, 196907, 1, 0
711000, 147199, 0, 0
711000, 176974, 1, 0
712000, 195881, 1, 0
712000, 173103, 0, 0
713000, 142042, 0, 0
713001, 141014, 1, 0
714000, 199963, 0, 0
714000, 205787, 1, 0
715000, 137965, 0, 0
715000, 172124, 1, 0
716000, 195274, 1, 0
716000, 195594, 0, 0
717000, 199339, 0, 0
717000, 204438, 1, 0
718000, 198886, 0, 0
718001, 209003, 1, 0
719000, 180564, 1, 0
719000, 157630, 0, 0
720000, 185429, 0, 0
720000, 198015, 1, 0
721000, 194186, 0, 0
721001, 197595, 1, 0
722000, 192253, 0, 0
722000, 197028, 1, 0
723000, 180727, 1, 0
723000, 153362, 0, 0
724000, 168222, 0, 0
724000, 191377, 1, 0
725000, 154059, 0, 0
725001, 181840, 1, 0
726000, 197819, 0, 0
726000, 202399, 1, 0
727000, 155819, 0, 0
727000, 178852, 1, 0
728000, 159215, 1, 0
728000, 127325, 0, 0
729000, 178175, 1, 0
729000, 155915, 0, 0
730000, 197272, 0, 0
730001, 199744, 1, 0
731000, 141830, 0, 0
731001, 172768, 1, 0
732000, 185242, 1, 0
732000, 164539, 0, 0
733000, 183366, 1, 0
733000, 163078, 0, 0
734000, 193383, 0, 0
734000, 198156, 1, 0
735000, 158288, 0, 0
735000, 185644, 1, 0
736000, 179018, 0, 0
736000, 191464, 1, 0
737000, 172042, 0, 0
737001, 190650, 1, 0
738000, 174983, 0, 0
738000, 184551, 1, 0
739000, 176684, 1, 0
739000, 151173, 0, 0
740000, 181251, 0, 0
740001, 193387, 1, 0
741000, 183641, 0, 0
741000, 171368, 1, 0
742000, 143619, 1, 0
742000, 165913, 0, 0
743000, 137405, 0, 0
743000, 167480, 1, 0
744000, 171513, 0, 0
744000, 192173, 1, 0
745000, 186498, 0, 0
745001, 194342, 1, 0
746000, 186424, 0, 0
746000, 200473, 1, 0
747000, 168458, 0, 0
747000, 161182, 1, 0
748000, 168267, 0, 0
748000, 151691, 1, 0
749000, 200526, 0, 0
749000, 207957, 1, 0
750000, 197695, 0, 0
750001, 193006, 1, 0
751000, 169557, 1, 0
751000, 141271, 0, 0
752000, 166674, 1, 0
752000, 137987, 0, 0
753000, 195795, 1, 0
753000, 187813, 0, 0
754000, 197507, 0, 0
754001, 199971, 1, 0
755000, 152212, 0, 0
755000, 169237, 1, 0
756000, 184248, 0, 0
756000, 200543, 1, 0
757000, 204221, 1, 0
757000, 160077, 0, 0
758000, 200741, 1, 0
758000, 167280, 0, 0
759000, 164554, 0, 0
759000, 183419, 1, 0
760000, 140211, 0, 0
760000, 137667, 1, 0
761000, 206880, 1, 0
761000, 198802, 0, 0
762000, 196907, 0, 0
762000, 205244, 1, 0
763000, 175222, 0, 0
763001, 190027, 1, 0
764000, 191712, 1, 0
764000, 167665, 0, 0
765000, 188580, 0, 0
765000, 201418, 1, 0
766000, 190408, 0, 0
766000, 197567, 1, 0
767000, 178919, 1, 0
767000, 159869, 0, 0
768000, 198122, 0, 0
768000, 201289, 1, 0
769000, 201425, 0, 0
769001, 199600, 1, 0
770000, 174410, 0, 0
770000, 191148, 1, 0
771000, 190932, 1, 0
771000, 168276, 0, 0
772000, 175166, 0, 0
772000, 197881, 1, 0
773000, 155383, 0, 0
773000, 134156, 1, 0
774000, 158855, 0, 0
774000, 129313, 1, 0
775000, 178214, 0, 0
775000, 192695, 1, 0
776000, 176491, 0, 0
776000, 196239, 1, 0
777000, 158507, 0, 0
777000, 179583, 1, 0
778000, 192507, 0, 0
778001, 194088, 1, 0
779000, 157269, 0, 0
779000, 180502, 1, 0
780000, 172584, 1, 0
780000, 170296, 0, 0
781000, 200998, 1, 0
781000, 197688, 0, 0
782000, 195214, 1, 0
782000, 182551, 0, 0
783000, 178761, 1, 0
783000, 132594, 0, 0
784000, 85646, 0, 0
784000, 104510, 1, 0
785000, 98674, 0, 0
785000, 116733, 1, 0
786000, 161782, 0, 0
786000, 204372, 1, 0
787000, 198078, 1, 0
787000, 142766, 0, 0
788000, 125550, 0, 0
788000, 164637, 1, 0
789000, 146148, 0, 0
789000, 195985, 1, 0
790000, 132667, 0, 0
790000, 178333, 1, 0
791000, 73189, 0, 0
791000, 89410, 1, 0
792000, 158825, 0, 0
792000, 202022, 1, 0
793000, 163088, 0, 0
793000, 203105, 1, 0
794000, 182598, 1, 0
794000, 136001, 0, 0
795000, 106358, 0, 0
795000, 157507, 1, 0
796000, 151090, 0, 0
796001, 198528, 1, 0
797000, 159901, 0, 0
797000, 202079, 1, 0
798000, 152706, 0, 0
798001, 197565, 1, 0
799000, 192544, 1, 0
799000, 143590, 0, 0
800000, 140832, 0, 0
800000, 196968, 1, 0
801000, 170119, 1, 0
801000, 122251, 0, 0
802000, 196814, 1, 0
802000, 163058, 0, 0
803000, 99807, 0, 0
803000, 132226, 1, 0
804000, 135737, 0, 0
804000, 174293, 1, 0
805000, 157075, 0, 0
805000, 203495, 1, 0
806000, 160311, 0, 0
806001, 206096, 1, 0
807000, 143781, 0, 0
807000, 197085, 1, 0
808000, 146233, 0, 0
808000, 194661, 1, 0
809000, 129620, 1, 0
809000, 115464, 0, 0
810000, 116004, 0, 0
810000, 66895, 1, 0
811000, 129896, 0, 0
811000, 165173, 1, 0
812000, 188896, 0, 0
812001, 199046, 1, 0
813000, 200847, 0, 0
813000, 205094, 1, 0
814000, 185088, 1, 0
814000, 171611, 0, 0
815000, 172724, 0, 0
815000, 185797, 1, 0
816000, 146452, 0, 0
816000, 145210, 1, 0
817000, 209285, 1, 0
817000, 195641, 0, 0
818000, 195718, 0, 0
818000, 207621, 1, 0
819000, 129606, 0, 0
819000, 179319, 1, 0
820000, 149445, 0, 0
820000, 196292, 1, 0
821000, 149300, 0, 0
821000, 193930, 1, 0
822000, 160692, 0, 0
822000, 204609, 1, 0
823000, 133538, 0, 0
823001, 190035, 1, 0
824000, 159350, 0, 0
824000, 205781, 1, 0
825000, 153024, 0, 0
825000, 199723, 1, 0
826000, 161979, 0, 0
826001, 200055, 1, 0
827000, 135373, 0, 0
827000, 190079, 1, 0
828000, 159455, 0, 0
828000, 203144, 1, 0
829000, 153509, 0, 0
829000, 194852, 1, 0
830000, 158425, 0, 0
830000, 203236, 1, 0
831000, 149254, 0, 0
831001, 200530, 1, 0
832000, 197627, 1, 0
832000, 146959, 0, 0
833000, 91656, 0, 0
833000, 116259, 1, 0
834000, 153517, 0, 0
834000, 201198, 1, 0
835000, 193056, 1, 0
835000, 142699, 0, 0
836000, 138765, 0, 0
836000, 189360, 1, 0
837000, 199386, 1, 0
837000, 153812, 0, 0
838000, 200499, 1, 0
838000, 157226, 0, 0
839000, 132532, 0, 0
839000, 178203, 1, 0
840000, 193250, 1, 0
840000, 143987, 0, 0
841000, 142279, 0, 0
841000, 193983, 1, 0
842000, 175074, 1, 0
842000, 130771, 0, 0
843000, 132759, 0, 0
843000, 160718, 1, 0
844000, 159264, 0, 0
844002, 140124, 1, 0
845000, 167599, 0, 0
845000, 189941, 1, 0
846000, 185194, 0, 0
846000, 203717, 1, 0
847000, 149784, 0, 0
847002, 170750, 1, 0
848000, 201365, 1, 0
848000, 189430, 0, 0
849000, 86352, 1, 0
849000, 127556, 0, 0
850000, 205632, 1, 0
850000, 198185, 0, 0
851000, 131474, 1, 0
851000, 128639, 0, 0
852000, 168282, 1, 0
852000, 140120, 0, 0
853000, 139464, 1, 0
853000, 164251, 0, 0
854000, 149514, 0, 0
854000, 175849, 1, 0
855000, 172606, 0, 0
855000, 190999, 1, 0
856000, 182595, 0, 0
856000, 194000, 1, 0
857000, 200748, 0, 0
857000, 205604, 1, 0
858000, 210011, 1, 0
858000, 201033, 0, 0
859000, 173407, 1, 0
859000, 148947, 0, 0
860000, 175767, 1, 0
860000, 153722, 0, 0
861000, 152126, 0, 0
861000, 171496, 1, 0
862000, 145183, 0, 0
862000, 173458, 1, 0
863000, 164888, 0, 0
863000, 186145, 1, 0
864000, 185054, 0, 0
864000, 196072, 1, 0
865000, 200794, 1, 0
865000, 196336, 0, 0
866000, 201620, 1, 0
866000, 192461, 0, 0
867000, 126506, 0, 0
867000, 157593, 1, 0
868000, 155889, 0, 0
868000, 207421, 1, 0
869000, 165519, 0, 0
869000, 206941, 1, 0
870000, 207974, 1, 0
870000, 159193, 0, 0
871000, 142203, 0, 0
871000, 188518, 1, 0
872000, 189454, 1, 0
872000, 131755, 0, 0
873000, 116137, 0, 0
873000, 159444, 1, 0
874000, 131818, 0, 0
874000, 179776, 1, 0
875000, 196155, 1, 0
875000, 143373, 0, 0
876000, 137478, 1, 0
876000, 101782, 0, 0
877000, 195229, 1, 0
877000, 157003, 0, 0
878000, 179634, 1, 0
878000, 150851, 0, 0
879000, 136610, 0, 0
879001, 186342, 1, 0
880000, 154998, 0, 0
880001, 189042, 1, 0
881000, 158288, 0, 0
881000, 200210, 1, 0
882000, 163418, 0, 0
882000, 205720, 1, 0
883000, 88700, 0, 0
883001, 123623, 1, 0
884000, 187380, 1, 0
884000, 152651, 0, 0
885000, 143809, 0, 0
885001, 178915, 1, 0
886000, 207109, 1, 0
886000, 198553, 0, 0
887000, 161193, 0, 0
887000, 190194, 1, 0
888000, 139087, 0, 0
888001, 148240, 1, 0
889000, 129740, 0, 0
889000, 90652, 1, 0
890000, 110011, 0, 0
890000, 54452, 1, 0
891000, 75357, 1, 0
891000, 105763, 0, 0
892000, 188490, 1, 0
892000, 172706, 0, 0
893000, 173397, 1, 0
893000, 150010, 0, 0
894000, 200235, 0, 0
894000, 202372, 1, 0
895000, 178972, 0, 0
895001, 192101, 1, 0
896000, 194199, 1, 0
896000, 158948, 0, 0
897000, 183124, 1, 0
897000, 141314, 0, 0
898000, 152714, 0, 0
898000, 198029, 1, 0
899000, 129659, 0, 0
899000, 182740, 1, 0
900000, 192929, 1, 0
900000, 155175, 0, 0
901000, 149161, 0, 0
901000, 191450, 1, 0
902000, 143601, 0, 0
902000, 187302, 1, 0
903000, 121920, 0, 0
903001, 180224, 1, 0
904000, 201628, 1, 0
904000, 156230, 0, 0
905000, 72041, 0, 0
905001, 86116, 1, 0
906000, 200001, 1, 0
906000, 183842, 0, 0
907000, 167445, 0, 0
907001, 180559, 1, 0
908000, 175402, 0, 0
908001, 184849, 1, 0
909000, 65360, 1, 0
909000, 118269, 0, 0
910000, 149701, 0, 0
910000, 139540, 1, 0
911000, 155687, 0, 0
911000, 182750, 1, 0
912000, 198809, 1, 0
912000, 200618, 0, 0
913000, 200175, 0, 0
913001, 200901, 1, 0
914000, 127390, 0, 0
914002, 82091, 1, 0
915000, 169584, 0, 0
915000, 189833, 1, 0
916000, 176219, 0, 0
916003, 194105, 1, 0
917000, 189264, 0, 0
917000, 203682, 1, 0
918000, 193613, 1, 0
918000, 179083, 0, 0
919000, 173180, 0, 0
919000, 184783, 1, 0
920000, 178917, 1, 0
920000, 161683, 0, 0
921000, 176064, 0, 0
921000, 189172, 1, 0
922000, 209535, 1, 0
922000, 197878, 0, 0
923000, 151918, 0, 0
923000, 181960, 1, 0
924000, 210814, 1, 0
924000, 201884, 0, 0
925000, 181859, 0, 0
925000, 198505, 1, 0
926000, 183002, 1, 0
926001, 158001, 0, 0
927000, 165473, 1, 0
927000, 173296, 0, 0
928000, 91653, 1, 0
928000, 114009, 0, 0
929000, 199237, 0, 0
929000, 203379, 1, 0
930000, 156763, 0, 0
930000, 178391, 1, 0
931000, 175280, 0, 0
931000, 180133, 1, 0
932000, 154151, 0, 0
932001, 180045, 1, 0
933000, 99383, 0, 0
933000, 56476, 1, 0
934000, 178618, 0, 0
934000, 192317, 1, 0
935000, 158759, 0, 0
935001, 181009, 1, 0
936000, 191590, 0, 0
936000, 199790, 1, 0
937000, 185455, 1, 0
937000, 163505, 0, 0
938000, 161136, 0, 0
938000, 184426, 1, 0
939000, 135992, 0, 0
939000, 165653, 1, 0
940000, 183541, 1, 0
940000, 162028, 0, 0
941000, 198976, 0, 0
941000, 201137, 1, 0
942000, 195600, 0, 0
942000, 200702, 1, 0
943000, 178434, 1, 0
943000, 166070, 0, 0
944000, 189667, 0, 0
944000, 201285, 1, 0
945000, 199844, 0, 0
945000, 207617, 1, 0
946000, 205706, 1, 0
946000, 200861, 0, 0
947000, 114303, 0, 0
947000, 59416, 1, 0
948000, 181648, 0, 0
948001, 196804, 1, 0
949000, 191196, 0, 0
949000, 199248, 1, 0
950000, 185738, 1, 0
950000, 163015, 0, 0
951000, 158731, 0, 0
951000, 180183, 1, 0
952000, 183740, 1, 0
952000, 163254, 0, 0
953000, 205361, 1, 0
953000, 194307, 0, 0
954000, 200646, 0, 0
954000, 202790, 1, 0
955000, 152972, 1, 0
955000, 135882, 0, 0
956000, 179320, 0, 0
956001, 189934, 1, 0
957000, 198743, 0, 0
957001, 200980, 1, 0
958000, 134984, 0, 0
958000, 155234, 1, 0
959000, 164590, 1, 0
959000, 127081, 0, 0
960000, 126618, 0, 0
960000, 78018, 1, 0
961000, 138262, 0, 0
961000, 115499, 1, 0
962000, 197222, 0, 0
962000, 201396, 1, 0
963000, 162878, 0, 0
963000, 189647, 1, 0
964000, 178717, 0, 0
964000, 197212, 1, 0
965000, 198925, 0, 0
965000, 207820, 1, 0
966000, 203296, 1, 0
966000, 194915, 0, 0
967000, 180668, 1, 0
967000, 159613, 0, 0
968000, 197482, 1, 0
968000, 183093, 0, 0
969000, 199204, 0, 0
969001, 204321, 1, 0
970000, 175294, 0, 0
970000, 190151, 1, 0
971000, 160594, 0, 0
971000, 182452, 1, 0
972000, 176468, 0, 0
972000, 191933, 1, 0
973000, 152472, 0, 0
973000, 174937, 1, 0
974000, 197112, 0, 0
974000, 203406, 1, 0
975000, 168590, 0, 0
975000, 186908, 1, 0
976000, 194717, 1, 0
976000, 175385, 0, 0
977000, 141829, 0, 0
977000, 113366, 1, 0
978000, 144587, 0, 0
978001, 114644, 1, 0
979000, 163142, 0, 0
979001, 184910, 1, 0
980000, 196450, 1, 0
980000, 186393, 0, 0
981000, 184680, 1, 0
981000, 164105, 0, 0
982000, 180691, 0, 0
982000, 194888, 1, 0
983000, 165849, 0, 0
983000, 185909, 1, 0
984000, 180676, 0, 0
984001, 193239, 1, 0
985000, 184215, 1, 0
985000, 163653, 0, 0
986000, 131446, 0, 0
986000, 136439, 1, 0
987000, 142014, 0, 0
987000, 150080, 1, 0
988000, 204869, 1, 0
988000, 187602, 0, 0
989000, 148429, 0, 0
989000, 192507, 1, 0
990000, 142787, 0, 0
990000, 182672, 1, 0
991000, 144229, 0, 0
991000, 192086, 1, 0
992000, 152868, 0, 0
992001, 197769, 1, 0
993000, 160852, 0, 0
993000, 200526, 1, 0
994000, 154898, 0, 0
994000, 198102, 1, 0
995000, 127088, 0, 0
995000, 184866, 1, 0
996000, 91680, 0, 0
996000, 107329, 1, 0
997000, 178668, 1, 0
997000, 136260, 0, 0
998000, 184614, 1, 0
998000, 140824, 0, 0
999000, 193934, 1, 0
999000, 147218, 0, 0
1000000, 73718, 0, 0
1000000, 96704, 1, 0
1001000, 85610, 0, 0
1001000, 98554, 1, 0
1002000, 206538, 1, 0
1002000, 159493, 0, 0
1003000, 191448, 1, 0
1003000, 135657, 0, 0
1004000, 151402, 0, 0
1004000, 191938, 1, 0
1005000, 161234, 0, 0
1005001, 204068, 1, 0
1006000, 202794, 1, 0
1006000, 158879, 0, 0
1007000, 121031, 1, 0
1007000, 100325, 0, 0
1008000, 93548, 0, 0
1008001, 110700, 1, 0
1009000, 180376, 1, 0
1009000, 135203, 0, 0
1010000, 122517, 0, 0
1010001, 182745, 1, 0
1011000, 184766, 1, 0
1011000, 128617, 0, 0
1012000, 196973, 1, 0
1012000, 144644, 0, 0
1013000, 129164, 1, 0
1013000, 98542, 0, 0
1014000, 164968, 0, 0
1014000, 206093, 1, 0
1015000, 94025, 0, 0
1015001, 130576, 1, 0
1016000, 144832, 0, 0
1016001, 192012, 1, 0
1017000, 185689, 1, 0
1017000, 149929, 0, 0
1018000, 207038, 1, 0
1018000, 165182, 0, 0
1019000, 75564, 1, 0
1019000, 70061, 0, 0
1020000, 135296, 0, 0
1020000, 183157, 1, 0
1021000, 154435, 0, 0
1021000, 197451, 1, 0
1022000, 161560, 0, 0
1022000, 201606, 1, 0
1023000, 106339, 0, 0
1023000, 145000, 1, 0
1024000, 95523, 0, 0
1024000, 114312, 1, 0
1025000, 144239, 0, 0
1025000, 188710, 1, 0
1026000, 155191, 0, 0
1026002, 205435, 1, 0
1027000, 186623, 1, 0
1027000, 127460, 0, 0
1028000, 194398, 1, 0
1028000, 146366, 0, 0
1029000, 160092, 0, 0
1029000, 200588, 1, 0
1030000, 159256, 0, 0
1030000, 201893, 1, 0
1031000, 131176, 0, 0
1031000, 168701, 1, 0
1032000, 137738, 0, 0
1032000, 182076, 1, 0
1033000, 160028, 0, 0
1033000, 203558, 1, 0
1034000, 132082, 1, 0
1034000, 106663, 0, 0
1035000, 125861, 0, 0
1035000, 185828, 1, 0
1036000, 158255, 0, 0
1036000, 200345, 1, 0
1037000, 203460, 1, 0
1037000, 160318, 0, 0
1038000, 183507, 1, 0
1038000, 130633, 0, 0
1039000, 132736, 0, 0
1039000, 188866, 1, 0
1040000, 194396, 1, 0
1040000, 144671, 0, 0
1041000, 155105, 1, 0
1041000, 113191, 0, 0
1042000, 198779, 1, 0
1042000, 152364, 0, 0
1043000, 123256, 0, 0
1043000, 175689, 1, 0
1044000, 188918, 1, 0
1044000, 148024, 0, 0
1045000, 161656, 0, 0
1045000, 182172, 1, 0
1046000, 184106, 1, 0
1046000, 167619, 0, 0
1047000, 189145, 1, 0
1047000, 163250, 0, 0
1048000, 168927, 0, 0
1048001, 191772, 1, 0
1049000, 116315, 0, 0
1049000, 72210, 1, 0
1050000, 101601, 0, 0
1050000, 41245, 1, 0
1051000, 156975, 0, 0
1051000, 183187, 1, 0
1052000, 195234, 1, 0
1052000, 182014, 0, 0
1053000, 148169, 0, 0
1053001, 174135, 1, 0
1054000, 155321, 0, 0
1054000, 183255, 1, 0
1055000, 120013, 0, 0
1055000, 58983, 1, 0
1056000, 106364, 0, 0
1056002, 40386, 1, 0
1057000, 114583, 1, 0
1057000, 141750, 0, 0
1058000, 201259, 0, 0
1058000, 207781, 1, 0
1059000, 153751, 0, 0
1059000, 174857, 1, 0
1060000, 75048, 1, 0
1060000, 120743, 0, 0
1061000, 197466, 0, 0
1061001, 200827, 1, 0
1062000, 188401, 0, 0
1062000, 198974, 1, 0
1063000, 183010, 1, 0
1063000, 161198, 0, 0
1064000, 160541, 0, 0
1064000, 180228, 1, 0
1065000, 192250, 1, 0
1065000, 177468, 0, 0
1066000, 173008, 1, 0
1066000, 147155, 0, 0
1067000, 131626, 0, 0
1067000, 166182, 1, 0
1068000, 196267, 0, 0
1068000, 193680, 1, 0
1069000, 199460, 0, 0
1069001, 208606, 1, 0
1070000, 150498, 1, 0
1070000, 167612, 0, 0
1071000, 183148, 1, 0
1071000, 160335, 0, 0
1072000, 161574, 0, 0
1072000, 187451, 1, 0
1073000, 188810, 0, 0
1073001, 198543, 1, 0
1074000, 182715, 0, 0
1074000, 194247, 1, 0
1075000, 149301, 0, 0
1075001, 178675, 1, 0
1076000, 181276, 1, 0
1076000, 151952, 0, 0
1077000, 198980, 0, 0
1077000, 205671, 1, 0
1078000, 183306, 0, 0
1078000, 193069, 1, 0
1079000, 179338, 0, 0
1079000, 190546, 1, 0
1080000, 182405, 0, 0
1080001, 195470, 1, 0
1081000, 180928, 0, 0
1081001, 194723, 1, 0
1082000, 196830, 1, 0
1082000, 183275, 0, 0
1083000, 171318, 0, 0
1083000, 191866, 1, 0
1084000, 193416, 1, 0
1084000, 172594, 0, 0
1085000, 200025, 1, 0
1085000, 182967, 0, 0
1086000, 102437, 0, 0
1086000, 71437, 1, 0
1087000, 128441, 0, 0
1087000, 120706, 1, 0
1088000, 171804, 0, 0
1088000, 192128, 1, 0
1089000, 181934, 0, 0
1089000, 190192, 1, 0
1090000, 152484, 0, 0
1090000, 173072, 1, 0
1091000, 159870, 0, 0
1091000, 184406, 1, 0
1092000, 153765, 0, 0
1092001, 176253, 1, 0
1093000, 197962, 0, 0
1093000, 203500, 1, 0
1094000, 170639, 0, 0
1094000, 190573, 1, 0
1095000, 152362, 0, 0
1095000, 172130, 1, 0
1096000, 207132, 1, 0
1096000, 197300, 0, 0
1097000, 183408, 0, 0
1097000, 201133, 1, 0
1098000, 161761, 0, 0
1098000, 186159, 1, 0
1099000, 182469, 1, 0
1099000, 160428, 0, 0
1100000, 193325, 0, 0
1100000, 209087, 1, 0
1101000, 200501, 1, 0
1101000, 183052, 0, 0
1102000, 165902, 0, 0
1102001, 187975, 1, 0
1103000, 130354, 0, 0
1103000, 71268, 1, 0
1104000, 140726, 0, 0
1104001, 124077, 1, 0
1105000, 192777, 0, 0
1105000, 206260, 1, 0
1106000, 192956, 0, 0
1106001, 205877, 1, 0
1107000, 137201, 0, 0
1107000, 104158, 1, 0
1108000, 140342, 1, 0
1108000, 160639, 0, 0
1109000, 195274, 0, 0
1109000, 201450, 1, 0
1110000, 170722, 0, 0
1110000, 193619, 1, 0
1111000, 118174, 0, 0
1111000, 71387, 1, 0
1112000, 120339, 0, 0
1112001, 71388, 1, 0
1113000, 198914, 0, 0
1113000, 202158, 1, 0
1114000, 147786, 0, 0
1114000, 134765, 1, 0
1115000, 193569, 0, 0
1115000, 200960, 1, 0
1116000, 199793, 0, 0
1116000, 210104, 1, 0
1117000, 183578, 0, 0
1117000, 204134, 1, 0
1118000, 180395, 1, 0
1118000, 141567, 0, 0
1119000, 154376, 0, 0
1119000, 185525, 1, 0
1120000, 194426, 0, 0
1120000, 208995, 1, 0
1121000, 160514, 0, 0
1121001, 195745, 1, 0
1122000, 143348, 0, 0
1122000, 185459, 1, 0
1123000, 129336, 0, 0
1123000, 185408, 1, 0
1124000, 133886, 0, 0
1124000, 186953, 1, 0
1125000, 59172, 0, 0
1125000, 67915, 1, 0
1126000, 170177, 1, 0
1126000, 119562, 0, 0
1127000, 121778, 0, 0
1127000, 181101, 1, 0
1128000, 205878, 1, 0
1128000, 157160, 0, 0
1129000, 152115, 0, 0
1129000, 199071, 1, 0
1130000, 194653, 1, 0
1130000, 140253, 0, 0
1131000, 145079, 0, 0
1131000, 194952, 1, 0
1132000, 192207, 1, 0
1132000, 145525, 0, 0
1133000, 159128, 0, 0
1133000, 201356, 1, 0
1134000, 74651, 0, 0
1134000, 93853, 1, 0
1135000, 112049, 0, 0
1135000, 152395, 1, 0
1136000, 156201, 1, 0
1136000, 115680, 0, 0
1137000, 162559, 0, 0
1137000, 202718, 1, 0
1138000, 203140, 1, 0
1138000, 156326, 0, 0
1139000, 128011, 0, 0
1139000, 182915, 1, 0
1140000, 157125, 0, 0
1140000, 201359, 1, 0
1141000, 161592, 0, 0
1141000, 206580, 1, 0
1142000, 163638, 0, 0
1142000, 202488, 1, 0
1143000, 125432, 0, 0
1143000, 184022, 1, 0
1144000, 153874, 0, 0
1144000, 194530, 1, 0
1145000, 160535, 0, 0
1145000, 197191, 1, 0
1146000, 146286, 0, 0
1146000, 197321, 1, 0
1147000, 125261, 0, 0
1147001, 185126, 1, 0
1148000, 152776, 1, 0
1148000, 119405, 0, 0
1149000, 132258, 1, 0
1149000, 109441, 0, 0
1150000, 120538, 0, 0
1150000, 160603, 1, 0
1151000, 163938, 1, 0
1151000, 136785, 0, 0
1152000, 176172, 0, 0
1152000, 206103, 1, 0
1153000, 202530, 0, 0
1153000, 205067, 1, 0
1154000, 202683, 1, 0
1154000, 194010, 0, 0
1155000, 167807, 0, 0
1155000, 186884, 1, 0
1156000, 185740, 1, 0
1156000, 169496, 0, 0
1157000, 202030, 0, 0
1157000, 208194, 1, 0
1158000, 182084, 0, 0
1158000, 179923, 1, 0
1159000, 188985, 1, 0
1159000, 171507, 0, 0
1160000, 150728, 0, 0
1160000, 177274, 1, 0
1161000, 173558, 0, 0
1161000, 181439, 1, 0
1162000, 171014, 0, 0
1162000, 179235, 1, 0
1163000, 181226, 1, 0
1163000, 153015, 0, 0
1164000, 196458, 0, 0
1164000, 206647, 1, 0
1165000, 195347, 0, 0
1165000, 205782, 1, 0
1166000, 169757, 0, 0
1166000, 163525, 1, 0
1167000, 158939, 0, 0
1167001, 182897, 1, 0
1168000, 194216, 0, 0
1168001, 199750, 1, 0
1169000, 199257, 0, 0
1169000, 210420, 1, 0
1170000, 186223, 0, 0
1170000, 202094, 1, 0
1171000, 162804, 0, 0
1171000, 187767, 1, 0
1172000, 180695, 0, 0
1172001, 197702, 1, 0
1173000, 200093, 0, 0
1173000, 201684, 1, 0
1174000, 76098, 1, 0
1174000, 122798, 0, 0
1175000, 171466, 1, 0
1175000, 143421, 0, 0
1176000, 198767, 1, 0
1176000, 197050, 0, 0
1177000, 204134, 1, 0
1177000, 194234, 0, 0
1178000, 156032, 0, 0
1178001, 184111, 1, 0
1179000, 191766, 1, 0
1179000, 167403, 0, 0
1180000, 197960, 1, 0
1180000, 186192, 0, 0
1181000, 207928, 1, 0
1181000, 199011, 0, 0
1182000, 187083, 1, 0
1182000, 162290, 0, 0
1183000, 159228, 1, 0
1183000, 135371, 0, 0
1184000, 161343, 0, 0
1184000, 182939, 1, 0
1185000, 201468, 0, 0
1185000, 203227, 1, 0
1186000, 198383, 1, 0
1186000, 197747, 0, 0
1187000, 177290, 0, 0
1187000, 197522, 1, 0
1188000, 169519, 0, 0
1188000, 188898, 1, 0
1189000, 201084, 1, 0
1189000, 195561, 0, 0
1190000, 196301, 0, 0
1190000, 203076, 1, 0
1191000, 117518, 0, 0
1191000, 64010, 1, 0
1192000, 66315, 1, 0
1192000, 118374, 0, 0
1193000, 160344, 0, 0
1193000, 160635, 1, 0
1194000, 195666, 0, 0
1194000, 201857, 1, 0
1195000, 151269, 0, 0
1195000, 177152, 1, 0
1196000, 199243, 0, 0
1196001, 207660, 1, 0
1197000, 204805, 1, 0
1197000, 194448, 0, 0
1198000, 129537, 0, 0
1198000, 167087, 1, 0
1199000, 164706, 1, 0
1199000, 134404, 0, 0
1200000, 188469, 1, 0
1200000, 144061, 0, 0
